<?xml version="1.0" encoding="UTF-8"?>
<testsuite xmlns:xsi="http://www.w3.org/2001/XMLSchema-instance" xsi:noNamespaceSchemaLocation="https://maven.apache.org/surefire/maven-surefire-plugin/xsd/surefire-test-report-3.0.xsd" version="3.0" name="TestRunner.Run" time="35.639" tests="3" errors="0" skipped="0" failures="0">
  <properties>
    <property name="java.specification.version" value="17"/>
    <property name="webdriver.chrome.driver" value="C:\Users\CSCSPV868\.cache\selenium\chromedriver\win64\134.0.6998.165\chromedriver.exe"/>
    <property name="sun.cpu.isalist" value="amd64"/>
    <property name="sun.jnu.encoding" value="Cp1252"/>
    <property name="java.class.path" value="C:\Users\CSCSPV868\eclipse-workspace\CS_AutomationFramework\BDDCucumberJavaProject\target\test-classes;C:\Users\CSCSPV868\eclipse-workspace\CS_AutomationFramework\BDDCucumberJavaProject\target\classes;C:\Users\CSCSPV868\.m2\repository\junit\junit\4.13.2\junit-4.13.2.jar;C:\Users\CSCSPV868\.m2\repository\org\testng\testng\7.3.0\testng-7.3.0.jar;C:\Users\CSCSPV868\.m2\repository\com\beust\jcommander\1.78\jcommander-1.78.jar;C:\Users\CSCSPV868\.m2\repository\org\apache\ant\ant\1.10.3\ant-1.10.3.jar;C:\Users\CSCSPV868\.m2\repository\org\apache\ant\ant-launcher\1.10.3\ant-launcher-1.10.3.jar;C:\Users\CSCSPV868\.m2\repository\com\google\inject\guice\4.2.2\guice-4.2.2-no_aop.jar;C:\Users\CSCSPV868\.m2\repository\javax\inject\javax.inject\1\javax.inject-1.jar;C:\Users\CSCSPV868\.m2\repository\aopalliance\aopalliance\1.0\aopalliance-1.0.jar;C:\Users\CSCSPV868\.m2\repository\org\yaml\snakeyaml\1.21\snakeyaml-1.21.jar;C:\Users\CSCSPV868\.m2\repository\io\cucumber\cucumber-html\0.2.7\cucumber-html-0.2.7.jar;C:\Users\CSCSPV868\.m2\repository\net\sourceforge\cobertura\cobertura\2.1.1\cobertura-2.1.1.jar;C:\Users\CSCSPV868\.m2\repository\org\ow2\asm\asm\5.0.1\asm-5.0.1.jar;C:\Users\CSCSPV868\.m2\repository\org\ow2\asm\asm-tree\5.0.1\asm-tree-5.0.1.jar;C:\Users\CSCSPV868\.m2\repository\org\ow2\asm\asm-commons\5.0.1\asm-commons-5.0.1.jar;C:\Users\CSCSPV868\.m2\repository\org\ow2\asm\asm-util\5.0.1\asm-util-5.0.1.jar;C:\Users\CSCSPV868\.m2\repository\org\ow2\asm\asm-analysis\5.0.1\asm-analysis-5.0.1.jar;C:\Users\CSCSPV868\.m2\repository\oro\oro\2.0.8\oro-2.0.8.jar;C:\Users\CSCSPV868\.m2\repository\jaxen\jaxen\1.1.4\jaxen-1.1.4.jar;C:\Users\CSCSPV868\.m2\repository\org\apache\ant\ant-junit\1.8.3\ant-junit-1.8.3.jar;C:\Users\CSCSPV868\.m2\repository\org\mortbay\jetty\servlet-api-2.5\6.1.14\servlet-api-2.5-6.1.14.jar;C:\Users\CSCSPV868\.m2\repository\org\mortbay\jetty\jetty\6.1.14\jetty-6.1.14.jar;C:\Users\CSCSPV868\.m2\repository\org\mortbay\jetty\jetty-util\6.1.14\jetty-util-6.1.14.jar;C:\Users\CSCSPV868\.m2\repository\org\slf4j\slf4j-api\1.7.5\slf4j-api-1.7.5.jar;C:\Users\CSCSPV868\.m2\repository\ch\qos\logback\logback-classic\1.0.13\logback-classic-1.0.13.jar;C:\Users\CSCSPV868\.m2\repository\ch\qos\logback\logback-core\1.0.13\logback-core-1.0.13.jar;C:\Users\CSCSPV868\.m2\repository\org\apache\commons\commons-lang3\3.3.2\commons-lang3-3.3.2.jar;C:\Users\CSCSPV868\.m2\repository\io\cucumber\cucumber-java\7.14.0\cucumber-java-7.14.0.jar;C:\Users\CSCSPV868\.m2\repository\org\apiguardian\apiguardian-api\1.1.2\apiguardian-api-1.1.2.jar;C:\Users\CSCSPV868\.m2\repository\io\cucumber\cucumber-jvm-deps\1.0.6\cucumber-jvm-deps-1.0.6.jar;C:\Users\CSCSPV868\.m2\repository\net\masterthought\cucumber-reporting\5.8.1\cucumber-reporting-5.8.1.jar;C:\Users\CSCSPV868\.m2\repository\com\fasterxml\jackson\core\jackson-databind\2.17.0\jackson-databind-2.17.0.jar;C:\Users\CSCSPV868\.m2\repository\com\fasterxml\jackson\core\jackson-annotations\2.17.0\jackson-annotations-2.17.0.jar;C:\Users\CSCSPV868\.m2\repository\com\fasterxml\jackson\core\jackson-core\2.17.0\jackson-core-2.17.0.jar;C:\Users\CSCSPV868\.m2\repository\net\bytebuddy\byte-buddy\1.14.9\byte-buddy-1.14.9.jar;C:\Users\CSCSPV868\.m2\repository\com\fasterxml\jackson\datatype\jackson-datatype-jsr310\2.17.0\jackson-datatype-jsr310-2.17.0.jar;C:\Users\CSCSPV868\.m2\repository\org\apache\velocity\velocity-engine-core\2.3\velocity-engine-core-2.3.jar;C:\Users\CSCSPV868\.m2\repository\joda-time\joda-time\2.12.7\joda-time-2.12.7.jar;C:\Users\CSCSPV868\.m2\repository\org\apache\commons\commons-configuration2\2.10.1\commons-configuration2-2.10.1.jar;C:\Users\CSCSPV868\.m2\repository\org\apache\commons\commons-text\1.11.0\commons-text-1.11.0.jar;C:\Users\CSCSPV868\.m2\repository\org\jsoup\jsoup\1.17.2\jsoup-1.17.2.jar;C:\Users\CSCSPV868\.m2\repository\com\googlecode\owasp-java-html-sanitizer\owasp-java-html-sanitizer\20220608.1\owasp-java-html-sanitizer-20220608.1.jar;C:\Users\CSCSPV868\.m2\repository\com\google\guava\guava\33.1.0-jre\guava-33.1.0-jre.jar;C:\Users\CSCSPV868\.m2\repository\com\google\guava\failureaccess\1.0.2\failureaccess-1.0.2.jar;C:\Users\CSCSPV868\.m2\repository\com\google\guava\listenablefuture\9999.0-empty-to-avoid-conflict-with-guava\listenablefuture-9999.0-empty-to-avoid-conflict-with-guava.jar;C:\Users\CSCSPV868\.m2\repository\com\google\code\findbugs\jsr305\3.0.2\jsr305-3.0.2.jar;C:\Users\CSCSPV868\.m2\repository\org\checkerframework\checker-qual\3.42.0\checker-qual-3.42.0.jar;C:\Users\CSCSPV868\.m2\repository\com\google\errorprone\error_prone_annotations\2.26.1\error_prone_annotations-2.26.1.jar;C:\Users\CSCSPV868\.m2\repository\com\google\j2objc\j2objc-annotations\3.0.0\j2objc-annotations-3.0.0.jar;C:\Users\CSCSPV868\.m2\repository\org\slf4j\jcl-over-slf4j\2.0.13\jcl-over-slf4j-2.0.13.jar;C:\Users\CSCSPV868\.m2\repository\org\hamcrest\hamcrest-core\3.0\hamcrest-core-3.0.jar;C:\Users\CSCSPV868\.m2\repository\org\hamcrest\hamcrest\3.0\hamcrest-3.0.jar;C:\Users\CSCSPV868\.m2\repository\io\cucumber\gherkin\30.0.4\gherkin-30.0.4.jar;C:\Users\CSCSPV868\.m2\repository\io\cucumber\messages\24.1.0\messages-24.1.0.jar;C:\Users\CSCSPV868\.m2\repository\org\seleniumhq\selenium\selenium-java\4.28.1\selenium-java-4.28.1.jar;C:\Users\CSCSPV868\.m2\repository\org\seleniumhq\selenium\selenium-api\4.28.1\selenium-api-4.28.1.jar;C:\Users\CSCSPV868\.m2\repository\org\jspecify\jspecify\1.0.0\jspecify-1.0.0.jar;C:\Users\CSCSPV868\.m2\repository\org\seleniumhq\selenium\selenium-chrome-driver\4.28.1\selenium-chrome-driver-4.28.1.jar;C:\Users\CSCSPV868\.m2\repository\com\google\auto\service\auto-service-annotations\1.1.1\auto-service-annotations-1.1.1.jar;C:\Users\CSCSPV868\.m2\repository\org\seleniumhq\selenium\selenium-chromium-driver\4.28.1\selenium-chromium-driver-4.28.1.jar;C:\Users\CSCSPV868\.m2\repository\org\seleniumhq\selenium\selenium-json\4.28.1\selenium-json-4.28.1.jar;C:\Users\CSCSPV868\.m2\repository\org\seleniumhq\selenium\selenium-manager\4.28.1\selenium-manager-4.28.1.jar;C:\Users\CSCSPV868\.m2\repository\org\seleniumhq\selenium\selenium-devtools-v130\4.28.1\selenium-devtools-v130-4.28.1.jar;C:\Users\CSCSPV868\.m2\repository\org\seleniumhq\selenium\selenium-devtools-v131\4.28.1\selenium-devtools-v131-4.28.1.jar;C:\Users\CSCSPV868\.m2\repository\org\seleniumhq\selenium\selenium-devtools-v132\4.28.1\selenium-devtools-v132-4.28.1.jar;C:\Users\CSCSPV868\.m2\repository\org\seleniumhq\selenium\selenium-devtools-v85\4.28.1\selenium-devtools-v85-4.28.1.jar;C:\Users\CSCSPV868\.m2\repository\org\seleniumhq\selenium\selenium-edge-driver\4.28.1\selenium-edge-driver-4.28.1.jar;C:\Users\CSCSPV868\.m2\repository\org\seleniumhq\selenium\selenium-firefox-driver\4.28.1\selenium-firefox-driver-4.28.1.jar;C:\Users\CSCSPV868\.m2\repository\org\seleniumhq\selenium\selenium-http\4.28.1\selenium-http-4.28.1.jar;C:\Users\CSCSPV868\.m2\repository\org\seleniumhq\selenium\selenium-ie-driver\4.28.1\selenium-ie-driver-4.28.1.jar;C:\Users\CSCSPV868\.m2\repository\org\seleniumhq\selenium\selenium-remote-driver\4.28.1\selenium-remote-driver-4.28.1.jar;C:\Users\CSCSPV868\.m2\repository\io\opentelemetry\semconv\opentelemetry-semconv\1.28.0-alpha\opentelemetry-semconv-1.28.0-alpha.jar;C:\Users\CSCSPV868\.m2\repository\io\opentelemetry\opentelemetry-api\1.46.0\opentelemetry-api-1.46.0.jar;C:\Users\CSCSPV868\.m2\repository\io\opentelemetry\opentelemetry-context\1.46.0\opentelemetry-context-1.46.0.jar;C:\Users\CSCSPV868\.m2\repository\io\opentelemetry\opentelemetry-exporter-logging\1.46.0\opentelemetry-exporter-logging-1.46.0.jar;C:\Users\CSCSPV868\.m2\repository\io\opentelemetry\opentelemetry-sdk-common\1.46.0\opentelemetry-sdk-common-1.46.0.jar;C:\Users\CSCSPV868\.m2\repository\io\opentelemetry\opentelemetry-sdk-extension-autoconfigure-spi\1.46.0\opentelemetry-sdk-extension-autoconfigure-spi-1.46.0.jar;C:\Users\CSCSPV868\.m2\repository\io\opentelemetry\opentelemetry-sdk-extension-autoconfigure\1.46.0\opentelemetry-sdk-extension-autoconfigure-1.46.0.jar;C:\Users\CSCSPV868\.m2\repository\io\opentelemetry\opentelemetry-api-incubator\1.46.0-alpha\opentelemetry-api-incubator-1.46.0-alpha.jar;C:\Users\CSCSPV868\.m2\repository\io\opentelemetry\opentelemetry-sdk-trace\1.46.0\opentelemetry-sdk-trace-1.46.0.jar;C:\Users\CSCSPV868\.m2\repository\io\opentelemetry\opentelemetry-sdk\1.46.0\opentelemetry-sdk-1.46.0.jar;C:\Users\CSCSPV868\.m2\repository\io\opentelemetry\opentelemetry-sdk-metrics\1.46.0\opentelemetry-sdk-metrics-1.46.0.jar;C:\Users\CSCSPV868\.m2\repository\io\opentelemetry\opentelemetry-sdk-logs\1.46.0\opentelemetry-sdk-logs-1.46.0.jar;C:\Users\CSCSPV868\.m2\repository\org\seleniumhq\selenium\selenium-os\4.28.1\selenium-os-4.28.1.jar;C:\Users\CSCSPV868\.m2\repository\org\apache\commons\commons-exec\1.4.0\commons-exec-1.4.0.jar;C:\Users\CSCSPV868\.m2\repository\org\seleniumhq\selenium\selenium-safari-driver\4.28.1\selenium-safari-driver-4.28.1.jar;C:\Users\CSCSPV868\.m2\repository\org\seleniumhq\selenium\selenium-support\4.28.1\selenium-support-4.28.1.jar;C:\Users\CSCSPV868\.m2\repository\io\github\bonigarcia\webdrivermanager\5.9.2\webdrivermanager-5.9.2.jar;C:\Users\CSCSPV868\.m2\repository\com\google\code\gson\gson\2.11.0\gson-2.11.0.jar;C:\Users\CSCSPV868\.m2\repository\com\github\docker-java\docker-java\3.4.0\docker-java-3.4.0.jar;C:\Users\CSCSPV868\.m2\repository\com\github\docker-java\docker-java-core\3.4.0\docker-java-core-3.4.0.jar;C:\Users\CSCSPV868\.m2\repository\com\github\docker-java\docker-java-api\3.4.0\docker-java-api-3.4.0.jar;C:\Users\CSCSPV868\.m2\repository\com\github\docker-java\docker-java-transport-httpclient5\3.4.0\docker-java-transport-httpclient5-3.4.0.jar;C:\Users\CSCSPV868\.m2\repository\com\github\docker-java\docker-java-transport\3.4.0\docker-java-transport-3.4.0.jar;C:\Users\CSCSPV868\.m2\repository\net\java\dev\jna\jna\5.13.0\jna-5.13.0.jar;C:\Users\CSCSPV868\.m2\repository\org\brotli\dec\0.1.2\dec-0.1.2.jar;C:\Users\CSCSPV868\.m2\repository\org\apache\commons\commons-compress\1.26.2\commons-compress-1.26.2.jar;C:\Users\CSCSPV868\.m2\repository\commons-codec\commons-codec\1.17.0\commons-codec-1.17.0.jar;C:\Users\CSCSPV868\.m2\repository\org\apache\httpcomponents\client5\httpclient5\5.2.1\httpclient5-5.2.1.jar;C:\Users\CSCSPV868\.m2\repository\org\apache\httpcomponents\core5\httpcore5\5.2\httpcore5-5.2.jar;C:\Users\CSCSPV868\.m2\repository\org\apache\httpcomponents\core5\httpcore5-h2\5.2\httpcore5-h2-5.2.jar;C:\Program Files\Java\jdk-17.0.2\lib\tools-1.5.0.jar;C:\Users\CSCSPV868\.m2\repository\commons-io\commons-io\2.11.0\commons-io-2.11.0.jar;C:\Users\CSCSPV868\.m2\repository\org\apache\logging\log4j\log4j-core\2.17.2\log4j-core-2.17.2.jar;C:\Users\CSCSPV868\.m2\repository\org\apache\logging\log4j\log4j-api\2.17.2\log4j-api-2.17.2.jar;C:\Users\CSCSPV868\.m2\repository\io\cucumber\cucumber-junit\7.21.1\cucumber-junit-7.21.1.jar;C:\Users\CSCSPV868\.m2\repository\io\cucumber\cucumber-testng\7.14.0\cucumber-testng-7.14.0.jar;C:\Users\CSCSPV868\.m2\repository\io\cucumber\cucumber-core\7.20.1\cucumber-core-7.20.1.jar;C:\Users\CSCSPV868\.m2\repository\io\cucumber\cucumber-gherkin\7.20.1\cucumber-gherkin-7.20.1.jar;C:\Users\CSCSPV868\.m2\repository\io\cucumber\cucumber-gherkin-messages\7.20.1\cucumber-gherkin-messages-7.20.1.jar;C:\Users\CSCSPV868\.m2\repository\io\cucumber\testng-xml-formatter\0.2.0\testng-xml-formatter-0.2.0.jar;C:\Users\CSCSPV868\.m2\repository\io\cucumber\query\12.2.0\query-12.2.0.jar;C:\Users\CSCSPV868\.m2\repository\io\cucumber\tag-expressions\6.1.0\tag-expressions-6.1.0.jar;C:\Users\CSCSPV868\.m2\repository\io\cucumber\cucumber-expressions\17.1.0\cucumber-expressions-17.1.0.jar;C:\Users\CSCSPV868\.m2\repository\io\cucumber\datatable\7.20.1\datatable-7.20.1.jar;C:\Users\CSCSPV868\.m2\repository\io\cucumber\cucumber-plugin\7.20.1\cucumber-plugin-7.20.1.jar;C:\Users\CSCSPV868\.m2\repository\io\cucumber\docstring\7.20.1\docstring-7.20.1.jar;C:\Users\CSCSPV868\.m2\repository\io\cucumber\html-formatter\21.7.0\html-formatter-21.7.0.jar;C:\Users\CSCSPV868\.m2\repository\io\cucumber\junit-xml-formatter\0.5.0\junit-xml-formatter-0.5.0.jar;C:\Users\CSCSPV868\.m2\repository\io\cucumber\ci-environment\10.0.1\ci-environment-10.0.1.jar;C:\Users\CSCSPV868\.m2\repository\io\reactivex\rxjava3\rxjava\3.0.4\rxjava-3.0.4.jar;C:\Users\CSCSPV868\.m2\repository\org\reactivestreams\reactive-streams\1.0.3\reactive-streams-1.0.3.jar;"/>
    <property name="java.vm.vendor" value="Oracle Corporation"/>
    <property name="sun.arch.data.model" value="64"/>
    <property name="user.variant" value=""/>
    <property name="java.vendor.url" value="https://java.oracle.com/"/>
    <property name="user.timezone" value="Asia/Calcutta"/>
    <property name="os.name" value="Windows 11"/>
    <property name="java.vm.specification.version" value="17"/>
    <property name="sun.java.launcher" value="SUN_STANDARD"/>
    <property name="user.country" value="US"/>
    <property name="sun.boot.library.path" value="C:\Program Files\Java\jdk-17.0.2\bin"/>
    <property name="sun.java.command" value="C:\Users\CSCSPV868\AppData\Local\Temp\surefire7558505209435277428\surefirebooter-20250416153804881_3.jar C:\Users\CSCSPV868\AppData\Local\Temp\surefire7558505209435277428 2025-04-16T15-38-04_074-jvmRun1 surefire-20250416153804881_1tmp surefire_0-20250416153804881_2tmp"/>
    <property name="jdk.debug" value="release"/>
    <property name="surefire.test.class.path" value="C:\Users\CSCSPV868\eclipse-workspace\CS_AutomationFramework\BDDCucumberJavaProject\target\test-classes;C:\Users\CSCSPV868\eclipse-workspace\CS_AutomationFramework\BDDCucumberJavaProject\target\classes;C:\Users\CSCSPV868\.m2\repository\junit\junit\4.13.2\junit-4.13.2.jar;C:\Users\CSCSPV868\.m2\repository\org\testng\testng\7.3.0\testng-7.3.0.jar;C:\Users\CSCSPV868\.m2\repository\com\beust\jcommander\1.78\jcommander-1.78.jar;C:\Users\CSCSPV868\.m2\repository\org\apache\ant\ant\1.10.3\ant-1.10.3.jar;C:\Users\CSCSPV868\.m2\repository\org\apache\ant\ant-launcher\1.10.3\ant-launcher-1.10.3.jar;C:\Users\CSCSPV868\.m2\repository\com\google\inject\guice\4.2.2\guice-4.2.2-no_aop.jar;C:\Users\CSCSPV868\.m2\repository\javax\inject\javax.inject\1\javax.inject-1.jar;C:\Users\CSCSPV868\.m2\repository\aopalliance\aopalliance\1.0\aopalliance-1.0.jar;C:\Users\CSCSPV868\.m2\repository\org\yaml\snakeyaml\1.21\snakeyaml-1.21.jar;C:\Users\CSCSPV868\.m2\repository\io\cucumber\cucumber-html\0.2.7\cucumber-html-0.2.7.jar;C:\Users\CSCSPV868\.m2\repository\net\sourceforge\cobertura\cobertura\2.1.1\cobertura-2.1.1.jar;C:\Users\CSCSPV868\.m2\repository\org\ow2\asm\asm\5.0.1\asm-5.0.1.jar;C:\Users\CSCSPV868\.m2\repository\org\ow2\asm\asm-tree\5.0.1\asm-tree-5.0.1.jar;C:\Users\CSCSPV868\.m2\repository\org\ow2\asm\asm-commons\5.0.1\asm-commons-5.0.1.jar;C:\Users\CSCSPV868\.m2\repository\org\ow2\asm\asm-util\5.0.1\asm-util-5.0.1.jar;C:\Users\CSCSPV868\.m2\repository\org\ow2\asm\asm-analysis\5.0.1\asm-analysis-5.0.1.jar;C:\Users\CSCSPV868\.m2\repository\oro\oro\2.0.8\oro-2.0.8.jar;C:\Users\CSCSPV868\.m2\repository\jaxen\jaxen\1.1.4\jaxen-1.1.4.jar;C:\Users\CSCSPV868\.m2\repository\org\apache\ant\ant-junit\1.8.3\ant-junit-1.8.3.jar;C:\Users\CSCSPV868\.m2\repository\org\mortbay\jetty\servlet-api-2.5\6.1.14\servlet-api-2.5-6.1.14.jar;C:\Users\CSCSPV868\.m2\repository\org\mortbay\jetty\jetty\6.1.14\jetty-6.1.14.jar;C:\Users\CSCSPV868\.m2\repository\org\mortbay\jetty\jetty-util\6.1.14\jetty-util-6.1.14.jar;C:\Users\CSCSPV868\.m2\repository\org\slf4j\slf4j-api\1.7.5\slf4j-api-1.7.5.jar;C:\Users\CSCSPV868\.m2\repository\ch\qos\logback\logback-classic\1.0.13\logback-classic-1.0.13.jar;C:\Users\CSCSPV868\.m2\repository\ch\qos\logback\logback-core\1.0.13\logback-core-1.0.13.jar;C:\Users\CSCSPV868\.m2\repository\org\apache\commons\commons-lang3\3.3.2\commons-lang3-3.3.2.jar;C:\Users\CSCSPV868\.m2\repository\io\cucumber\cucumber-java\7.14.0\cucumber-java-7.14.0.jar;C:\Users\CSCSPV868\.m2\repository\org\apiguardian\apiguardian-api\1.1.2\apiguardian-api-1.1.2.jar;C:\Users\CSCSPV868\.m2\repository\io\cucumber\cucumber-jvm-deps\1.0.6\cucumber-jvm-deps-1.0.6.jar;C:\Users\CSCSPV868\.m2\repository\net\masterthought\cucumber-reporting\5.8.1\cucumber-reporting-5.8.1.jar;C:\Users\CSCSPV868\.m2\repository\com\fasterxml\jackson\core\jackson-databind\2.17.0\jackson-databind-2.17.0.jar;C:\Users\CSCSPV868\.m2\repository\com\fasterxml\jackson\core\jackson-annotations\2.17.0\jackson-annotations-2.17.0.jar;C:\Users\CSCSPV868\.m2\repository\com\fasterxml\jackson\core\jackson-core\2.17.0\jackson-core-2.17.0.jar;C:\Users\CSCSPV868\.m2\repository\net\bytebuddy\byte-buddy\1.14.9\byte-buddy-1.14.9.jar;C:\Users\CSCSPV868\.m2\repository\com\fasterxml\jackson\datatype\jackson-datatype-jsr310\2.17.0\jackson-datatype-jsr310-2.17.0.jar;C:\Users\CSCSPV868\.m2\repository\org\apache\velocity\velocity-engine-core\2.3\velocity-engine-core-2.3.jar;C:\Users\CSCSPV868\.m2\repository\joda-time\joda-time\2.12.7\joda-time-2.12.7.jar;C:\Users\CSCSPV868\.m2\repository\org\apache\commons\commons-configuration2\2.10.1\commons-configuration2-2.10.1.jar;C:\Users\CSCSPV868\.m2\repository\org\apache\commons\commons-text\1.11.0\commons-text-1.11.0.jar;C:\Users\CSCSPV868\.m2\repository\org\jsoup\jsoup\1.17.2\jsoup-1.17.2.jar;C:\Users\CSCSPV868\.m2\repository\com\googlecode\owasp-java-html-sanitizer\owasp-java-html-sanitizer\20220608.1\owasp-java-html-sanitizer-20220608.1.jar;C:\Users\CSCSPV868\.m2\repository\com\google\guava\guava\33.1.0-jre\guava-33.1.0-jre.jar;C:\Users\CSCSPV868\.m2\repository\com\google\guava\failureaccess\1.0.2\failureaccess-1.0.2.jar;C:\Users\CSCSPV868\.m2\repository\com\google\guava\listenablefuture\9999.0-empty-to-avoid-conflict-with-guava\listenablefuture-9999.0-empty-to-avoid-conflict-with-guava.jar;C:\Users\CSCSPV868\.m2\repository\com\google\code\findbugs\jsr305\3.0.2\jsr305-3.0.2.jar;C:\Users\CSCSPV868\.m2\repository\org\checkerframework\checker-qual\3.42.0\checker-qual-3.42.0.jar;C:\Users\CSCSPV868\.m2\repository\com\google\errorprone\error_prone_annotations\2.26.1\error_prone_annotations-2.26.1.jar;C:\Users\CSCSPV868\.m2\repository\com\google\j2objc\j2objc-annotations\3.0.0\j2objc-annotations-3.0.0.jar;C:\Users\CSCSPV868\.m2\repository\org\slf4j\jcl-over-slf4j\2.0.13\jcl-over-slf4j-2.0.13.jar;C:\Users\CSCSPV868\.m2\repository\org\hamcrest\hamcrest-core\3.0\hamcrest-core-3.0.jar;C:\Users\CSCSPV868\.m2\repository\org\hamcrest\hamcrest\3.0\hamcrest-3.0.jar;C:\Users\CSCSPV868\.m2\repository\io\cucumber\gherkin\30.0.4\gherkin-30.0.4.jar;C:\Users\CSCSPV868\.m2\repository\io\cucumber\messages\24.1.0\messages-24.1.0.jar;C:\Users\CSCSPV868\.m2\repository\org\seleniumhq\selenium\selenium-java\4.28.1\selenium-java-4.28.1.jar;C:\Users\CSCSPV868\.m2\repository\org\seleniumhq\selenium\selenium-api\4.28.1\selenium-api-4.28.1.jar;C:\Users\CSCSPV868\.m2\repository\org\jspecify\jspecify\1.0.0\jspecify-1.0.0.jar;C:\Users\CSCSPV868\.m2\repository\org\seleniumhq\selenium\selenium-chrome-driver\4.28.1\selenium-chrome-driver-4.28.1.jar;C:\Users\CSCSPV868\.m2\repository\com\google\auto\service\auto-service-annotations\1.1.1\auto-service-annotations-1.1.1.jar;C:\Users\CSCSPV868\.m2\repository\org\seleniumhq\selenium\selenium-chromium-driver\4.28.1\selenium-chromium-driver-4.28.1.jar;C:\Users\CSCSPV868\.m2\repository\org\seleniumhq\selenium\selenium-json\4.28.1\selenium-json-4.28.1.jar;C:\Users\CSCSPV868\.m2\repository\org\seleniumhq\selenium\selenium-manager\4.28.1\selenium-manager-4.28.1.jar;C:\Users\CSCSPV868\.m2\repository\org\seleniumhq\selenium\selenium-devtools-v130\4.28.1\selenium-devtools-v130-4.28.1.jar;C:\Users\CSCSPV868\.m2\repository\org\seleniumhq\selenium\selenium-devtools-v131\4.28.1\selenium-devtools-v131-4.28.1.jar;C:\Users\CSCSPV868\.m2\repository\org\seleniumhq\selenium\selenium-devtools-v132\4.28.1\selenium-devtools-v132-4.28.1.jar;C:\Users\CSCSPV868\.m2\repository\org\seleniumhq\selenium\selenium-devtools-v85\4.28.1\selenium-devtools-v85-4.28.1.jar;C:\Users\CSCSPV868\.m2\repository\org\seleniumhq\selenium\selenium-edge-driver\4.28.1\selenium-edge-driver-4.28.1.jar;C:\Users\CSCSPV868\.m2\repository\org\seleniumhq\selenium\selenium-firefox-driver\4.28.1\selenium-firefox-driver-4.28.1.jar;C:\Users\CSCSPV868\.m2\repository\org\seleniumhq\selenium\selenium-http\4.28.1\selenium-http-4.28.1.jar;C:\Users\CSCSPV868\.m2\repository\org\seleniumhq\selenium\selenium-ie-driver\4.28.1\selenium-ie-driver-4.28.1.jar;C:\Users\CSCSPV868\.m2\repository\org\seleniumhq\selenium\selenium-remote-driver\4.28.1\selenium-remote-driver-4.28.1.jar;C:\Users\CSCSPV868\.m2\repository\io\opentelemetry\semconv\opentelemetry-semconv\1.28.0-alpha\opentelemetry-semconv-1.28.0-alpha.jar;C:\Users\CSCSPV868\.m2\repository\io\opentelemetry\opentelemetry-api\1.46.0\opentelemetry-api-1.46.0.jar;C:\Users\CSCSPV868\.m2\repository\io\opentelemetry\opentelemetry-context\1.46.0\opentelemetry-context-1.46.0.jar;C:\Users\CSCSPV868\.m2\repository\io\opentelemetry\opentelemetry-exporter-logging\1.46.0\opentelemetry-exporter-logging-1.46.0.jar;C:\Users\CSCSPV868\.m2\repository\io\opentelemetry\opentelemetry-sdk-common\1.46.0\opentelemetry-sdk-common-1.46.0.jar;C:\Users\CSCSPV868\.m2\repository\io\opentelemetry\opentelemetry-sdk-extension-autoconfigure-spi\1.46.0\opentelemetry-sdk-extension-autoconfigure-spi-1.46.0.jar;C:\Users\CSCSPV868\.m2\repository\io\opentelemetry\opentelemetry-sdk-extension-autoconfigure\1.46.0\opentelemetry-sdk-extension-autoconfigure-1.46.0.jar;C:\Users\CSCSPV868\.m2\repository\io\opentelemetry\opentelemetry-api-incubator\1.46.0-alpha\opentelemetry-api-incubator-1.46.0-alpha.jar;C:\Users\CSCSPV868\.m2\repository\io\opentelemetry\opentelemetry-sdk-trace\1.46.0\opentelemetry-sdk-trace-1.46.0.jar;C:\Users\CSCSPV868\.m2\repository\io\opentelemetry\opentelemetry-sdk\1.46.0\opentelemetry-sdk-1.46.0.jar;C:\Users\CSCSPV868\.m2\repository\io\opentelemetry\opentelemetry-sdk-metrics\1.46.0\opentelemetry-sdk-metrics-1.46.0.jar;C:\Users\CSCSPV868\.m2\repository\io\opentelemetry\opentelemetry-sdk-logs\1.46.0\opentelemetry-sdk-logs-1.46.0.jar;C:\Users\CSCSPV868\.m2\repository\org\seleniumhq\selenium\selenium-os\4.28.1\selenium-os-4.28.1.jar;C:\Users\CSCSPV868\.m2\repository\org\apache\commons\commons-exec\1.4.0\commons-exec-1.4.0.jar;C:\Users\CSCSPV868\.m2\repository\org\seleniumhq\selenium\selenium-safari-driver\4.28.1\selenium-safari-driver-4.28.1.jar;C:\Users\CSCSPV868\.m2\repository\org\seleniumhq\selenium\selenium-support\4.28.1\selenium-support-4.28.1.jar;C:\Users\CSCSPV868\.m2\repository\io\github\bonigarcia\webdrivermanager\5.9.2\webdrivermanager-5.9.2.jar;C:\Users\CSCSPV868\.m2\repository\com\google\code\gson\gson\2.11.0\gson-2.11.0.jar;C:\Users\CSCSPV868\.m2\repository\com\github\docker-java\docker-java\3.4.0\docker-java-3.4.0.jar;C:\Users\CSCSPV868\.m2\repository\com\github\docker-java\docker-java-core\3.4.0\docker-java-core-3.4.0.jar;C:\Users\CSCSPV868\.m2\repository\com\github\docker-java\docker-java-api\3.4.0\docker-java-api-3.4.0.jar;C:\Users\CSCSPV868\.m2\repository\com\github\docker-java\docker-java-transport-httpclient5\3.4.0\docker-java-transport-httpclient5-3.4.0.jar;C:\Users\CSCSPV868\.m2\repository\com\github\docker-java\docker-java-transport\3.4.0\docker-java-transport-3.4.0.jar;C:\Users\CSCSPV868\.m2\repository\net\java\dev\jna\jna\5.13.0\jna-5.13.0.jar;C:\Users\CSCSPV868\.m2\repository\org\brotli\dec\0.1.2\dec-0.1.2.jar;C:\Users\CSCSPV868\.m2\repository\org\apache\commons\commons-compress\1.26.2\commons-compress-1.26.2.jar;C:\Users\CSCSPV868\.m2\repository\commons-codec\commons-codec\1.17.0\commons-codec-1.17.0.jar;C:\Users\CSCSPV868\.m2\repository\org\apache\httpcomponents\client5\httpclient5\5.2.1\httpclient5-5.2.1.jar;C:\Users\CSCSPV868\.m2\repository\org\apache\httpcomponents\core5\httpcore5\5.2\httpcore5-5.2.jar;C:\Users\CSCSPV868\.m2\repository\org\apache\httpcomponents\core5\httpcore5-h2\5.2\httpcore5-h2-5.2.jar;C:\Program Files\Java\jdk-17.0.2\lib\tools-1.5.0.jar;C:\Users\CSCSPV868\.m2\repository\commons-io\commons-io\2.11.0\commons-io-2.11.0.jar;C:\Users\CSCSPV868\.m2\repository\org\apache\logging\log4j\log4j-core\2.17.2\log4j-core-2.17.2.jar;C:\Users\CSCSPV868\.m2\repository\org\apache\logging\log4j\log4j-api\2.17.2\log4j-api-2.17.2.jar;C:\Users\CSCSPV868\.m2\repository\io\cucumber\cucumber-junit\7.21.1\cucumber-junit-7.21.1.jar;C:\Users\CSCSPV868\.m2\repository\io\cucumber\cucumber-testng\7.14.0\cucumber-testng-7.14.0.jar;C:\Users\CSCSPV868\.m2\repository\io\cucumber\cucumber-core\7.20.1\cucumber-core-7.20.1.jar;C:\Users\CSCSPV868\.m2\repository\io\cucumber\cucumber-gherkin\7.20.1\cucumber-gherkin-7.20.1.jar;C:\Users\CSCSPV868\.m2\repository\io\cucumber\cucumber-gherkin-messages\7.20.1\cucumber-gherkin-messages-7.20.1.jar;C:\Users\CSCSPV868\.m2\repository\io\cucumber\testng-xml-formatter\0.2.0\testng-xml-formatter-0.2.0.jar;C:\Users\CSCSPV868\.m2\repository\io\cucumber\query\12.2.0\query-12.2.0.jar;C:\Users\CSCSPV868\.m2\repository\io\cucumber\tag-expressions\6.1.0\tag-expressions-6.1.0.jar;C:\Users\CSCSPV868\.m2\repository\io\cucumber\cucumber-expressions\17.1.0\cucumber-expressions-17.1.0.jar;C:\Users\CSCSPV868\.m2\repository\io\cucumber\datatable\7.20.1\datatable-7.20.1.jar;C:\Users\CSCSPV868\.m2\repository\io\cucumber\cucumber-plugin\7.20.1\cucumber-plugin-7.20.1.jar;C:\Users\CSCSPV868\.m2\repository\io\cucumber\docstring\7.20.1\docstring-7.20.1.jar;C:\Users\CSCSPV868\.m2\repository\io\cucumber\html-formatter\21.7.0\html-formatter-21.7.0.jar;C:\Users\CSCSPV868\.m2\repository\io\cucumber\junit-xml-formatter\0.5.0\junit-xml-formatter-0.5.0.jar;C:\Users\CSCSPV868\.m2\repository\io\cucumber\ci-environment\10.0.1\ci-environment-10.0.1.jar;C:\Users\CSCSPV868\.m2\repository\io\reactivex\rxjava3\rxjava\3.0.4\rxjava-3.0.4.jar;C:\Users\CSCSPV868\.m2\repository\org\reactivestreams\reactive-streams\1.0.3\reactive-streams-1.0.3.jar;"/>
    <property name="sun.cpu.endian" value="little"/>
    <property name="user.home" value="C:\Users\CSCSPV868"/>
    <property name="user.language" value="en"/>
    <property name="java.specification.vendor" value="Oracle Corporation"/>
    <property name="java.version.date" value="2022-01-18"/>
    <property name="java.home" value="C:\Program Files\Java\jdk-17.0.2"/>
    <property name="file.separator" value="\"/>
    <property name="style.color" value="always"/>
    <property name="basedir" value="C:\Users\CSCSPV868\eclipse-workspace\CS_AutomationFramework\BDDCucumberJavaProject"/>
    <property name="java.vm.compressedOopsMode" value="32-bit"/>
    <property name="line.separator" value="&#10;"/>
    <property name="java.vm.specification.vendor" value="Oracle Corporation"/>
    <property name="java.specification.name" value="Java Platform API Specification"/>
    <property name="surefire.real.class.path" value="C:\Users\CSCSPV868\AppData\Local\Temp\surefire7558505209435277428\surefirebooter-20250416153804881_3.jar"/>
    <property name="user.script" value=""/>
    <property name="sun.management.compiler" value="HotSpot 64-Bit Tiered Compilers"/>
    <property name="java.runtime.version" value="17.0.2+8-LTS-86"/>
    <property name="user.name" value="cscspv868"/>
    <property name="path.separator" value=";"/>
    <property name="os.version" value="10.0"/>
    <property name="java.runtime.name" value="Java(TM) SE Runtime Environment"/>
    <property name="file.encoding" value="Cp1252"/>
    <property name="java.vm.name" value="Java HotSpot(TM) 64-Bit Server VM"/>
    <property name="localRepository" value="C:\Users\CSCSPV868\.m2\repository"/>
    <property name="java.vendor.url.bug" value="https://bugreport.java.com/bugreport/"/>
    <property name="java.io.tmpdir" value="C:\Users\CSCSPV~1\AppData\Local\Temp\"/>
    <property name="java.version" value="17.0.2"/>
    <property name="user.dir" value="C:\Users\CSCSPV868\eclipse-workspace\CS_AutomationFramework\BDDCucumberJavaProject"/>
    <property name="os.arch" value="amd64"/>
    <property name="java.vm.specification.name" value="Java Virtual Machine Specification"/>
    <property name="sun.os.patch.level" value=""/>
    <property name="native.encoding" value="Cp1252"/>
    <property name="java.library.path" value="C:\Program Files\Java\jdk-17.0.2\bin;C:\WINDOWS\Sun\Java\bin;C:\WINDOWS\system32;C:\WINDOWS;C:/Users/CSCSPV868/.p2/pool/plugins/org.eclipse.justj.openjdk.hotspot.jre.full.win32.x86_64_22.0.1.v20240426-1149/jre/bin/server;C:/Users/CSCSPV868/.p2/pool/plugins/org.eclipse.justj.openjdk.hotspot.jre.full.win32.x86_64_22.0.1.v20240426-1149/jre/bin;C:\Program Files\Common Files\Oracle\Java\javapath;C:\Program Files (x86)\Common Files\Oracle\Java\java8path;C:\Program Files (x86)\Common Files\Oracle\Java\javapath;C:\WINDOWS\system32;C:\WINDOWS;C:\WINDOWS\System32\Wbem;C:\WINDOWS\System32\WindowsPowerShell\v1.0\;C:\WINDOWS\System32\OpenSSH\;C:\apache-maven-3.9.9-bin\apache-maven-3.9.9\bin;C:\apache-maven-3.9.9-bin\apache-maven-3.9.9\bin;C:\apache-maven-3.9.9-bin\apache-maven-3.9.9\bin;C:\Program Files\nodejs\;C:\Program Files\Java\jdk-17.0.2\bin;C:\Users\CSCSPV868\AppData\Local\Programs\Python\Python312\Scripts\;C:\Users\CSCSPV868\AppData\Local\Programs\Python\Python312\;C:\Users\CSCSPV868\AppData\Local\Programs\Python\Launcher\;C:\Users\CSCSPV868\AppData\Local\Microsoft\WindowsApps;C:\Users\CSCSPV868\AppData\Local\Programs\Microsoft VS Code\bin;C:\Users\CSCSPV868\AppData\Local\JetBrains\PyCharm Community Edition 2024.1\bin;;C:\Users\CSCSPV868\AppData\Local\Programs\Git\cmd;C:\Users\CSCSPV868\AppData\Roaming\npm;C:\Users\CSCSPV868\Desktop;;."/>
    <property name="java.vm.info" value="mixed mode, sharing"/>
    <property name="java.vendor" value="Oracle Corporation"/>
    <property name="java.vm.version" value="17.0.2+8-LTS-86"/>
    <property name="sun.io.unicode.encoding" value="UnicodeLittle"/>
    <property name="java.class.version" value="61.0"/>
  </properties>
  <testcase name="runScenario[&quot;Search Bill by Receipt Number&quot;, &quot;Bill&quot;](1)" classname="TestRunner.Run" time="19.487">
    <system-out><![CDATA[
@Sanity
Scenario: Search Bill by Receipt Number                                 # Features/AddBill.feature:27
[INFO ] 2025-04-16 15:38:07.163 [main] StepDef - Before setup method executed.
[DEBUG] Using WebDriverManager 5.9.2
[DEBUG] Removing resolution chrome=134 from cache (expired on Wed Apr 16 12:01:15 IST 2025)
[DEBUG] ex-0000000001 preparing request execution
[DEBUG] ex-0000000001 target auth state: UNCHALLENGED
[DEBUG] ex-0000000001 proxy auth state: UNCHALLENGED
[DEBUG] ex-0000000001 acquiring connection with route {s}->https://raw.githubusercontent.com:443
[DEBUG] ex-0000000001 acquiring endpoint (3 MINUTES)
[DEBUG] ex-0000000001 endpoint lease request (3 MINUTES) [route: {s}->https://raw.githubusercontent.com:443][total available: 0; route allocated: 0 of 5; total allocated: 0 of 25]
[DEBUG] ex-0000000001 endpoint leased [route: {s}->https://raw.githubusercontent.com:443][total available: 0; route allocated: 1 of 5; total allocated: 1 of 25]
[DEBUG] ex-0000000001 acquired ep-0000000001
[DEBUG] ex-0000000001 acquired endpoint ep-0000000001
[DEBUG] ex-0000000001 opening connection {s}->https://raw.githubusercontent.com:443
[DEBUG] ep-0000000001 connecting endpoint (null)
[DEBUG] ep-0000000001 connecting endpoint to https://raw.githubusercontent.com:443 (30 SECONDS)
[DEBUG] raw.githubusercontent.com resolving remote address
[DEBUG] raw.githubusercontent.com resolved to [raw.githubusercontent.com/185.199.110.133, raw.githubusercontent.com/185.199.111.133, raw.githubusercontent.com/185.199.108.133, raw.githubusercontent.com/185.199.109.133]
[DEBUG] raw.githubusercontent.com:443 connecting null->raw.githubusercontent.com/185.199.110.133:443 (30 SECONDS)
[DEBUG] Connecting socket to raw.githubusercontent.com/185.199.110.133:443 with timeout 30 SECONDS
[DEBUG] Enabled protocols: [TLSv1.3, TLSv1.2]
[DEBUG] Enabled cipher suites: [TLS_AES_256_GCM_SHA384, TLS_AES_128_GCM_SHA256, TLS_CHACHA20_POLY1305_SHA256, TLS_ECDHE_ECDSA_WITH_AES_256_GCM_SHA384, TLS_ECDHE_ECDSA_WITH_AES_128_GCM_SHA256, TLS_ECDHE_ECDSA_WITH_CHACHA20_POLY1305_SHA256, TLS_ECDHE_RSA_WITH_AES_256_GCM_SHA384, TLS_ECDHE_RSA_WITH_CHACHA20_POLY1305_SHA256, TLS_ECDHE_RSA_WITH_AES_128_GCM_SHA256, TLS_DHE_RSA_WITH_AES_256_GCM_SHA384, TLS_DHE_RSA_WITH_CHACHA20_POLY1305_SHA256, TLS_DHE_DSS_WITH_AES_256_GCM_SHA384, TLS_DHE_RSA_WITH_AES_128_GCM_SHA256, TLS_DHE_DSS_WITH_AES_128_GCM_SHA256, TLS_ECDHE_ECDSA_WITH_AES_256_CBC_SHA384, TLS_ECDHE_RSA_WITH_AES_256_CBC_SHA384, TLS_ECDHE_ECDSA_WITH_AES_128_CBC_SHA256, TLS_ECDHE_RSA_WITH_AES_128_CBC_SHA256, TLS_DHE_RSA_WITH_AES_256_CBC_SHA256, TLS_DHE_DSS_WITH_AES_256_CBC_SHA256, TLS_DHE_RSA_WITH_AES_128_CBC_SHA256, TLS_DHE_DSS_WITH_AES_128_CBC_SHA256, TLS_ECDH_ECDSA_WITH_AES_256_GCM_SHA384, TLS_ECDH_RSA_WITH_AES_256_GCM_SHA384, TLS_ECDH_ECDSA_WITH_AES_128_GCM_SHA256, TLS_ECDH_RSA_WITH_AES_128_GCM_SHA256, TLS_ECDH_ECDSA_WITH_AES_256_CBC_SHA384, TLS_ECDH_RSA_WITH_AES_256_CBC_SHA384, TLS_ECDH_ECDSA_WITH_AES_128_CBC_SHA256, TLS_ECDH_RSA_WITH_AES_128_CBC_SHA256, TLS_ECDHE_ECDSA_WITH_AES_256_CBC_SHA, TLS_ECDHE_RSA_WITH_AES_256_CBC_SHA, TLS_ECDHE_ECDSA_WITH_AES_128_CBC_SHA, TLS_ECDHE_RSA_WITH_AES_128_CBC_SHA, TLS_DHE_RSA_WITH_AES_256_CBC_SHA, TLS_DHE_DSS_WITH_AES_256_CBC_SHA, TLS_DHE_RSA_WITH_AES_128_CBC_SHA, TLS_DHE_DSS_WITH_AES_128_CBC_SHA, TLS_ECDH_ECDSA_WITH_AES_256_CBC_SHA, TLS_ECDH_RSA_WITH_AES_256_CBC_SHA, TLS_ECDH_ECDSA_WITH_AES_128_CBC_SHA, TLS_ECDH_RSA_WITH_AES_128_CBC_SHA, TLS_RSA_WITH_AES_256_GCM_SHA384, TLS_RSA_WITH_AES_128_GCM_SHA256, TLS_RSA_WITH_AES_256_CBC_SHA256, TLS_RSA_WITH_AES_128_CBC_SHA256, TLS_RSA_WITH_AES_256_CBC_SHA, TLS_RSA_WITH_AES_128_CBC_SHA, TLS_EMPTY_RENEGOTIATION_INFO_SCSV]
[DEBUG] Starting handshake (null)
[DEBUG] Secure session established
[DEBUG]  negotiated protocol: TLSv1.3
[DEBUG]  negotiated cipher suite: TLS_AES_128_GCM_SHA256
[DEBUG]  peer principal: CN=*.github.io
[DEBUG]  peer alternative names: [*.github.io, *.github.com, *.githubusercontent.com, github.com, github.io, githubusercontent.com, www.github.com]
[DEBUG]  issuer principal: CN=Sectigo RSA Domain Validation Secure Server CA, O=Sectigo Limited, L=Salford, ST=Greater Manchester, C=GB
[DEBUG] http-outgoing-0 set socket timeout to 3 MINUTES
[DEBUG] raw.githubusercontent.com:443 connected null->raw.githubusercontent.com/185.199.110.133:443 as http-outgoing-0
[DEBUG] ep-0000000001 connected http-outgoing-0
[DEBUG] ep-0000000001 endpoint connected
[DEBUG] ex-0000000001 executing GET /bonigarcia/webdrivermanager/master/src/main/resources/commands.properties HTTP/1.1
[DEBUG] ex-0000000001 Cookie spec selected: strict
[DEBUG] ep-0000000001 start execution ex-0000000001
[DEBUG] ep-0000000001 executing exchange ex-0000000001 over http-outgoing-0
[DEBUG] http-outgoing-0 >> GET /bonigarcia/webdrivermanager/master/src/main/resources/commands.properties HTTP/1.1
[DEBUG] http-outgoing-0 >> user-agent: Apache-HttpClient/5.0
[DEBUG] http-outgoing-0 >> accept-encoding: gzip, deflate, br
[DEBUG] http-outgoing-0 >> cache-control: max-age=0
[DEBUG] http-outgoing-0 >> connection: keep-alive
[DEBUG] http-outgoing-0 >> Host: raw.githubusercontent.com
[DEBUG] http-outgoing-0 >> "GET /bonigarcia/webdrivermanager/master/src/main/resources/commands.properties HTTP/1.1[\r][\n]"
[DEBUG] http-outgoing-0 >> "user-agent: Apache-HttpClient/5.0[\r][\n]"
[DEBUG] http-outgoing-0 >> "accept-encoding: gzip, deflate, br[\r][\n]"
[DEBUG] http-outgoing-0 >> "cache-control: max-age=0[\r][\n]"
[DEBUG] http-outgoing-0 >> "connection: keep-alive[\r][\n]"
[DEBUG] http-outgoing-0 >> "Host: raw.githubusercontent.com[\r][\n]"
[DEBUG] http-outgoing-0 >> "[\r][\n]"
[DEBUG] http-outgoing-0 << "HTTP/1.1 200 OK[\r][\n]"
[DEBUG] http-outgoing-0 << "Connection: keep-alive[\r][\n]"
[DEBUG] http-outgoing-0 << "Content-Length: 946[\r][\n]"
[DEBUG] http-outgoing-0 << "Cache-Control: max-age=300[\r][\n]"
[DEBUG] http-outgoing-0 << "Content-Security-Policy: default-src 'none'; style-src 'unsafe-inline'; sandbox[\r][\n]"
[DEBUG] http-outgoing-0 << "Content-Type: text/plain; charset=utf-8[\r][\n]"
[DEBUG] http-outgoing-0 << "ETag: W/"dc0c32cea2dfa86f6cf10513cf8a64e1e8817484a415b658b4eecd962d4deaee"[\r][\n]"
[DEBUG] http-outgoing-0 << "Strict-Transport-Security: max-age=31536000[\r][\n]"
[DEBUG] http-outgoing-0 << "X-Content-Type-Options: nosniff[\r][\n]"
[DEBUG] http-outgoing-0 << "X-Frame-Options: deny[\r][\n]"
[DEBUG] http-outgoing-0 << "X-XSS-Protection: 1; mode=block[\r][\n]"
[DEBUG] http-outgoing-0 << "X-GitHub-Request-Id: 0E22:3686A4:148369:3184DE:67E612ED[\r][\n]"
[DEBUG] http-outgoing-0 << "Content-Encoding: gzip[\r][\n]"
[DEBUG] http-outgoing-0 << "Accept-Ranges: bytes[\r][\n]"
[DEBUG] http-outgoing-0 << "Date: Wed, 16 Apr 2025 10:08:07 GMT[\r][\n]"
[DEBUG] http-outgoing-0 << "Via: 1.1 varnish[\r][\n]"
[DEBUG] http-outgoing-0 << "X-Served-By: cache-del21750-DEL[\r][\n]"
[DEBUG] http-outgoing-0 << "X-Cache: HIT[\r][\n]"
[DEBUG] http-outgoing-0 << "X-Cache-Hits: 2[\r][\n]"
[DEBUG] http-outgoing-0 << "X-Timer: S1744798088.879795,VS0,VE0[\r][\n]"
[DEBUG] http-outgoing-0 << "Vary: Authorization,Accept-Encoding,Origin[\r][\n]"
[DEBUG] http-outgoing-0 << "Access-Control-Allow-Origin: *[\r][\n]"
[DEBUG] http-outgoing-0 << "Cross-Origin-Resource-Policy: cross-origin[\r][\n]"
[DEBUG] http-outgoing-0 << "X-Fastly-Request-ID: edd5943860159df3aae281ef62291ded5886f1d6[\r][\n]"
[DEBUG] http-outgoing-0 << "Expires: Wed, 16 Apr 2025 10:13:07 GMT[\r][\n]"
[DEBUG] http-outgoing-0 << "Source-Age: 131[\r][\n]"
[DEBUG] http-outgoing-0 << "[\r][\n]"
[DEBUG] http-outgoing-0 << HTTP/1.1 200 OK
[DEBUG] http-outgoing-0 << Connection: keep-alive
[DEBUG] http-outgoing-0 << Content-Length: 946
[DEBUG] http-outgoing-0 << Cache-Control: max-age=300
[DEBUG] http-outgoing-0 << Content-Security-Policy: default-src 'none'; style-src 'unsafe-inline'; sandbox
[DEBUG] http-outgoing-0 << Content-Type: text/plain; charset=utf-8
[DEBUG] http-outgoing-0 << ETag: W/"dc0c32cea2dfa86f6cf10513cf8a64e1e8817484a415b658b4eecd962d4deaee"
[DEBUG] http-outgoing-0 << Strict-Transport-Security: max-age=31536000
[DEBUG] http-outgoing-0 << X-Content-Type-Options: nosniff
[DEBUG] http-outgoing-0 << X-Frame-Options: deny
[DEBUG] http-outgoing-0 << X-XSS-Protection: 1; mode=block
[DEBUG] http-outgoing-0 << X-GitHub-Request-Id: 0E22:3686A4:148369:3184DE:67E612ED
[DEBUG] http-outgoing-0 << Content-Encoding: gzip
[DEBUG] http-outgoing-0 << Accept-Ranges: bytes
[DEBUG] http-outgoing-0 << Date: Wed, 16 Apr 2025 10:08:07 GMT
[DEBUG] http-outgoing-0 << Via: 1.1 varnish
[DEBUG] http-outgoing-0 << X-Served-By: cache-del21750-DEL
[DEBUG] http-outgoing-0 << X-Cache: HIT
[DEBUG] http-outgoing-0 << X-Cache-Hits: 2
[DEBUG] http-outgoing-0 << X-Timer: S1744798088.879795,VS0,VE0
[DEBUG] http-outgoing-0 << Vary: Authorization,Accept-Encoding,Origin
[DEBUG] http-outgoing-0 << Access-Control-Allow-Origin: *
[DEBUG] http-outgoing-0 << Cross-Origin-Resource-Policy: cross-origin
[DEBUG] http-outgoing-0 << X-Fastly-Request-ID: edd5943860159df3aae281ef62291ded5886f1d6
[DEBUG] http-outgoing-0 << Expires: Wed, 16 Apr 2025 10:13:07 GMT
[DEBUG] http-outgoing-0 << Source-Age: 131
[DEBUG] ex-0000000001 connection can be kept alive for 3 MINUTES
[DEBUG] http-outgoing-0 << "[0x1f][0xffffff8b][0x8][0x0][0x0][0x0][0x0][0x0][0x0][0x3][0xffffffb5]X[0xffffffd1]n[0xffffffda]0[0x14]}[0xffffffe7]+,[0xffffffba]J [0x11][0xffffffb2][0x1][0xffffffeb][0xffffffaa]Jy[0xffffffa0][0x19]e[0xffffffd5][0xffffffa8]`[0xffffffd0]v[0xffffff9b][0xffffffe4][0x17][0xffffff93]8`)[0xffffff89]Q[0xffffff9c]@[0xffffffb7][0xffffffa9][0xfffffffb][0xfffffff6]9NB[0xffffffe3]$[0xc]H[0xffffffe0][0xffffffad][0xffffff8e][0xffffff8f][0xffffffef]97[0xffffffdc]s}[0xffffffd3][0xb][0xffffffa0]S[0xffffffc7]A[0xffffffae][0xffffffc9][0xffffff80][0xffffff89]|4G[0xc][0xffffffd7].[0xffffffc0][0xffffffe3][0xffffff92]0`[0x11][0x1b][0x3][0xffffff83][0xffffffba]>".[0x3][0xfffffffe]2\[0xffffffc4]P[0xffffff9f][0xffffff82]9[0x6][0xfffffff8][0x5][0x1b][0xffffff81][0xffffff8f]M@\[0xffffffb1][0xffffffcd][0xffffff96][0xffffffd8][0xffffffb6][0xffffffc3][0x5][0xfffffff5]L[0xffffffec][0xffffff85] [0x13][0xfffffffb][0xffffffd8][0xfffffff0][0xffffffc5][0xffffffe6][0x1a]{[0xffffff8c]P[0xffffffbe]g[0x1][0xffffffcc][0xffffffff]^x[0x18][0xffffffbb]`[0xffffffee][0xffffffd1][\r][0xffffffe3][0x1b][0xffffff9c][0xffffffb2][0xffffffa1]/=[0xffffffea][0xffffffe0][0x16][0xffffffb8]#[0x1e][0xffffffb6][0xffffffe8]K[0xb][0xffffff8c]W[0xffffffd8]C-00[0x17][0xfffffffc][0xffffffa9][0xffffffd8]%[0xffffff81][0xffffffd3][0xc][0xffffffe3][0xffffff9b][0xffffffc4][0xffffffb2][0xffffffb0][0xffffff87]][0x1f][0xffffffd0][0x10][0xffffffe3][0x13]w[0x1][0xffffffd8]/[0xffffffe6]c[0xffffff87][0xffffff81][0xffffffc6]w[0xffffffe2][0xffffff9a]<j[0xb][0xffffff8c][0xffffff88][0x1b][0xfffffff0]0[0xf][0xffffffc8][0x0][0xffffffe3]Y[0xffffffb3][0xffffffc6]9"[0xffffff8a]Z[0xffffff9c]F[0xffffffdb][0x10][0xffffffcb][0xfffffff6]&:[0xffffffd0]~[0xffffffff]A3[0x1c][0xffffffb3][0xffffffcd][0xffffffb3][0x2][0xffffffaa][0xe]6[0xe]1[0xffffffc4]+[0x11][0xffffffaf]a[0xffffffb3][0xffffffe4]|[0xffffffc0]E[0xe][0xffffffd6][0xffffffea][0xffffff97][0xffffff93][0xffffffe9]x8[0xffffffed]?[0xffffffdc][0xffffffdd][0xffffff8f][0x6][0xffffffb3][0x1b][0xffffffa8]Ax[0x9][0xffffffe1][0xffffff90][0xffffffd2][0xffffff85][0xffffff8d]![0xffffff8c]( [0xffffffec][0xffffffaf]V61[0xffffffb8]4[0xffffffea]B[0x18][0x13][0xfffffff1][0xffffffc8]u[0xffffffb0][0xffffffc0]>x[0xffffff8e][0xffffffdf][0xffffff85][0xffffffba]Fv[0xffffffb0][O[0xffffffa7][0xffffff84][0xffffff9e][0xffffffc6][0xffffff8f][0xffffffeb][0xffffffab][0xffffffe6]9Eu[0xf][0x14]5[0x1a][0xffffffeb][0xfffffffd]Q[0x7f]2[0xfffffff9][0xffffffdc][0x7f][0xffffffec][0xffffff9f]SOO[0xffffff9b][0xe][0xffffff86][0xffffffe0][0xffffffdb][0xffffffd3]`[0xfffffffa][0x13]|[0xfffffff9][0xffffffaa]?[0xffffffc1][0x19][0xffffffb5][0xfffffffc][\r][0xfffffff2]p[0xffffffc2][0x16][0xffffff93][0xffffffdd][0xffffff8e]n12D[0xffffffbc][0xffffffa4][0x16]w[0xffffffc6][0xfffffffc][0xffffffa8][0xffffffad][0xffffffe8][0xffffff86]c[0xffffffc2]z[0x16][0xffffffa9]*[0xffffffb1]I@c[0xffffff88]}[0xffffffe5][0xffffff9e][0x17][0x1a][0xffffffa8][0xffffffbf][0xfffffffb][0xffffff83][0xffffffdd][0xfffffff5]M:[0xffffffcd][0xffffffd7][0xc]e:[0xffffffbd]Tv[0xffffffcd]v[0xffffff9c][0xffffffda][0xffffffbd]k[0xffffffd1][0xfffffff6][0xffffffc4][0xffffffa3]f`[0xfffffff8][0xffffffcf]{$][0x1d].)W[0xe][0xffffffe7][0xffffffd4][0xfffffff5][0xffffffa9][0xffffff9c][0xffffffae]SH[0xffffffca]j[0xffffffb2]C[0xffffffbf][0xffffff87].V[0x3][0xffffffe6][0xffffffa9]s[0xffffffe2][0xffffffaa][0xb][0xffffffc1][0xffffffa1]D[0xfffffffb]@Qv[0xfffffffc][0xffffffee][0xfffffff1][0xffffffc1][0xffffff8e][0xffffffb6][0xb][0xffffff9f]=[0xffffffe0] C[0xfffffff0][0xffffffa4]T35J([0xffffffee]1m[0xffffffb4]Z[0xffffffa9]:[0xffffffef][0xffffff9d][0xffffffbc]I1[0xffffff95][0xffffffb7][0xffffffa0][0xfffffff1]L[0x6][0xffffffa4][0xffffffa3][0xfffffff3][0xffffffce][0x14]7[0xffffffbd]-[0xffffff91][0x15][0xffffffad]O[0xffffffd3][0xffffff9b][0x1e][0xffffffe8]ob[0xffffffdb](![0xffffff81]0[0xffffff89][0xffffffbe][0xffffffcf]k9[0x15][0xffffff95];[0xffffffd2][0xffffffe9][0xffffffa4]tS[0xffffffbe][0xffffffaf][0xffffffcb][0xffffffc6][0xffffff8f]I[0xffffffb2]d[0xfffffff5][0xffffffd0][0xfffffffa]z[0xffffffe0][0xffffff85][0x17]G[0xffffffb6][0xffffffac]s[0xffffffe1]{[0xffffff95][0xfffffffc][0x16]1[0xffffffff][0xfffffffd] [0xffffffa5]w[0xffffff90][0xffffffbf]rB[0xffffff8e][0xffffffe8]E[0xffffffb2][0xffffffc1][0xffffff8e][0xffffffd7][0xffffff90][0x13][0xffffff91]wT[0xffffffbc][0x3][0xffffff94][0xfffffff5].pGKar[0xffffffa0]B[0xffffffe7][0xffffffc4][0xffffffbf]O[0xffffff91]g[0xffffffd2][0xffffffb1][0xffffffb8]M[0xffffffc2]Y`[0x1b][0x13][0xfffffff3]E5[0xffffff83][0xffffffc8][0xffffffa5]I[0xc][0xffffff8f]2^C[0x10][0xffffff86]4[0xffffff99][0xffffffdb][0xffffffc9]a[0xffffff82]n_[0xffffff99][0xffffffca][0xffffff9a][0xffffffca][0xffffffd8][0xffffffe5][0xffffff8c]r[0xffffffba];[0xffffffaf][0xffffffca]72[0xffffffc1][0xfffffff5][0xffffffbf][0xffffffbb]R[0xe]Y[0xffffffd2]&[0xffffffaf]Y[0xffffffc6]tr[0xffffffa9][0xffffffdc][0xe][0xffffffb2][0xffffff8c][0xffffffac][0xffffffa8][0xffffffa4]_[0x12][0xffffffe3]V[0xffffff97]U[0xffffff93][0xffffff85][0xffffffe5]=[0xffffffe4]$[0x1c]J[0x8]([0xffffffb8][0xffffff96][0xffffffd2][0xffffffe7]:[0xffffffda]N[0xffffffb8][0xffffff8c]/t[0xffffffd6]6[0x1d][0xffffffe1][0xffffff9c]"[0xffffff83][0xffffffc9][0x8] ]Jb[0x0][0xffffffdf][0xffffffb2][0xffffff88]Q[0xfffffffb]x[0xffffffbf][0x15][0xffffffcd][0xffffff81][0xfffffffc][0xffffff8d]-<[0xffffffe4]0[0x8][0x5][0x5][0xffffff84]Q[0xffffffec]}[0xffffffd5][0xffffff9c]QP[0xffffffc5]][0xffffffa7]QPe[0x16][0xffffff8e]ym[0x14][0xffffffb8][0x6][0xffffffc7][0x1e]K[0xffffffdd][0xffffffab][0xffffff90]|E[0xffffffea][0xffffffd2]7R[0xffffffc4]+[0xffffffd1][0x1e]d[0xfffffff0][0xc][0xffffffff][0x11][0xffffffa3][0xffffffb0]<[0xffffff9d][0xffffff9f][0xffffff88][0xffffffbf][0xfffffff4][0xffffffc8][0xffffffbb]-[0xffffffba]H[0xffffffc8][[0xffffffc9][0xffffff95]Qq][0xfffffff6]-[0xffffff94]S[0xffffff91][0xffffff91][0xffffff91][0xffffffef]j[0xffffffe2]yA3[0xffffff93][0xfffffff0][0x1d]-[0xb][0xffffffcb][0xffffffe0][\n]"
[DEBUG] http-outgoing-0 << "[0xffffffbb][0xffffff98][0x10]Z[0xffffffd4][0xffffffbc][0xffffffc6][0xffffffd9]`[0xffffffc9]7>[0x9][0x1c]yf[0xffffffe7][0xf]N[0xffffffd3][0xffffffba][0xffffff92][0xfffffff0][0x15]>^%-[0xffffff95]'[0xffffffea]S[0xb]:[0xffffffb4][0xffffffa7][0x15]5[0xffffff96]Sk)=]l[0xffffff85]T[0xfffffffe][0xffffffd4][0xffffff95][0xfffffff4]T[0xffffff9b]-[0xffffffce]$[0xffffffaa]t;[0xffffffac][0xffffffa4]'/([0xffffffdf][0x12][0xffffff92]-%[0xfffffffe]7[0xffffffdf][0xffffffae]/[0xfffffff0][0xffffffd4]in[0xffffff87][0xffffffe3][0xf]u[0xfffffff3][0xffffff94][0x7][0xffffff9c][0xffffffea]i[0x5][0xffffffe0]<[0xffffffba][0xffffffb0]#%[0xffffffaf][0xffffffae][0xffffffa8])[0xffffffe9][0x5]Q/[0xffffffc0][0xc]Y[0xffffffc8]#[0xffffffdb][0xfffffff0]L,[0xffffff8b][0xffffff83]G[0xffffffd0][0xffffffa2][0xffffffd0][0xffffffd1]N*[0xfffffff0]?l[0x1d]d@[0xffffffbe][0x15][0x0][0x0]"
[DEBUG] ep-0000000001 releasing valid endpoint
[DEBUG] ep-0000000001 releasing endpoint
[DEBUG] ep-0000000001 connection http-outgoing-0 can be kept alive for 3 MINUTES
[DEBUG] ep-0000000001 connection released [route: {s}->https://raw.githubusercontent.com:443][total available: 1; route allocated: 1 of 5; total allocated: 1 of 25]
[DEBUG] Detecting chrome version using online commands.properties
[DEBUG] Running command on the shell: [cmd.exe, /C, wmic, datafile, where, name="%PROGRAMFILES:\=\\%\\Google\\Chrome\\Application\\chrome.exe", get, Version, /value]
[DEBUG] Result: Version=134.0.6998.178
[DEBUG] Removing resolution chrome134=134.0.6998.165 from cache (expired on Wed Apr 16 12:12:00 IST 2025)
[DEBUG] ex-0000000002 preparing request execution
[DEBUG] ex-0000000002 target auth state: UNCHALLENGED
[DEBUG] ex-0000000002 proxy auth state: UNCHALLENGED
[DEBUG] ex-0000000002 acquiring connection with route {s}->https://googlechromelabs.github.io:443
[DEBUG] ex-0000000002 acquiring endpoint (3 MINUTES)
[DEBUG] ex-0000000002 endpoint lease request (3 MINUTES) [route: {s}->https://googlechromelabs.github.io:443][total available: 1; route allocated: 0 of 5; total allocated: 1 of 25]
[DEBUG] ex-0000000002 endpoint leased [route: {s}->https://googlechromelabs.github.io:443][total available: 1; route allocated: 1 of 5; total allocated: 2 of 25]
[DEBUG] ex-0000000002 acquired ep-0000000002
[DEBUG] ex-0000000002 acquired endpoint ep-0000000002
[DEBUG] ex-0000000002 opening connection {s}->https://googlechromelabs.github.io:443
[DEBUG] ep-0000000002 connecting endpoint (null)
[DEBUG] ep-0000000002 connecting endpoint to https://googlechromelabs.github.io:443 (30 SECONDS)
[DEBUG] googlechromelabs.github.io resolving remote address
[DEBUG] googlechromelabs.github.io resolved to [googlechromelabs.github.io/185.199.109.153, googlechromelabs.github.io/185.199.108.153, googlechromelabs.github.io/185.199.111.153, googlechromelabs.github.io/185.199.110.153]
[DEBUG] googlechromelabs.github.io:443 connecting null->googlechromelabs.github.io/185.199.109.153:443 (30 SECONDS)
[DEBUG] Connecting socket to googlechromelabs.github.io/185.199.109.153:443 with timeout 30 SECONDS
[DEBUG] Enabled protocols: [TLSv1.3, TLSv1.2]
[DEBUG] Enabled cipher suites: [TLS_AES_256_GCM_SHA384, TLS_AES_128_GCM_SHA256, TLS_CHACHA20_POLY1305_SHA256, TLS_ECDHE_ECDSA_WITH_AES_256_GCM_SHA384, TLS_ECDHE_ECDSA_WITH_AES_128_GCM_SHA256, TLS_ECDHE_ECDSA_WITH_CHACHA20_POLY1305_SHA256, TLS_ECDHE_RSA_WITH_AES_256_GCM_SHA384, TLS_ECDHE_RSA_WITH_CHACHA20_POLY1305_SHA256, TLS_ECDHE_RSA_WITH_AES_128_GCM_SHA256, TLS_DHE_RSA_WITH_AES_256_GCM_SHA384, TLS_DHE_RSA_WITH_CHACHA20_POLY1305_SHA256, TLS_DHE_DSS_WITH_AES_256_GCM_SHA384, TLS_DHE_RSA_WITH_AES_128_GCM_SHA256, TLS_DHE_DSS_WITH_AES_128_GCM_SHA256, TLS_ECDHE_ECDSA_WITH_AES_256_CBC_SHA384, TLS_ECDHE_RSA_WITH_AES_256_CBC_SHA384, TLS_ECDHE_ECDSA_WITH_AES_128_CBC_SHA256, TLS_ECDHE_RSA_WITH_AES_128_CBC_SHA256, TLS_DHE_RSA_WITH_AES_256_CBC_SHA256, TLS_DHE_DSS_WITH_AES_256_CBC_SHA256, TLS_DHE_RSA_WITH_AES_128_CBC_SHA256, TLS_DHE_DSS_WITH_AES_128_CBC_SHA256, TLS_ECDH_ECDSA_WITH_AES_256_GCM_SHA384, TLS_ECDH_RSA_WITH_AES_256_GCM_SHA384, TLS_ECDH_ECDSA_WITH_AES_128_GCM_SHA256, TLS_ECDH_RSA_WITH_AES_128_GCM_SHA256, TLS_ECDH_ECDSA_WITH_AES_256_CBC_SHA384, TLS_ECDH_RSA_WITH_AES_256_CBC_SHA384, TLS_ECDH_ECDSA_WITH_AES_128_CBC_SHA256, TLS_ECDH_RSA_WITH_AES_128_CBC_SHA256, TLS_ECDHE_ECDSA_WITH_AES_256_CBC_SHA, TLS_ECDHE_RSA_WITH_AES_256_CBC_SHA, TLS_ECDHE_ECDSA_WITH_AES_128_CBC_SHA, TLS_ECDHE_RSA_WITH_AES_128_CBC_SHA, TLS_DHE_RSA_WITH_AES_256_CBC_SHA, TLS_DHE_DSS_WITH_AES_256_CBC_SHA, TLS_DHE_RSA_WITH_AES_128_CBC_SHA, TLS_DHE_DSS_WITH_AES_128_CBC_SHA, TLS_ECDH_ECDSA_WITH_AES_256_CBC_SHA, TLS_ECDH_RSA_WITH_AES_256_CBC_SHA, TLS_ECDH_ECDSA_WITH_AES_128_CBC_SHA, TLS_ECDH_RSA_WITH_AES_128_CBC_SHA, TLS_RSA_WITH_AES_256_GCM_SHA384, TLS_RSA_WITH_AES_128_GCM_SHA256, TLS_RSA_WITH_AES_256_CBC_SHA256, TLS_RSA_WITH_AES_128_CBC_SHA256, TLS_RSA_WITH_AES_256_CBC_SHA, TLS_RSA_WITH_AES_128_CBC_SHA, TLS_EMPTY_RENEGOTIATION_INFO_SCSV]
[DEBUG] Starting handshake (null)
[DEBUG] Secure session established
[DEBUG]  negotiated protocol: TLSv1.3
[DEBUG]  negotiated cipher suite: TLS_AES_128_GCM_SHA256
[DEBUG]  peer principal: CN=*.github.io
[DEBUG]  peer alternative names: [*.github.io, *.github.com, *.githubusercontent.com, github.com, github.io, githubusercontent.com, www.github.com]
[DEBUG]  issuer principal: CN=Sectigo RSA Domain Validation Secure Server CA, O=Sectigo Limited, L=Salford, ST=Greater Manchester, C=GB
[DEBUG] http-outgoing-1 set socket timeout to 3 MINUTES
[DEBUG] googlechromelabs.github.io:443 connected null->googlechromelabs.github.io/185.199.109.153:443 as http-outgoing-1
[DEBUG] ep-0000000002 connected http-outgoing-1
[DEBUG] ep-0000000002 endpoint connected
[DEBUG] ex-0000000002 executing GET /chrome-for-testing/known-good-versions-with-downloads.json HTTP/1.1
[DEBUG] ex-0000000002 Cookie spec selected: strict
[DEBUG] ep-0000000002 start execution ex-0000000002
[DEBUG] ep-0000000002 executing exchange ex-0000000002 over http-outgoing-1
[DEBUG] http-outgoing-1 >> GET /chrome-for-testing/known-good-versions-with-downloads.json HTTP/1.1
[DEBUG] http-outgoing-1 >> user-agent: Apache-HttpClient/5.0
[DEBUG] http-outgoing-1 >> accept-encoding: gzip, deflate, br
[DEBUG] http-outgoing-1 >> cache-control: max-age=0
[DEBUG] http-outgoing-1 >> connection: keep-alive
[DEBUG] http-outgoing-1 >> Host: googlechromelabs.github.io
[DEBUG] http-outgoing-1 >> "GET /chrome-for-testing/known-good-versions-with-downloads.json HTTP/1.1[\r][\n]"
[DEBUG] http-outgoing-1 >> "user-agent: Apache-HttpClient/5.0[\r][\n]"
[DEBUG] http-outgoing-1 >> "accept-encoding: gzip, deflate, br[\r][\n]"
[DEBUG] http-outgoing-1 >> "cache-control: max-age=0[\r][\n]"
[DEBUG] http-outgoing-1 >> "connection: keep-alive[\r][\n]"
[DEBUG] http-outgoing-1 >> "Host: googlechromelabs.github.io[\r][\n]"
[DEBUG] http-outgoing-1 >> "[\r][\n]"
[DEBUG] http-outgoing-1 << "HTTP/1.1 200 OK[\r][\n]"
[DEBUG] http-outgoing-1 << "Connection: keep-alive[\r][\n]"
[DEBUG] http-outgoing-1 << "Content-Length: 87438[\r][\n]"
[DEBUG] http-outgoing-1 << "Server: GitHub.com[\r][\n]"
[DEBUG] http-outgoing-1 << "Content-Type: application/json; charset=utf-8[\r][\n]"
[DEBUG] http-outgoing-1 << "permissions-policy: interest-cohort=()[\r][\n]"
[DEBUG] http-outgoing-1 << "x-origin-cache: HIT[\r][\n]"
[DEBUG] http-outgoing-1 << "Last-Modified: Wed, 16 Apr 2025 09:10:34 GMT[\r][\n]"
[DEBUG] http-outgoing-1 << "Access-Control-Allow-Origin: *[\r][\n]"
[DEBUG] http-outgoing-1 << "Strict-Transport-Security: max-age=31556952[\r][\n]"
[DEBUG] http-outgoing-1 << "ETag: W/"67ff740a-2a0f62"[\r][\n]"
[DEBUG] http-outgoing-1 << "expires: Wed, 16 Apr 2025 09:23:18 GMT[\r][\n]"
[DEBUG] http-outgoing-1 << "Cache-Control: max-age=600[\r][\n]"
[DEBUG] http-outgoing-1 << "Content-Encoding: gzip[\r][\n]"
[DEBUG] http-outgoing-1 << "x-proxy-cache: HIT[\r][\n]"
[DEBUG] http-outgoing-1 << "X-GitHub-Request-Id: BF5D:1DB5F5:34B2D5:3EAEB1:67FF74C1[\r][\n]"
[DEBUG] http-outgoing-1 << "Accept-Ranges: bytes[\r][\n]"
[DEBUG] http-outgoing-1 << "Date: Wed, 16 Apr 2025 10:08:08 GMT[\r][\n]"
[DEBUG] http-outgoing-1 << "Via: 1.1 varnish[\r][\n]"
[DEBUG] http-outgoing-1 << "Age: 228[\r][\n]"
[DEBUG] http-outgoing-1 << "X-Served-By: cache-hyd1100024-HYD[\r][\n]"
[DEBUG] http-outgoing-1 << "X-Cache: HIT[\r][\n]"
[DEBUG] http-outgoing-1 << "X-Cache-Hits: 18[\r][\n]"
[DEBUG] http-outgoing-1 << "X-Timer: S1744798089.543518,VS0,VE1[\r][\n]"
[DEBUG] http-outgoing-1 << "Vary: Accept-Encoding[\r][\n]"
[DEBUG] http-outgoing-1 << "X-Fastly-Request-ID: 8d18f692fc10b49af3548e197463a50da5baa822[\r][\n]"
[DEBUG] http-outgoing-1 << "[\r][\n]"
[DEBUG] http-outgoing-1 << HTTP/1.1 200 OK
[DEBUG] http-outgoing-1 << Connection: keep-alive
[DEBUG] http-outgoing-1 << Content-Length: 87438
[DEBUG] http-outgoing-1 << Server: GitHub.com
[DEBUG] http-outgoing-1 << Content-Type: application/json; charset=utf-8
[DEBUG] http-outgoing-1 << permissions-policy: interest-cohort=()
[DEBUG] http-outgoing-1 << x-origin-cache: HIT
[DEBUG] http-outgoing-1 << Last-Modified: Wed, 16 Apr 2025 09:10:34 GMT
[DEBUG] http-outgoing-1 << Access-Control-Allow-Origin: *
[DEBUG] http-outgoing-1 << Strict-Transport-Security: max-age=31556952
[DEBUG] http-outgoing-1 << ETag: W/"67ff740a-2a0f62"
[DEBUG] http-outgoing-1 << expires: Wed, 16 Apr 2025 09:23:18 GMT
[DEBUG] http-outgoing-1 << Cache-Control: max-age=600
[DEBUG] http-outgoing-1 << Content-Encoding: gzip
[DEBUG] http-outgoing-1 << x-proxy-cache: HIT
[DEBUG] http-outgoing-1 << X-GitHub-Request-Id: BF5D:1DB5F5:34B2D5:3EAEB1:67FF74C1
[DEBUG] http-outgoing-1 << Accept-Ranges: bytes
[DEBUG] http-outgoing-1 << Date: Wed, 16 Apr 2025 10:08:08 GMT
[DEBUG] http-outgoing-1 << Via: 1.1 varnish
[DEBUG] http-outgoing-1 << Age: 228
[DEBUG] http-outgoing-1 << X-Served-By: cache-hyd1100024-HYD
[DEBUG] http-outgoing-1 << X-Cache: HIT
[DEBUG] http-outgoing-1 << X-Cache-Hits: 18
[DEBUG] http-outgoing-1 << X-Timer: S1744798089.543518,VS0,VE1
[DEBUG] http-outgoing-1 << Vary: Accept-Encoding
[DEBUG] http-outgoing-1 << X-Fastly-Request-ID: 8d18f692fc10b49af3548e197463a50da5baa822
[DEBUG] ex-0000000002 connection can be kept alive for 3 MINUTES
[DEBUG] http-outgoing-1 << "[0x1f][0xffffff8b][0x8][0x0][0x0][0x0][0x0][0x0][0x0][0x3][0xffffffcc][0xffffffbd][0xffffffdd][0xffffff8e],Iv^[0xfffffff9].}[0xffffffad].[0xffffff86][0xffffffdb][0xffffff9f][0xffffff9b][0xfffffff1]9t5[0xffffff83][0xffffffb9][0xffffffe8]!{[0xffffffc8][0x6][0xffffff9a]l[0xffffffa2][0xffffff9b][0xffffff92][0x6]#[0xffffffe8][0xffffffdd]'22[0xffffffcf][0xffffffc9],[0xffffffdb]_[0x1c]U[0xfffffff8]i[0xffffffec][0xfffffff5]A[0x12][0x8]J[0xffffff9d][0xffffffe5]&baa[0xffffff95][0xffffff87][0xffffffed][0xffffffed][0xffffffff][0xfffffff3]w[0xffffffff][0xfffffff9][0xffffffa7][0x7f][0xfffffffb][0xffffffe3][0xffffffdf][0xfffffffe][0xfffffff3][0xf][0xffffffff][0xfffffff6][0x1f][0xffffffbf][0xfffffffb][0xffffffc7][0xffffffdf][0xffffff95][[0xffffffe9][0xffffffbf][0xffffffbf][0xffffffb5][0xffffffdf][0x1f][0xffffffe3][0xffffffbf][0xffffffde][0xffffffd6]?[0xffffffde][0xffffffff]w[0xffffffeb][0xffffffbf][0xffffffd4][0xffffffdb][0xffffffed][0xffffffff][0xfffffff8][0xffffffdd][0x7f][0xfffffff9][0xffffffdd][0x7f][0xffffffff][0xffffffe3]_[0xffffffff][0xfffffff6][0xffffffa7][0xffffffbf][0xfffffffc][0xfffffffb][0xffffffdf]~[0xfffffff7][0xffffff8f][0xffffffff][0xffffffe7][0xffffffff][0xfffffffc][0xfffffff6][0xffffffdf][0xffffffdc][0xffffffff][0xffffffe2]8[0xffffffea]/[0xffffffb7]_[0xfffffffa]8[0xffffffcb]/[0xffffffb7][0xfffffffb][0x7f][0xffffffea][0xffffffaf][0x7f][0xfffffffc][0xffffffef][0x7f][0xfffffffa][0xfffffffe][0xffffffff]R[0xffffff8e][0xffffffd6][0xfffffffb][0xfffffffd][0xffffffff][0xfffffff2][0xffffff9f][0xffffffff][0xfffffff2]?[0xfffffffe][0xfffffffd][0xffffffcf][0x7f][0xfffffff9][0xffffffc3]?[0xffffffdf][0xffffffff][0xfffffff6][0x7f][0xfffffffe][0xffffffee][0xffffff9f][0xfffffffe][0xfffffff5][0xffffffaf][0x7f][0xfffffff9][0xffffffb7]?>[0xfffffffe])[0xffffffff][0xfffffff1][0xffffffe7]?[0xfffffffc][0xffffffe7][0xffffffff][0xfffffff3][0xffffff97][0xffffffbf][0xfffffffe][0xffffffdb][0xfffffffd]?[0xfffffffc][0xffffffe7]?[0xfffffffd][0xfffffffb][0x7f][0xfffffffb][0x7f]G[0xffffffbb][0xffffffff][0xffffff87][0xffffffff][0xffffffdb]_[0xffffffff]|[0xffffffff][0xffffffef][0xffffffff][0xfffffff5]?[0xffffffff][0xfffffff3]?[0xfffffffe][0xfffffff6][0xffffff8f][0xffffffff][0xfffffff0][0xf][0x7f][0xfffffffb][0xffffffcf][0xffffffbf][0xfffffffc][0xfffffff5][0xf][0xffffffff][0xfffffff2][0xffffffc7]_[0xfffffffe][0xffffffe5]/[0x7f][0xfffffff9][0xffffff97]?[0xffffffff][0xfffffff1][0xf][0xffffffff][0xfffffff1][0xffffffa7][0xffffffbf][0xfffffffd][0xfffffff2]O[0x7f][0xfffffff9][0xffffffb7][0x7f]x[0xffffffff][0xffffff87][0xfffffffc][0xfffffffe][0xfffffffe][0xffffffc7][0xffffffbf][0xffffffff][0xffffffcf][0xfffffffb][0xffffffe1][0xffffffff][0xfffffff4][0xffffffef][0xffffffff][0xfffffff2][0xfffffffb][0xffffffff][0xfffffff8]o[0xffffffff][0xfffffff7][0xffffff9f][0xffffffff][0xfffffff4]O[0xffffffff][0xfffffff0][0xfffffff5]<[0xffffffff][0xfffffff0][0xfffffff1]O[0xfffffffd][0xfffffff6][0x1f][0xffffffff][0xfffffff8]o[0x7f][0xfffffff9][0xffffffff][0xfffffffe][0xfffffff4][0x1f][0xffffffbf][0xfffffffb]_[0xffffffff][0xffffffe5]W[0xffffffcf][0xffffffff][0xffffffb7]?[0xfffffffc][0xffffffd3][0xffffffef][0xffffffff][0xfffffff0][0xffffffd7][0x7f][0xfffffffb][0xffffffbb][0xffffff9f][0xffffffe0][0xfffffffb]?[0xfffffff7][0xffffffdb][0x1f]|[0xffffffff][0xffffffbf]xv[0xffffff8a][0xffffffbf][0xffffffff][0xffffffff][0x14]>[0xfffffffe][0xffffffa9]_O[0xfffffff0][0xffffffe4][0x7f][\n]"
[DEBUG] http-outgoing-1 << "[0xffffffff][0xffffffe3]O[0xffffffff]^[0xffffffcb][0xffffffdf][0xfffffff9][0xffffffe9][0xffffff8f][0x7f][0xffffffe6][0xffffffb7][0xffffffff][0xfffffff0][0xffffffe3][0xffffffbf]y[0xfffffff2][0xffffffe4][0xffffffbf][0xfffffffb][0xffffffff][0xffffffbf][0x1f][0xffffffff][0xffffffcc]/O[0xfffffffe][0xfffffff6][0xffffffff][0xffffffe7][0xffffffff][0xffffffeb][0x7f][0xffffffbd]=\"\[0xffffffbb][0x19][0xffffffc3][0xffffffb5][0xffffffe3][0x10][0xffffffdf][0xffffff8f][0xffffffc0]S[0xfffffffc]q[0x8][\n]"
[DEBUG] http-outgoing-1 << "[0xffffffe3][0xfffffffb][0xffffffe3])[0xffffff8e][0xffffffdf][0x1f][0xfffffffd]*[0xffffffc8][0xffffffa3][0xffffff9a][0xffffff81]<*[0xe][0xfffffff2][0xfffffffd][0x8]<[0xffffffc8][0x1f][0xffffff87][0xffffffa0]@[0xffffffbe]?[0xffffff9e][0x2][0xfffffff9][0xfffffffd][0xffffffd1][0xffffffbf][0x11][0xffffffe4][0xfffffff6][0xfffffff8][0xffffffab]5DT[0xffffff8c]2V:[0xffffffc7][0xffffff9f][0xffffffe7][0xffffffa1]0[0xfffffffe]r[0x2][0xffffff8c][0xffffffe2][0xffffffed][0xc][0xffffffc9][0x10][0x7f]yz2[0xffffffc3][0xffffffbf]~[0xfffffff2]+[0x8][0xffffff9f][0xffffffb7])[0x10][0xffffff9e][0xffffffb5][0x1f][0xc][0xffffffc2][0xffffff8f][0xfffffff3][0xffffffa0][0x8][0xffffffbf][0xffffff9f][0xffffff80]E[0xfffffff8][0xfffffff3][0xc][0x4][0xffffffc2][0xffffffef]O'[0x10][0xfffffffe][0xfffffffe][0xffffffe4][0xffffffd7][0x10]^[\n]"
[DEBUG] http-outgoing-1 << "[0xffffffe1][0xffffffde][0x1a][0xffffff85][0xfffffff0][0xffffffc2][0x11]^[0x6][0x8]/[0x14][0xffffffe1][0xffffff85]![0xffffffbc]. |[0xffffffdc][0x14][0xffffffc2][0xffffffb3]N[0x8][0xffffffe1][0xffffffb7][0xfffffff3][0xffffffb0][0x8]?N[0x0]#[0xfffffffc][0xfffffffd][0xc][0x8][0xffffffc2][0xffffff8f][0xffffffa7]#[0x8][0x7f]{[0xfffffff2]k[0x8][0x1f][0xffffffbf][0xffffffc4][0x7f][0xffffffa7][[0xffffffc7][0xffffffb8]Q[0x8][0xffffffdf][0xffffffcf][0x3]#[0xfffffffc]v[0x2][0x1a][0xffffffe1]og`[0x10]~{:[0xffffff83][0xfffffff0][0xffffffc7][0xffffff93]_C[0xffffffb8][\n]"
[DEBUG] http-outgoing-1 << "[0xb][0xffffffaf]sP![0xfffffff1]v[0x1e][0x18][0xffffffe1]j`[0xffffffe1][0xffffff8a]Z[0xffffffb8]b[0x16][0xffffffae]W,[0xffffffdc]#[0xffffffc2][0xfffffff5]Vg[0xffffffa5][0x10][0xffffffee]8[0xffffffc2][0xffffffdd][0x0][0xffffffe1][0xffffff8e]"[0xffffffdc]1[0xffffff84][0xfffffffb][0x15][0xffffff84][0xffffffc5][0x1b][0xffffff89]z[0x14][0xffffffe0][0xffffffe5][0xfffffff0][0xffffffe7]y`[0xffffff84][\r][0xffffffde]H[0x1c][0xffffffe8][0x1b][0xffffff89][0x3]{#q\y#Qn[0xffffffbf][0xffffffb4][0xffffff88][0xfffffff0][0xffffffbc][\r][0x8][0xffffffe1][0xffffffb7][0xfffffff3][0xffffffb0][0x8]?N[0x0]#[0xfffffffc][0xfffffffd][0xc][0x8][0xffffffc2][0xffffff8f][0xffffffa7]#[0x8][0x7f]{[0xfffffff2]k[0x8][0xffffff8b][0xfffffffb][0x12][0xffffffb5]4[0xe]a[0xfffffff0][0xffffffbe][0xffffffc4][0xffffff97][0x13][0xffffffd0][0x8]C[0xfffffff7]%[0xffffffbe]<[0xffffff9d]A[0xfffffff8][0xffffffb5][0xfffffffb][0x12][0x1f][0x7f][0xffffffd4][0x4][0xffffffc2][0xfffffff5]vPo$[0xffffffde][0xffffffce][0x3]#[0xffffffdc][0xc][0x10]n([0xffffffc2][\r]C[0xffffffb8]]AX[0xffffffb5]p+[0x7][0xfffffff5][0xffffffeb]\[0xffffffc1][[0xffffffb8][0x18][0xffffffb4]pA[[0xffffffb8]`-\[0xffffffae][0xffffffb4]pU![0xffffffd1][0xffffffda]*[0x10][0xffffffc2][0x15][0xf][0xffffff89]j[0x10][0x12][0x15][\r][0xffffff89][0xffffff8a][0xffffff85]D[0xffffffbd][0x12][0x12]U[0xffffffbc][0x17][0xffffffae]m[0xffffff9e][0xffffffd4][0x1b][0xffffff89][0xffffff8a][0xffffffbf][0x17][0xffffffae][0x6][0xffffffef][0xffffff85]+[0xfffffffa]^[0xffffffb8]b[0xffffffef][0xffffff85][0xffffffeb][0xffffff95][0xfffffff7][0xffffffc2]U[0xffffffb5]p?n[0x18][0xffffffc2]x[0xb]W[0xffffff83][0x16][0xfffffffe]~[0x6][0x6]a[0xffffffac][0xffffff85][0xffffffbf]=[0xfffffff9]5[0xffffff84][0xffffffd5]O[0x1b][0xffffffbd][0xffffff9f][0xffffffd4][0xffffffbf][0xffffffce]U[0xfffffffc][0xffffffa7][0xffffff8d]j[0xfffffff0][0xffffffd3]FE[0x7f][0xffffffda][0xffffffa8][0xffffffd8]O[0x1b][0xfffffff5][0xffffffca]O[0x1b][0xfffffff7]?*f[0x8][0x17][0x1c][0xffffffe1]b[0xffffff80]pA[0x11].[0x18][0xffffffc2][0xffffffe5][\n]"
[DEBUG] http-outgoing-1 << "[0xffffffc2][0xffffffe1][0xffffff9a][0xf][0xffffff8c]0|[0xffffffcd][0xffffffe7]q[0x2][0x1e]a[0xfffffff0][0xffffff9a][0xffffffcf][0xffffffe3][0xffffffe9][0x14][0xffffffc2][0xffffffaf]_[0xfffffff3][0xffffffb9][0xffffffff][0xffffffd1]0Cx[0xffffffe0][0x8][0xf][0x3][0xffffff84][0x7][0xffffff8a][0xfffffff0][0xffffffc0][0x10][0x1e]W[0x10]>[0xffffffdc][0x18]>x[0xffffff88][0xf][0x7][0xffffff8a][0xf][0x16][0xffffffe3][0xffffff83][0xffffffe3][0xfffffff8][0xffffffb8][0x4]rq[0x3][0xffffffb9][0xfffffff0] [0x17][0x7][0xffffff90][0xb][0xb]r[0xffffffe1]@.[0xffffff97]@[0xffffff8e][0xffffffc3][0xfffffff9]0[0xffffffc8][0xffffffdc]p[0xfffffffe][0xffffffd7]#[0xfffffff0] 3[0xffffffc3][0xfffffff9]_[0x1f]O[0xffffff81][0xfffffffc][0xffffffd2]p[0xfffffffe][0xfffffff7][0xffffffbf]jn 7[0x1e][0xffffffe4][0xffffffe6][0x0]rcAn[0x1c][0xffffffc8][0xffffffed][0x12][0xffffffc8][0xffffffcb][0xffffffed][0xffffff85][0xfffffff1][0xffffffe2][0xffffffdf][0x18][0xffffffdf][0xffffff8f][0xffffffc0][0xffffff83][0xfffffffc]q[0x8][\n]"
[DEBUG] http-outgoing-1 << "[0xffffffe4][0xffffffc5][0xffffffbd]4^[0xffffff97][0xffffffde][0x1a][0x1f][0xffffffd5][0xffffffed][0xffffffa5][0xffffffdb][0xfffffffd]D8[0xffffffca]og[0xffffffe0]Y[0xfffffffe]v[\n]"
[DEBUG] http-outgoing-1 << "[\n]"
[DEBUG] http-outgoing-1 << "[0xffffffe6][0xffffffb7][0xffffffe7]S4[0x7f]<[0xfffffffb]7[0xffffffe2][0xffffffdc][0xffffffdf][0xffffffff]L[0xffffff8c][0xffffffeb][0xffffffd7][0xfffffff3]6[0xfffffff2]/[0x4]}[0xffffff9e][0xffffff87]B[0xfffffff9][0xffffffcb][0x9]0[0xffffff90][0xffffffb7]3$c[0xfffffffc][0xffffffe5][0xffffffe9][0xffffffc9][0x10][0xffffffff][0xfffffffa][0xffffffc9]/![0xffffffdc][0xffffffc4][0xffffffb8]~=[0xffffffeb][0xffffffcc][0xffffffbf][0xffffff96][0xfffffff9]y[0x1e][0x16][0xffffffe1][0xffffff86][0xffffff8e][0xffffffeb]og@[0x10]n[0xffffffc0][0xffffffb8][0xfffffffe][0xffffffaf][0xffffff9f][0xfffffffc][0x1a][0xffffffc2][0xffffff87]B[0xffffffb8][0xffffffb7][0xfffffffc][0xffffffa4][0xfffffff8]<[0xf][0xffffff8c][0xfffffff0]a[0xffffff80][0xfffffff0][0xffffff81]"|`[0x8][0x1f]W[0x10]V7[0xffffff8b][0xffffffcf][0xffffffbe]N[\n]"
[DEBUG] http-outgoing-1 << "a[0xfffffff0]f[0xfffffff1][0xffffff97][0x13][0xffffffd0][0x8]C7[0xffffff8b][0xffffffbf]<[0xffffff9d]A[0xfffffff8][0xffffffb5][0xffffff9b][0xffffffc5][0x1f][0x7f][0xffffffa4]n[0x16][0xffffff9f][0xffffffa3][0xffffffe5]/[0x10][0xfffffffc]<[0xf][0xffffff8c]0z[0xffffffb3]x;[0x3][0xffffff83]0p[0xffffffb3][0xfffffff8][0xffffffd7]O~[\r][0xffffffe1]&[0x11]^[0xfffffff9][0x1b]'>[0xffffffcf][0x3]#[0xffffffdc][0xc][0x10]n([0xffffffc2][\r]C[0xffffffb8]]A[0xfffffff8][0x14][0x8][0xffffffcf]R[0xffffffb0][0xffffff90]8q[0xffffff84]O[0x3][0xffffff84]O[0x14][0xffffffe1][0x13]C[0xfffffff8][0xffffffbc][0xffffff82][0xffffffb0]z[0xffffffa9]6g[0xffffffc7],[0xffffff8c][0xffffffbf]Tk[0x6]/[0xffffffd5][0x1a][0xfffffffa]R[0xffffffad]a/[0xffffffd5][0xffffffda][0xffffff95][0xffffff97]j][0xffffffbd]T[[0xffffffe5][0xffffffa0][0x10][0xffffffee][0xfffffff8]K[0xffffffb5]n[0xfffffff0]R[0xffffffad][0xffffffa3]/[0xffffffd5]:[0xfffffff6]R[0xffffffad]_y[0xffffffa9][0xffffffd6][0xffffffd5]K[0xffffffb5][0xffffffd5][\n]"
[DEBUG] http-outgoing-1 << "[0xfffffff5]R[0xffffffad][0xffffffe3]/[0xffffffd5][0xffffffba][0xffffffc1]K[0xffffffb5][0xffffff8e][0xffffffbe]T[0xffffffeb][0xffffffd8]K[0xffffffb5]~[0xffffffe5][0xffffffa5][0xffffffda][0xfffffffd][0xffffff8f][0xffffffe2][0xffffff88][0x12][0xffffff8b]06[0xffffffa2][0xfffffff4][0xffffffe5][0x4]<[0xffffffc2][0xffffffc8][0xffffff88][0xffffffd2][0xffffff97][0xffffffa7]S[0x8][0xffffffbf]2[0xffffffa2][0xfffffff4][0xfffffff1]GE!|[0xffffffef]j[\n]"
[DEBUG] http-outgoing-1 << "[0xffffffe1][0xffffff82]#\[0xc][0x10].([0xffffffc2][0x5]C[0xffffffb8]\A"
[DEBUG] http-outgoing-1 << "X[0xffffffbc][0x17]n[0xffffffb7][[0xffffffc9][0xffffffdf][0xffffffbe][0xfffffff6]y[0x1e][0x18]a[0xffffff83][0xfffffff7][0xffffffc2][0x1d]}/[0xffffffdc][0xffffffb1][0xfffffff7][0xffffffc2][0xfffffffd][0xffffffca]{[0xffffffe1][0xffffffde][0x15][0xffffffc2][0x1d][0xffffffd8]8[0xfffffff1]y[0x1e][0x18][0xffffffe1]n[0xffffff80]pG[0x11][0xffffffee][0x18][0xffffffc2][0xfffffffd][\n]"
[DEBUG] http-outgoing-1 << "[0xffffffc2][0xffffffe2][0xfffffff3]^w[0xffffff84][0xffffffb1][0xffffff9b]j[0x1d][0xfffffffc][0xffffffbc][0xffffffd7][0xffffff97][0x13][0xffffffd0][0x8]C[0xffffff9f][0xfffffff7][0xfffffffa][0xfffffff2]t[0x6][0xffffffe1][0xffffffd7]>[0xffffffef][0xfffffff5][0xfffffff1]G[0xffffffe2][0xffffffa7][0xffffff8d]v[0x1b][0xffffff9c][0xffffff85][0xfffffff1][0xffffff9f]6[0xffffffba][0xffffffc1]O[0x1b][0x1d][0xfffffffd]i[0xffffffa3]c?m[0xfffffff4]+?mt[0xffffffb1][0x3][0xfffffff3][0xffffff8e]0[0xfffffff0]a[0xffffff99][0xffffffcf][0xfffffff3][0xffffffc0][0x8][0xffffffa3];0[0xffffffb7]30[0x8][0x3];0[0x7f][0xfffffffd][0xffffffe4][0xffffffd7][0x10][0x16][0xffffffbf][0xffffffce][0xffffffb5][0xffffffdb]yR[0xfffffff7][0xffffff85];[0xfffffffe][0xffffffeb]\7[0xfffffff8]u[0xffffffae][0xffffffa3][0xffffffbf][0xffffffce]u[0xffffffec][0xffffffd7][0xffffffb9]~[0xffffffe5][0xffffffd7][0xffffffb9]!~[0xffffffda]h[0xffffffc8]W9>[0xffffffcf][0xffffffc3]"<[0xc]~[0xffffffda][0x18][0xffffffe8]O[0x1b][0x3][0xfffffffb]ic\[0xfffffff9]ic[0xffffff88][0xfffffffb][0xffffffc2][0xffffffed][0x18][0xffffff95]z[0xffffffa9]6[0xfffffff0][0xfffffffb][0xffffffc2][0xffffffc3][0xffffffe0][0xffffffbe][0xfffffff0]@[0xffffffef][0xb][0xf][0xffffffec][0xffffffbe][0xfffffff0][0xffffffb8]r_[0xfffffff8][0xfffffffe]G[0xffffffcd][0xc]a[0xffffffec][0xffffffc3]2_N[0xffffffc0]#[0xffffff8c]|X[0xffffffe6][0xffffffcb][0xffffffd3])[0xffffff84]_[0xfffffff9][0xffffffb0][0xffffffcc][0xffffffc7][0x1f][0xffffffa9][0xffffff9f]6[0xffffff8e]5[0xffffffa8][0x16][0x1e][0xfffffff8]O[0x1b][0xffffffc3][0xffffffe0][0xffffffa7][0xffffff8d][0xffffff81][0xfffffffe][0xffffffb4]1[0xffffffb0][0xffffff9f]6[0xffffffc6][0xf][0x7f][0xffffffda][0xfffffff8]/[0x1f][0x10][0xfffffffe][0xfffffff3]_[0xffffffff]t[0x7][0xffffff99]@[0xfffffff1][0xfffffffd][0xffffffc9][0xe]@~[0xffffff9c][0x4][0xffffffc7][0xfffffff2][0xffffffcb]9 8?N[0xffffff80]![0xfffffffa][0xfffffff9][0xfffffffc][0xffffffff][0xffffffad]k[0xffffffbb]pm[0x19][0xffffffc0]g[0xffffffc5]?[0xffffffcf][0x3][0xffffffbb][0xffffffb6][0x1b][0xffffffb8][0xffffffb6][0x7][0xffffffa8]3q[0xffffffee][0xffffff98]k[0xffffffbb][0xffffff93]k#[0xffffff8a][0xffffff8c]k[0x15][0xffffff90][0xffffff8c]k#[0xffffff96][0xfffffff9][0xffffffae][0xffffffdd][0xffffffe1][0xffffffcc]v[0xffffffed][0xffffff8e][0xffffffe8][0xb][0xffffffae]U[0xffffffbf][0xffffffb4][0xffffffd5]cb[0xffffffae][0xffffffc5][0x7f]i[0x1b][0x6][0xffffffbf][0xffffffb4][\r][0xfffffff4][0xffffff97][0xffffffb6][0xffffff81][0xfffffffd][0xffffffd2]6~[0xfffffff8]K[[0xffffffb6]k#[0xffffff8a][0xffffff8c]k[0x15][0xffffff90][0xffffff8c]k#[0xffffff96][0xfffffff9][0xffffffae][0xffffffdd][0xffffffe1][0xffffffcc]v[0xffffffed][0xffffff8e][0xffffffe8][0xb][0xffffffae]U?[0x9][0xffffffd7]^[0xffffffb1][0x1f]#[0xfffffff0][0xffffff9f][0xffffff84][0xffffff87][0xffffffc1]O[0xffffffc2][0x3][0xfffffffd]Ix`?[0x9][0xffffff8f][0x1f][0xfffffffe]$[0xffffff9c][0xffffffed][0xffffffda][0xffffff88]"[0xffffffe3]Z[0x5]$[0xffffffe3][0xffffffda][0xffffff88]e[0xffffffbe]kw8[0xffffffb3]][0xffffffbb]#[0xfffffffa][0xffffff82]k[0xffffffd5][0xffffffdd][0xffffff85]::[0xffffffb5][0xffffffa2]d[0xffffffe0]w[0x17][0xffffff86][0xffffffc1][0xffffffdd][0xffffff85][0xffffff81][0xffffffde]][0x18][0xffffffd8][0xffffffdd][0xffffff85][0xfffffff1][0xffffffc3][0xffffffbb][0xb][0xffffffd9][0xffffffae][0xffffff8d](2[0xffffffae]U@2[0xffffffae][0xffffff8d]X[0xffffffe6][0xffffffbb]v[0xffffff87]3[0xffffffdb][0xffffffb5];[0xffffffa2][0xffffffbf][0xffffffdd][0xffffffb5][0xffffffa7][0x18][0xffffff81]o[0xfffffff5]<[0xffffffa8][0xffffffc9][0xffffffb5][0x13][0x1f][0xffffff81]?[\r]F[0xffffffe0]Ot[0x4][0xfffffffe][0xffffffc4]F[0xffffffe0][0xffffffcf][0x1f][0xffffff8e][0xffffffc0]'[0xffffffbb]V[0xffffffa0][0xffffff88][0xffffffb8]V[0x2][0xffffff89][0xffffffb8]V`[0xffffff99][0xffffffee][0xffffffda][0x0]g[0xffffffb2]k[0x3][0xffffffa2]/[0xffffffb8]V]h[0xffffffac][0xfffffff7]R[0xffffffa6]\[0xffffff8b]_h<[\r].4[0xffffff9e][0xffffffe8][0xffffff85][0xffffffc6][0x13][0xffffffbb][0xffffffd0]x[0xfffffffe][0xfffffff0]Bc[0xffffffb6]k#[0xffffff8a][0xffffff8c]k[0x15][0xffffff90][0xffffff8c]k#[0xffffff96][0xfffffff9][0xffffffae][0xffffffdd][0xffffffe1][0xffffffcc]v[0xffffffed][0xffffff8e][0xffffffe8][0xb][0xffffffae]U7o[0xffffffeb]<[0xffffffa8]k[0xffffff8b]'~[0xfffffff3][0xfffffff6]4[0xffffffb8]y{[0xffffffa2]7oO[0xffffffec][0xffffffe6][0xffffffed][0xfffffff9][0xffffffc3][0xffffff9b][0xffffffb7][0xffffffd9][0xffffffae][0xffffff8d](2[0xffffffae]U@2[0xffffffae][0xffffff8d]X[0xffffffe6][0xffffffbb]v[0xffffff87]3[0xffffffdb][0xffffffb5];[0xffffffa2]/[0xffffffb8]V[0xffffffdd][0xffffffaf][0xffffffad][0xb][0xfffffff8]V[0xffffffd0][0xffffffe7]y`[0xffffffd7][0x1a][0xffffffdc][0xffffffaf]=[0xffffffe3]E[0xffffffc6]L[0xffffff9c][0xffffffb1][0xfffffffb][0xffffffb5][0xffffffe7]~y[0x11]u[0xffffffad][0xffffffc9][0xfffffffd]Z[0x9]$[0xffffffe3]Z[0xffffff83][0xfffffffb][0xffffffb5][0x1][0xffffffce]l[0xffffffd7]^[0xffffffbf]_{[0xffffffff][0xffffffd3]f[0xffffffe6]Zx[0x1c][0xffffffe7]q[0x2][0xffffffde][0xffffffb5][0xffffffe0]8[0xffffffce][0xffffffe3][0xffffffe9][0xffffff94]k[0x7f]0[0xffffff8e][0xffffff93][0xffffffef][0xffffffda][0x1d]E[0xffffffca][0xffffffb5][0x11]H[0xffffffca][0xffffffb5];[0xffffff96][0xffffff84]k[0x1b][0xffffffec][0xffffffda]v[0xffffffd5][0xffffffb5]j[0x19]S[[0xffffffd8]z[0xffffffe8][0x13]_[0xffffffc6]t[0x1a],c:[0xffffffd1]eL'[0xffffffb6][0xffffff8c][0xffffffe9][0xfffffffc][0xffffffe1]2[0xffffffa6]l[0xffffffd7]F[0x14][0x19][0xffffffd7]* [0x19][0xffffffd7]F,[0xfffffff3]][0xffffffbb][0xffffffc3][0xffffff99][0xffffffed][0xffffffda][0x1d][0xffffffd1][0x17]\[0xffffffab]f[0x19]z[0xffffffc1][0xffffffbe]&q[0xffffffe2][0xffffffb3][0xc][0xffffffa7][0xffffffc1],[0xffffffc3][0x19]/[0xffffff8d]g[0xffffffe2][0xffffff8c][0xffffffcd]2[0xffffff9c][0xfffffffb]Eq[0xffffffd4][0xffffffb5]&[0xffffffb3][0xc][0x12]H[0xffffffc6][0xffffffb5][0x6][0xffffffb3][0xc][0x1][0xffffffce]l[0xffffffd7]^[0xffffff9f]e[0xffffff98][0xffffffea][0x1e][0xffffffc2]h[0xffffffd8]'[0x0]'~[0xf]a[0x1a][0xffffffdc]C[0xffffff98][0xfffffff1][0x7][0xffffffdf]D[0xffffff9c]'v[0xf]a[0xffffffee]?[0xfffffff2][0xffffff92][0xffffffae][0x15]("[0xffffffae][0xffffff95]@"[0xffffffae][0x15]X[0xffffffa6][0xffffffbb]6[0xffffffc0][0xffffff99][0xffffffec][0xffffffda][0xffffff80][0xffffffe8][0xb][0xffffffae][0xffffffed][0xffffffca][0xffffffb5][0xffffffab]4[0xffffffca][0xffffffb5][0x1d]wm7pm[0xf]Pg[0xffffffe2][0xffffffdc]1[0xffffffd7]v'[0xffffffd7]F[0x14][0x19][0xffffffd7]* [0x19][0xffffffd7]F,[0xfffffff3]][0xffffffbb][0xffffffc3][0xffffff99][0xffffffed][0xffffffda][0x1d][0xffffffd1][0x17]\[0xffffffab][0xffffffe6][0xffffffc6][0xffffffce][0xfffffffb]?[0xffffff91]r->76[\r][0xffffffe6][0xffffffc6]f[0x1c][0xffffffd0][0xffffffc9][0xffffffc4][0x19][0xffffff9b][0x1b][0xffffff9b][0xfffffffb]P[0xe][0xffffffea]Z[0xffffff93][0xffffffb9]1[0x9]$[0xffffffe3]Z[0xffffff83][0xffffffb9][0xffffffb1][0x0]g[0xffffffb6]k[0xffffffaf][0xffffffcf][0xffffff8d][0xffffffad][0xffffffdb]/5[0xffffffb8]v[0xffffffde][0xffffffff][0xf][0xffffffe4][0xffffffda][0xffffffb7][0xfffffff3][0xffffffb0][0xffffffae]}[0xffffff9c][0x0]v[0xffffffed][0xfffffff7]3 [0xffffffae]}<[0x1d]q[0xffffffed][0xffffffb7]'[[0xffffffb8]V[0xffffffa0][0xffffff88][0xffffffb8]V[0x2][0xffffff89][0xffffffb8]V`[0xffffff99][0xffffffee][0xffffffda][0x0]g[0xffffffb2]k[0x3][0xffffffa2]/[0xffffffb9][0xfffffff6]p[0xffffff93][0xffffffed][0xffffffc1][0xffffffdb][0xfffffff6]p[0xffffffd0][0xffffffed][0xffffffc1][0xfffffffa][0xfffffff6][0xffffffe0][0xffffff84]{X[0x19]7[0xfffffff0]H)WPI97[0xffffffb0]IH[0xfffffff7][0xffffffa0][0xffffffad]{[0xfffffffc][0xffffff84]v[0x1f][0xffffffaf]i[0xffffff9d][0xffffffb4][[0xffffffe0][0xffffffcb][0xffffffb6][0xffffffef]G[0xffffffe0][0xffffffb5][[0xffffffc0][0xffffffeb][0xffffffb6][0xffffffef][0xffffff8f][0xffffffa7][0xffffffb4][|.[0xffffffdc]*[0x1e])[0xffffffed][\n]"
[DEBUG] http-outgoing-1 << "*)[0xffffffed][0x6]6[0x9][0xffffffed][0x16][0xfffffff4][0xffffffd2]m[0xffffffe4][0xfffffff4]%[0xffffffed][0xfffffff6]a[0xffffffa6][0xffffffdd]>p[0xffffffed][0xffffffde][0xffffff8f][0xffffffc0]k[0xfffffff7][0xffffffe3][0x10][0xffffff94]v[0xffffffef][0xffffff8f][0xffffffa7][0xffffffb4][0xfffffffb][0xfffffffe]h[0x17][0xffffffed][0x6][0x1e])[0xffffffed][\n]"
[DEBUG] http-outgoing-1 << "*)[0xffffffed][0x6]6[0x9][0xffffffed]n[0xffffff84][0xffffffe6]kw[0xffffffe3][0xfffffff4]%[0xffffffed][0xffffff9e][0xffffffdd]L[0xffffffbb]g[0xffffffc7][0xffffffb5]{?[0x2][0xffffffaf][0xffffffdd][0xffffff8f]CP[0xffffffda][0xffffffbd]?[0xffffff9e][0xffffffd2][0xffffffee][0xfffffffb][0xffffffa3]][0xffffffb4][0x1b]x[0xffffffa4][0xffffffb4]+[0xffffffa8][0xffffffa4][0xffffffb4][0x1b][0xffffffd8]$[0xffffffb4][0xffffffbb][0x11][0xffffff9a][0xffffffaf][0xffffffdd][0xffffff8d][0xffffffd3][0xffffff97][0xffffffb4][0xffffffbb][0xffffffe2][0xffffffa5][0x5]V[0xffffffbb][0xb][0xffffffbe][0xffffffb5][0xfffffff0]~[0x4]^[0xffffffbb][0x1f][0xffffff87][0xffffffa0][0xffffffb4][0xffffffbb][0xffffffa0][0xffffff8b][0xb][0xffffffdf][0x1f][0xffffffed][0xffffffa2][0xffffffdd][0xffffffc0]#[0xffffffa5]]A%[0xffffffa5][0xffffffdd][0xffffffc0]&[0xffffffa1][0xffffffdd][0xffffff85][0xffffffde]^[0xffffff88][0xffffff9c][0xffffffbe][0xffffffa6][0xffffffdd][0xffffffe9][0xffffffa6][0xffffffdd][0xffffffc9]kw:hw[0xffffffb2][0xffffffda][0xffffff9d][0xffffff9c]v[0xffffffa7][0xffffff95]vw[0x1e]1[0xffffffed]F*1[0xffffffed][0xffffffee]l"[0xffffffda][0xffffff9d][0xffffffb4]v[0xffffffe7]u[0xffffffed][0x1e][0xffffffb7]b[0xffffffe6][0xffffffdd][0xfffffffb][0xffffff89]p[0xfffffff1][0xffffffbe][0xffffff9d][0xffffff81]7[0xffffffef][0xffffffb7]SP[0xffffffea]}{>[0xffffffe5][0xffffffde][0xffffff8f]g[0xffffffbb][0xffffffc8]7BI[0xffffffd9]W[0xffffffa1]I[0xffffffe9]7[0x2]J[0xfffffff8]w[0xffffffc7]4_[0xffffffc0];[0xffffffac][0xffffffaf][0x19][0xfffffff8]t{[0xffffffe1]p?[0x11]o[0xffffffe0][0xfffffffb][0x19][0xc][0xc][0xfffffffc]q[\n]"
[DEBUG] http-outgoing-1 << "[0xffffffcc][0xffffffc0]'[0xfffffff7][0xffffffd2][0xffffffe1][0xffffffe3][0xffffffd9]6[0x6][0xe]Pb[0x6][0x16]hb[0x6][0xe][0xffffff80]"[0x6]>[0xffffffe9]7[0xf];[0xffffffac][0xffffffbf]"
[DEBUG] http-outgoing-1 << "[0xffffffc5][0xffffffc0][0xffffffe3][0xfffffffd][0xffffff8f][0xffffffd5][0xfffffff6][0xffffff85]y[0xffffffd6]|[0xffffffff]~[0xffffff9e][0xffffff87][0xffffffb2][0xffffffef][0xffffff97][0x13]`[0xffffffee][0xffffffdd][0xffffffce][0xffffff90]l[0xffffffde]/OO[0xfffffff6][0xffffffee][0xffffffaf][0xffffff9f][0xc][[0xfffffff7])[0xffffff8a][0xffffffc9][0xffffffce][0xfffffffd][0x1][0xffffff90][0xffffffc9][0xffffffc6]}[0xffffff8a]e[0xffffffa2]o[0xffffff9f][0xffffffc0][0xffffff99]f[0xffffffdb]'[0xffffff88][0xffffffbe][0xffffffe0]Z[0xffffffb5][0xffffff99]|[0xffffffd5]Q([0xffffffd7][0xffffff82][0xffffff9b][0xffffffc9][0xffffffbf][0xffffff9c][0xffffff80]v-[0xffffffb4][0xffffff99][0xfffffffc][0xffffffcb][0xffffffd3][0x19][0xffffffd7]zl&[0x7f][0xffffff8a]"[0xffffffe3]Z[0xffffff83][0xffffffcd][0xffffffe4]O[0xffffffb1][0xffffffcc]w-[0xffffffb6][0xffffff99][0xfffffffc][0x9][0xffffffa2]/[0xffffffb8][0xffffffb6])[0xffffffd7][0xffffff8e][0xffffff9e][0xffffffbf][0xffffff99][0xfffffffc][0xfffffff3]<[0xffffffb0]k[0xffffff9b][0xffffff81]k[[0xffffff80]:[0x13][0xffffffe7][0xffffff86][0xffffffb9][0xffffffb6]9[0xffffffb9]6[0xffffffa2][0xffffffc8][0xffffffb8]V[0x1][0xffffffc9][0xffffffb8]6b[0xffffff99][0xffffffef][0xffffffda][0x1d][0xffffffce]l[0xffffffd7][0xffffffee][0xffffff88][0xffffffbe][0xffffffe0][0xffffffda][0xffffffae]\[0xffffffbb][0xe][0xffffffcc][0xffffffb5][0x1d]wm7pm[0xf]Pg[0xffffffe2][0xffffffdc]1[0xffffffd7]v'[0xffffffd7]F[0x14][0x19][0xffffffd7]* [0x19][0xffffffd7]F,[0xfffffff3]][0xffffffbb][0xffffffc3][0xffffff99][0xffffffed][0xffffffda][0x1d][0xffffffd1][0x17]\;[0xffffffa2]k[0xfffffffb][0xffffffed]60[0xffffffd7][0xe][0xffffffdc][0xffffffb5][0xffffffc3][0xffffffc0][0xffffffb5]#@[0xffffff9d][0xffffff89][0xfffffff3][0xffffffc0]\;[0xffffff9c]\[0x1b]Qd\[0xffffffab][0xffffff80]d\[0x1b][0xffffffb1][0xffffffcc]w[0xffffffed][0xe]g[0xffffffb6]kwD_p[0xffffffad][0xfffffff8][\n]"
[DEBUG] http-outgoing-1 << "[0xffffffc4][0xffffffdd][0xffffffb5][0xb]{_[0xb]~[0x5][0xffffffe2][0xffffffcb][0x9]h[0xffffffd7]B_[0xffffff81][0xfffffff8][0xfffffff2]t[0xffffffc6][0xffffffb5][0x1e]_[0xffffff81]x[0xffffff8a]"[0xffffffe3]Z[0xffffff83][0xffffffaf]@<[0xffffffc5]2[0xffffffdf][0xffffffb5][0xffffffd8]W [0xffffff9e] [0xfffffffa][0xffffff82]k[0xffffffa7]r[0xffffffed]q[0xffffffe4][0x7f][0x5][0xffffffe2][0xfffffff3]<[0xffffffb0]k[0xffffffa7][0xffffff81]kg[0xffffff80]:[0x13][0xffffffe7][0xffffff89][0xffffffb9]v:[0xffffffb9]6[0xffffffa2][0xffffffc8][0xffffffb8]V[0x1][0xffffffc9][0xffffffb8]6b[0xffffff99][0xffffffef][0xffffffda][0x1d][0xffffffce]l[0xffffffd7][0xffffffee][0xffffff88][0xffffffbe][0xffffffe0]Z[0xffffffb1][0xffffff99][0xfffffffc][0xffffffee]Z[0xffffffe0][0xffffffeb]f[0xffffff9f][0xffffffe7][0xffffff81]][0xffffff8b]n&[0xffffffdf][0xffffffce][0xffffffc0][0xffffffb8][0x16][0xffffffd8]L[0xfffffffe][0xffffffeb]'{[0xffffffb8][0x16][0xffffffdf]L[0xfffffffe][0x3] [0x19][0xffffffd7][0xffffffa2][0xffffff9b][0xffffffc9][0xffffff9f][0xffffffc0][0xffffff99][0xffffffed][0xffffffda]+[0xffffff9b][0xffffffc9][0x1f][0x7f]:o7[0xffffffe5][0xffffffda]R![0xffffffd7]>[0xffffffce][0xffffff83][0xffffffba][0xfffffff6][0xfffffffd][0x4][0xffffffac]k?[0xffffffcf]@[0xffffffb8][0xfffffff6][0xfffffffd][0xffffffe9][0xffffff84]k[0xffffffbf]?[0xffffffd9][0xffffffc1][0xffffffb5][\n]"
[DEBUG] http-outgoing-1 << "E[0xffffffc2][0xffffffb5][0x1a]H[0xffffffc2][0xffffffb5][\n]"
[DEBUG] http-outgoing-1 << "[0xffffffcb]l[0xffffffd7]F8s][0x1b][0x11]}[0xffffffc1][0xffffffb5]b[0xffffff96][0xffffffa1][0xffffffdf]j[0xffffff85][0xffffffde]!<[0xffffffce][0x3][0xffffffbb][0xffffff96][0xffffff9f]e[0xfffffff8]<[0x3][0xffffffe3]Zj[0xffffff96][0xffffffe1][0xfffffffb][0xffffff93]=\[0xffffffeb]1[0xffffffcb][0xffffffa0][0xffffff81]d\[0xffffffcb][0xffffffcf]2D8[0xffffffb3]]{y[0xffffff96]a[0xffffffde][0xffffff8a]rm[0x1b]'[0xffffffe5][0xffffffda][0xffffff82][0xffffffbb][0xffffffb6][0x18][0xffffffb8][0xffffffb6][0x4][0xffffffa8]3q.[0xffffff98]k[0xffffff8b][0xffffff93]k#[0xffffff8a][0xffffff8c]k[0x15][0xffffff90][0xffffff8c]k#[0xffffff96][0xfffffff9][0xffffffae][0xffffffdd][0xffffffe1][0xffffffcc]v[0xffffffed][0xffffff8e][0xffffffe8][0xb][0xffffffae][0xffffffad][0xffffffbf][0xffffff84]-5[0xfffffffd][0xffffffb6][\n]"
[DEBUG] http-outgoing-1 << "[0xffffffe6][0xffffffda][0xfffffffb]y`[0xffffffd7][0xffffffbe][0xffffff9d][0xffffff80]v[0xffffffed][0xffffffb7]30[0xffffffae]}{:[0xffffffe3][0xffffffda][0xffffff8f]'{[0xffffffb8]6[0xffffffa2][0xffffffc8][0xffffffb8]V[0x1][0xffffffc9][0xffffffb8]6b[0xffffff99][0xffffffef][0xffffffda][0x1d][0xffffffce]l[0xffffffd7][0xffffffee][0xffffff88][0xffffffbe][0xffffffe0]Z17[0xffffffd6][0xffffff8f][0xffffffa3]b[0xffffffae][0xffffffa5][0xffffffe7][0xffffffc6][0xffffffde]O@[0xffffffbb][0xffffff96][0xffffff9c][0x1b]{[0x7f]:[0xffffffe3]Z[0xffffffa3][0xffffffb9]1[0xffffff85]"[0xffffffe3]Z[0xffffff97][0xffffffb9]1[0xffffff85]e[0xffffffbe]k[0xffffffd9][0xffffffb9][0xffffffb1][0xffffff88][0xffffffe8][0xb][0xffffffae][0x15]sc[0xfffffffd]h}R[0xffffffae][0xffffffa5][0xffffffe7][0xffffffc6][0xffffffde]O@[0xffffffbb][0xffffff96][0xffffff9c][0x1b]{[0x7f]:[0xffffffe3]Z[0xffffffa3][0xffffffb9]1[0xffffff85]"[0xffffffe3]Z[0xffffff97][0xffffffb9]1[0xffffff85]e[0xffffffbe]k[0xffffffd9][0xffffffb9][0xffffffb1][0xffffff88][0xffffffe8][0xb][0xffffffae][0x1d][0xffffffca][0xffffffb5]g[0xffffffc3][0xffffffba]v[0xffffffe0][0xffffffae][0x1d][0x6][0xffffffae][0x1d][0x1][0xffffffea]L[0xffffff9c][0x7][0xffffffe6][0xffffffda][0xffffffe1][0xffffffe4][0xffffffda][0xffffff88]"[0xffffffe3]Z[0x5]$[0xffffffe3][0xffffffda][0xffffff88]e[0xffffffbe]kw8[0xffffffb3]][0xffffffbb]#[0xfffffffa][0xffffff82]k[0xffffffd5][0xffffffdc]X9N[0xffffffcc][0xffffffb5][0xfffffff4][0xffffffdc][0xffffffd8][0xfffffffb][0x9]h[0xffffffd7][0xffffff92]sc[0xffffffef]Og\k47[0xffffffa6]Pd\[0xffffffeb]27[0xffffffa6][0xffffffb0][0xffffffcc]w-;7[0x16][0x11]}[0xffffffc1][0xffffffb5]jn[0xffffffac][0xffffffb4][0x1b][0xfffffff6][0xe][0xffffff81][0xffffff9e][0x1b]{?[0x1][0xffffffed]Zrn[0xffffffec][0xfffffffd][0xffffffe9][0xffffff8c]k[0xffffff8d][0xffffffe6][0xffffffc6][0x14][0xffffff8a][0xffffff8c]k][0xffffffe6][0xffffffc6][0x14][0xffffff96][0xfffffff9][0xffffffae]e[0xffffffe7][0xffffffc6]"[0xffffffa2]/[0xffffffb9]6[0xffffffde]C`]K[0xffffffdf]C[0xffffff98][0x6][0xfffffff7][0x10]f[0xfffffff8][0xffffffc1]7[0x17]g[0xffffffea][0x1e][0xffffffc2]t[0xffffffba][0xffffff87][0x10]Q[0xffffffa4]\[0xffffffeb]r[0xf]!bI[0xffffffb8][0xffffff96][0xffffffbd][0xffffff87][0xffffffb0]#[0xfffffffa][0xffffff82]k[0xffffffd5][0xffffff8c]n9Ol[0xffffff96][0xffffff81][0xffffff9e][0xffffffd1]}?[0x1][0xffffffed]ZrF[0xfffffff7][0xfffffffd][0xffffffe9][0xffffff8c]k[0xffffff8d]ft[0x15][0xffffff8a][0xffffff8c]k]ft[0x15][0xffffff96][0xfffffff9][0xffffffae]egt#[0xffffffa2]/[0xffffffb9]Vt-[0xffffffea]Z[0xffffffba]k[0xffffff97]A[0xffffffd7][0xffffffae][0x10][0x10][0xffffffb9]8S][0xffffffbb][0xffffff9c][0xffffffba]6[0xffffffa2]H[0xffffffb9][0xffffffd6][0xffffffa5]k#[0xffffff96][0xffffff84]k[0xffffffd9][0xffffffae][0xffffffdd][0x11][0xfffffffd][0xffffffed][0xffffffae]=[0xffffffd4]>[0xffffff84][0xffffffb2][0xffffff8e][0x3]r[0xffffffed][0xffffff81][0xffffffef]C8[0xc][0xfffffff6]![0x1c]q[0xfffffff0]<[0x11][0xffffffe7][0x3][0xffffffdb][0xffffff87]p[0xffffffec][0xffffffc3][0xffffffe6][0xffffffa4]k[0x5][0xffffff8a][0xffffff88]k%[0xffffff90][0xffffff88]k[0x5][0xffffff96][0xffffffe9][0xffffffae][\r]p&[0xffffffbb]6 [0xfffffffa][0xffffff82]k[0xffffffd5][0xffffff8c]nY[0xffffffb3]P[0xffffffae][0xffffffc5]gt[0xf][0xffffff83][0x19][0xffffffdd]#[0xe]Cf[0xffffffe2][0xffffff8c][0xffffffcd][0xffffffe8][0x1e][0xfffffffb][0x0]$[0xffffffea]Z[0xffffff93][0x19]][0x9]$[0xffffffe3]Z[0xffffff83][0x19][0xffffffdd][0x0]g[0xffffffb6]k[0xffffffaf][0xffffffcf][0xffffffe8][0x1e]j[0xffffff96][0xffffffa1][0xfffffff6][[0xffffffa7]\[0xffffff8b][0xffffffcf]2[0x1c][0x6][0xffffffb3][0xc]G[0xffffffbc]4[0xffffff9e][0xffffff89]36[0xffffffcb]p[0xffffffec][0x17][0xffffffc5]Q[0xffffffd7][0xffffff9a][0xffffffcc]2H [0x19][0xffffffd7][0x1a][0xffffffcc]2[0x4]8[0xffffffb3]]{}[0xffffff96][0xffffffe1][0xffffffed][0xffffffbf]D[0xffffffd7][0xffffff9e][0x13]{[0xffffff87]0p[0xffffffd7][0xe][0x3][0xffffffd7][0xffffff8e][0x0]u&[0xffffffce][0x3]s[0xffffffed]prmD[0xffffff91]q[0xffffffad][0x2][0xffffff92]qm[0xffffffc4]2[0xffffffdf][0xffffffb5];[0xffffff9c][0xffffffd9][0xffffffae][0xffffffdd][0x11]}[0xffffffc1][0xffffffb5]j[0xffffff96][0xffffffa1][0x1d][\r]{[0xffffff87][0xffffff80][0xffffffcf]2[0x1c][0x6][0xffffffb3][0xc]G[0xffffffbc]4[0xffffff9e][0xffffff89]36[0xffffffcb]p[0xffffffec][0x17][0xffffffc5]Q[0xffffffd7][0xffffff9a][0xffffffcc]2H [0x19][0xffffffd7][0x1a][0xffffffcc]2[0x4]8[0xffffffb3]]{}[0xffffff96][0xffffffe1]P[0xffffffb3][0xc][0xffffffad]6[0xffffffac]k[0xfffffff1]Y[0xffffff86][0xffffffc3]`[0xffffff96][0xffffffe1][0xffffff88][0xffffff97][0xffffffc6]3q[0xffffffc6]f[0x19][0xffffff8e][0xfffffffd][0xffffffa2]8[0xffffffea]Z[0xffffff93]Y[0x6][0x9]$[0xffffffe3]Z[0xffffff83]Y[0xffffff86][0x0]g[0xffffffb6]k[0xffffffaf][0xffffffcf]2[0x14][0xfffffff5][0xffffffbe][0xffffffb6][0xffffffaf][0x6]}G[0xfffffff7]q[0x1e][0xffffffd6][0xffffffb5][0xffffffc5][0xffffffe0]}m[0xffffff89]/[0xffffffc6][0x12]q.[0xffffffd8][0xfffffffb][0xffffffda][0xffffffb2][0xffffffbf][0xc]#]+PD\+[0xffffff81]D\+[0xffffffb0]Lwm[0xffffff80]3[0xffffffd9][0xffffffb5][0x1][0xffffffd1][0x17]\[0xffffffab][0xffffffde]![0xffffff8c][0x1b][0xfffffff5]m[0xffffffc7][0xffffffc7]y`[0xffffffd7][0x1a][0xffffffbc]C([0xfffffff1]_[0xffffffd6]2q[0xffffffc6][0xffffffde]![0xffffff94][0xfffffffd]_[0xffffffd0]P[0xffffffd7][0xffffff9a][0xffffffbc]C[0xffffff90]@2[0xffffffae]5x[0xffffff87][0x10][0xffffffe0][0xffffffcc]v[0xffffffed][0xfffffff5]w[0x8]E[0xffffffbd]C[0x18][0x7][0xfffffff6][0xffffffbd][0xffffffb1][0xffffff82][0xffffffbf]C([0x6][0xffffffef][0x10]J[0xfffffffc][0xffffff97][0xffffffb5]L[0xffffff9c][0xffffffb1]w[0x8]e[0xffffffff][0x17]4[0xffffffd4][0xffffffb5]&[0xffffffef][0x10]$[0xffffff90][0xffffff8c]k[\r][0xffffffde]![0x4]8[0xffffffb3]][0xfffffffb][0x13][0xffffffef][0x10][0xffffffd4][0xffffff8c][0xffffffee]hg[0xffffffa3]\[0xffffff8b][0xffffffcf][0xffffffe8][0x16][0xffffff83][0x19][0xffffffdd][0x12][0xffffff87]!3q[0xffffffc6]ft[0xffffffcb]>[0x0][0xffffff89][0xffffffba][0xffffffd6]"
[DEBUG] http-outgoing-1 << "dFW[0x2][0xffffffc9][0xffffffb8][0xffffffd6]`F7[0xffffffc0][0xffffff99][0xffffffed][0xffffffda][0xffffffeb]3[0xffffffba]U[0xffffffcd]2[0xffffff9c][0xffffffad]S[0xffffffae][0xffffffad][0xfffffff8],C5[0xffffff98]e[0xffffffa8][0xfffffff1][0xffffffd2]x"[0xffffffce][0x15][0xffffff9b]e[0xffffffa8][0xfffffffb]Eq[0xffffffd2][0xffffffb5][0x2]E[0xffffffc4][0xffffffb5][0x12]H[0xffffffc4][0xffffffb5][0x2][0xffffffcb]t[0xffffffd7][0x6]8[0xffffff93]][0x1b][0x10]}[0xffffffc1][0xffffffb5][0xffffffea][0xffffffb7][0xffffffb1][0xffffffd9]N[0xffffffea][0x1d]B[0xffffffc5][0x7f][0x1b][0xffffffab][0x6][0xffffffbf][0xffffff8d][0xffffffd5][0xfffffff8]#D&[0xffffffce][0xffffffd8]ocu[0xffffffff][0xffffffe1][0x1]u[0xffffffad][0xffffffc9]oc[0x12]H[0xffffffc6][0xffffffb5][0x6][0xffffffbf][0xffffff8d][0x5]8[0xffffffb3]]{[0xfffffffd][0xffffffb7][0xffffffb1][0xffffffaa][0xffffffde]![0xffffffac]Z[0xffffffa9][0xffffff9d][0xffffff8a][0x15][0x7f][0xffffff87]P[\r][0xffffffde]![0xffffffd4][0xfffffff8]/k[0xffffff99]8c[0xffffffef][0x10][0xffffffea][0xfffffffe]/h[0xffffffa8]kM[0xffffffde]!H [0x19][0xffffffd7][0x1a][0xffffffbc]C[0x8]pf[0xffffffbb][0xfffffff6][0xfffffffa];[0xffffff84][0xffffffa6]v[0xffffffcf][0xffffffac][0xffffff8a][0xffffffcd][0xffffff8d]5|[0xfffffff7]L3[0xffffffd8]=[0xffffffd3][0xffffffe2][0xffffff92][0xffffff8f]D[0xffffff9c][0x1b][0xffffffb6]{[0xffffffa6][0xffffffed][0xffffff8b]=H[0xffffffd7][\n]"
[DEBUG] http-outgoing-1 << "[0x14][0x11][0xffffffd7]J [0x11][0xffffffd7][\n]"
[DEBUG] http-outgoing-1 << ",[0xffffffd3]][0x1b][0xffffffe0]Lvm@[0xfffffff4][0x5][0xffffffd7][0x1e][0xffffffca][0xffffffb5][0xffffffed][0xffffffa0][0xffffffbe][0xffffff81][0xfffffff3]v[0x1e][0xffffffd8][0xffffffb5][0xffffff87][0xffffff81]k[0xffffff8f][0x0]u&[0xffffffce][0x7][0xffffffe6][0xffffffda][0xffffffc3][0xffffffc9][0xffffffb5][0x11]E[0xffffffc6][0xffffffb5][\n]"
[DEBUG] http-outgoing-1 << "H[0xffffffc6][0xffffffb5][0x11][0xffffffcb]|[0xffffffd7][0xffffffee]pf[0xffffffbb]vG[0xfffffff4][0x5][0xffffffd7][0xffffffaa][0xffffffdf][0xffffffc6]V[0xffffffaf][0xffffffd4][0xfffffffd][0xffffffda][0xffffff86][0xffffffff]6[0xffffffd6][0xc]~[0x1b]k[0xfffffff1]G[0xffffff88]L[0xffffff9c][0xffffffb1][0xffffffdf][0xffffffc6][0xffffffda][0xfffffffe][0xffffffc3][0x3][0xffffffea]Z[0xffffff93][0xffffffdf][0xffffffc6]$[0xffffff90][0xffffff8c]k[\r]~[0x1b][0xb]pf[0xffffffbb][0xfffffff6][0xfffffffa]oc[0xffffffad]*[0xffffffd7][0xffffff9e][0xffffffd8]>[0xffffff84][0xffffffb7][0xfffffff3][0xffffffc0][0xffffffae][0xffffffad][0x6][0xffffffae][0xffffffad][0x1][0xffffffea]L[0xffffff9c]+[0xffffffe6][0xffffffda][0xffffffea][0xffffffe4][0xffffffda][0xffffff88]"[0xffffffe3]Z[0x5]$[0xffffffe3][0xffffffda][0xffffff88]e[0xffffffbe]kw8[0xffffffb3]][0xffffffbb]#[0xfffffffa][0xffffff82]k[0xffffff9b]r[0xffffffed]jX[0xffffffd7]6[0xffffffdc][0xffffffb5][0xffffffcd][0xffffffc0][0xffffffb5]-@[0xffffff9d][0xffffff89]s[0xffffffc3]\[0xffffffdb][0xffffff9c]\[0x1b]Qd\[0xffffffab][0xffffff80]d\[0x1b][0xffffffb1][0xffffffcc]w[0xffffffed][0xe]g[0xffffffb6]kwD_p[0xffffffad][0xffffffb8][0xfffffff3]5n[0xffffffb5]`[0xffffffbf][0xffffff8d][0xffffffe1]w[0xffffffbe][0xffffff9a][0xffffffc1][0xffffff9d][0xffffffaf][0x16]/[0xffffffd7]d[0xffffffe2][0xffffff8c][0xffffffdd][0xfffffff9]j[0xfffffffb][0xffffff85][0x1a][0xffffffd4][0xffffffb5]&w[0xffffffbe]$[0xffffff90][0xffffff8c]k[\r][0xffffffee]|[0x5]8[0xffffffb3]]{[0xfffffffd][0xffffffce][0xffffffd7][0xfffffffd]O[0xffffff8b][0xffffff99]k[0xffffffe1][0xffffffef][0xffffff8d]=N[0xffffffc0][0xffffffbb][0x16][0xfffffffc][0xffffffde][0xffffffd8][0xffffffe3][0xffffffe9][0xffffff94]k}[0xffffffbe]7&P[0xffffffa4]\k[0xfffffff2][0xffffffbd]1[0xffffff81]%[0xffffffe1]Z[0xfffffff4]{c[0x1][0xffffffd1][0xffffff97]\[[0xffffffcd]\[q[0xffffffd7]V[0x3][0xffffffd7]V[0xffffffd4][0xffffffb5][0x15]smur[0xffffffed][0xffffff8e]"[0xffffffe5][0xffffffda][0x8]$[0xffffffe5][0xffffffda][0x1d]K[0xffffffc2][0xffffffb5][0x15]vm[0xffffffbd][0xffffffee][0xffffffda]f[0xffffffe6][0xffffffda][0xffffff86][0xffffffbb][0xffffffb6][0x19][0xffffffb8][0xffffffb6][0xffffffa1][0xffffffae]m[0xffffff98]k[0xffffff9b][0xffffff93]kw[0x14])[0xffffffd7]F )[0xffffffd7][0xffffffee]X[0x12][0xffffffae]m[0xffffffb0]k[0xffffffdb]u[0xffffffd7][0x1e]n[0xffffffb2]=x[0xffffffdb][0x1e][0xe][0xffffffba]=X[0xffffffdf][0x1e][0xffffff9c]p[0xf]+[0xffffffe3][0x6][0x1e])[0xffffffe5][\n]"
[DEBUG] http-outgoing-1 << "*)[0xffffffe7][0x6]6[0x9][0xffffffe9][0x1e][0xffffffb4]u[0xffffff8f][0xffffff9f][0xffffffd0]nu{w[[0xfffffff9][0xffffff97][0xffffffb7][0xffffffd5][0xffffffe1][0xffffffed]me_[0xffffffdf]V[0xffffffee][0xfffffffd]m[0xffffffb5]z[0xffffff81][0x1b]x[0xffffffa4][0xffffffb4]+[0xffffffa8][0xffffffa4][0xffffffb4][0x1b][0xffffffd8]$[0xffffffb4][[0xffffffe9][0xffffff97][0xffffffb8][0xfffffff5]'[0xffffffde][0xffffffe2]67[0xffffffed]6^[0xffffffbb][0xffffffcd]A[0xffffffbb][0xffffff8d][0xffffffd5]n[0xffffffe3][0xffffffb4][0xffffffdb][0xffffffac][0xffffffb4][0x1b]x[0xffffffa4][0xffffffb4]+[0xffffffa8][0xffffffa4][0xffffffb4][0x1b][0xffffffd8]$[0xffffffb4][0xffffffdb]h[0xffffffed][0xffffffb6][0xffffff9f][0xffffffd1][0xffffffee]r[0xffffffd3][0xffffffee][0xffffffe2][0xffffffb5][0xffffffbb][0x1c][0xffffffb4][0xffffffbb]X[0xffffffed].N[0xffffffbb][0xffffffcb]J[0xffffffbb];[0xffffff8f][0xffffff98]v#[0xffffff95][0xffffff98]vw6[0x11][0xffffffed].Z[0xffffffbb][0xffffffeb][0xffffffba]v[0xffffff87][[0xffffffed][0xe][0xffffffbe]v[0xffffff87]C[0xffffffed][0xe][0xffffffb6]v[0x7]W[0xffffffbb][0xffffffc3][0xffffffaa]v[0x3][0xffffff8f][0xffffff94]v[0x5][0xffffff95][0xffffff94]v[0x3][0xffffff9b][0xffffff84]v[0x7]][0xffffffbb][0xffffffe3]'jw[0xffffffba]iw[0xfffffff2][0xffffffda][0xffffff9d][0xe][0xffffffda][0xffffff9d][0xffffffac]v'[0xffffffa7][0xffffffdd]i[0xffffffa5][0xffffffdd][0xffffffc0]#[0xffffffa5]]A%[0xffffffa5][0xffffffdd][0xffffffc0]&[0xffffffa1][0xffffffdd]Ikw[0xfffffffe][0xffffff84]v[0xffffffd7]0[0xffffffd3][0xffffffee][0x1a][0xffffffb8]v[0xffffffef]G[0xffffffe0][0xffffffb5][0xfffffffb]q[0x8]J[0xffffffbb][0xfffffff7][0xffffffc7]S[0xffffffda]}[0x7f][0xffffffb4][0xffffff8b]v[0x3][0xffffff8f][0xffffff94]v[0x5][0xffffff95][0xffffff94]v[0x3][0xffffff9b][0xffffff84]v7B[0xfffffff3][0xffffffb5][0xffffffbb]q[0xfffffffa][[0xffffffb4]{[0xffffffbe][0xffffffff][0xffffffed]P[0x3][0xffffffbf][0xffffffab][0xffffffb4]t[0xffffffeb]~[0xffffff9e][0xffffff87][0xffffff92][0xffffffee][0xffffff97][0x13]`[0xffffffce][0xffffffdd][0xffffffce][0xffffff90][0xffffffac][0xffffffdc]/OO6[0xffffffee][0xffffffaf][0xffffff9f][0xc][0xb][0xfffffff7])[0xffffff8a][0xffffffc9][0xffffffbe][0xfffffffd][0x1][0xffffff90][0xffffffc9][0xffffffba]}[0xffffff8a]e[0xffffffa2]m[0xffffff9f][0xffffffc0][0xffffff99]&[0xffffffdb]'[0xffffff88][0xffffffbe][0xffffffe0]Z[0xfffffff1][0x1][0xfffffff4]q[0x1c][0xffffffc0][0xffffff82][0xffffffc6][0xffffffcf][0xfffffff3][0xffffffc0][0xffffffae]E?[0xffffff80][0xffffffbe][0xffffff9d][0xffffff81]q-[0xfffffff0][0x1][0xfffffff4]_?[0xffffffd9][0xffffffc3][0xffffffb5][0xfffffff8][0x7][0xffffffd0][0x7f][0x0]$[0xffffffe3]Z[0xfffffff4][0x3][0xffffffe8]O[0xffffffe0][0xffffffcc]v[0xffffffed][0xffffff8e][0xffffffe8][0xb][0xffffffae][0xffffff9d]b[0xffffffb9][0xffffffc2][0xffffffd1]J[0xfffffffe][0x7]u>[0xffffffcf][0x3][0xffffffbb]v[0xffffff92][0xffffffcb][0x15][0xffffffb6]30[0xffffffae][0xffffff9d][0xfffffff9][0xffffffcb][0x15]~[0xfffffffd]d[0xf][0xffffffd7]F[0x14][0x19][0xffffffd7]* [0x19][0xffffffd7]F,[0xfffffff3]][0xffffffbb][0xffffffc3][0xffffff99][0xffffffed][0xffffffda][0x1d][0xffffffd1][0x17]\[0xffffffbb][0xffffff94]k[0xffffffc7][0xffffff99][0xffffffff][0xffffff91][0xffffff87][0xffffffcf][0xfffffff3][0xffffffc0][0xffffffae]][0x6][0xffffffae]][0x1][0xffffffea]L[0xffffff9c][0x17][0xffffffe6][0xffffffda][0xffffffe5][0xffffffe4][0xffffffda][0xffffff88]"[0xffffffe3]Z[0x5]$[0xffffffe3][0xffffffda][0xffffff88]e[0xffffffbe]kw8[0xffffffb3]][0xffffffbb]#[0xfffffffa][0xffffffdb]][0xffffffdb][0xffffffc5][0x7]uF[0xffffffb9][0xffffffad][0xfffffffc]_[0xffffffc9]>[0xffffffcf][0xffffffc3][0xffffffba][0xffffffb6][0xffffffa3][0x1f][0xffffffd4][0xffffffd9][0xffffffce][0xffffff80][0xffffffb8][0xffffffb6][0x3][0x1f][0xffffffd4][0xfffffff9][0xfffffff5][0xffffff93]-\+PD\+[0xffffff81]D\+[0xffffffb0]Lwm[0xffffff80]3[0xffffffd9][0xffffffb5][0x1][0xffffffd1][0x17]\+>[0xfffffff2]0[0xffffffca]1[0xffffffa8][0xfffffff7][0xffffffb5][0x1d][0xfffffffc][0xffffffc8][0xffffffc3][0xffffff97][0x13][0xffffffd0][0xffffffae][0xffffff85]>[0xfffffff2][0xfffffff0][0xffffffe5][0xffffffe9][0xffffff8c]k=>[0xfffffff2][0xfffffff0][0x14]E[0xffffffc6][0xffffffb5][0x6][0x1f]yx[0xffffff8a]e[0xffffffbe]k[0xffffffb1][0xffffff8f]<<A[0xfffffff4][0x5][0xffffffd7][0xffffff8a][0xffffff8f]<[0xffffff8c]Rn[0xffffff95]r-[0xfffffff8][0xffffff91][0xffffff87]/'[0xffffffa0]][0xb]}[0xffffffe4][0xffffffe1][0xffffffcb][0xffffffd3][0x19][0xffffffd7]z|[0xffffffe4][0xffffffe1])[0xffffff8a][0xffffff8c]k[\r]>[0xfffffff2][0xfffffff0][0x14][0xffffffcb]|[0xffffffd7]b[0x1f]yx[0xffffff82][0xffffffe8][0xb][0xffffffae]U[0x1f]y([0xfffffff5][0xffffff86]u-[0xfffffff8][0xffffff91][0xffffff87]/'[0xffffffa0]][0xb]}[0xffffffe4][0xffffffe1][0xffffffcb][0xffffffd3][0x19][0xffffffd7]z|[0xffffffe4][0xffffffe1])[0xffffff8a][0xffffff8c]k[\r]>[0xfffffff2][0xfffffff0][0x14][0xffffffcb]|[0xffffffd7]b[0x1f]yx[0xffffff82][0xffffffe8][0xb][0xffffffae]=[0xffffff95]k[0xffffffe7][0xffffffe8][0xffffff94]kO[0xffffffdc][0xffffffb5][0xffffffa7][0xffffff81]k[0xffffffcf][0x0]u&[0xffffffce]'[0xffffffe6][0xffffffda][0xffffffd3][0xffffffc9][0xffffffb5][0x11]E[0xffffffc6][0xffffffb5][\n]"
[DEBUG] http-outgoing-1 << "H[0xffffffc6][0xffffffb5][0x11][0xffffffcb]|[0xffffffd7][0xffffffee]pf[0xffffffbb]vG[0xfffffff4]%[0xffffffd7][0xffffffc6]{[0x8][0xffffffac]k[0xffffffe1]{[0x8][0xffffff8f][0x13][0xfffffff0][0xffffffae][0x5][0xffffffef]!<[0xffffff9e]N[0xffffffb9][0xffffffd6][0xffffffe7][0x1e][0xffffff82]@[0xffffff91]r[0xffffffad][0xffffffc9]=[0x4][0xffffff81]%[0xffffffe1]Z[0xfffffff4][0x1e]B@[0xfffffff4][0x5][0xffffffd7]N[0xffffffd1][0xffffffb5][0xffffffb5][0xffffff9c][0xffffffd8][0xfffffffb][0xffffffda][0xffffff89]w[0xffffffed]4[0xffffffe8][0xffffffda][0x19][0x2]"[0x13][0xffffffe7][0xffffff89]u[0xffffffed]t[0xffffffea][0xffffffda][0xffffff88]"[0xffffffe3]Z[0x5]$[0xffffffe3][0xffffffda][0xffffff88]e[0xffffffbe]kw8[0xffffffb3]][0xffffffbb]#[0xfffffffa][0xffffff82]k[0xffffff97]rm;[0xb][0xffffffe5][0xffffffda][0xffffff85][0xffffffbb]v[0x19][0xffffffb8]v[0x5][0xffffffa8]3q^[0xffffff98]k"
[DEBUG] http-outgoing-1 << "[0xffffff97][0xffffff93]k#[0xffffff8a][0xffffff8c]k[0x15][0xffffff90][0xffffff8c]k#[0xffffff96][0xfffffff9][0xffffffae][0xffffffdd][0xffffffe1][0xffffffcc]v[0xffffffed][0xffffff8e][0xffffffe8]ow[0xffffffed][0xffffffb8][0xffffff89]w[0x8][0xfffffff5][0xffffffc4][0xffffffe6][0xffffffc6][0xffffffde][0xffffffce][0xffffffc3][0xffffffba][0xfffffff6]q[0x2][0xffffffd8][0xffffffb5][0xffffffdf][0xffffffcf][0xffffff80][0xffffffb8][0xfffffff6][0xfffffff1]t[0xffffffc4][0xffffffb5][0xffffffdf][0xffffff9e]l[0xffffffe1]Z[0xffffff81]"[0xffffffe2]Z[0x9]$[0xffffffe2]Z[0xffffff81]e[0xffffffba]k[0x3][0xffffff9c][0xffffffc9][0xffffffae][\r][0xffffff88][0xffffffbe][0xffffffe0]Zu[0xffffffbf][0xffffffb6]u[0xffffffac]k[0x7]~[0xffffffbf]v[0x18][0xffffffdc][0xffffffaf][0x1d][0xfffffff1]"c&[0xffffffce][0xffffffd8][0xfffffffd][0xffffffda][0xffffffb1]_^D]kr[0xffffffbf]V[0x2][0xffffffc9][0xffffffb8][0xffffffd6][0xffffffe0]~m[0xffffff80]3[0xffffffdb][0xffffffb5][0xffffffd7][0xffffffef][0xffffffd7][0xe]u[0xffffffbf][0xffffffb6][0xffffffad][0xffffff82][0xffffffb9][0x16][0xffffffbf]_;[0xc][0xffffffee][0xffffffd7][0xffffff8e]x[0xffffff91]1[0x13]g[0xffffffec]~[0xffffffed][0xffffffd8]//[0xffffffa2][0xffffffae]5[0xffffffb9]_+[0xffffff81]d\kp[0xffffffbf]6[0xffffffc0][0xffffff99][0xffffffed][0xffffffda][0xffffffeb][0xfffffff7]k[0xffffff87][0xffffffba]_[0xffffffdb]ouP[0xffffffae][0xffffffc5][0xffffffef][0xffffffd7][0xe][0xffffff83][0xfffffffb][0xffffffb5]#^d[0xffffffcc][0xffffffc4][0x19][0xffffffbb]_;[0xfffffff6][0xffffffcb][0xffffff8b][0xffffffa8]kM[0xffffffee][0xffffffd7]J [0x19][0xffffffd7][0x1a][0xffffffdc][0xffffffaf][\r]pf[0xffffffbb][0xfffffff6][0xfffffffa][0xfffffffd][0xffffffda][0xffffffa1][0xfffffff6][0xffffffd7][0xfffffff6][0xffffffdb][0xffffffa4][0xfffffff6]![0xc]|[0x7f][0xffffffed]0[0xffffffd8]_;[0xffffffe2][0xffffffa2][0xffffffd0]L[0xffffff9c][0xffffffb1][0xfffffffd][0xffffffb5]c_[0xe][0xffffff8a][0xffffffba][0xffffffd6]d[0x7f][0xffffffad][0x4][0xffffff92]q[0xffffffad][0xffffffc1][0xfffffffe][0xffffffda][0x0]g[0xffffffb6]k[0xffffffaf][0xffffffef][0xffffffaf][0x1d][0xffffffa7]r[0xffffffed]q[0xffffffa3][0xfffffff6]|[0xffffffbd][0xffffff9d][0x7]v[0xffffffed]i[0xffffffe0][0xffffffda]3@[0xffffff9d][0xffffff89][0xfffffff3][0xffffff89][0xffffffb9][0xfffffff6]trmD[0xffffff91]q[0xffffffad][0x2][0xffffff92]qm[0xffffffc4]2[0xffffffdf][0xffffffb5];[0xffffff9c][0xffffffd9][0xffffffae][0xffffffdd][0x11]}[0xffffffc1][0xffffffb5][0xffffffea][0xffffffce]W/[0x1d]{[0xffffff87][0xffffff80][0xffffffdf][0xfffffff9][0x1a][0x6]w[0xffffffbe]F[0xffffffbc]\[0xffffff93][0xffffff89]3v[0xffffffe7]k[0xffffffec][0x17]jP[0xffffffd7][0xffffff9a][0xffffffdc][0xfffffff9][0xffffff92]@2[0xffffffae]5[0xffffffb8][0xfffffff3][0x15][0xffffffe0][0xffffffcc]v[0xffffffed][0xfffffff5];_[0xffffffe7]M[0xffffffb9][0xffffffb6]a[0xfffffffb][0x10][0xffffffde][0xffffffce][0xffffffc3][0xffffffba][0xfffffff6]q[0x2][0xffffffd8][0xffffffb5][0xffffffdf][0xffffffcf][0xffffff80][0xffffffb8][0xfffffff6][0xfffffff1]t[0xffffffc4][0xffffffb5][0xffffffdf][0xffffff9e]l[0xffffffe1]Z[0xffffff81]"[0xffffffe2]Z[0x9]$[0xffffffe2]Z[0xffffff81]e[0xffffffba]k[0x3][0xffffff9c][0xffffffc9][0xffffffae][\r][0xffffff88][0xffffffbe][0xffffffe0]Z[0xffffffb5][0xffffffbf][0xffffffb6][0xfffffff7]J[0xffffffcd][0xffffff8d][0xffffff9d][0xfffffff8][0xfffffffe][0xffffffda][0xffffffd3]`[0x7f][0xffffffed][0x19][0x17][0xffffff85]f[0xffffffe2][0xffffff8c][0xffffffed][0xffffffaf]=[0xfffffff7][0xffffffe5][0xffffffa0][0xffffffa8]kM[0xfffffff6][0xffffffd7]J [0x19][0xffffffd7][0x1a][0xffffffec][0xffffffaf][\r]pf[0xffffffbb][0xfffffff6][0xfffffffa][0xfffffffe][0xffffffda][0xffffffb3]([0xffffffd7][0xffffff9e]7[0xffffffea][0xffffffb7][0xffffffb1][0xffffffb7][0xfffffff3][0xffffffc0][0xffffffae]-[0x6][0xffffffae]-[0x1][0xffffffea]L[0xffffff9c][0xb][0xffffffe6][0xffffffda][0xffffffe2][0xffffffe4][0xffffffda][0xffffff88]"[0xffffffe3]Z[0x5]$[0xffffffe3][0xffffffda][0xffffff88]e[0xffffffbe]kw8[0xffffffb3]][0xffffffbb]#[0xfffffffa][0xffffff82]k[0xffffffd5],C[0xffffff9f][0x3][0xffffffeb]Z|[0xffffff96][0xffffffe1]4[0xffffff98]e8[0xffffffe3][0xffffffa5][0xfffffff1]L[0xffffff9c][0xffffffb1]Y[0xffffff86]s[0xffffffbf]([0xffffff8e][0xffffffba][0xffffffd6]d[0xffffff96]A[0x2][0xffffffc9][0xffffffb8][0xffffffd6]`[0xffffff96]![0xffffffc0][0xffffff99][0xffffffed][0xffffffda][0xffffffeb][0xffffffb3][0xc][0xffffffa7][0xffffff9a]e[0x18][0xffffffa5][0xffffffdd]([0xffffffd7][0xffffffe2][0xffffffb3][0xc][0xffffffa7][0xffffffc1],[0xffffffc3][0x19]/[0xffffff8d]g[0xffffffe2][0xffffff8c][0xffffffcd]2[0xffffff9c][0xfffffffb]Eq[0xffffffd4][0xffffffb5]&[0xffffffb3][0xc][0x12]H[0xffffffc6][0xffffffb5][0x6][0xffffffb3][0xc][0x1][0xffffffce]l[0xffffffd7]^[0xffffff9f]e8[0xffffffd5],[0xffffffc3][0xffffffa8][0xffffff93][0xffffffda][0xffffff87]p[0xffffffe2][0xffffffb3][0xc][0xffffffa7][0xffffffc1],[0xffffffc3][0x19]/[0xffffff8d]g[0xffffffe2][0xffffff8c][0xffffffcd]2[0xffffff9c][0xfffffffb]Eq[0xffffffd4][0xffffffb5]&[0xffffffb3][0xc][0x12]H[0xffffffc6][0xffffffb5][0x6][0xffffffb3][0xc][0x1][0xffffffce]l[0xffffffd7]^[0xffffff9f]e8[0xffffffd5],[0xffffffc3]8;u[0xffffffbf][0xfffffff6][0xffffffc4]g[0x19]N[0xffffff83]Y[0xffffff86]3^[0x1a][0xffffffcf][0xffffffc4][0x19][0xffffff9b]e8[0xfffffff7][0xffffff8b][0xffffffe2][0xffffffa8]kMf[0x19]$[0xffffff90][0xffffff8c]k[\r]f[0x19][0x2][0xffffff9c][0xffffffd9][0xffffffae][0xffffffbd]>[0xffffffcb]p[0xffffff9e][0xffffffc2][0xffffffb5]g[0xffffffe5]\{[0xffffffe2][0xffffffae]=[\r]\{[0x6][0xffffffa8]3q>1[0xffffffd7][0xffffff9e]N[0xffffffae][0xffffff8d](2[0xffffffae]U@2[0xffffffae][0xffffff8d]X[0xffffffe6][0xffffffbb]v[0xffffff87]3[0xffffffdb][0xffffffb5];[0xffffffa2]/[0xffffffb8]V[0xffffffed][\n]"
[DEBUG] http-outgoing-1 << "?G[0xffffffa3]f[0x19]N|W[0xfffffff8]i[0xffffffb0]+[0xfffffffc][0xffffff8c]K[0xffffff99]3q[0xffffffc6]v[0xffffff85][0xffffff9f][0xfffffffb]"f[0xffffffd4][0xffffffb5]&[0xffffffbb][0xffffffc2]%[0xffffff90][0xffffff8c]k[\r]v[0xffffff85][0x7]8[0xffffffb3]]{}W[0xfffffff8][0xffffffa9][0xffffffe6][0xffffffc6][0xffffffce][0xffffffb3]c[0xffffffbf][0xffffff8d][0xffffffe1]sc[0xffffffa7][0xffffffc1][0xffffffdc][0xffffffd8][0x19][0x7]t2q[0xffffffc6][0xffffffe6][0xffffffc6][0xffffffce]}([0x7]u[0xffffffad][0xffffffc9][0xffffffdc][0xffffff98][0x4][0xffffff92]q[0xffffffad][0xffffffc1][0xffffffdc]X[0xffffff80]3[0xffffffdb][0xffffffb5][0xffffffd7][0xffffffe7][0xffffffc6][0xffffffe6][0xffffffed][0xffffff97][0x16]];[0xffffffb1][0xfffffffb][0xffffffb5]o[0xffffffe7]a][0xfffffffb]8[0x1][0xffffffec][0xffffffda][0xffffffef]g@\[0xfffffffb]x:[0xffffffe2][0xffffffda]oO[0xffffffb6]p[0xffffffad]@[0x11]q[0xffffffad][0x4][0x12]q[0xffffffad][0xffffffc0]2[0xffffffdd][0xffffffb5][0x1][0xffffffce]d[0xffffffd7][0x6]D_p[0xffffffad][0xffffff9a][0x1b];W[0xffffffc7]\[0xffffff8b][0xffffffcf][0xffffff8d]M[0xffffff83][0xffffffb9][0xffffffb1][0x19][0x7]t2q[0xffffffc6][0xffffffe6][0xffffffc6][0xffffffe6]>[0xffffff94][0xffffff83][0xffffffba][0xffffffd6]dnL[0x2][0xffffffc9][0xffffffb8][0xffffffd6]`n,[0xffffffc0][0xffffff99][0xffffffed][0xffffffda][0xffffffeb]scS[0xffffffcd][0xffffff8d][0xffffffcd]2[0xffffffa9][0xffffffef][0xffffffe8]N|nl[0x1a][0xffffffcc][0xffffff8d][0xffffffcd]8[0xffffffa0][0xffffff93][0xffffff89]3676[0xfffffff7][0xffffffa1][0x1c][0xffffffd4][0xffffffb5]&sc[0x12]H[0xffffffc6][0xffffffb5][0x6]sc[0x1][0xffffffce]l[0xffffffd7]^[0xffffff9f][0x1b][0xffffff9b]jnl[0xfffffff6]E[0xffffffed][0xffffff9e][0xffffff99][0xfffffff8][0xffffffdc][0xffffffd8]4[0xffffff98][0x1b][0xffffff9b]q@'[0x13]glnl[0xffffffee]C9[0xffffffa8]kM[0xffffffe6][0xffffffc6]$[0xffffff90][0xffffff8c]k[\r][0xffffffe6][0xffffffc6][0x2][0xffffff9c][0xffffffd9][0xffffffae][0xffffffbd]>76[0xffffffd5][0xffffffdc][0xffffffd8]\[0xffffff8d][0xffffff9a][0xffffffd1][0xffffff9d][0xfffffff8][0xffffffdc][0xffffffd8]4[0xffffff98][0x1b][0xffffff9b]q@'[0x13]glnl[0xffffffee]C9[0xffffffa8]kM[0xffffffe6][0xffffffc6]$[0xffffff90][0xffffff8c]k[\r][0xffffffe6][0xffffffc6][0x2][0xffffff9c][0xffffffd9][0xffffffae][0xffffffbd]>76[0xffffffd5][0xffffffdc][0xffffffd8]*[0x7]576[0xfffffff1][0xffffffb9][0xffffffb1]i076[0xffffffe3][0xffffff80]N&[0xffffffce][0xffffffd8][0xffffffdc][0xffffffd8][0xffffffdc][0xffffff87]rP[0xffffffd7][0xffffff9a][0xffffffcc][0xffffff8d]I [0x19][0xffffffd7][0x1a][0xffffffcc][0xffffff8d][0x5]8[0xffffffb3]]{}nl[0xffffffaa][0xffffffb9][0xffffffb1][0xffffffd5][0xffffffb0];_[0x13][0xffffff9f][0x1b][0xffffff9b][0x6]sc3[0xe][0xffffffe8]d[0xffffffe2][0xffffff8c][0xffffffcd][0xffffff8d][0xffffffcd]}([0x7]u[0xffffffad][0xffffffc9][0xffffffdc][0xffffff98][0x4][0xffffff92]q[0xffffffad][0xffffffc1][0xffffffdc]X[0xffffff80]3[0xffffffdb][0xffffffb5][0xffffffd7][0xffffffe7][0xffffffc6][0xffffffe6][0xffffffa9]\;+57[0xfffffff6]v[0x1e][0xffffffd8][0xffffffb5][0xffffffa7][0xffffff81]k[0xffffffcf][0x0]u&[0xffffffce]'[0xffffffe6][0xffffffda][0xffffffd3][0xffffffc9][0xffffffb5][0x11]E[0xffffffc6][0xffffffb5][\n]"
[DEBUG] http-outgoing-1 << "H[0xffffffc6][0xffffffb5][0x11][0xffffffcb]|[0xffffffd7][0xffffffee]pf[0xffffffbb]vG[0xfffffff4][0x5][0xffffffd7][0xffffff8a][0xffffffb9][0xffffffb1][0xfffffff3]v[0x1b][0xffffffd8][0xffffff9d]/|nl[0x1a][0xffffffcc][0xffffff8d][0xffffffcd]8[0xffffffa0][0xffffff93][0xffffff89]3676[0xfffffff7][0xffffffa1][0x1c][0xffffffd4][0xffffffb5]&sc[0x12]H[0xffffffc6][0xffffffb5][0x6]sc[0x1][0xffffffce]l[0xffffffd7]^[0xffffff9f][0x1b][0xffffff9b]bn[0xffffffec][0xffffffbc]U[0xffffffee][0xffffffce][0x17]>76[\r][0xffffffe6][0xffffffc6]f[0x1c][0xffffffd0][0xffffffc9][0xffffffc4][0x19][0xffffff9b][0x1b][0xffffff9b][0xfffffffb]P[0xe][0xffffffea]Z[0xffffff93][0xffffffb9]1[0x9]$[0xffffffe3]Z[0xffffff83][0xffffffb9][0xffffffb1][0x0]g[0xffffffb6]k[0xffffffaf][0xffffffcf][0xffffff8d]-[0xfffffff1][0xffffffbd][0xffffffb1][0xfffffff3]6[0xffffffb0]][0xffffffe1][0xb][0xffffffff][0xffffffde][0xffffffd8]2[0xfffffff8][0xffffffde][0xffffffd8][0xffffff8a][0x1f]vJ[0xffffffc4]ya[0xffffffdf][0x1b][[0xfffffffb][0xffffffc7][0xffffff9c]H[0xffffffd7][\n]"
[DEBUG] http-outgoing-1 << "[0x14][0x11][0xffffffd7]J [0x11][0xffffffd7][\n]"
[DEBUG] http-outgoing-1 << ",[0xffffffd3]][0x1b][0xffffffe0]Lvm@[0xfffffff4][0x5][0xffffffd7][0xffffff8a]Y[0xffffff86][0xfffffff3][0xffffffb6][\n]"
[DEBUG] http-outgoing-1 << "[0xffffffe6]Z|[0xffffff96]a[0x19][0xffffffcc]2[0xffffffac]xi<[0x13]gl[0xffffff96]a[0xffffffed][0x17][0xffffffc5]Q[0xffffffd7][0xffffff9a][0xffffffcc]2H [0x19]"
[DEBUG] http-outgoing-1 << "[0xffffffd7][0x1a][0xffffffcc]2[0x4]8[0xffffffb3]]{}[0xffffff96]a[0xffffff89]Y[0xffffff86][0xffffffbb]k[0xffffffb1]][0xffffffe1][0xb][0xffffff9f]eX[0x6][0xffffffb3][0xc]+^[0x1a][0xffffffcf][0xffffffc4][0x19][0xffffff9b]eX[0xfffffffb]Eq[0xffffffd4][0xffffffb5]&[0xffffffb3][0xc][0x12]H[0xffffffc6][0xffffffb5][0x6][0xffffffb3][0xc][0x1][0xffffffce]l[0xffffffd7]^[0xffffff9f]eXb[0xffffff96][0xffffffe1]<[0xffffff8e][[0xffffffa3]\[0xffffff8b][0xffffffcf]2,[0xffffff83]Y[0xffffff86][0x15]/[0xffffff8d]g[0xffffffe2][0xffffff8c][0xffffffcd]2[0xffffffac][0xfffffffd][0xffffffa2]8[0xffffffea]Z[0xffffff93]Y[0x6][0x9]$[0xffffffe3]Z[0xffffff83]Y[0xffffff86][0x0]g[0xffffffb6]k[0xffffffaf][0xffffffcf]2,1[0xffffffcb]p[0x1e][0xfffffff5]([0xffffff94]k[0xfffffff1]Y[0xffffff86]e0[0xffffffcb][0xffffffb0][0xffffffe2][0xffffffa5][0xfffffff1]L[0xffffff9c][0xffffffb1]Y[0xffffff86][0xffffffb5]_[0x14]G]k2[0xffffffcb] [0xffffff81]d\k0[0xffffffcb][0x10][0xffffffe0][0xffffffcc]v[0xffffffed][0xfffffff5]Y[0xffffff86]%f[0x19][0xffffffce]c4[0xffffffac]k[0xfffffff1]Y[0xffffff86]e0[0xffffffcb][0xffffffb0][0xffffffe2][0xffffffa5][0xfffffff1]L[0xffffff9c][0xffffffb1]Y[0xffffff86][0xffffffb5]_[0x14]G]k2[0xffffffcb] [0xffffff81]d\k0[0xffffffcb][0x10][0xffffffe0][0xffffffcc]v[0xffffffed][0xfffffff5]Y[0xffffff86]u*[0xffffffd7][0xffffffae][0xffffff89]u[0xffffffed][0xffffff89][0xffffffbb][0xfffffff6]4p[0xffffffed][0x19][0xffffffa0][0xffffffce][0xffffffc4][0xfffffff9][0xffffffc4]\{:[0xffffffb9]6[0xffffffa2][0xffffffc8][0xffffffb8]V[0x1][0xffffffc9][0xffffffb8]6b[0xffffff99][0xffffffef][0xffffffda][0x1d][0xffffffce]l[0xffffffd7][0xffffffee][0xffffff88][0xffffffbe][0xffffffe4][0xffffffda]j[0xffffffe6][0xffffffda][0xffffff8a][0xffffffbb][0xffffffb6][0x1a][0xffffffb8][0xffffffb6][0xffffffa2][0xffffffae][0xffffffad][0xffffff98]k[0xffffffab][0xffffff93]kw[0x14])[0xffffffd7]F )[0xffffffd7][0xffffffee]X[0x12][0xffffffae][0xffffffad][0xffffffb0]k[0xffffffeb]U[0xffffffd7][0xffffffaa][0xffffffb9][0xffffffb1]R[0xffffffb0]}[0x8][0xb][0xffffff9f][0x1b][[0x6]sc+[0xe][0xffffffe8]d[0xffffffe2][0xffffff8c][0xffffffcd][0xffffff8d][0xffffffad]}([0x7]u[0xffffffad][0xffffffc9][0xffffffdc][0xffffff98][0x4][0xffffff92]q[0xffffffad][0xffffffc1][0xffffffdc]X[0xffffff80]3[0xffffffdb][0xffffffb5][0xffffffd7][0xffffffe7][0xffffffc6][0xffffff96][0xffffff9a][0x1b]+[0xffffffbd]Qsc[0xb][0xffffff9f][0x1b][[0x6]sc+[0xe][0xffffffe8]d[0xffffffe2][0xffffff8c][0xffffffcd][0xffffff8d][0xffffffad]}([0x7]u[0xffffffad][0xffffffc9][0xffffffdc][0xffffff98][0x4][0xffffff92]q[0xffffffad][0xffffffc1][0xffffffdc]X[0xffffff80]3[0xffffffdb][0xffffffb5][0xffffff97][0xffffffe7][0xffffffc6][0xffffffd6]M[0xffffffcd][0xffffff8d][0xffffff95]Y[0xffffffa1][0xfffffffb][0xffffffb5][0xffffff8f][0xfffffff3][0xffffffa0][0xffffffae]}?[0x1][0xffffffeb][0xffffffda][0xffffffcf]3[0x10][0xffffffae]}[0x7f]:[0xffffffe1][0xffffffda][0xffffffef]Ovp[0xffffffad]B[0xffffff91]p[0xffffffad][0x6][0xffffff92]p[0xffffffad][0xffffffc2]2[0xffffffdb][0xffffffb5][0x11][0xffffffce]\[0xffffffd7]FD_rm1sm[0xffffffc1]][[0xc]\[P[0xffffffd7][0x16][0xffffffcc][0xffffffb5][0xffffffc5][0xffffffc9][0xffffffb5];[0xffffff8a][0xffffff94]k#[0xffffff90][0xffffff94]kw,[0x9][0xffffffd7][0x16][0xffffffd8][0xffffffb5][0xffffffe5][0xffffffaa]k[0xffffffc5][0xffffffb7][0x1d][0xffffffcf]zLh[0xffffffcf][0xffffffd7][0xffffffe3]<[0xffffffb0]k[0xfffffff9]o;~[0xffffff9e][0xffffff81]q-[0xfffffff5]m[0xffffffc7][0xffffffef]O[0xfffffff6]p[0xffffffad][0xffffffc7][0xffffffb7][0x1d]5[0xffffff90][0xffffff8c]k[0xfffffff9]o;F8[0xffffffb3]]{[0xfffffff9][0xffffffdb][0xffffff8e][0xffffffeb][0xffffffa6][0xfffffff6]![0xffffffd4]zB[0xfffffffb]k[0x1f][0xffffffe7][0xffffff81]][0xffffffcb][0xffffffef]C[0xfffffff8]<[0x3][0xffffffe3]Zj[0x1f][0xffffffc2][0xfffffff7]'{[0xffffffb8][0xffffffd6]c[0x1f][0xffffff82][0x6][0xffffff92]q-[0xffffffbf][0xf]![0xffffffc2][0xffffff99][0xffffffed][0xffffffda][0xffffffcb][0xfffffffb][0x10][0xffffffde][0xfffffffe]4[0xffffffbe]C`]K[0xffffffbf]C([0x6][0xffffffef][0x10]J[0xfffffff8][0xffffff97][0xffffffb5]\[0xffffff9c][0xffffffa9]w[0x8][0xffffffc5][0xffffffe9][0x1d]BD[0xffffff91]r[0xffffffad][0xffffffcb];[0xffffff84][0xffffff88]%[0xffffffe1]Z[0xfffffff6][0x1d][0xffffffc2][0xffffff8e][0xffffffe8][0xb][0xffffffae][0xffffffad][0xffffffca][0xffffffb5]cA{[0xffffffbe][0x1e][0xffffffe7][0xffffff81]][[\r]\[[0x3][0xffffffd4][0xffffff99]8W[0xffffffcc][0xffffffb5][0xffffffd5][0xffffffc9][0xffffffb5][0x11]E[0xffffffc6][0xffffffb5][\n]"
[DEBUG] http-outgoing-1 << "H[0xffffffc6][0xffffffb5][0x11][0xffffffcb]|[0xffffffd7][0xffffffee]pf[0xffffffbb]vG[0xfffffff4][0x5][0xffffffd7][0xffffffaa][0xffffffdd]3[0x15][0xfffffffc]m[0xffffff8c][0xffffffde]=[0xfffffff3]~[0x2][0xffffffda][0xffffffb5][0xffffffe4][0xffffffee][0xffffff99][0xfffffff7][0xffffffa7]3[0xffffffae]5[0xffffffda]=[0xffffffa3]Pd\[0xffffffeb][0xffffffb2]{Fa[0xffffff99][0xffffffef]Zv[0xfffffff7]LD[0xfffffff4][0x5][0xffffffd7][0xffffffaa][0xffffffdd]3u.[0xffffffec][0x1d][0x2][0xffffffbd]{[0xffffffe6][0xfffffffd][0x4][0xffffffb4]k[0xffffffc9][0xffffffdd]3[0xffffffef]Og\k[0xffffffb4]{F[0xffffffa1][0xffffffc8][0xffffffb8][0xffffffd6]e[0xfffffff7][0xffffff8c][0xffffffc2]2[0xffffffdf][0xffffffb5][0xffffffec][0xffffffee][0xffffff99][0xffffff88][0xffffffe8][0xb][0xffffffae]U[0xffffffbb]g[0xffffffea]j[0xffffffd0][0xffffff8c][0xffffffee][0xffffffe3]<[0xffffffb0]k[0xfffffff9][0xffffffdd]3[0xffffff9f]g`\K[0xffffffed][0xffffff9e][0xfffffff9][0xfffffffe]d[0xf][0xffffffd7]z[0xffffffec][0xffffff9e][0xffffffd1]@2[0xffffffae][0xffffffe5]w[0xffffffcf]D8[0xffffffb3]]{y[0xfffffff7][0xffffffcc][0xffffffba][0xffffff9d][0xffffffc2][0xffffffb5][0xffffffed]v[0xffffff83]ft[0x1f][0xffffffe7][0xffffff81]]{[0x1a][0xffffffb8][0xfffffff6][0xc]Pg[0xffffffe2]|b[0xffffffae]=[0xffffff9d]\[0x1b]Qd\[0xffffffab][0xffffff80]d\[0x1b][0xffffffb1][0xffffffcc]w[0xffffffed][0xe]g[0xffffffb6]kwD_p[0xffffffad][0xffffffda][0xffffff87][0xffffffd0][0xffffff8e][0xffffffd2]([0xffffffd7][0xffffffd2][0xfffffffb][0x10][0xffffffde]O@[0xffffffbb][0xffffff96][0xffffffdc][0xffffff87][0xfffffff0][0xfffffffe]t[0xffffffc6][0xffffffb5]F[0xfffffffb][0x10][0x14][0xffffff8a][0xffffff8c]k][0xfffffff6]!(,[0xfffffff3]][0xffffffcb][0xffffffee]C[0xffffff88][0xffffff88][0xfffffffe]v[0xffffffd7][0x1e]jF[0xffffffb7][0xffffff9d][0xffffffd4][0xfffffffe][0xffffffda][0xffffffc7]yX[0xffffffd7][0x1e][0x6]3[0xffffffba]G[0x1c][0xffffff86]L[0xffffffc4][0xfffffff9][0xffffffc0]ft[0xffffff8f]}[0x0][0xffffff92]t[0xffffffad]@[0x11]q[0xffffffad][0x4][0x12]q[0xffffffad][0xffffffc0]2[0xffffffdd][0xffffffb5][0x1][0xffffffce]d[0xffffffd7][0x6]D_p[0xffffffad][0xffffff9a][0x1b][0xffffffeb][0xffffffb7][0xffffff93][0xffffffba][0xffffff87]p[0xffffffe0]sc[0xffffff87][0xffffffc1][0xffffffdc][0xffffffd8][0x11][0x7]t2q[0xffffffc6][0xffffffe6][0xffffffc6][0xffffff8e]}([0x7]u[0xffffffad][0xffffffc9][0xffffffdc][0xffffff98][0x4][0xffffff92]q[0xffffffad][0xffffffc1][0xffffffdc]X[0xffffff80]3[0xffffffdb][0xffffffb5][0xffffffd7][0xffffffe7][0xffffffc6][0xffffffee][0x7f][0x1a][0xffffffef][0xffffffd7][0xffffffb2][0xffffffae][0xffffff85][0xffffffef][0xffffffd7]>N[0xffffffc0][0xffffffbb][0x16][0xffffffbc]_[0xfffffffb]x:[0xffffffe5]Z[0xffffff9f][0xfffffffb][0xffffffb5][0x2]E[0xffffffca][0xffffffb5]&[0xfffffff7]k[0x5][0xffffff96][0xffffff84]k[0xffffffd1][0xfffffffb][0xffffffb5][0x1][0xffffffd1][0x17]\[0xffffffab]ft{[0x1d][0xffffffd4],[0xffffffc3][0xffffff81][0xffffffcf][0xffffffe8][0x1e][0x6]3[0xffffffba]G[0x1c][0xffffff86][0xffffffcc][0xffffffc4][0x19][0xffffff9b][0xffffffd1]=[0xfffffff6][0x1]H[0xffffffd4][0xffffffb5]&3[0xffffffba][0x12]H[0xffffffc6][0xffffffb5][0x6]3[0xffffffba][0x1][0xffffffce]l[0xffffffd7]^[0xffffff9f][0xffffffd1]=[0xffffffd4],C_'u[0xf][0xffffffe1][0xffffffc0]g[0x19][0xe][0xffffff83]Y[0xffffff86]#^[0x1a][0xffffffcf][0xffffffc4][0x19][0xffffff9b]e8[0xfffffff6][0xffffff8b][0xffffffe2][0xffffffa8]kMf[0x19]$[0xffffff90][0xffffff8c]k[\r]f[0x19][0x2][0xffffff9c][0xffffffd9][0xffffffae][0xffffffbd]>[0xffffffcb]p[0xffffffa8]Y[0xffffff86]Q[0xffffffa9]o[0xffffff96]?[0xffffffce][0x3][0xffffffbb][0xffffffd6]`[0xffffff96][0xffffffe1][0xffffff88][0xffffff97][0xffffffc6]3q[0xffffffc6]f[0x19][0xffffff8e][0xfffffffd][0xffffffa2]8[0xffffffea]Z[0xffffff93]Y[0x6][0x9]$[0xffffffe3]Z[0xffffff83]Y[0xffffff86][0x0]g[0xffffffb6]k[0xffffffaf][0xffffffcf]2[0x1c]j[0xffffff96]a[0xfffffff4]2([0xffffffd7][0xffffffe2][0xffffffb3][0xc][0xffffff87][0xffffffc1],[0xffffffc3][0x11]/[0xffffff8d]g[0xffffffe2][0xffffff8c][0xffffffcd]2[0x1c][0xfffffffb]Eq[0xffffffd4][0xffffffb5]&[0xffffffb3][0xc][0x12]H[0xffffffc6][0xffffffb5][0x6][0xffffffb3][0xc][0x1][0xffffffce]l[0xffffffd7]^[0xffffff9f]ex[0xfffffffb]/[0xffffffd1][0xffffffb5][0xffffffe7][0xffffffc0][0xffffffba][0xfffffff6][0xffffffc4]]{[0x1a][0xffffffb8][0xfffffff6][0xc]Pg[0xffffffe2]|b[0xffffffae]=[0xffffff9d]\[0x1b]Qd\[0xffffffab][0xffffff80]d\[0x1b][0xffffffb1][0xffffffcc]w[0xffffffed][0xe]g[0xffffffb6]kwD_p[0xffffffad][0xffffff9a]e[0x18][0xb][0xffffffdb]=s[0xffffffe0][0xffffffb3][0xc][0xffffff87][0xffffffc1],[0xffffffc3][0x11]/[0xffffff8d]g[0xffffffe2][0xffffff8c][0xffffffcd]2[0x1c][0xfffffffb]Eq[0xffffffd4][0xffffffb5]&[0xffffffb3][0xc][0x12]H[0xffffffc6][0xffffffb5][0x6][0xffffffb3][0xc][0x1][0xffffffce]l[0xffffffd7]^[0xffffff9f]e(j[0xffffff96][0xffffffe1][0xffffffbc][0x15][0xffffffea][0xffffffb7][0xffffffb1][0xffffff82][0xffffffcf]2[0x14][0xffffff83]Y[0xffffff86][0x12]/[0xffffff8d]'[0xffffffe2]\[0xffffffb0]Y[0xffffff86][0xffffffb2]_[0x14]']+PD\+[0xffffff81]D\+[0xffffffb0]Lwm[0xffffff80]3[0xffffffd9][0xffffffb5][0x1][0xffffffd1][0x17]\[0xffffffab][0xffffffee]|[0xffffff9d]G[0xffffffa7]v[0xffffffcf][0x14][0xfffffffc][0xffffffce]W1[0xffffffb8][0xfffffff3]U[0xffffffe2][0xffffffe5][0xffffff9a]L[0xffffff9c][0xffffffb1];_e[0xffffffbf]P[0xffffff83][0xffffffba][0xffffffd6][0xffffffe4][0xffffffce][0xffffff97][0x4][0xffffff92]q[0xffffffad][0xffffffc1][0xffffff9d][0xffffffaf][0x0]g"
[DEBUG] http-outgoing-1 << "[0xffffffb6]k[0xffffffaf][0xffffffdf][0xfffffff9]*[0xffffffea][0xffffffbb][0xc][0xffffffac]k[0xffffffe1]Y[0xffffff86]b[0xfffffff0]][0xffffff86][0x12][0x17][0xffffffe0][0xffffffe7][0xffffffe2][0xc][0xffffffcd]2[0xffffff94]}[0xffffffe9]=[0xffffffec]Z[0xffffff8b]Y[0x6][0x9]$[0xffffffe5]Z|[0xffffff96]![0xffffffc0][0xffffff99][0xffffffef][0xffffffda][0xffffffab][0xffffffb3][0xc][0xffffffa5][0xffffffaa][0xffffffae]m[0xffffff9d][0xffffff9a]ex;[0xf][0xffffffec][0xffffffda]j[0xffffffd0][0xffffffb5]5[0x4]D&[0xffffffce][0x15][0xffffffeb][0xffffffda][0xffffffea][0xffffffd4][0xffffffb5][0x11]E[0xffffffc6][0xffffffb5][\n]"
[DEBUG] http-outgoing-1 << "H[0xffffffc6][0xffffffb5][0x11][0xffffffcb]|[0xffffffd7][0xffffffee]pf[0xffffffbb]vG[0xfffffff4][0x5][0xffffffd7]6[0xffffffd5][0xffffffb5]cb][0xffffffdb][0xfffffff0][0xffffffae]m[0x6]][0xffffffdb]B@d[0xffffffe2][0xffffffdc][0xffffffb0][0xffffffae]mN][0x1b]Qd\[0xffffffab][0xffffff80]d\[0x1b][0xffffffb1][0xffffffcc]w[0xffffffed][0xe]g[0xffffffb6]kwD_p[0xffffffad][0xffffff9a]e[0xffffff98][0xffffffb7][0xffffffd1])[0xffffffd7][0xffffffe2][0xffffffb3][0xc][0xffffffc5]`[0xffffff96][0xffffffa1][0xffffffc4]K[0xffffffe3][0xffffff99]8c[0xffffffb3][0xc]e[0xffffffbf]([0xffffff8e][0xffffffba][0xffffffd6]d[0xffffff96]A[0x2][0xffffffc9][0xffffffb8][0xffffffd6]`[0xffffff96]![0xffffffc0][0xffffff99][0xffffffed][0xffffffda][0xffffffeb][0xffffffb3][0xc]E[0xffffffcd]2[0xffffffcc][0xffffffda][0x16][0xffffffe5]Z|[0xffffff96][0xffffffa1][0x18][0xffffffcc]2[0xffffff94]xi<[0x13]gl[0xffffff96][0xffffffa1][0xffffffec][0x17][0xffffffc5]Q[0xffffffd7][0xffffff9a][0xffffffcc]2H [0x19][0xffffffd7][0x1a][0xffffffcc]2[0x4]8[0xffffffb3]]{}[0xffffff96][0xffffffa1][0xffffff9c][0xffffffca][0xffffffb5][0xffffffa3]`[0xffffffae]=q[0xffffffd7][0xffffff9e][0x6][0xffffffae]=[0x3][0xffffffd4][0xffffff99]8[0xffffff9f][0xffffff98]kO'[0xffffffd7]F[0x14][0x19][0xffffffd7]* [0x19][0xffffffd7]F,[0xfffffff3]][0xffffffbb][0xffffffc3][0xffffff99][0xffffffed][0xffffffda][0x1d][0xffffffd1][0x17]\[0xffffffab]f[0x19]&[0xfffffff7][0xffffffbd][0xffffffb1][0xffffff82][0xffffffcf]2[0x14][0xffffff83]Y[0xffffff86][0x12]/[0xffffff8d]g[0xffffffe2][0xffffff8c][0xffffffcd]2[0xffffff94][0xfffffffd][0xffffffa2]8[0xffffffea]Z[0xffffff93]Y[0x6][0x9]$[0xffffffe3]Z[0xffffff83]Y[0xffffff86][0x0]g[0xffffffb6]k[0x7f]b[0xffffff96]a[0x9][0xffffffd7][0xffffffae][0xffffffd2][0xffffffa9]}[0x8]o[0xffffffe7][0xffffff81]][0xffffffbb][0xc]\[0xffffffbb][0x2][0xffffffd4][0xffffff99]8/[0xffffffcc][0xffffffb5][0xffffffcb][0xffffffc9][0xffffffb5][0x11]E[0xffffffc6][0xffffffb5][\n]"
[DEBUG] http-outgoing-1 << "H[0xffffffc6][0xffffffb5][0x11][0xffffffcb]|[0xffffffd7][0xffffffee]pf[0xffffffbb]vG[0xfffffff4][0xffffffb7][0xffffffbb][0xffffffb6][0xffffffaa][0xffffffb9][0xffffffb1][0xffffffd5]f[0xffffff83]\[[0xfffffff1][0xffffffb9][0xffffffb1]j07V[0xffffffe3][0xffffff80]N"[0xffffffce][0x15][0xffffff9b][0x1b][0xffffffab][0xfffffffb]P[0xe][0xffffffe9]Z[0xffffff81]"[0xffffffe2]Z[0x9]$[0xffffffe2]Z[0xffffff81]e[0xffffffba]k[0x3][0xffffff9c][0xffffffc9][0xffffffae][\r][0xffffff88][0xffffffbe][0xffffffe0]Z[0xfffffff5][\r][0xffffff9c]ub[0xffffffef][0x10]*[0xfffffffe][\r][0xffffff9c]j[0xfffffff0][\r][0xffffff9c][0x1a]?6[0xffffff92][0xffffff89]3[0xfffffff6][\r][0xffffff9c][0xffffffba][0x7f]`[0x4]u[0xffffffad][0xffffffc9]7p$[0xffffff90][0xffffff8c]k[\r][0xffffffbe][0xffffff81][0x13][0xffffffe0][0xffffffcc]v[0xffffffed][0xfffffff5]o[0xffffffe0]T1[0xffffffa3];o[0xffffffb7]rP[0xffffffae][0xffffffc5]gt[0xffffffab][0xffffffc1][0xffffff8c]n[0xffffff8d][0xffffffc3][0xffffff90][0xffffff99]8c3[0xffffffba]u[0x1f][0xffffff80]D]k2[0xffffffa3]+[0xffffff81]d\k0[0xffffffa3][0x1b][0xffffffe0][0xffffffcc]v[0xffffffed][0xfffffff5][0x19][0xffffffdd]*[0xffffffe6][0xffffffc6][0xffffffee][0xffffffae][0xffffffe5][0xffffffba][0x16][0xffffff9f][0x1b][0xffffffab][0x6]sc5[0xe][0xffffffe8]d[0xffffffe2][0xffffff8c][0xffffffcd][0xffffff8d][0xffffffd5]}([0x7]u[0xffffffad][0xffffffc9][0xffffffdc][0xffffff98][0x4][0xffffff92]q[0xffffffad][0xffffffc1][0xffffffdc]X[0xffffff80]3[0xffffffdb][0xffffffb5][0xffffffd7][0xffffffe7][0xffffffc6][0xffffffaa][0xfffffff8][0x6][0xffffffce][0xffffffdd][0xffffffb5][0xffffff93][0xffffffda][0xfffffff3]U[0xfffffff1]o[0xffffffe0]T[0xffffff83]o[0xffffffe0][0xffffffd4][0xfffffff8][0xffffffb1][0xffffff91]L[0xffffff9c][0xffffffb1]o[0xffffffe0][0xffffffd4][0xfffffffd][0x3]#[0xffffffa8]kM[0xffffffbe][0xffffff81]#[0xffffff81]d\k[0xfffffff0][\r][0xffffff9c][0x0]g[0xffffffb6]k[0xffffffaf][0x7f][0x3][0xffffffa7][0xffffff8a][0xffffffb9][0xffffffb1]y+7[0xffffffea][0x1e]B[0xffffffc5][0xffffffe7][0xffffffc6][0xffffffaa][0xffffffc1][0xffffffdc]X[0xffffff8d][0x3]:[0xffffff99]8cscu[0x1f][0xffffffca]A]k27&[0xffffff81]d\k07[0x16][0xffffffe0][0xffffffcc]v[0xffffffed][0xfffffff5][0xffffffb9][0xffffffb1]*[0xffffffe6][0xffffffc6][0xffffffe6][0xffffffad]W[0xffffffac]k[0xfffffff1][0xffffffb9][0xffffffb1]j07V[0xffffffe3][0xffffff80]N&[0xffffffce][0xffffffd8][0xffffffdc]X[0xffffffdd][0xffffff87]rP[0xffffffd7][0xffffff9a][0xffffffcc][0xffffff8d]I [0x19][0xffffffd7][0x1a][0xffffffcc][0xffffff8d][0x5]8[0xffffffb3]]{}n[0xffffffac][0xffffff9e][0xffffffca][0xffffffb5][0xfffffff3][0xffffffc0]~[0x1b];q[0xffffffd7][0xffffff9e][0x6][0xffffffae]=[0x3][0xffffffd4][0xffffff99]8[0xffffff9f][0xffffff98]kO'[0xffffffd7]F[0x14][0x19][0xffffffd7]* [0x19][0xffffffd7]F,[0xfffffff3]][0xffffffbb][0xffffffc3][0xffffff99][0xffffffed][0xffffffda][0x1d][0xffffffd1][0x17]\+[0xffffffe6][0xffffffc6][0xffffffe6]Qn[0xffffffd4][0xffffffee][0xffffff99][0xffffff8a][0xffffffcf][0xffffff8d]U[0xffffff83][0xffffffb9][0xffffffb1][0x1a][0x7]t2q[0xffffffc6][0xffffffe6][0xffffffc6][0xffffffea]>[0xffffff94][0xffffff83][0xffffffba][0xffffffd6]dnL[0x2][0xffffffc9][0xffffffb8][0xffffffd6]`n,[0xffffffc0][0xffffff99][0xffffffed][0xffffffda][0xffffffeb]sc[0xfffffff7]?-f[0xffffffae][0xffffff85]w*>N[0xffffffc0][0xffffffbb][0x16][0xffffffdc][0xffffffa9][0xfffffff8]x:[0xffffffe5]Z[0xffffff9f][0xffffff9d][0xffffff8a][0x2]E[0xffffffca][0xffffffb5]&;[0x15][0x5][0xffffff96][0xffffff84]k[0xffffffd1][0xffffff9d][0xffffff8a][0x1][0xffffffd1][0xffffff97]\[0xffffffdb][0xffffffcc]\[0xffffffdb]p[0xffffffd7]6[0x3][0xffffffd7]6[0xffffffd4][0xffffffb5][\r]smsr[0xffffffed][0xffffff8e]"[0xffffffe5][0xffffffda][0x8]$[0xffffffe5][0xffffffda][0x1d]K[0xffffffc2][0xffffffb5][\r]vm[0xffffffbb][0xffffffee][0xffffffda][0xffffffc7][0xffffffbb]Y'[0xffffffd9][0x1e][0x7]n[0xffffffdb][0xfffffffb][0x11]x[0xffffffdd]~[0x1c][0xffffff82][0xfffffff2][0xffffffed][0xfffffffd][0xfffffff1][0xffffff94]p[0xffffffdf][0x1f][0xffffffed]b[0xffffffdc][0xffffffc0]#[0xffffffa5]\A%[0xffffffe5][0xffffffdc][0xffffffc0]&![0xffffffdd][0xffffff8d][0xffffffd0]|[0xffffffeb]n[0xffffff9c][0xffffffbe][0xffffffa4][0xffffffdd]b[0xfffffff7]>[0xffffffc1][0xffffffe0][0xffffff85][0xffffff82][0xffffffc5][0x1b][0x5][0xfffffff8][0xffffff95][0x2][0xfffffff8]N[0xffffffc1][0xffffffeb][0xffffffa5][0xffffff82][0xffffffcd][[0x5][0xffffffa3][0xffffffd7][\n]"
[DEBUG] http-outgoing-1 << "[0x16][0xffffffef][0x15][0xfffffff0][0x17][0xb]?[0xfffffff1]f[0xffffffa1]v3[0xffffffed][0xffffffd6][0xffffff8e]k[0xfffffff7]~[0x4]^[0xffffffbb][0x1f][0xffffff87][0xffffffa0][0xffffffb4]{[0x7f]<[0xffffffa5][0xffffffdd][0xfffffff7]G[0xffffffbb]h7[0xfffffff0]HiWPIi7[0xffffffb0]Ihw#4_[0xffffffbb][0x1b][0xffffffa7]/i[0xffffffb7]M3[0xffffffed][0xffffffb6][0xffffff89]k[0xfffffff7]~[0x4]^[0xffffffbb][0x1f][0xffffff87][0xffffffa0][0xffffffb4]{[0x7f]<[0xffffffa5][0xffffffdd][0xfffffff7]G[0xffffffbb]h7[0xfffffff0]HiWPIi7[0xffffffb0]Ihw#4_[0xffffffbb][0x1b][0xffffffa7]/iw[0xffffffb8][0xffffffbd]d[0x18][0xfffffffc]K[0xffffff86][0xffffffe1][0xfffffff0][0xffffff92]a[0xffffffb0]/[0x19][0x6][0xfffffff7][0xffffff92]aX[0xffffffbd]d[0x8]<R[0xffffffda][0x15]TR[0xffffffda][\r]l[0x12][0xffffffda][0x1d][0xfffffff4]K[0xffffff86][0xfffffff1][0x13]/[0x19][0xffffffa6][[0xffffffed]N[0xffffffbe]v[0xffffffa7]C[0xffffffed]N[0xffffffb6]v'W[0xffffffbb][0xffffffd3][0xffffffaa]v[0x3][0xffffff8f][0xffffff94]v[0x5][0xffffff95][0xffffff94]v[0x3][0xffffff9b][0xffffff84]v'][0xffffffbb][0xfffffff3]'jw[0xffffffb9][0xffffffd5][0xffffffee][0xffffffe2]kw9[0xffffffd4][0xffffffee]bkwq[0xffffffb5][0xffffffbb][0xffffffac]j7[0xfffffff0]HiWPIi7[0xffffffb0]Ihw[0xffffffd1][0xffffffb5][0xffffffbb]~[0xffffffa2]v[0xffffff8f][0xffffffc7][0x17]x[0xffffff9d][0xffffffbc]{?[0x11].[0xffffffde][0xffffffb7]3[0xfffffff0][0xffffffe6][0xfffffffd]v[\n]"
[DEBUG] http-outgoing-1 << "J[0xffffffbd]o[0xffffffcf][0xffffffa7][0xffffffdc][0xfffffffb][0xfffffff1]l[0x17][0xfffffff9]F()[0xfffffffb]*4)[0xfffffffd]F@[0x9][0xffffffff][0xffffffee][0xffffff98][0xffffffe6][0xb]x[0xffffff87][0xfffffff5][0xffffffb7][0x18]x[0xffffffbe][0xffffffff][0xffffffb1][0xfffffff8][0xffffffa4][0xffffffd9]<[0xffffffc6][0xffffffca][0xffffffff]T[0xffffffef][0xffffffe7]y([0xfffffffb]~9[0x1][0xffffffe6][0xffffffde][0xffffffed][0xc][0xffffffc9][0xffffffe6][0xfffffffd][0xfffffff2][0xfffffff4]d[0xffffffef][0xfffffffe][0xfffffffa][0xffffffc9][0xffffffb0]u[0xffffff9f][0xffffffa2][0xffffff98][0xffffffec][0xffffffdc][0x1f][0x0][0xffffff99]l[0xffffffdc][0xffffffa7]X&[0xfffffffa][0xfffffff6][0x9][0xffffff9c]i[0xffffffb6]}[0xffffff82][0xffffffe8]owm[0x13][0xffffff9f]4[0xffffff9b][0xffffffc7]Z[0xfffffff9][0xffffffab][0xffffffc4]>[0xffffffcf][0xffffffc3][0xffffffba][0xffffffb6][0xffffffa1][0xffffff9f]4[0xffffffdb][0xffffffce][0xffffff80][0xffffffb8][0xffffffb6][0x1][0xffffff9f]4[0xfffffffb][0xfffffff5][0xffffff93]-\+PD\+[0xffffff81]D\+[0xffffffb0]Lwm[0xffffff80]3[0xffffffd9][0xffffffb5][0x1][0xffffffd1][0x17]\+>i6Km[0xffffff98]k[0xffffffc1]O[0xffffff9a]}9[0x1][0xffffffed]Z[0xffffffe8][0xffffff93]f_[0xffffff9e][0xffffffce][0xffffffb8][0xffffffd6][0xffffffe3][0xffffff93]fOQd\k[0xfffffff0]I[0xffffffb3][0xffffffa7]X[0xffffffe6][0xffffffbb][0x16][0xfffffffb][0xffffffa4][0xffffffd9][0x13]D_p[0xffffffad][0xfffffffa][0xffffffa4]Y[0xffffffe9][0xffffffc0][0xffffffda][0xffffffc6]"
[DEBUG] http-outgoing-1 << "[0xffffffcf][0xfffffff3][0xffffffc0][0xffffffae]E?i[0xffffffb6][0xffffff9d][0xffffff81]q-[0xfffffff0]I[0xffffffb3]_?[0xffffffd9][0xffffffc3][0xffffffb5][0xfffffff8]'[0xffffffcd]~[0x0]$[0xffffffe3]Z[0xfffffff4][0xffffff93]fO[0xffffffe0][0xffffffcc]v[0xffffffed][0xffffff95]O[0xffffff9a]}[0xfffffffc][0xffffffa9][0xfffffffa][0xffffffa4]Y9W[0xffffffa5]\[0xb]~[0xffffffd2][0xffffffec][0xffffffcb][0x9]h[0xffffffd7]B[0xffffff9f]4[0xfffffffb][0xfffffff2]t[0xffffffc6][0xffffffb5][0x1e][0xffffff9f]4{[0xffffff8a]"[0xffffffe3]Z[0xffffff83]O[0xffffff9a]=[0xffffffc5]2[0xffffffdf][0xffffffb5][0xffffffd8]'[0xffffffcd][0xffffff9e] [0xfffffffa][0xffffffdb]][0xffffffdb][0xffffffd5][0xfffffffb][0xffffffda][0xffffffda][[0xfffffffe]gv>[0xffffffcf][0xffffffc3][0xffffffba][0xffffffb6][0x1b][0xffffffbc][0xffffffaf][0xffffffed][0xfffffff1][0xffffffc5]X"[0xffffffce][0x1d]{_[0xffffffdb][0xfffffff7][0xffffff97]a[0xffffffa4]k[0x5][0xffffff8a][0xffffff88]k%[0xffffff90][0xffffff88]k[0x5][0xffffff96][0xffffffe9][0xffffffae][\r]p&[0xffffffbb]6 [0xfffffffa][0xffffff82]k[0xffffffd5][0xfffffffb][0xffffffda]z[0xe][0xffffffaa]k;[0xfffffffe][0xffffffbe][0xffffffb6][0x1b][0xffffffbc][0xffffffaf][0xffffffed][0xfffffff1][0xffffffc5]X&[0xffffffce][0xffffffd8][0xfffffffb][0xffffffda][0xffffffbe][0xffffffbf][0xc]C]k[0xfffffff2][0xffffffbe]V[0x2][0xffffffc9][0xffffffb8][0xffffffd6][0xffffffe0]}m[0xffffff80]3[0xffffffdb][0xffffffb5][0xffffffd7][0xffffffdf][0xffffffd7][0xfffffff6]"[0xffffffd6][0xffffff91][0xffffffb7][0xffffffdb][0xffffffcc][0xffffffbf]s[0xfffffffb]y[0x1e][0xffffffd8][0xffffffb5][0xffffff85]\G[0xffffffbe][0xffffff9d][0xffffff81]qm[0xffffffc9]_G[0xfffffffe][0xffffffeb]'{[0xffffffb8]6[0xffffffa2][0xffffffc8][0xffffffb8]V[0x1][0xffffffc9][0xffffffb8]6b[0xffffff99][0xffffffef][0xffffffda][0x1d][0xffffffce]l[0xffffffd7][0xffffffee][0xffffff88][0xffffffbe][0xffffffe0]Z[0xfffffff5][0xffffffbe][0xffffffb6][0xffffff95][0xffffff85][0xffffffbd]C[0xffffffc0][0xffffffdf][0xffffffd7]v[0xffffff83][0xfffffff7][0xffffffb5]=[0xffffffbe][0x18][0xffffffcb][0xffffffc4][0x19]{_[0xffffffdb][0xfffffff7][0xffffff97]a[0xffffffa8]kM[0xffffffde][0xffffffd7]J [0x19][0xffffffd7][0x1a][0xffffffbc][0xffffffaf][\r]pf[0xffffffbb][0xfffffff6]'[0xffffffde][0xffffffd7]6[0xffffffe5][0xffffffda]q[0xffffffc3][0xffffffde]!4[0xffffffdc][0xffffffb5][0xffffffcd][0xffffffc0][0xffffffb5]-@[0xffffff9d][0xffffff89]s[0xffffffc3]\[0xffffffdb][0xffffff9c]\[0x1b]Qd\[0xffffffab][0xffffff80]d\[0x1b][0xffffffb1][0xffffffcc]w[0xffffffed][0xe]g[0xffffffb6]kwD_pmW[0xffffffae][0xffffff9d][0xffffffdc][0xfffffffb][0xffffffda][0xffffff8e][0xffffffbb][0xffffffb6][0x1b][0xffffffb8][0xffffffb6][0x7][0xffffffa8]3q[0xffffffee][0xffffff98]k[0xffffffbb][0xffffff93]k#[0xffffff8a][0xffffff8c]k[0x15][0xffffff90][0xffffff8c]k#[0xffffff96][0xfffffff9][0xffffffae][0xffffffdd][0xffffffe1][0xffffffcc]v[0xffffffed][0xffffff8e][0xffffffe8][0xb][0xffffffae][0x1d][0xffffffe2][0xffffff93]f[0xfffffffd]8[0xffffffb0][0xfffffff7][0xffffffb5][0xffffff83][0xfffffffb][0xffffffa4][0xffffffd9][0xffffff97][0x13][0xffffffd0][0xffffffae][0x1d][0xffffffe1][0xffffffdb]Q[0xffffff99]8[0xffffff8f][0xfffffffc]O[0xffffff9a][0xfffffffd][0xfffffffa][0xffffffc9][0x1e][0xffffffae][0xffffff8d](2[0xffffffae]U@2[0xffffffae][0xffffff8d]X[0xffffffe6][0xffffffbb]v[0xffffff87]3[0xffffffdb][0xffffffb5];[0xffffffa2]/[0xffffffb8][0xfffffff6][0x14]][0xffffffdb][0xffffffdb][0xffffffed][0xffffffa4]\{[0xffffffe2]]{[0x1a]t[0xffffffed][0x19][0x2]"[0x13][0xffffffe7][0x13][0xffffffeb][0xffffffda][0xffffffd3][0xffffffa9]k#[0xffffff8a][0xffffff8c]k[0x15][0xffffff90][0xffffff8c]k#[0xffffff96][0xfffffff9][0xffffffae][0xffffffdd][0xffffffe1][0xffffffcc]v[0xffffffed][0xffffff8e][0xffffffe8][0xb][0xffffffae][0xffffff9d][0xffffffca][0xffffffb5][0xffffffbd]4[0xffffffca][0xffffffb5][0x13]w[0xffffffed]4p[0xffffffed][0xc]Pg[0xffffffe2]<1[0xffffffd7]N'[0xffffffd7]F[0x14][0x19][0xffffffd7]* [0x19][0xffffffd7]F,[0xfffffff3]][0xffffffbb][0xffffffc3][0xffffff99][0xffffffed][0xffffffda][0x1d][0xffffffd1][0x17]\[0xffffffab][0xfffffff6]|[0xfffffff5][0xfffffffe][0xfffffff8][0xffffffc4][0x3][0xffffffe2]Z|[0xffffffcf]W7[0xffffffd8][0xfffffff3][0xffffffd5][0xffffffe3]B[0xffffffa5]L[0xffffff9c][0xffffffb1]=_}_[0xffffffa2][0xffffff84][0xffffffba][0xffffffd6]d[0xffffffcf][0xffffff97][0x4][0xffffff92]q[0xffffffad][0xffffffc1][0xffffff9e][0xffffffaf][0x0]g[0xffffffb6]k[0xffffffaf][0xffffffef][0xfffffff9][0x1a]jn[0xffffffac][0xffffff8f]cB[0xffffffae][0x1d][0xfffffff8][0xffffffdc][0xffffffd8]0[0xffffff98][0x1b][0x1b]q@'[0x11][0xffffffe7][0xffffff81][0xffffffcd][0xffffff8d][0xffffff8d]}([0xffffff87]t[0xffffffad]@[0x11]q[0xffffffad][0x4][0x12]q[0xffffffad][0xffffffc0]2[0xffffffdd][0xffffffb5][0x1][0xffffffce]d[0xffffffd7][0x6]D_p[0xffffffad][0xffffff9a][0x1b][0xffffffeb][0xffffffa3]S[0xfffffff7][0x10][0x6]>76[0xc][0xffffffe6][0xffffffc6]F[0x1c][0xffffffd0][0xffffffc9][0xffffffc4][0x19][0xffffff9b][0x1b][0x1b][0xfffffffb]P[0xe][0xffffffea]Z[0xffffff93][0xffffffb9]1[0x9]$[0xffffffe3]Z[0xffffff83][0xffffffb9][0xffffffb1][0x0]g[0xffffffb6]k[0xffffffaf][0xffffffcf][0xffffff8d][\r][0xffffffb5][0xffffffe7][0xffffffab][0xffffff9f][0xffffff83][0xffffffda][0x15]>[0xfffffff0]=_[0xffffffc3]`[0xffffffcf][0xffffffd7][0xffffff88][0xb][0xffffff95]2q[0xffffffc6][0xfffffff6]|[0xffffff8d]}[0xffffff89][0x12][0xffffffea]Z[0xffffff93]=_[0x12]H[0xffffffc6][0xffffffb5][0x6]{[0xffffffbe][0x2][0xffffff9c][0xffffffd9][0xffffffae][0xffffffbd][0xffffffbe][0xffffffe7]k[0xffffffa8]Y[0xffffff86]Q[0x7]576[0xfffffff0]Y[0xffffff86]a0[0xffffffcb]0[0xffffffe2][0xffffffa5][0xfffffff1]L[0xffffff9c][0xffffffb1]Y[0xffffff86][0xffffffb1]_[0x14]G]k2[0xffffffcb] [0xffffff81]d\k0[0xffffffcb][0x10][0xffffffe0][0xffffffcc]v[0xffffffed][0xfffffff5]Y[0xffffff86]1[0xffffff84]k[0xffffffcf][0xffffffa3]S[0xfffffffb]k[0xffffffdf][0xffffffce][0x3][0xffffffbb]v[0x18][0xffffffb8]v[0x4][0xffffffa8]3q[0x1e][0xffffff98]k[0xffffff87][0xffffff93]k#[0xffffff8a][0xffffff8c]k[0x15][0xffffff90][0xffffff8c]k#[0xffffff96][0xfffffff9][0xffffffae][0xffffffdd][0xffffffe1][0xffffffcc]v[0xffffffed][0xffffff8e][0xffffffe8][0xb][0xffffffae][0xffffff9d][0xffffffca][0xffffffb5]'v[0xffffffbf][0xfffffff6][0xffffffed]<[0xffffffb0]k[0xffffffa7][0xffffff81]kg[0xffffff80]:[0x13][0xffffffe7][0xffffff89][0xffffffb9]v:[0xffffffb9]6[0xffffffa2][0xffffffc8][0xffffffb8]V[0x1][0xffffffc9][0xffffffb8]6b[0xffffff99][0xffffffef][0xffffffda][0x1d][0xffffffce]l[0xffffffd7][0xffffffee][0xffffff88][0xffffffbe][0xffffffe0]Zu[0xffffffe7]k[0xffffffde][0x6]v[0xf][0x1][0xffffffbf][0xfffffff3]5[0xc][0xffffffee]|[0xffffff8d]x[0xffffffb9]&[0x13]g[0xffffffec][0xffffffce][0xffffffd7][0xffffffd8]/[0xffffffd4][0xffffffa0][0xffffffae]5[0xffffffb9][0xfffffff3]%[0xffffff81]d\kp[0xffffffe7]+[0xffffffc0][0xffffff99][0xffffffed][0xffffffda][0xffffffeb]w[0xffffffbe]Nu[0xffffffe7]k[0xffffff96][0xffffffd6] [0xffffffd7][0xffffff9e][0xfffffff8][0xffffff9d][0xffffffaf][0xffffffd3][0xffffffe0][0xffffffce][0xffffffd7][0x19]/[0xffffffd7]$[0xffffffe2]|bw[0xffffffbe][0xffffffce][0xfffffffd]B[\r][0xffffffe9]Z[0xffffff81]"[0xffffffe2]Z[0x9]$[0xffffffe2]Z[0xffffff81]e[0xffffffba]k[0x3][0xffffff9c][0xffffffc9][0xffffffae][\r][0xffffff88][0xffffffbe][0xffffffe0]Zu[0xffffffe7]k[0xfffffff6]F[0xffffffed]C8[0xfffffff1];_[0xffffffa7][0xffffffc1][0xffffff9d][0xffffffaf]3^[0xffffffae][0xffffffc9][0xffffffc4][0x19][0xffffffbb][0xfffffff3]u[0xffffffee][0x17]jP[0xffffffd7][0xffffff9a][0xffffffdc][0xfffffff9][0xffffff92]@2[0xffffffae]5[0xffffffb8][0xfffffff3][0x15][0xffffffe0][0xffffffcc]v[0xffffffed][0xfffffff5];_[0xffffffa7][0xffffffba][0xfffffff3]5[0xffffffc7]I[0xffffffdd][0xfffffff9]:[0xfffffff1];_[0xffffffa7][0xffffffc1][0xffffff9d][0xffffffaf]3^[0xffffffae][0xffffffc9][0xffffffc4][0x19][0xffffffbb][0xfffffff3]u[0xffffffee][0x17]jP[0xffffffd7][0xffffff9a][0xffffffdc][0xfffffff9][0xffffff92]@2[0xffffffae]5[0xffffffb8][0xfffffff3][0x15][0xffffffe0][0xffffffcc]v[0xffffffed][0xfffffff5];_[0xffffffa7][0xffffffda][0x15]>[0xffffffcf]B[0xffffffcd]2[0xffffff9c][0xfffffff8][0xffffffae][0xfffffff0][0xffffffd3]`W[0xfffffff8][0x19][0xffffff97]2g[0xffffffe2][0xffffff8c][0xffffffed][\n]"
[DEBUG] http-outgoing-1 << "?[0xfffffff7]E[0xffffffcc][0xffffffa8]kMv[0xffffff85]K [0x19][0xffffffd7][0x1a][0xffffffec][\n]"
[DEBUG] http-outgoing-1 << "[0xf]pf[0xffffffbb][0xfffffff6][0xfffffffa][0xffffffae][0xfffffff0]S[0xffffffdd][0xffffffaf][0xffffff9d][0xffffffe7][0xffffffe3]t[0xffffff88]k[0xfffffff1][0xfffffffb][0xffffffb5][0xffffffa7][0xffffffc1][0xfffffffd][0xffffffda]3^d[0xffffffcc][0xffffffc4][0x19][0xffffffbb]_{[0xffffffee][0xffffff97][0x17]Q[0xffffffd7][0xffffff9a][0xffffffdc][0xffffffaf][0xffffff95]@2[0xffffffae]5[0xffffffb8]_[0x1b][0xffffffe0][0xffffffcc]v[0xffffffed][0xfffffff5][0xfffffffb][0xffffffb5][0xffffffa7][0xffffffda][0x15]>[0xffffffcf][0xffffff85][0xffffffbd]C[0xffffffc0]w[0xffffff85][0xffffff9f][0x6][0xffffffbb][0xffffffc2][0xffffffcf][0xffffffb8][0xffffff94]9[0x13]glW[0xfffffff8][0xffffffb9]/bF]k[0xffffffb2]+\[0x2][0xffffffc9][0xffffffb8][0xffffffd6]`Wx[0xffffff80]3[0xffffffdb][0xffffffb5][0xffffffd7]w[0xffffff85][0xffffff9f]j[0xffffff96]a[0xffffffae][0x1b][0xfffffff6][0xffffffdb][0x18]>[0xffffffcb]p[0x1a][0xffffffcc]2[0xffffff9c][0xfffffff1][0xffffffd2]x&[0xffffffce][0xffffffd8],[0xffffffc3][0xffffffb9]_[0x14]G]k2[0xffffffcb] [0xffffff81]d\k0[0xffffffcb][0x10][0xffffffe0][0xffffffcc]v[0xffffffed][0xfffffff5]Y[0xffffff86]S[0xffffffed][\n]"
[DEBUG] http-outgoing-1 << "_[0xffffffe5][0xffffffa0]f[0x19]N|W[0xfffffff8]i[0xffffffb0]+[0xfffffffc][0xffffff8c]K[0xffffff99]3q[0xffffffc6]v[0xffffff85][0xffffff9f][0xfffffffb]"f[0xffffffd4][0xffffffb5]&[0xffffffbb][0xffffffc2]%[0xffffff90][0xffffff8c]k[\r]v[0xffffff85][0x7]8[0xffffffb3]]{}W[0xfffffff8]9[0xffffff95]k[0x1b][0xffffffb6]S[0xfffffff1][0xffffffed]<[0xffffffb0]k[0xffffffa7][0xffffff81]kg[0xffffff80]:[0x13][0xffffffe7][0xffffff89][0xffffffb9]v:[0xffffffb9]6[0xffffffa2][0xffffffc8][0xffffffb8]V[0x1][0xffffffc9][0xffffffb8]6b[0xffffff99][0xffffffef][0xffffffda][0x1d][0xffffffce]l[0xffffffd7][0xffffffee][0xffffff88][0xffffffbe][0xffffffe0]Z57[0xffffffb6][0xffffffce][0xffffff8e]u->7v[0x1a][0xffffffcc][0xffffff8d][0xffffff9d]q@'[0x13]gln[0xffffffec][0xffffffdc][0xffffff87]rP[0xffffffd7][0xffffff9a][0xffffffcc][0xffffff8d]I [0x19][0xffffffd7][0x1a][0xffffffcc][0xffffff8d][0x5]8[0xffffffb3]]{}nl[0xffffffaa][0xffffffb9][0xffffffb1][0xffffffb5][0xffffffb0][0xffffffdf][0xffffffc6]"
[DEBUG] http-outgoing-1 << "&>76[\r][0xffffffe6][0xffffffc6]f[0x1c][0xffffffd0]I[0xffffffc4]ybscs[0x1f][0xffffffca]!]+PD\+[0xffffff81]D\+[0xffffffb0]Lwm[0xffffff80]3[0xffffffd9][0xffffffb5][0x1][0xffffffd1][0x17]\+[0xffffffe6][0xffffffc6][0xffffffd6][0xffffffad][0xffffffce]B[0xffffffb9][0x16][0xffffff9f][0x1b][0xffffff9b][0x6]sc3[0xe][0xffffffe8]d[0xffffffe2][0xffffff8c][0xffffffcd][0xffffff8d][0xffffffcd]}([0x7]u[0xffffffad][0xffffffc9][0xffffffdc][0xffffff98][0x4][0xffffff92]q[0xffffffad][0xffffffc1][0xffffffdc]X[0xffffff80]3[0xffffffdb][0xffffffb5][0xffffffd7][0xffffffe7][0xffffffc6][0xffffffa6][0xffffff98][0x1b][[0xffffffb7][0xffffffd1][0xffffffa8][0xfffffffd][0xffffffb5][0x13][0xffffff9f][0x1b][0xffffff9b][0x6]sc3[0xe][0xffffffe8]d[0xffffffe2][0xffffff8c][0xffffffcd][0xffffff8d][0xffffffcd]}([0x7]u[0xffffffad][0xffffffc9][0xffffffdc][0xffffff98][0x4][0xffffff92]q[0xffffffad][0xffffffc1][0xffffffdc]X[0xffffff80]3[0xffffffdb][0xffffffb5][0xffffffd7][0xffffffe7][0xffffffc6][0xffffff96][0xffffff98][0x1b][[0xffffffa5][0xffffffaf][0x6][0xffffffb9]v[0xffffffe1]sc[0xffffffcb]`nl[0xffffffc5][0x1][0xffffff9d]D[0xffffff9c][0x17]67[0xffffffb6][0xfffffff6][0xffffffa1][0x1c][0xffffffd2][0xffffffb5][0x2]E[0xffffffc4][0xffffffb5][0x12]H[0xffffffc4][0xffffffb5][0x2][0xffffffcb]t[0xffffffd7][0x6]8[0xffffff93]][0x1b][0x10]}[0xffffffc9][0xffffffb5][0xffffffd5][0xffffffcc][0xffffffb5][0x15]wm5pmE][1[0xffffffd7]V'[0xffffffd7][0xffffffee](R[0xffffffae][0xffffff8d]@R[0xffffffae][0xffffffdd][0xffffffb1]$\[a[0xffffffd7][0xffffffd6][0xffffffeb][0xffffffae]}[0xffffffdc][0xffffffef]r[0xffffff92][0xffffffed]1q[0xffffffdb][0xffffffde][0xffffff8f][0xffffffc0][0xffffffeb][0xfffffff6][0xffffffe3][0x10][0xffffff94]o[0xffffffef][0xffffff8f][0xffffffa7][0xffffff84][0xfffffffb][0xfffffffe]h[0x17][0xffffffe3][0x6][0x1e])[0xffffffe5][\n]"
[DEBUG] http-outgoing-1 << "*)[0xffffffe7][0x6]6[0x9][0xffffffe9]n[0xffffff84][0xffffffe6][w[0xffffffe3][0xfffffff4]%[0xffffffed]>[0xfffffffe]g[0xffffffe1][0xffffffa4][0xffffffdd][0xfffffffb][0xffffffff][0x1c]i[0xffffffed][0xffffffde][0xffffff8f][0xffffffc0]k[0xfffffff7][0xffffffe3][0x10][0xffffff94]v[0xffffffef][0xffffff8f][0xffffffa7][0xffffffb4][0xfffffffb][0xfffffffe]h[0x17][0xffffffed][0x6][0x1e])[0xffffffed][\n]"
[DEBUG] http-outgoing-1 << "*)[0xffffffed][0x6]6[0x9][0xffffffed]n[0xffffff84][0xffffffe6]kw[0xffffffe3][0xfffffff4]%[0xffffffed][0xfffffff6]f[0xffffffa6][0xffffffdd][0xffffffde]p[0xffffffed][0xffffffde][0xffffff8f][0xffffffc0]k[0xfffffff7][0xffffffe3][0x10][0xffffff94]v[0xffffffef][0xffffff8f][0xffffffa7][0xffffffb4][0xfffffffb][0xfffffffe]h[0x17][0xffffffed][0x6][0x1e])[0xffffffed][\n]"
[DEBUG] http-outgoing-1 << "*)[0xffffffed][0x6]6[0x9][0xffffffed]n[0xffffff84][0xffffffe6]kw[0xffffffe3][0xfffffff4]%[0xffffffed][0xffffff9e]n[0xffffffbf][0xffffff9e][0xffffff9d][0xfffffffc][0xffffffcf]g[0xfffffff7]#[0xfffffff0][0xffffffda][0xfffffffd]8[0x4][0xffffffa5][0xffffffdd][0xffffff93][0xfffffffb][0x5][0xffffffed][0xffffffb4][0xfffffffa][0x9]-[0xfffffff0]HiWPIi7[0xffffffb0]Ih[0xfffffff7][0xffffffa4][0x7f]F;_[0xffffffff][0x1d]m[0xffffffbd][0xffffffff][0xffffffad][0xffffffd8][0xffffff9d][0xffffffb0]*1[0xfffffff7][0xfffffff0]y[0x1e]J[0xffffffba]_N[0xffffff80]9w;C[0xffffffb2]r[0xffffffbf]<=[0xffffffd9][0xffffffb8][0xffffffbf]~2,[0xffffffdc][0xffffffa7](&[0xfffffffb][0xfffffff6][0x7]@&[0xffffffeb][0xfffffff6])[0xffffff96][0xffffff89][0xffffffb6]}[0x2]g[0xffffff9a]l[0xffffff9f] [0xfffffffa][0xffffff82]k[0xffffffc5]<[0xffffffef]jm[0xffffffe4][0xffffffcf]=|[0xffffff9e][0x7]v-:[0xffffffcf][0xffffffbb][0xffffff9d][0xffffff81]q-0[0xffffffcf][0xfffffffb][0xffffffeb]'{[0xffffffb8][0x16][0xffffff9f][0xffffffe7][0xfffffffd][0x1][0xffffff90][0xffffff8c]k[0xffffffd1]y[0xffffffde]'pf[0xffffffbb]vG[0xfffffff4][0xffffffb7][0xffffffba]v[0xffffffdc]nb[0xffffff9e]w[0xffffffb5]^[0xfffffff2]w'|[0xffffff9e][0xffffff87]t[0xffffffed][0xffffffc7][0x9]P[0xffffffd7]~9[0x3][0xffffffe0][0xffffffda][0xffffff8f][0xffffffa7][0x3][0xffffffae][0xfffffffd]|[0xffffffb2][0xffffff81]k%[0xffffff8a][0xffffff80]k[0xffffff9f][0x0][0x9][0xffffffb8]Vb[0xffffff99][0xffffffec]Z[0x1]g[0xffffffaa]k[0x5][0xffffffa2]/[0xffffffb8]V[0xffffffcd][0xfffffff3][0xffffffb6][0xfffffffe]x[0xffffff9d][0xffffff8b][0xffffffb8][0x16][0xffffff9c][0xffffffe7][0xfffffffd]r[0x2][0xffffffda][0xffffffb5][0xffffffd0]<[0xffffffef][0xffffff97][0xffffffa7]3[0xffffffae][0xfffffff5][0xffffff98][0xffffffe7]}[0xffffff8a]"[0xffffffe3]Z[0xffffff83]y[0xffffffde][0xffffffa7]X[0xffffffe6][0xffffffbb][0x16][0xffffff9b][0xffffffe7]}[0xffffff82][0xffffffe8][0xb][0xffffffae]U[0xfffffff3][0xffffffbc]mp][0xb][0xffffffce][0xfffffff3]~9[0x1][0xffffffed]Zh[0xffffff9e][0xfffffff7][0xffffffcb][0xffffffd3][0x19][0xffffffd7]z[0xffffffcc][0xfffffff3]>E[0xffffff91]q[0xffffffad][0xffffffc1]<[0xffffffef]S,[0xfffffff3]][0xffffff8b][0xffffffcd][0xfffffff3]>A[0xfffffff4][0x5][0xffffffd7][0xffffffaa]y[0xffffffde]v[0xfffffff6][0xfffffffc]o8|[0xffffff9e][0x7]v-:[0xffffffcf][0xffffffbb][0xffffff9d][0xffffff81]q-0[0xffffffcf][0xfffffffb][0xffffffeb]'{[0xffffffb8][0x16][0xffffff9f][0xffffffe7][0xfffffffd][0x1][0xffffff90][0xffffff8c]k[0xffffffd1]y[0xffffffde]'pf[0xffffffbb][0xfffffff6][0xffffffca]<[0xffffffef][0xffffffc7][0xffffff9f][0xffffff8a][0xffffffef]@[0xffffffae][0xffffffb6]:s[0xf][0xffffffe1][0xfffffffd]<[0xffffffb0]k[0xffffffd1][0xffffffef]@ng`\[0xb]|[0x7][0xfffffff2][0xffffffd7]O[0xfffffff6]p-[0xfffffffe][0x1d][0xffffffc8][0x1f][0x0][0xffffffc9][0xffffffb8][0x16][0xfffffffd][0xe][0xffffffe4][0x13]8[0xffffffb3]]{[0xffffffe5];[0xffffff90][0x1f][0x7f]*[0xffffffbe][0x3][0xffffffb9]zY[0xffffffcc]=[0xffffff84][0xfffffff7][0xfffffff3][0xffffffc0][0xffffffae]E[0xffffffbf][0x3][0xffffffb9][0xffffff9d][0xffffff81]q-[0xfffffff0][0x1d][0xffffffc8]_?[0xffffffd9][0xffffffc3][0xffffffb5][0xfffffff8]w [0x7f][0x0]$[0xffffffe3]Z[0xfffffff4];[0xffffff90]O[0xffffffe0][0xffffffcc]v[0xffffffed][0xffffff95][0xffffffef]@~[0xfffffffc][0xffffffa9][0xffffffba]_[0xffffffdb][0xffffffe7]<([0xffffffd7][0xffffffc2][0xfffffff7]k?N@[0xffffffbb][0x16][0xffffffbc]_[0xfffffffb][0xfffffff1]t[0xffffffc6][0xffffffb5]>[0xfffffff7]k%[0xffffff8a][0xffffff8c]kM[0xffffffee][0xffffffd7]J,[0xfffffff3]][0xffffff8b][0xffffffde][0xffffffaf][0x15][0xffffff88][0xffffffbe][0xffffffe0][0xffffffda])\;[0xffffff8e]Q)[0xffffffd7]N[0xffffffdc][0xffffffb5][0xffffffd3][0xffffffc0][0xffffffb5]3@[0xffffff9d][0xffffff89][0xfffffff3][0xffffffc4]\;[0xffffff9d]\[0x1b]Qd\[0xffffffab][0xffffff80]d\[0x1b][0xffffffb1][0xffffffcc]w[0xffffffed][0xe]g[0xffffffb6]kwD[0x7f][0xffffffbb]k[0xf][0xffffffe5][0xffffffda]Yf[0xffffff83]\{[0xffffffe0][0xffffffae]=[0xc]\{D[0xffffffa8][0x13]q>0[0xffffffd7][0x1e];[0xffffffc8][0xffffffa4]k[0x5][0xffffff8a][0xffffff88]k%[0xffffff90][0xffffff88]k[0x5][0xffffff96][0xffffffe9][0xffffffae][\r]p&[0xffffffbb]6 [0xfffffffa][0xffffff92]k[0xffffff9b][0xffffff99]k[0xffffffb1]}4_N[0xffffffc0][0xffffffbb][0x16][0xffffffd9]F[0xfffffff3][0xffffffe5][0xffffffe9][0xffffff94]k[0x1d]v[0xffffffd1]<E[0xffffff91]r-[0xffffffbe][0xffffff89][0xffffffe6])[0xffffff96][0xffffff84]k[0xffffffa1]=4O[0x10][0xfffffffd][0xffffffed][0xffffffae]-[0xffffffb7]_Jt[0xffffffed]*[0xffffffd4]=[0xffffff84][0xffffffb7][0xfffffff3][0xffffffb0][0xffffffae]}[0xffffff9c][0x0]v[0xffffffed][0xfffffff7]3 [0xffffffae]}<[0x1d]q[0xffffffed][0xffffffb7]'[[0xffffffb8]V[0xffffffa0][0xffffff88][0xffffffb8]V[0x2][0xffffff89][0xffffffb8]V`[0xffffff99][0xffffffee][0xffffffda][0x0]g[0xffffffb2]k[0x3][0xffffffa2]/[0xffffffb8]V[0xffffffcd]2[0xffffffac]vR[0xffffffb3][0xc][0x5][0xffffff9f]e([0x6][0xffffffb3][0xc]%^[0x1a][0xffffffcf][0xffffffc4][0x19][0xffffff9b]e([0xfffffffb]Eq[0xffffffd4][0xffffffb5]&[0xffffffb3][0xc][0x12]H[0xffffffc6][0xffffffb5][0x6][0xffffffb3][0xc][0x1][0xffffffce]l[0xffffffd7]^[0xffffff9f]e(j[0xffffff96]a[0xffffffcd]B[0xffffffcd]2[0x14]|[0xffffff96][0xffffffa1][0x18][0xffffffcc]2[0xffffff94]xi<[0x13]gl[0xffffff96][0xffffffa1][0xffffffec][0x17][0xffffffc5]Q[0xffffffd7][0xffffff9a][0xffffffcc]2H [0x19][0xffffffd7][0x1a][0xffffffcc]2[0x4]8[0xffffffb3]]{}[0xffffff96][0xffffffa1][0xffffffc4]Y[0xffffff86]r[0xffffffbb][0xffffffdd][0x16][0xffffffb5][0xf][0xffffffa1][0xffffffe0][0xffffffb3][0xc][0xffffffc5]`[0xffffff96][0xffffffa1][0xffffffc4]K[0xffffffe3][0xffffff99]8c[0xffffffb3][0xc]e[0xffffffbf]([0xffffff8e][0xffffffba][0xffffffd6]d[0xffffff96]A[0x2][0xffffffc9][0xffffffb8][0xffffffd6]`[0xffffff96]![0xffffffc0][0xffffff99][0xffffffed][0xffffffda][0xffffffeb][0xffffffb3][0xc]e([0xffffffd7][0xffffff8e]:)[0xffffffd7][0xe][0xffffffdc][0xffffffb5][0xffffffc3][0xffffffc0][0xffffffb5]#@[0xffffff9d][0xffffff89][0xfffffff3][0xffffffc0]\;[0xffffff9c]\[0x1b]Qd\[0xffffffab][0xffffff80]d\[0x1b][0xffffffb1][0xffffffcc]w[0xffffffed][0xe]g[0xffffffb6]kwD_pm[0xffffff9c]exs[0xffffffed][0xffffffa4][0xffffffe6][0xffffffc6][\n]"
[DEBUG] http-outgoing-1 << ">[0xffffffcb]P[0xc]f[0x19]J[0xffffffbc]4[0xffffff9e][0xffffff89]36[0xffffffcb]P[0xfffffff6][0xffffff8b][0xffffffe2][0xffffffa8]kMf[0x19]$[0xffffff90][0xffffff8c]k[\r]f[0x19][0x2][0xffffff9c][0xffffffd9][0xffffffae][0xffffffbd]>[0xffffffcb]P[0xffffffe2][0xfffffffd][0xffffffda][0xffffffbb]kO[0xffffffee]}-~[0xffffffbf][0xffffffb6][0x18][0xffffffdc][0xffffffaf]-[0xfffffff1]"c&[0xffffffce][0xffffffd8][0xfffffffd][0xffffffda][0xffffffb2]_^D]kr[0xffffffbf]V[0x2][0xffffffc9][0xffffffb8][0xffffffd6][0xffffffe0]~m[0xffffff80]3[0xffffffdb][0xffffffb5][0xffffffd7][0xffffffef][0xffffffd7][0xffffff96]%][0xffffff8b][0xffffffcd][0xffffffe8][0xffffffbe][0xffffff9d][0x7]v[0xffffffed]2p[0xffffffed][\n]"
[DEBUG] http-outgoing-1 << "Pg[0xffffffe2][0xffffffbc]0[0xffffffd7].'[0xffffffd7]F[0x14][0x19][0xffffffd7]* [0x19][0xffffffd7]F,[0xfffffff3]][0xffffffbb][0xffffffc3][0xffffff99][0xffffffed][0xffffffda][0x1d][0xffffffd1][0xffffffdf][0xffffffee][0xffffffda][0xffffffda]~[0xffffffa9][0xffffffc1][0xffffffb5][0xffffffc7]:[0x1b][0xffffffe4][0xffffffda][0xffffffb7][0xfffffff3][0xffffffb0]"
[DEBUG] http-outgoing-1 << "[0xffffffae]}[0xffffff9c][0x0]v[0xffffffed][0xfffffff7]3 [0xffffffae]}<[0x1d]q[0xffffffed][0xffffffb7]'[[0xffffffb8]V[0xffffffa0][0xffffff88][0xffffffb8]V[0x2][0xffffff89][0xffffffb8]V`[0xffffff99][0xffffffee][0xffffffda][0x0]g[0xffffffb2]k[0x3][0xffffffa2]/[0xffffffb8]V[0xfffffffd]6V[0xfffffffa]9([0xffffffd7][0xffffffe2][0xffffffbf][0xffffff8d]U[0xffffff83][0xffffffdf][0xffffffc6]j[0xfffffffc][0x11]"[0x13]g[0xffffffec][0xffffffb7][0xffffffb1][0xffffffba][0xffffffff][0xfffffff0][0xffffff80][0xffffffba][0xffffffd6][0xffffffe4][0xffffffb7]1[0x9]$[0xffffffe3]Z[0xffffff83][0xffffffdf][0xffffffc6][0x2][0xffffff9c][0xffffffd9][0xffffffae][0xffffffbd][0xfffffffe][0xffffffdb]X][0xffffffc2][0xffffffb5][0xffffffb5][0xffffffdf][0xffffffa8][0xffffffdd]3o[0xffffffe7][0xffffff81]][0xffffffbb][0x4][0xffffffda][0xffffffd9]P[0xffffffaf][0x0]u&[0xffffffce][0xb]s[0xffffffed]rrmD[0xffffff91]q[0xffffffad][0x2][0xffffff92]qm[0xffffffc4]2[0xffffffdf][0xffffffb5];[0xffffff9c][0xffffffd9][0xffffffae][0xffffffdd][0x11][0xfffffffd][0xffffffed][0xffffffae]m[0xfffffff1][0xffffffdb][0xffffff8e]w[0xffffffd7][0xffffff8e]A[0xffffffbd][0xffffffaf]m[0xfffffff8][0xffffffb7][0x1d][0xffffff9b][0xffffffc1][0xffffffb7][0x1d][[0xfffffffc][0xffffff88]^"[0xffffffce][\r][0xfffffffb][0xffffffb6]c[0xffffffdb]?[0xffffff9c]G[0xffffffba]V[0xffffffa0][0xffffff88][0xffffffb8]V[0x2][0xffffff89][0xffffffb8]V`[0xffffff99][0xffffffee][0xffffffda][0x0]g[0xffffffb2]k[0x3][0xffffffa2]/[0xffffffb8]6~[0xffffffdb][0xfffffff1][0xffffffee][0xffffffda][0xfffffff3][0xffffffa0]ft[0x1b][0xfffffffe]m[0xffffffc7]f[0xfffffff0]m[0xffffffc7][0x16]?[0xffffffa2][0xffffff97][0xffffff89]3[0xfffffff6]m[0xffffffc7][0xffffffb6][0x7f]8[0xf]u[0xffffffad][0xffffffc9][0xffffffb7][0x1d]%[0xffffff90][0xffffff8c]k[\r][0xffffffbe][0xffffffed][0x18][0xffffffe0][0xffffffcc]v[0xffffffed][0xfffffff5]o;[0xffffffb6][0xffffffb8][0xf][0xffffffe1][0xffffffcd][0xffffffb5][0xffffff9d][0xffffff9a]eh[0xfffffff8]>[0xffffff84]f[0xffffffb0][0xf][0xffffffa1][0xffffffc5][0xffffffc1][0xfffffff3]L[0xffffff9c][0xffffffb1]}[0x8]m[0x1f]6G]k[0xffffffb2][0xf]A[0x2][0xffffffc9][0xffffffb8][0xffffffd6]`[0x1f]B[0xffffff80]3[0xffffffdb][0xffffffb5][0xffffffd7][0xfffffff7]!45[0xffffffa3][[0xffffffe7][0xffffffa0][0xfffffff6]|5|F[0xffffffb7][0x19][0xffffffcc][0xffffffe8][0xffffffb6]8[0xc][0xffffff99][0xffffff89]36[0xffffffa3][0xffffffdb][0xfffffff6][0x1]H[0xffffffd4][0xffffffb5]&3[0xffffffba][0x12]H[0xffffffc6][0xffffffb5][0x6]3[0xffffffba][0x1][0xffffffce]l[0xffffffd7]^[0xffffff9f][0xffffffd1]m[0xfffffff1]{c[0xffffffe5][0xffffffee][0xffffffee]J[0xffffffcd][0xffffff8d]5[0xfffffffc]{c[0xffffffcd][0xffffffe0]{c-~[0xffffffd8])[0x13]g[0xffffffec]{cm[0xffffffff][0xffffff98][0x13][0xffffffea]Z[0xffffff93][0xffffffef][0xffffff8d]I [0x19][0xffffffd7][0x1a]|o,[0xffffffc0][0xffffff99][0xffffffed][0xffffffda][0xffffffeb][0xffffffdf][0x1b][0xffffffbb][0xffffffff][0xffffffe9]0s[0xffffffed][0xffffffc0]];[0xc]\;P[0xffffffd7][0xe][0xffffffcc][0xffffffb5][0xffffffc3][0xffffffc9][0xffffffb5];[0xffffff8a][0xffffff94]k#[0xffffff90][0xffffff94]kw,[0x9][0xffffffd7][0xe][0xffffffd8][0xffffffb5][0xffffffe3][0xffffffba]k[0xffffff97][0xffffff99]k[0x17][0xffffffee][0xffffffda]e[0xffffffe0][0xffffffda][0xffffff85][0xffffffba]va[0xffffffae]]N[0xffffffae][0xffffffdd]Q[0xffffffa4]\[0x1b][0xffffff81][0xffffffa4]\[0xffffffbb]cI[0xffffffb8]v[0xffffffc1][0xffffffae]][0xffffffd7]][[0xe]3[0xffffffd9][0xffffff96][0x3][0xffffffb7][0xffffffed][0xfffffffd][0x8][0xffffffbc]n?[0xe]A[0xfffffff9][0xfffffff6][0xfffffffe]xJ[0xffffffb8][0xffffffef][0xffffff8f]v1n[0xffffffe0][0xffffff91]R[0xffffffae][0xffffffa0][0xffffff92]rn`[0xffffff93][0xffffff90][0xffffffee]Fh[0xffffffbe]u7N_[0xffffffd2]nwk[0xffffffdc][0xffffffce]Gnw[0xffffffa8][0xffffffdc][0xffffffce]fn[0xffffffe7]:[0xffffffb7][[0xffffff85]n[0xffffffe0][0xffffff91][0xffffffd2][0xffffffae][0xffffffa0][0xffffff92][0xffffffd2]n`[0xffffff93][0xffffffd0]n[0xffffffa7]c[0xffffffb7][0xffffffff]D[0xffffffed][0x1e][0xffffffb7]n[0xffffffe6][0xffffffdd][0xfffffffb][0xffffff89]p[0xfffffff1][0xffffffbe][0xffffff9d][0xffffff81]7[0xffffffef][0xffffffb7]SP[0xffffffea]}{>[0xffffffe5][0xffffffde][0xffffff8f]g[0xffffffbb][0xffffffc8]7BI[0xffffffd9]W[0xffffffa1]I[0xffffffe9]7[0x2]J[0xfffffff8]w[0xffffffc7]4_[0xffffffc0];[0xffffffac][0xffffffbf][0xffffffc1][0xffffffc0][0xffffffe5][0xfffffff6][0xfffffffe][0xffffffc7]jwB[G[0xfffffffa][0xffffffee][0xffffff84]/[0xffffffe7][0xffffff81][0xffffffec][0xfffffffb][0xfffffff5][0x4][0xffffff94]{[0xfffffff7]3[0xffffffe4][0xffffff9a][0xfffffff7][0xffffffeb][0xffffffd3]s[0xffffffbd][0xffffffbb]=[0xffffff99][0xffffffb5][0xffffffee]s[0x14]s[0xffffff9d][0xfffffffb]# s[0xffffff8d][0xfffffffb][0x1c][0xffffffcb]<[0xffffffdf]>[0xffffff83]3[0xffffffcb][0xffffffb6][0xffffffcf][0x10]}[0xffffffc1][0xffffffb5]j[0xffffffd7]m[0xffffffef]+}w[0xffffffc2][0xffffff97][0xfffffff3][0xffffffc0][0xffffffae]%w[0xffffffdd][0xffffffee]g`\[0xffffff9b][0xffffffbf][0xffffffeb]v{[0xffffffb2][0xffffff87]k[0xffffffe9]][0xffffffb7]?[0x2][0xffffff92]q-[0xffffffb9][0xffffffeb][0xfffffff6][0x19][0xffffff9c][0xffffffd9][0xffffffae][0xffffffbd][0xffffffb0][0xffffffeb][0xfffffff6][0xffffffdb][0xffffff9f].[0xffffffe5][0xffffffda]yK[0xffffff9f]{[0xfffffff8]r[0x1e][0xffffffd8][0xffffffb5][0xffffffcb][0xffffffc0][0xffffffb5]+@[0xffffff9d][0xffffff89][0xfffffff3][0xffffffc2]\[0xffffffbb][0xffffff9c]\[0x1b]Qd\[0xffffffab][0xffffff80]d\[0x1b][0xffffffb1][0xffffffcc]w[0xffffffed][0xe]g[0xffffffb6]kwD[0x7f][0xffffffbb]k[0xfffffffb]M[0xffffffb8]v[0x1c]#}w[0xffffffc2][0xffffff97][0xfffffff3][0xffffffb0][0xffffffae]}[0xffffff9c][0x0]v[0xffffffed][0xfffffff7]3 [0xffffffae]}<[0x1d]q[0xffffffed][0xffffffb7]'[[0xffffffb8]V[0xffffffa0][0xffffff88][0xffffffb8]V[0x2][0xffffff89][0xffffffb8]V`[0xffffff99][0xffffffee][0xffffffda][0x0]g[0xffffffb2]k[0x3][0xffffffa2]/[0xffffffb8]V[0xffffffed][0xffffffa9][0x19][0xffffffb5][0xffffffa5][0xffffffef][0x4][0xfffffffb]r[0x1e][0xffffffd8][0xffffffb5][0xffffffe4][0xffffff9e][0xffffff9a][0xfffffffd][0xc][0xffffff8c]k[0xfffffff3][0xfffffff7][0xffffffd4]lO[0xfffffff6]p-[0xffffffbd][0xffffffa7][0xffffffe6]G@2[0xffffffae]%[0xfffffff7][0xffffffd4]<[0xffffff83]3[0xffffffdb][0xffffffb5][0x17][0xfffffff6][0xffffffd4]|[0xfffffffe]i1sm[0xffffffc1]][[0xc]\[P[0xffffffd7][0x16][0xffffffcc][0xffffffb5][0xffffffc5][0xffffffc9][0xffffffb5];[0xffffff8a][0xffffff94]k#[0xffffff90][0xffffff94]kw,[0x9][0xffffffd7][0x16][0xffffffd8][0xffffffb5][0xffffffe5][0xffffffaa]k[0xffffffd5][0xffffffee][0xffffff84]1g[0xfffffffa]N[0xffffffb0]/[0xffffffe7][0xffffff81]]K[0xffffffee]N[0xffffffd8][0xffffffcf][0xffffffc0][0xffffffb8]6[0x7f]w[0xffffffc2][0xfffffff6]d[0xf][0xffffffd7][0xffffffd2][0xffffffbb][0x13]~[0x4]$[0xffffffe3]Zrw[0xffffffc2]38[0xffffffb3]]{aw[0xffffffc2][0xffffffb7]?U[0xffffffdf]7?o[0xffffffbd]Q[0xffffffae][0xffffffe5][0xffffffbe]o[0xfffffffe][0xfffffff5][0x4][0xffffffb4]k[0xffffff99][0xffffffef][0xffffff9b][0x7f]}:[0xffffffe3]Z[0xffffff8b][0xffffffef][0xffffff9b]?G[0xffffff91]q-[0xffffffff]}[0xfffffff3][0xffffffe7]X[0xffffffe6][0xffffffbb][0xffffff96][0xfffffffa][0xffffffbe][0xfffffff9]3D[0x7f][0xffffffbb]k[0xffffff87]z_;[0xffffff8f]E[0xffffffb9]v[0xffffffe0][0xffffffef]k[0xffffff87][0xffffffc1][0xfffffffb][0xffffffda][0x11]_[0xffffff8c]%[0xffffffe2]<[0xffffffb0][0xfffffff7][0xffffffb5]c[0x7f][0x19]F[0xffffffba]V[0xffffffa0][0xffffff88][0xffffffb8]V[0x2][0xffffff89][0xffffffb8]V`[0xffffff99][0xffffffee][0xffffffda][0x0]g[0xffffffb2]k[0x3][0xffffffa2]/[0xffffffb8][0xffffffb6][0xffffff88][0xfffffff7][0xffffffb5][0xffffffb3][0xf][0xffffffea][0x1d][0xffffffc2][0xffffffdb]y`[0xffffffd7][0x16][0xfffffffe]}[0xffffffed][0xfffffff7]30[0xffffffae]-[0xffffffd4][0xfffffffb][0xffffffda]oO[0xfffffff6]pmD[0xffffff91]q[0xffffffad][0x2][0xffffff92]qm[0xffffffc4]2[0xffffffdf][0xffffffb5];[0xffffff9c][0xffffffd9][0xffffffae][0xffffffdd][0x11]}[0xffffffc1][0xffffffb5][0xffffffea]}[0xffffffed]j7[0xffffffea][0xffffffb7][0xffffffb1][0xffffff81][0xffffffbf][0xffffffaf][0x1d][0x6][0xffffffef]kG|1[0xffffff96][0xffffff89]3[0xfffffff6][0xffffffbe]v[0xffffffec]/[0xffffffc3]P[0xffffffd7][0xffffff9a][0xffffffbc][0xffffffaf][0xffffff95]@2[0xffffffae]5x_[0x1b][0xffffffe0][0xffffffcc]v[0xffffffed][0xfffffff5][0xfffffff7][0xffffffb5]C[0xffffffcd][0xffffffe8][0xffffffae]3[0x7f]G[0xffffffc2][0xffffff97][0xfffffff3][0xffffffc0][0xffffffae]5[0xffffff98][0xffffffd1][0x1d]q[0x18]2[0x13]glFw[0xffffffec][0x3][0xffffff90][0xffffffa8]kMft%[0xffffff90][0xffffff8c]k[\r]ft[0x3][0xffffff9c][0xffffffd9][0xffffffae][0xffffffbd]>[0xffffffa3];[0xffffffd4]ock[0x1e]7[0xffffffca][0xffffffb5][0xfffffff8]oc[0xffffffc3][0xffffffe0][0xffffffb7][0xffffffb1][0x11][0x7f][0xffffff84][0xffffffc8][0xffffffc4][0x19][0xfffffffb]ml[0xffffffec]?<[0xffffffa0][0xffffffae]5[0xfffffff9]mL[0x2][0xffffffc9][0xffffffb8][0xffffffd6][0xffffffe0][0xffffffb7][0xffffffb1][0x0]g[0xffffffb6]k[0x7f][0xffffffe2][0xffffffb7]1[0xffffffb5][0xf]a[0xffffffcd][0xffffffc7][0xffffffe9][0x10][0xffffffd7][0xffffffe2][0xfffffffb][0x10][0xffffff86][0xffffffc1]>[0xffffff84][0x11][0x7][0xffffffcf]3q[0xffffffc6][0xfffffff6]![0xffffff8c]}[0xffffffd8][0x1c]u[0xffffffad][0xffffffc9]>[0x4][0x9]$[0xffffffe3]Z[0xffffff83]}[0x8][0x1][0xffffffce]l[0xffffffd7]^[0xffffffdf][0xffffff87]0[0xffffffd4]>[0xffffff84][0xffffffb5][0xe][0xffffffec][0x1d][0x2][0xffffffbe][0xf]a[0x18][0xffffffec]C[0x18]q[0xfffffff0]<[0x13]gl[0x1f][0xffffffc2][0xffffffd8][0xffffff87][0xffffffcd]Q[0xffffffd7][0xffffff9a][0xffffffec]C[0xffffff90]@2[0xffffffae]5[0xffffffd8][0xffffff87][0x10][0xffffffe0][0xffffffcc]v[0xffffffed][0xfffffff5]}[0x8][0xffffffe7]M[0xffffffba][0xfffffff6][0xffffffa4][0xfffffff6]|[0xffffffbd][0xffffff9d][0xffffff87]u[0xffffffed][0xffffffe3][0x4][0xffffffb0]k[0xffffffbf][0xffffff9f][0x1]q[0xffffffed][0xffffffe3][0xffffffe9][0xffffff88]k[0xffffffbf]=[0xffffffd9][0xffffffc2][0xffffffb5][0x2]E[0xffffffc4][0xffffffb5][0x12]H[0xffffffc4][0xffffffb5][0x2][0xffffffcb]t[0xffffffd7][0x6]8[0xffffff93]][0x1b][0x10]}[0xffffffc1][0xffffffb5][0xffffffe2]~[0xffffffed]q;:[0xffffffb5][0xffffffe7][0xffffffeb][0xffffffc4][0xffffffef][0xffffffd7][0xffffff9e]"
[DEBUG] http-outgoing-1 << "[0x6][0xfffffff7]k[0xffffffcf]x[0xffffff91]1[0x13]g[0xffffffec]~[0xffffffed][0xffffffb9]_^D]kr[0xffffffbf]V[0x2][0xffffffc9][0xffffffb8][0xffffffd6][0xffffffe0]~m[0xffffff80]3[0xffffffdb][0xffffffb5][0xffffffd7][0xffffffef][0xffffffd7][0xffffff9e]E[0xffffffb9][0xffffffb6]OjW[0xfffffff8][0xffffffdb]y`[0xffffffd7][0x16][0x3][0xffffffd7][0xffffff96][0x0]u&[0xffffffce][0x5]smqrmD[0xffffff91]q[0xffffffad][0x2][0xffffff92]qm[0xffffffc4]2[0xffffffdf][0xffffffb5];[0xffffff9c][0xffffffd9][0xffffffae][0xffffffdd][0x11]}[0xffffffc1][0xffffffb5]U[0xffffffb9][0xfffffff6][0xffffffc4]v[0xffffff85][0xffffffbf][0xffffff9d][0x7]vm5pm[\r]Pg[0xffffffe2]\1[0xffffffd7]V'[0xffffffd7]F[0x14][0x19][0xffffffd7]* [0x19][0xffffffd7]F,[0xfffffff3]][0xffffffbb][0xffffffc3][0xffffff99][0xffffffed][0xffffffda][0x1d][0xffffffd1][0x17]\+f[0x19][0xffffff8e][0xffffffa3]q[0xffffffef]k[0xfffffff1]Y[0xffffff86][0xffffffd3]`[0xffffff96][0xffffffe1][0xffffff8c][0xffffff97][0xffffffc6]3q[0xffffffc6]f[0x19][0xffffffce][0xfffffffd][0xffffffa2]8[0xffffffea]Z[0xffffff93]Y[0x6][0x9]$[0xffffffe3]Z[0xffffff83]Y[0xffffff86][0x0]g[0xffffffb6]k[0xffffffaf][0xffffffcf]2[0xffffff9c][0xffffffe2]~[0xffffffed][0xfffffffd][0xffffffff][0xffffffed][0xffffffa0]ftO[0xfffffffc]~[0xffffffed]ip[0xffffffbf][0xfffffff6][0xffffff8c][0x17][0x19]3q[0xffffffc6][0xffffffee][0xffffffd7][0xffffff9e][0xfffffffb][0xffffffe5]E[0xffffffd4][0xffffffb5]&[0xfffffff7]k%[0xffffff90][0xffffff8c]k[\r][0xffffffee][0xffffffd7][0x6]8[0xffffffb3]]{[0xfffffffd]~[0xffffffed])[0xffffffee][0xffffffd7][0x1e][0xffffffa5][0x1f][0xffffff8d]r-~[0xffffffbf][0xfffffff6]4[0xffffffb8]_{[0xffffffc6][0xffffff8b][0xffffff8c][0xffffff99]8c[0xfffffff7]k[0xffffffcf][0xfffffffd][0xfffffff2]"[0xffffffea]Z[0xffffff93][0xfffffffb][0xffffffb5][0x12]H[0xffffffc6][0xffffffb5][0x6][0xfffffff7]k[0x3][0xffffff9c][0xffffffd9][0xffffffae][0xffffffbd]~[0xffffffbf][0xfffffff6][0x14][0xfffffff7]k[0xffffff8f]r[0x1e][0xffffff9d]r-~[0xffffffbf][0xfffffff6]4[0xffffffb8]_{[0xffffffc6][0xffffff8b][0xffffff8c][0xffffff99]8c[0xfffffff7]k[0xffffffcf][0xfffffffd][0xfffffff2]"[0xffffffea]Z[0xffffff93][0xfffffffb][0xffffffb5][0x12]H[0xffffffc6][0xffffffb5][0x6][0xfffffff7]k[0x3][0xffffff9c][0xffffffd9][0xffffffae][0xffffffbd]~[0xffffffbf]v[0xffffffde][0xffffff84]k[0xffffffeb][0xffffffad]S[0xffffffdf][0x1b]{;[0xf][0xffffffeb][0xffffffda][0xffffffc7][0x9]`[0xffffffd7]~?[0x3][0xffffffe2][0xffffffda][0xffffffc7][0xffffffd3][0x11][0xffffffd7]~{[0xffffffb2][0xffffff85]k[0x5][0xffffff8a][0xffffff88]k%[0xffffff90][0xffffff88]k[0x5][0xffffff96][0xffffffe9][0xffffffae][\r]p&[0xffffffbb]6 [0xfffffffa][0xffffff82]k[0xffffffd5][0xfffffffd][0xffffffda]z[[0xffffffd4][0xfffffffd][0xffffffda][0xffffff89][0xffffffdf][0xffffffaf][0xffffff9d][0x6][0xfffffff7]kg[0xffffffbc][0xffffffc8][0xffffff98][0xffffff89]3v[0xffffffbf]v[0xffffffee][0xffffff97][0x17]Q[0xffffffd7][0xffffff9a][0xffffffdc][0xffffffaf][0xffffff95]@2[0xffffffae]5[0xffffffb8]_[0x1b][0xffffffe0][0xffffffcc]v[0xffffffed][0xfffffff5][0xfffffffb][0xffffffb5]S[0xffffffdd][0xffffffaf][0xffffffad][0xffffffc7][0xffffffc0]\[0xffffff8b][0xffffffdf][0xffffffaf][0xffffff9d][0x6][0xfffffff7]kg[0xffffffbc][0xffffffc8][0xffffff98][0xffffff89]3v[0xffffffbf]v[0xffffffee][0xffffff97][0x17]Q[0xffffffd7][0xffffff9a][0xffffffdc][0xffffffaf][0xffffff95]@2[0xffffffae]5[0xffffffb8]_[0x1b][0xffffffe0][0xffffffcc]v[0xffffffed][0xfffffff5][0xfffffffb][0xffffffb5][0xffffffb3])[0xffffffd7][0xffffff96]A[0xffffffed]Cx;[0xf][0xffffffec][0xffffffda]f[0xffffffe0][0xffffffda][0x16][0xffffffa0][0xffffffce][0xffffffc4][0xffffffb9]a[0xffffffae]mN[0xffffffae][0xffffff8d](2[0xffffffae]U@2[0xffffffae][0xffffff8d]X[0xffffffe6][0xffffffbb]v[0xffffff87]3[0xffffffdb][0xffffffb5];[0xffffffa2]/[0xffffffb8]V[0xffffffec][0xffffffaf]=[0xffffffea][0xffffff9c][0xffffff98]k[0xfffffff1][0xfffffffd][0xffffffb5][0xffffffd3]`[0x7f][0xffffffed][0xffffff8c][0xffffff8b]B3q[0xffffffc6][0xfffffff6][0xffffffd7][0xffffffce]}9([0xffffffea]Z[0xffffff93][0xfffffffd][0xffffffb5][0x12]H[0xffffffc6][0xffffffb5][0x6][0xfffffffb]k[0x3][0xffffff9c][0xffffffd9][0xffffffae][0xffffffbd][0xffffffbe][0xffffffbf]v[0xffffffaa][0xfffffffb][0xffffffb5][0xffffffed][0xffffffc0][0xffffffee][0xffffffd7]N[0xfffffffc]~[0xffffffed]4[0xffffffb8]_;[0xffffffe3]E[0xffffffc6]L[0xffffff9c][0xffffffb1][0xfffffffb][0xffffffb5]s[0xffffffbf][0xffffffbc][0xffffff88][0xffffffba][0xffffffd6][0xffffffe4]~[0xffffffad][0x4][0xffffff92]q[0xffffffad][0xffffffc1][0xfffffffd][0xffffffda][0x0]g[0xffffffb6]k[0xffffffaf][0xffffffdf][0xffffffaf][0xffffff9d]3~o[0xffffffec]h[0xfffffffd]q:[0xffffffc4][0xffffffb5][0xffffff93][0xfffffffe][0xffffffde][0xffffffd8][0xffffffe3][0x4][0xffffffb4]kg[0xfffffff8][0xffffffb0]S&[0xffffffce][0xffffff93][0xfffffffa][0xffffffde][0xffffffd8][0xffffffb7]'{[0xffffffb8]6[0xffffffa2][0xffffffc8][0xffffffb8]V[0x1][0xffffffc9][0xffffffb8]6b[0xffffff99][0xffffffef][0xffffffda][0x1d][0xffffffce]l[0xffffffd7][0xffffffee][0xffffff88][0xffffffbe][0xffffffe0]Zu[0xffffffbf][0xffffffb6][0xffffff9d][0xffffffdc]oc[0xfffffff8][0xfffffffd][0xffffffda]ip[0xffffffbf]v[0xffffffc6][0xffffff8b][0xffffff8c][0xffffff99]8c[0xfffffff7]k[0xffffffe7]~y[0x11]u[0xffffffad][0xffffffc9][0xfffffffd]Z[0x9]$[0xffffffe3]Z[0xffffff83][0xfffffffb][0xffffffb5][0x1][0xffffffce]l[0xffffffd7][0xfffffffe][0xffffffc4][0xfffffffd][0xffffffda][0xfffffff5]K5sm[0xffffffc5]][[\r]\[Q[0xffffffd7]V[0xffffffcc][0xffffffb5][0xffffffd5][0xffffffc9][0xffffffb5];[0xffffff8a][0xffffff94]k#[0xffffff90][0xffffff94]kw,[0x9][0xffffffd7]V[0xffffffd8][0xffffffb5][0xfffffff5][0xffffffa2]k[0xffffff97][0xffffffba]_[0xffffffdb]+[0xfffffff6][0xffffffbe]v[0xffffffe1][0xfffffff7]k[0xffffff97][0xffffffc1][0xfffffffd][0xffffffda][0x15]/2&[0xffffffe2][0xffffffbc][0xffffffb0][0xfffffffb][0xffffffb5]k[0xffffffbf][0xffffffbc]H[0xffffffba]V[0xffffffa0][0xffffff88][0xffffffb8]V[0x2][0xffffff89][0xffffffb8]V`[0xffffff99][0xffffffee][0xffffffda][0x0]g[0xffffffb2]k[0x3][0xffffffa2]/[0xffffffb8]V[0xffffffdd][0xffffffaf][0x1d][0x7]v[0xf]a[0xffffffe1][0xfffffff7]k[0xffffff97][0xffffffc1][0xfffffffd][0xffffffda][0x15]/2f[0xffffffe2][0xffffff8c][0xffffffdd][0xffffffaf]][0xfffffffb][0xffffffe5]E[0xffffffd4][0xffffffb5]&[0xfffffff7]k%[0xffffff90][0xffffff8c]k[\r][0xffffffee][0xffffffd7][0x6]8[0xffffffb3]]{[0xfffffffd]~[0xffffffed]R[0xfffffffb]kG?[0xffffffa8][0xffffff9d][0xffffff8a][0xb][0xffffffdf]_[0xffffffbb][0xc][0xfffffff6][0xffffffd7][0xffffffae][0xffffffb8](4[0x13]gl[0x7f][0xffffffed][0xffffffda][0xffffff97][0xffffff83][0xffffffa2][0xffffffae]5[0xffffffd9]_+[0xffffff81]d\k[0xffffffb0][0xffffffbf]6[0xffffffc0][0xffffff99][0xffffffed][0xffffffda][0xffffffeb][0xfffffffb]k[0xffffff97][0xffffff9a]e[0x18][0xfffffffd]<([0xffffffd7][0xffffffe2][0xffffffb3][0xc][0xffffffcb]`[0xffffff96]a[0xffffffc5]K[0xffffffe3][0xffffff99]8c[0xffffffb3][0xc]k[0xffffffbf]([0xffffff8e][0xffffffba][0xffffffd6]d[0xffffff96]A[0x2][0xffffffc9][0xffffffb8][0xffffffd6]`[0xffffff96]![0xffffffc0][0xffffff99][0xffffffed][0xffffffda][0xffffffeb][0xffffffb3][0xc]K[0xffffffed][\n]"
[DEBUG] http-outgoing-1 << "[0x1f][0x3][0xffffffdb][0xfffffff3][0xffffffb5][0xfffffff0]][0xffffffe1][0xffffffcb]`W[0xfffffff8][0xffffff8a]K[0xffffff99]3q[0xffffffc6]v[0xffffff85][0xffffffaf]}[0x11]3[0xffffffea]Z[0xffffff93]][0xffffffe1][0x12]H[0xffffffc6][0xffffffb5][0x6][0xffffffbb][0xffffffc2][0x3][0xffffff9c][0xffffffd9][0xffffffae][0xffffffbd][0xffffffbe]+|[0xffffffa9][0xffffffb9][0xffffffb1]1[0x6][0xfffffff6][0xffffffdb][0x18]>7[0xffffffb6][0xc][0xffffffe6][0xffffffc6]V[0x1c][0xffffffd0][0xffffffc9][0xffffffc4][0x19][0xffffff9b][0x1b][[0xfffffffb]P[0xe][0xffffffea]Z[0xffffff93][0xffffffb9]1[0x9]$[0xffffffe3]Z[0xffffff83][0xffffffb9][0xffffffb1][0x0]g[0xffffffb6]k[0xffffffaf][0xffffffcf][0xffffff8d]-576[0xffffffce]F}[0xffffffdb]q[0xffffffe1]sc[0xffffffcb]`nl[0xffffffc5][0x1][0xffffff9d]L[0xffffff9c][0xffffffb1][0xffffffb9][0xffffffb1][0xffffffb5][0xf][0xffffffe5][0xffffffa0][0xffffffae]5[0xffffff99][0x1b][0xffffff93]@2[0xffffffae]5[0xffffff98][0x1b][0xb]pf[0xffffffbb][0xfffffff6][0xfffffffa][0xffffffdc][0xffffffd8]R[0xffffffdf]e[0x18][0xffffffeb]F[0xffffffed][0xffffffaf]][0xfffffff8]w[0x19][0xffffff96][0xffffffc1]w[0x19]V\[0xffffff80][0xffffff9f][0xffffff89]3[0xfffffff6]][0xffffff86][0xffffffb5]/[0xffffffbd]G]k[0xfffffff2]][0x6][0x9]$[0xffffffe3]Z[0xffffff83][0xffffffef]2[0x4]8[0xffffffb3]][0xfffffffb][0x1b][0xffffffbe][0xffffffcb][0xfffffff0][\r][0xffffffd4][0xffffffdf][0xffffffff][0xffffffeb][0x1f][0xffffffff][0xfffffff0][0xffffffcf][0x7f][0xfffffffe][0xffffffe3][0xffffffdf][0xfffffffe][0xfffffff6][0xfffffffb][0xffffffbf][0xfffffffd][0xffffffeb][0x1f][0xffffffff][0xfffffffc]g[0xffffff82][0xffffffd8][0xffffffed][0x8][0xe][0xffffffe8][0xffffffee]G[0xffffffc2][0x19]V[0x7][0xffffff82]`[0xffffffde][0xffffff8f][0xffffff82]Q-[0xe][0xfffffff2][0xffffffbf]M[0x9]5[0x16]yVl[0xffffff8d][0xffffffdd][0xffffffc2][0xffffffc7]"[0xffffff97][0xffffffc1]X[0xffffffe4][0xffffff8a][0xfffffff3]g[0xffffff99][0xffffff80]cc[0xffffff91]k[0xffffff9f]9CS[0xffffffc2]d,R[0x2][0xffffffc9][0xffffffa4][0xffffff84][0xffffffc1]Xd[0xffffff80]3;%~[0xffffffc3]X$[0xffffff96][0x12]B[0xffffff9e]lJH[0xffffff97][0xffffffb2])![0xffffffd4][0xffffffca][0xffffffa5]D0-[0xffffff95][0x12]A[0xffffffbc][0xffffff97]R"n[0xffffffb3]aS[0x2][0xffffffde]f[0xfffffff3]8[0x1][0xffffff9f][0x12][0xffffffe0]6[0xffffff9b][0xffffffc7][0xffffffd3][0xffffffa9][0xffffff94][0xfffffff0][0xffffffd9]f#P[0xffffffa4]R[0xffffffc2]d[0xffffff9b][0xffffff8d][0xffffffc0][0xffffff92]H[0x9]t[0xffffff9b]M@[0xffffffd4]+%[0xffffff82]<[0xffffffe9][0xffffff94][0x10].[0xffffffa5]S"[0xffffffa8][0xffffff95]L[0xffffff89][0xffffffe2][0xffffff92][0x12][0xffffffe5][0xffffffef][0xffffff90][0x12][0xffffffdd],%:[0xffffff9e][0x12][0xffffffdd] %:[0xffffff9a][0x12][0x1d]K[0xffffff89][0xffffffee][0xffffff94][0x12];[0xffffff8a]TJD [0xffffffa9][0xffffff94][0xffffffd8][0xffffffb1]$R[0xffffffa2][0xffffffc3])[0xffffffd1][0xffffff8d]S"[0xffffffc8][0xffffff93]N[0x9][0xffffffe1]R:%[0xffffff82]Z[0xffffffc9][0xffffff94][0xffffffe8].)[0xffffffd1][0xffffffff][0xe])[0xfffffff1][0xffffffd8][0xffffff85][0xffffffe3][0xffffffd4][0x12][0xffffffc7][0xffffffc4]c[0xffffffe2]~[0x4][0xffffffbe]&>[0xe]A[0xffffffe5][0xffffffc4][0xfffffffd][0xfffffff1]TO[0xffffffbc]"
[DEBUG] http-outgoing-1 << "?[0xffffffda]%([0x2][0xffffff8f]TQ[0x8]*[0xffffffa9][0xffffffa4][0x8]l[0x12]M[0xffffffb1][0x11][0xffffff9a][0x1f][0x15][0x1b][0xffffffa7]^U[0x11]5Jg[0xffffff85][0xffffffb2]*[0xffffffdd][0x15]Q[0xffffffb2]dX[0xffffffec][0xffffffce][0xffffffe5][0xffffffca]bW[0xfffffff0][0xffffffa5][0xffffffb4](niQ[0xfffffff8][0xffffffb4]([0xe]iQ[0xffffffd8][0xffffffb4](\Z[0x14][0xffffffab][0xffffffb4][0x8]<Ri![0xffffffa8][0xffffffa4][0xffffffd2]"[0xffffffb0]I[0xffffffa4]E[0xffffffa1][0xffffffd3][0xffffffa2]8[0xffffffa7]E[0xffffffd4]([0xffffff9d][0x16][0xffffffca][0xffffffaa]tZD[0xffffffc9][0xffffff92]i[0xffffffb1];[0xffffff97]K[0xffffff8b]][0xffffffc1][0xffffff97][0xffffffd2][0xffffffa2][0xffffffba][0xfffffffd][0x2]R[0xfffffff9][0xffffff9f]@[0xffffffaa][0xffffffc3]o [0xffffff95][0xfffffffd][0x11][0xffffffa4]r[0xffffffbf][0xffffff82]T[0xffffffab][0xffffff9f]A[0x2][0xffffff8f]TZ[0x8]*[0xffffffa9][0xffffffb4][0x8]l[0x12]iQ[0xffffffe9][0xffffff9f]B[0xffffffaa][0xfffffff3]o!Q[0xffffffa3]tZ([0xffffffab][0xffffffd2]i[0x11]%K[0xffffffa6][0xffffffc5][0xffffffee]\.-v[0x5]_J[0xffffff8b]>[0xffffffcc][0xffffffd2][0xffffffa2][0xf]<-[0xffffffee]G[0xffffffe0][0xffffffd3][0xffffffe2][0xffffffe3][0x10]TZ[0xffffffdc][0x1f]O[0xffffffa5][0xffffffc5][0xfffffffb][0xffffffa3]][0xffffffd2]"[0xfffffff0]H[0xffffffa5][0xffffff85][0xffffffa0][0xffffff92]J[0xffffff8b][0xffffffc0]&[0xffffff91][0x16][0x1b][0xffffffa1][0xfffffff9]i[0xffffffb1]q[0xffffffea][0xffffff95][0x16]Q[0xffffffa3]tZ([0xffffffab][0xffffffd2]i[0x11]%K[0xffffffa6][0xffffffc5][0xffffffee]\.-v[0x5]_J[0xffffff8b][0xffffffe1]6[0x2]2[0xfffffff8][0x19][0xffffff90][0xffffffe1]0[0x4]2[0xffffffd8])[0xffffff90][0xffffffc1][0xffffff8d][0xffffff81][0xc][0xffffffab]9[0xffffff90][0xffffffc0]#[0xffffff95][0x16][0xffffff82]J*-[0x2][0xffffff9b]DZ[0xc]z[0x16]d8[0xf][0xffffff83]D[0xffffff8d][0xffffffd2]i[0xffffffa1][0xffffffac]J[0xffffffa7]E[0xffffff94],[0xffffff99][0x16][0xffffffbb]s[0xffffffb9][0xffffffb4][0xffffffd8][0x15]|)-[0x1e][0xffffff9f]#pJ[0xffffff8b][0xfffffff3][0xffffffc0][0xffffffd3][0xffffffe2]~[0x4]>->[0xe]A[0xffffffa5][0xffffffc5][0xfffffffd][0xfffffff1]TZ[0xffffffbc]?[0xffffffda]%-[0x2][0xffffff8f]TZ[0x8]*[0xffffffa9][0xffffffb4][0x8]l[0x12]i[0xffffffb1][0x11][0xffffff9a][0xffffff9f][0x16][0x1b][0xffffffa7]^i[0x11]5J[0xffffffa7][0xffffff85][0xffffffb2]*[0xffffff9d][0x16]Q[0xffffffb2]dZ[0xffffffec][0xffffffce][0xffffffe5][0xffffffd2]bW[0xfffffff0][0xffffffa5][0xffffffb4]8n[0xffffffcb][0xffffffac]-[0xffffffee]'[0xffffffc2][0xffffffe3][0xffffffe2][0xffffffed][0xc]|]|;[0x5][0xffffff95][0x17]o[0xffffffcf][0xffffffa7][0xfffffffa][0xffffffe2][0xffffffe3][0xffffffd9].[0xffffff81][0x11][0xffffffa1][0xffffffa4][\n]"
[DEBUG] http-outgoing-1 << "C[0xffffffa1]I%F[0x4][0xffffff94]h"
[DEBUG] http-outgoing-1 << "[0xffffff8c][0x1d][0xffffffd3][0xfffffffc][0xffffffc8][0xffffffd8]a[0xfffffff5][0xffffffaa][0xc]!T:3[0xffffffa4]_[0xffffffe9][0xffffffce][0x10][0xffffffba]%C#[0xffffffd8][0xffffff97]+[0xffffff8d] [0xffffffe3]WR[0xffffffe3]x[0xfffffffb][0xffffffa7][0x1c][0xffffffb7][0xffffff9b][0xffffffda][0xffffffb6][0xffffffb9][0xffffffe6]J[0xf][0xffffff8d][0xffffffcf][0xfffffff3]P[0xffffff99][0xfffffff1][0xffffffe5][0x4]XdlgHN[0xffffff8c]/OO[0xe][0xffffff8c]_?[0x19][0xffffffce][0xffffff8b][0xffffffa7](&[0xffffffc7][0xffffffc5][0xf][0xffffff80]LN[0xffffff8b][0xffffffa7]X&[0xffffff86][0xffffffc5][0x13]8[0xffffffd3][0xffffffb2][0xffffffe2][0x9][0xffffffa2][0x16]Q[0xfffffff1]\[0xffffff9e]PR[0xfffffffc][0xffffffc8][0xffffffa5]PP<W+[0xffffff90][0x13][0xffffffcf]L[0xffffff9b][0x1e][0x13][0xffffffcf][0xffffffc4]{!%[0xe][0xffffff91][0x12][0xfffffff3]8[0xfffffff3][0xffffffbf]m[0xfffffff7]y[0x1e]8%[0xe][0xffffff83][0xffffff94]8"[0xffffffef][0xffffff89][0xffffff80][0x1f]XJ[0x1c]N)[0x11]QdRB[0x1][0xffffffc9][0xffffffa4]D[0xffffffc4]2?%v8[0xffffffb3]SbG[0xffffffd4])%[0xffffff84]<[0xffffffd9][0xffffff94][0xffffff90].eSB[0xffffffa8][0xffffff95]K[0xffffff89]`Z*%[0xffffff82]x/[0xffffffa4]DQ)[0xffffffd1]W[0xfffffffe][0xffffffa7][0x1b]?[0xffffffcf][0x3][0xffffffa7]D1H[0xffffff89][0x12]yO[0x4][0xffffffbc]`)Q[0xffffff9c]R"[0xffffffa2][0xffffffc8][0xffffffa4][0xffffff84][0x2][0xffffff92]I[0xffffff89][0xffffff88]e~J[0xffffffec]pf[0xffffffa7][0xffffffc4][0xffffff8e][0xffffffa8]SJ[0x8]y[0xffffffb2])!][0xffffffca][0xffffffa6][0xffffff84]P+[0xffffff97][0x12][0xffffffc1][0xffffffb4]TJ[0x4][0xfffffff1]^H[0xffffff89][0xffffffaa]R[0xffffffe2][0xffffff9c][0xfffffff9]7)>[0xffffffcf][0x3][0xffffffa7]D5H[0xffffff89][0x1a]yO[0x4][0xffffffbc]b)Q[0xffffff9d]R"[0xffffffa2][0xffffffc8][0xffffffa4][0xffffff84][0x2][0xffffff92]I[0xffffff89][0xffffff88]e~J[0xffffffec]pf[0xffffffa7][0xffffffc4][0xffffff8e][0xffffffa8]SJ[0x8]y[0xffffffb2])!][0xffffffca][0xffffffa6][0xffffff84]P+[0xffffff97][0x12][0xffffffc1][0xffffffb4]TJ[0x4][0xfffffff1]^J[0xffffff89]j[0xffffff96][0x12][0x15]O[0xffffff89]j[0xffffff90][0x12][0x15]M[0xffffff89][0xffffff8a][0xffffffa5]DuJ[0xffffff89][0x1d]E*%"[0xffffff90]TJ[0xffffffec]X[0x12])Q[0xffffffe1][0xffffff94][0xffffffa8][0xffffffc6])[0x11][0xffffffe4]I[0xffffffa7][0xffffff84]p)[0xffffff9d][0x12]A[0xffffffad]dJT[0xffffff97][0xffffff94][0xffffffa8]?[0xffffff9d][0x12]M[0xffffffbc][0xffffff95]X[0xffffffa5]W*%[0x1a][0xfffffffe]V[0xffffffa2][0x19][0xffffffbc][0xffffff95]h1[0xffffff9d][0x13][0x1]o[0xffffffd8][[0xffffff89][0xffffffe6][0xfffffff4]V"[0xffffffa2][0xffffffc8][0xffffffa4][0xffffff84][0x2][0xffffff92]I[0xffffff89][0xffffff88]e~J[0xffffffec]pf[0xffffffa7][0xffffffc4][0xffffff8e][0xffffffa8]SJ[0x8]y[0xffffffb2])!][0xffffffca][0xffffffa6][0xffffff84]P+[0xffffff97][0x12][0xffffffc1][0xffffffb4]TJ[0x4][0xfffffff1]^H[0xffffff89][0xffffffae]R[0xffffffa2][0xffffffb5][0xffffff83]J[0xffffff89][0xffffff8e][0xffffffa7]D7H[0xffffff89][0x1e]yO[0x4][0xffffffbc]c)[0xffffffd1][0xffffff9d]R"[0xffffffa2][0xffffffc8][0xffffffa4][0xffffff84][0x2][0xffffff92]I[0xffffff89][0xffffff88]e~J[0xffffffec]pf[0xffffffa7][0xffffffc4][0xffffff8e][0xffffffa8]SJ[0x8]y[0xffffffb2])!][0xffffffca][0xffffffa6][0xffffff84]P+[0xffffff97][0x12][0xffffffc1][0xffffffb4]TJ[0x4][0xfffffff1]^J[0xffffff89]b[0xffffff96][0x12][0xffffffd8][0xffffffae][0xffffffcc]/'[0xffffffe0]S[0x2][0xffffffd9][0xffffff94][0xfffffff9][0xffffffe5][0xffffffe9]TJ8[0xffffffec][0xffffffc9]|[0xffffff8a]"[0xffffff95][0x12][0xfffffff8][0xffffff96][0xffffffcc][0xffffffa7]X[0x12])[0x1][0xffffffed][0xffffffc8]|[0xffffff82][0xffffffa8]WJ[0xffffffb8]l[0xffffffc8][0xfffffffc][0xffffff91]K[0xffffffe9][0xffffff94]p[0xffffffd8][0xffffff8f][0xfffffff9][0xffffffcc][0xffffffb4]\J[0xfffffffc][0xffffffc4]v[0xffffffcc][0xffffff8f][0x7f][0xffffffc6]Po%f;[0xffffffa9][0xffffff94][0x18][0xfffffff8][[0xffffff89]a[0xfffffff0]Vb[0xffffffc4]tN[0x4]|`o%[0xffffff86][0xffffffd3][[0xffffff89][0xffffff88]"[0xffffff93][0x12][\n]"
[DEBUG] http-outgoing-1 << "H&%"[0xffffff96][0xfffffff9])[0xffffffb1][0xffffffc3][0xffffff99][0xffffff9d][0x12];[0xffffffa2]N)![0xffffffe4][0xffffffc9][0xffffffa6][0xffffff84]t)[0xffffff9b][0x12]B[0xffffffad]\J[0x4][0xffffffd3]R)[0x11][0xffffffc4]{!%N[0xffffff95][0x12][0xffffffeb][0xffffffc0][0xffffffde]J[0xffffff9c]xJ[0xffffff9c][0x6])qF[0xffffffde][0x13][0x1]?[0xffffffb1][0xffffff94]8[0xffffff9d]R"[0xffffffa2][0xffffffc8][0xffffffa4][0xffffff84][0x2][0xffffff92]I[0xffffff89][0xffffff88]e~J[0xffffffec]pf[0xffffffa7][0xffffffc4][0xffffff8e][0xffffffa8]SJ[0x8]y[0xffffffb2])!][0xffffffca][0xffffffa6][0xffffff84]P+[0xffffff97][0x12][0xffffffc1][0xffffffb4]TJ[0x4][0xfffffff1]^H[0xffffff89])Sb`[0xffffffdb].'[0xffffff9e][0x12][0xffffffd3] %f[0xffffffe4]=[0x11][0xfffffff0][0xffffff89][0xffffffa5][0xffffffc4]tJ[0xffffff89][0xffffff88]"[0xffffff93][0x12][\n]"
[DEBUG] http-outgoing-1 << "H&%"[0xffffff96][0xfffffff9])[0xffffffb1][0xffffffc3][0xffffff99][0xffffff9d][0x12];[0xffffffa2]N)![0xffffffe4][0xffffffc9][0xffffffa6][0xffffff84]t)[0xffffff9b][0x12]B[0xffffffad]\J[0x4][0xffffffd3]R)[0x11][0xffffffc4]{!%VL[0xffffff89]r[0xffffffbb]qo%[0x16][0xffffff9e][0x12][0xffffffcb] %V[0xffffffe4]=[0x11][0xfffffff0][0xffffff85][0xffffffa5][0xffffffc4]rJ[0xffffff89][0xffffff88]"[0xffffff93][0x12][\n]"
[DEBUG] http-outgoing-1 << "H&%"[0xffffff96][0xfffffff9])[0xffffffb1][0xffffffc3][0xffffff99][0xffffff9d][0x12];[0xffffffa2]N)![0xffffffe4][0xffffffc9][0xffffffa6][0xffffff84]t)[0xffffff9b][0x12]B[0xffffffad]\J[0x4][0xffffffd3]R)[0x11][0xffffffc4][0xfffffffb]zJ[0x1c][0xffffff87]J[0xffffff89]R[0xffffffa9][0xffffffbd][0x12]o[0xffffffe7]aS[0xffffffe2]q[0x2]8%[0xffffffbe][0xffffff9f][0x1]I[0xffffff89][0xffffffc7][0xffffffd3][0xffffff91][0xffffff94][0xfffffff8][0xfffffff6]d[0xffffff8b][0xffffff94][0x10](")![0xffffff81]DRB`[0xffffff99][0xffffff9e][0x12][0x1][0xffffffce][0xffffffe4][0xffffff94][0x8][0xffffff88][0x1a][0xffffffa5][0xffffff84][0xffffff92]'[0xffffff9a][0x12][0xffffffda][0xffffffa5]hJ([0xffffffb5]b)[0x11]M[0xb][0xffffffa5]D[0x14][0xffffffef][0xffffff85][0xffffff94][0x10]{%[0xffffffca]m[0xffffffdd][0x1a][0xffffff95][0x12][0xfffffff8]^[0xffffff89][0xffffffc3]`[0xffffffaf][0xffffffc4]![0xffffff86][0xffffff9f][0x13][0x1][0xffffffc7][0xfffffff6]J[0x1c]a[0xffffffbc][0xffffff99]L[0x9][0xffffff93][0xffffffbd][0x12][0x12]H&%[0xc][0xfffffff6]J[0x4]8[0xffffffb3]S[0xffffffc2]x[0xffffffaf][0xffffff84][0xffffff92]'[0xffffff9b][0x12]~{%[0xffffff94]Z[0xffffffb9][0xffffff94]p[0xffffffd9]+[0x11][0xffffffc5]{!%[0xffffffc4]0h9[0xffffffca][0xffffffea]TJ[0xffffffe0][0xffffffc3][0xffffffa0][0xffffff87][0xffffffc1]0[0xffffffe8]!&[0xffffff96][0x12][0x1][0xffffffc7][0xffffff86]A[0xffffff8f]0[0xffffff93]D[0xffffffa6][0xffffff84][0xffffffc9]0[0xffffffa8][0x4][0xffffff92]I[0x9][0xffffff83]a[0xffffffd0][0x0]gvJ[0x18][0xf][0xffffff83]*y[0xffffffb2])[0xffffffe1]7[0xc][0xffffffaa][0xffffffd4][0xffffffca][0xffffffa5][0xffffff84][0xffffffcb]0h[0x14][0xffffffef][0xffffff85][0xffffff94]Pw%[0xffffffca][0xffffff98][0xffffffd4][0xffffff97]A[0xf][0xfffffffc][0xffffffae][0xffffffc4]apW[0xffffffe2][0x10]?[0xffffffe8]%[0x2][0xffffff8e][0xffffffdd][0xffffff95]8[0xffffffc2]OvdJ[0xffffff98][0xffffffdc][0xffffff95][0xffffff90]@2)apW"[0xffffffc0][0xffffff99][0xffffff9d][0x12][0xffffffc6]w%[0xffffff94]<[0xffffffd9][0xffffff94][0xfffffff0][0xffffffbb]+[0xffffffa1][0xffffffd4][0xffffffca][0xffffffa5][0xffffff84][0xffffffcb]][0xffffff89]([0xffffffde][0xffffffd7]S[0xffffffa2][0xffffffdc]TJ[0xffffffac][0x1b]uW[0xffffffe2][0xffffffed]<lJ[0xffffff94][0xffffff9b][0xffffffc2]?[0xffffff97][0xfffffff7][0xffffffef]g@R[0xffffffa2][0xffffffdc][0xffffffa8][0xffffff94][0xfffffff8][0xfffffff6]d[0xffffff8b][0xffffff94][0x10](")![0xffffff81]DRB`[0xffffff99][0xffffff9e][0x12][0x1][0xffffffce][0xffffffe4][0xffffff94][0x8][0xffffff88][0x1a][0xffffffa5][0xffffff84][0xffffff92]'[0xffffff9a][0x12][0xffffffda][0xffffffa5]hJ([0xffffffb5]b)[0x11]M[0xb][0xffffffa5]D[0x14][0xffffffef][0xffffff85][0xffffff94][0x10][0x1f][0x19]/[0xffffffb5][0xffffff96][0x1b][0xffffff95][0x12][0xfffffff8]G[0xffffffc6][0xffffff8b][0xffffffc1]G[0xffffffc6][0xffffff8b][0xfffffff8][0x12]n"[0xffffffe0][0xffffffd8]G[0xffffffc6]K[0xfffffff8][0xffffffd6]-[0xffffff99][0x12]&[0x1f][0x19][0xffffff97]@2)a[0xfffffff0][0xffffff91][0xfffffff1][0x0]gvJ[0x18][0x7f]d\[0xffffffc9][0xffffff93]M[0x9][0xffffffbf][0xffffff8f][0xffffff8c]+[0xffffffb5]r)[0xffffffe1][0xfffffff2][0xffffff91][0xfffffff1]([0xffffffde][0xb])!>2~O[0x9][0xffffffec]s^[0x5][0xffffffff][0xffffffc8]x1[0xfffffff8][0xffffffc8]x[0x11]_[0xffffffc2]M[0x4][0x1c][0xfffffffb][0xffffffc8]x[0x9][0xffffffdf][0xffffffba]%S[0xffffffc2][0xffffffe4]#[0xffffffe3][0x12]H&%[0xc]>2[0x1e][0xffffffe0][0xffffffcc]N[0x9][0xffffffe3][0xffffff8f][0xffffff8c]+y[0xffffffb2])[0xffffffe1][0xfffffff7][0xffffff91]q[0xffffffa5]V.%\>2[0x1e][0xffffffc5]{!%[0xffffffd4][0x4]G[0xffffffad][0x13]{+[0xffffff81]Op[0x14][0xffffff83][0x9][0xffffff8e]"[0xffffffae][0x19]'[0x2][0xffffff8e]Mp[0xffffff94]p[0xffffff91][0xffffff98]L[0x9][0xffffff93][0x9][0xe][0x9]$[0xffffff93][0x12][0x6][0x13][0x1c][0x1][0xffffffce][0xffffffec][0xffffff94]0[0xffffff9e][0xffffffe0]P[0xfffffff2]dS[0xffffffc2]o[0xffffff82]C[0xffffffa9][0xffffff95]K[0x9][0xffffff97][0x9][0xffffff8e]([0xffffffde][0xb])![0xffffffbe][0xc]Zj[0xffffffab][0xffffffd4]78[\n]"
[DEBUG] http-outgoing-1 << "[0xfffffffe]e[0xffffffd0]b[0xfffffff0]e[0xffffffd0]">_[0xffffff97][0x8]8[0xfffffff6]e[0xffffffd0][0x12]>PG[0xffffffa6][0xffffff84][0xffffffc9][0xffffff97]A%[0xffffff90]LJ[0x18]|[0x19]4[0xffffffc0][0xffffff99][0xffffff9d][0x12][0xffffffc6]_[0x6]U[0xfffffff2]dS[0xffffffc2][0xffffffef][0xffffffcb][0xffffffa0]J[0xffffffad]\J[0xffffffb8]|[0x19]4[0xffffff8a][0xfffffff7]BJ[0xffffff88][0xffffffcf]y[0xffffff95][0xffffffda][0x17]5[0xffffffc1]Q[0xfffffff0][0xffffffcf]y[0x15][0xffffff83][0xffffffcf]y[0x15][0xfffffff1][0xffffffcd][0xffffff99]D[0xffffffc0][0xffffffb1][0xffffffcf]y[0xffffff95][0xfffffff0]U[0x19]2%L>[0xffffffe7]%[0xffffff81]dR[0xffffffc2][0xffffffe0]s^[0x1][0xffffffce][0xffffffec][0xffffff94]0[0xfffffffe][0xffffff9c][0xffffff97][0xffffff92]'[0xffffff9b][0x12]~[0xffffff9f][0xfffffff3]Rj[0xffffffe5]R[0xffffffc2][0xffffffe5]s^Q[0xffffffbc][0x17]RB|[0xffffffce][0xffffffab][0xffffffb4][[0xffffffa7][0xfffffff6]J[0x14][0xfffffffc]s^[0xffffffc5][0xffffffe0]s^E|s&[0x11]p[0xffffffec]s^%|U[0xffffff86]L[0x9][0xffffff93][0xffffffcf]yI [0xffffff99][0xffffff94]0[0xfffffff8][0xffffff9c]W[0xffffff80]3;%[0xffffff8c]?[0xffffffe7][0xffffffa5][0xffffffe4][0xffffffc9][0xffffffa6][0xffffff84][0xffffffdf][0xffffffe7][0xffffffbc][0xffffff94]Z[0xffffffb9][0xffffff94]p[0xfffffff9][0xffffff9c]W[0x14][0xffffffef][0xffffff85][0xffffff94][0x10][0xffffff9f][0xfffffff3]*[0xffffffad][0xffffff9c][0xffffff8d]J[0x9][0xfffffffc]s^[0xffffffc5][0xffffffe0]s^E|s&[0x11]p[0xffffffec]s^%|U[0xffffff86]L[0x9][0xffffff93][0xffffffcf]yI [0xffffff99][0xffffff94]0[0xfffffff8][0xffffff9c]W[0xffffff80]3;%[0xffffff8c]?[0xffffffe7][0xffffffa5][0xffffffe4][0xffffffc9][0xffffffa6][0xffffff84][0xffffffdf][0xffffffe7][0xffffffbc][0xffffff94]Z[0xffffffb9][0xffffff94]p[0xfffffff9][0xffffff9c]W[0x14][0xffffffef][0xffffffa5][0xffffff94][0xffffff88][0xffffffdb].[0xffffffd9][0xffffff94][0xffffff80][0xffffffb7]]]]><![CDATA[>N[0xffffffc0][0xffffffa7][0x4][0xffffffb8][0xffffffed][0xfffffff2][0xfffffff1]t*%|[0xffffffb6]][\n]"
[DEBUG] http-outgoing-1 << "[0x14][0xffffffa9][0xffffff94]0[0xffffffd9]v)[0xffffffb0]$R[0x2][0xffffffdd]v[0x19][0x10][0xfffffff5]J[0x9][0xffffffaf]m[0xffffff97][0xffffffda][0xffffffa5]tJ[0xfffffff8]l[0xffffffbb][0xffffff8c][0xffffffa6][0xffffffe5]R[0xffffffe2][0xffffffa7][0xffffffb7]][0x16][0xffffffb5][0xffffffed][0xffffffb2][0xffffff9d]7[0xffffffea][0xffffffcb][0xffffffa0][0x5][0xffffffdf]vY[0xc][0xffffffb6]][0x16][0xffffffb1][0xffffff92]-[0x11]pl[0xffffffdb]e[0x9]K[0xffffffd7][0xffffffc8][0xffffff94]0[0xffffffd9]v)[0xffffff81]dR[0xffffffc2]`[0xffffffdb]e[0xffffff80]3;%[0xffffff8c][0xffffffb7]]*y[0xffffffb2])[0xffffffe1][0xffffffb7][0xffffffed]R[0xffffffa9][0xffffff95]K[0x9][0xffffff97]m[0xffffff97]Q[0xffffffbc][0xffffffaf][0xffffffa7]DU[0xffffffdb].[0x1b][0xffffffb7][0xffffffed][0xffffffb2][0xffffffe2][0xffffffdb].[0xffffffab][0xffffffc1][0xffffffb6][0xffffffcb]*V[0xffffffb2][0xffffffe5][0x1]^[0xffffffb1]m[0xffffff97]5,][0x3]SB[0xffffffa0][0xffffff88][0xffffffa4][0xffffff84][0x4][0x12]I[0x9][0xffffff81]ezJ[0x4]8[0xffffff93]S" j[0xffffff94][0x12]J[0xffffff9e]hJh[0xffffff97][0xffffffa2])[0xffffffa1][0xffffffd4][0xffffff8a][0xffffffa5]D4-[0xffffff94][0x12]Q[0xffffffbc][0x17]RB[0xffffffad][0xffffffa8][0xffffffea]sP[0xffffffc3][0xffffffa0][0x15]_QU[\r]VTU[0xffffffb1]G%[0x11]plEU[\r][0xffffff9b]R[0xffffffc8][0xffffff94]0YQ%[0xffffff81]dR[0xffffffc2]`EU[0xffffff80]3;%[0xffffff8c]WT)y[0xffffffb2])[0xffffffe1][0xffffffb7][0xffffffa2]J[0xffffffa9][0xffffff95]K[0x9][0xffffff97][0x15]UQ[0xffffffbc][0x17]RB[0xffffffad][0xffffffa8][0x1a][0xffffffb7][0x13]{+[0xffffff81][0xffffffaf][0xffffffa8][0xffffffaa][0x6]+[0xffffffaa][0xffffffaa][0xffffffd8][0xffffffa3][0xffffff92][0x8]8[0xffffffb6][0xffffffa2][0xffffffaa][0xffffff86]M)dJ[0xffffff98][0xffffffac][0xffffffa8][0xffffff92]@2)a[0xffffffb0][0xffffffa2]*[0xffffffc0][0xffffff99][0xffffff9d][0x12][0xffffffc6]+[0xffffffaa][0xffffff94]<[0xffffffd9][0xffffff94][0xfffffff0][Q[0xffffffa5][0xffffffd4][0xffffffca][0xffffffa5][0xffffff84][0xffffffcb][0xffffff8a][0xffffffaa]([0xffffffde][0xb])[0xffffffa1][0xfffffff6]J[0xffffff8c][0xffffff8e][0xffffffad][0xffffffa8][0xffffffaa][0xfffffff8]^[0xffffff89]j[0xffffffb0]W[0xffffffa2][0xffffff8a][0xffffffe1][0xffffffe7]D[0xffffffc0][0xffffffb1][0xffffffbd][0x12]5[0xffffff8c]7[0xffffff93])a[0xffffffb2]WB[0x2][0xffffffc9][0xffffffa4][0xffffff84][0xffffffc1]^[0xffffff89][0x0]gvJ[0x18][0xffffffef][0xffffff95]P[0xfffffff2]dS[0xffffffc2]o[0xffffffaf][0xffffff84]R+[0xffffff97][0x12].{%[0xffffffa2]x/[0xffffffa4][0xffffff84][0xffffffda]+1FkTJ[0xffffffe0]{%[0xffffffaa][0xffffffc1]^[0xffffff89]*[0xffffff86][0xffffff9f][0x13][0x1][0xffffffc7][0xfffffff6]J[0xffffffd4]0[0xffffffde]L[0xffffffa6][0xffffff84][0xffffffc9]^[0x9][0x9]$[0xffffff93][0x12][0x6]{%[0x2][0xffffff9c][0xffffffd9])a[0xffffffbc]WB[0xffffffc9][0xffffff93]M[0x9][0xffffffbf][0xffffffbd][0x12]J[0xffffffad]\J[0xffffffb8][0xffffffec][0xffffff95][0xffffff88][0xffffffe2][0xffffffbd][0xffffff90][0x12]j[0xffffff82][0xffffffe3]<&[0xfffffff5]9[0xffffffaf][0xffffff8a]OpT[0xffffff83][0x9][0xffffff8e]*[0xffffffae][0x19]'[0x2][0xffffff8e]Mp[0xffffffd4]p[0xffffff91][0xffffff98]L[0x9][0xffffff93][0x9][0xe][0x9]$[0xffffff93][0x12][0x6][0x13][0x1c][0x1][0xffffffce][0xffffffec][0xffffff94]0[0xffffff9e][0xffffffe0]P[0xfffffff2]dS[0xffffffc2]o[0xffffff82]C[0xffffffa9][0xffffff95]K[0x9][0xffffff97][0x9][0xffffff8e]([0xffffffde][0xffffffd7]S[0xffffffa2][0xffffffa9][0x9][0xffffff8e][0xffffffb3][0xfffffff6][0x1][0xffffffa5]D[0xffffffc3]'8[0xffffff9a][0xffffffc1][0x4]G[0x13][0xffffffd7][0xffffff8c][0xfffffff3][0x0]o[0xffffffd8][0x4]G[0xb][0x17][0xffffff89][0xffffffc1][0xffffff94][0x10](")![0xffffff81]DRB`[0xffffff99][0xffffff9e][0x12][0x1][0xffffffce][0xffffffe4][0xffffff94][0x8][0xffffff88][0x1a][0xffffffa5][0xffffff84][0xffffff92]'[0xffffff9a][0x12][0xffffffda][0xffffffa5]hJ([0xffffffb5]b)[0x11]M[0xb][0xffffffa5]D[0x14][0xffffffef][0xffffff85][0xffffff94]8TJ[0xffffff9c][0xffffff9d][0xfffffffa][0x6][0xffffffc7][0xffffffdb]y[0xffffffe0][0xffffff94]8[0xc]R[0xffffffe2][0xffffff88][0xffffffbc]'[0x2]~`)q8[0xffffffa5]DD[0xffffff91]I[0x9][0x5]$[0xffffff93][0x12][0x11][0xffffffcb][0xfffffffc][0xffffff94][0xffffffd8][0xffffffe1][0xffffffcc]N[0xffffff89][0x1d]Q[0xffffffa7][0xffffff94][0x10][0xfffffff2]dSB[0xffffffba][0xffffff94]M[0x9][0xffffffa1]V.%[0xffffff82]i[0xffffffa9][0xffffff94][0x8][0xffffffe2][0xffffffbd][0xffffff90][0x12]E[0xffffffa5][0xffffffc4][0xffffffea][0xffffff8b]J[0xffffff89][0xffffff82][0xffffffa7]D1H[0xffffff89][0x12]yO[0x4][0xffffffbc]`)Q[0xffffff9c]R"[0xffffffa2][0xffffffc8][0xffffffa4][0xffffff84][0x2][0xffffff92]I[0xffffff89][0xffffff88]e~J[0xffffffec]pf[0xffffffa7][0xffffffc4][0xffffff8e][0xffffffa8]SJ[0x8]y[0xffffffb2])!][0xffffffca][0xffffffa6][0xffffff84]P+[0xffffff97][0x12][0xffffffc1][0xffffffb4]TJ[0x4][0xfffffff1]^H[0x9][0xffffffb5]Wb[0xffffff96]N[\r][0xffffff83]6|[0xffffffaf]D3[0xffffffd8]+[0xffffffd1][0xffffffc4][0xfffffff0]s"[0xffffffe0][0xffffffd8]^[0xffffff89][0x16][0xffffffc6][0xffffff9b][0xffffffc9][0xffffff94]0[0xffffffd9]+![0xffffff81]dR[0xffffffc2]`[0xffffffaf]D[0xffffff80]3;%[0xffffff8c][0xfffffff7]J(y[0xffffffb2])[0xffffffe1][0xffffffb7]WB[0xffffffa9][0xffffff95]K[0x9][0xffffff97][0xffffffbd][0x12]Q[0xffffffbc][0x17]RB[0xffffffed][0xffffff95][0xffffff98][0xffffffad]Q[0xffffff8b][0xffffffb3][0x1b][0xffffffbe]W[0xffffffa2][0x19][0xffffffec][0xffffff95]hb[0xfffffff8]9[0x11]pl[0xffffffaf]D[0xb][0xffffffe3][0xffffffcd]dJ[0xffffff98][0xffffffec][0xffffff95][0xffffff90]@2)a[0xffffffb0]W"[0xffffffc0][0xffffff99][0xffffff9d][0x12][0xffffffc6]{%[0xffffff94]<[0xffffffd9][0xffffff94][0xfffffff0][0xffffffdb]+[0xffffffa1][0xffffffd4][0xffffffca][0xffffffa5][0xffffff84][0xffffffcb]^[0xffffff89]([0xffffffde][0xb])[0xffffffd1]UJ[0xffffff8c][0xffffff8a][0xffffffbd][0xffffff95][0xffffffe8]xJt[0xffffff83][0xffffff94][0xffffffe8][0xffffff91][0xfffffff7]D[0xffffffc0];[0xffffff96][0x12][0xffffffdd])%"[0xffffff8a]LJ( [0xffffff99][0xffffff94][0xffffff88]X[0xffffffe6][0xffffffa7][0xffffffc4][0xe]gvJ[0xffffffec][0xffffff88]:[0xffffffa5][0xffffff84][0xffffff90]'[0xffffff9b][0x12][0xffffffd2][0xffffffa5]lJ[0x8][0xffffffb5]r)[0x11]LK[0xffffffa5]D[0x10][0xffffffef][0xffffff85][0xffffff94]P+[0xffffffaa][0xffffffe6]yv*%[0xfffffff0][0x15]U[0xffffffcd]`EU[0x13]{T[0x12][0x1][0xffffffc7]VT[0xffffffb5][0xffffffb0])[0xffffff85]L[0x9][0xffffff93][0x15]U[0x12]H&%[0xc]VT[0x5]8[0xffffffb3]S[0xffffffc2]xE[0xffffff95][0xffffff92]'[0xffffff9b][0x12]~+[0xffffffaa][0xffffff94]Z[0xffffffb9][0xffffff94]pYQ[0x15][0xffffffc5]{!%[0xffffffd4][0xffffff8a][0xffffffaa][0xffffffb9][0xe][0xffffffec][0xffffffad][0x4][0xffffffbe][0xffffffa2][0xffffffaa][0x19][0xffffffac][0xffffffa8]jb[0xffffff8f]J"[0xffffffe0][0xffffffd8][0xffffff8a][0xffffffaa][0x16]6[0xffffffa5][0xffffff90])a[0xffffffb2][0xffffffa2]J[0x2][0xffffffc9][0xffffffa4][0xffffff84][0xffffffc1][0xffffff8a][0xffffffaa][0x0]gvJ[0x18][0xffffffaf][0xffffffa8]R[0xfffffff2]dS[0xffffffc2]oE[0xffffff95]R+[0xffffff97][0x12].+[0xffffffaa][0xffffffa2]x/[0xffffffa4][0xffffffc4][0xffffff94])[0xfffffff1]8&[0xffffff92][0x12][0x13]O[0xffffff89]i[0xffffff90][0x12]3[0xfffffff2][0xffffff9e][0x8][0xfffffff8][0xffffffc4]Rb:[0xffffffa5]DD[0xffffff91]I[0x9][0x5]$[0xffffff93][0x12][0x11][0xffffffcb][0xfffffffc][0xffffff94][0xffffffd8][0xffffffe1][0xffffffcc]N[0xffffff89][0x1d]Q[0xffffffa7][0xffffff94][0x10][0xfffffff2]dSB[0xffffffba][0xffffff94]M[0x9][0xffffffa1]V.%[0xffffff82]i[0xffffffa9][0xffffff94][0x8][0xffffffe2]}=%[0xffffffba]ZQ[0xffffffb5]n[0xffffffe7][\r]J[0xffffff89][0xffffff8e][0xffffffaf][0xffffffa8][0xffffffea][0x6]+[0xffffffaa][0xffffffba][0xffffffd8][0xffffffa3][0xffffff92][0x7]x[0xffffffc7]VT[0xfffffff5][0xffffffb0])[0x5]L[0x9][0xffffff81]"[0xffffff92][0x12][0x12]H$%[0x4][0xffffff96][0xffffffe9])[0x11][0xffffffe0]LN[0xffffff89][0xffffff80][0xffffffa8]QJ(y[0xffffffa2])[0xffffffa1]][0xffffff8a][0xffffffa6][0xffffff84]R+[0xffffff96][0x12][0xffffffd1][0xffffffb4]PJD[0xfffffff1]^H[0x9][0xffffffb5]Wb[0xffffffd5][0x1b][0xfffffff5]9[0xffffffaf][0xffffff8e][0xffffffef][0xffffff95][0xffffffe8][0x6]{%[0xffffffba][0x18]~N[0x4][0x1c][0xffffffdb]+[0xffffffd1][0xffffffc3]x3[0xffffff99][0x12]&{%$[0xffffff90]LJ[0x18][0xffffffec][0xffffff95][0x8]pf[0xffffffa7][0xffffff84][0xfffffff1]^[0x9]%O6%[0xfffffffc][0xfffffff6]J([0xffffffb5]r)[0xffffffe1][0xffffffb2]W"[0xffffff8a][0xfffffff7]BJ[0xffffffa8]a[0xffffffd0]5Oj[0x18][0xffffffb4][0xffffffe3][0xffffffc3][0xffffffa0][0xffffffdd]`[0x18][0xffffffb4][0xffffff8b][0xffffff89][0xffffffa5]D[0xffffffc0][0xffffffb1]a[0xffffffd0][0x1e]f[0xffffff92][0xffffffc8][0xffffff94]0[0x19][0x6][0xffffff95]@2)a0[0xc][0x1a][0xffffffe0][0xffffffcc]N[0x9][0xffffffe3]aP%O6%[0xfffffffc][0xffffff86]A[0xffffff95]Z[0xffffffb9][0xffffff94]p[0x19][0x6][0xffffff8d][0xffffffe2][0xffffffbd][0xffffff90][0x12]b[0xffffff82][0xffffffa3][0xffffffde][0xfffffffa][\r]K[0x9]|[0xffffff82][0xffffffa3][0x1b]Lptq[0xffffffcd]8[0x11]pl[0xffffff82][0xffffffa3][0xffffff87][0xffffff8b][0xffffffc4]dJ[0xffffff98]LpH [0xffffff99][0xffffff94]0[0xffffff98][0xffffffe0][0x8]pf[0xffffffa7][0xffffff84][0xfffffff1][0x4][0xffffff87][0xffffff92]'[0xffffff9b][0x12]~[0x13][0x1c]J[0xffffffad]\J[0xffffffb8]LpD[0xfffffff1]^J[0xffffff89]b[0xffffff96][0x12][0x5]O[0xffffff89]b[0xffffff90][0x12][0x5]M[0xffffff89][0xffffff82][0xffffffa5]DqJ[0xffffff89][0x1d]E*%"[0xffffff90]TJ[0xffffffec]X[0x12])Q[0xffffffe0][0xffffff94]([0xffffffc6])[0x11][0xffffffe4]I[0xffffffa7][0xffffff84]p)[0xffffff9d][0x12]A[0xffffffad]dJ[0x14][0xffffff97][0xffffff94](?[0xffffff9b][0x12]C[0xffffffbd][0xffffff95](cQ{%[0x6][0xfffffffe]Vb[0x18][0xffffffbc][0xffffff95][0x18]"[0xffffff9d][0xfffffff3][0x0][0x1f][0xffffffd8][[0xffffff89][0x11][0xffffffe2][0x18]L[0x9][0xffffff81]"[0xffffff92][0x12][0x12]H$%[0x4][0xffffff96][0xffffffe9])[0x11][0xffffffe0]LN[0xffffff89][0xffffff80][0xffffffa8]QJ(y[0xffffffa2])[0xffffffa1]][0xffffff8a][0xffffffa6][0xffffff84]R+[0xffffff96][0x12][0xffffffd1][0xffffffb4]PJD[0xfffffff1]^H[0x9][0xffffffb1]W[0xffffffa2][0xffffffd6][0x3][0xffffffbb]v9[0xfffffff0][0xffffffbd][0x12][0xffffffc3]`[0xffffffaf][0xffffffc4][0x10][0xffffffc3][0xffffffcf][0xffffff89][0xffffff80]c{%F[0x18]o&S[0xffffffc2]d[0xffffffaf][0xffffff84][0x4][0xffffff92]I[0x9][0xffffff83][0xffffffbd][0x12][0x1][0xffffffce][0xffffffec][0xffffff94]0[0xffffffde]+[0xffffffa1][0xffffffe4][0xffffffc9][0xffffffa6][0xffffff84][0xffffffdf]^[0x9][0xffffffa5]V.%\[0xfffffff6]JD[0xfffffff1]^J[0xffffff89][0xfffffff8][0x3][0x7][0xffffff9b][0x12][0xfffffff0][0xf][0x1c][0xffffff8f][0x13][0xfffffff0])[0x1][0xfffffffe][0xffffffc0][0xfffffff1]x:[0xffffff95][0x12]>?p[0x8][0x14][0xffffffa9][0xffffff94]0[0xfffffff9][0xffffff81]C`I[0xffffffa4][0x4][0xfffffffa][0x3]G@[0xffffffd4]+%[0xffffffbc]~[0xffffffe0][0xffffffd0].[0xffffffa5]S[0xffffffc2][0xffffffe7][0x7][0xffffff8e]hZ.%~[0xfffffffe][0x7][0xffffff8e][0xfffffff3][0xffffff97]i[0xffffff96][0x12][0x13]O[0xffffff89]i[0xffffff90][0x12][0x13]M[0xffffff89][0xffffff89][0xffffffa5][0xffffffc4]tJ[0xffffff89][0x1d]E*%"[0xffffff90]TJ[0xffffffec]X[0x12])1[0xffffffe1][0xffffff94][0xffffff98][0xffffffc6])[0x11][0xffffffe4]I[0xffffffa7][0xffffff84]p)[0xffffff9d][0x12]A[0xffffffad]dJL[0xffffff97][0xffffff94][0xffffff98][0x7f][0xffffff87][0xffffff94]8[0xffffff86]YK[0x1c][0x3][0xffffff8f][0xffffff89][0xfffffffb][0x11][0xfffffff8][0xffffff9a][0xfffffff8]8[0x4][0xffffff95][0x13][0xfffffff7][0xffffffc7]S=[0xfffffff1][0xfffffffe]h[0xffffff97][0xffffffa0][0x8]<RE![0xffffffa8][0xffffffa4][0xffffff92]"[0xffffffb0]I4[0xffffffc5]Fh~Tl[0xffffff9c]zUE[0xffffffd4]([0xffffff9d][0x15][0xffffffca][0xffffffaa]tWD[0xffffffc9][0xffffff92]a[0xffffffb1];[0xffffff97]+[0xffffff8b]][0xffffffc1][0xffffff97][0xffffffd2][0xffffffa2][0xffffff9d]fi[0xffffffd1]N<-[0xffffffee]G[0xffffffe0][0xffffffd3][0xffffffe2][0xffffffe3][0x10]TZ[0xffffffdc][0x1f]O[0xffffffa5][0xffffffc5][0xfffffffb][0xffffffa3]][0xffffffd2]"[0xfffffff0]H[0xffffffa5][0xffffff85][0xffffffa0][0xffffff92]J[0xffffff8b][0xffffffc0]&[0xffffff91][0x16][0x1b][0xffffffa1][0xfffffff9]i[0xffffffb1]q[0xffffffea][0xffffff95][0x16]Q[0xffffffa3]tZ([0xffffffab][0xffffffd2]i[0x11]%K[0xffffffa6][0xffffffc5][0xffffffee]\.-v[0x5]_J[0xffffff8b][0xffffffee][0xffffff96][0x16][0xffffff9d]O[0xffffff8b][0xffffffee][0xffffff90][0x16][0xffffff9d]M[0xffffff8b][0xffffffce][0xffffffa5]E[0xffffffb7]J[0xffffff8b][0xffffffc0]#[0xffffff95][0x16][0xffffff82]J*-[0x2][0xffffff9b]DZt:-[0xffffffba]sZD[0xffffff8d][0xffffffd2]i[0xffffffa1][0xffffffac]J[0xffffffa7]E[0xffffff94],[0xffffff99][0x16][0xffffffbb]s[0xffffffb9][0xffffffb4][0xffffffd8][0x15]|)-f7K[0xffffff8b][0xffffffd9][0xfffffff1][0xffffffb4][0xffffffb8][0x1f][0xffffff81]O[0xffffff8b][0xffffff8f]CPiq[0x7f]<[0xffffff95][0x16][0xffffffef][0xffffff8f]vI[0xffffff8b][0xffffffc0]#[0xffffff95][0x16][0xffffff82]J*-[0x2][0xffffff9b]DZl[0xffffff84][0xffffffe6][0xffffffa7][0xffffffc5][0xffffffc6][0xffffffa9]WZD[0xffffff8d][0xffffffd2]i[0xffffffa1][0xffffffac]J[0xffffffa7]E[0xffffff94],[0xffffff99][0x16][0xffffffbb]s[0xffffffb9][0xffffffb4][0xffffffd8][0x15]|)-[0xffffff8e][0xffffffd9][0xffffffcc][0xffffffda][0xffffffe2]~"<.[0xffffffde][0xffffffce][0xffffffc0][0xffffffd7][0xffffffc5][0xffffffb7]SPy[0xfffffff1][0xfffffff6]|[0xffffffaa]/>[0xffffff9e][0xffffffed][0x12][0x18][0x11]J[0xffffffaa]0[0x14][0xffffff9a]TbD@[0xffffff89][0xffffffc6][0xffffffd8]1[0xffffffcd][0xffffff8f][0xffffff8c][0x1d]V[0xffffffaf][0xffffffca][0x10]B[0xffffffa5]3C[0xfffffffa][0xffffff95][0xffffffee][0xc][0xffffffa1][24[0xffffff82]}[0xffffffb9][0xffffffd2][0x8]2~%5[0xffffffca][0xfffffffb]?E|[0xffffffc4][0xffffffbc][0xffffffd6][0xffffffb3][0xffffffd6][0xfffffff4][0xffffffd0][0xfffffff8]<[0xf][0xffffff95][0x19]_N[0xffffff80]E[0xffffffc6]v[0xffffff86][0xffffffe4][0xffffffc4][0xfffffff8][0xfffffff2][0xfffffff4][0xffffffe4][0xffffffc0][0xfffffff8][0xfffffff5][0xffffff93][0xffffffe1][0xffffffbc]x[0xffffff8a]br\[0xfffffffc][0x0][0xffffffc8][0xffffffe4][0xffffffb4]x[0xffffff8a]ebX<[0xffffff81]3-+[0xffffff9e] j[0x11][0x15][0xffffffcf][0xffffffe5][0x9]%[0xffffffc5][0xffffff8f]\[\n]"
[DEBUG] http-outgoing-1 << "[0x5][0xffffffc5]s[0xffffffb5][0x2]9[0xfffffff1][0xffffffcc][0xffffffb4][0xffffffe9]1[0xfffffff1]L[0xffffffbc][0x17]Rb[0xffffffa9][0xffffff94]XG[0xfffffffe]b[0xffffffee][0xffffffcf][0xfffffff3][0xffffffc0])[0xffffffb1][0xc]RbE[0xffffffde][0x13][0x1]_XJ,[0xffffffa7][0xffffff94][0xffffff88](2)[0xffffffa1][0xffffff80]dR"b[0xffffff99][0xffffff9f][0x12];[0xffffff9c][0xffffffd9])[0xffffffb1]#[0xffffffea][0xffffff94][0x12]B[0xffffff9e]lJH[0xffffff97][0xffffffb2])![0xffffffd4][0xffffffca][0xffffffa5]D0-[0xffffff95][0x12]A[0xffffffbc][0xffffffaf][0xffffffa7][0xffffffc4]y[0x13])[0xffffffd1][0xffffff8e]z[0xffffff83]R[0xffffffe2][0xffffffed]<lJ<N[0x0][0xffffffa7][0xffffffc4][0xfffffff7]3 )[0xfffffff1]x:[0xffffff92][0x12][0xffffffdf][0xffffff9e]l[0xffffff91][0x12][0x2]E$%$[0xffffff90]HJ[0x8],[0xffffffd3]S"[0xffffffc0][0xffffff99][0xffffff9c][0x12][0x1]Q[0xffffffa3][0xffffff94]P[0xfffffff2]DSB[0xffffffbb][0x14]M[0x9][0xffffffa5]V,%[0xffffffa2]i[0xffffffa1][0xffffff94][0xffffff88][0xffffffe2][0xffffffbd][0xffffff94][0x12][0xffffffd5],%*[0xffffff9e][0x12][0xffffffd5] %*[0xffffff9a][0x12][0x15]K[0xffffff89][0xffffffea][0xffffff94][0x12];[0xffffff8a]TJD [0xffffffa9][0xffffff94][0xffffffd8][0xffffffb1]$R[0xffffffa2][0xffffffc2])Q[0xffffff8d]S"[0xffffffc8][0xffffff93]N[0x9][0xffffffe1]R:%[0xffffff82]Z[0xffffffc9][0xffffff94][0xffffffa8].)Q[0xffffffff][0xe])[0x11][0x7]>[0xffffffd8][0xffffff94][0xffffffc0][0xffffffe6]=[0xffffffbe][0xffffff9c][0xffffff80]O[0x9]d[0xffffffda][0xffffffe3][0xffffffcb][0xffffffd3][0xffffffa9][0xffffff94]p[0xffffff98][0xfffffff5]x[0xffffff8a]"[0xffffff95][0x12][0xfffffff8][0xffffffa4][0xffffffc7]S,[0xffffff89][0xffffff94][0xffffff80][0xffffffe6]<[0xffffff9e] [0xffffffea][0xffffff95][0x12].S[0x1e]?r)[0xffffff9d][0x12][0xe]3[0x1e][0xffffffcf]L[0xffffffcb][0xffffffa5][0xffffffc4]OLx|[0xfffffffc]3[0xe][0xfffffff5][0x3]G;[0xfffffff3][0xffffffe7];>[0xffffffcf][0x3][0xffffffa7][0xffffffc4]a[0xfffffff0][0x3][0xffffffc7][0x11][0xffffffdf][0xffffffc2]%[0x2]~`?p[0x1c]N?pD[0x14][0xffffff99][0xffffff94]P@2)[0x11][0xffffffb1][0xffffffcc]O[0xffffff89][0x1d][0xffffffce][0xffffffec][0xffffff94][0xffffffd8][0x11]uJ[0x9]!O6%[0xffffffa4]K[0xffffffd9][0xffffff94][0x10]j[0xffffffe5]R"[0xffffff98][0xffffff96]J[0xffffff89] [0xffffffde][0xb])QTJ[0xffffffcc][0xffffff82][0xffffffbd][0xffffff95](xJ[0x14][0xffffff83][0xffffff94]([0xffffff91][0xfffffff7]D[0xffffffc0][0xb][0xffffff96][0x12][0xffffffc5])%"[0xffffff8a]LJ( [0xffffff99][0xffffff94][0xffffff88]X[0xffffffe6][0xffffffa7][0xffffffc4][0xe]gvJ[0xffffffec][0xffffff88]:[0xffffffa5][0xffffff84][0xffffff90]'[0xffffff9b][0x12][0xffffffd2][0xffffffa5]lJ[0x8][0xffffffb5]r)[0x11]LK[0xffffffa5]D[0x10][0xffffffef][0xffffff85][0xffffff94][0xffffffa8]2%[0xffffffce]I[0xffffffa5]D[0xffffffc5]S[0xffffffa2][0x1a][0xffffffa4]D[0xffffff8d][0xffffffbc]'[0x2]^[0xffffffb1][0xffffff94][0xffffffa8]N)[0x11]QdRB[0x1][0xffffffc9][0xffffffa4]D[0xffffffc4]2?%v8[0xffffffb3]SbG[0xffffffd4])%[0xffffff84]<[0xffffffd9][0xffffff94][0xffffff90].eSB[0xffffffa8][0xffffff95]K[0xffffff89]`Z*%[0xffffff82]x/[0xffffffa4]D[0x13])[0xffffffd1][0xffffffeb]XTJ4<%[0xffffff9a]AJ[0xffffffb4][0xffffffc8]{"[0xffffffe0][\r]K[0xffffff89][0xffffffe6][0xffffff94][0x12][0x11]E&%[0x14][0xffffff90]LJD,[0xfffffff3]Sb[0xffffff87]3;%vD[0xffffff9d]RB[0xffffffc8][0xffffff93]M[0x9][0xffffffe9]R6%[0xffffff84]Z[0xffffffb9][0xffffff94][0x8][0xffffffa6][0xffffffa5]R"[0xffffff88][0xfffffff7]BJt[0xffffff95][0x12][0xffffffed][0xffffffa0]VT[0xffffffbd][0xffffff9d][0x7]N[0xffffff89]n[0xffffff90][0x12]=[0xfffffff2][0xffffff9e][0x8]x[0xffffffc7]R[0xffffffa2];[0xffffffa5]DD[0xffffff91]I[0x9][0x5]$[0xffffff93][0x12][0x11][0xffffffcb][0xfffffffc][0xffffff94][0xffffffd8][0xffffffe1][0xffffffcc]N[0xffffff89][0x1d]Q[0xffffffa7][0xffffff94][0x10][0xfffffff2]dSB[0xffffffba][0xffffff94]M[0x9][0xffffffa1]V.%[0xffffff82]i[0xffffffa9][0xffffff94][0x8][0xffffffe2][0xffffffbd][0xffffff90][0x12]C[0xffffffa6]D[0x1f]TJ[0xc]<%[0xffffff86]AJ[0xffffff8c][0xffffffc8]{"[0xffffffe0][0x3]K[0xffffff89][0xffffffe1][0xffffff94][0x12][0x11]E&%[0x14][0xffffff90]LJD,[0xfffffff3]Sb[0xffffff87]3;%vD[0xffffff9d]RB[0xffffffc8][0xffffff93]M[0x9][0xffffffe9]R6%[0xffffff84]Z[0xffffffb9][0xffffff94][0x8][0xffffffa6][0xffffffa5]R"[0xffffff88][0xfffffff7]BJ[0xffffff9c]2%[0x16]vW[0xffffffe2][0xffffffc4]S[0xffffffe2]4H[0xffffff89]3[0xfffffff2][0xffffff9e][0x8][0xfffffff8][0xffffff89][0xffffffa5][0xffffffc4][0xffffffe9][0xffffff94][0x12][0x11]E&%[0x14][0xffffff90]LJD,[0xfffffff3]Sb[0xffffff87]3;%vD[0xffffff9d]RB[0xffffffc8][0xffffff93]M[0x9][0xffffffe9]R6%[0xffffff84]Z[0xffffffb9][0xffffff94][0x8][0xffffffa6][0xffffffa5]R"[0xffffff88][0xfffffff7]BJ[0xffffffa8]op[0xfffffff4][0xffffffde][0xffffffb1][0xffffffbb][0x12][0xfffffff8]78N[0xffffff83]op[0xffffff9c]bQ|"[0xffffffe0][0xffffffd8]78[0xffffffce][0xffffffb0][\n]"
[DEBUG] http-outgoing-1 << "[0xffffff9e]L[0x9][0xffffff93]opH [0xffffff99][0xffffff94]0[0xfffffff8][0x6]G[0xffffff80]3;%[0xffffff8c][0xffffffbf][0xffffffc1][0xffffffa1][0xffffffe4][0xffffffc9][0xffffffa6][0xffffff84][0xffffffdf]78[0xffffff94]Z[0xffffffb9][0xffffff94]p[0xfffffff9][0x6]G[0x14][0xffffffef][0xffffff85][0xffffff94]P[0xffffffdf][0xffffffe0][0xffffffe8][0xffffffe7][\r]{+[0xffffff81][0x7f][0xffffff83][0xffffffe3]4[0xfffffff8][0x6][0xffffffc7])[0x16][0xffffffc5]'[0x2][0xffffff8e]}[0xffffff83][0xffffffe3][0xc][0xffffffab][0xffffffe0][0xffffffc9][0xffffff94]0[0xfffffff9][0x6][0xffffff87][0x4][0xffffff92]I[0x9][0xffffff83]op[0x4]8[0xffffffb3]S[0xffffffc2][0xfffffff8][0x1b][0x1c]J[0xffffff9e]lJ[0xfffffff8]}[0xffffff83]C[0xffffffa9][0xffffff95]K[0x9][0xffffff97]opD[0xfffffff1]^J[0xffffff89]b[0xffffff96][0x12][0x5]O[0xffffff89]b[0xffffff90][0x12][0x5]M[0xffffff89][0xffffff82][0xffffffa5]DqJ[0xffffff89][0x1d]E*%"[0xffffff90]TJ[0xffffffec]X[0x12])Q[0xffffffe0][0xffffff94]([0xffffffc6])[0x11][0xffffffe4]I[0xffffffa7][0xffffff84]p)[0xffffff9d][0x12]A[0xffffffad]dJ[0x14][0xffffff97][0xffffff94](?[0xffffff9b][0x12]S}[0xffffffce]k[0x1c]7[0xffffffea][0x7][0xffffff8e][0xffffff89][0x7f][0xffffffce]k[0x1a]|[0xffffffce]k[0xffffff8a]o[0xffffffce][0xffffffe4][0x1]>[0xffffffb1][0xffffffcf]y[0xffffffcd][0xfffffff0]U[0x19]0%[0x4][0xffffff8a]HJH [0xffffff91][0xffffff94][0x10]X[0xffffffa6][0xffffffa7]D[0xffffff80]39%[0x2][0xffffffa2]F)[0xffffffa1][0xffffffe4][0xffffff89][0xffffffa6][0xffffff84]v)[0xffffff9a][0x12]J[0xffffffad]XJD[0xffffffd3]B)[0x11][0xffffffc5]{!%[0xffffffd4][0xffffffe2][0xffffffec]Q&[0xfffffff5]Vb[0xffffffe2][0xffffff8b][0xffffffb3][0xffffffa7][0xffffffc1][0xffffffe2][0xffffffec])[0xffffffb6][0xffffffbb]&[0x2][0xffffff8e]-[0xffffffce][0xffffff9e]a[0x7f]+[0xffffff99][0x12]&[0xffffff8b][0xffffffb3]%[0xffffff90]LJ[0x18],[0xffffffce][0xe]pf[0xffffffa7][0xffffff84][0xfffffff1][0xffffffe2]l%O6%[0xfffffffc][0x16]g+[0xffffffb5]r)[0xffffffe1][0xffffffb2]8;[0xffffff8a][0xfffffff7]BJ[0x14][0xffffff95][0x12]g[0xffffffc3]R[0xffffffa2][0xffffffe0])Q[0xc]R[0xffffffa2]D[0xffffffde][0x13][0x1]/XJ[0x14][0xffffffa7][0xffffff94][0xffffff88](2)[0xffffffa1][0xffffff80]dR"b[0xffffff99][0xffffff9f][0x12];[0xffffff9c][0xffffffd9])[0xffffffb1]#[0xffffffea][0xffffff94][0x12]B[0xffffff9e]lJH[0xffffff97][0xffffffb2])![0xffffffd4][0xffffffca][0xffffffa5]D0-[0xffffff95][0x12]A[0xffffffbc][0x17]RB-[0xffffffce][0x1e][0xffffffeb][0xffffffc0]R[0x2]_[0xffffff9c]=[\r][0x16]gO[0xffffffb1][0xffffffdd]5[0x11]plq[0xfffffff6][0xc][0xfffffffb][[0xffffffc9][0xffffff94]0Y[0xffffff9c]-[0xffffff81]dR[0xffffffc2]`qv[0xffffff80]3;%[0xffffff8c][0x17]g+y[0xffffffb2])[0xffffffe1][0xffffffb7]8[[0xffffffa9][0xffffff95]K[0x9][0xffffff97][0xffffffc5][0xffffffd9]Q[0xffffffbc][0x17]RB-[0xffffffce]>[0xffffffeb][0xffffffad]S)[0xffffff81]/[0xffffffce][0xffffff9e][0x6][0xffffff8b][0xffffffb3][0xffffffa7][0xffffffd8][0xffffffee][0xffffff9a][0x8]8[0xffffffb6]8{[0xffffff86][0xfffffffd][0xffffffad]dJ[0xffffff98],[0xffffffce][0xffffff96]@2)a[0xffffffb0]8;[0xffffffc0][0xffffff99][0xffffff9d][0x12][0xffffffc6][0xffffff8b][0xffffffb3][0xffffff95]<[0xffffffd9][0xffffff94][0xfffffff0][[0xffffff9c][0xffffffad][0xffffffd4][0xffffffca][0xffffffa5][0xffffff84][0xffffffcb][0xffffffe2][0xffffffec]([0xffffffde][0xb])[0xffffffa1][0x16]g[0xffffff9f]ma[0xffffffd7].[0xfffffff1][0xffffffc5][0xffffffd9][0xffffffd3]`q[0xfffffff6][0x14][0xffffffdb]][0x13][0x1][0xffffffc7][0x16]g[0xffffffcf][0xffffffb0][0xffffffbf][0xffffff95]L[0x9][0xffffff93][0xffffffc5][0xffffffd9][0x12]H&%[0xc][0x16]g[0x7]8[0xffffffb3]S[0xffffffc2]xq[0xffffffb6][0xffffff92]'[0xffffff9b][0x12]~[0xffffff8b][0xffffffb3][0xffffff95]Z[0xffffffb9][0xffffff94]pY[0xffffff9c][0x1d][0xffffffc5]{!%[0xffffffd4][0xffffffe2][0xffffffec]s.[0xffffffea]#[0xffffffe3][0x13]_[0xffffff9c]=[\r][0x16]gO[0xffffffb1][0xffffffdd]5[0x11]plq[0xfffffff6][0xc][0xfffffffb][[0xffffffc9][0xffffff94]0Y[0xffffff9c]-[0xffffff81]dR[0xffffffc2]`qv[0xffffff80]3;%[0xffffff8c][0x17]g+y[0xffffffb2])[0xffffffe1][0xffffffb7]8[[0xffffffa9][0xffffff95]K[0x9][0xffffff97][0xffffffc5][0xffffffd9]Q[0xffffffbc][0x17]RB-[0xffffffce][0xffffff9e]7[0xffffffec][0x1b][0x1c][0x13]_[0xffffff9c]=[\r][0x16]gO[0xffffffb1][0xffffffdd]5[0x11]plq[0xfffffff6][0xc][0xfffffffb][[0xffffffc9][0xffffff94]0Y[0xffffff9c]-[0xffffff81]dR[0xffffffc2]`qv[0xffffff80]3;%[0xffffff8c][0x17]g+y[0xffffffb2])[0xffffffe1][0xffffffb7]8[[0xffffffa9][0xffffff95]K[0x9][0xffffff97][0xffffffc5][0xffffffd9]Q[0xffffffbc][0x17]RB-[0xffffffce][0xffffff9e][0x15][[0xffffff9c]=[0xfffffff1][0xffffffc5][0xffffffd9][0xffffffd3]`q[0xfffffff6][0x14][0xffffffdb]][0x13][0x1][0xffffffc7][0x16]g[0xffffffcf][0xffffffb0][0xffffffbf][0xffffff95]L[0x9][0xffffff93][0xffffffc5][0xffffffd9][0x12]H&%[0xc][0x16]g[0x7]8[0xffffffb3]S[0xffffffc2]xq[0xffffffb6][0xffffff92]'[0xffffff9b][0x12]~[0xffffff8b][0xffffffb3][0xffffff95]Z[0xffffffb9][0xffffff94]pY[0xffffff9c][0x1d][0xffffffc5]{!%[0xffffffd4][0xffffffe2][0xffffffec][0xffffffc9]}d|[0xffffffe2][0xffffff8b][0xffffffb3][0xffffffa7][0xffffffc1][0xffffffe2][0xffffffec])[0xffffffb6][0xffffffbb]&[0x2][0xffffff8e]-[0xffffffce][0xffffff9e]a[0x7f]+[0xffffff99][0x12]&[0xffffff8b][0xffffffb3]%[0xffffff90]LJ[0x18],[0xffffffce][0xe]pf[0xffffffa7][0xffffff84][0xfffffff1][0xffffffe2]l%O6%[0xfffffffc][0x16]g+[0xffffffb5]r)[0xffffffe1][0xffffffb2]8;[0xffffff8a][0xfffffff7][0xfffffff5][0xffffff94]Xj[0xffffffdb][0xffffffe5]l[0xffffff95]z+[0xffffffb1][0xfffffff0]m[0xffffff97][0xffffffcb]`[0xffffffdb][0xffffffe5][0x12]+[0xffffffd9][0xfffffff2][0x0]_[0xffffffd8][0xffffffb6][0xffffffcb][0x15][0xffffff96][0xffffffae][0xffffff81])!PDRB[0x2][0xffffff89][0xffffffa4][0xffffff84][0xffffffc0]2=%[0x2][0xffffff9c][0xffffffc9])[0x11][0x10]5J[0x9]%O4%[0xffffffb4]K[0xffffffd1][0xffffff94]Pj[0xffffffc5]R"[0xffffff9a][0x16]J[0xffffff89]([0xffffffde][0xb])QdJ[0xffffffac][0xffffff83]J[0xffffff89][0xffffff82][0xffffffa7]D1H[0xffffff89][0x12]yO[0x4][0xffffffbc]`)Q[0xffffff9c]R"[0xffffffa2][0xffffffc8][0xffffffa4][0xffffff84][0x2][0xffffff92]I[0xffffff89][0xffffff88]e~J[0xffffffec]pf[0xffffffa7][0xffffffc4][0xffffff8e][0xffffffa8]SJ[0x8]y[0xffffffb2])!][0xffffffca][0xffffffa6][0xffffff84]P+[0xffffff97][0x12][0xffffffc1][0xffffffb4]TJ[0x4][0xfffffff1]^H[0x9][0xffffffb5][0xffffffa2]j[0xfffffff6]I[0xfffffffd][0xffffffc0][0xffffffb1][0xfffffff0][0x15]U[0xffffffcb]`E[0xffffffd5][0x12]{T[0x12][0x1][0xffffffc7]VT[0xffffffad][0xffffffb0])[0xffffff85]L[0x9][0xffffff93][0x15]U[0x12]H&%[0xc]VT[0x5]8[0xffffffb3]S[0xffffffc2]xE[0xffffff95][0xffffff92]'[0xffffff9b][0x12]~+[0xffffffaa][0xffffff94]Z[0xffffffb9][0xffffff94]pYQ[0x15][0xffffffc5]{!%[0xffffffd4][0xffffff8a][0xffffffaa][0xffffffb9][0xe]j[0xffffff82]c[0xffffffe1]+[0xffffffaa][0xffffff96][0xffffffc1][0xffffff8a][0xffffffaa]%[0xfffffff6][0xffffffa8]$[0x2][0xffffff8e][0xffffffad][0xffffffa8]ZaS[\n]"
[DEBUG] http-outgoing-1 << "[0xffffff99][0x12]&+[0xffffffaa]$[0xffffff90]LJ[0x18][0xffffffac][0xffffffa8][\n]"
[DEBUG] http-outgoing-1 << "pf[0xffffffa7][0xffffff84][0xfffffff1][0xffffff8a]*%O6%[0xfffffffc]VT)[0xffffffb5]r)[0xffffffe1][0xffffffb2][0xffffffa2]*[0xffffff8a][0xfffffff7]BJ[0xffffffa8][0x15]U[0xffffffeb][0xffffffc0][0x16]g/|E[0xffffffd5]2XQ[0xffffffb5][0xffffffc4][0x1e][0xffffff95]D[0xffffffc0][0xffffffb1][0x15]U+lJ!S[0xffffffc2]dE[0xffffff95][0x4][0xffffff92]I[0x9][0xffffff83][0x15]U[0x1][0xffffffce][0xffffffec][0xffffff94]0^Q[0xffffffa5][0xffffffe4][0xffffffc9][0xffffffa6][0xffffff84][0xffffffdf][0xffffff8a]*[0xffffffa5]V.%\VTE[0xfffffff1]^J[0xffffff89]b[0xffffff96][0x12][0x5]O[0xffffff89]b[0xffffff90][0x12][0x5]M[0xffffff89][0xffffff82][0xffffffa5]DqJ[0xffffff89][0x1d]E*%"[0xffffff90]TJ[0xffffffec]X[0x12])Q[0xffffffe0][0xffffff94]([0xffffffc6])[0x11][0xffffffe4]I[0xffffffa7][0xffffff84]p)[0xffffff9d][0x12]A[0xffffffad]dJ[0x14][0xffffff97][0xffffff94](?[0xffffff9d][0x12]j[0xffffffdb][0xffffffe5][0xffffffea][0xffffffc7]I[0xffffffa5][0x4][0xffffffbe][0xffffffed]r[0x19]l[0xffffffbb]\b%["[0xffffffe0][0xffffffd8][0xffffffb6][0xffffffcb][0x15][0xffffff96][0xffffffae][0xffffff91])a[0xffffffb2][0xffffffed]R[0x2][0xffffffc9][0xffffffa4][0xffffff84][0xffffffc1][0xffffffb6][0xffffffcb][0x0]gvJ[0x18]o[0xffffffbb]T[0xfffffff2]dS[0xffffffc2]o[0xffffffdb][0xffffffa5]R+[0xffffff97][0x12].[0xffffffdb].[0xffffffa3]x/[0xffffffa4][0xffffff84][0xffffffda]v[0xffffffb9]F[0xffffffc3]&8[0xfffffff0]m[0xffffff97][0xffffffcb]`[0xffffffdb][0xffffffe5][0x12]+[0xffffffd9][0x12][0x1][0xffffffc7][0xffffffb6]][0xffffffae][0xffffffb0]t[0xffffff8d]L[0x9][0xffffff93]m[0xffffff97][0x12]H&%[0xc][0xffffffb6]][0x6]8[0xffffffb3]S[0xffffffc2]x[0xffffffdb][0xffffffa5][0xffffff92]'[0xffffff9b][0x12]~[0xffffffdb].[0xffffff95]Z[0xffffffb9][0xffffff94]p[0xffffffd9]v[0x19][0xffffffc5]{!%[0xffffffc4][0xffffff8a][0xffffffaa]v;n[0xffffff8d]J[0x9]|E[0xffffffd5]2XQ[0xffffffb5][0xffffffc4][0x1e][0xffffff95]D[0xffffffc0][0xffffffb1][0x15]U+lJ!S[0xffffffc2]dE[0xffffff95][0x4][0xffffff92]I[0x9][0xffffff83][0x15]U[0x1][0xffffffce][0xffffffec][0xffffff94]0^Q[0xffffffa5][0xffffffe4][0xffffffc9][0xffffffa6][0xffffff84][0xffffffdf][0xffffff8a]*[0xffffffa5]V.%\VTE[0xfffffff1][0xffffffbe][0xffffff9c][0x12][0xffffffe5]&VT[0xffffffb5][+[0xffffffd0][0xf][0x1c][0xffffff8f][0xfffffff3][0xffffffa0])[0xfffffff1]~[0x2]6%>[0xffffffcf]@[0xffffffa4][0xffffffc4][0xfffffffb][0xffffffd3][0xffffff89][0xffffff94][0xfffffff8][0xfffffffe]d[0xffffff87][0xffffff94]P([0x12])[0xffffffa1][0xffffff81]$RBa[0xffffff99][0xffffff9d][0x12][0x11][0xffffffce][0xffffffdc][0xffffff94][0xffffff88][0xffffff88][0xfffffffa][0xffffffa4][0xffffff84][0xffffff94]'[0xffffff99][0x12]O\J[0xffffffa6][0xffffff84]T+[0xffffff95][0x12][0xffffffc2][0xffffffb4]LJ[0x8][0xfffffff1]^H[0xffffff89]C[0xffffffa5]D[0x1f][0xffffffd0][0xf][0x1c][0xffffff8f][0xfffffff3][0xffffffc0])q[0x18][0xffffffa4][0xffffffc4][0x11]yO[0x4][0xfffffffc][0xffffffc0]R[0xffffffe2]pJ[0xffffff89][0xffffff88]"[0xffffff93][0x12][\n]"
[DEBUG] http-outgoing-1 << "H&%"[0xffffff96][0xfffffff9])[0xffffffb1][0xffffffc3][0xffffff99][0xffffff9d][0x12];[0xffffffa2]N)![0xffffffe4][0xffffffc9][0xffffffa6][0xffffff84]t)[0xffffff9b][0x12]B[0xffffffad]\J[0x4][0xffffffd3]R)[0x11][0xffffffc4]{!%[0xffffff8a]J[0xffffff89][0xffffffd1][0xffffffa1][0x15]U[0xffffff8f][0xfffffff3][0xffffffc0])Q[0xc]R[0xffffffa2]D[0xffffffde][0x13][0x1]/XJ[0x14][0xffffffa7][0xffffff94][0xffffff88](2)[0xffffffa1][0xffffff80]dR"b[0xffffff99][0xffffff9f][0x12];[0xffffff9c][0xffffffd9])[0xffffffb1]#[0xffffffea][0xffffff94][0x12]B[0xffffff9e]lJH[0xffffff97][0xffffffb2])![0xffffffd4][0xffffffca][0xffffffa5]D0-[0xffffff95][0x12]A[0xffffffbc][0x17]RBl[0xffffffbb]l[0xffffffb7][0xfffffff3]v[0xffffffa3]R[0xffffff82][0xffffffde]v[0xfffffff9]~[0x2]:%[0xffffffc8]m[0xffffff97][0xffffffef]OgR[0xffffffc2]h[0xffffffdb][0xffffffa5]B[0xffffff91]I[0x9][0xffffff97]m[0xffffff97][\n]"
[DEBUG] http-outgoing-1 << "[0xffffffcb][0xfffffffc][0xffffff94]`[0xffffffb7]]FD[0xffffff9d]R[0xffffffc2]l[0xffffffdb][0xffffffe5][0x13][0xffffff97][0xffffffb2])a[0xffffffb4][0xffffffed]R[0xffffff98][0xffffff96]J[0xffffff89][0xffffff9f][0xffffffdf]vYnb[0xffffffdb][0xffffffe5]=%[0xffffffa8][0x9][0xffffff8e][0xffffffc7]y[0xffffffe0][0xffffff94][0xffffffe0][0xffffffb7]]~[0xffffff9e][0xffffff81]I[0x9]j[0xffffffdb][0xffffffe5][0xfffffff7]'{[0xffffffa4][0xffffff84][0xffffffc7][0xffffffb6]K[\r]$[0xffffff93][0x12][0xfffffffc][0xffffffb6][0xffffffcb][0x8]gvJ[0xfffffff8]n[0xffffffbb][0xffffff94][0xfffffff2]dS[0xffffffc2]n[0xffffffdb][0xffffffa5]T+[0xffffff97][0x12]&[0xffffffdb].[0xffffff85]x/[0xffffffa4][0xffffff84][0xffffffd8]+[0xffffffd1]n[0xffffffb3]b?p[0xffffffd0]{%[0xffffffde]O@[0xffffffa7][0x4][0xffffffb9]W[0xffffffe2][0xfffffffd][0xffffffe9]LJ[0x18][0xffffffed][0xffffff95]P(2)[0xffffffe1][0xffffffb2]WBa[0xffffff99][0xffffff9f][0x12][0xffffffec]^[0xffffff89][0xffffff88][0xffffffa8]SJ[0xffffff98][0xffffffed][0xffffff95]x[0xffffffe2]R6%[0xffffff8c][0xfffffff6]J[0x8][0xffffffd3]R)[0xfffffff1][0xfffffff3]{%[0xffffffca]M[0xffffffec][0xffffff95][0xffffffb8][0xffffffa7][0xffffffc4][0xffffff84]>2[0xfffffffe]8[0xf][0xffffff9c][0x12][0xfffffffc]^[0xffffff89][0xffffffcf]30)A[0xffffffed][0xffffff95][0xfffffff8][0xfffffffe]d[0xffffff8f][0xffffff94][0xfffffff0][0xffffffd8]+[0xffffffa1][0xffffff81]dR[0xffffff82][0xffffffdf]+[0x11][0xffffffe1][0xffffffcc]N[0x9][0xffffffdf][0xffffffbd][0x12]R[0xffffff9e]lJ[0xffffffd8][0xffffffed][0xffffff95][0xffffff90]j[0xffffffe5]R[0xffffffc2]d[0xffffffaf][0xffffff84][0x10][0xffffffef][0xffffff85][0xffffff94][0xffffff98]*%V[0xffffffc3][0xffffffee]JL<%[0xffffffa6]AJ[0xffffffcc][0xffffffc8]{"[0xffffffe0][0x13]K[0xffffff89][0xffffffe9][0xffffff94][0x12][0x11]E&%[0x14][0xffffff90]LJD,[0xfffffff3]Sb[0xffffff87]3;%vD[0xffffff9d]RB[0xffffffc8][0xffffff93]M[0x9][0xffffffe9]R6%[0xffffff84]Z[0xffffffb9][0xffffff94][0x8][0xffffffa6][0xffffffa5]R"[0xffffff88][0xfffffff7]BJ[0xffffffc8][0x15]Uk5*%[0xffffffe8][0x15]U[0xffffffef]'[0xffffffa0]S[0xffffff82]\Q[0xfffffff5][0xfffffffe]t&%[0xffffff8c]VT)[0x14][0xffffff99][0xffffff94]pYQ[0xffffffa5][0xffffffb0][0xffffffcc]O[0x9]vEUD[0xffffffd4])%[0xffffffcc]VT=q)[0xffffff9b][0x12]F+[0xffffffaa][0xffffff84]i[0xffffffa9][0xffffff94][0xfffffff8];[0xffffffac][0xffffffa8]:[0xffffffd4][0xffffff8a][0xffffffaa][0xffffffe3][0xffffff86][0xfffffffd][0xffffffc0]q[0xffffffe0]+[0xffffffaa][0xe][0xffffff83][0x15]U[0xffffff87][0xffffffd8][0xffffffa3][0xffffff92][0x7][0xfffffff8][0xffffff81][0xffffffad][0xffffffa8]:[0xffffffc2][0xffffffa6][0x14]0%[0x4][0xffffff8a]HJH [0xffffff91][0xffffff94][0x10]X[0xffffffa6][0xffffffa7]D[0xffffff80]39%[0x2][0xffffffa2]F)[0xffffffa1][0xffffffe4][0xffffff89][0xffffffa6][0xffffff84]v)[0xffffff9a][0x12]J[0xffffffad]XJD[0xffffffd3]B)[0x11][0xffffffc5]{!%[0xffffffd4][0xffffff8a][0xffffffaa][0xffffffe3][0xffffffc0][0xfffffff6]J[0x1c][0xfffffff8][0xffffff8a][0xffffffaa][0xffffffc3]`E[0xffffffd5]![0xfffffff6][0xffffffa8]$[0x2][0xffffff8e][0xffffffad][0xffffffa8]:[0xffffffc2][0xffffffa6][0x14]2%LVTI [0xffffff99][0xffffff94]0XQ[0x15][0xffffffe0][0xffffffcc]N[0x9][0xffffffe3][0x15]UJ[0xffffff9e]lJ[0xfffffff8][0xffffffad][0xffffffa8]Rj[0xffffffe5]R[0xffffffc2]eEU[0x14][0xffffffef][0xffffff85][0xffffff94](*%[0xffffffca][0xffffffa2][0xffffffee]J[0xffffffbc][0xffffff9d][0x7]N[0xffffff89]b[0xffffff90][0x12]%[0xfffffff2][0xffffff9e][0x8]x[0xffffffc1]R[0xffffffa2]8[0xffffffa5]DD[0xffffff91]I[0x9][0x5]$[0xffffff93][0x12][0x11][0xffffffcb][0xfffffffc][0xffffff94][0xffffffd8][0xffffffe1][0xffffffcc]N[0xffffff89][0x1d]Q[0xffffffa7][0xffffff94][0x10][0xfffffff2]dSB[0xffffffba][0xffffff94]M[0x9][0xffffffa1]V.%[0xffffff82]i[0xffffffa9][0xffffff94][0x8][0xffffffe2][0xffffffbd][0xffffff90][0x12]j[0xffffffaf][0xffffffc4][0xffffffd1]*[0xfffffff5][\r][0xffffff8e][0x3][0xffffffdf]+q[0x18][0xffffffec][0xffffff95]8[0xffffffc4][0xfffffff0]s"[0xffffffe0][0xffffffd8]^[0xffffff89]#[0xffffff8c]7[0xffffff93])a[0xffffffb2]WB[0x2][0xffffffc9][0xffffffa4][0xffffff84][0xffffffc1]^[0xffffff89][0x0]gvJ[0x18][0xffffffef][0xffffff95]P[0xfffffff2]dS[0xffffffc2]o[0xffffffaf][0xffffff84]R+[0xffffff97][0x12].{%[0xffffffa2]x/[0xffffffa4]DW)[0xffffffd1]o[0xffffffd8]][0xffffff89][0xffffff8e][0xffffffa7]D7H[0xffffff89][0x1e]yO[0x4][0xffffffbc]c)[0xffffffd1][0xffffff9d]R"[0xffffffa2][0xffffffc8][0xffffffa4][0xffffff84][0x2][0xffffff92]I[0xffffff89][0xffffff88]e~J[0xffffffec]pf[0xffffffa7][0xffffffc4][0xffffff8e][0xffffffa8]SJ[0x8]y[0xffffffb2])!][0xffffffca][0xffffffa6][0xffffff84]P+[0xffffff97][0x12][0xffffffc1][0xffffffb4]TJ[0x4][0xfffffff1]^H[0x9][0xffffffb5][0xffffffa2][0xffffffea][0xffffffe8]cP)[0xffffff81][0xffffffaf][0xffffffa8]:[0xc]VT[0x1d]b[0xffffff8f]J"[0xffffffe0][0xffffffd8][0xffffff8a][0xffffffaa]#lJ!S[0xffffffc2]dE[0xffffff95][0x4][0xffffff92]I[0x9][0xffffff83][0x15]U[0x1][0xffffffce][0xffffffec][0xffffff94]0^Q[0xffffffa5][0xffffffe4][0xffffffc9][0xffffffa6][0xffffff84][0xffffffdf][0xffffff8a]*[0xffffffa5]V.%\VTE[0xfffffff1]^H[0x9][0xffffffb5][0xffffffa2][0xffffffea][0xffffffe8][0xffffffab]P)[0xffffff81][0xffffffaf][0xffffffa8]:[0xc]VT[0x1d]b[0xffffff8f]J"[0xffffffe0][0xffffffd8][0xffffff8a][0xffffffaa]#lJ!S[0xffffffc2]dE[0xffffff95][0x4][0xffffff92]I[0x9][0xffffff83][0x15]U[0x1][0xffffffce][0xffffffec][0xffffff94]0^Q[0xffffffa5][0xffffffe4][0xffffffc9][0xffffffa6][0xffffff84][0xffffffdf][0xffffff8a]*[0xffffffa5]V.%\VTE[0xfffffff1]^H[0x9][0xffffffb5][0xffffffa2][0xffffffea][0x18]uR)[0xffffff81][0xffffffaf][0xffffffa8]:[0xc]VT[0x1d]b[0xffffff8f]J"[0xffffffe0][0xffffffd8][0xffffff8a][0xffffffaa]#lJ!S[0xffffffc2]dE[0xffffff95][0x4][0xffffff92]I[0x9][0xffffff83][0x15]U[0x1][0xffffffce][0xffffffec][0xffffff94]0^Q[0xffffffa5][0xffffffe4][0xffffffc9][0xffffffa6][0xffffff84][0xffffffdf][0xffffff8a]*[0xffffffa5]V.%\VTE[0xfffffff1][0xffffffbe][0xffffff9e][0x12]E}[0x19][0xfffffff4][0xffffff98][0xffffff93]J[0xffffff89][0xffffff82][0x7f][0x19][0xffffffb4][0x18]|[0x19][0xffffffb4][0xffffff88][0xffffffcf][0xffffffd7][0xffffffe5][0x1]^[0xffffffb0]/[0xffffff83][0xffffff96][0xfffffff0][0xffffff81]:0%[0x4][0xffffff8a]HJH [0xffffff91][0xffffff94][0x10]X[0xffffffa6][0xffffffa7]D[0xffffff80]39%[0x2][0xffffffa2]F)[0xffffffa1][0xffffffe4][0xffffff89][0xffffffa6][0xffffff84]v)[0xffffff9a][0x12]J[0xffffffad]XJD[0xffffffd3]B)[0x11][0xffffffc5]{!%[0xffffffd4][0x4][0xffffffc7][0xfffffffd][0xffffff9f]L][0xffffffbb],[0xfffffff8][0x4]G1[0xffffff98][0xffffffe0]([0xffffffe2][0xffffff9a]q"[0xffffffe0][0xffffffd8][0x4]G[0x9][0x17][0xffffff89][0xffffffc9][0xffffff94]0[0xffffff99][0xffffffe0][0xffffff90]@2)a0[0xffffffc1][0x11][0xffffffe0][0xffffffcc]N[0x9][0xffffffe3][0x9][0xe]%O6%[0xfffffffc]&8[0xffffff94]Z[0xffffffb9][0xffffff94]p[0xffffff99][0xffffffe0][0xffffff88][0xffffffe2][0xffffffbd][0xffffff90][0x12]j[0xffffff82][0xffffffe3][0xffffffed]'[0xe]*%[0xfffffff0][0x9][0xffffff8e]b0[0xffffffc1]Q[0xffffffc4]5[0xffffffe3]D[0xffffffc0][0xffffffb1][0x9][0xffffff8e][0x12].[0x12][0xffffff93])a2[0xffffffc1]![0xffffff81]dR[0xffffffc2]`[0xffffff82]#[0xffffffc0][0xffffff99][0xffffff9d][0x12][0xffffffc6][0x13][0x1c]J[0xffffff9e]lJ[0xfffffff8]Mp([0xffffffb5]r)[0xffffffe1]2[0xffffffc1][0x11][0xffffffc5]{!%[0xffffffd4][0x4]G9[0xffffffc7]A[0xffffffa5][0x4]>[0xffffffc1]Q[0xc]&8[0xffffff8a][0xffffffb8]f[0xffffff9c][0x8]86[0xffffffc1]Q[0xffffffc2]Eb2%L&8$[0xffffff90]LJ[0x18]Lp[0x4]8[0xffffffb3]S[0xffffffc2]x[0xffffff82]C[0xffffffc9][0xffffff93]M[0x9][0xffffffbf][0x9][0xe][0xffffffa5]V.%\&8[0xffffffa2]x/[0xffffffa5]D1K[0xffffff89][0xffffff82][0xffffffa7]D1H[0xffffff89][0xffffff82][0xffffffa6]D[0xffffffc1]R[0xffffffa2]8[0xffffffa5][0xffffffc4][0xffffff8e]"[0xffffff95][0x12][0x11]H*%v,[0xffffff89][0xffffff94](pJ[0x14][0xffffffe3][0xffffff94][0x8][0xfffffff2][0xffffffa4]SB[0xffffffb8][0xffffff94]N[0xffffff89][0xffffffa0]V2%[0xffffff8a]KJ[0xffffff94][0xffffff9f]N[0xffffff89][0xfffffff3][0xffffff97][0x1a]Sbb[0xffffff8b][0xffffffb3][0xffffffdf][0xffffffce][0x3][0xffffffa7][0xffffffc4][0xffffffdb][0x9][0xffffffe8][0xffffff94][0xfffffff8]v[0x6]&%[0xffffffde][0xffffff9e][0xffffffce][0xffffffa4][0xffffffc4][0xffffffc7][0xffffff93]=R"[0xffffffa2][0xffffffc8][0xffffffa4][0xffffff84][0x2][0xffffff92]I[0xffffff89][0xffffff88]e~J[0xffffffec]pf[0xffffffa7][0xffffffc4][0xffffff8e][0xffffffa8]SJ[0x8]y[0xffffffb2])!][0xffffffca][0xffffffa6][0xffffff84]P+[0xffffff97][0x12][0xffffffc1][0xffffffb4]TJ[0x4][0xfffffff1]^H[0x9]5[0xc]ZK[0xffffffc7]R[0x2][0x1f][0x6]-[0x6][0xffffffc3][0xffffffa0]EL,%[0x2][0xffffff8e][\r][0xffffff83][0xffffff96]0[0xffffff93]D[0xffffffa6][0xffffff84][0xffffffc9]0[0xffffffa8][0x4][0xffffff92]I[0x9][0xffffff83]a[0xffffffd0][0x0]gvJ[0x18][0xf][0xffffff83]*y[0xffffffb2])[0xffffffe1]7[0xc][0xffffffaa][0xffffffd4][0xffffffca][0xffffffa5][0xffffff84][0xffffffcb]0h[0x14][0xffffffef][0xffffff85][0xffffff94]X*%Z[0xffffffa1]VT[0xffffffbd][0xffffff9d][0x7]N[0xffffff89][0xffffffa5][0xfffffff0]O[0xffffffe6]}E[0xffffffde][0x13][0x1]_XJ,[0xffffffa7][0xffffff94][0xffffff88](2)[0xffffffa1][0xffffff80]dR"b[0xffffff99][0xffffff9f][0x12];[0xffffff9c][0xffffffd9])[0xffffffb1]#[0xffffffea][0xffffff94][0x12]B[0xffffff9e]lJH[0xffffff97][0xffffffb2])![0xffffffd4][0xffffffca][0xffffffa5]D0-[0xffffff95][0x12]A[0xffffffbc][0xffffffaf][0xffffffa7]DU[0x1f][0x19][0xffffffaf]g[0xffffffa7]R[0xffffffa2][0xffffffe2][0x1f][0x19][0xffffffaf][0x6][0x1f][0x19][0xffffffaf][0xffffffe2]K[0xffffffb8]y[0xffffff80]W[0xffffffec]#[0xffffffe3]5|[0xffffffeb][0x16]L[0x9][0xffffff81]"[0xffffff92][0x12][0x12]H$%[0x4][0xffffff96][0xffffffe9])[0x11][0xffffffe0]LN[0xffffff89][0xffffff80][0xffffffa8]QJ(y[0xffffffa2])[0xffffffa1]][0xffffff8a][0xffffffa6][0xffffff84]R+[0xffffff96][0x12][0xffffffd1][0xffffffb4]PJD[0xfffffff1]^H[0x9][0xffffffb5][0xffffffa2][0xffffffaa][0xffffffce]Z[0xffffffa9][0xffffff94][0xffffffc0]WTU[0xffffff83][0x15]UU[0xffffffec]QI[0x4][0x1c][QU[0xffffffc3][0xffffffa6][0x14]2%LVTI [0xffffff99][0xffffff94]0XQ[0x15][0xffffffe0][0xffffffcc]N[0x9][0xffffffe3][0x15]UJ[0xffffff9e]lJ[0xfffffff8][0xffffffad][0xffffffa8]Rj[0xffffffe5]R[0xffffffc2]eEU[0x14][0xffffffef][0xffffff85][0xffffff94]P+[0xffffffaa][0xffffffea]<[0xffffffb1][0xffffff94][0xffffffc0]WTU[0xffffff83][0x15]UU[0xffffffec]QI[0x4][0x1c][QU[0xffffffc3][0xffffffa6][0x14]2%LVTI [0xffffff99][0xffffff94]0XQ[0x15][0xffffffe0][0xffffffcc]N[0x9][0xffffffe3][0x15]UJ[0xffffff9e]lJ[0xfffffff8][0xffffffad][0xffffffa8]Rj[0xffffffe5]R[0xffffffc2]eEU[0x14][0xffffffef][0xffffff85][0xffffff94]P+[0xffffffaa][0xffffffda][0xffffffad]4*%[0xfffffff0][0x15]U[0xffffffd5]`EU[0x15]{T[0x12][0x1][0xffffffc7]VT[0xffffffd5][0xffffffb0])[0xffffff85]L[0x9][0xffffff93][0x15]U[0x12]H&%[0xc]VT[0x5]8[0xffffffb3]S[0xffffffc2]xE[0xffffff95][0xffffff92]'[0xffffff9b][0x12]~+[0xffffffaa][0xffffff94]Z[0xffffffb9][0xffffff94]pYQ[0x15][0xffffffc5]{)%[0xffffffe2]0([0xffffff9b][0x12][0xfffffff0]0[0xffffffe8][0xffffffe3][0x4]|J[0xffffff80][0xffffffc3][0xffffffa0][0xffffff8f][0xffffffa7]S)[0xffffffe1]3[0xc]*P[0xffffffa4]R[0xffffffc2]d[0x18]T`I[0xffffffa4][0x4]:[0xc][0x1a][0x10][0xfffffff5]J[0x9][0xffffffaf]aP[0xffffffed]R:%|[0xffffff86]A[0xffffffa3]i[0xffffffb9][0xffffff94][0xfffffff8][0xffffffe9]a[0xffffffd0][0xffffffaa]VT[0xffffffb5][0xffffffc2][0xfffffffd][0xffffffc0][0xffffff81][0xffffffaf][0xffffffa8][0xffffffaa][0x6]+[0xffffffaa][0xffffffaa][0xffffffd8][0xffffffa3][0xffffff92][0x8]8[0xffffffb6][0xffffffa2][0xffffffaa][0xffffff86]M)dJ[0xffffff98][0xffffffac][0xffffffa8][0xffffff92]@2)a[0xffffffb0][0xffffffa2]*[0xffffffc0][0xffffff99][0xffffff9d][0x12][0xffffffc6]+[0xffffffaa][0xffffff94]<[0xffffffd9][0xffffff94][0xfffffff0][Q[0xffffffa5][0xffffffd4][0xffffffca][0xffffffa5][0xffffff84][0xffffffcb][0xffffff8a][0xffffffaa]([0xffffffde][0xb])q[0xffffffaa][0x1f]8:[0xfffffff6][0xffffff91][0xfffffff1][0xffffffb7][0xfffffff3][0xffffffc0])q[0xffffffaa][0xffffff97]r[0xffffffc9][0xffffffbc][0xffffff9f][0xfffffff1]-\"[0xffffffe0]'[0xfffffff6][0x3][0xffffffc7][0xffffffe9][0xfffffff4][0x3]GD[0xffffff91]I[0x9][0x5]$[0xffffff93][0x12][0x11][0xffffffcb][0xfffffffc][0xffffff94][0xffffffd8][0xffffffe1][0xffffffcc]N[0xffffff89][0x1d]Q[0xffffffa7][0xffffff94][0x10][0xfffffff2]dSB[0xffffffba][0xffffff94]M[0x9][0xffffffa1]V.%[0xffffff82]i[0xffffffa9][0xffffff94][0x8][0xffffffe2][0xffffffbd][0xffffff90][0x12]S[0xffffffbd][0xffffff95][0xffffff98][0xffffffab]S)1[0xfffffff1][0xffffffb7][0x12][0xffffffd3][0xffffffe0][0xffffffad][0xffffffc4][0xffffff8c][0xffffffe9][0xffffff9c][0x8][0xfffffff8][0xffffffc4]"
[DEBUG] http-outgoing-1 << "[0xffffffde]JL[0xffffffa7][0xffffffb7][0x12][0x11]E&%[0x14][0xffffff90]LJD,[0xfffffff3]Sb[0xffffff87]3;%vD[0xffffff9d]RB[0xffffffc8][0xffffff93]M[0x9][0xffffffe9]R6%[0xffffff84]Z[0xffffffb9][0xffffff94][0x8][0xffffffa6][0xffffffa5]R"[0xffffff88][0xfffffff7]BJ[0xffffffa8][0x15]U[0xffffffbd][0xffffffdc][0xffffffa8]/[0xffffff83]V|EU5XQU[0xffffffc5][0x1e][0xffffff95]D[0xffffffc0][0xffffffb1][0x15]U5lJ!S[0xffffffc2]dE[0xffffff95][0x4][0xffffff92]I[0x9][0xffffff83][0x15]U[0x1][0xffffffce][0xffffffec][0xffffff94]0^Q[0xffffffa5][0xffffffe4][0xffffffc9][0xffffffa6][0xffffff84][0xffffffdf][0xffffff8a]*[0xffffffa5]V.%\VTE[0xfffffff1]^J[0xffffff89][0xfffffff8]V[0xffffff82]M[0x9][0xfffffffa][0xffffffad][0xffffffc4]2x+[0xffffffb1]b:[0xffffffa7][0x2]N[0xffffffbd][0xffffff95]XNo%"[0xffffff8a]TJ[0xffffffb8][0xffffffbc][0xffffff95][0xffffff88]X[0x12])[0xffffffc1][0xffffffbe][0xffffff95][0xffffffd8][0x11][0xfffffff5]J[0x9][0xffffffb3][0xffffffb7][0x12][0xffffffd2][0xffffffa5]tJ[0x18][0xffffffbd][0xffffff95][0x8][0xffffffa6][0xffffffe5]R[0xffffffe2][0xffffffa7][0xffffffdf]J[0xffffffb4][0xffffff9b]z+[0xffffffd1]W[0xffffff83]R[0xffffffe2][0xffffffed]<lJ<N[0x0][0xffffffa7][0xffffffc4][0xfffffff7]3 )[0xfffffff1]x:[0xffffff92][0x12][0xffffffdf][0xffffff9e]l[0xffffff91][0x12][0x2]E$%$[0xffffff90]HJ[0x8],[0xffffffd3]S"[0xffffffc0][0xffffff99][0xffffff9c][0x12][0x1]Q[0xffffffa3][0xffffff94]P[0xfffffff2]DSB[0xffffffbb][0x14]M[0x9][0xffffffa5]V,%[0xffffffa2]i[0xffffffa1][0xffffff94][0xffffff88][0xffffffe2][0xffffffbd][0xffffff90][0x12]jqv[0xffffffe7][0xffffffb6]]6|qv3X[0xffffff9c][0xffffffdd][0xffffffc4]v[0xffffffd7]D[0xffffffc0][0xffffffb1][0xffffffc5][0xffffffd9]-[0xffffffec]o%S[0xffffffc2]dq[0xffffffb6][0x4][0xffffff92]I[0x9][0xffffff83][0xffffffc5][0xffffffd9][0x1][0xffffffce][0xffffffec][0xffffff94]0^[0xffffff9c][0xffffffad][0xffffffe4][0xffffffc9][0xffffffa6][0xffffff84][0xffffffdf][0xffffffe2]l[0xffffffa5]V.%\[0x16]gG[0xfffffff1]^J[0xffffff89][0xffffffb8]W[0xffffff82]M[0x9]x[0xffffffaf][0xffffffc4][0xffffffe3][0x4]|J[0xffffff80]{%[0x1e]O[0xffffffa7]R[0xffffffc2]g[0xffffffaf][0xffffff84]@[0xffffff91]J[0x9][0xffffff93][0xffffffbd][0x12][0x2]K"%[0xffffffd0][0xffffffbd][0x12][0x1]Q[0xffffffaf][0xffffff94][0xfffffff0][0xffffffda]+[0xffffffa1]]J[0xffffffa7][0xffffff84][0xffffffcf]^[0xffffff89]hZ.%~z[0xffffffaf][0xffffffc4][0xfffffffd][0xffffff9f][0xffffffd1][0xffffffcc]R[0xffffffa2][0xffffffe1])[0xffffffd1][0xc]R[0xffffffa2][0xffffffa1])[0xffffffd1][0xffffffb0][0xffffff94]hN)[0xffffffb1][0xffffffa3]H[0xffffffa5]D[0x4][0xffffff92]J[0xffffff89][0x1d]K"%[0x1a][0xffffff9c][0x12][0xffffffcd]8%[0xffffff82]<[0xffffffe9][0xffffff94][0x10].[0xffffffa5]S"[0xffffffa8][0xffffff95]L[0xffffff89][0xffffffe6][0xffffff92][0x12][0xffffffed][0xffffffef][0xffffff90][0x12][0xffffffdd],%:[0xffffff9e][0x12][0xffffffdd] %:[0xffffff9a][0x12][0x1d]K[0xffffff89][0xffffffee][0xffffff94][0x12];[0xffffff8a]TJD [0xffffffa9][0xffffff94][0xffffffd8][0xffffffb1]$R[0xffffffa2][0xffffffc3])[0xffffffd1][0xffffff8d]S"[0xffffffc8][0xffffff93]N[0x9][0xffffffe1]R:%[0xffffff82]Z[0xffffffc9][0xffffff94][0xffffffe8].)[0xffffffd1][0x7f]:%[0xffffffd4][0xffffffe7][0xffffffbc][0xffffffc6]([0xffffffd4][0x4]G[0xffffffc3]?[0xffffffe7][0xffffffd5][0xc]>[0xffffffe7][0xffffffd5][0xffffffc4]7g[0x12][0x1][0xffffffc7]>[0xffffffe7][0xffffffd5][0xffffffc2]We[0xffffffc8][0xffffff94]0[0xfffffff9][0xffffff9c][0xffffff97][0x4][0xffffff92]I[0x9][0xffffff83][0xffffffcf]y[0x5]8[0xffffffb3]S[0xffffffc2][0xfffffff8]s^J[0xffffff9e]lJ[0xfffffff8]}[0xffffffce]K[0xffffffa9][0xffffff95]K[0x9][0xffffff97][0xffffffcf]yE[0xfffffff1]^H[0x9][0xfffffff5]9[0xffffffaf]q.j[0xffffffdb]e[0xffffffc3]?[0xffffffe7][0xffffffd5][0xc]>[0xffffffe7][0xffffffd5][0xffffffc4]7g[0x12][0x1][0xffffffc7]>[0xffffffe7][0xffffffd5][0xffffffc2]We[0xffffffc8][0xffffff94]0[0xfffffff9][0xffffff9c][0xffffff97][0x4][0xffffff92]I[0x9][0xffffff83][0xffffffcf]y[0x5]8[0xffffffb3]S[0xffffffc2][0xfffffff8]s^J[0xffffff9e]lJ[0xfffffff8]}[0xffffffce]K[0xffffffa9][0xffffff95]K[0x9][0xffffff97][0xffffffcf]yE[0xfffffff1]^H[0xffffff89][0xffffffa1]Rb[0xe][0xffffffec][0xffffffad][0xffffffc4][0xffffffc0]Sb[0x18][0xffffffa4][0xffffffc4][0xffffff88][0xffffffbc]'[0x2]>[0xffffffb0][0xffffff94][0x18]N)[0x11]QdRB[0x1][0xffffffc9][0xffffffa4]D[0xffffffc4]2?%v8[0xffffffb3]SbG[0xffffffd4])%[0xffffff84]<[0xffffffd9][0xffffff94][0xffffff90].eSB[0xffffffa8][0xffffff95]K[0xffffff89]`Z*%[0xffffff82]x/[0xffffffa4][0xffffffc4]T)[0xffffffb1]*[0xffffff96][0x12][0x13]O[0xffffff89]i[0xffffff90][0x12]3[0xfffffff2][0xffffff9e][0x8][0xfffffff8][0xffffffc4]Rb:[0xffffffa5]DD[0xffffff91]I[0x9][0x5]$[0xffffff93][0x12][0x11][0xffffffcb][0xfffffffc][0xffffff94][0xffffffd8][0xffffffe1][0xffffffcc]N[0xffffff89][0x1d]Q[0xffffffa7][0xffffff94][0x10][0xfffffff2]dSB[0xffffffba][0xffffff94]M[0x9][0xffffffa1]V.%[0xffffff82]i[0xffffffa9][0xffffff94][0x8][0xffffffe2][0xffffffbd][0xffffff90][0x12]jq[0xfffffff6]X[0xffffffeb][0xffffffa4]R[0x2]_[0xffffff9c][0xffffffdd][0xc][0x16]g7[0xffffffb1][0xffffffdd]5[0x11]plqv[0xb][0xfffffffb][[0xffffffc9][0xffffff94]0Y[0xffffff9c]-[0xffffff81]dR[0xffffffc2]`qv[0xffffff80]3;%[0xffffff8c][0x17]g+y[0xffffffb2])[0xffffffe1][0xffffffb7]8[[0xffffffa9][0xffffff95]K[0x9][0xffffff97][0xffffffc5][0xffffffd9]Q[0xffffffbc][0xffffffaf][0xffffffa7]DW+[0xffffffaa][0xffffffce][0xffffffda][0xffffffa8][0xffffffcf]yu|EU7XQ[0xffffffd5][0xffffffc5][0x1e][0xffffff95]<[0xffffffc0];[0xffffffb6][0xffffffa2][0xffffffaa][0xffffff87]M)`J[0x8][0x14][0xffffff91][0xffffff94][0xffffff90]@")![0xffffffb0]LO[0xffffff89][0x0]grJ[0x4]D[0xffffff8d]RB[0xffffffc9][0x13]M[0x9][0xffffffed]R4%[0xffffff94]Z[0xffffffb1][0xffffff94][0xffffff88][0xffffffa6][0xffffff85]R"[0xffffff8a][0xfffffff7]BJ[0x14][0xffffffb1]W[0xffffffe2]l[0xffffffad]P)Q[0xffffffe8][0xffffffbd][0x12][0xffffff8f][0x13][0xffffffd0])Q[0xffffffe2][0xfffffff0]s"[0xffffffe0][0xffffff85][0xffffffda]+[0xfffffff1][0xffffffed][0xffffffc9][0x1e])[0x11]QdRB[0x1][0xffffffc9][0xffffffa4]D[0xffffffc4]2?%v8[0xffffffb3]SbG[0xffffffd4])%[0xffffff84]<[0xffffffd9][0xffffff94][0xffffff90].eSB[0xffffffa8][0xffffff95]K[0xffffff89]`Z*%[0xffffff82]x/[0xffffffa4]DUo%[0xffffffe6][0xffffffa2][0xfffffff6]J[0xffffffbc][0xffffff9d][0x7]N[0xffffff89]j[0xfffffff0]V[0xffffffa2][0xffffffc6]tN[0x4][0xffffffbc]bo%[0xffffffaa][0xffffffd3][[0xffffff89][0xffffff88]"[0xffffff93][0x12][\n]"
[DEBUG] http-outgoing-1 << "H&%"[0xffffff96][0xfffffff9])[0xffffffb1][0xffffffc3][0xffffff99][0xffffff9d][0x12];[0xffffffa2]N)![0xffffffe4][0xffffffc9][0xffffffa6][0xffffff84]t)[0xffffff9b][0x12]B[0xffffffad]\J[0x4][0xffffffd3]R)[0x11][0xffffffc4]{)%[0xffffffe2][0xffffffe2]l6%[0xffffffe0][0xffffffc5][0xffffffd9][0xffffff8f][0x13][0xfffffff0])[0x1].[0xffffffce]~<[0xffffff9d]J[0x9][0xffffff9f][0xffffffc5][0xffffffd9][0x2]E*%L[0x16]g[0xb],[0xffffff89][0xffffff94]@[0x17]g[0x7]D[0xffffffbd]R[0xffffffc2]kq[0xffffffb6]v)[0xffffff9d][0x12]>[0xffffff8b][0xffffffb3][0xffffffa3]i[0xffffffb9][0xffffff94][0xfffffff8][0xffffffe9][0xffffffc5][0xffffffd9]][0xffffffad][0xffffffa8][0xffffff9a][0xffffffc7][0xffffff8d][0xffffffba]v[0xffffffd9][0xfffffff1][0x15]U[0xffffffdd]`EU[0x17]{T[0x12][0x1][0xffffffc7]VT[0xfffffff5][0xffffffb0])[0xffffff85]L[0x9][0xffffff93][0x15]U[0x12]H&%[0xc]VT[0x5]8[0xffffffb3]S[0xffffffc2]xE[0xffffff95][0xffffff92]'[0xffffff9b][0x12]~+[0xffffffaa][0xffffff94]Z[0xffffffb9][0xffffff94]pYQ[0x15][0xffffffc5]{!%[0xffffffd4][0xffffff8a][0xffffffaa][0xffffffd9][0x1b][0xfffffff6]V[0x2]_Q[0xffffffd5][\r]VTu[0xffffffb1]G%[0x11]plEU[0xf][0xffffff9b]R[0xffffffc8][0xffffff94]0YQ%[0xffffff81]dR[0xffffffc2]`EU[0xffffff80]3;%[0xffffff8c]WT)y[0xffffffb2])[0xffffffe1][0xffffffb7][0xffffffa2]J[0xffffffa9][0xffffff95]K[0x9][0xffffff97][0x15]UQ[0xffffffbc][0x17]Rb[0xfffffffc]RbJ[0xffffff9c][0xfffffff5][0xffffffa0]R[0xffffffe2]~[0x1e]8%[0xffffffde]N@[0xffffffa7][0xffffffc4][0xffffffb7]30)[0xfffffff1][0xfffffff6]t&%>[0xffffff9e][0xffffffec][0xffffff91][0x12][0x11]E&%[0x14][0xffffff90]LJD,[0xfffffff3]Sb[0xffffff87]3;%vD[0xffffff9d]RB[0xffffffc8][0xffffff93]M[0x9][0xffffffe9]R6%[0xffffff84]Z[0xffffffb9][0xffffff94][0x8][0xffffffa6][0xffffffa5]R"[0xffffff88][0xfffffff7]BJ[0xffffff9c][0xffffffe2][0xffffffad][0xffffffc4]:[0xffffffb0][0xffffffc5][0xffffffd9]o[0xffffffe7][0xffffff81]S[0xffffffe2]4x+q[0xffffffc6]tN[0x4][0xfffffffc][0xffffffc4][0xffffffde]J[0xffffff9c]No%"[0xffffff8a]LJ( [0xffffff99][0xffffff94][0xffffff88]X[0xffffffe6][0xffffffa7][0xffffffc4][0xe]gvJ[0xffffffec][0xffffff88]:[0xffffffa5][0xffffff84][0xffffff90]'[0xffffff9b][0x12][0xffffffd2][0xffffffa5]lJ[0x8][0xffffffb5]r)[0x11]LK[0xffffffa5]D[0x10][0xffffffef][0xffffff85][0xffffff94]P[0xffffffdb].W[0xffffffe5][0xffffff86]A[0xfffffff1]m[0xffffff97][0xffffffdd]`[0xffffffdb]e[0x17]+[0xffffffd9][0x12][0x1][0xffffffc7][0xffffffb6]][0xfffffff6][0xffffffb0]t[0xffffff8d]L[0x9][0xffffff93]m[0xffffff97][0x12]H&%[0xc][0xffffffb6]][0x6]8[0xffffffb3]S[0xffffffc2]x[0xffffffdb][0xffffffa5][0xffffff92]'[0xffffff9b][0x12]~[0xffffffdb].[0xffffff95]Z[0xffffffb9][0xffffff94]p[0xffffffd9]v[0x19][0xffffffc5]{!%[0xffffffd4][0xffffffb6][0xffffffcb][0xffffffd5];v[0xffffffed][0x12][0xffffffdf]v[0xffffffd9][\r][0xffffffb6]]v[0xffffffb1][0xffffff92]-[0x11]pl[0xffffffdb]e[0xf]K[0xffffffd7][0xffffffc8][0xffffff94]0[0xffffffd9]v)[0xffffff81]dR[0xffffffc2]`[0xffffffdb]e[0xffffff80]3;%[0xffffff8c][0xffffffb7]]*y[0xffffffb2])[0xffffffe1][0xffffffb7][0xffffffed]R[0xffffffa9][0xffffff95]K[0x9][0xffffff97]m[0xffffff97]Q[0xffffffbc][0xffffffaf][0xffffffa7][0xffffffc4][0xffffffb8][0xffffffc5][0xffffff94][0xffffffe8][0xffffffb7][[0xffffffa5][0xffffffb6]][0xffffffbe][0xffffff9d][0xffffff87]M[0xffffff89][0xffffffc7][0x9][0xffffffe0][0xffffff94][0xfffffff8]~[0x6]$%[0x1e]OGR[0xffffffe2][0xffffffdb][0xffffff93]-RB[0xffffffa0][0xffffff88][0xffffffa4][0xffffff84][0x4][0x12]I[0x9][0xffffff81]ezJ[0x4]8[0xffffff93]S" j[0xffffff94][0x12]J[0xffffff9e]hJh[0xffffff97][0xffffffa2])[0xffffffa1][0xffffffd4][0xffffff8a][0xffffffa5]D4-[0xffffff94][0x12]Q[0xffffffbc][0x17]RB,[0xffffffce][0xffffffee][0xffffffb7]>oTJ[0xffffffe0][0xffffff8b][0xffffffb3][0xffffff87][0xffffffc1][0xffffffe2][0xffffffec]![0xffffffb6][0xffffffbb]&[0x2][0xffffff8e]-[0xffffffce][0x1e]a[0x7f]+[0xffffff99][0x12]&[0xffffff8b][0xffffffb3]%[0xffffff90]LJ[0x18],[0xffffffce][0xe]pf[0xffffffa7][0xffffff84][0xfffffff1][0xffffffe2]l%O6%[0xfffffffc][0x16]g+[0xffffffb5]r)[0xffffffe1][0xffffffb2]8;[0xffffff8a][0xfffffff7]RJ[0xffffff84][0x15]UpJ[0xffffffc0]+[0xffffffaa][0x1e]'[0xffffffe0]S[0x2]\Q[0xfffffff5]x:[0xffffff95][0x12]>+[0xffffffaa][0x4][0xffffff8a]TJ[0xffffff98][0xffffffac][0xffffffa8][0x12]X[0x12])[0xffffff81][0xffffffae][0xffffffa8][\n]"
[DEBUG] http-outgoing-1 << "[0xffffff88]z[0xffffffa5][0xffffff84][0xffffffd7][0xffffff8a]*[0xffffffed]R:%|VTE[0xffffffd3]r)[0xfffffff1][0xffffffd3]+[0xffffffaa][0xffffffee][0xffffffff][0xffffff8c]a[0xffffff96][0x12][0x3]O[0xffffff89]a[0xffffff90][0x12][0x3]M[0xffffff89][0xffffff81][0xffffffa5][0xffffffc4]pJ[0xffffff89][0x1d]E*%"[0xffffff90]TJ[0xffffffec]X[0x12])1[0xffffffe0][0xffffff94][0x18][0xffffffc6])[0x11][0xffffffe4]I[0xffffffa7][0xffffff84]p)[0xffffff9d][0x12]A[0xffffffad]dJ[0xc][0xffffff97][0xffffff94][0x18][0x7f][0xffffff87][0xffffff94]8[0xffffffa6]YK[0x1c][0x13][0xffffff8f][0xffffff89][0xfffffffb][0x11][0xfffffff8][0xffffff9a][0xfffffff8]8[0x4][0xffffff95][0x13][0xfffffff7][0xffffffc7]S=[0xfffffff1][0xfffffffe]h[0xffffff97][0xffffffa0][0x8]<RE![0xffffffa8][0xffffffa4][0xffffff92]"[0xffffffb0]I4[0xffffffc5]Fh~Tl[0xffffff9c]zUE[0xffffffd4]([0xffffff9d][0x15][0xffffffca][0xffffffaa]tWD[0xffffffc9][0xffffff92]a[0xffffffb1];[0xffffff97]+[0xffffff8b]][0xffffffc1][0xffffff97][0xffffffd2][0xffffffa2],[0xffffffb3][0xffffffb4]([0xb]O[0xffffff8b][0xfffffffb][0x11][0xfffffff8][0xffffffb4][0xfffffff8]8[0x4][0xffffff95][0x16][0xfffffff7][0xffffffc7]Si[0xfffffff1][0xfffffffe]h[0xffffff97][0xffffffb4][0x8]<Ri![0xffffffa8][0xffffffa4][0xffffffd2]"[0xffffffb0]I[0xffffffa4][0xffffffc5]Fh~Zl[0xffffff9c]z[0xffffffa5]E[0xffffffd4]([0xffffff9d][0x16][0xffffffca][0xffffffaa]tZD[0xffffffc9][0xffffff92]i[0xffffffb1];[0xffffff97]K[0xffffff8b]][0xffffffc1][0xffffff97][0xffffffd2][0xffffffa2][0xffffffba][0xffffffa5]E[0xffffffe5][0xffffffd3][0xffffffa2]:[0xffffffa4]Ee[0xffffffd3][0xffffffa2]riQ[0xffffffad][0xffffffd2]"[0xfffffff0]H[0xffffffa5][0xffffff85][0xffffffa0][0xffffff92]J[0xffffff8b][0xffffffc0]&[0xffffff91][0x16][0xffffff95]N[0xffffff8b][0xffffffea][0xffffff9c][0x16]Q[0xffffffa3]tZ([0xffffffab][0xffffffd2]i[0x11]%K[0xffffffa6][0xffffffc5][0xffffffee]\.-v[0x5]_J[0xffffff8b][0xffffffc7][0xffffffce][0x9][0xffffffa7][0xffffffb4][0xffffffe8]'[0xffffff9e][0x16][0xfffffff7]#[0xfffffff0]i[0xfffffff1]q[0x8]*-[0xffffffee][0xffffff8f][0xffffffa7][0xffffffd2][0xffffffe2][0xfffffffd][0xffffffd1].i[0x11]x[0xffffffa4][0xffffffd2]BPI[0xffffffa5]E`[0xffffff93]H[0xffffff8b][0xffffff8d][0xffffffd0][0xfffffffc][0xffffffb4][0xffffffd8]8[0xfffffff5]J[0xffffff8b][0xffffffa8]Q:-[0xffffff94]U[0xffffffe9][0xffffffb4][0xffffff88][0xffffff92]%[0xffffffd3]bw.[0xffffff97][0x16][0xffffffbb][0xffffff82]/[0xffffffa5][0xffffffc5]p{k1[0xfffffff8][0xffffffb7][0x16][0xffffffc3][0xffffffe1][0xffffffad][0xffffffc5]`[0xffffffdf]Z[0xc][0xffffffee][0xffffffad][0xffffffc5][0xffffffb0]zk[0x11]x[0xffffffa4][0xffffffd2]BPI[0xffffffa5]E`[0xffffff93]H[0xffffff8b]A[0xffffffbf][0xffffffb5][0x18][0xffffffce]o-[0xffffffa2]F[0xffffffe9][0xffffffb4]PV[0xffffffa5][0xffffffd3]"J[0xffffff96]L[0xffffff8b][0xffffffdd][0xffffffb9]\Z[0xffffffec][\n]"
[DEBUG] http-outgoing-1 << "[0xffffffbe][0xffffff94][0x16][0xffffffab][0xffffff99][0xffffffa5][0xffffffc5]jxZ[0xffffffdc][0xffffff8f][0xffffffc0][0xffffffa7][0xffffffc5][0xffffffc7]![0xffffffa8][0xffffffb4][0xffffffb8]?[0xffffff9e]J[0xffffff8b][0xfffffff7]G[0xffffffbb][0xffffffa4]E[0xffffffe0][0xffffff91]J[0xb]A%[0xffffff95][0x16][0xffffff81]M"-6B[0xfffffff3][0xffffffd3]b[0xffffffe3][0xffffffd4]+-[0xffffffa2]F[0xffffffe9][0xffffffb4]PV[0xffffffa5][0xffffffd3]"J[0xffffff96]L[0xffffff8b][0xffffffdd][0xffffffb9]\Z[0xffffffec][\n]"
[DEBUG] http-outgoing-1 << "[0xffffffbe][0xffffff94][0x16][0xffffffc7]q[0xffffff98][0xffffffb5][0xffffffc5][0xfffffffd]Dx\[0xffffffbc][0xffffff9d][0xffffff81][0xffffffaf][0xffffff8b]o[0xffffffa7][0xffffffa0][0xfffffff2][0xffffffe2][0xffffffed][0xfffffff9]T_|<[0xffffffdb]%0"[0xffffff94]Ta(4[0xffffffa9][0xffffffc4][0xffffff88][0xffffff80][0x12][0xffffff8d][0xffffffb1]c[0xffffff9a][0x1f][0x19];[0xffffffac]^[0xffffff95]![0xffffff84]Jg[0xffffff86][0xfffffff4]+[0xffffffdd][0x19]B[0xffffffb7]dh[0x4][0xfffffffb]r[0xffffffa5][0x11]d|-5[0xffffff8a][0xffffffdd]4j1[0x18]G-[0x16][0xfffffff3][0xffffffa8][0x5][0x1e]H-[0xffffffe0]Dj[0xfffffff1][0x1a]I[\r]Pb[0xffffffa9]![0xffffffd0][0xffffffc4]R#[0x0][0xffffff8a][0xffffffa4]F[0xffffffc1][0xffffffc7]R[0xffffff8b][0xfffffff5]\j[0x14]*[0xffffff9e][0x1a][0xffffffca][0xffffffaf]xjD[0xffffffdd][0xffffffa2][0xffffffa9][0xffffffb1][0xffffffdb][0x17]L[0xffffff8d]][0xffffffc6][0xffffffaf][0xffffffa4]F}[0xffffffff][0xffffffa7][0x14][0xffffffb1][0xffffffd8][0xfffffffb]8VM[0xf][0xffffff8d][0xffffffcf][0xfffffff3]P[0xffffff99][0xfffffff1][0xffffffe5][0x4]XdlgHN[0xffffff8c]/OO[0xe][0xffffff8c]_?[0x19][0xffffffce][0xffffff8b][0xffffffa7](&[0xffffffc7][0xffffffc5][0xf][0xffffff80]LN[0xffffff8b][0xffffffa7]X&[0xffffff86][0xffffffc5][0x13]8[0xffffffd3][0xffffffb2][0xffffffe2][0x9][0xffffffa2][0x16]Q[0xfffffff1]\[0xffffff9e]PR[0xfffffffc][0xffffffc8][0xffffffa5]PP<W+[0xffffff90][0x13][0xffffffcf]L[0xffffff9b][0x1e][0x13][0xffffffcf][0xffffffc4]{)%[0xffffffba]YJt<%[0xffffffba]AJt4%:[0xffffff96][0x12][0xffffffdd])%v[0x14][0xffffffa9][0xffffff94][0xffffff88]@R)[0xffffffb1]cI[0xffffffa4]D[0xffffff87]S[0xffffffa2][0x1b][0xffffffa7]D[0xffffff90]'[0xffffff9d][0x12][0xffffffc2][0xffffffa5]tJ[0x4][0xffffffb5][0xffffff92])[0xffffffd1]]R[0xffffffa2][0xffffffff]tJT[0xfffffff5]V[0xffffffa2][0xffffffce]B[0xffffffa5]D[0xffffffc5][0xffffffdf]JT[0xffffff83][0xffffffb7][0x12]5[0xffffffa6]s"[0xffffffe0][0x15]{+Q[0xffffff9d][0xffffffde]JD[0x14][0xffffff99][0xffffff94]P@2)[0x11][0xffffffb1][0xffffffcc]O[0xffffff89][0x1d][0xffffffce][0xffffffec][0xffffff94][0xffffffd8][0x11]uJ[0x9]!O6%[0xffffffa4]K[0xffffffd9][0xffffff94][0x10]j[0xffffffe5]R"[0xffffff98][0xffffff96]J[0xffffff89] [0xffffffde][0xb])[0xffffffd1]EJ[0xffffff94][[0x19]TJt<%[0xffffffba]AJ[0xfffffff4][0xffffffc8]{"[0xffffffe0][0x1d]K[0xffffff89][0xffffffee][0xffffff94][0x12][0x11]E&%[0x14][0xffffff90]LJD,[0xfffffff3]Sb[0xffffff87]3;%vD[0xffffff9d]RB[0xffffffc8][0xffffff93]M[0x9][0xffffffe9]R6%[0xffffff84]Z[0xffffffb9][0xffffff94][0x8][0xffffffa6][0xffffffa5]R"[0xffffff88][0xfffffff7]BJL[0xffffff95][0x12]k[0x1c]TJL<%[0xffffffa6]AJ[0xffffffcc][0xffffffc8]{"[0xffffffe0][0x13]K[0xffffff89][0xffffffe9][0xffffff94][0x12][0x11]E&%[0x14][0xffffff90]LJD,[0xfffffff3]Sb[0xffffff87]3;%vD[0xffffff9d]RB[0xffffffc8][0xffffff93]M[0x9][0xffffffe9]R6%[0xffffff84]Z[0xffffffb9][0xffffff94][0x8][0xffffffa6][0xffffffa5]R"[0xffffff88][0xfffffff7]BJ,[0xffffff91][0x12][0xffffffb5][0xfffffff4]E[0xffffffa5][0xffffffc4][0xffffffc2]Sb[0x19][0xffffffa4][0xffffffc4][0xffffff8a][0xffffffbc]'[0x2][0xffffffbe][0xffffffb0][0xffffff94]XN)[0x11]QdRB[0x1][0xffffffc9][0xffffffa4]D[0xffffffc4]2?%v8[0xffffffb3]SbG[0xffffffd4])%[0xffffff84]<[0xffffffd9][0xffffff94][0xffffff90].eSB[0xffffffa8][0xffffff95]K[0xffffff89]`Z*%[0xffffff82]x/[0xffffffa5]D1K[0xffffff89][0xffffff82][0xffffffa7]D1H[0xffffff89][0xffffff82][0xffffffa6]D[0xffffffc1]R[0xffffffa2]8[0xffffffa5][0xffffffc4][0xffffff8e]"[0xffffff95][0x12][0x11]H*%v,[0xffffff89][0xffffff94](pJ[0x14][0xffffffe3][0xffffff94][0x8][0xfffffff2][0xffffffa4]SB[0xffffffb8][0xffffff94]N[0xffffff89][0xffffffa0]V2%[0xffffff8a]KJ[0xffffff94][0xffffff9f]M[0xffffff89][0xfffffff3][0xffffffa6][0xffffffde]J[0xc][0xffffffec][0xffffffda][0xffffffe5][0xffffffdb]y[0xffffffd8][0xffffff94]x[0xffffff9c][0x0]N[0xffffff89][0xffffffef]g@R[0xffffffe2][0xfffffff1]t$%[0xffffffbe]=[0xffffffd9]"%[0x4][0xffffff8a]HJH [0xffffff91][0xffffff94][0x10]X[0xffffffa6][0xffffffa7]D[0xffffff80]39%[0x2][0xffffffa2]F)[0xffffffa1][0xffffffe4][0xffffff89][0xffffffa6][0xffffff84]v)[0xffffff9a][0x12]J[0xffffffad]XJD[0xffffffd3]B)[0x11][0xffffffc5]{!%[0xe][0xffffff95][0x12][0xfffffff3]lTJ[0x1c]xJ[0x1c][0x6])qD[0xffffffde][0x13][0x1]?[0xffffffb0][0xffffff94]8[0xffffff9c]R"[0xffffffa2][0xffffffc8][0xffffffa4][0xffffff84][0x2][0xffffff92]I[0xffffff89][0xffffff88]e~J[0xffffffec]pf[0xffffffa7][0xffffffc4][0xffffff8e][0xffffffa8]SJ[0x8]y[0xffffffb2])!][0xffffffca][0xffffffa6][0xffffff84]P+[0xffffff97][0x12][0xffffffc1][0xffffffb4]TJ[0x4][0xfffffff1]^H[0x9][0xffffffb5][0xffffffa2][0xffffffaa][0xffffffd5][0x1b][0xfffffff5][0x3][0xffffffc7][0xffffff89][0xffffffaf][0xffffffa8]:[\r]VT[0xffffff9d]b[0xffffff8f]J"[0xffffffe0][0xffffffd8][0xffffff8a][0xffffffaa]3lJ!S[0xffffffc2]dE[0xffffff95][0x4][0xffffff92]I[0x9][0xffffff83][0x15]U[0x1][0xffffffce][0xffffffec][0xffffff94]0^Q[0xffffffa5][0xffffffe4][0xffffffc9][0xffffffa6][0xffffff84][0xffffffdf][0xffffff8a]*[0xffffffa5]V.%\VTE[0xfffffff1]^J[0xffffff89]xW[0xffffff82]M[0x9][0xfffffff8][0xffffffae][0xffffffc4][0xffffffe3][0x4]|J[0xffffff80]w%[0x1e]O[0xffffffa7]R[0xffffffc2][0xffffffe7][0xffffffae][0xffffff84]@[0xffffff91]J[0x9][0xffffff93][0xffffffbb][0x12][0x2]K"%[0xffffffd0][0xffffffbb][0x12][0x1]Q[0xffffffaf][0xffffff94][0xfffffff0][0xffffffba]+[0xffffffa1]]J[0xffffffa7][0xffffff84][0xffffffcf]][0xffffff89]hZ.%~[0xfffffffe][0xffffffae]DUo%[0xffffffda][0xffffffd9][0xffffffa9][0xffffff94][0xffffffa8][0xfffffff8][[0xffffff89]j[0xfffffff0]V[0xffffffa2][0xffffffc6]tN[0x4][0xffffffbc]bo%[0xffffffaa][0xffffffd3][[0xffffff89][0xffffff88]"[0xffffff93][0x12][\n]"
[DEBUG] http-outgoing-1 << "H&%"[0xffffff96][0xfffffff9])[0xffffffb1][0xffffffc3][0xffffff99][0xffffff9d][0x12];[0xffffffa2]N)![0xffffffe4][0xffffffc9][0xffffffa6][0xffffff84]t)[0xffffff9b][0x12]B[0xffffffad]\J[0x4][0xffffffd3]R)[0x11][0xffffffc4]{!%[0xffffff9a]J[0xffffff89]9[0x1b][0xffffff95][0x12][\r]O[0xffffff89]f[0xffffff90][0x12]-[0xfffffff2][0xffffff9e][0x8]x[0xffffffc3]R[0xffffffa2]9[0xffffffa5]DD[0xffffff91]I[0x9][0x5]$[0xffffff93][0x12][0x11][0xffffffcb][0xfffffffc][0xffffff94][0xffffffd8][0xffffffe1][0xffffffcc]N[0xffffff89][0x1d]Q[0xffffffa7][0xffffff94][0x10][0xfffffff2]dSB[0xffffffba][0xffffff94]M[0x9][0xffffffa1]V.%[0xffffff82]i[0xffffffa9][0xffffff94][0x8][0xffffffe2][0xffffffbd][0xffffff90][0x12]j[0xffffffdb]e[0xffffffbf][0xffffff95][0xfffffffc][0xffffffef][0xffffff86]~[0xffffff9e][0x7]N[0x9][0xffffff83]m[0xffffff97][0xffffffa7]X[0xffffffc9][0xffffff96][0x8]8[0xffffffb6][0xffffffed][0xfffffff2][0xc]K[0xffffffd7][0xffffffc8][0xffffff94]0[0xffffffd9]v)[0xffffff81]dR[0xffffffc2]`[0xffffffdb]e[0xffffff80]3;%[0xffffff8c][0xffffffb7]]*y[0xffffffb2])[0xffffffe1][0xffffffb7][0xffffffed]R[0xffffffa9][0xffffff95]K[0x9][0xffffff97]m[0xffffff97]Q[0xffffffbc][0x17]Rb[0xffffffa8][0xffffff94]h[0x7][0xffffffb5]8[0xfffffffb][0xffffffed]<pJ[0xc][0xffffff83][0xffffff94][0x18][0xffffff91][0xfffffff7]D[0xffffffc0][0x7][0xffffff96][0x12][0xffffffc3])%"[0xffffff8a]LJ( [0xffffff99][0xffffff94][0xffffff88]X[0xffffffe6][0xffffffa7][0xffffffc4][0xe]gvJ[0xffffffec][0xffffff88]:[0xffffffa5][0xffffff84][0xffffff90]'[0xffffff9b][0x12][0xffffffd2][0xffffffa5]lJ[0x8][0xffffffb5]r)[0x11]LK[0xffffffa5]D[0x10][0xffffffef][0xffffff85][0xffffff94]8UJtlE[0xffffffd5][0xffffffdb]y[0xffffffe0][0xffffff94]8[\r]R[0xffffffe2][0xffffff8c][0xffffffbc]'[0x2]~b)q:[0xffffffa5]DD[0xffffff91]I[0x9][0x5]$[0xffffff93][0x12][0x11][0xffffffcb][0xfffffffc][0xffffff94][0xffffffd8][0xffffffe1][0xffffffcc]N[0xffffff89][0x1d]Q[0xffffffa7][0xffffff94][0x10][0xfffffff2]dSB[0xffffffba][0xffffff94]M[0x9][0xffffffa1]V.%[0xffffff82]i[0xffffffa9][0xffffff94][0x8][0xffffffe2][0xffffffbd][0xffffff90][0x12][0xffffffea][0x1b][0x1c]}N[0xffffffea][0x1b][0x1c]'[0xfffffffe][\r][0xffffff8e][0xffffffd3][0xffffffe0][0x1b][0x1c][0xffffffa7]X[0x14][0xffffff9f][0x8]8[0xfffffff6][\r][0xffffff8e]3[0xffffffac][0xffffff82]'S[0xffffffc2][0xffffffe4][0x1b][0x1c][0x12]H&%[0xc][0xffffffbe][0xffffffc1][0x11][0xffffffe0][0xffffffcc]N[0x9][0xffffffe3]op(y[0xffffffb2])[0xffffffe1][0xfffffff7][\r][0xe][0xffffffa5]V.%\[0xffffffbe][0xffffffc1][0x11][0xffffffc5]{!%[0xffffffd4]78[0xfffffffa][0xffffffaa][0xffffffd8][0xffffffb6]K[0xfffffffc][0x1b][0x1c][0xffffffa7][0xffffffc1]78N[0xffffffb1](>[0x11]p[0xffffffec][0x1b][0x1c]gX[0x5]O[0xffffffa6][0xffffff84][0xffffffc9]78$[0xffffff90]LJ[0x18]|[0xffffff83]#[0xffffffc0][0xffffff99][0xffffff9d][0x12][0xffffffc6][0xffffffdf][0xffffffe0]P[0xfffffff2]dS[0xffffffc2][0xffffffef][0x1b][0x1c]J[0xffffffad]\J[0xffffffb8]|[0xffffff83]#[0xffffff8a][0xfffffff7][0xfffffff5][0xffffff94][0xffffff98]jqv_[0xffffff83][0xffffffba]+1[0xfffffff1][0xffffffc5][0xffffffd9][0xffffffd3]`q[0xfffffff6][0x14][0xffffffdb]][0xfffffff3][0x0][0xffffff9f][0xffffffd8][0xffffffe2][0xffffffec][0x19][0xfffffff6][0xffffffb7][0xffffff82])!PDRB[0x2][0xffffff89][0xffffffa4][0xffffff84][0xffffffc0]2=%[0x2][0xffffff9c][0xffffffc9])[0x11][0x10]5J[0x9]%O4%[0xffffffb4]K[0xffffffd1][0xffffff94]Pj[0xffffffc5]R"[0xffffff9a][0x16]J[0xffffff89]([0xffffffde][0xb])[0xffffffa1][0x16]g[0xfffffff7][0xffffffb5][0xffffffa8][0xffffffbd][0x12][0x13]_[0xffffff9c]=[\r][0x16]gO[0xffffffb1][0xffffffdd]5[0x11]plq[0xfffffff6][0xc][0xfffffffb][[0xffffffc9][0xffffff94]0Y[0xffffff9c]-[0xffffff81]dR[0xffffffc2]`qv[0xffffff80]3;%[0xffffff8c][0x17]g+y[0xffffffb2])[0xffffffe1][0xffffffb7]8[[0xffffffa9][0xffffff95]K[0x9][0xffffff97][0xffffffc5][0xffffffd9]Q[0xffffffbc][0x17]R[0xffffffa2][0xffffff8a][0xffffff94][0x18][0xffffffc7][0xffffffaa]TJT<%[0xffffffaa]AJ[0xffffffd4][0xffffffc8]{"[0xffffffe0][0x15]K[0xffffff89][0xffffffea][0xffffff94][0x12][0x11]E&%[0x14][0xffffff90]LJD,[0xfffffff3]Sb[0xffffff87]3;%vD[0xffffff9d]RB[0xffffffc8][0xffffff93]M[0x9][0xffffffe9]R6%[0xffffff84]Z[0xffffffb9][0xffffff94][0x8][0xffffffa6][0xffffffa5]R"[0xffffff88][0xfffffff7]BJ[0xffffffa8][0x15]U[0xffffffa3][0xffffff8f]I[0xffffffa5][0x4][0xffffffbe][0xffffffa2]j[0x1a][0xffffffac][0xffffffa8][0xffffff9a]b[0xffffff8f]J"[0xffffffe0][0xffffffd8][0xffffff8a][0xffffffaa][0x19]6[0xffffffa5][0xffffff90])a[0xffffffb2][0xffffffa2]J[0x2][0xffffffc9][0xffffffa4][0xffffff84][0xffffffc1][0xffffff8a][0xffffffaa][0x0]gvJ[0x18][0xffffffaf][0xffffffa8]R[0xfffffff2]dS[0xffffffc2]oE[0xffffff95]R+[0xffffff97][0x12].+[0xffffffaa][0xffffffa2]x/[0xffffffa4][0xffffff84]ZQ5[0xffffffce][0xffffff82][0xffffffa5][0x4][0xffffffbe][0xffffffa2]j[0x1a][0xffffffac][0xffffffa8][0xffffff9a]b[0xffffff8f]J"[0xffffffe0][0xffffffd8][0xffffff8a][0xffffffaa][0x19]6[0xffffffa5][0xffffff90])a[0xffffffb2][0xffffffa2]J[0x2][0xffffffc9][0xffffffa4][0xffffff84][0xffffffc1][0xffffff8a][0xffffffaa][0x0]gvJ[0x18][0xffffffaf][0xffffffa8]R[0xfffffff2]dS[0xffffffc2]oE[0xffffff95]R+[0xffffff97][0x12].+[0xffffffaa][0xffffffa2]x/[0xffffffa4][0xffffff84]ZQu[0x1e][\r][0xfffffffb][0xffffff81][0x3]_Q5[\r]VTM[0xffffffb1]G%[0x11]plE[0xffffffd5][0xc][0xffffff9b]R[0xffffffc8][0xffffff94]0YQ%[0xffffff81]dR[0xffffffc2]`EU[0xffffff80]3;%[0xffffff8c]WT)y[0xffffffb2])[0xffffffe1][0xffffffb7][0xffffffa2]J[0xffffffa9][0xffffff95]K[0x9][0xffffff97][0x15]UQ[0xffffffbc][0x17]RB[0xffffffad][0xffffffa8]:[0xffffffeb][0xffffff81][0xffffffa5][0x4][0xffffffbe][0xffffffa2]j[0x1a][0xffffffac][0xffffffa8][0xffffff9a]b[0xffffff8f]J"[0xffffffe0][0xffffffd8][0xffffff8a][0xffffffaa][0x19]6[0xffffffa5][0xffffff90])a[0xffffffb2][0xffffffa2]J[0x2][0xffffffc9][0xffffffa4][0xffffff84][0xffffffc1][0xffffff8a][0xffffffaa][0x0]gvJ[0x18][0xffffffaf][0xffffffa8]R[0xfffffff2]dS[0xffffffc2]oE[0xffffff95]R+[0xffffff97][0x12].+[0xffffffaa][0xffffffa2]x/[0xffffffa4][0xffffff84]ZQu[0xffffff9e][0xffffffd8][0xffffffe2][0xffffffec][0xffffff89][0xffffffaf][0xffffffa8][0xffffff9a][0x6]+[0xffffffaa][0xffffffa6][0xffffffd8][0xffffffa3][0xffffff92][0x8]8[0xffffffb6][0xffffffa2]j[0xffffff86]M)dJ[0xffffff98][0xffffffac][0xffffffa8][0xffffff92]@2)a[0xffffffb0][0xffffffa2]*[0xffffffc0][0xffffff99][0xffffff9d][0x12][0xffffffc6]+[0xffffffaa][0xffffff94]<[0xffffffd9][0xffffff94][0xfffffff0][Q[0xffffffa5][0xffffffd4][0xffffffca][0xffffffa5][0xffffff84][0xffffffcb][0xffffff8a][0xffffffaa]([0xffffffde][0xb])[0xffffffa1]VT[0xffffff9d][0xffffffeb][0xffffff86][0xffffffa5][0x4][0xffffffbe][0xffffffa2]j[0x1a][0xffffffac][0xffffffa8][0xffffff9a]b[0xffffff8f]J"[0xffffffe0][0xffffffd8][0xffffff8a][0xffffffaa][0x19]6[0xffffffa5][0xffffff90])a[0xffffffb2][0xffffffa2]J[0x2][0xffffffc9][0xffffffa4][0xffffff84][0xffffffc1][0xffffff8a][0xffffffaa][0x0]gvJ[0x18][0xffffffaf][0xffffffa8]R[0xfffffff2]dS[0xffffffc2]oE[0xffffff95]R+[0xffffff97][0x12].+[0xffffffaa][0xffffffa2]x_O[0xffffff89][0xffffffa5]VT[0xffffffcd]z4(%[0x16][0xffffffbe][0xffffffa2]j[0x19][0xffffffac][0xffffffa8]Zb[0xffffff8f]J[0x1e][0xffffffe0][0xb][Q[0xffffffb5][0xffffffc2][0xffffffa6][0x14]0%[0x4][0xffffff8a]HJH [0xffffff91][0xffffff94][0x10]X[0xffffffa6][0xffffffa7]D[0xffffff80]39%[0x2][0xffffffa2]F)[0xffffffa1][0xffffffe4][0xffffff89][0xffffffa6][0xffffff84]v)[0xffffff9a][0x12]J[0xffffffad]XJD[0xffffffd3]B)[0x11][0xffffffc5]{!%[0xffffffd4][0xffffff8a][0xffffffaa][0xffffffd9][\n]"
[DEBUG] http-outgoing-1 << "uWb[0xffffffe1]+[0xffffffaa][0xffffff96][0xffffffc1][0xffffff8a][0xffffffaa]%[0xfffffff6][0xffffffa8]$[0x2][0xffffff8e][0xffffffad][0xffffffa8]ZaS[\n]"
[DEBUG] http-outgoing-1 << "[0xffffff99][0x12]&+[0xffffffaa]$[0xffffff90]LJ[0x18][0xffffffac][0xffffffa8][\n]"
[DEBUG] http-outgoing-1 << "pf[0xffffffa7][0xffffff84][0xfffffff1][0xffffff8a]*%O6%[0xfffffffc]VT)[0xffffffb5]r)[0xffffffe1][0xffffffb2][0xffffffa2]*[0xffffff8a][0xfffffff7]BJ[0x14][0xffffff95][0x12][0xffffffb3]Q?p[0xffffffbc][0xffffff9d][0x7]N[0xffffff89]b[0xffffff90][0x12]%[0xfffffff2][0xffffff9e][0x8]x[0xffffffc1]R[0xffffffa2]8[0xffffffa5]DD[0xffffff91]I[0x9][0x5]$[0xffffff93][0x12][0x11][0xffffffcb][0xfffffffc][0xffffff94][0xffffffd8][0xffffffe1][0xffffffcc]N[0xffffff89][0x1d]Q[0xffffffa7][0xffffff94][0x10][0xfffffff2]dSB[0xffffffba][0xffffff94]M[0x9][0xffffffa1]V.%[0xffffff82]i[0xffffffa9][0xffffff94][0x8][0xffffffe2][0xffffffbd][0xffffff90][0x12]U[0xffffffa6][0xffffffc4][0xffffffc4]R[0xffffffa2][0xffffffe2])Q[\r]R[0xffffffa2]F[0xffffffde][0x13][0x1][0xffffffaf]XJT[0xffffffa7][0xffffff94][0xffffff88](2)[0xffffffa1][0xffffff80]dR"b[0xffffff99][0xffffff9f][0x12];[0xffffff9c][0xffffffd9])[0xffffffb1]#[0xffffffea][0xffffff94][0x12]B[0xffffff9e]lJH[0xffffff97][0xffffffb2])![0xffffffd4][0xffffffca][0xffffffa5]D0-[0xffffff95][0x12]A[0xffffffbc][0x17]RBm[0xffffffbb][0xffffff9c][0xffffffab][0x14]*%[0xfffffff0]m[0xffffff97][0xffffffcb]`[0xffffffdb][0xffffffe5][0x12]+[0xffffffd9][0x12][0x1][0xffffffc7][0xffffffb6]][0xffffffae][0xffffffb0]t[0xffffff8d]L[0x9][0xffffff93]m[0xffffff97][0x12]H&%[0xc][0xffffffb6]][0x6]8[0xffffffb3]S[0xffffffc2]x[0xffffffdb][0xffffffa5][0xffffff92]'[0xffffff9b][0x12]~[0xffffffdb].[0xffffff95]Z[0xffffffb9][0xffffff94]p[0xffffffd9]v[0x19][0xffffffc5]{!%[0xffffffd4][0xffffffb6][0xffffffcb][0xffffffb9][0xfffffffa]A[0xffffffa5][0x4][0xffffffbe][0xffffffed]r[0x19]l[0xffffffbb]\b%["[0xffffffe0][0xffffffd8][0xffffffb6][0xffffffcb][0x15][0xffffff96][0xffffffae][0xffffff91])a[0xffffffb2][0xffffffed]R[0x2][0xffffffc9][0xffffffa4][0xffffff84][0xffffffc1][0xffffffb6][0xffffffcb][0x0]gvJ[0x18]o[0xffffffbb]T[0xfffffff2]dS[0xffffffc2]o[0xffffffdb][0xffffffa5]R+[0xffffff97][0x12].[0xffffffdb].[0xffffffa3]x/[0xffffffa4][0xffffff84][0xffffffda]v[0xffffffb9]n[0xffffffb7][0xffffff93]J[0x9]|[0xffffffdb][0xffffffe5]2[0xffffffd8]v[0xffffffb9][0xffffffc4]J[0xffffffb6]D[0xffffffc0][0xffffffb1]m[0xffffff97]+,]#S[0xffffffc2]d[0xffffffdb][0xffffffa5][0x4][0xffffff92]I[0x9][0xffffff83]m[0xffffff97][0x1][0xffffffce][0xffffffec][0xffffff94]0[0xffffffde]v[0xffffffa9][0xffffffe4][0xffffffc9][0xffffffa6][0xffffff84][0xffffffdf][0xffffffb6]K[0xffffffa5]V.%\[0xffffffb6]]F[0xfffffff1]^H[0x9][0xffffffb5][0xffffffed]r[0x1d][0xffffff9d][0xfffffffa][0x6][0xffffffc7][0xffffffc2][0xffffffb7]].[0xffffff83]m[0xffffff97]K[0xffffffac]dK[0x4][0x1c][0xffffffdb]v[0xffffffb9][0xffffffc2][0xffffffd2]52%L[0xffffffb6]]J [0xffffff99][0xffffff94]0[0xffffffd8]v[0x19][0xffffffe0][0xffffffcc]N[0x9][0xffffffe3]m[0xffffff97]J[0xffffff9e]lJ[0xfffffff8]m[0xffffffbb]Tj[0xffffffe5]R[0xffffffc2]e[0xffffffdb]e[0x14][0xffffffef][0xffffffa5][0xffffff94](f)Q[0xfffffff0][0xffffff94]([0x6])Q[0xffffffd0][0xffffff94](XJ[0x14][0xffffffa7][0xffffff94][0xffffffd8]Q[0xffffffa4]R"[0x2]I[0xffffffa5][0xffffffc4][0xffffff8e]%[0xffffff91][0x12][0x5]N[0xffffff89]b[0xffffff9c][0x12]A[0xffffff9e]tJ[0x8][0xffffff97][0xffffffd2])[0x11][0xffffffd4]J[0xffffffa6]DqI[0xffffff89][0xfffffff2][0xffffffd3])[0xffffffa1][0x16]g[0xffffffaf]Q[0xffffffb1][0xffffffbd][0x12][0xfffffff8][0xffffffe2][0xffffffec]e[0xffffffb0]8{[0xffffff89][0xffffffed][0xffffffae][0xffffff89][0xffffff80]c[0xffffff8b][0xffffffb3]W[0xffffffd8][0xffffffdf]J[0xffffffa6][0xffffff84][0xffffffc9][0xffffffe2]l[0x9]$[0xffffff93][0x12][0x6][0xffffff8b][0xffffffb3][0x3][0xffffff9c][0xffffffd9])a[0xffffffbc]8[[0xffffffc9][0xffffff93]M[0x9][0xffffffbf][0xffffffc5][0xffffffd9]J[0xffffffad]\J[0xffffffb8],[0xffffffce][0xffffff8e][0xffffffe2][0xffffffbd][0xffffff90][0x12]jq[0xfffffff6][0xffffff9a][0x7]vW[0x2]_[0xffffff9c][0xffffffbd][0xc][0x16]g/[0xffffffb1][0xffffffdd]5[0x11]plq[0xfffffff6][\n]"
[DEBUG] http-outgoing-1 << "[0xfffffffb][[0xffffffc9][0xffffff94]0Y[0xffffff9c]-[0xffffff81]dR[0xffffffc2]`qv[0xffffff80]3;%[0xffffff8c][0x17]g+y[0xffffffb2])[0xffffffe1][0xffffffb7]8[[0xffffffa9][0xffffff95]K[0x9][0xffffff97][0xffffffc5][0xffffffd9]Q[0xffffffbc]/[0xffffffa7]D[0xffffffbd][0xffffffdd][0xffffffe2][0xf][0x1c][0xffffffe3]v[0xffffffa3][0xffffffb6]]]]><![CDATA[>[0xffffffce][0xffffff83][0xffffffa6][0xffffffc4][0xfffffffb][0x9][0xffffffd8][0xffffff94][0xfffffff8]<[0x3][0xffffff91][0x12][0xffffffef]O'R[0xffffffe2][0xfffffffb][0xffffff93][0x1d]RB[0xffffffa1]H[0xffffffa4][0xffffff84][0x6][0xffffff92]H[0x9][0xffffff85]evJD8sS""[0xffffffea][0xffffff93][0x12]R[0xffffff9e]dJ<q)[0xffffff99][0x12]R[0xffffffad]TJ[0x8][0xffffffd3]2)![0xffffffc4]{)%[0xffffffaa]YJT<%[0xffffffaa]AJT4%*[0xffffff96][0x12][0xffffffd5])%v[0x14][0xffffffa9][0xffffff94][0xffffff88]@R)[0xffffffb1]cI[0xffffffa4]D[0xffffff85]S[0xffffffa2][0x1a][0xffffffa7]D[0xffffff90]'[0xffffff9d][0x12][0xffffffc2][0xffffffa5]tJ[0x4][0xffffffb5][0xffffff92])Q]R[0xffffffa2][0xfffffffe]tJ[0xffffff88]op[0xffffff8c][[0xffffffa3]>[0xffffffe7][0xfffffff5]8[0xf][0xffffff9c][0x12][0xfffffffc]78>[0xffffffcf][0xffffffc0][0xffffffa4][0x4][0xfffffff5][\r][0xffffff8e][0xffffffef]O[0xfffffff6]H[0x9][0xffffff8f]oph [0xffffff99][0xffffff94][0xffffffe0][0xffffffbf][0xffffffc1][0x11][0xffffffe1][0xffffffcc]N[0x9][0xffffffdf]opHy[0xffffffb2])a[0xfffffff7][\r][0xe][0xffffffa9]V.%L[0xffffffbe][0xffffffc1]![0xffffffc4]{)%[0xffffffc4][0xf][0x1c]hJ[0xffffffd0]?p[0x1c][0x6]?p[0x1c][0xfffffff1]-\*[0xffffffe0][0xffffffd4][0xf][0x1c][0xffffff87][0xffffffd3][0xf][0x1c][0x11]E*%\~[0xffffffe0][0xffffff88]X[0x12])[0xffffffc1][0xfffffffe][0xffffffc0][0xffffffb1]#[0xffffffea][0xffffff95][0x12]f?pH[0xffffff97][0xffffffd2])a[0xfffffff4][0x3]G0-[0xffffff97][0x12]?[0xffffffff][0x3][0xffffff87]XQ5[0xffffff8e][0xffffffb5][0xffffffa0]op<[0xffffffce][0x3][0xffffffa7][0x4][0xffffffbf][0xffffffa2][0xffffffea][0xfffffff3][0xc]LJP+[0xffffffaa][0xffffffbe]?[0xffffffd9]#%<VTi [0xffffff99][0xffffff94][0xffffffe0]WTE8[0xffffffb3]S[0xffffffc2]wE[0xffffff95][0xffffff94]'[0xffffff9b][0x12]v+[0xffffffaa][0xffffffa4]Z[0xffffffb9][0xffffff94]0YQ%[0xffffffc4]{)%[0xffffffe2][[0x9]6%[0xffffffe8][0xffffffb7][0x12][0xffffffc3][0xffffffe0][0xffffffad][0xffffffc4][0xffffff88][0xffffffe9][0xffffff9c][\n]"
[DEBUG] http-outgoing-1 << "8[0xfffffff5]Vb8[0xffffffbd][0xffffff95][0xffffff88](R)[0xffffffe1][0xfffffff2]V"bI[0xffffffa4][0x4][0xfffffffb]VbG[0xffffffd4]+%[0xffffffcc][0xffffffde]JH[0xffffff97][0xffffffd2])a[0xfffffff4]V"[0xffffff98][0xffffff96]K[0xffffff89][0xffffff9f][0x7f]+![0xffffffb6]][0xffffff8e]r[0xffffff9b][0xffffff8d]J[0x9]z[0xffffffdb][0xffffffe5][0xfffffffb][0x9][0xffffffe8][0xffffff94] [0xffffffb7]][0xffffffbe]?[0xffffff9d]I[0x9][0xffffffa3]m[0xffffff97][\n]"
[DEBUG] http-outgoing-1 << "E&%\[0xffffffb6]]*,[0xfffffff3]S[0xffffff82][0xffffffdd]v[0x19][0x11]uJ[0x9][0xffffffb3]m[0xffffff97]O\[0xffffffca][0xffffffa6][0xffffff84][0xffffffd1][0xffffffb6]KaZ*%~~[0xffffffdb]e[0xffffffbd][0xffffff89][0x15]U[0xffffffa3][0xffffffdc][0xffffffff][0xf][0xffffff95][0x12][0xfffffff4][0xffffff8a][0xffffffaa][0xfffffff7][0x13][0xffffffd0])A[0xffffffae][0xffffffa8]z[0x7f]:[0xffffff93][0x12]F+[0xffffffaa][0x14][0xffffff8a]LJ[0xffffffb8][0xffffffac][0xffffffa8]RX[0xffffffe6][0xffffffa7][0x4][0xffffffbb][0xffffffa2]*"[0xffffffea][0xffffff94][0x12]f+[0xffffffaa][0xffffff9e][0xffffffb8][0xffffff94]M[0x9][0xffffffa3][0x15]U[0xffffffc2][0xffffffb4]TJ[0xfffffffc][0xfffffffc][0xffffff8a][0xffffffaa]z[0x13]+[0xffffffaa][0xffffffee])1[0xffffffa0]/[0xffffff83]>[0xffffffce][0x3][0xffffffa7][0x4][0xffffffbf][0xffffffa2][0xffffffea][0xfffffff3][0xc]LJP+[0xffffffaa][0xffffffbe]?[0xffffffd9]#%<VTi [0xffffff99][0xffffff94][0xffffffe0]WTE8[0xffffffb3]S[0xffffffc2]wE[0xffffff95][0xffffff94]'[0xffffff9b][0x12]v+[0xffffffaa][0xffffffa4]Z[0xffffffb9][0xffffff94]0YQ%[0xffffffc4][0xfffffffb]zJ[0x1c]7[0xffffff99][0x12]kA)[0xfffffff1]v[0x1e]6%[0x1e]'[0xffffff80]S[0xffffffe2][0xfffffffb][0x19][0xffffff90][0xffffff94]x<[0x1d]I[0xffffff89]oO[0xffffffb6]H[0x9][0xffffff81]"[0xffffff92][0x12][0x12]H$%[0x4][0xffffff96][0xffffffe9])[0x11][0xffffffe0]LN[0xffffff89][0xffffff80][0xffffffa8]QJ(y[0xffffffa2])[0xffffffa1]][0xffffff8a][0xffffffa6][0xffffff84]R+[0xffffff96][0x12][0xffffffd1][0xffffffb4]PJD[0xfffffff1]^H[0x9][0xffffffb5]W[0xffffffa2][0xffffffd4][0xffffff93]z+q[0xffffffe0]{%[0xe][0xffffff83][0xffffffbd][0x12][0xffffff87][0x18]~N[0x4][0x1c][0xffffffdb]+q[0xffffff84][0xfffffff1]f2%L[0xfffffff6]JH [0xffffff99][0xffffff94]0[0xffffffd8]+[0x11][0xffffffe0][0xffffffcc]N[0x9][0xffffffe3][0xffffffbd][0x12]J[0xffffff9e]lJ[0xfffffff8][0xffffffed][0xffffff95]Pj[0xffffffe5]R[0xffffffc2]e[0xffffffaf]D[0x14][0xffffffef][0xffffff85][0xffffff94](*%[0xfffffffa][0xffffff8d][0xffffffba]+[0xfffffff1]v[0x1e]8%[0xffffff8a]AJ[0xffffff94][0xffffffc8]{"[0xffffffe0][0x5]K[0xffffff89][0xffffffe2][0xffffff94][0x12][0x11]E&%[0x14][0xffffff90]LJD,[0xfffffff3]Sb[0xffffff87]3;%vD[0xffffff9d]RB[0xffffffc8][0xffffff93]M[0x9][0xffffffe9]R6%[0xffffff84]Z[0xffffffb9][0xffffff94][0x8][0xffffffa6][0xffffffa5]R"[0xffffff88][0xfffffff7]RJ[0xffffffc4]aP6%[0xffffffe0]a[0xffffffd0][0xffffffc7][0x9][0xfffffff8][0xffffff94][0x0][0xffffff87]A[0x1f]O[0xffffffa7]R[0xffffffc2]g[0x18]T[0xffffffa0]H[0xffffffa5][0xffffff84][0xffffffc9]0[0xffffffa8][0xffffffc0][0xffffff92]H[0x9]t[0x18]4 [0xffffffea][0xffffff95][0x12]^[0xffffffc3][0xffffffa0][0xffffffda][0xffffffa5]tJ[0xfffffff8][0xc][0xffffff83]F[0xffffffd3]r)[0xfffffff1][0xffffffd3][0xffffffc3][0xffffffa0][0xfffffff7][0x7f]F3K[0xffffff89][0xffffff86][0xffffffa7]D3H[0xffffff89][0xffffff86][0xffffffa6]D[0xffffffc3]R[0xffffffa2]9[0xffffffa5][0xffffffc4][0xffffff8e]"[0xffffff95][0x12][0x11]H*%v,[0xffffff89][0xffffff94]hpJ4[0xffffffe3][0xffffff94][0x8][0xfffffff2][0xffffffa4]SB[0xffffffb8][0xffffff94]N[0xffffff89][0xffffffa0]V2%[0xffffff9a]KJ[0xffffffb4][0xffffffbf]CJ[0x1c]n[0xffffffbf]p[0x1c][0xfffffffc]O[0x1c][0xfffffff7]#[0xfffffff0]5[0xfffffff1]q[0x8]*'[0xe][0xffffffee]W[0xffffff8e][0xffffffc3][0xffffffea]g[0xffffff8e][0xffffffc0]#U[0x14][0xffffff82]J*)[0x2][0xffffff9b]DS[0x1c][0xfffffff4]O[0x1d][0xffffff87][0xfffffff3]o[0x1d]Q[0xffffffa3]tV([0xffffffab][0xffffffd2]][0x11]%K[0xffffff86][0xffffffc5][0xffffffee]\[0xffffffae],v[0x5]_J[0xffffff8b]b[0xfffffff7][0xffffff8b][0xffffff87][0xffffffc1]O[0x1e][0x16][0xffffffbf]y[0xffffffc0]?z[0xffffff80][0xffffffbf]zx[0xfffffffd][0xffffffec]a[0xfffffff3][0xffffffbb][0xffffff87][0xffffffd1][0xf][0x1f][0x16][0xffffffbf]|[0xffffffe0]?}X[0xffffffff][0xfffffff6][0xffffffe1][0xfffffff7][0xffffffe3][0xffffff87][0xffffffe3][0xffffffaf][0x1f]^?[0x7f][0xfffffff8][0xfffffffc][0xfffffffe][0xfffffff1][0xfffffff7][0xfffffff8][0x1][0xffffffa4]L[0xffffffb7][0xffffffb4][0xffffff98]|ZL[0xffffff87][0xffffffb4][0xffffff98]lZL.-[0xffffffa6]UZ[0xffffffec]<bi[0x11][0xffffffa9][0xffffffc4][0xffffffd2]bg[0x13]I[0xffffff8b]I[0xffffffa7][0xffffffc5]tN[0xffffff8b][0xffffffa0]Q<-[0xffffff84]U[0xfffffff1][0xffffffb4][0x8][0xffffff92]E[0xffffffd3]b[0xffffffda][0xffffffa4][0xffffffc5][0xfffffffc];[0xffffffa4]E[0x1b]fi[0xffffffd1][0x6][0xffffff9e][0x16][0xfffffff7]#[0xfffffff0]i[0xfffffff1]q[0x8]*-[0xffffffee][0xffffff8f][0xffffffa7][0xffffffd2][0xffffffe2][0xfffffffd][0xffffffd1].i[0x11]x[0xffffffa4][0xffffffd2]BPI[0xffffffa5]E`[0xffffff93]H[0xffffff8b][0xffffff8d][0xffffffd0][0xfffffffc][0xffffffb4][0xffffffd8]8[0xfffffff5]J[0xffffff8b][0xffffffa8]Q:-[0xffffff94]U[0xffffffe9][0xffffffb4][0xffffff88][0xffffff92]%[0xffffffd3]bw.[0xffffff97][0x16][0xffffffbb][0xffffff82]/[0xffffffa5]Ew{k[0xffffffd1][0xfffffff9][0xffffffb7][0x16][0xffffffdd][0xffffffe1][0xffffffad]Eg[0xffffffdf]Zt[0xffffffee][0xffffffad]E[0xffffffb7]zk[0x11]x[0xffffffa4][0xffffffd2]BPI[0xffffffa5]E`[0xffffff93]H[0xffffff8b]N[0xffffffbf][0xffffffb5][0xffffffe8][0xffffffce]o-[0xffffffa2]F[0xffffffe9][0xffffffb4]PV[0xffffffa5][0xffffffd3]"J[0xffffff96]L[0xffffff8b][0xffffffdd][0xffffffb9]\Z[0xffffffec][\n]"
[DEBUG] http-outgoing-1 << "[0xffffffbe][0xffffff94][0x16][0xffffffd3][0xffffffed][0xffffffad][0xffffffc5][0xffffffe4][0xffffffdf]ZL[0xffffff87][0xffffffb7][0x16][0xffffff93]}k1[0xffffffb9][0xffffffb7][0x16][0xffffffd3][0xffffffea][0xffffffad]E[0xffffffe0][0xffffff91]J[0xb]A%[0xffffff95][0x16][0xffffff81]M"-&[0xfffffffd][0xffffffd6]b:[0xffffffbf][0xffffffb5][0xffffff88][0x1a][0xffffffa5][0xffffffd3]BY[0xffffff95]N[0xffffff8b](Y2-v[0xffffffe7]ri[0xffffffb1]+[0xfffffff8]RZ[0x1c][0xffffffb7]n[0xffffffd6][0x16][0xfffffff7][0x13][0xffffffe1]q[0xfffffff1]v[0x6][0xffffffbe].[0xffffffbe][0xffffff9d][0xffffff82][0xffffffca][0xffffff8b][0xffffffb7][0xffffffe7]S}[0xfffffff1][0xfffffff1]l[0xffffff97][0xffffffc0][0xffffff88]PR[0xffffff85][0xffffffa1][0xffffffd0][0xffffffa4][0x12]#[0x2]J4[0xffffffc6][0xffffff8e]i~d[0xffffffec][0xffffffb0]zU[0xffffff86][0x10]*[0xffffff9d][0x19][0xffffffd2][0xffffffaf]tg[0x8][0xffffffdd][0xffffff92][0xffffffa1][0x11][0xffffffec][0xffffffcb][0xffffff95]F[0xffffff90][0xfffffff1][0xffffffb5][0xffffffd4][0xffffffb0][0x1b][0x19]9[0xc]fF[0xe][0xffffff8b][0xffffffa1][0xffffff91]#^h[0xffffffce][0xffffff85][0x1d][0x1c][0x1b]9[0xffffffbc][0xffffffe6]F"[0xffffff94]Xj[0x18]M[0xffffff8e]D@[0xffffff91][0xffffffd4][0xffffffc0]gGvX[0xffffffcd]R[0xffffffc3]ozD[0xfffffffa][0x15]O[\r][0xffffffaf][0xfffffff9][0xffffff91]`_05~f[0xffffff82][0xffffffa4]=[0xfffffffe])[0xffffffa5][0xffffff8b][0xffffffc5][0xffffffde][0xffffffbd][0xffffffaf]3=4>[0xffffffcf]Ce[0xffffffc6][0xffffff97][0x13]`[0xffffff91][0xffffffb1][0xffffff9d]!91[0xffffffbe]<=90~[0xfffffffd]d8/[0xffffff9e][0xffffffa2][0xffffff98][0x1c][0x17]?[0x0]29-[0xffffff9e]b[0xffffff99][0x18][0x16]O[0xffffffe0]L[0xffffffcb][0xffffff8a]'[0xffffff88]ZD[0xffffffc5]syBI[0xfffffff1]#[0xffffff97]BA[0xfffffff1]\[0xffffffad]@N<3mzL<[0x13][0xffffffef][0xffffff85][0xffffff94][0x18]*%[0xffffffc6][0xffffff89][0xffffffa5][0xffffffc4][0xffffffc0]Sb[0x18][0xffffffa4][0xffffffc4][0xffffff88][0xffffffbc]'[0x2]>[0xffffffb0][0xffffff94][0x18]N)[0x11]QdRB[0x1][0xffffffc9][0xffffffa4]D[0xffffffc4]2?%v8[0xffffffb3]SbG[0xffffffd4])%[0xffffff84]<[0xffffffd9][0xffffff94][0xffffff90].eSB[0xffffffa8][0xffffff95]K[0xffffff89]`Z*%[0xffffff82]x/[0xffffffa4][0xffffffc4][0x14])1[0xffffffea][0xffffffaa]TJL<%[0xffffffa6]AJ[0xffffffcc][0xffffffc8]{"[0xffffffe0][0x13]K[0xffffff89][0xffffffe9][0xffffff94][0x12][0x11]E&%[0x14][0xffffff90]LJD,[0xfffffff3]Sb[0xffffff87]3;%vD[0xffffff9d]RB[0xffffffc8][0xffffff93]M[0x9][0xffffffe9]R6%[0xffffff84]Z[0xffffffb9][0xffffff94][0x8][0xffffffa6][0xffffffa5]R"[0xffffff88][0xfffffff7]BJ,[0xffffff95][0x12]g_TJ,<%[0xffffff96]AJ[0xffffffac][0xffffffc8]{"[0xffffffe0][0xb]K[0xffffff89][0xffffffe5][0xffffff94][0x12][0x11]E&%[0x14][0xffffff90]LJD,[0xfffffff3]Sb[0xffffff87]3;%vD[0xffffff9d]RB[0xffffffc8][0xffffff93]M[0x9][0xffffffe9]R6%[0xffffff84]Z[0xffffffb9][0xffffff94][0x8][0xffffffa6][0xffffffa5]R"[0xffffff88][0xfffffff7][0xfffffff5][0xffffff94][0xffffffa8]7[0xffffff95][0x12]kL(%[0xffffffde][0xffffffce][0xffffffc3][0xffffffa6][0xffffffc4][0xffffffe3][0x4]pJ|?[0x3][0xffffff92][0x12][0xffffff8f][0xffffffa7]#)[0xfffffff1][0xffffffed][0xffffffc9][0x16])!PDRB[0x2][0xffffff89][0xffffffa4][0xffffff84][0xffffffc0]2=%[0x2][0xffffff9c][0xffffffc9])[0x11][0x10]5J[0x9]%O4%[0xffffffb4]K[0xffffffd1][0xffffff94]Pj[0xffffffc5]R"[0xffffff9a][0x16]J[0xffffff89]([0xffffffde][0xb])q[0xffffff88][0xffffff94]8[0xffffff8f]I[0xffffffbd][0xffffff95]x;[0xf][0xffffff9c][0x12][0xffffff87]AJ[0x1c][0xffffff91][0xfffffff7]D[0xffffffc0][0xf],%[0xe][0xffffffa7][0xffffff94][0xffffff88](2)[0xffffffa1][0xffffff80]dR"b[0xffffff99][0xffffff9f][0x12];[0xffffff9c][0xffffffd9])[0xffffffb1]#[0xffffffea][0xffffff94][0x12]B[0xffffff9e]lJH[0xffffff97][0xffffffb2])![0xffffffd4][0xffffffca][0xffffffa5]D0-[0xffffff95][0x12]A[0xffffffbc][0x17]R[0xffffffa2][0xffffffa8][0xffffff94][0xffffffa8][0xffffffb3]S)Q[0xfffffff0][0xffffff94]([0x6])Q"[0xffffffef][0xffffff89][0xffffff80][0x17],%[0xffffff8a]SJD[0x14][0xffffff99][0xffffff94]P@2)[0x11][0xffffffb1][0xffffffcc]O[0xffffff89][0x1d][0xffffffce][0xffffffec][0xffffff94][0xffffffd8][0x11]uJ[0x9]!O6%[0xffffffa4]K[0xffffffd9][0xffffff94][0x10]j[0xffffffe5]R"[0xffffff98][0xffffff96]J[0xffffff89] [0xffffffde][0xb])QUJ4.%*[0xffffff9e][0x12][0xffffffd5] %j[0xffffffe4]=[0x11][0xfffffff0][0xffffff8a][0xffffffa5]DuJ[0xffffff89][0xffffff88]"[0xffffff93][0x12][\n]"
[DEBUG] http-outgoing-1 << "H&%"[0xffffff96][0xfffffff9])[0xffffffb1][0xffffffc3][0xffffff99][0xffffff9d][0x12];[0xffffffa2]N)![0xffffffe4][0xffffffc9][0xffffffa6][0xffffff84]t)[0xffffff9b][0x12]B[0xffffffad]\J[0x4][0xffffffd3]R)[0x11][0xffffffc4]{!%[0xffffff9a]J[0xffffff89]^nTJ4<%[0xffffff9a]AJ[0xffffffb4][0xffffffc8]{"[0xffffffe0][\r]K[0xffffff89][0xffffffe6][0xffffff94][0x12][0x11]E&%[0x14][0xffffff90]LJD,[0xfffffff3]Sb[0xffffff87]3;%vD[0xffffff9d]RB[0xffffffc8][0xffffff93]M[0x9][0xffffffe9]R6%[0xffffff84]Z[0xffffffb9][0xffffff94][0x8][0xffffffa6][0xffffffa5]R"[0xffffff88][0xfffffff7]BJ[0xffffffa8][0x15]Ug[0x1f][0xffffff85]J[0x9]|EU5XQU[0xffffffc5][0x1e][0xffffff95]D[0xffffffc0][0xffffffb1][0x15]U5lJ!S[0xffffffc2]dE[0xffffff95][0x4][0xffffff92]I[0x9][0xffffff83][0x15]U[0x1][0xffffffce][0xffffffec][0xffffff94]0^Q[0xffffffa5][0xffffffe4][0xffffffc9][0xffffffa6][0xffffff84][0xffffffdf][0xffffff8a]*[0xffffffa5]V.%\VTE[0xfffffff1]^H[0x9][0xffffffb5][0xffffffa2][0xffffffea][0xffffffec][0xb][0xffffffbb]v[0xffffff89][0xffffffaf][0xffffffa8][0xffffffaa][0x6]+[0xffffffaa][0xffffffaa][0xffffffd8][0xffffffa3][0xffffff92][0x8]8[0xffffffb6][0xffffffa2][0xffffffaa][0xffffff86]M)dJ[0xffffff98][0xffffffac][0xffffffa8][0xffffff92]@2)a[0xffffffb0][0xffffffa2]*[0xffffffc0][0xffffff99][0xffffff9d][0x12][0xffffffc6]+[0xffffffaa][0xffffff94]<[0xffffffd9][0xffffff94][0xfffffff0][Q[0xffffffa5][0xffffffd4][0xffffffca][0xffffffa5][0xffffff84][0xffffffcb][0xffffff8a][0xffffffaa]([0xffffffde][0xb])q[0xffffffaa][0xffffff94][0x18][\r]{+q[0xffffffe2])q[0x1a][0xffffffa4][0xffffffc4][0x19]yO[0x4][0xfffffffc][0xffffffc4]R[0xffffffe2]tJ[0xffffff89][0xffffff88]"[0xffffff93][0x12][\n]"
[DEBUG] http-outgoing-1 << "H&%"[0xffffff96][0xfffffff9])[0xffffffb1][0xffffffc3][0xffffff99][0xffffff9d][0x12];[0xffffffa2]N)![0xffffffe4][0xffffffc9][0xffffffa6][0xffffff84]t)[0xffffff9b][0x12]B[0xffffffad]\J[0x4][0xffffffd3]R)[0x11][0xffffffc4]{!%[0xffffffd4][0xffffffb6][0xffffffcb][0xfffffff3]\[0xffffffd8]^[0x9]|[0xffffffdb]e5[0xffffffd8]vY[0xffffffc5]J[0xffffffb6]D[0xffffffc0][0xffffffb1]m[0xffffff97]5,]#S[0xffffffc2]d[0xffffffdb][0xffffffa5][0x4][0xffffff92]I[0x9][0xffffff83]m[0xffffff97][0x1][0xffffffce][0xffffffec][0xffffff94]0[0xffffffde]v[0xffffffa9][0xffffffe4][0xffffffc9][0xffffffa6][0xffffff84][0xffffffdf][0xffffffb6]K[0xffffffa5]V.%\[0xffffffb6]]F[0xfffffff1]^H[0x9][0xffffffb5][0xffffffed]r[0x1e][0x15]{+[0xffffff81]o[0xffffffbb][0xffffffac][0x6][0xffffffdb].[0xffffffab]X[0xffffffc9][0xffffff96][0x8]8[0xffffffb6][0xffffffed][0xffffffb2][0xffffff86][0xffffffa5]kdJ[0xffffff98]l[0xffffffbb][0xffffff94]@2)a[0xffffffb0][0xffffffed]2[0xffffffc0][0xffffff99][0xffffff9d][0x12][0xffffffc6][0xffffffdb].[0xffffff95]<[0xffffffd9][0xffffff94][0xfffffff0][0xffffffdb]v[0xffffffa9][0xffffffd4][0xffffffca][0xffffffa5][0xffffff84][0xffffffcb][0xffffffb6][0xffffffcb]([0xffffffde][0xffffffd7]S[0xffffffa2][0xffffffa9][0x15]Us[0xffffffdc][0xffffffa8][0xffffff94]h[0xfffffff8][0xffffff8a][0xffffffaa]f[0xffffffb0][0xffffffa2][0xffffffaa][0xffffff89]=*y[0xffffff80]7lEU[0xb][0xffffff9b]R[0xffffffc0][0xffffff94][0x10](")![0xffffff81]DRB`[0xffffff99][0xffffff9e][0x12][0x1][0xffffffce][0xffffffe4][0xffffff94][0x8][0xffffff88][0x1a][0xffffffa5][0xffffff84][0xffffff92]'[0xffffff9a][0x12][0xffffffda][0xffffffa5]hJ([0xffffffb5]b)[0x11]M[0xb][0xffffffa5]D[0x14][0xffffffef][0xffffff85][0xffffff94]([0xffffffbf][0xffffff94][0xffffff98][0x12][0xffffffab][0x1f]TJ[0xffffffdc][0xffffffcf][0x3][0xffffffa7][0xffffffc4][0xffffffdb][0x9][0xffffffe8][0xffffff94][0xfffffff8]v[0x6]&%[0xffffffde][0xffffff9e][0xffffffce][0xffffffa4][0xffffffc4][0xffffffc7][0xffffff93]=R"[0xffffffa2][0xffffffc8][0xffffffa4][0xffffff84][0x2][0xffffff92]I[0xffffff89][0xffffff88]e~J[0xffffffec]pf[0xffffffa7][0xffffffc4][0xffffff8e][0xffffffa8]SJ[0x8]y[0xffffffb2])!][0xffffffca][0xffffffa6][0xffffff84]P+[0xffffff97][0x12][0xffffffc1][0xffffffb4]TJ[0x4][0xfffffff1]^J[0xffffff89]j[0xffffff96][0x12][0x15]O[0xffffff89]j[0xffffff90][0x12][0x15]M[0xffffff89][0xffffff8a][0xffffffa5]DuJ[0xffffff89][0x1d]E*%"[0xffffff90]TJ[0xffffffec]X[0x12])Q[0xffffffe1][0xffffff94][0xffffffa8][0xffffffc6])[0x11][0xffffffe4]I[0xffffffa7][0xffffff84]p)[0xffffff9d][0x12]A[0xffffffad]dJT[0xffffff97][0xffffff94][0xffffffa8]?[0xffffff9d][0x12]j[0xffffffdb][0xffffffe5][0xffffffaa][0xffffff83][0xffffffda]v[0xffffffd9][0xfffffff0]m[0xffffff97][0xffffffcd]`[0xffffffdb]e[0x13]+[0xffffffd9][0x12][0x1][0xffffffc7][0xffffffb6]][0xffffffb6][0xffffffb0]t[0xffffff8d]L[0x9][0xffffff93]m[0xffffff97][0x12]H&%[0xc][0xffffffb6]][0x6]8[0xffffffb3]S[0xffffffc2]x[0xffffffdb][0xffffffa5][0xffffff92]'[0xffffff9b][0x12]~[0xffffffdb].[0xffffff95]Z[0xffffffb9][0xffffff94]p[0xffffffd9]v[0x19][0xffffffc5]{!%[0xffffff9a]J[0xffffff89]v[0xffffff9e]TJ4<%[0xffffff9a]AJ[0xffffffb4][0xffffffc8]{"[0xffffffe0][\r]K[0xffffff89][0xffffffe6][0xffffff94][0x12][0x11]E&%[0x14][0xffffff90]LJD,[0xfffffff3]Sb[0xffffff87]3;%vD[0xffffff9d]RB[0xffffffc8][0xffffff93]M[0x9][0xffffffe9]R6%[0xffffff84]Z[0xffffffb9][0xffffff94][0x8][0xffffffa6][0xffffffa5]R"[0xffffff88][0xfffffff7]BJ[0xffffffa8]m[0xffffff97]k[0xffffff9d][0xffffff83]J[0x9]|[0xffffffdb]e3[0xffffffd8]v[0xffffffd9][0xffffffc4]J[0xffffffb6]D[0xffffffc0][0xffffffb1]m[0xffffff97]-,]#S[0xffffffc2]d[0xffffffdb][0xffffffa5][0x4][0xffffff92]I[0x9][0xffffff83]m[0xffffff97][0x1][0xffffffce][0xffffffec][0xffffff94]0[0xffffffde]v[0xffffffa9][0xffffffe4][0xffffffc9][0xffffffa6][0xffffff84][0xffffffdf][0xffffffb6]K[0xffffffa5]V.%\[0xffffffb6]]F[0xfffffff1]^H[0x9][0xffffffb1][0xffffffed][0xfffffff2][0xffffffbc]q[0xffffffc3][0xffffffa0][\r][0xffffffdf]v[0xffffffd9][0xc][0xffffffb6]]6[0xffffffb1][0xffffff92]-[0x11]pl[0xffffffdb]e[0xb]K[0xffffffd7][0xffffffc8][0xffffff94]0[0xffffffd9]v)[0xffffff81]dR[0xffffffc2]`[0xffffffdb]e[0xffffff80]3;%[0xffffff8c][0xffffffb7]]*y[0xffffffb2])[0xffffffe1][0xffffffb7][0xffffffed]R[0xffffffa9][0xffffff95]K[0x9][0xffffff97]m[0xffffff97]Q[0xffffffbc][0x17]RBl[0xffffffbb]<o[0xfffffffd][0xffffffa0]VT5|[0xffffffdb]e3[0xffffffd8]v[0xffffffd9][0xffffffc4]J[0xffffffb6]D[0xffffffc0][0xffffffb1]m[0xffffff97]-,]#S[0xffffffc2]d[0xffffffdb][0xffffffa5][0x4][0xffffff92]I[0x9][0xffffff83]m[0xffffff97][0x1][0xffffffce][0xffffffec][0xffffff94]0[0xffffffde]v[0xffffffa9][0xffffffe4][0xffffffc9][0xffffffa6][0xffffff84][0xffffffdf][0xffffffb6]K[0xffffffa5]V.%\[0xffffffb6]]F[0xfffffff1]^H[0x9][0xffffffb1][0xffffffed][0xfffffff2][0xffffffbc][\r].%[0xfffffff0]m[0xffffff97][0xffffffcd]`[0xffffffdb]e[0x13]+[0xffffffd9][0x12][0x1][0xffffffc7][0xffffffb6]][0xffffffb6][0xffffffb0]t[0xffffff8d]L[0x9][0xffffff93]m[0xffffff97][0x12]H&%[0xc][0xffffffb6]][0x6]8[0xffffffb3]S[0xffffffc2]x[0xffffffdb][0xffffffa5][0xffffff92]'[0xffffff9b][0x12]~[0xffffffdb].[0xffffff95]Z[0xffffffb9][0xffffff94]p[0xffffffd9]v[0x19][0xffffffc5]{!%[0xffffffc4][0xffffffb6][0xffffffcb]{J[0xc],%[0xfffffff0]m[0xffffff97][0xffffffcd]`[0xffffffdb]e[0x13]+[0xffffffd9][0x12][0x1][0xffffffc7][0xffffffb6]][0xffffffb6][0xffffffb0]t[0xffffff8d]L[0x9][0xffffff93]m[0xffffff97][0x12]H&%[0xc][0xffffffb6]][0x6]8[0xffffffb3]S[0xffffffc2]x[0xffffffdb][0xffffffa5][0xffffff92]'[0xffffff9b][0x12]~[0xffffffdb].[0xffffff95]Z[0xffffffb9][0xffffff94]p[0xffffffd9]v[0x19][0xffffffc5][0xfffffffb]zJ[0xfffffff4][0xffffff9b]J[0xffffff89]{L@)[0xfffffff1]v[0x1e]6%[0x1e]'[0xffffff80]S[0xffffffe2][0xfffffffb][0x19][0xffffff90][0xffffff94]x<[0x1d]I[0xffffff89]oO[0xffffffb6]H[0x9][0xffffff81]"[0xffffff92][0x12][0x12]H$%[0x4][0xffffff96][0xffffffe9])[0x11][0xffffffe0]LN[0xffffff89][0xffffff80][0xffffffa8]QJ(y[0xffffffa2])[0xffffffa1]][0xffffff8a][0xffffffa6][0xffffff84]R+[0xffffff96][0x12][0xffffffd1][0xffffffb4]PJD[0xfffffff1]^H[0x9][0xffffffb1]8[0xfffffffb][0xffffff9e][0x12][0xffffff8f]c")[0xffffff81]/[0xffffffce][0xffffffee][0x6][0xffffff8b][0xffffffb3][0xffffffbb][0xffffffd8][0xffffffee][0xffffff9a][0x8]8[0xffffffb6]8[0xffffffbb][0xffffff87][0xfffffffd][0xffffffad]dJ[0xffffff98],[0xffffffce][0xffffff96]@2)a[0xffffffb0]8;[0xffffffc0][0xffffff99][0xffffff9d][0x12][0xffffffc6][0xffffff8b][0xffffffb3][0xffffff95]<[0xffffffd9][0xffffff94][0xfffffff0][[0xffffff9c][0xffffffad][0xffffffd4][0xffffffca][0xffffffa5][0xffffff84][0xffffffcb][0xffffffe2][0xffffffec]([0xffffffde][0xb])Q~9bJ[0xffffffac]~[0xffffffa3]R[0xffffffe2]~[0x1e]8%[0xffffffde]N@[0xffffffa7][0xffffffc4][0xffffffb7]30)[0xfffffff1][0xfffffff6]t&%>[0xffffff9e][0xffffffec][0xffffff91][0x12][0x11]E&%[0x14][0xffffff90]LJD,[0xfffffff3]Sb[0xffffff87]3;%vD[0xffffff9d]RB[0xffffffc8][0xffffff93]M[0x9][0xffffffe9]R6%[0xffffff84]Z[0xffffffb9][0xffffff94][0x8][0xffffffa6][0xffffffa5]R"[0xffffff88][0xfffffff7]BJ[0xffffff88]m[0xffffff97][0xffffffe7]Q[0xb][0xffffffb5][0xffffffed][0xffffffb2][0xffffffe3][0xffffffdb].[0xffffffbb][0xffffffc1][0xffffffb6][0xffffffcb].V[0xffffffb2]%[0x2][0xffffff8e]m[0xffffffbb][0xffffffec]a[0xffffffe9][0x1a][0xffffff99][0x12]&[0xffffffdb].%[0xffffff90]LJ[0x18]l[0xffffffbb][0xc]pf[0xffffffa7][0xffffff84][0xfffffff1][0xffffffb6]K%O6%[0xfffffffc][0xffffffb6]]*[0xffffffb5]r)[0xffffffe1][0xffffffb2][0xffffffed]2[0xffffff8a][0xfffffff7]BJ4[0xffffff95][0x12][0xfffffffd]hTJ4"
[DEBUG] http-outgoing-1 << "<%[0xffffff9a]AJ[0xffffffb4][0xffffffc8]{"[0xffffffe0][\r]K[0xffffff89][0xffffffe6][0xffffff94][0x12][0x11]E&%[0x14][0xffffff90]LJD,[0xfffffff3]Sb[0xffffff87]3;%vD[0xffffff9d]RB[0xffffffc8][0xffffff93]M[0x9][0xffffffe9]R6%[0xffffff84]Z[0xffffffb9][0xffffff94][0x8][0xffffffa6][0xffffffa5]R"[0xffffff88][0xfffffff7]BJ[0xffffff88]m[0xffffff97][0xffffffe7]1[0xffffffe7][0xffffffa2]R[0x2][0xffffffdf]v[0xffffffd9][\r][0xffffffb6]]v[0xffffffb1][0xffffff92]-[0x11]pl[0xffffffdb]e[0xf]K[0xffffffd7][0xffffffc8][0xffffff94]0[0xffffffd9]v)[0xffffff81]dR[0xffffffc2]`[0xffffffdb]e[0xffffff80]3;%[0xffffff8c][0xffffffb7]]*y[0xffffffb2])[0xffffffe1][0xffffffb7][0xffffffed]R[0xffffffa9][0xffffff95]K[0x9][0xffffff97]m[0xffffff97]Q[0xffffffbc][0x17]RBm[0xffffffbb],[0xffffffc7][0xffffff8d][0xfffffffa][0x6]G[0xffffffc7][0xffffffb7]]v[0xffffff83]m[0xffffff97]][0xffffffac]dK[0x4][0x1c][0xffffffdb]v[0xffffffd9][0xffffffc3][0xffffffd2]52%L[0xffffffb6]]J [0xffffff99][0xffffff94]0[0xffffffd8]v[0x19][0xffffffe0][0xffffffcc]N[0x9][0xffffffe3]m[0xffffff97]J[0xffffff9e]lJ[0xfffffff8]m[0xffffffbb]Tj[0xffffffe5]R[0xffffffc2]e[0xffffffdb]e[0x14][0xffffffef][0xffffffa5][0xffffff94](f)Q[0xfffffff0][0xffffff94]([0x6])Q[0xffffffd0][0xffffff94](XJ[0x14][0xffffffa7][0xffffff94][0xffffffd8]Q[0xffffffa4]R"[0x2]I[0xffffffa5][0xffffffc4][0xffffff8e]%[0xffffff91][0x12][0x5]N[0xffffff89]b[0xffffff9c][0x12]A[0xffffff9e]tJ[0x8][0xffffff97][0xffffffd2])[0x11][0xffffffd4]J[0xffffffa6]DqI[0xffffff89][0xfffffff2][0xffffffd3])[0xffffffa1][0x16]g[0xffffff97]^[0x1b][0xffffff95][0x12][0xfffffff8][0xffffffe2][0xffffffec]n[0xffffffb0]8[0xffffffbb][0xffffff8b][0xffffffed][0xffffffae][0xffffff89][0xffffff80]c[0xffffff8b][0xffffffb3]{[0xffffffd8][0xffffffdf]J[0xffffffa6][0xffffff84][0xffffffc9][0xffffffe2]l[0x9]$[0xffffff93][0x12][0x6][0xffffff8b][0xffffffb3][0x3][0xffffff9c][0xffffffd9])a[0xffffffbc]8[[0xffffffc9][0xffffff93]M[0x9][0xffffffbf][0xffffffc5][0xffffffd9]J[0xffffffad]\J[0xffffffb8],[0xffffffce][0xffffff8e][0xffffffe2][0xffffffbd][0xffffff90][0x12]jq[0xfffffff6][0xfffffffd][0x7f][0x15]*%[0xfffffff0][0xffffffc5][0xffffffd9][0xffffffdd]`qv[0x17][0xffffffdb]][0x13][0x1][0xffffffc7][0x16]g[0xfffffff7][0xffffffb0][0xffffffbf][0xffffff95]L[0x9][0xffffff93][0xffffffc5][0xffffffd9][0x12]H&%[0xc][0x16]g[0x7]8[0xffffffb3]S[0xffffffc2]xq[0xffffffb6][0xffffff92]'[0xffffff9b][0x12]~[0xffffff8b][0xffffffb3][0xffffff95]Z[0xffffffb9][0xffffff94]pY[0xffffff9c][0x1d][0xffffffc5]{!%[0xffffffd4][0xffffffe2][0xffffffec]z`[0x1f][0x19][0xffffffef][0xfffffff8][0xffffffe2][0xffffffec]n[0xffffffb0]8[0xffffffbb][0xffffff8b][0xffffffed][0xffffffae][0xffffff89][0xffffff80]c[0xffffff8b][0xffffffb3]{[0xffffffd8][0xffffffdf]J[0xffffffa6][0xffffff84][0xffffffc9][0xffffffe2]l[0x9]$[0xffffff93][0x12][0x6][0xffffff8b][0xffffffb3][0x3][0xffffff9c][0xffffffd9])a[0xffffffbc]8[[0xffffffc9][0xffffff93]M[0x9][0xffffffbf][0xffffffc5][0xffffffd9]J[0xffffffad]\J[0xffffffb8],[0xffffffce][0xffffff8e][0xffffffe2]}=%[0xffffff86]Z[0xffffff9c]]k[0xffffffa7][0xfffffff6]J[0xc]|q[0xfffffff6]0X[0xffffff9c]=[0xffffffc4]v[0xffffffd7]<[0xffffffc0][0x7][0xffffffb6]8{[0xffffff84][0xfffffffd][0xffffffad]`J[0x8][0x14][0xffffff91][0xffffff94][0xffffff90]@")![0xffffffb0]LO[0xffffff89][0x0]grJ[0x4]D[0xffffff8d]RB[0xffffffc9][0x13]M[0x9][0xffffffed]R4%[0xffffff94]Z[0xffffffb1][0xffffff94][0xffffff88][0xffffffa6][0xffffff85]R"[0xffffff8a][0xfffffff7]BJ[0xffffffa8][0xffffffc5][0xffffffd9][0xfffffff5][0xffffffc4][0xffffffb6]][0xe]|q[0xfffffff6]0X[0xffffff9c]=[0xffffffc4]v[0xffffffd7]D[0xffffffc0][0xffffffb1][0xffffffc5][0xffffffd9]#[0xffffffec]o%S[0xffffffc2]dq[0xffffffb6][0x4][0xffffff92]I[0x9][0xffffff83][0xffffffc5][0xffffffd9][0x1][0xffffffce][0xffffffec][0xffffff94]0^[0xffffff9c][0xffffffad][0xffffffe4][0xffffffc9][0xffffffa6][0xffffff84][0xffffffdf][0xffffffe2]l[0xffffffa5]V.%\[0x16]gG[0xfffffff1]^H[0xffffff89][0xffffffa2]Rbb[0x1f][0x19][0x7f];[0xf][0xffffff9c][0x12][0xffffffc5] %J[0xffffffe4]=[0x11][0xfffffff0][0xffffff82][0xffffffa5]DqJ[0xffffff89][0xffffff88]"[0xffffff93][0x12][\n]"
[DEBUG] http-outgoing-1 << "H&%"[0xffffff96][0xfffffff9])[0xfffffff1][0xffffffff]3w[0xffffffaf][0xffffffab][0xffffff92][0xffffffeb]h[0x12][0xffffff86][0xffffffef]hH[0xffffffc9][0xffffffb6]l[0xffffffdd][0xffffffff][0xffffff8d][0xffffffcd]:[0xffffffd4]a[0xffffffb7]"rC[0xffffffa9]6[0xffffffdf][0x1b][0xfffffff4][0xffffff8f][0xffffff81][0x1e][0xffffffa8]4M[0x10]<xY[0xffffffa1]5[0xffffff9c][0xffffffd5][0xffffff94]X#[0xffffff9a]D[0x9]S[0xffffff9e],%l[0xffffff97][0xffffffb2][0xffffff94]0[0xffffffd5][0xffffffca]QB[0xffffff9a][0xffffff96][0xffffffa2][0xffffff84][0x14][0xffffffef][0x6]%[0xffffffdc]p[0xfffffff6][0xfffffff1]`[0xffffff97][0xffffff8c][0xf]|8{[0x4][0xc]g[0xf][0xffffffb3][0xffffffee]Z[0x18]pl8{[0xffffffc8]~+I[0xffffff89][0xffffff90][0xffffffe1]l[0x1b]H[0xffffff86][0x12][0x1][0xffffffc3][0xffffffd9][0x12][0xffffffce]jJ[0x4][0xf]g[0xffffffbb][0xfffffff2]d)[0xffffff91]7[0xffffff9c][0xffffffed][0xffffffaa][0xffffff95][0xffffffa3]D[0xffffffca]p[0xffffffb6][0x16][0xffffffef][0x6]%NG[0xffffff89][0xffffffd9][0xffffffb0]?p[0xffffff9c]8%[0xffffffce][0x0]J[0xffffff9c][0xffffff9a][0xfffffff7][0xffffffc2][0xffffff80][0xffffff9f][0x18]%[0xffffffce]$Jh[0x14][0x19]J[0xffffffb8]@2[0xffffff94][0xffffffd0]X[0xffffffd6]Sb[\r]g5%[0xffffffd6][0xffffff88]&Q[0xffffffc2][0xffffff94]'K[0x9][0xffffffdb][0xffffffa5],%L[0xffffffb5]r[0xffffff94][0xffffff90][0xffffffa6][0xffffffa5](![0xffffffc5][0xffffffbb]A[0x9]7[0xffffff9c]}[0xffffffcc]A[0xffffff9d][0xffffffe0][0x18][0xfffffff8]p[0xfffffff6][0x8][0x18][0xffffffce][0x1e]f[0xffffffdd][0xffffffb5]0[0xffffffe0][0xffffffd8]p[0xfffffff6][0xffffff90][0xfffffffd]V[0xffffff92][0x12]![0xffffffc3][0xffffffd9]6[0xffffff90][0xc]%[0x2][0xffffff86][0xffffffb3]%[0xffffff9c][0xffffffd5][0xffffff94][0x8][0x1e][0xffffffce]v[0xffffffe5][0xffffffc9]R"o8[0xffffffdb]U+G[0xffffff89][0xffffff94][0xffffffe1]l-[0xffffffde][\r]J[0xffffffb8][0xffffffe1][0xffffffec][0xffffffb3][0xffffffbd][0xffffffb0]?p[0xffffffe0][0xffffffc3][0xffffffd9]#`8{[0xffffff98]u[0xffffffd7][0xffffffc2][0xffffff80]c[0xffffffc3][0xffffffd9]C[0xfffffff6][IJ[0xffffff84][0xc]g[0xffffffdb]@2[0xffffff94][0x8][0x18][0xffffffce][0xffffff96]pVS"x8[0xffffffdb][0xffffff95]'K[0xffffff89][0xffffffbc][0xffffffe1]lW[0xffffffad][0x1c]%R[0xffffff86][0xffffffb3][0xffffffb5]x[0xffffffb7]([0xffffffd1][0xffffffc3]([0x1][0xf]g[0xffffff8f][0xffffff80][0xffffffe1][0xffffffec]a[0xffffffd6]]K[0x3][0xe][\r]g[0xf][0xffffffd9]oe)[0x11]1[0xffffff9c]m[0x3]IQ[0x2][0x1f][0xffffffce][0xffffff96]p[0xffffffd6]S"v8[0xffffffdb][0xffffff95]'M[0xffffff89][0xffffffb4][0xffffffe1]lW[0xffffffad]$%2[0xffffff86][0xffffffb3][0xffffffb5]x7([0xffffffe1][0xffffff86][0xffffffb3][0xffffffcf][0xffffffeb][0xffffffa4][0xffffffd6].[0x7]>[0xffffff9c]=[0x2][0xffffff86][0xffffffb3][0xffffff87]Yw-[0xc]86[0xffffff9c]=d[0xffffffbf][0xffffff95][0xffffffa4]D[0xffffffc8]p[0xffffffb6][\r]$C[0xffffff89][0xffffff80][0xffffffe1]l[0x9]g5%[0xffffff82][0xffffff87][0xffffffb3]]y[0xffffffb2][0xffffff94][0xffffffc8][0x1b][0xffffffce]v[0xffffffd5][0xffffffca]Q"e8[[0xffffff8b]w[0xffffff8b][0x12][0xffffffe6][0xffffffad][0x4]J[0x9][0xfffffffa][0xffffffad][0xffffffc4][0x1d][0xfffffff0]V[0xffffffe2]V:[0xffffff97][0x6][0xffffff9c]z+q'[0xffffffbd][0xffffff95][0xffffffd0](R[0xffffff94]Hy+[0xffffffa1][0xffffffb1]$([0xffffffc1][0xffffffbe][0xffffff95]X#[0xffffff9a]E[0xffffff89][0xffffffb0][0xffffffb7][0x12][0xffffffb6]KiJ[0x4][0xffffffbd][0xffffff95][0xffffff90][0xffffffa6][0xffffffe5]([0xfffffff1]_[0xffffffbc][0xffffff95]x[0xffffffc2]([0xfffffff1][0xffffffe0][0xffffff94]x[0x2]([0xfffffff1][0xffffffa0][0xffffff94]x0J<I[0xffffff94]X[0xffffffa3]HQB[0x3]IQb[0xffffff8d]%A[0xffffff89][0x7][0xffffffa6][0xffffffc4][0x13]L[0x9])O[0xffffff9a][0x12][0xffffffa6]KiJH[0xffffffb5][0xffffff92][0xffffff94]xR([0xfffffff1][0xfffffffc][0x7][0xffffff94][0xffffffe8]3[0xffffffcc][0x12]}[0xffffffe2][0xffffff98][0xfffffff8]x[0x4]^[0x13]?[0x1e][0xffffff82][0xffffffe2][0xffffffc4][0xffffffc7][0xffffffcf]S[0xffffff9e][0xfffffff8][0xfffffffe][0xffffffe9][0x14]PH[0x1e])Q[0xffffff98]TR[0xffffffa4][0xffffff90]l[0x12][0xffffffa6]X[0x12]Z[0xffffff8f][0xffffff8a]%[0xffffffa7]Y[0xffffffaa][0xffffffd0][0x1a][0xffffffa5]Y[0xffffffe1]Z[0xffffff95]v[0xffffff85][0xffffff96],[0x9][0xffffff8b][0xffffffb5]s9Y[0xffffffac][0x15][0xffffffbc]E[0xffffff8b]3[0xffffff8d][0x16]'O[0xffffff8b]3[0xffffff81][0x16]'K[0xffffff8b][0xffffff93][0xffffffa3][0xffffffc5][0x19]E[0xb][0xffffffc9]#E[0xb][0xffffff93]J[0xffffff8a][0x16][0xffffff92]M[0xffffff82][0x16]'M[0xffffff8b]3[0xffffff99][0x16]Z[0xffffffa3]4-\[0xffffffab][0xffffffd2][0xffffffb4][0xffffffd0][0xffffff92]%i[0xffffffb1]v.G[0xffffff8b][0xffffffb5][0xffffff82][0xffffffb7]h1[0xffffffd2][0xffffffbe][0xffffffcb][0x1c][0xfffffffc][0xffffff87][0xffffff99][0x1f][0xffffff8f][0xffffffc0][0xffffffd3][0xffffffe2][0xffffffc7]CP[0xffffffb4][0x18][0xffffffdc][0xffffffb7][0xffffff99]#[0xffffffea][0xffffffe3]L[0xffffffc9]#E[0xb][0xffffff93]J[0xffffff8a][0x16][0xffffff92]M[0xffffff82][0x16][0xffffff83][0xfffffffe]@s$[0x7f][0xffffffa1][0xffffffa9]5J[0xffffffd3][0xffffffc2][0xffffffb5]*M[0xb]-Y[0xffffff92][0x16]k[0xffffffe7]r[0xffffffb4]X+x[0xffffff8b][0x16]w[0xffffffda][0xffffffc7][0x15]7[0xffffffff]u[0xffffffc5][0xffffff9d][0xfffffff0]y[0xffffffc5][0xffffffcd]~_qs[0x1f]X[0xffffffdc]Q_XH[0x1e])Z[0xffffff98]TR[0xffffffb4][0xffffff90]l[0x12][0xffffffb4][0xffffffb8][0xffffffe9][0xffffffaf],[0xffffffee][0xffffffe4][0xffffffcf],[0xffffffb4]FiZ[0xffffffb8]V[0xffffffa5]i[0xffffffa1]%K[0xffffffd2]b[0xffffffed]\[0xffffff8e][0x16]k[0x5]o[0xffffffd1]b[0xffffffb6]0Z[0xffffffcc][0xffffff86][0xffffffd3][0xffffffe2][0xffffffe3][0x11]xZ[0xfffffffc]x[0x8][0xffffff8a][0x16][0x1f]?O[0xffffffd1][0xffffffe2][0xfffffffb][0xffffffa7]Sh!y[0xffffffa4]haRI[0xffffffd1]B[0xffffffb2]I[0xffffffd0]bIh=-[0xffffff96][0xffffff9c]f[0xffffffd1]Bk[0xffffff94][0xffffffa6][0xffffff85]kU[0xffffff9a][0x16]Z[0xffffffb2]$-[0xffffffd6][0xffffffce][0xffffffe5]h[0xffffffb1]V[0xfffffff0][0x16]-[0xffffffda]u[0xffffff85][0xffffffd9][0xffffffe2][0xffffffe3][0xffffff89]p\|>[0x3][0xffffffaf][0xffffff8b][0xffffff9f]OA[0xfffffff1][0xffffffe2][0xfffffff3][0xfffffff7])_[0xfffffffc][0xfffffff8][0xffffffed][0x14]`h()a[0xffffffb8]hR[0xffffffc4][0xffffffd0][0xffffff80][0x12][0xffffffc6]XcZ[0xffffff8f][0xffffff8c]5[0xffffffac]Y[0xffffffca]0[0xffffff85]J3[0xffffffc3][0xfffffff6]+[0xffffffed][0xc]S[0xffffffb7]$4[0xffffffa4]}9iH[0x19]oQ[0xffffffa3][0xffffffbf][0xffffffd2]^c|<[0x11]N[0xffffff8d][0xffffffcf]g[0xffffffe0][0xffffffa9][0xfffffff1][0xfffffff3])(j|[0xfffffffe]>E[0xffffff8d][0x1f][0xffffffbf][0xffffff9d]B[\r][\r]%E[\r][0x17]M[0xffffff8a][0x1a][0x1a]P[0xffffff82][0x1a]kL[0xffffffeb][0xffffffa9][0xffffffb1][0xffffff86]5[0xffffff8b][0x1a][0xffffffa6]Pij[0xffffffd8]~[0xffffffa5][0xffffffa9]a[0xffffffea][0xffffff96][0xffffffa4][0xffffff86][0xffffffb4]/G[\r])[0xffffffe3]Mj[0xffffffdc]q[0xffffffd4][0xffffffb8][0x3][0xffffffa8]qGP[0xffffffe3][0xffffff86][0xffffffa9]q[0xffffff83][0xffffffd4][0xffffffb8][0xffffffb3][0xffffffa8][0xffffffb1][0xffffff86][0xffffff92][0xffffffa3][0xffffff86]F[0xffffff93][0xffffffa3][0xffffffc6][0x1a]P[0xffffff86][0x1a]7N[0xffffff8d];[0xffffff9a][0x1a]R[0xffffffa8]<5L[0xffffffbf][0xfffffff2][0xffffffd4][0xffffff90][0xffffffba]e[0xffffffa9]q[0xffffffe7]P[0xffffffe3][0xffffffde][0xffffffa7][0xffffffc6][0xfffffff5][0xfffffffd][0xffffffaf]<f[0xffffffe8][0xfffffffb]:[0xffffffae]V[0xe][0xffffff8d][0xffffffdf][0xffffffcf]C1[0xffffffe3][0x1f]O[0xffffff80]!cy[0xffffff86]bb[0xfffffffc][0xffffffe3][0xffffffd7][0xffffff8b][0xffffff81][0xfffffff1][0xffffffbf][0xffffffbf][0xc][0xfffffff3][0xffffffe2]m[0x14][0xffffff8b]q[0xfffffff1]/[0xffffff81],[0xffffffa6][0xffffffc5][0xffffffdb]X[0x16][0xffffffc2][0xffffffe2]M8[0xffffffcb]X[0xfffffff1]&[0xffffffa2][0x11][0xffffffa8]x_[0xffffff9e][0x10])[0xfffffffe][0xffffffad]K!P[0xffffffbc][0xffffffaf]V[0xffffff80][0x13][0xffffffef][0xffffff9a][0xffffffb6][0x1c][0x13][0xffffffef][0xffffff8a]w[0xffffff8b][0x12]=[0xffffff8c][0x12][0xffffffd8][0xffffffd0][0xfffffff7]?[0xffffff9e][0xffffff80][0xffffffa7][0x4]2[0xfffffff4][0xfffffffd][0xffffff8f]_[0xffffffa7]([0xffffff91]0[0xfffffff4][0xfffffffd]6[0xffffff8a][0x14]%[0xfffffff0][0xffffffa1][0xffffffef][0xffffffb7][0xffffffb1]$([0x1][\r]}[0xffffffbf][0xffffff89]h[0x16]%R[0xffffff86][0xffffffbe][0xffffffff][0xffffffad]KiJ$[0xc]}[0xffffffbf]kZ[0xffffff8e][0x12][0x7f]1[0xfffffff4][0xfffffffd][0xffffffe3][0xffffffdf][0xffffff98][0xffffffee][0xffffffad][0xffffffc4]u`[0xffffff94][0xffffff98][0xfffffff8][[0xffffff89][0x19][0xfffffff0]Vb*[0xffffff9d][0xb][0x3]>[0xffffffb1][0xffffffb7][0x12]3[0xffffffe9][0xffffffad][0xffffff84]F[0xffffff91][0xffffffa1][0xffffff84][0xb]$C[0x9][0xffffff8d]e=%[0xffffffd6]pVSb[0xffffff8d]h[0x12]%Ly[0xffffffb2][0xffffff94][0xffffffb0]][0xffffffca]R[0xffffffc2]T+G[0x9]iZ[0xffffff8a][0x12]R[0xffffffbc][0x7f]N[0xffffff89][0xfffffffb][0xffffffe5](1[0xffffffef][0x9]Q[0xffffffe2][0xfffffff3]yXJ|=[0x1]L[0xffffff89]_[0xffffffcf][0xffffff80]P[0xffffffe2][0xffffffeb][0xffffffd7][0x11]J[0xfffffffc][0xfffffffc][0xffffffe5][0x8]J[0xffffff98]("[0xffffff94][0xffffffb0][0xffffff81]D(abYN[0x9][0x9]g1%$[0xffffffa2]A[0xffffff94]p[0xffffffe5][0xffffff89]R[0xffffffc2]w)J[0x9]W[0xffffffad][0x18]%[0xffffffb4]i!Jh[0xfffffff1]nP[0xffffffa2][0x19]J[0xffffff8c]6[0x1e][0xffffff8a][0x12][\r][0xffffffa7]D[0xb][0xffffffa0]D[0xffffffd3][0xffffffbc][0x17][0x6][0xffffffbc]a[0xffffff94]hI[0xffffff94][0xffffffd0](2[0xffffff94]p[0xffffff81]d([0xffffffa1][0xffffffb1][0xffffffac][0xffffffa7][0xffffffc4][0x1a][0xffffffce]jJ[0xffffffac][0x11]M[0xffffffa2][0xffffff84])O[0xffffff96][0x12][0xffffffb6]KYJ[0xffffff98]j[0xffffffe5](!MKQB[0xffffff8a]w[0xffffff83][0x12][0xffffffdd]Qb[0xffffff9c]'E[0xffffff89][0xffffff8e]S[0xffffffa2][0x7]P[0xffffffa2]k[0xffffffde][0xb][0x3][0xffffffde]1J[0xfffffff4]$Jh[0x14][0x19]J[0xffffffb8]@2[0xffffff94][0xffffffd0]X[0xffffffd6]Sb[\r]g5%[0xffffffd6][0xffffff88]&Q[0xffffffc2][0xffffff94]'K[0x9][0xffffffdb][0xffffffa5],%L[0xffffffb5]r[0xffffff94][0xffffff90][0xffffffa6][0xffffffa5](![0xffffffc5][0xffffffbb]A[0xffffff89][0xffffffc3]Q[0xffffffe2]9[0x7]E[0xffffff89][0x3][0xffffffa7][0xffffffc4][0x11]@[0xffffff89]C[0xfffffff3]^[0x18][0xfffffff0][0x3][0xffffffa3][0xffffffc4][0xffffff91]D[0x9][0xffffff8d]"C[0x9][0x17]H[0xffffff86][0x12][0x1a][0xffffffcb]zJ[0xffffffac][0xffffffe1][0xffffffac][0xffffffa6][0xffffffc4][0x1a][0xffffffd1]$J[0xffffff98][0xfffffff2]d)a[0xffffffbb][0xffffff94][0xffffffa5][0xffffff84][0xffffffa9]V[0xffffff8e][0x12][0xffffffd2][0xffffffb4][0x14]%[0xffffffa4]x7(q[0x1a]J[0xffffffdc][0xfffffffd][0xfffffff5][0xffffffa2](q[0xffffffe2][0xffffff94]8[0x3](qj[0xffffffde][0xb][0x3]~b[0xffffff94]8[0xffffff93]([0xffffffa1]Qd([0xffffffe1][0x2][0xffffffc9]PBcYO[0xffffff89]5[0xffffff9c][0xffffffd5][0xffffff94]X#[0xffffff9a]D[0x9]S[0xffffff9e],%l[0xffffff97][0xffffffb2][0xffffff94]0[0xffffffd5][0xffffffca]QB[0xffffff9a][0xffffff96][0xffffffa2][0xffffff84][0x14][0xffffffef][0x6]%.K[0xffffff89][0xffffff81][0xffffffbd][0xffffff95][0xffffffb8]pJ\[0x1][0xffffff94][0xffffffb8]4[0xffffffef][0xffffff85][0x1][0xffffffbf]0J\I[0xffffff94][0xffffffd0](2[0xffffff94]p[0xffffff81]d([0xffffffa1][0xffffffb1][0xffffffac][0xffffffa7][0xffffffc4][0x1a][0xffffffce]jJ[0xffffffac][0x11]M[0xffffffa2][0xffffff84])O[0xffffff96][0x12][0xffffffb6]KYJ[0xffffff98]j[0xffffffe5](!MKQB[0xffffff8a]w[0xffffff83][0x12][0xffffffc3]Q[0xffffffe2][0xffffffe8][0xffffffd8][0x9][0xffffff8e][0xffffff81]Sb[0x4]Pbh[0xffffffde][0xb][0x3]>0J[0xffffff8c]$Jh[0x14][0x19]J[0xffffffb8]@2[0xffffff94][0xffffffd0]X[0xffffffd6]Sb[\r]g5%[0xffffffd6][0xffffff88]&Q[0xffffffc2][0xffffff94]'K[0x9][0xffffffdb][0xffffffa5],%L[0xffffffb5]r[0xffffff94][0xffffff90][0xffffffa6][0xffffffa5](![0xffffffc5][0xffffffbb]A[0xffffff89][0xffffffdb]R[0xffffffe2][0xffffffee][0x14]%n[0xffffff9c][0x12]w[0x0]%n[0xffffffcd]{a[0xffffffc0]o[0xffffff8c][0x12]w[0x12]%4[0xffffff8a][0xc]%\ [0x19]Jh,[0xffffffeb])[0xffffffb1][0xffffff86][0xffffffb3][0xffffff9a][0x12]kD[0xffffff93](a[0xffffffca][0xffffff93][0xffffffa5][0xffffff84][0xffffffed]R[0xffffff96][0x12][0xffffffa6]Z9JH[0xffffffd3]R[0xffffff94][0xffffff90][0xffffffe2][0xffffffdd][0xffffffa0][0xffffff84][0x1b][0xffffffce][0xffffffbe][0xffffffcf][0x3][0xffffffa3][0x4]>[0xffffff9c]}[0x7][0xc]g[0xffffffdf]f[0xffffffdd][0xffffffb5]0[0xffffffe0][0xffffffd8]p[0xfffffff6]-[0xfffffffb][0xffffffad]$%B[0xffffff86][0xffffffb3]m [0x19]J[0x4][0xc]gK8[0xffffffab])[0x11]<[0xffffff9c][0xffffffed][0xffffffca][0xffffff93][0xffffffa5]D[0xffffffde]p[0xffffffb6][0xffffffab]V[0xffffff8e][0x12])[0xffffffc3][0xffffffd9]Z[0xffffffbc][0x1b][0xffffff94]pk[0xffffff97][0xfffffff7][0xfffffff5][0xfffffff5][0xffffff98][0x8]%[0xfffffff0][0xffffffb5][0xffffffcb];`[0xffffffed][0xfffffff2]6[0xffffff93]l[0xffffff85][0x1][0xffffffc7][0xffffffd6].o[0x19]]#)[0x11][0xffffffb2]vi[0x3][0xffffffc9]P"`[0xffffffed]R[0xffffffc2]YM[0xffffff89][0xffffffe0][0xffffffb5]KW[0xffffff9e],%[0xfffffff2][0xffffffd6].][0xffffffb5]r[0xffffff94]HY[0xffffffbb][0xffffffd4][0xffffffe2][0xffffffdd][0xffffffa2][0xffffffc4][0x11]F[0xffffff89][0x3][0xffffffa7][0xffffffc4][0x11]@[0xffffff89][0x3][0xffffffa5][0xffffffc4][0xffffff81]Q[0xffffffe2]H[0xffffffa2][0xffffffc4][0x1a]E[0xffffff8a][0x12][0x1a]H[0xffffff8a][0x12]k,[0x9]J[0x1c]0%[0xffffff8e]`JHy[0xffffffd2][0xffffff94]0]JSB[0xffffffaa][0xffffff95][0xffffffa4][0xffffffc4][0xffffff91]B[0xffffff89][0xffffffe3]o)[0xfffffff1][0xffffffb8][0xffffffb5][0xffffffcb][0xffffffe7][0xffffff9c][0x7]D[0xffffff89][0x7]_[0xffffffbb]|[0x2][0xffffffd6].[0x1f]3[0xffffffc9]V[0x17][0xfffffff0][0x7][[0xffffffbb]|dt[\r][0xffffffa4][0xffffff84][0xffffff89]"B[0x9][0x1b]H[0xffffff84][0x12]&[0xffffff96][0xffffffe5][0xffffff94][0xffffff90]p[0x16]SB"[0x1a]D[0x9]W[0xffffff9e](%|[0xffffff97][0xffffffa2][0xffffff94]p[0xffffffd5][0xffffff8a]QB[0xffffff9b][0x16][0xffffffa2][0xffffff84][0x16][0xffffffef][0x6]%[0xffffffdc][0xffffffda][0xffffffe5]3[0x1e][0xffffff8c][0x12][0xfffffff8][0xffffffda][0xffffffe5][0x13][0xffffffb0]v[0xfffffff9][0xffffff98]I[0xffffffb6][0xffffffc2][0xffffff80]ck[0xffffff97][0xffffff8f][0xffffff8c][0xffffffae][0xffffff91][0xffffff94][0x8]Y[0xffffffbb][0xffffffb4][0xffffff81]d([0x11][0xffffffb0]v)[0xffffffe1][0xffffffac][0xffffffa6]D[0xfffffff0][0xffffffda][0xffffffa5]+O[0xffffff96][0x12]yk[0xffffff97][0xffffffae]Z9J[0xffffffa4][0xffffffac]]j[0xfffffff1]nP[0xffffffc2][0xffffffad]]]]><![CDATA[>[0xfffffff3]E[0xffffffdd][0xc][0xfffffffa][0xffffffe0]k[0xffffff97]O[0xffffffc0][0xffffffda][0xffffffe5]c&[0xffffffd9][\n]"
[DEBUG] http-outgoing-1 << "[0x3][0xffffff8e][0xffffffad]]]]><![CDATA[>2[0xffffffba]FR"d[0xffffffed][0xffffffd2][0x6][0xffffff92][0xffffffa1]D[0xffffffc0][0xffffffda][0xffffffa5][0xffffff84][0xffffffb3][0xffffff9a][0x12][0xffffffc1]k[0xffffff97][0xffffffae]<YJ[0xffffffe4][0xffffffad]][0xffffffba]j[0xffffffe5]([0xffffff91][0xffffffb2]v[0xffffffa9][0xffffffc5][0xffffffbb]A[0x9][0xffffffb7]v9[0xfffffffb][0xffffff89][0xffffffbd][0xffffff95][0xffffffc0][0xffffffd7].[0xffffff9f][0xffffff80][0xffffffb5][0xffffffcb][0xffffffc7]L[0xffffffb2][0x15][0x6][0x1c][[0xffffffbb]|dt[0xffffff8d][0xffffffa4]D[0xffffffc8][0xffffffda][0xffffffa5][\r]$C[0xffffff89][0xffffff80][0xffffffb5]K[0x9]g5%[0xffffff82][0xffffffd7].]y[0xffffffb2][0xffffff94][0xffffffc8][[0xffffffbb]t[0xffffffd5][0xffffffca]Q"e[0xffffffed]R[0xffffff8b]w[0xffffff83][0x12][0xffffff97][0xffffffa3][0xffffffc4]5[0xffffffa8][0xffffff89][0xffffffaa][0xffffffcf][0xffffffe7][0xffffff81])q[0x5]P[0xffffffe2][0xffffffd2][0xffffffbc][0x17][0x6][0xfffffffc][0xffffffc2](q%QB[0xffffffa3][0xffffffc8]P[0xffffffc2][0x5][0xffffff92][0xffffffa1][0xffffff84][0xffffffc6][0xffffffb2][0xffffff9e][0x12]k8[0xffffffab])[0xffffffb1]F4[0xffffff89][0x12][0xffffffa6]<YJ[0xffffffd8].e)a[0xffffffaa][0xffffff95][0xffffffa3][0xffffff84]4-E[0x9])[0xffffffde][\r]J[0xffffffb8][0xffffffb5][0xffffffcb]9[0xffffffe7]MQ[0x2]_[0xffffffbb]|[0x2][0xffffffd6].[0x1f]3[0xffffffc9]V[0x18]pl[0xffffffed][0xfffffff2][0xffffff91][0xffffffd1]5[0xffffff92][0x12]!k[0xffffff97]6[0xffffff90][0xc]%[0x2][0xffffffd6].%[0xffffff9c][0xffffffd5][0xffffff94][0x8]^[0xffffffbb]t[0xffffffe5][0xffffffc9]R"o[0xffffffed][0xffffffd2]U+G[0xffffff89][0xffffff94][0xffffffb5]K-[0xffffffde][\r]J[0xffffff98][0xffffffb5][0xffffffcb][0xffffffe7][0xffffffd5][0xe][0xffffffec][0xf][0x1c][0xfffffff8][0xffffffda][0xffffffe5][0x13][0xffffffb0]v[0xfffffff9][0xffffff98]I[0xffffffb6][0xffffffc2][0xffffff80]ck[0xffffff97][0xffffff8f][0xffffff8c][0xffffffae][0xffffff91][0xffffff94][0x8]Y[0xffffffbb][0xffffffb4][0xffffff81]d([0x11][0xffffffb0]v)[0xffffffe1][0xffffffac][0xffffffa6]D[0xfffffff0][0xffffffda][0xffffffa5]+O[0xffffff96][0x12]yk[0xffffff97][0xffffffae]Z9J[0xffffffa4][0xffffffac]]j[0xfffffff1]nP[0xffffffc2][0xffffffac]]]]><![CDATA[>[0xffffffaf][0xfffffff3]|(J[0xffffffe0]k[0xffffff97]O[0xffffffc0][0xffffffda][0xffffffe5]c&[0xffffffd9][\n]"
[DEBUG] http-outgoing-1 << "[0x3][0xffffff8e][0xffffffad]]]]><![CDATA[>2[0xffffffba]FR"d[0xffffffed][0xffffffd2][0x6][0xffffff92][0xffffffa1]D[0xffffffc0][0xffffffda][0xffffffa5][0xffffff84][0xffffffb3][0xffffff9a][0x12][0xffffffc1]k[0xffffff97][0xffffffae]<YJ[0xffffffe4][0xffffffad]][0xffffffba]j[0xffffffe5]([0xffffff91][0xffffffb2]v[0xffffffa9][0xffffffc5][0xffffffbb]A[0x9][0xffffffb3]v[0xfffffff9][0xffffffbc][0xffffffae][0xffffff8e][0xffffff9d][0xffffffe0][0xffffffc0][0xffffffd7].[0xffffff9f][0xffffff80][0xffffffb5][0xffffffcb][0xffffffc7]L[0xffffffb2][0x15][0x6][0x1c][[0xffffffbb]|dt[0xffffff8d][0xffffffa4]D[0xffffffc8][0xffffffda][0xffffffa5][\r]$C[0xffffff89][0xffffff80][0xffffffb5]K[0x9]g5%[0xffffff82][0xffffffd7].]y[0xffffffb2][0xffffff94][0xffffffc8][[0xffffffbb]t[0xffffffd5][0xffffffca]Q"e[0xffffffed]R[0xffffff8b][0xfffffff7][0xffffffcf])1_[0xffffff96][0x12][0xffffffa3]C[0xffffff94][0xfffffff8]|[0x1e][0xffffff96][0x12]_O[0x0]S[0xffffffe2][0xffffffd7]3 [0xffffff94][0xfffffff8][0xfffffffa]u[0xffffff84][0x12]?[0x7f]9[0xffffff82][0x12]&[0xffffff8a][0x8]%l [0x11]J[0xffffff98]X[0xffffff96]SB[0xffffffc2]YL[0x9][0xffffff89]h[0x10]%\y[0xffffffa2][0xffffff94][0xfffffff0]][0xffffff8a]R[0xffffffc2]U+F[0x9]mZ[0xffffff88][0x12]Z[0xffffffbc][0x1b][0xffffff94]0k[0xffffff97][0x1f][0xffffff94][0xffffff98]'E[0x9]|[0xffffffed]r[0x6][0xffffffac]]N3[0xffffffc9]V[0x18]pl[0xffffffed]r[0xffffffca][0xffffffe8][0x1a]I[0xffffff89][0xffffff90][0xffffffb5]K[0x1b]H[0xffffff86][0x12][0x1]k[0xffffff97][0x12][0xffffffce]jJ[0x4][0xffffffaf]][0xffffffba][0xfffffff2]d)[0xffffff91][0xffffffb7]v[0xffffffe9][0xffffffaa][0xffffff95][0xffffffa3]D[0xffffffca][0xffffffda][0xffffffa5][0x16][0xffffffef][0x6]%[0xffffffcc][0xffffffda][0xffffffe5][0xfffffff3][0x1a][0xffffffd8]g[0xffffff97][0x13]_[0xffffffbb][0xffffff9c][0x1]k[0xffffff97][0xffffffd3]L[0xffffffb2][0x15][0x6][0x1c][[0xffffffbb][0xffffff9c]2[0xffffffba]FR"d[0xffffffed][0xffffffd2][0x6][0xffffff92][0xffffffa1]D[0xffffffc0][0xffffffda][0xffffffa5][0xffffff84][0xffffffb3][0xffffff9a][0x12][0xffffffc1]k[0xffffff97][0xffffffae]<YJ[0xffffffe4][0xffffffad]][0xffffffba]j[0xffffffe5]([0xffffff91][0xffffffb2]v[0xffffffa9][0xffffffc5][0xffffffbb]A[0x9][0xffffffb3]v[0xfffffff9]A[0x9][0xffffffec]0[0xffffffe8][0xffffffc4][0xffffffd7].g[0xffffffc0][0xffffffda][0xffffffe5]4[0xffffff93]l[0xffffff85][0x1][0xffffffc7][0xffffffd6].[0xffffffa7][0xffffff8c][0xffffffae][0xffffff91][0xffffff94][0x8]Y[0xffffffbb][0xffffffb4][0xffffff81]d([0x11][0xffffffb0]v)[0xffffffe1][0xffffffac][0xffffffa6]D[0xfffffff0][0xffffffda][0xffffffa5]+O[0xffffff96][0x12]yk[0xffffff97][0xffffffae]Z9J[0xffffffa4][0xffffffac]]j[0xfffffff1]nP[0xffffffc2][0xffffffac]]]]><![CDATA[>[0xffffffaf]yb[0xffffff94][0xffffffc0][0xffffffd7].g[0xffffffc0][0xffffffda][0xffffffe5]4[0xffffff93]l[0xffffff85][0x1][0xffffffc7][0xffffffd6].[0xffffffa7][0xffffff8c][0xffffffae][0xffffff91][0xffffff94][0x8]Y[0xffffffbb][0xffffffb4][0xffffff81]d([0x11][0xffffffb0]v)[0xffffffe1][0xffffffac][0xffffffa6]D[0xfffffff0][0xffffffda][0xffffffa5]+O[0xffffff96][0x12]yk[0xffffff97][0xffffffae]Z9J[0xffffffa4][0xffffffac]]j[0xfffffff1]nP[0xffffffe2]2[0xffffff94]h[0xffffffed]5(J\8%[0xffffffae][0x0]J\[0xffffff9a][0xfffffff7][0xffffffc2][0xffffff80]_[0x18]%[0xffffffae]$Jh[0x14][0x19]J[0xffffffb8]@2[0xffffff94][0xffffffd0]X[0xffffffd6]Sb[\r]g5%[0xffffffd6][0xffffff88]&Q[0xffffffc2][0xffffff94]'K[0x9][0xffffffdb][0xffffffa5],%L[0xffffffb5]r[0xffffff94][0xffffff90][0xffffffa6][0xffffffa5](![0xffffffc5][0xffffffbb]A[0x9][0xffffffb3]v[0xfffffff9][0xffffffb4]kR[0xffffff87]A'[0xffffffbe]v9[0x3][0xffffffd6].[0xffffffa7][0xffffff99]d+[0xc]8[0xffffffb6]v9et[0xffffff8d][0xffffffa4]D[0xffffffc8][0xffffffda][0xffffffa5][\r]$C[0xffffff89][0xffffff80][0xffffffb5]K[0x9]g5%[0xffffff82][0xffffffd7].]y[0xffffffb2][0xffffff94][0xffffffc8][[0xffffffbb]t[0xffffffd5][0xffffffca]Q"e[0xffffffed]R[0xffffff8b]w[0xffffff8b][0x12]G[0x18]%[0xe][0xffffff9c][0x12]G[0x0]%[0xe][0xffffff94][0x12][0x7]F[0xffffff89]#[0xffffff89][0x12]k[0x14])Jh )J[0xffffffac][0xffffffb1]$(q[0xffffffc0][0xffffff94]8[0xffffff82])![0xffffffe5]IS[0xffffffc2]t)M[0x9][0xffffffa9]V[0xffffff92][0x12]G[\n]"
[DEBUG] http-outgoing-1 << "%[0xffffff8e][0xffffffbf][0xffffffa6][0xffffff84][0x1b][0xffffffce]n[0xfffffff7][0xffffff85][0xfffffffd][0xffffff81][0x3][0x1f][0xffffffce][0xffffff9e][0x1][0xffffffc3][0xffffffd9][0xffffffd3][0xffffffac][0xffffffbb][0x16][0x6][0x1c][0x1b][0xffffffce][0xffffff9e][0xffffffb2][0xffffffdf]JR"d8[0xffffffdb][0x6][0xffffff92][0xffffffa1]D[0xffffffc0]p[0xffffffb6][0xffffff84][0xffffffb3][0xffffff9a][0x12][0xffffffc1][0xffffffc3][0xffffffd9][0xffffffae]<YJ[0xffffffe4][\r]g[0xffffffbb]j[0xffffffe5]([0xffffff91]2[0xffffff9c][0xffffffad][0xffffffc5][0xffffffbb]A[0x9]7[0xffffff9c][0xffffffdd]{[0xffffffc7][0xe][0xffffff83][0xffffffe2][0xffffffc3][0xffffffd9]3`8{[0xffffff9a]u[0xffffffd7][0xffffffc2][0xffffff80]c[0xffffffc3][0xffffffd9]S[0xfffffff6][IJ[0xffffff84][0xc]g[0xffffffdb]@2[0xffffff94][0x8][0x18][0xffffffce][0xffffff96]pVS"x8[0xffffffdb][0xffffff95]'K[0xffffff89][0xffffffbc][0xffffffe1]lW[0xffffffad][0x1c]%R[0xffffff86][0xffffffb3][0xffffffb5]x7([0xffffffe1][0xffffff86][0xffffffb3][0xfffffffb][0xffffffd9][0xffffffb0][0xffffffb7][0x12][0xfffffff8]p[0xfffffff6][0xc][0x18][0xffffffce][0xffffff9e]f[0xffffffdd][0xffffffb5]0[0xffffffe0][0xffffffd8]p[0xfffffff6][0xffffff94][0xfffffffd]V[0xffffff92][0x12]![0xffffffc3][0xffffffd9]6[0xffffff90][0xc]%[0x2][0xffffff86][0xffffffb3]%[0xffffff9c][0xffffffd5][0xffffff94][0x8][0x1e][0xffffffce]v[0xffffffe5][0xffffffc9]R"o8[0xffffffdb]U+G[0xffffff89][0xffffff94][0xffffffe1]l-[0xffffffde]?[0xffffffa6][0xffffffc4][0xfffffff9]r[0xffffffc3][0xffffffd9][0xfffffffd]y:C[0xffffff89][0xffffffaf][0xffffffe7]A)[0xfffffff1][0xfffffffd][0x4],%~?[0x3]A[0xffffff89][0xffffffef]_'([0xfffffff1][0xffffffeb][0xffffff97][0x13]([0xffffffe1][0xffffffa2]HP[0xffffffc2][0x7][0xffffff92][0xffffffa0][0xffffff84][0xffffff8b]e5%4[0xffffff9c][0xffffffb5][0xffffff94][0xffffffd0][0xffffff88][0xffffffe6]P[0xffffffc2][0xffffff96]'I[0xffffff89]7]JR[0xffffffc2]V+E[0x9][0xffffffd3][0xffffffb4][0xc]%L[0xfffffff1]nP[0xffffffc2][\r]g[0x1f][0xffffffaf][0xe][0xffffffed]J|=[0xf]L[0x9]~8[0xfffffffb][0xfffffff7]30[0xffffff94][0xffffffa0][0xffffff86][0xffffffb3][0x7f][0xfffffffd]r[0x6]%2[0xffffff86][0xffffffb3]} [0x19]J[0xfffffff0][0xffffffc3][0xffffffd9][0x1a][0xffffffce]jJ[0xffffffe4][0xe]g[0xffffffdb][0xfffffff2]d)[0x11]7[0xffffff9c]m[0xffffffab][0xffffff95][0xffffffa3]D[0xffffffc8]p[0xffffffb6])[0xffffffde][\r]J[0xffffffb8][0xffffffe1][0xffffffec][0xffffffe3][0xffffffbc][0xffffffa1][0x13][0x1c]_[0xffffffcf][0x3]S[0xffffff82][0x1f][0xffffffce][0xfffffffe][0xfffffffd][0xc][0xc]%[0xffffffa8][0xffffffe1][0xffffffec]_[0xffffffbf][0xffffff9c]A[0xffffff89][0xffffff8c][0xffffffe1]l[0x1f]H[0xffffff86][0x12][0xfffffffc]p[0xffffffb6][0xffffff86][0xffffffb3][0xffffff9a][0x12][0xffffffb9][0xffffffc3][0xffffffd9][0xffffffb6]<YJ[0xffffffc4][\r]g[0xffffffdb]j[0xffffffe5]([0x11]2[0xffffff9c]m[0xffffff8a]w[0xffffff83][0x12]n8[0xfffffffb][0xffffffb8][0xffffffee][0xffffff93][0xffffffa2][0x4]=[0xffffff9c][0xfffffffd][0xfffffffd][0x4]4%[0xffffffc8][0xffffffe1][0xffffffec][0xffffffef]_g([0x11]4[0xffffff9c][0xffffffed][0xffffffa2][0xffffffc8]P"e8[0xffffffdb][0xffffffc5][0xffffffb2][0xffffff9e][0x12][0xffffffec]p[0xffffffb6]F4[0xffffff89][0x12]a[0xffffffc3][0xffffffd9]o[0xffffffba][0xffffff94][0xffffffa5]D[0xffffffd0]p[0xffffffb6]iZ[0xffffff8a][0x12][0x7f]?[0xffffff9c]}[0xffffffbe][0xffffffdc]p[0xfffffff6]1^[0xffffff93][0xffffffa2][0x4]=[0xffffff9c][0xfffffffd][0xfffffffd][0x4]4%[0xffffffc8][0xffffffe1][0xffffffec][0xffffffef]_g([0x11]4[0xffffff9c][0xffffffed][0xffffffa2][0xffffffc8]P"e8[0xffffffdb][0xffffffc5][0xffffffb2][0xffffff9e][0x12][0xffffffec]p[0xffffffb6]F4[0xffffff89][0x12]a[0xffffffc3][0xffffffd9]o[0xffffffba][0xffffff94][0xffffffa5]D[0xffffffd0]p[0xffffffb6]iZ[0xffffff8a][0x12][0x7f]?[0xffffff9c]}[0xffffffbe].K[0xffffff89][0xfffffff6][0xffffffa2](q[0xffffffe1][0xffffff94][0xffffffb8][0x2](qi[0xffffffde][0xb][0x3]~a[0xffffff94][0xffffffb8][0xffffff92]([0xffffffa1]Qd([0xffffffe1][0x2][0xffffffc9]PBcYO[0xffffff89]5[0xffffff9c][0xffffffd5][0xffffff94]X#[0xffffff9a]D[0x9]S[0xffffff9e],%l[0xffffff97][0xffffffb2][0xffffff94]0[0xffffffd5][0xffffffca]QB[0xffffff9a][0xffffff96][0xffffffa2][0xffffff84][0x14][0xffffffef][0x6]%[0xffffffdc]p[0xfffffff6]1&F[0x9]z8[0xfffffffb][0xfffffffb][0x9]hJ[0xffffff90][0xffffffc3][0xffffffd9][0xffffffdf][0xffffffbf][0xffffffce]P"h8[0xffffffdb]E[0xffffff91][0xffffffa1]D[0xffffffca]p[0xffffffb6][0xffffff8b]e=%[0xffffffd8][0xffffffe1]l[0xffffff8d]h[0x12]%[0xffffffc2][0xffffff86][0xffffffb3][0xffffffdf]t)K[0xffffff89][0xffffffa0][0xffffffe1]l[0xffffffd3][0xffffffb4][0x14]%[0xfffffffe]~8[0xfffffffb]|[0xffffffb9][0xffffffb5][0xffffffcb][0xffffffe3]i[0xffffffd0]D[0xffffffd5][0xffffffd7][0xfffffff3][0xffffffc0][0xffffff94][0xffffffe0][0xffffffd7].[0x7f]?[0x3]C[0x9]j[0xffffffed][0xfffffff2][0xffffffd7]/gP"c[0xffffffed][0xffffffd2][0x7][0xffffff92][0xffffffa1][0x4][0xffffffbf]v[0xffffffa9][0xffffffe1][0xffffffac][0xffffffa6]D[0xffffffee][0xffffffda][0xffffffa5]-O[0xffffff96][0x12]qk[0xffffff97][0xffffffb6]Z9J[0xffffff84][0xffffffac]][0xffffff9a][0xffffffe2][0xffffffdd][0xffffffa0][0xffffff84][[0xffffffbb]<[0xffffffdb][0xffffff89][0xffffffbd][0xffffff95][0xffffffa0][0xffffffd7].[0xffffffbf][0xffffff9f][0xffffff80][0xffffffa6][0x4][0xffffffb9]v[0xfffffff9][0xfffffffd][0xffffffeb][0xc]%[0xffffff82][0xffffffd6].][0x14][0x19]J[0xffffffa4][0xffffffac]][0xffffffba]X[0xffffffd6]S[0xffffff82]][0xffffffbb][0xffffffd4][0xffffff88]&Q"l[0xffffffed][0xfffffff2]M[0xffffff97][0xffffffb2][0xffffff94][0x8]Z[0xffffffbb]4MKQ[0xffffffe2][0xffffffef][0xffffffd7].[0xffffffcf][0xffffff97][[0xffffffbb]<[0xffffffcf][0x17]v[0x18][0xffffff94]^[0xffffffbb][0xfffffffc]~[0x2][0xffffff9a][0x12][0xffffffe4][0xffffffda][0xffffffe5][0xfffffff7][0xffffffaf]3[0xffffff94][0x8]Z[0xffffffbb]tQd([0xffffff91][0xffffffb2]v[0xffffffe9]bYO[0x9]v[0xffffffed]R#[0xffffff9a]D[0xffffff89][0xffffffb0][0xffffffb5][0xffffffcb]7][0xffffffca]R"h[0xffffffed][0xffffffd2]4-E[0xffffff89][0xffffffff]`[0xffffffed][0xffffffb2][0xffffffb9][0xffffffb5][0xffffffcb][0xfffffff3][0x1e][0xf]D[0xffffff89][0xffffff86][0xffffffaf]][0xffffffb6][0xffffff80][0xffffffb5][0xffffffcb]f&[0xffffffd9][0xffffffea][0x2][0xffffffde][0xffffffb0][0xffffffb5][0xffffffcb]&[0xffffffa3]k %L[0x14][0x11]J[0xffffffd8]@"[0xffffff94]0[0xffffffb1],[0xffffffa7][0xffffff84][0xffffff84][0xffffffb3][0xffffff98][0x12][0x12][0xffffffd1] J[0xffffffb8][0xfffffff2]D)[0xffffffe1][0xffffffbb][0x14][0xffffffa5][0xffffff84][0xffffffab]V[0xffffff8c][0x12][0xffffffda][0xffffffb4][0x10]%[0xffffffb4]x7([0xffffffd1][0xffffffcc]%[0xffffffe3][0xffffffd7][0xffffffeb][0xffffffa2][0xfffffffe][0xffffffc0][0xfffffff1][0xfffffff9]<0%[0x1a]~[0xffffffc9][0xfffffff8][0xffffffef]g`([0xffffffd1][0xffffffa0]K[0xffffffc6][0x7f][0xfffffffd]r[0x6]%4[0xffffff8a][0xc]%\ [0x19]Jh,[0xffffffeb])[0xffffffb1][0xffffff86][0xffffffb3][0xffffff9a][0x12]kD[0xffffff93](a[0xffffffca][0xffffff93][0xffffffa5][0xffffff84][0xffffffed]R[0xffffff96][0x12][0xffffffa6]Z9JH[0xffffffd3]R[0xffffff94][0xffffff90][0xffffffe2][0xffffffdd][0xffffffa0][0xffffff84][[0xffffffbb][0xffffffbc][0xffffffce]F[\r]g7|[0xffffffed][0xffffffb2][0x5][0xffffffac]]63[0xffffffc9]V[0x18]pl[0xffffffed][0xffffffb2][0xffffffc9][0xffffffe8][0x1a]I[0xffffff89][0xffffff90][0xffffffb5]K[0x1b]H[0xffffff86][0x12][0x1]k[0xffffff97][0x12][0xffffffce]jJ[0x4][0xffffffaf]][0xffffffba][0xfffffff2]d)[0xffffff91][0xffffffb7]v[0xffffffe9][0xffffffaa][0xffffff95][0xffffffa3]D[0xffffffca][0xffffffda][0xffffffa5][0x16][0xffffffef][0x6]%[0xffffffdc][0xffffffda][0xffffffe5]u[0xffffff9f][0xffffff9d][0xffffffa2][0x4][0xffffffbe]v[0xffffffd9][0x2][0xffffffd6].[0xffffff9b][0xffffff99]d+[0xc]8[0xffffffb6]v[0xffffffd9]dt[0xffffff8d][0xffffffa4]D[0xffffffc8][0xffffffda][0xffffffa5][\r]$C[0xffffff89][0xffffff80][0xffffffb5]K[0x9]g5%[0xffffff82][0xffffffd7].]y[0xffffffb2][0xffffff94][0xffffffc8][[0xffffffbb]t[0xffffffd5][0xffffffca]Q"e[0xffffffed]R[0xffffff8b]w[0xffffff83][0x12]n[0xffffffed]r[0xffffffbc].[0xffffff8c][0x12][0xfffffff8][0xffffffda]e[0xb]X[0xffffffbb]lf[0xffffff92][0xffffffad]0[0xffffffe0][0xffffffd8][0xffffffda]e[0xffffff93][0xffffffd1]5[0xffffff92][0x12]!k[0xffffff97]6[0xffffff90][0xc]%[0x2][0xffffffd6].%[0xffffff9c][0xffffffd5][0xffffff94][0x8]^[0xffffffbb]t[0xffffffe5][0xffffffc9]R"o[0xffffffed][0xffffffd2]U+G[0xffffff89][0xffffff94][0xffffffb5]K-[0xffffffde][\r]J\[0xffffff8e][0x12]g[0xffffffc7]>[0xffffffbb][0xffffffbc]pJ\[0x1][0xffffff94][0xffffffb8]4[0xffffffef][0xffffff85][0x1][0xffffffbf]0J\I[0xffffff94][0xffffffd0](2[0xffffff94]p[0xffffff81]d([0xffffffa1][0xffffffb1][0xffffffac][0xffffffa7][0xffffffc4][0x1a][0xffffffce]jJ[0xffffffac][0x11]M[0xffffffa2][0xffffff84])O[0xffffff96][0x12][0xffffffb6]KYJ[0xffffff98]j[0xffffffe5](!MKQB[0xffffff8a]w[0xffffff83][0x12]n[0xffffffed]r[0xffffffdc][0xffffffe7]IQ[0x2]_[0xffffffbb]l[0x1]k[0xffffff97][0xffffffcd]L[0xffffffb2][0x15][0x6][0x1c][[0xffffffbb]l2[0xffffffba]FR"d[0xffffffed][0xffffffd2][0x6][0xffffff92][0xffffffa1]D[0xffffffc0][0xffffffda][0xffffffa5][0xffffff84][0xffffffb3][0xffffff9a][0x12][0xffffffc1]k[0xffffff97][0xffffffae]<YJ[0xffffffe4][0xffffffad]][0xffffffba]j[0xffffffe5]([0xffffff91][0xffffffb2]v[0xffffffa9][0xffffffc5][0xffffffbb]A[0x9][0xffffffb7]v9[0xffffffe6][0xffffff85]}v[0xffffff89][0xffffffaf]][0xffffffb6][0xffffff80][0xffffffb5][0xffffffcb]f&[0xffffffd9][\n]"
[DEBUG] http-outgoing-1 << "[0x3][0xffffff8e][0xffffffad]]6[0x19]]#)[0x11][0xffffffb2]vi[0x3][0xffffffc9]P"`[0xffffffed]R[0xffffffc2]YM[0xffffff89][0xffffffe0][0xffffffb5]KW[0xffffff9e],%[0xfffffff2][0xffffffd6].][0xffffffb5]r[0xffffff94]HY[0xffffffbb][0xffffffd4][0xffffffe2][0xffffffdd][0xffffffa0][0xffffff84][[0xffffffbb][0xffffffbc]_[\r]{+[0xffffff81][0xffffffaf]][0xffffffb6][0xffffff80][0xffffffb5][0xffffffcb]f&[0xffffffd9][\n]"
[DEBUG] http-outgoing-1 << "[0x3][0xffffff8e][0xffffffad]]6[0x19]]#)[0x11][0xffffffb2]vi[0x3][0xffffffc9]P"`[0xffffffed]R[0xffffffc2]YM[0xffffff89][0xffffffe0][0xffffffb5]KW[0xffffff9e],%[0xfffffff2][0xffffffd6].][0xffffffb5]r[0xffffff94]HY[0xffffffbb][0xffffffd4][0xffffffe2][0xffffffdd][0xffffffa0][0xffffff84][[0xffffffbb][0xffffffbc][0xffffffc1]][0x9]|[0xffffffed][0xffffffb2][0x5][0xffffffac]]63[0xffffffc9]V[0x18]pl[0xffffffed][0xffffffb2][0xffffffc9][0xffffffe8][0x1a]I[0xffffff89][0xffffff90][0xffffffb5]K[0x1b]H[0xffffff86][0x12][0x1]k[0xffffff97][0x12][0xffffffce]jJ[0x4][0xffffffaf]][0xffffffba][0xfffffff2]d)[0xffffff91][0xffffffb7]v[0xffffffe9][0xffffffaa][0xffffff95][0xffffffa3]D[0xffffffca][0xffffffda][0xffffffa5][0x16][0xffffffef][0xffffff9f]S[0xffffffa2][0xffffffbb][0xffffffb5][0xffffffcb][0xffffffbb][0xffffffbd](Jt|[0xffffffed][0xffffffb2][0x7][0xffffffac]]v3[0xffffffc9]V[0x17][0xfffffff0][0xffffff8e][0xffffffad]]v[0x19]][0x3])a[0xffffffa2][0xffffff88]P[0xffffffc2][0x6][0x12][0xffffffa1][0xffffff84][0xffffff89]e9%$[0xffffff9c][0xffffffc5][0xffffff94][0xffffff90][0xffffff88][0x6]Q[0xffffffc2][0xffffff95]'J[0x9][0xffffffdf][0xffffffa5](%\[0xffffffb5]b[0xffffff94][0xffffffd0][0xffffffa6][0xffffff85]([0xffffffa1][0xffffffc5][0xffffffbb]E[0x9]][0xffffffbb]d)[0x1][0xffffffaf]]~=[0x1]O[0x9]p[0xffffffed][0xfffffff2][0xffffffeb][0xffffffd7])J[0xffffffe4][0xffffffac]][0xffffff9a](R[0xffffff94][0x8]Y[0xffffffbb]4[0xffffffb1]$([0xffffff81][0xffffffae]]JD[0xffffffb3]([0xffffff91][0xffffffb5]v[0xffffffe9][0xffffffbb][0xffffff94][0xffffffa6]D[0xffffffce][0xffffffda][0xffffffa5]6-G[0xffffff89][0xffffffbf]^[0xffffffbb][0xffffffec][0xffffffcd][0xffffffbd][0xffffff95][0xffffffe8][0xfffffffd][0xffffffa2]([0xffffffd1][0xfffffff0][0xffffffb7][0x12]-[0xffffffe0][0xffffffad]DS:[0x17][0x6][0xffffffbc]ao%Z[0xffffffd2][[0x9][0xffffff8d]"C[0x9][0x17]H[0xffffff86][0x12][0x1a][0xffffffcb]zJ[0xffffffac][0xffffffe1][0xffffffac][0xffffffa6][0xffffffc4][0x1a][0xffffffd1]$J[0xffffff98][0xfffffff2]d)a[0xffffffbb][0xffffff94][0xffffffa5][0xffffff84][0xffffffa9]V[0xffffff8e][0x12][0xffffffd2][0xffffffb4][0x14]%[0xffffffa4]x7([0xffffffe1][0xffffff86][0xffffffb3][0xffffffef][0xfffffffb][0xffffffa2]n[0x6][0xffffffed][0xfffffff8]pv[0xf][0x18][0xffffffce][0xffffffee]f[0xffffffdd][0xffffffb5]0[0xffffffe0][0xffffffd8]pv[0xffffff97][0xfffffffd]V[0xffffff92][0x12]![0xffffffc3][0xffffffd9]6[0xffffff90][0xc]%[0x2][0xffffff86][0xffffffb3]%[0xffffff9c][0xffffffd5][0xffffff94][0x8][0x1e][0xffffffce]v[0xffffffe5][0xffffffc9]R"o8[0xffffffdb]U+G[0xffffff89][0xffffff94][0xffffffe1]l-[0xffffffde]-J[0xffffff98]?p[0xffffffa0][0xffffff94][0xffffffa0][0xffffffff][0xffffffc0][0xffffffd1][0x3][0xfffffffe][0xffffffc0][0xffffffd1][0xfffffff5]-\i[0xffffffc0][0xffffffa9]?p[0xfffffff4][0xffffffa4]?ph[0x14])J[0xffffffa4][0xfffffffc][0xffffff81]CcIP[0xffffff82][0xfffffffd][0x3][0xffffffc7][0x1a][0xffffffd1],J[0xffffff84][0xfffffffd][0xffffff81][0xffffffc3]v)M[0xffffff89][0xffffffa0]?pH[0xffffffd3]r[0xffffff94][0xfffffff8][0xfffffffb]?p[0xfffffff4][0xffffffff];[0xffffffc3](q[0xffffffe2][0xffffff94]8[0x3](q[0xffffffa2][0xffffff94]81J[0xffffff9c]I[0xffffff94]X[0xffffffa3]HQB[0x3]IQb[0xffffff8d]%A[0xffffff89][0x13][0xffffffa6][0xffffffc4][0x19]L[0x9])O[0xffffff9a][0x12][0xffffffa6]KiJH[0xffffffb5][0xffffff92][0xffffff94]8S(q[0xfffffffe][0x7][0xffffff94]hi[0xffffff96]h<&Z[0xffffff82]&[0x1a][0xffffffcb][0xffffff89][0xffffffc6]y[0xffffffa2]E[0xffffff81]B[0xfffffff2]H[0xffffff89][0xffffffc2][0xffffffa4][0xffffff92]"[0xffffff85]d[0xffffff93]0E[0xffffffa3]Q[0xffffffd1][0xffffff92]U[0xffffffa1]5J[0xffffffb3][0xffffffc2][0xffffffb5]*[0xffffffed][\n]"
[DEBUG] http-outgoing-1 << "-Y[0x12][0x16]k[0xffffffe7]r[0xffffffb2]X+x[0xffffff8b][0x16]}[0xffffff84][0xffffffd1][0xffffffa2][0xf][0xffffff9c][0x16][0x1f][0xffffff8f][0xffffffc0][0xffffffd3][0xffffffe2][0xffffffc7]CP[0xffffffb4][0xfffffff8][0xfffffff8]y[0xffffff8a][0x16][0xffffffdf]?[0xffffff9d]B[0xb][0xffffffc9]#E[0xb][0xffffff93]J[0xffffff8a][0x16][0xffffff92]M[0xffffff82][0x16]KB[0xffffffeb]i[0xffffffb1][0xffffffe4]4[0xffffff8b][0x16]Z[0xffffffa3]4-\[0xffffffab][0xffffffd2][0xffffffb4][0xffffffd0][0xffffff92]%i[0xffffffb1]v.G[0xffffff8b][0xffffffb5][0xffffff82][0xffffffb7]hq[0xffffffb6]0Z[0xffffff9c][\r][0xffffffa7][0xffffffc5][0xffffffc7]#[0xfffffff0][0xffffffb4][0xfffffff8][0xfffffff1][0x10][0x14]->~[0xffffff9e][0xffffffa2][0xffffffc5][0xfffffff7]O[0xffffffa7][0xffffffd0]B[0xfffffff2]H[0xffffffd1][0xffffffc2][0xffffffa4][0xffffff92][0xffffffa2][0xffffff85]d[0xffffff93][0xffffffa0][0xffffffc5][0xffffff92][0xffffffd0]zZ,9[0xffffffcd][0xffffffa2][0xffffff85][0xffffffd6](M[0xb][0xffffffd7][0xffffffaa]4-[0xffffffb4]dIZ[0xffffffac][0xffffff9d][0xffffffcb][0xffffffd1]b[0xffffffad][0xffffffe0]-Z[0xffffff8c][0xffffffb4]#[0x1f][0xffffff83]?[0xfffffff3][0xfffffff1][0xfffffff1][0x8]<-~<[0x4]E[0xffffff8b][0xffffffc1][0x1d][0xfffffffb][0x18]Q[0xffffffe7]>$[0xffffff8f][0x14]-L*)ZH6[0x9]Z[0xc][0xfffffffa][0xffffffec][0xffffffc7]H>[0xfffffffc][0xffffffa1]5J[0xffffffd3][0xffffffc2][0xffffffb5]*M[0xb]-Y[0xffffff92][0x16]k[0xffffffe7]r[0xffffffb4]X+x[0xffffff8b][0x16]w[0xffffffda][0x1f]Dn[0xfffffffe][0xf]"w[0xffffffc2][0x1f]Dn[0xfffffff6][0xf]"7[0xfffffff7][0x7][0xffffff91];[0xffffffea][0xf]"[0xffffff92]G[0xffffff8a][0x16]&[0xffffff95][0x14]-$[0xffffff9b][0x4]-n[0xfffffffa][0xf]"w[0xfffffff2][0x1f]D[0xffffffb4]FiZ[0xffffffb8]V[0xffffffa5]i[0xffffffa1]%K[0xffffffd2]b[0xffffffed]\[0xffffff8e][0x16]k[0x5][0xffffffef][0xffffffd1][0xffffffe2]I[0xffffffa3][0xffffffc5][0xffffffc3][0xffffffd3][0xffffffe2]I[0xffffffa0][0xffffffc5][0xffffffc3][0xffffffd2][0xffffffe2][0xffffffe1]h[0xfffffff1]D[0xffffffd1]b[0xffffffcd]#F[0xb]M%F[0xffffff8b]5[0xffffff9b][0x8]-[0x1e][0xffffff9a][0x16]O2-[0xffffffa4]FqZ[0xffffff98]V[0xffffffc5]i!%[0xffffff8b][0xffffffd2][0xffffffe2][0xffffff89][0xffffffa1][0xffffffc5][0xfffffff3][0x1f][0xffffffd0][0xffffffa2][0xffffffc5]}l[0xffffffd1][0x2][0xffffffbe][0xffffffb6]h[0x11][0xffffff9f][4[0xfffffffd]S`i[0xffffffd4][0x1b][0xfffffff8][0xffffffc1]E[0xffffffcb][0xfffffffa][0xffffffe2]BCI[0x9][0xffffffc3]E[0xffffff93]"[0xffffff86][0x6][0xffffff94]0[0xffffffc6][0x1a][0xffffffd3]zd[0xffffffac]a[0xffffffcd]R[0xffffff86])T[0xffffff9a][0x19][0xffffffb6]_ig[0xffffff98][0xffffffba]%[0xffffffa1]![0xffffffed][0xffffffcb]IC[0xffffffca][0xfffffff8]O[0xffffffa8]1[0xffffffbe][0xffffffff][0xffffff95][0xffffffc3][0xffffffac]m>g[0xffffff9b][0xffffffe5][0xffffffd0][0xfffffff8][0xfffffffd]<[0x14]3[0xfffffffe][0xfffffff1][0x4][0x18]2[0xffffff96]g(&[0xffffffc6]?~[0xffffffbd][0x18][0x18][0xffffffff][0xfffffffb][0xffffffcb]0/[0xffffffde]F[0xffffffb1][0x18][0x17][0xffffffff][0x12][0xffffffc8]bZ[0xffffffbc][0xffffff8d]e!,[0xffffffde][0xffffff84][0xffffffb3][0xffffff8c][0x15]o"[0x1a][0xffffff81][0xffffff8a][0xfffffff7][0xffffffe5][0x9][0xffffff91][0xffffffe2][0xffffffdf][0xffffffba][0x14][0x2][0xffffffc5][0xfffffffb]j[0x5]8[0xfffffff1][0xffffffae]i[0xffffffcb]1[0xfffffff1][0xffffffae]x[0xffffffb7]([0xffffffd1][0xffffffc3]([0xffffffd1]qJ[0xfffffff4][0x0]Jt[0xffffff94][0x12][0x1d][0xffffffa3]DO[0xffffffa2][0xffffffc4][0x1a]E[0xffffff8a][0x12][0x1a]H[0xffffff8a][0x12]k,[0x9]Jt[0xffffff98][0x12]=[0xffffff98][0x12]R[0xffffff9e]4%L[0xffffff97][0xffffffd2][0xffffff94][0xffffff90]j%)[0xffffffd1]S([0xffffffd1][0xffffffff][0xffffff9a][0x12][0xffffffa7]{+1F[0xffffffa7](q[0xffffffe2]o%[0xffffffce][0xffffff80][0xffffffb7][0x12][0xffffffa7][0xffffffd2][0xffffffb9]0[0xffffffe0]'[0xfffffff6]V[0xffffffe2]Lz+[0xffffffa1]Qd([0xffffffe1][0x2][0xffffffc9]PBcYO[0xffffff89]5[0xffffff9c][0xffffffd5][0xffffff94]X#[0xffffff9a]D[0x9]S[0xffffff9e],%l[0xffffff97][0xffffffb2][0xffffff94]0[0xffffffd5][0xffffffca]QB[0xffffff9a][0xffffff96][0xffffffa2][0xffffff84][0x14][0xffffffef][0xffffff9f]S[0xffffffe2][0x18]J[0xffffff89][0xffffffd9][0xfffffffa][0xffffff8b][0xffffffa2][0xffffffc4][0xffffffe7][0xfffffff3][0xffffffb0][0xffffff94][0xfffffff8]z[0x2][0xffffff98][0x12][0xffffffbf][0xffffff9e][0x1][0xffffffa1][0xffffffc4][0xffffffd7][0xffffffaf]#[0xffffff94][0xfffffff8][0xfffffff9][0xffffffcb][0x11][0xffffff94]0QD(a[0x3][0xffffff89]P[0xffffffc2][0xffffffc4][0xffffffb2][0xffffff9c][0x12][0x12][0xffffffce]bJHD[0xffffff83]([0xffffffe1][0xffffffca][0x13][0xffffffa5][0xffffff84][0xffffffef]R[0xffffff94][0x12][0xffffffae]Z1Jh[0xffffffd3]B[0xffffff94][0xffffffd0][0xffffffe2][0xffffffdd][0xffffffa0][0xffffffc4][0xffffffed](q^[0xf]E[0xffffff89][0x1b][0xffffffa7][0xffffffc4][0x1d]@[0xffffff89][[0xfffffff3]^[0x18][0xfffffff0][0x1b][0xffffffa3][0xffffffc4][0xffffff9d]D[0x9][0xffffff8d]"C[0x9][0x17]H[0xffffff86][0x12][0x1a][0xffffffcb]zJ[0xffffffac][0xffffffe1][0xffffffac][0xffffffa6][0xffffffc4][0x1a][0xffffffd1]$J[0xffffff98][0xfffffff2]d)a[0xffffffbb][0xffffff94][0xffffffa5][0xffffff84][0xffffffa9]V[0xffffff8e][0x12][0xffffffd2][0xffffffb4][0x14]%[0xffffffa4]x[0xffffffb7](![0xffffffdf]J[0xffffffc0][0xffffff94][0xffffff80][0xffffffbf][0xffffff95][0xfffffff8]z[0x2][0xffffff9e][0x12][0xffffffe0][0xffffffb7][0x12]_[0xffffffbf]NQ"[0xffffffe7][[0x9][0x13]E[0xffffff8a][0x12]![0xffffffdf]J[0xffffff98]X[0x12][0xffffff94]@[0xffffffbf][0xffffff95][0xffffff90][0xffffff88]fQ"[0xffffffeb][[0x9][0xffffffdf][0xffffffa5]4%r[0xffffffbe][0xffffff95][0xffffffd0][0xffffffa6][0xffffffe5]([0xfffffff1][0xffffffd7][0xffffffdf]J[0x1c][0xffffff8f]{+[0xfffffff1][0xffffffb4][0xffffff9b][0xffffffa2][0xffffffc4][0xffffff83][0xffffffbf][0xffffff95]x[0x2][0xffffffde]J<J[0xffffffe7][0xffffffc2][0xffffff80]?[0xffffffd8][[0xffffff89]'[0xffffffe9][0xffffffad][0xffffff84]F[0xffffff91][0xffffffa1][0xffffff84][0xb]$C[0x9][0xffffff8d]e=%[0xffffffd6]pVSb[0xffffff8d]h[0x12]%Ly[0xffffffb2][0xffffff94][0xffffffb0]][0xffffffca]R[0xffffffc2]T+G[0x9]iZ[0xffffff8a][0x12]R[0xffffffbc][[0xffffff94]0o%PJ[0xffffffd0]o%[0xffffff9e][0xffffff80][0xffffffb7][0x12][0xffffff8f][0xffffffd2][0xffffffb9]4[0xffffffe0][0xffffffd4][[0xffffff89]'[0xffffffe9][0xffffffad][0xffffff84]F[0xffffff91][0xffffffa2]D[0xffffffca][[0x9][0xffffff8d]%A[0x9][0xfffffff6][0xffffffad][0xffffffc4][0x1a][0xffffffd1],J[0xffffff84][0xffffffbd][0xffffff95][0xffffffb0]]JS"[0xffffffe8][0xffffffad][0xffffff84]4-G[0xffffff89][0xffffffbf][0x7f]+1[0xffffffcd][[0xffffff89][0xffffffde][0xffffffbe][0xffffffee][0xfffffff9]@(1[0xfffffff1][0xffffffb7][0x12]3[0xffffffe0][0xffffffad][0xffffffc4]T:[0x17][0x6]|bo%f[0xffffffd2][[0x9][0xffffff8d]"C[0x9][0x17]H[0xffffff86][0x12][0x1a][0xffffffcb]zJ[0xffffffac][0xffffffe1][0xffffffac][0xffffffa6][0xffffffc4][0x1a][0xffffffd1]$J[0xffffff98][0xfffffff2]d)a[0xffffffbb][0xffffff94][0xffffffa5][0xffffff84][0xffffffa9]V[0xffffff8e][0x12][0xffffffd2][0xffffffb4][0x14]%[0xffffffa4]x[0xffffffff][0xffffff9c][0x12][0xffffffe7][0xffffffcb]Q[0xffffffe2]x[0xffffffa8][0x13][0x1c][0xffffff9f][0xffffffcf][0xffffffc3]R[0xffffffe2][0xffffffeb][0x9]`J[0xfffffffc]z[0x6][0xffffff84][0x12]_[0xffffffbf][0xffffff8e]P[0xffffffe2][0xffffffe7]/GP[0xffffffc2]D[0x11][0xffffffa1][0xffffff84][\r]$B[0x9][0x13][0xffffffcb]rJH8[0xffffff8b])![0x11][\r][0xffffffa2][0xffffff84]+O[0xffffff94][0x12][0xffffffbe]KQJ[0xffffffb8]j[0xffffffc5]([0xffffffa1]M[0xb]QB[0xffffff8b]w[0xffffff83][0x12][0xffffffcd]Q[0xffffffe2][0xffffffbe][0xffffffa8]?p|>[0xf]L[0xffffff89][0x16]@[0xffffff89][0xffffffa6]y/[0xc]x[0xffffffc3]([0xffffffd1][0xffffff92]([0xffffffa1]Qd([0xffffffe1][0x2][0xffffffc9]PBcYO[0xffffff89]5[0xffffff9c][0xffffffd5][0xffffff94]X#[0xffffff9a]D[0x9]S[0xffffff9e],%l[0xffffff97][0xffffffb2][0xffffff94]0[0xffffffd5][0xffffffca]QB[0xffffff9a][0xffffff96][0xffffffa2][0xffffff84][0x14][0xffffffef][0x6]%[0xffffffba][0xffffffa3][0xffffffc4][0xffffffbc].[0xffffff8a][0x12][0x1d][0xffffffa7]D[0xf][0xffffffa0]D[0xffffffd7][0xffffffbc][0x17][0x6][0xffffffbc]c[0xffffff94][0xffffffe8]I[0xffffff94][0xffffffd0](2[0xffffff94]p[0xffffff81]d([0xffffffa1][0xffffffb1][0xffffffac][0xffffffa7][0xffffffc4][0x1a][0xffffffce]jJ[0xffffffac][0x11]M[0xffffffa2][0xffffff84])O[0xffffff96][0x12][0xffffffb6]KYJ[0xffffff98]j[0xffffffe5](!MKQB[0xffffff8a]w[0xffffff83][0x12][0xffffffe6][0xe][0xffffff8e]y[0x1c][0xfffffffd][0xffffffa4]([0xffffff81][0xffffffdf][0xffffffc1]q[0x6][0xffffffdc][0xffffffc1]q[0xffffff9a][0xffffffa1][0xfffffff8][0xffffffc2][0xffffff80]cwp[0xffffff9c]2[0x5]OR"[0xffffffe4][0xe][0xe][0x1b]H[0xffffff86][0x12][0x1]wpH8[0xffffffab])[0x11]|[0x7][0xffffff87]+O[0xffffff96][0x12]ywp[0xffffffb8]j[0xffffffe5]([0xffffff91]r[0x7][0xffffff87][0x16][0xffffffef][0x6]%[0xffffffcc]p[0xfffffff6][0x7]%[0xffffffe6][0xffffffa0]([0xffffff81][0xf]g[0xffffff9f][0x1][0xffffffc3][0xffffffd9][0xffffffa7]Yw-[0xc]86[0xffffff9c]}[0xffffffca]~+I[0xffffff89][0xffffff90][0xffffffe1]l[0x1b]H[0xffffff86][0x12][0x1][0xffffffc3][0xffffffd9][0x12][0xffffffce]jJ[0x4][0xf]g[0xffffffbb][0xfffffff2]d)[0xffffff91]7[0xffffff9c][0xffffffed][0xffffffaa][0xffffff95][0xffffffa3]D[0xffffffca]p[0xffffffb6][0x16][0xffffffef][0x6]%.G[0xffffff89][0xfffffff3][0xffffffa8][0xffffffbf][0xffffff82][0xfffffffc][0xfffffff7][0xfffffff3][0xffffffc0][0xffffff94][0xffffffb8][0x2](qi[0xffffffde][0xb][0x3]~a[0xffffff94][0xffffffb8][0xffffff92]([0xffffffa1]Qd([0xffffffe1][0x2][0xffffffc9]PBcYO[0xffffff89]5[0xffffff9c][0xffffffd5][0xffffff94]X#[0xffffff9a]D[0x9]S[0xffffff9e],%l[0xffffff97][0xffffffb2][0xffffff94]0[0xffffffd5][0xffffffca]QB[0xffffff9a][0xffffff96][0xffffffa2][0xffffff84][0x14][0xffffffef][0x6]%[0xffffff86][0xffffffa5][0xffffffc4]M[0x1d][0x6][0xfffffffd]|[0x1e][0xffffff98][0x12]#[0xffffff80][0x12]C[0xfffffff3]^[0x18][0xfffffff0][0xffffff81]Qb$QB[0xffffffa3][0xffffffc8]P[0xffffffc2][0x5][0xffffff92][0xffffffa1][0xffffff84][0xffffffc6][0xffffffb2][0xffffff9e][0x12]k8[0xffffffab])[0xffffffb1]F4[0xffffff89][0x12][0xffffffa6]<YJ[0xffffffd8].e)a[0xffffffaa][0xffffff95][0xffffffa3][0xffffff84]4-E[0x9])[0xffffffde][\r]J[0xffffffb8];8[0xffffff8e]sb[0xffffff94][0xffffffc0][0xffffffef][0xffffffe0]8[0x3][0xffffffee][0xffffffe0]8[0xffffffcd]P|a[0xffffffc0][0xffffffb1];8N[0xffffff99][0xffffff82]')[0x11]r[0x7][0xffffff87][\r]$C[0xffffff89][0xffffff80];8$[0xffffff9c][0xffffffd5][0xffffff94][0x8][0xffffffbe][0xffffff83][0xffffffc3][0xffffff95]'K[0xffffff89][0xffffffbc];8\[0xffffffb5]r[0xffffff94]H[0xffffffb9][0xffffff83]C[0xffffff8b]w[0xffffff83][0x12]n8[0xfffffffb][0x18]mR[0xffffff94][0xffffffc0][0xffffff87][0xffffffb3][0xffffffcf][0xffffff80][0xffffffe1][0xffffffec][0xffffffd3][0xffffffac][0xffffffbb][0x16][0x6][0x1c][0x1b][0xffffffce]>e[0xffffffbf][0xffffff95][0xffffffa4]D[0xffffffc8]p[0xffffffb6][\r]$C[0xffffff89][0xffffff80][0xffffffe1]l[0x9]g5%[0xffffff82][0xffffff87][0xffffffb3]]y[0xffffffb2][0xffffff94][0xffffffc8][0x1b][0xffffffce]v[0xffffffd5][0xffffffca]Q"e8[[0xffffff8b]w[0xffffff83][0x12]n[0xffffffed][0xfffffff2]x[0x1e][0xffffffec][0xffffffb3]K|[0xffffffed][0xfffffff2][0xc]X[0xffffffbb]<[0xffffffcd]$[a[0xffffffc0][0xffffffb1][0xffffffb5][0xffffffcb]SF[0xffffffd7]HJ[0xffffff84][0xffffffac]][0xffffffda]@2[0xffffff94][0x8]X[0xffffffbb][0xffffff94]pVS"x[0xffffffed][0xffffffd2][0xffffff95]'K[0xffffff89][0xffffffbc][0xffffffb5]KW[0xffffffad][0x1c]%R[0xffffffd6].[0xffffffb5]x[0xffffffff][0xffffff9c][0x12][0xffffffd7]0[0xffffff94][0xffffffb8][0xffffff9e][0xffffff87][0xffffff9a][0xffffffa8][0xfffffffa]|[0x1e][0xffffff96][0x12]_O[0x0]S[0xffffffe2][0xffffffd7]3 [0xffffff94][0xfffffff8][0xfffffffa]u[0xffffff84][0x12]?[0x7f]9[0xffffff82][0x12]&[0xffffff8a][0x8]%l [0x11]J[0xffffff98]X[0xffffff96]SB[0xffffffc2]YL[0x9][0xffffff89]h[0x10]%\y[0xffffffa2][0xffffff94][0xfffffff0]][0xffffff8a]R[0xffffffc2]U+F[0x9]mZ[0xffffff88][0x12]Z[0xffffffbc][0x1b][0xffffff94]p[0xffffffdf]J[0xffffff8c][0xffffffd7]A}+q[0xffffffe1][0xffffffdf]J\[0x1][0xffffffdf]J\[0xffffffe6][0xf]z[0xffffff85][0x1][0xffffffc7][0xffffffbe][0xffffff95][0xffffffb8][0xffffffe4]Ov$%B[0xffffffbe][0xffffff95][0xffffffb0][0xffffff81]d([0x11][0xfffffff0][0xffffffad][0xffffff84][0xffffff84][0xffffffb3][0xffffff9a][0x12][0xffffffc1][0xffffffdf]J[0xffffffb8][0xfffffff2]d)[0xffffff91][0xfffffff7][0xffffffad][0xffffff84][0xffffffab]V[0xffffff8e][0x12])[0xffffffdf]Jh[0xfffffff1]nP[0xffffffc2]}+[0xfffffff1][0xfffffff1]_S[0xffffffdf]J\[0xfffffff8][0xffffffb7][0x12]W[0xffffffc0][0xffffffb7][0x12][0xffffff97][0xfffffff9][0xffffff83]^a[0xffffffc0][0xffffffb1]o%.[0xfffffff9][0xffffff93][0x1d]I[0xffffff89][0xffffff90]o%l [0x19]J[0x4]|+![0xffffffe1][0xffffffac][0xffffffa6]D[0xfffffff0][0xffffffb7][0x12][0xffffffae]<YJ[0xffffffe4]}+[0xffffffe1][0xffffffaa][0xffffff95][0xffffffa3]D[0xffffffca][0xffffffb7][0x12]Z[0xffffffbc][0x7f]N[0xffffff89][0xffffffe1][0xffffffae][0xfffffff3][0x1a][0xffffffd7]C[\r]g[0xf][0xfffffffc]:[0xffffffaf][0x11]p[0xffffff9d][0xffffffd7]0w[0xffffffce][0xffffffd4][0x5]|`[0xffffffd7]y[\r][0xffffffb9]U[0x6][0xffffffa4][0xffffff84][0xffffff89]"B[0x9][0x1b]H[0xffffff84][0x12]&[0xffffff96][0xffffffe5][0xffffff94][0xffffff90]p[0x16]SB"[0x1a]D[0x9]W[0xffffff9e](%|[0xffffff97][0xffffffa2][0xffffff94]p[0xffffffd5][0xffffff8a]QB[0xffffff9b][0x16][0xffffffa2][0xffffff84][0x16][0xffffffef][0x6]%[0xffffffdc]u^c`[0xffffffc3][0xffffffd9][0x3][0xffffffbf][0xffffffce]k[0x4]\[0xffffffe7]5[0xffffffcc][0xffffff9d]3[0xffffff85][0x1][0xffffffc7][0xffffffae][0xfffffff3][0x1a]r[0xffffffab][0xc]I[0xffffff89][0xffffff90][0xffffffeb][0xffffffbc]l [0x19]J[0x4]\[0xffffffe7]%[0xffffffe1][0xffffffac][0xffffffa6]D[0xfffffff0]u^[0xffffffae]<YJ[0xffffffe4]][0xffffffe7][0xffffffe5][0xffffffaa][0xffffff95][0xffffffa3]D[0xffffffca]u^Z[0xffffffbc][0x1b][0xffffff94]p[0xffffffd7]y[0xffffff8d]qw[0xffffff8a][0x12][0xfffffff8]u^#[0xffffffe0]:[0xffffffaf]a[0xffffffee][0xffffff9c])[0xc]8v[0xffffff9d][0xffffffd7][0xffffff90][eHJ[0xffffff84]\[0xffffffe7]e[0x3][0xffffffc9]P"[0xffffffe0]:/[0x9]g5%[0xffffff82][0xffffffaf][0xfffffff3]r[0xffffffe5][0xffffffc9]R"[0xffffffef]:/W[0xffffffad][0x1c]%R[0xffffffae][0xfffffff3][0xffffffd2][0xffffffe2][0xffffffdd][0xffffffa0][0xffffff84][0xffffffbb][0xffffffce]k[0xffffffdc]7[0xfffffff6][0x7][0xe][0xfffffffc]:[0xffffffaf][0x11]p[0xffffff9d][0xffffffd7]0w[0xffffffce][0x14][0x6][0x1c][0xffffffbb][0xffffffce]k[0xffffffc8][0xffffffad]2$%B[0xffffffae][0xfffffff3][0xffffffb2][0xffffff81]d([0x11]p[0xffffff9d][0xffffff97][0xffffff84][0xffffffb3][0xffffff9a][0x12][0xffffffc1][0xffffffd7]y[0xffffffb9][0xfffffff2]d)[0xffffff91]w[0xffffff9d][0xffffff97][0xffffffab]V[0xffffff8e][0x12])[0xffffffd7]yi[0xfffffff1]nP[0xffffffc2]][0xffffffe7]u[0xfffffff7][0x3][0xffffffa3][0x4]~[0xffffff9d][0xffffffd7][0x8][0xffffffb8][0xffffffce]k[0xffffff98];g[\n]"
[DEBUG] http-outgoing-1 << "[0x3][0xffffff8e]][0xffffffe7]5[0xffffffe4]V[0x19][0xffffff92][0x12]![0xffffffd7]y[0xffffffd9]@2[0xffffff94][0x8][0xffffffb8][0xffffffce]K[0xffffffc2]YM[0xffffff89][0xffffffe0][0xffffffeb][0xffffffbc]\y[0xffffffb2][0xffffff94][0xffffffc8][0xffffffbb][0xffffffce][0xffffffcb]U+G[0xffffff89][0xffffff94][0xffffffeb][0xffffffbc][0xffffffb4]x7([0xffffffe1][0xffffffae][0xfffffff3][0xffffffba]O[0xffffff8e][0x12][0xfffffff8]u^#[0xffffffe0]:[0xffffffaf]a[0xffffffee][0xffffff9c])[0xc]8v[0xffffff9d][0xffffffd7][0xffffff90][eHJ[0xffffff84]\[0xffffffe7]e[0x3][0xffffffc9]P"[0xffffffe0]:/[0x9]g5%[0xffffff82][0xffffffaf][0xfffffff3]r[0xffffffe5][0xffffffc9]R"[0xffffffef]:/W[0xffffffad][0x1c]%R[0xffffffae][0xfffffff3][0xffffffd2][0xffffffe2][0xffffffdd][0xffffffa2]D[0xf][0xffffffa3]D[0xffffffc7])[0xffffffd1][0x3]([0xffffffd1]QJt[0xffffff8c][0x12]=[0xffffff89][0x12]k[0x14])Jh )J[0xffffffac][0xffffffb1]$([0xffffffd1]aJ[0xfffffff4]`JHy[0xffffffd2][0xffffff94]0]JSB[0xffffffaa][0xffffff95][0xffffffa4]DO[0xffffffa1]D[0xffffffff]kJ[0xc][0xfffffff7]V[0xffffffe2][0xfffffff9]zL[0xffffff84][0x12][0x3][0x7f]+1[0x2][0xffffffde]J[0xc][0xffffffa5]sa[0xffffffc0][0x7][0xfffffff6]Vb$[0xffffffbd][0xffffff95][0xffffffd0](2[0xffffff94]p[0xffffff81]d([0xffffffa1][0xffffffb1][0xffffffac][0xffffffa7][0xffffffc4][0x1a][0xffffffce]jJ[0xffffffac][0x11]M[0xffffffa2][0xffffff84])O[0xffffff96][0x12][0xffffffb6]KYJ[0xffffff98]j[0xffffffe5](!MKQB[0xffffff8a]w[0xffffff83][0x12]n[0xffffffed][0xfffffff2]y[0xffffff9d][0xffffffd8][0x9][0xe]|[0xffffffed]r[0x4][0xffffffac]][0xe]3[0xffffffc9]V[0x18]pl[0xffffffed]r[0xffffffc8][0xffffffe8][0x1a]I[0xffffff89][0xffffff90][0xffffffb5]K[0x1b]H[0xffffff86][0x12][0x1]k[0xffffff97][0x12][0xffffffce]jJ[0x4][0xffffffaf]][0xffffffba][0xfffffff2]d)[0xffffff91][0xffffffb7]v[0xffffffe9][0xffffffaa][0xffffff95][0xffffffa3]D"
[DEBUG] http-outgoing-1 << "[0xffffffca][0xffffffda][0xffffffa5][0x16][0xffffffef][0x16]%[0xfffffff4][0xf][0x1c],%[0xffffffe8]?p[0xffffffdc][0x1][0x7f][0xffffffe0][0xffffffb8][0xfffffff5]-\i[0xffffffc0][0xffffffa9]?p[0xffffffdc]I[0x7f][0xffffffe0][0xffffffd0](R[0xffffff94]H[0xfffffff9][0x3][0xffffff87][0xffffffc6][0xffffff92][0xffffffa0][0x4][0xfffffffb][0x7][0xffffff8e]5[0xffffffa2]Y[0xffffff94][0x8][0xfffffffb][0x3][0xffffff87][0xffffffed]R[0xffffff9a][0x12]A[0x7f][0xffffffe0][0xffffff90][0xffffffa6][0xffffffe5]([0xfffffff1][0xfffffff7][0x7f][0xffffffe0]p[0xffffffc3][0xffffffd9][0xffffffcf]yP7[0xffffff83][0xe]|8{[0x4][0xc]g[0xf][0xffffffb3][0xffffffee]Z[0x18]pl8{[0xffffffc8]~+I[0xffffff89][0xffffff90][0xffffffe1]l[0x1b]H[0xffffff86][0x12][0x1][0xffffffc3][0xffffffd9][0x12][0xffffffce]jJ[0x4][0xf]g[0xffffffbb][0xfffffff2]d)[0xffffff91]7[0xffffff9c][0xffffffed][0xffffffaa][0xffffff95][0xffffffa3]D[0xffffffca]p[0xffffffb6][0x16][0xffffffef][0x16]%[0xffffffcc][[0x9][0xffffff94][0x12][0xfffffff4][[0xffffff89]'[0xffffffe0][0xffffffad][0xffffffc4][0xffffffa3]t.[\r]8[0xfffffff5]V[0xffffffe2]Iz+[0xffffffa1]Q[0xffffffa4]([0xffffff91][0xfffffff2]VBcIP[0xffffff82]}+[0xffffffb1]F4[0xffffff8b][0x12]ao%l[0xffffff97][0xffffffd2][0xffffff94][0x8]z+!M[0xffffffcb]Q[0xffffffe2][0xffffffef][0xffffffdf]JL[0xfffffff7]V[0xffffffe2][0x1a][0xf]E[0xffffff89][0xffffff89][0xffffffbf][0xffffff95][0xffffff98]N[0xffffffd2][0xffffffc5]y[0xffffff9f]J[0xffffffe7][0xffffffc2][0xffffff80]O[0xffffffec][0xffffffad][0xffffffc4]Lz+[0xffffffa1]Qd([0xffffffe1][0x2][0xffffffc9]PBcYO[0xffffff89]5[0xffffff9c][0xffffffd5][0xffffff94]X#[0xffffff9a]D[0x9]S[0xffffff9e],%l[0xffffff97][0xffffffb2][0xffffff94]0[0xffffffd5][0xffffffca]QB[0xffffff9a][0xffffff96][0xffffffa2][0xffffff84][0x14][0xffffffef][0x16]%[0xffffffcc][[0x9][0xffffff94][0x12][0xfffffff4][[0xffffff89][0x19][0xfffffff0]Vb*[0xffffff9d]K[0x3]N[0xffffffbd][0xffffff95][0xffffff98]Io%4[0xffffff8a][0x14]%R[0xffffffde]Jh,[0x9]J[0xffffffb0]o%[0xffffffd6][0xffffff88]fQ"[0xffffffec][0xffffffad][0xffffff84][0xffffffed]R[0xffffff9a][0x12]Ao%[0xffffffa4]i9J[0xfffffffc][0xfffffff5][[0xffffff89][0xffffffdb][0xffffffdd][0xc]:_[0xfffffffd][0x5]Q[0xffffffe2][0xffffffc6]o[0x6][0xffffffbd][0x3]n[0x6][0xffffffbd][0xffffffcd][0xfffffff5]uu[0x1][0xffffffbf][0xffffffb1][0xffffff9b]Ao[0xffffffb9][0xffffffa0][0xe][0xffffffa4][0xffffff84][0xffffff89]"B[0x9][0x1b]H[0xffffff84][0x12]&[0xffffff96][0xffffffe5][0xffffff94][0xffffff90]p[0x16]SB"[0x1a]D[0x9]W[0xffffff9e](%|[0xffffff97][0xffffffa2][0xffffff94]p[0xffffffd5][0xffffff8a]QB[0xffffff9b][0x16][0xffffffa2][0xffffff84][0x16][0xffffffef][0x6]%[0xffffffdc][0xffffffcd][0xffffffa0][0xffffffb3][0xffffffb5]IQ[0x2][0xffffffbf][0x19][0xfffffff4][0xe][0xffffffb8][0x19][0xfffffff4]6[0xffffffd7][0xffffffd7][0x15][0x6][0x1c][0xffffffbb][0x19][0xfffffff4][0xffffff96][0xb][0xffffffea]HJ[0xffffff84][0xffffffdc][0xc]j[0x3][0xffffffc9]P"[0xffffffe0]fP[0x9]g5%[0xffffff82]o[0x6]u[0xffffffe5][0xffffffc9]R"[0xffffffef]fPW[0xffffffad][0x1c]%Rn[0x6][0xffffffd5][0xffffffe2][0xffffffdd][0xffffffa0][0xffffff84][0xffffffbb][0x19]t~[0xfffffffc][0xfffffff7][0x14]%[0xfffffff0][0xffffff9b]A[0xffffffef][0xffffff80][0xffffff9b]Aos}]a[0xffffffc0][0xffffffb1][0xffffff9b]Ao[0xffffffb9][0xffffffa0][0xffffff8e][0xffffffa4]D[0xffffffc8][0xffffffcd][0xffffffa0]6[0xffffff90][0xc]%[0x2]n[0x6][0xffffff95]pVS"[0xfffffff8]fPW[0xffffff9e],%[0xfffffff2]n[0x6]u[0xffffffd5][0xffffffca]Q"[0xffffffe5]fP-[0xffffffde][\r]J[0xffffffb8][0xffffff9b]A[0xffffffe7][0xffffffcd][0xffffffbd][0xffffff95][0xffffffc0]o[0x6][0xffffffbd][0x3]n[0x6][0xffffffbd][0xffffffcd][0xfffffff5]u[0xffffff85][0x1][0xffffffc7]n[0x6][0xffffffbd][0xffffffe5][0xffffff82]:[0xffffff92][0x12]!7[0xffffff83][0xffffffda]@2[0xffffff94][0x8][0xffffffb8][0x19]T[0xffffffc2]YM[0xffffff89][0xffffffe0][0xffffff9b]A]y[0xffffffb2][0xffffff94][0xffffffc8][0xffffffbb][0x19][0xffffffd4]U+G[0xffffff89][0xffffff94][0xffffff9b]A[0xffffffb5]x7([0xffffffe1]n[0x6][0xffffff9d][0xfffffff7][0xffffff8d]Q[0x2][0xffffffbf][0x19][0xfffffff4][0xe][0xffffffb8][0x19][0xfffffff4]6[0xffffffd7][0xffffffd7][0x15][0x6][0x1c][0xffffffbb][0x19][0xfffffff4][0xffffff96][0xb][0xffffffea]HJ[0xffffff84][0xffffffdc][0xc]j[0x3][0xffffffc9]P"[0xffffffe0]fP[0x9]g5%[0xffffff82]o[0x6]u[0xffffffe5][0xffffffc9]R"[0xffffffef]fPW[0xffffffad][0x1c]%Rn[0x6][0xffffffd5][0xffffffe2][0xffffffdd][0xffffffa0][0xffffff84][0xffffffbb][0x19]t>[0xffffffaf][0xffffff83][0xffffffa2][0x4]~3[0xffffffe8][0x1d]p3[0xffffffe8]m[0xffffffae][0xffffffaf]+[0xc]8v3[0xffffffe8]-[0x17][0xffffffd4][0xffffff91][0xffffff94][0x8][0xffffffb9][0x19][0xffffffd4][0x6][0xffffff92][0xffffffa1]D[0xffffffc0][0xffffffcd][0xffffffa0][0x12][0xffffffce]jJ[0x4][0xffffffdf][0xc][0xffffffea][0xffffffca][0xffffff93][0xffffffa5]D[0xffffffde][0xffffffcd][0xffffffa0][0xffffffae]Z9J[0xffffffa4][0xffffffdc][0xc][0xffffffaa][0xffffffc5][0xffffffbb]A[0x9]w[0x7][0xffffffc7][0xffffff87]%[0xffffffb0][0xffffffb7][0x12][0xfffffff8][0x1d][0x1c]w[0xffffffc0][0x1d][0x1c][0xffffffb7][0x19][0xffffff8a]/[0xc]8v[0x7][0xffffffc7]-S[0xfffffff0]$%B[0xffffffee][0xffffffe0][0xffffffb0][0xffffff81]d([0x11]p[0x7][0xffffff87][0xffffff84][0xffffffb3][0xffffff9a][0x12][0xffffffc1]wp[0xffffffb8][0xfffffff2]d)[0xffffff91]w[0x7][0xffffff87][0xffffffab]V[0xffffff8e][0x12])wph[0xfffffff1]nQ[0xffffffe2][0x8][0xffffffa3][0xffffffc4][0xffffff81]S[0xffffffe2][0x8][0xffffffa0][0xffffffc4][0xffffff81]R[0xffffffe2][0xffffffc0](q$Qb[0xffffff8d]"E[0x9][\r]$E[0xffffff89]5[0xffffff96][0x4]%[0xe][0xffffff98][0x12]G0%[0xffffffa4]<iJ[0xffffff98].[0xffffffa5])![0xffffffd5]JR[0xffffffe2]H[0xffffffa1][0xffffffc4][0xfffffff1][0xffffffd7][0xffffff94][0xffffffd0];8[0xffffff8e][0xffffffd7][0xffffffeb]h[0xffffffd8][0x1f]8[0xfffffff0];8[0xffffffee][0xffffff80];8n3[0x14]_[0x18]p[0xffffffec][0xe][0xffffff8e][[0xffffffa6][0xffffffe0]IJ[0xffffff84][0xffffffdc][0xffffffc1]a[0x3][0xffffffc9]P"[0xffffffe0][0xe][0xe][0x9]g5%[0xffffff82][0xffffffef][0xffffffe0]p[0xffffffe5][0xffffffc9]R"[0xffffffef][0xe][0xe]W[0xffffffad][0x1c]%R[0xffffffee][0xffffffe0][0xffffffd0][0xffffffe2][0xffffffdd][0xffffffa2][0xffffffc4][0xffffffba]vIS[0x2]^[0xffffffbb][0xffffffbc][0x3][0xffffffee][0xffffffe0][0xffffffb8][0xffffffcd]P|i[0xffffffc0][0xffffffa1][0xffffffb5][0xffffffcb][[0xffffffa6][0xffffffe0]YJD[0xffffffac]][0xffffffda]@R[0xffffff94][0xffffffc0][0xffffffd7].%[0xffffff9c][0xfffffff5][0xffffff94][0xffffff88]][0xffffffbb]t[0xffffffe5]IS"m[0xffffffed][0xffffffd2]U+I[0xffffff89][0xffffff8c][0xffffffb5]K-[0xffffffde]-J[0xffffffdc]a[0xffffff94][0xffffffb8]qJ[0xffffffdc][0x1][0xffffff94][0xffffffb8]QJ[0xffffffdc][0x18]%[0xffffffee]$J[0xffffffac]Q[0xffffffa4]([0xffffffa1][0xffffff81][0xffffffa4]([0xffffffb1][0xffffffc6][0xffffff92][0xffffffa0][0xffffffc4][\r]S[0xffffffe2][0xe][0xffffffa6][0xffffff84][0xffffff94]'M[0x9][0xffffffd3][0xffffffa5]4%[0xffffffa4]ZIJ[0xffffffdc])[0xffffff94][0xffffffb8][0xffffffff][0x3]J[0xffffffb4]4K4[0x1e][0x13]-A[0x13][0xffffff8d][0xffffffe5]D[0xffffffe3]<[0xffffffd1][0xffffffa2]@!y[0xffffffa4]DaRI[0xffffff91]B[0xffffffb2]I[0xffffff98][0xffffffa2][0xffffffd1][0xffffffa8]h[0xffffffc9][0xffffffaa][0xffffffd0][0x1a][0xffffffa5]Y[0xffffffe1]Z[0xffffff95]v[0xffffff85][0xffffff96],[0x9][0xffffff8b][0xffffffb5]s9Y[0xffffffac][0x15][0xffffffbc]E[0xffffff8b]>[0xffffffc2]h[0xffffffd1][0x7]N[0xffffff8b][0xffffff8f]G[0xffffffe0]i[0xfffffff1][0xffffffe3]!(Z|[0xfffffffc]<E[0xffffff8b][0xffffffef][0xffffff9f]N[0xffffffa1][0xffffff85][0xffffffe4][0xffffff91][0xffffffa2][0xffffff85]I%E[0xb][0xffffffc9]&A[0xffffff8b]%[0xffffffa1][0xfffffff5][0xffffffb4]Xr[0xffffff9a]E[0xb][0xffffffad]Q[0xffffff9a][0x16][0xffffffae]UiZh[0xffffffc9][0xffffff92][0xffffffb4]X;[0xffffff97][0xffffffa3][0xffffffc5]Z[0xffffffc1][[0xffffffb4]8[0xffffffd2]hq[0xfffffff0][0xffffffb4]8[0x12]hq[0xffffffb0][0xffffffb4]88Z[0x1c]Q[0xffffffb4][0xffffff90]<R[0xffffffb4]0[0xffffffa9][0xffffffa4]h![0xffffffd9]$hq[0xffffffd0][0xffffffb4]8[0xffffff92]i[0xffffffa1]5J[0xffffffd3][0xffffffc2][0xffffffb5]*M[0xb]-Y[0xffffff92][0x16]k[0xffffffe7]r[0xffffffb4]X+x[0xffffff8b][0x16][0xffffffd7][0x15]F[0xffffff8b][0xffffffeb][0xffffffc2]i[0xfffffff1][0xfffffff1][0x8]<-~<[0x4]E[0xffffff8b][0xffffff8f][0xffffff9f][0xffffffa7]h[0xfffffff1][0xfffffffd][0xffffffd3])[0xffffffb4][0xffffff90]<R[0xffffffb4]0[0xffffffa9][0xffffffa4]h![0xffffffd9]$h[0xffffffb1]$[0xffffffb4][0xffffff9e][0x16]KN[0xffffffb3]h[0xffffffa1]5J[0xffffffd3][0xffffffc2][0xffffffb5]*M[0xb]-Y[0xffffff92][0x16]k[0xffffffe7]r[0xffffffb4]X+x[0xffffff8b][0x16][0xffffffa3][0xffffff85][0xffffffd1]b4[0xffffff9c][0x16][0x1f][0xffffff8f][0xffffffc0][0xffffffd3][0xffffffe2][0xffffffc7]CP[0xffffffb4][0xfffffff8][0xfffffff8]y[0xffffff8a][0x16][0xffffffdf]?[0xffffff9d]B[0xb][0xffffffc9]#E[0xb][0xffffff93]J[0xffffff8a][0x16][0xffffff92]M[0xffffff82][0x16]KB[0xffffffeb]i[0xffffffb1][0xffffffe4]4[0xffffff8b][0x16]Z[0xffffffa3]4-\[0xffffffab][0xffffffd2][0xffffffb4][0xffffffd0][0xffffff92]%i[0xffffffb1]v.G[0xffffff8b][0xffffffb5][0xffffff82][0xfffffff7]h[0xffffff91]v[0xffffffba]t[0xfffffff0][0xffffffc7]KG[0xffffffc2][0xfffffff9][0xffffffd2][0xffffffc1][0x1e]0[0x1d][0xffffffdc][0x9][0xffffffd3][0x11]u[0xffffffc4]T[0xfffffff2][0xffffff88][0xffffffd1]"[0xffffffe7][0xffffff90][0xffffffa9]d[0x13][0xffffffa1][0x5]}[0xffffffcc]t$[0xffffff9f]3[0xffffffd5][0x1a][0xffffffc5]i[0x11]x[0xffffffd2]TK[0x16][0xffffffa5]E[0xffffffcc]Y[0xffffffd3][0xffffffb5][0xffffff82][0xfffffff7]h[0xffffffb1][0xffffffce]i[0xffffffe2][0xffffffb4][0xffffffa0][0xfffffff7]4[0xffffffbf][0x1e]![0xffffff80][0x16][0xffffffe4][0xffffffa2][0xffffffe6][0xffffffd7][0xffffffcf]c[0xffffffb4][0x8][0xffffffda][0xffffffd4]4y[0xffffffc4]h[0xffffff91][0xffffffb2][0xffffffaa]i[0xffffffb2][0xffffff89][0xffffffd0][0xffffff82][0xffffffdd][0xffffffd5][0xffffff94][0xffffff9c][0xffffff86][0xffffffd1]"lY[0xffffffd3][0xffffffb7]*N[0xffffff8b][0xffffffa0]mM[0xffffffed]\[0xffffff90][0x16][0xffffffff][0xffffffc5][0xffffffba]f[0xffffff8b];"[0xffffffd2][0x2][0xffffffce][0xffffff88][0xffffffb4][0xffffff88]C"M?`.[0xffffff8d]z[0x3][0xffffff8f][0xffffff89][0xffffffb4][0xffffffac]s"[0x1a]JJ[0x18].[0xffffff9a][0x14]14[0xffffffa0][0xffffff84]1[0xffffffd6][0xffffff98][0xffffffd6]#c[\r]k[0xffffff96]2L[0xffffffa1][0xffffffd2][0xffffffcc][0xffffffb0][0xfffffffd]J;[0xffffffc3][0xffffffd4]-[0x9][\r]i_N[0x1a]R[0xffffffc6][0xffffff9b][0xffffffd4][0xffffff88][0x1b][0xffffffba][0xffffffe8][0x1]K[0x17]=b[0xffffffea][0xffffffa2][0xffffffc3][[0x17][0x1d][0x1c][0xffffffbb][0xffffffe8]Yk[0x17][0x12]J[0xffffff8e][0x1a]A{[0x17][0x12]P[0xffffff86][0x1a][0xfffffff8][0xffffffe2]E[0xffffff8f][0xffffff9e][0xffffffbc][0xffffffd0]B[0xffffffe5][0xffffffa9][0xffffff91]8z[0xffffffa1]u[0xffffffcb]R#g[0xfffffff6]b-[0xffffffe3]=j<i[0x1f]c|<[0x11]O[0xffffff8d]'[0xffffffe1]s[0xffffff8c][0xffffff9f]O[0xffffff81]Q[0xffffffe3][0xffffffe1]>[0xffffffc8][0xfffffff8][0xfffffff1][0xffffffdb]1[0xffffffd4][0xffffff90]Pb[0xffffffd4]0[0xffffffd1][0xffffffc4][0xffffffa8]![0x1]E[0xffffffa8][0xfffffff1][0xffffffd0]_e[0xffffffac]a[\r][0xffffffa3][0xffffff86][0x16]*N[\r][0xffffffd7][0xffffffaf]85[0xffffffb4]nQj[0xffffffac][0xffffffed][0xb]Rc-[0xffffffe3]?[0xffffffa1][0xffffffc6][0xfffffffd][0xfffffff5][0xffffffaf]<[0xffffff87][0xffffffb9][0xffffff9e][0xffffffac][0xffffffbf][0xffffffee][0xffffffa7][0x1c][0x1a][0xffffffbf][0xffffff9f][0xffffff87]b[0xffffffc6]?[0xffffff9e][0x0]C[0xffffffc6][0xfffffff2][0xc][0xffffffc5][0xffffffc4][0xfffffff8][0xffffffc7][0xffffffaf][0x17][0x3][0xffffffe3][0x7f][0x7f][0x19][0xffffffe6][0xffffffc5][0xffffffdb]([0x16][0xffffffe3][0xffffffe2]_[0x2]YL[0xffffff8b][0xffffffb7][0xffffffb1],[0xffffff84][0xffffffc5][0xffffff9b]p[0xffffff96][0xffffffb1][0xffffffe2]MD#P[0xfffffff1][0xffffffbe]<!R[0xfffffffc][[0xffffff97]B[0xffffffa0]x_[0xffffffad][0x0]'[0xffffffde]5m9&[0xffffffde][0x15][0xffffffef][0x6]%NG[0xffffff89][0xffffffe3]:)J[0xffffff9c]8%[0xffffffce][0x0]J[0xffffff9c][0xffffff9a][0xfffffff7][0xffffffc2][0xffffff80][0xffffff9f][0x18]%[0xffffffce]$Jh[0x14][0x19]J[0xffffffb8]@2[0xffffff94][0xffffffd0]X[0xffffffd6]Sb[\r]g5%[0xffffffd6][0xffffff88]&Q[0xffffffc2][0xffffff94]'K[0x9][0xffffffdb][0xffffffa5],%L[0xffffffb5]r[0xffffff94][0xffffff90][0xffffffa6][0xffffffa5](![0xffffffc5][0xffffffbb]A[0xffffff89][0xffffffcb]Q[0xffffffe2][0xffffffea][0xffffff8d][0xffffffa2][0xffffffc4][0xffffff85]S[0xffffffe2][\n]"
[DEBUG] http-outgoing-1 << "[0xffffffa0][0xffffffc4][0xffffffa5]y/[0xc][0xfffffff8][0xffffff85]Q[0xffffffe2]J[0xffffffa2][0xffffff84]F[0xffffff91][0xffffffa1][0xffffff84][0xb]$C[0x9][0xffffff8d]e=%[0xffffffd6]pVSb[0xffffff8d]h[0x12]%Ly[0xffffffb2][0xffffff94][0xffffffb0]][0xffffffca]R[0xffffffc2]T+G[0x9]iZ[0xffffff8a][0x12]R[0xffffffbc][0x1b][0xffffff94][0x18][0xffffff8e][0x12][0xfffffff3]k[0xffffffa1][0x13][0xffffffa1][0xffffffc4][0xffffffc0])1[0x2](14[0xffffffef][0xffffff85][0x1][0x1f][0x18]%F[0x12]%4[0xffffff8a][0xc]%\ [0x19]Jh,[0xffffffeb])[0xffffffb1][0xffffff86][0xffffffb3][0xffffff9a][0x12]kD[0xffffff93](a[0xffffffca][0xffffff93][0xffffffa5][0xffffff84][0xffffffed]R[0xffffff96][0x12][0xffffffa6]Z9JH[0xffffffd3]R[0xffffff94][0xffffff90][0xffffffe2][0xffffffdd][0xffffffa0][0xffffffc4]m([0xfffffff1][0xfffffff9][0x1f][0xffffff8a][0x12]7N[0xffffff89];[0xffffff80][0x12][0xffffffb7][0xffffffe6][0xffffffbd]0[0xffffffe0]7F[0xffffff89];[0xffffff89][0x12][0x1a]E[0xffffff86][0x12].[0xffffff90][0xc]%4[0xffffff96][0xfffffff5][0xffffff94]X[0xffffffc3]YM[0xffffff89]5[0xffffffa2]I[0xffffff94]0[0xffffffe5][0xffffffc9]R[0xffffffc2]v)K[0x9]S[0xffffffad][0x1c]%[0xffffffa4]i)JH[0xfffffff1]nP[0xffffffe2][0xffffffb1][0xffffff94]xN[0xffffff8a][0x12][0xf]N[0xffffff89]'[0xffffff80][0x12][0xffffff8f][0xffffffe6][0xffffffbd]0[0xffffffe0][0xf]F[0xffffff89]'[0xffffff89][0x12][0x1a]E[0xffffff86][0x12].[0xffffff90][0xc]%4[0xffffff96][0xfffffff5][0xffffff94]X[0xffffffc3]YM[0xffffff89]5[0xffffffa2]I[0xffffff94]0[0xffffffe5][0xffffffc9]R[0xffffffc2]v)K[0x9]S[0xffffffad][0x1c]%[0xffffffa4]i)JH[0xfffffff1]nPb:J4[0xffffffee][0xffffffad][0xffffffc4][0xffffffc4])1[0x3](15[0xffffffef][0xffffff85][0x1][0xffffff9f][0x18]%f[0x12]%4[0xffffff8a][0xc]%\ [0x19]Jh,[0xffffffeb])[0xffffffb1][0xffffff86][0xffffffb3][0xffffff9a][0x12]kD[0xffffff93](a[0xffffffca][0xffffff93][0xffffffa5][0xffffff84][0xffffffed]R[0xffffff96][0x12][0xffffffa6]Z9JH[0xffffffd3]R[0xffffff94][0xffffff90][0xffffffe2][0xfffffffd]sJ[0xffffffcc][0xffffff97][0xffffffa5][0xffffffc4]=!J|>[0xf]K[0xffffff89][0xffffffaf]'[0xffffff80])[0xfffffff1][0xffffffeb][0x19][0x10]J|[0xfffffffd]:B[0xffffff89][0xffffff9f][0xffffffbf][0x1c]A[0x9][0x13]E[0xffffff84][0x12]6[0xffffff90][0x8]%L,[0xffffffcb])![0xffffffe1],[0xffffffa6][0xffffff84]D4[0xffffff88][0x12][0xffffffae]<QJ[0xfffffff8].E)[0xffffffe1][0xffffffaa][0x15][0xffffffa3][0xffffff84]6-D[0x9]-[0xffffffde][\r]J4G[0xffffff89][0xfffffffe]Po%>[0xffffff9f][0x7][0xffffffa6]D[0xb][0xffffffa0]D[0xffffffd3][0xffffffbc][0x17][0x6][0xffffffbc]a[0xffffff94]hI[0xffffff94][0xffffffd0](2[0xffffff94]p[0xffffff81]d([0xffffffa1][0xffffffb1][0xffffffac][0xffffffa7][0xffffffc4][0x1a][0xffffffce]jJ[0xffffffac][0x11]M[0xffffffa2][0xffffff84])O[0xffffff96][0x12][0xffffffb6]KYJ[0xffffff98]j[0xffffffe5](!MKQB[0xffffff8a]w[0xffffff83][0x12][0xffffffdd]Q[0xffffffe2]:[0xffffffb1][0xffffffb7][0x12][0x1d][0xffffffa7]D[0xf][0xffffffa0]D[0xffffffd7][0xffffffbc][0x17][0x6][0xffffffbc]c[0xffffff94][0xffffffe8]I[0xffffff94][0xffffffd0](2[0xffffff94]p[0xffffff81]d([0xffffffa1][0xffffffb1][0xffffffac][0xffffffa7][0xffffffc4][0x1a][0xffffffce]jJ[0xffffffac][0x11]M[0xffffffa2][0xffffff84])O[0xffffff96][0x12][0xffffffb6]KYJ[0xffffff98]j[0xffffffe5](!MKQB[0xffffff8a]w[0xffffff83][0x12]n[0xffffffed][0xfffffff2][0xffffffb8][0x1b]F[0x9]|[0xffffffed]r[0x6][0xffffffac]]N3[0xffffffc9]V[0x18]pl[0xffffffed]r[0xffffffca][0xffffffe8][0x1a]I[0xffffff89][0xffffff90][0xffffffb5]K[0x1b]H[0xffffff86][0x12][0x1]k[0xffffff97][0x12][0xffffffce]jJ[0x4][0xffffffaf]][0xffffffba][0xfffffff2]d)[0xffffff91][0xffffffb7]v[0xffffffe9][0xffffffaa][0xffffff95][0xffffffa3]D[0xffffffca][0xffffffda][0xffffffa5][0x16][0xffffffef][0x16]%z[0x18]%[0xffffffb0][0xfffffffb]9[0xfffffffe][0xfffffff1][0x4]<%[0xffffff90][0xffffffbb]9[0xfffffffe][0xfffffff1][0xffffffeb][0x14]%[0x12][0xffffffee][0xffffffe5]x[0x1b]E[0xffffff8a][0x12][0xfffffff8][0xffffff9d][0x1c]ocIP[0x2][0xffffffba][0xffffff8f][0xffffffe3]MD[0xffffffb3]([0xffffff91]r[0x17][0xffffffc7][0xffffffbf]u)M[0xffffff89][0xffffff84]{8[0xffffffde]5-G[0xffffff89][0xffffffbf][0xffffffbe][0xffffff83]c[0xffffffba][0xffffffe1][0xffffffec][0xffffffb3][0xffffffbf][0xffffffa8][0xffffffb5][0xffffffcb][0xffffff89][0xf]g[0xffffffcf][0xffffff80][0xffffffe1][0xffffffec]i[0xffffffd6]][0xb][0x3][0xffffff8e][\r]gO[0xffffffd9]o%)[0x11]2[0xffffff9c]m[0x3][0xffffffc9]P"`8[[0xffffffc2]YM[0xffffff89][0xffffffe0][0xffffffe1]lW[0xffffff9e],%[0xfffffff2][0xffffff86][0xffffffb3]][0xffffffb5]r[0xffffff94]H[0x19][0xffffffce][0xffffffd6][0xffffffe2][0xffffffdd][0xffffffa0][0xffffff84][0x1b][0xffffffce]>[0xffffff8f]qS[0xffffff94][0xffffffc0][0xffffff87][0xffffffb3]g[0xffffffc0]p[0xfffffff6]4[0xffffffeb][0xffffffae][0xffffff85][0x1][0xffffffc7][0xffffff86][0xffffffb3][0xffffffa7][0xffffffec][0xffffffb7][0xffffff92][0xffffff94][0x8][0x19][0xffffffce][0xffffffb6][0xffffff81]d([0x11]0[0xffffff9c]-[0xffffffe1][0xffffffac][0xffffffa6]D[0xfffffff0]p[0xffffffb6]+O[0xffffff96][0x12]y[0xffffffc3][0xffffffd9][0xffffffae]Z9J[0xffffffa4][0xc]gk[0xfffffff1]nP[0xffffffc2][\r]g[0xffffff9f]w[0xffffffa7][0xffffff86][0xffffffb3]'>[0xffffff9c]=[0x3][0xffffff86][0xffffffb3][0xffffffa7]Yw-[0xc]86[0xffffff9c]=e[0xffffffbf][0xffffff95][0xffffffa4]D[0xffffffc8]p[0xffffffb6][\r]$C[0xffffff89][0xffffff80][0xffffffe1]l[0x9]g5%[0xffffff82][0xffffff87][0xffffffb3]]y[0xffffffb2][0xffffff94][0xffffffc8][0x1b][0xffffffce]v[0xffffffd5][0xffffffca]Q"e8[[0xffffff8b]w[0xffffff83][0x12][0xffffffb7][0xffffffa1][0xffffffc4][0xfffffff5]z[0xffffffb0]?p[0xffffffdc]8%[0xffffffee][0x0]J[0xffffffdc][0xffffff9a][0xfffffff7][0xffffffc2][0xffffff80][0xffffffdf][0x18]%[0xffffffee]$Jh[0x14][0x19]J[0xffffffb8]@2[0xffffff94][0xffffffd0]X[0xffffffd6]Sb[\r]g5%[0xffffffd6][0xffffff88]&Q[0xffffffc2][0xffffff94]'K[0x9][0xffffffdb][0xffffffa5],%L[0xffffffb5]r[0xffffff94][0xffffff90][0xffffffa6][0xffffffa5](![0xffffffc5][0xffffffbb]A[0xffffff89][0xffffffe7][0xffffffff][0xe][0xffffffa5][0xffffffc4][0xffffffd1][0x1e][0xffffff8a][0x12][0x1f][0xffffffcf][0x3]S[0xffffffe2][0xfffffff3][0x9]hJ[0xfffffffc]|[0x6][0xffffff86][0x12][0xffffff9f][0xffffffbf][0xffffffce]P[0xffffffe2][0xffffffc7]/gPB[0xffffffa3][0xffffffc8]P[0xffffffc2][0x5][0xffffff92][0xffffffa1][0xffffff84][0xffffffc6][0xffffffb2][0xffffff9e][0x12]k8[0xffffffab])[0xffffffb1]F4[0xffffff89][0x12][0xffffffa6]<YJ[0xffffffd8].e)a[0xffffffaa][0xffffff95][0xffffffa3][0xffffff84]4-E[0x9])[0xffffffde][\r]JLs[0xffffff82][0xffffffe3][0x1a]w[0xffffffa7](1[0xfffffff1][0x13][0x1c]3[0xffffffe0][0x4][0xffffffc7][0xffffffd4][0xffffffcf][0xffffff8c][0xb][0x3]>[0xffffffb1][0x13][0x1c]3[0xffffffe9][0x4][0xffffff87]F[0xffffff91][0xffffffa1][0xffffff84][0xb]$C[0x9][0xffffff8d]e=%[0xffffffd6]pVSb[0xffffff8d]h[0x12]%Ly[0xffffffb2][0xffffff94][0xffffffb0]][0xffffffca]R[0xffffffc2]T+G[0x9]iZ[0xffffff8a][0x12]R[0xffffffbc][[0xffffff94]8[0xffffffc3](q[0xffffffe2][0xffffff94]8[0x3](q[0xffffffa2][0xffffff94]81J[0xffffff9c]I[0xffffff94]X[0xffffffa3]HQB[0x3]IQb[0xffffff8d]%A[0xffffff89][0x13][0xffffffa6][0xffffffc4][0x19]L[0x9])O[0xffffff9a][0x12][0xffffffa6]KiJH[0xffffffb5][0xffffff92][0xffffff94]8S(q[0xfffffffe]%%[0xffffffae][0xffffff97][0xffffffbb][0xffffff83]c[0xffffffbc][0xe]hW[0xffffffe2][0xffffffeb]yPJ|?[0x1]K[0xffffff89][0xffffffdf][0xffffffcf]@P[0xffffffe2][0xfffffffb][0xffffffd7][0x9]J[0xfffffffc][0xfffffffa][0xffffffe5][0x4]J[0xffffffb8]([0x12][0xffffff94][0xfffffff0][0xffffff81]$([0xffffffe1]bYM[0x9][\r]g-%4[0xffffffa2]9[0xffffff94][0xffffffb0][0xffffffe5]IR[0xffffffe2]M[0xffffff97][0xffffff92][0xffffff94][0xffffffb0][0xffffffd5]JQ[0xffffffc2]4-C[0x9]S[0xffffffbc][0x1b][0xffffff94]pwp[0xffffff8c][0xffffffd7][0xffffff84][0xffffffee][0xffffffe0][0xfffffff8]z[0x1e][0xffffff98][0x12][0xfffffffc][0x1d][0x1c][0xffffffbf][0xffffff9f][0xffffff81][0xffffffa1][0x4]u[0x7][0xffffffc7][0xffffffaf]_[0xffffffce][0xffffffa0]D[0xffffffc6][0x1d][0x1c]>[0xffffff90][0xc]%[0xfffffff8];84[0xffffff9c][0xffffffd5][0xffffff94][0xffffffc8][0xffffffbd][0xffffff83][0xffffffc3][0xffffff96]'K[0xffffff89][0xffffffb8];8l[0xffffffb5]r[0xffffff94][0x8][0xffffffb9][0xffffff83][0xffffffc3][0x14][0xffffffef][0x6]%nG[0xffffff89][0xffffff9b][0xfffffffa][0xffffffec][0xfffffff2][0xffffffeb]y`J[0xffffffdc][0x1][0xffffff94][0xffffffb8]5[0xffffffef][0xffffff85][0x1][0xffffffbf]1J[0xffffffdc]I[0xffffff94][0xffffffd0](2[0xffffff94]p[0xffffff81]d([0xffffffa1][0xffffffb1][0xffffffac][0xffffffa7][0xffffffc4][0x1a][0xffffffce]jJ[0xffffffac][0x11]M[0xffffffa2][0xffffff84])O[0xffffff96][0x12][0xffffffb6]KYJ[0xffffff98]j[0xffffffe5](!MKQB[0xffffff8a]w[0xffffff83][0x12][0xffffff8f][0xffffffa1][0xffffffc4][0xffffffdd][0x6][0xfffffff6]V[0xffffffe2][0xffffffc1])[0xfffffff1][0x4]P[0xffffffe2][0xffffffd1][0xffffffbc][0x17][0x6][0xfffffffc][0xffffffc1]([0xfffffff1]$QB[0xffffffa3][0xffffffc8]P[0xffffffc2][0x5][0xffffff92][0xffffffa1][0xffffff84][0xffffffc6][0xffffffb2][0xffffff9e][0x12]k8[0xffffffab])[0xffffffb1]F4[0xffffff89][0x12][0xffffffa6]<YJ[0xffffffd8].e)a[0xffffffaa][0xffffff95][0xffffffa3][0xffffff84]4-E[0x9])[0xffffffde][\r]JLG[0xffffff89]c@[0xffffff9f]]~=[0xf]L[0xffffff89][0x19]@[0xffffff89][0xffffffa9]y/[0xc][0xfffffff8][0xffffffc4](1[0xffffff93]([0xffffffa1]Qd([0xffffffe1][0x2][0xffffffc9]PBcYO[0xffffff89]5[0xffffff9c][0xffffffd5][0xffffff94]X#[0xffffff9a]D[0x9]S[0xffffff9e],%l[0xffffff97][0xffffffb2][0xffffff94]0[0xffffffd5][0xffffffca]QB[0xffffff9a][0xffffff96][0xffffffa2][0xffffff84][0x14][0xffffffef][0xffffff9f]S[0xffffffa2][0xffffffb9][0xffffffcf].[0xffffffef][0xffffffe7][0xffffffa0][0xffffffde]J4[0xfffffffc][0xffffffb3][0xffffffcb][0x16][0xfffffff0][0xffffffd9]e3[0xffffffdf][0x6][0xffffffd5][0x5][0xffffffbc]a[0xffffff9f]]6[0xfffffff9][0xfffffffa][0x7][0xffffffa4][0xffffff84][0xffffff89]"B[0x9][0x1b]H[0xffffff84][0x12]&[0xffffff96][0xffffffe5][0xffffff94][0xffffff90]p[0x16]SB"[0x1a]D[0x9]W[0xffffff9e](%|[0xffffff97][0xffffffa2][0xffffff94]p[0xffffffd5][0xffffff8a]QB[0xffffff9b][0x16][0xffffffa2][0xffffff84][0x16][0xffffffef][0x16]%[0xffffffce]0J[0xffffffb0][0xffffff87]A[0xffffffbf][0xffffff9f][0xffffff80][0xffffffa7][0x4]w[0x18][0xfffffff4][0xfffffffb][0xffffffd7])J[0xffffffc4][0x1c][0x6]uQ[0xffffffa4]([0xffffff91]q[0x18][0xffffffd4][0xffffffc5][0xffffff92][0xffffffa0][0x4]y[0x18]T#[0xffffff9a]E[0xffffff89][0xffffffa8][0xffffffc3][0xffffffa0]o[0xffffffba][0xffffff94][0xffffffa6]D[0xffffffcc]aP[0xffffffd3][0xffffffb4][0x1c]%[0xfffffffe][0xfffffffa]0hs'8[0xffffffee][0xffffff89]}+[0xffffffd1][0xfffffff0][0x13][0x1c]-[0xffffffe0][0x4]G3[0xffffff9f][0x19][0x17][0x6][0x1c];[0xffffffc1][0xffffffd1][0xffffffe4]Cb[0xffffff92][0x12]!'8l [0x19]J[0x4][0xffffff9c][0xffffffe0][0xffffff90]pVS"[0xfffffff8][0x4][0xffffff87]+O[0xffffff96][0x12]y'8\[0xffffffb5]r[0xffffff94]H9[0xffffffc1][0xffffffa1][0xffffffc5][0xffffffbb]A[0xffffff89]n([0xfffffff1][0xffffff9c][0xffffff8d][0xfffffffa]V[0xffffffe2][0xfffffff3]y`J[0xfffffff4][0x0]Jt[0xffffffcd]{a[0xffffffc0];F[0xffffff89][0xffffff9e]D[0x9][0xffffff8d]"C[0x9][0x17]H[0xffffff86][0x12][0x1a][0xffffffcb]zJ[0xffffffac][0xffffffe1][0xffffffac][0xffffffa6][0xffffffc4][0x1a][0xffffffd1]$J[0xffffff98][0xfffffff2]d)a[0xffffffbb][0xffffff94][0xffffffa5][0xffffff84][0xffffffa9]V[0xffffff8e][0x12][0xffffffd2][0xffffffb4][0x14]%[0xffffffa4]x7([0xffffffe1].[0x19][0xffffff9f][0xffffffaf][0x17]u[0x18][0xffffffb4][0xffffffd1][0xffffff97][0xffffff8c][0x7f]?[0x1]M[0x9][0xfffffff2][0xffffff92][0xfffffff1][0xffffffef]_g([0x11]t[0xffffffc9][0xffffffb8][0xffffff8b]"C[0xffffff89][0xffffff94]K[0xffffffc6]],[0xffffffeb])[0xffffffc1]^2[0xffffffae][0x11]M[0xffffffa2]D[0xffffffd8]%[0xffffffe3]o[0xffffffba][0xffffff94][0xffffffa5]D[0xffffffd0]%[0xffffffe3][0xffffffa6]i)J[0xfffffffc][0xfffffffd]%[0xffffffe3]Ws[0xffffff97][0xffffff8c][0xffffffcf][0xffffffd7][0xffffffc0](A_2[0xfffffffe][0xfffffffd][0x4]4%[0xffffffc8]K[0xffffffc6][0xffffffbf][0x7f][0xffffff9d][0xffffffa1]D[0xffffffd0]%[0xffffffe3].[0xffffff8a][0xc]%R.[0x19]w[0xffffffb1][0xffffffac][0xffffffa7][0x4]{[0xffffffc9][0xffffffb8]F4[0xffffff89][0x12]a[0xffffff97][0xffffff8c][0xffffffbf][0xffffffe9]R[0xffffff96][0x12]A[0xffffff97][0xffffff8c][0xffffff9b][0xffffffa6][0xffffffa5]([0xfffffff1][0xfffffff7][0xffffff97][0xffffff8c]_[0xffffffed]v[0xffffff94]h[0xffffffe7]MQ[0xffffffe2][0xffffffc6])q[0x7]P[0xffffffe2][0xffffffd6][0xffffffbc][0x17][0x6][0xfffffffc][0xffffffc6](q'QB[0xffffffa3][0xffffffc8]P[0xffffffc2][0x5][0xffffff92][0xffffffa1][0xffffff84][0xffffffc6][0xffffffb2][0xffffff9e][0x12]k8[0xffffffab])[0xffffffb1]F4[0xffffff89][0x12][0xffffffa6]<YJ[0xffffffd8].e)a[0xffffffaa][0xffffff95][0xffffffa3][0xffffff84]4-E[0x9])[0xffffffde][\r]J<[0xffffffe6]f[0xffffffd0][0xffffffd9][0xffffffe7]IQ[0xffffffe2][0xffffff81]o[0x6][0xfffffffd]~[0x2][0xffffff9a][0x12][0xffffff8f]^_W[0x18][0xfffffff0][0x7][0xffffffba][0x19][0xfffffff4][0xffffffd7]/gPB[0xffffffa3][0xffffffc8]P[0xffffffc2][0x5][0xffffff92][0xffffffa1][0xffffff84][0xffffffc6][0xffffffb2][0xffffff9e][0x12]k8[0xffffffab])[0xffffffb1]F4[0xffffff89][0x12][0xffffffa6]<YJ[0xffffffd8].e)a[0xffffffaa][0xffffff95][0xffffffa3][0xffffff84]4-E[0x9])[0xffffffde][\r]J[0xffffffb8][0xffffff89][0xffffffaa]y[0xffffff9f][0xffffff8d][0xffffffa2][0x4]>Q[0xffffffd5][0x2]&[0xffffffaa][0xffffff9a][0xffffffd9]Q)[0xc]86Q[0xffffffd5]d)[0xffffff85][0xffffffa4]D[0xffffffc8]D[0xffffff95][\r]$C[0xffffff89][0xffffff80][0xffffff89]*[0x9]g5%[0xffffff82]'[0xffffffaa]\y[0xffffffb2][0xffffff94][0xffffffc8][0xffffff9b][0xffffffa8]r[0xffffffd5][0xffffffca]Q"e[0xffffffa2]J[0xffffff8b][0xfffffff7][0xffffffcf])[0xffffffd1][0xffffffdd]D[0xffffffd5]|[0x1e][0xffffffea]0h[0xffffffc7]'[0xffffffaa]z[0xffffffc0]DU7;*u[0x1][0xffffffef][0xffffffd8]DU[0xffffff97][0xffffffa5][0x14][0xffffff90][0x12]&[0xffffff8a][0x8]%l [0x11]J[0xffffff98]X[0xffffff96]SB[0xffffffc2]YL[0x9][0xffffff89]h[0x10]%\y[0xffffffa2][0xffffff94][0xfffffff0]][0xffffff8a]R[0xffffffc2]U+F[0x9]mZ[0xffffff88][0x12]Z[0xffffffbc][0x1b][0xffffff94]0[0xffffffbb][0x12][0xffffffed][0xffffffd5][0x6][0xfffffff5][0xffffffad]D[0xffffffc7]w%z[0xffffffc0][0xffffffae]D7[0xffffff87][0xffffff9f][0xb][0x3][0xffffff8e][0xffffffed]Jt9[0xffffffde]LR"dW[0xffffffc2][0x6][0xffffff92][0xffffffa1]D[0xffffffc0][0xffffffae][0xffffff84][0xffffff84][0xffffffb3][0xffffff9a][0x12][0xffffffc1][0xffffffbb][0x12][0xffffffae]<YJ[0xffffffe4][0xffffffed]J[0xffffffb8]j[0xffffffe5]([0xffffff91][0xffffffb2]+[0xffffffa1][0xffffffc5][0xffffffbb]A[0x9][0xffffffb3]+[0xffffffd1]^[0xffffffd7]sR[0xffffff94][0xffffffc0]w%z[0xffffffc0][0xffffffae]D7[0xffffff87][0xffffff9f][0xb][0x3][0xffffff8e][0xffffffed]Jt9[0xffffffde]LR"dW[0xffffffc2][0x6][0xffffff92][0xffffffa1]D[0xffffffc0][0xffffffae][0xffffff84][0xffffff84][0xffffffb3][0xffffff9a][0x12][0xffffffc1][0xffffffbb][0x12][0xffffffae]<YJ[0xffffffe4][0xffffffed]J[0xffffffb8]j[0xffffffe5]([0xffffff91][0xffffffb2]+[0xffffffa1][0xffffffc5][0xffffffbb]A[0xffffff89][0xffffffc3]QbN[0xffffffec][0xf][0x1c][0x7]N[0xffffff89]#[0xffffff80][0x12][0xffffff87][0xffffffe6][0xffffffbd]0[0xffffffe0][0x7]F[0xffffff89]#[0xffffff89][0x12][0x1a]E[0xffffff86][0x12].[0xffffff90][0xc]%4[0xffffff96][0xfffffff5][0xffffff94]X[0xffffffc3]YM[0xffffff89]5[0xffffffa2]I[0xffffff94]0[0xffffffe5][0xffffffc9]R[0xffffffc2]v)K[0x9]S[0xffffffad][0x1c]%[0xffffffa4]i)JH[0xfffffff1]nQ[0xffffffe2][0xc][0xffffffa3][0x4]|[0x7][0xffffffc7][0xffffffd7][0x13][0xfffffff0][0xffffff94][0x0][0xffffffef][0xffffffe0][0xfffffff8][0xfffffffa]u[0xffffff8a][0x12]9wp[0xffffff98](R[0xffffff94][0x8][0xffffffb9][0xffffff83][0xffffffc3][0xffffffc4][0xffffff92][0xffffffa0][0x4]z[0x7][0xffffff87]D4[0xffffff8b][0x12]Ywp[0xfffffff8].[0xffffffa5])[0xffffff91]s[0x7][0xffffff87]6-G[0xffffff89][0xffffffbf][0xffffffbe][0xffffff83][0xffffffa3][0xffffff9f][0xffffffe6][0xffffffad]D[0xffffffeb][0x1d][0xffffffa3][0xffffffc4][0xffffff89][0xffffffbf][0xffffff95]8[0x3][0xffffffde]J[0xffffff9c]J[0xffffffe7][0xffffffc2][0xffffff80][0xffffff9f][0xffffffd8][[0xffffff89]3[0xffffffe9][0xffffffad][0xffffff84]F[0xffffff91][0xffffffa1][0xffffff84][0xb]$C[0x9][0xffffff8d]e=%[0xffffffd6]pVSb[0xffffff8d]h[0x12]%Ly[0xffffffb2][0xffffff94][0xffffffb0]][0xffffffca]R[0xffffffc2]T+G[0x9]iZ[0xffffff8a][0x12]R[0xffffffbc][0x1b][0xffffff94]0k[0xffffff97][0xffffffad][0xffffffcd][0xffffffe3][0xffffffa4]([0xffffff81][0xffffffaf]][0xfffffff6][0xffffff80][0xffffffb5][0xffffffcb]n&[0xffffffd9][\n]"
[DEBUG] http-outgoing-1 << "[0x3][0xffffff8e][0xffffffad]]v[0x19]]#)[0x11][0xffffffb2]vi[0x3][0xffffffc9]P"`[0xffffffed]R[0xffffffc2]YM[0xffffff89][0xffffffe0][0xffffffb5]KW[0xffffff9e],%[0xfffffff2][0xffffffd6].][0xffffffb5]r[0xffffff94]HY[0xffffffbb][0xffffffd4][0xffffffe2][0xfffffffd]sJ[0x1c][0xffffffee][0x4]G[0xffffffbf]n[0xffffffea][0x4][0xffffffc7][0xffffff81][0xffffff9f][0xffffffe0]8[0x2]Np[0x1c][0xffffffe6]3[0xffffffe3][0xffffffba][0xffffff80][0x1f][0xffffffd8][0x9][0xffffff8e]C>$[0x6])a[0xffffffa2][0xffffff88]P[0xffffffc2][0x6][0x12][0xffffffa1][0xffffff84][0xffffff89]e9%$[0xffffff9c][0xffffffc5][0xffffff94][0xffffff90][0xffffff88][0x6]Q[0xffffffc2][0xffffff95]'J[0x9][0xffffffdf][0xffffffa5](%\[0xffffffb5]b[0xffffff94][0xffffffd0][0xffffffa6][0xffffff85]([0xffffffa1][0xffffffc5][0xffffffbb]A[0x9]w[0xffffff82][0xffffffa3][0xffffffdf][0x7]F[0x9][0xfffffffc][0x4][0xffffffc7][0x11]p[0xffffff82][0xffffffe3]0[0xffffff9f][0x19][0x17][0x6][0x1c];[0xffffffc1]q[0xffffffc8][0xffffff87][0xffffffc4]$%BNp[0xffffffd8]@2[0xffffff94][0x8]8[0xffffffc1]![0xffffffe1][0xffffffac][0xffffffa6]D[0xfffffff0][0x9][0xe]W[0xffffff9e],%[0xfffffff2]Np[0xffffffb8]j[0xffffffe5]([0xffffff91]r[0xffffff82]C[0xffffff8b]w[0xffffff83][0x12][0xffffffee][0x4][0xffffffc7][0xffffffd1][0x6][0xffffffb5]vy[0xffffffe0]'8[0xffffff8e][0xffffff80][0x13][0x1c][0xffffff87][0xfffffff9][0xffffffcc][0xffffffb8]0[0xffffffe0][0xffffffd8][0x9][0xffffff8e]C>$&)[0x11]r[0xffffff82][0xffffffc3][0x6][0xffffff92][0xffffffa1]D[0xffffffc0][0x9][0xe][0x9]g5%[0xffffff82]Op[0xffffffb8][0xfffffff2]d)[0xffffff91]w[0xffffff82][0xffffffc3]U+G[0xffffff89][0xffffff94][0x13][0x1c]Z[0xffffffbc][[0xffffff94][0xffffffe8]a[0xffffff94][0xffffff80][0xffffffef][0xffffffe0][0xfffffff8]z[0x2][0xffffff9e][0x12][0xffffffe0][0x1d][0x1c]_[0xffffffbf]NQ"[0xffffffe7][0xe][0xe][0x13]E[0xffffff8a][0x12]!wp[0xffffff98]X[0x12][0xffffff94]@[0xffffffef][0xffffffe0][0xffffff90][0xffffff88]fQ"[0xffffffeb][0xe][0xe][0xffffffdf][0xffffffa5]4%r[0xffffffee][0xffffffe0][0xffffffd0][0xffffffa6][0xffffffe5]([0xfffffff1][0xffffffd7]wp[0x1c][0xffffffee]0(K[0x9][0xfffffff8]0[0xffffffe8][0x11]p[0x18][0xfffffff4]0'[0xffffff96]J[0x3][0xe][0x1d][0x6]=[0xffffffe4]L[0x12]K[0xffffff89][0xffffff88][0xffffffc3][0xffffffa0]6[0xffffff90][0x14]%[0xfffffff0][0xffffffc3][0xffffffa0][0x12][0xffffffce]zJ[0xffffffc4][0x1e][0x6]u[0xffffffe5]IS"[0xffffffed]0[0xffffffa8][0xffffffab]V[0xffffff92][0x12][0x19][0xffffff87]A[0xffffffb5]x[0xffffffb7]([0xffffffd1][0xffffffee]0K[0xffffffb4][0x1b][0xffffffc7][0xffffffc4][0xffffffc7]#[0xfffffff0][0xffffff9a][0xfffffff8][0xfffffff1][0x10][0x14]'>~[0xffffff9e][0xfffffff2][0xffffffc4][0xfffffff7]O[0xffffffa7][0xffffff80]B[0xfffffff2]H[0xffffff89][0xffffffc2][0xffffffa4][0xffffff92]"[0xffffff85]d[0xffffff93]0[0xffffffc5][0xffffff92][0xffffffd0]zT,9[0xffffffcd]R[0xffffff85][0xffffffd6]([0xffffffcd][\n]"
[DEBUG] http-outgoing-1 << "[0xffffffd7][0xffffffaa][0xffffffb4]+[0xffffffb4]dIX[0xffffffac][0xffffff9d][0xffffffcb][0xffffffc9]b[0xffffffad][0xffffffe0]-Z[0xfffffff4][0x11]F[0xffffff8b]>pZ|<[0x2]O[0xffffff8b][0x1f][0xf]A[0xffffffd1][0xffffffe2][0xffffffe3][0xffffffe7])Z|[0xffffffff]t[\n]"
[DEBUG] http-outgoing-1 << "-$[0xffffff8f][0x14]-L*)ZH6[0x9]Z,[0x9][0xffffffad][0xffffffa7][0xffffffc5][0xffffff92][0xffffffd3],Zh[0xffffff8d][0xffffffd2][0xffffffb4]p[0xffffffad]J[0xffffffd3]BK[0xffffff96][0xffffffa4][0xffffffc5][0xffffffda][0xffffffb9][0x1c]-[0xffffffd6][\n]"
[DEBUG] http-outgoing-1 << "[0xffffffde][0xffffffa2][0xffffffc5]y[0xffffff84][0xffffffd1][0xffffffe2]<pZ|<[0x2]O[0xffffff8b][0x1f][0xf]A[0xffffffd1][0xffffffe2][0xffffffe3][0xffffffe7])Z|[0xffffffff]t[\n]"
[DEBUG] http-outgoing-1 << "-$[0xffffff8f][0x14]-L*)ZH6[0x9]Z,[0x9][0xffffffad][0xffffffa7][0xffffffc5][0xffffff92][0xffffffd3],Zh[0xffffff8d][0xffffffd2][0xffffffb4]p[0xffffffad]J[0xffffffd3]BK[0xffffff96][0xffffffa4][0xffffffc5][0xffffffda][0xffffffb9][0x1c]-[0xffffffd6][\n]"
[DEBUG] http-outgoing-1 << "[0xffffffde][0xffffffa2][0xffffffc5][0xffffff95][0xfffffff6][0x7][0xffffff91][0xffffff8b][0xffffffff][0xffffff83][0xffffffc8][0xffffff95][0xfffffff0][0x7][0xffffff91][0xffffff8b][0xfffffffd][0xffffff83][0xffffffc8][0xffffffc5][0xfffffffd]A[0xffffffe4][0xffffff8a][0xfffffffa][0xffffff83][0xffffff88][0xffffffe4][0xffffff91][0xffffffa2][0xffffff85]I%E[0xb][0xffffffc9]&A[0xffffff8b][0xffffff8b][0xfffffffe][0xffffff83][0xffffffc8][0xffffff95][0xfffffffc][0x7][0x11][0xffffffad]Q[0xffffff9a][0x16][0xffffffae]UiZh[0xffffffc9][0xffffff92][0xffffffb4]X;[0xffffff97][0xffffffa3][0xffffffc5]Z[0xffffffc1][[0xffffffb4][0xffffffb8][0xffffffd3][0xffffff8e][0xffffff80][0xffffffdc][0xfffffffc][0x19][0xffffff90];[0xffffffe1][0x10][0xffffffc8][0xffffffcd][0xffffff9e][0x2][0xffffffb9][0xffffffb9]c w[0xffffffd4]9[0x10][0xffffffc9]#E[0xb][0xffffff93]J[0xffffff8a][0x16][0xffffff92]M[0xffffff82][0x16]7}[0x16][0xffffffe4]N>[0xc][0xffffffa2]5J[0xffffffd3][0xffffffc2][0xffffffb5]*M[0xb]-Y[0xffffff92][0x16]k[0xffffffe7]r[0xffffffb4]X+x[0xffffff8b][0x16][0xffffffcf][0x13]F[0xffffff8b][0xffffffe7][0xffffffc1]i[0xfffffff1][0xfffffff1][0x8]<-~<[0x4]E[0xffffff8b][0xffffff8f][0xffffff9f][0xffffffa7]h[0xfffffff1][0xfffffffd][0xffffffd3])[0xffffffb4][0xffffff90]<R[0xffffffb4]0[0xffffffa9][0xffffffa4]h![0xffffffd9]$h[0xffffffb1]$[0xffffffb4][0xffffff9e][0x16]KN[0xffffffb3]h[0xffffffa1]5J[0xffffffd3][0xffffffc2][0xffffffb5]*M[0xb]-Y[0xffffff92][0x16]k[0xffffffe7]r[0xffffffb4]X+x[0xffffff8b][0x16]s[0xffffff86][0xffffffd1]bN[0xffffff9c][0x16][0x1f][0xffffff8f][0xffffffc0][0xffffffd3][0xffffffe2][0xffffffc7]CP[0xffffffb4][0xfffffff8][0xfffffff8]y[0xffffff8a][0x16][0xffffffdf]?[0xffffff9d]B[0xb][0xffffffc9]#E[0xb][0xffffff93]J[0xffffff8a][0x16][0xffffff92]M[0xffffff82][0x16]KB[0xffffffeb]i[0xffffffb1][0xffffffe4]4[0xffffff8b][0x16]Z[0xffffffa3]4-\[0xffffffab][0xffffffd2][0xffffffb4][0xffffffd0][0xffffff92]%i[0xffffffb1]v.G[0xffffff8b][0xffffffb5][0xffffff82][0xffffffb7]h[0xffffffd1]Z[0xffffff9a]->[0xffffff9e][0x8][0xffffffc7][0xffffffc5][0xffffffe7]3[0xfffffff0][0xffffffba][0xfffffff8][0xfffffff9][0x14][0x14]/>[0x7f][0xffffff9f][0xfffffff2][0xffffffc5][0xffffff8f][0xffffffdf]N[0x1][0xffffff86][0xffffff86][0xffffff92][0x12][0xffffff86][0xffffff8b]&E[0xc][\r](a[0xffffff8c]5[0xffffffa6][0xfffffff5][0xffffffc8]X[0xffffffc3][0xffffff9a][0xffffffa5][0xc]S[0xffffffa8]43l[0xffffffbf][0xffffffd2][0xffffffce]0uKBC[0xffffffda][0xffffff97][0xffffff93][0xffffff86][0xffffff94][0xfffffff1][0xffffff9f]P[0xffffffe3][0xfffffff9][0xfffffffe]W[0xffffffdc][0xffffffa5][0xffffffe7][0xffffffc7]}[0xffffff8d]rh[0xfffffffc]~[0x1e][0xffffff8a][0x19][0xffffffff]x[0x2][0xc][0x19][0xffffffcb]3[0x14][0x13][0xffffffe3][0x1f][0xffffffbf]^[0xc][0xffffff8c][0xffffffff][0xfffffffd]e[0xffffff98][0x17]o[0xffffffa3]X[0xffffff8c][0xffffff8b][0x7f][0x9]d1-[0xffffffde][0xffffffc6][0xffffffb2][0x10][0x16]o[0xffffffc2]Y[0xffffffc6][0xffffff8a]7[0x11][0xffffff8d]@[0xffffffc5][0xfffffffb][0xfffffff2][0xffffff84]H[0xfffffff1]o][\n]"
[DEBUG] http-outgoing-1 << "[0xffffff81][0xffffffe2]}[0xffffffb5][0x2][0xffffff9c]x[0xffffffd7][0xffffffb4][0xffffffe5][0xffffff98]xW[0xffffffbc][0x1b][0xffffff94]x[0xc]%[0xffffffae][0xffffffd7][0xffffffeb][0xffffffa2]([0xfffffff1][0xffffffe0][0xffffff94]x[0x2]([0xfffffff1]h[0xffffffde][0xb][0x3][0xfffffffe]`[0xffffff94]x[0xffffff92]([0xffffffa1]Qd([0xffffffe1][0x2][0xffffffc9]PBcYO[0xffffff89]5[0xffffff9c][0xffffffd5][0xffffff94]X#[0xffffff9a]D[0x9]S[0xffffff9e],%l[0xffffff97][0xffffffb2][0xffffff94]0[0xffffffd5][0xffffffca]QB[0xffffff9a][0xffffff96][0xffffffa2][0xffffff84][0x14][0xffffffef][0x6]%[0xffffffa6][0xffffffa3]D[0xffffff9b]/[0xffffff8a][0x12][0x13][0xffffffa7][0xffffffc4][0xc][0xffffffa0][0xffffffc4][0xffffffd4][0xffffffbc][0x17][0x6]|b[0xffffff94][0xffffff98]I[0xffffff94][0xffffffd0](2[0xffffff94]p[0xffffff81]d([0xffffffa1][0xffffffb1][0xffffffac][0xffffffa7][0xffffffc4][0x1a][0xffffffce]jJ[0xffffffac][0x11]M[0xffffffa2][0xffffff84])O[0xffffff96][0x12][0xffffffb6]KYJ[0xffffff98]j[0xffffffe5](!MKQB[0xffffff8a][0xfffffff7][0xffffffcf])q[0xffffffbe][0x1c]%[0xffffffae][0xffffffaf][0xffffff99],[0xffffff82][0x12][0xffffff9f][0xffffffcf][0xffffffc3]R[0xffffffe2][0xffffffeb][0x9]`J[0xfffffffc]z[0x6][0xffffff84][0x12]_[0xffffffbf][0xffffff8e]P[0xffffffe2][0xffffffe7]/GP[0xffffffc2]D[0x11][0xffffffa1][0xffffff84][\r]$B[0x9][0x13][0xffffffcb]rJH8[0xffffff8b])![0x11][\r][0xffffffa2][0xffffff84]+O[0xffffff94][0x12][0xffffffbe]KQJ[0xffffffb8]j[0xffffffc5]([0xffffffa1]M[0xb]QB[0xffffff8b]w[0xffffff83][0x12][0xffffffcd]Qb[0xffffffb4]NQ[0xffffffa2][0xffffffe1][0xffffff94]h[0x1][0xffffff94]h[0xffffff9a][0xfffffff7][0xffffffc2][0xffffff80]7[0xffffff8c][0x12]-[0xffffff89][0x12][0x1a]E[0xffffff86][0x12].[0xffffff90][0xc]%4[0xffffff96][0xfffffff5][0xffffff94]X[0xffffffc3]YM[0xffffff89]5[0xffffffa2]I[0xffffff94]0[0xffffffe5][0xffffffc9]R[0xffffffc2]v)K[0x9]S[0xffffffad][0x1c]%[0xffffffa4]i)JH[0xfffffff1]nP[0xffffffa2];J[0xffffffdc][0x13]{+[0xffffffd1]qJ[0xfffffff4][0x0]Jt[0xffffffcd]{a[0xffffffc0];F[0xffffff89][0xffffff9e]D[0x9][0xffffff8d]"C[0x9][0x17]H[0xffffff86][0x12][0x1a][0xffffffcb]zJ[0xffffffac][0xffffffe1][0xffffffac][0xffffffa6][0xffffffc4][0x1a][0xffffffd1]$J[0xffffff98][0xfffffff2]d)a[0xffffffbb][0xffffff94][0xffffffa5][0xffffff84][0xffffffa9]V[0xffffff8e][0x12][0xffffffd2][0xffffffb4][0x14]%[0xffffffa4]x7(q[0x18]J[0xffffff8c][0xfffffffe][0xffffffa2]Np|>[0xf]L[0xffffff89]#[0xffffff80][0x12][0xffffff87][0xffffffe6][0xffffffbd]0[0xffffffe0][0x7]F[0xffffff89]#[0xffffff89][0x12][0x1a]E[0xffffff86][0x12].[0xffffff90][0xc]%4[0xffffff96][0xfffffff5][0xffffff94]X[0xffffffc3]YM[0xffffff89]5[0xffffffa2]I[0xffffff94]0[0xffffffe5][0xffffffc9]R[0xffffffc2]v)K[0x9]S[0xffffffad][0x1c]%[0xffffffa4]i)JH[0xfffffff1]nP[0xffffffc2][0x1d][0x6][0x1d]g[0xffffffa3]>[0xffffffbb]<[0xfffffff1][0xffffffc3][0xffffffa0]g[0xffffffc0]a[0xffffffd0][0xffffffd3][0xffffff9c]X*[0xc]8v[0x18][0xfffffff4][0xffffff94]3I$%B[0xe][0xffffff83][0xffffffda]@2[0xffffff94][0x8]8[0xc]*[0xffffffe1][0xffffffac][0xffffffa6]D[0xfffffff0]aPW[0xffffff9e],%[0xfffffff2][0xe][0xffffff83][0xffffffba]j[0xffffffe5]([0xffffff91]r[0x18]T[0xffffff8b]w[0xffffff83][0x12][0xffffff8f][0xffffffa1][0xffffffc4]}[0x1c][0x18]%[0x1e][0xffffff9c][0x12]O[0x0]%[0x1e][0xffffffcd]{a[0xffffffc0][0x1f][0xffffff8c][0x12]O[0x12]%4[0xffffff8a][0xc]%\ [0x19]Jh,[0xffffffeb])[0xffffffb1][0xffffff86][0xffffffb3][0xffffff9a][0x12]kD[0xffffff93](a[0xffffffca][0xffffff93][0xffffffa5][0xffffff84][0xffffffed]R[0xffffff96][0x12][0xffffffa6]Z9JH[0xffffffd3]R[0xffffff94][0xffffff90][0xffffffe2][0xfffffffd]sJ\[0xffffffee][0x4][0xffffffc7][0xfffffffd]L[0xffffffea][0xffffffb3][0xffffffcb][0xb]?[0xffffffc1]q[0x5][0xffffff9c][0xffffffe0][0xffffffb8][0xffffffcc]g[0xffffffc6]u[0x1][0xffffffbf][0xffffffb0][0x13][0x1c][0xffffff97]|H[0xc]R[0xffffffc2]D[0x11][0xffffffa1][0xffffff84][\r]$B[0x9][0x13][0xffffffcb]rJH8[0xffffff8b])![0x11][\r][0xffffffa2][0xffffff84]+O[0xffffff94][0x12][0xffffffbe]KQJ[0xffffffb8]j[0xffffffc5]([0xffffffa1]M[0xb]QB[0xffffff8b]w[0xffffff83][0x12][0xffffffee][0x4][0xffffffc7][0xffffffd3][0xffffff8f][0xffffff9b][0xffffffa2][0x4]~[0xffffff82][0xffffffe3][\n]"
[DEBUG] http-outgoing-1 << "8[0xffffffc1]q[0xffffff99][0xffffffcf][0xffffff8c][0xb][0x3][0xffffff8e][0xffffff9d][0xffffffe0][0xffffffb8][0xffffffe4]Cb[0xffffff92][0x12]!'8l [0x19]J[0x4][0xffffff9c][0xffffffe0][0xffffff90]pVS"[0xfffffff8][0x4][0xffffff87]+O[0xffffff96][0x12]y'8\[0xffffffb5]r[0xffffff94]H9[0xffffffc1][0xffffffa1][0xffffffc5][0xffffffbb]A[0x9]w[0xffffff82][0xffffffe3][0xffffffe9]_W[0xffffff82]![0xffffff94][0xffffffc0]Op\[0x1]'8.[0xfffffff3][0xffffff99]qa[0xffffffc0][0xffffffb1][0x13][0x1c][0xffffff97]|HLR"[0xffffffe4][0x4][0xffffff87][\r]$C[0xffffff89][0xffffff80][0x13][0x1c][0x12][0xffffffce]jJ[0x4][0xffffff9f][0xffffffe0]p[0xffffffe5][0xffffffc9]R"[0xffffffef][0x4][0xffffff87][0xffffffab]V[0xffffff8e][0x12])'8[0xffffffb4]x7([0xffffffe1]Np<[0xffffffc7][0xb][0xfffffffb][0x3][0x7]~[0xffffff82][0xffffffe3][\n]"
[DEBUG] http-outgoing-1 << "8[0xffffffc1]q[0xffffff99][0xffffffcf][0xffffff8c][0xb][0x3][0xffffff8e][0xffffff9d][0xffffffe0][0xffffffb8][0xffffffe4]Cb[0xffffff92][0x12]!'8l [0x19]J[0x4][0xffffff9c][0xffffffe0][0xffffff90]pVS"[0xfffffff8][0x4][0xffffff87]+O[0xffffff96][0x12]y'8\[0xffffffb5]r[0xffffff94]H9[0xffffffc1][0xffffffa1][0xffffffc5][0xffffffbb]A[0x9]w[0xffffff82][0xffffffe3]9[0xe][0xffffff8c][0x12][0xfffffff8][0x9][0xffffff8e]+[0xffffffe0][0x4][0xffffffc7]e>3.[0xc]8v[0xffffff82][0xffffffe3][0xffffff92][0xf][0xffffff89]IJ[0xffffff84][0xffffff9c][0xffffffe0][0xffffffb0][0xffffff81]d([0x11]p[0xffffff82]C[0xffffffc2]YM[0xffffff89][0xffffffe0][0x13][0x1c][0xffffffae]<YJ[0xffffffe4][0xffffff9d][0xffffffe0]p[0xffffffd5][0xffffffca]Q"[0xffffffe5][0x4][0xffffff87][0x16][0xffffffef][0x6]%.K[0x9][0xffffffee][0xf][0x1c][0x17]N[0xffffff89]+[0xffffff80][0x12][0xffffff97][0xffffffe6][0xffffffbd]0[0xffffffe0][0x17]F[0xffffff89]+[0xffffff89][0x12][0x1a]E[0xffffff86][0x12].[0xffffff90][0xc]%4[0xffffff96][0xfffffff5][0xffffff94]X[0xffffffc3]YM[0xffffff89]5[0xffffffa2]I[0xffffff94]0[0xffffffe5][0xffffffc9]R[0xffffffc2]v)K[0x9]S[0xffffffad][0x1c]%[0xffffffa4]i)JH[0xfffffff1]nQ[0xffffffa2][0xffffff87]Q[0xffffffa2][0xffffffe3][0xffffff94][0xffffffe8][0x1][0xffffff94][0xffffffe8](%:F[0xffffff89][0xffffff9e]D[0xffffff89]5[0xffffff8a][0x14]%4[0xffffff90][0x14]%[0xffffffd6]X[0x12][0xffffff94][0xffffffe8]0%z0%[0xffffffa4]<iJ[0xffffff98].[0xffffffa5])![0xffffffd5]JR[0xffffffa2][0xffffffa7]P[0xffffffa2][0xffffffff]5%[0xffffff86][0xffffffa3][0xffffffc4]u>[0x14]%[0x6]N[0xffffff89][0x11]@[0xffffff89][0xffffffa1]y/[0xc][0xfffffff8][0xffffffc0](1[0xffffff92]([0xffffffa1]Qd([0xffffffe1][0x2][0xffffffc9]PBcYO[0xffffff89]5[0xffffff9c][0xffffffd5][0xffffff94]X#[0xffffff9a]D[0x9]S[0xffffff9e],%l[0xffffff97][0xffffffb2][0xffffff94]0[0xffffffd5][0xffffffca]QB[0xffffff9a][0xffffff96][0xffffffa2][0xffffff84][0x14][0xffffffef][0x6]%[0xffffffdc]%[0xffffffe3]s[0x1c][0x18]%[0xfffffff0]K[0xffffffc6][0xffffffaf][0xffffff80]K[0xffffffc6]/s[0x13]na[0xffffffc0][0xffffffb1]K[0xffffffc6]/[0xffffffb9][0xffffffeb][0xffffff96][0xffffffa4]D[0xffffffc8]%[0xffffffe3]6[0xffffff90][0xc]%[0x2].[0x19][0xffffff97]pVS"[0xfffffff8][0xffffff92]qW[0xffffff9e],%[0xfffffff2].[0x19]w[0xffffffd5][0xffffffca]Q"[0xffffffe5][0xffffff92]q-[0xffffffde]?[0xffffffa7][0xffffffc4]p[0x13]U[0xfffffff3][0xffffffee][0xffffffd4][0xffffffda][0xffffffe5][0xffffffc0]'[0xffffffaa]F[0xffffffc0]D[0xffffffd5]0;*u[0x1][0x1f][0xffffffd8]D[0xffffffd5][0xffffff90][0xffffffa5][0x14][0xffffff90][0x12]&[0xffffff8a][0x8]%l [0x11]J[0xffffff98]X[0xffffff96]SB[0xffffffc2]YL[0x9][0xffffff89]h[0x10]%\y[0xffffffa2][0xffffff94][0xfffffff0]][0xffffff8a]R[0xffffffc2]U+F[0x9]mZ[0xffffff88][0x12]Z[0xffffffbc][0x1b][0xffffff94]0[0xffffffbb][0x12][0xfffffffd][0xffffffc5][\r]g[0xf]|Wb[0x4][0xffffffec]J[0xc]s[0xfffffff8][0xffffffb9]0[0xffffffe0][0xffffffd8][0xffffffae][0xffffffc4][0xffffff90][0xffffffe3][0xffffffcd]$%Bv%l [0x19]J[0x4][0xffffffec]JH8[0xffffffab])[0x11][0xffffffbc]+[0xffffffe1][0xffffffca][0xffffff93][0xffffffa5]D[0xffffffde][0xffffffae][0xffffff84][0xffffffab]V[0xffffff8e][0x12])[0xffffffbb][0x12]Z[0xffffffbc][0x1b][0xffffff94]0[0xffffff87]A[0xfffffffb]k[0x1e][0xffffff8d][0xffffffa2][0x4]~[0x18]t[0x4][0x1c][0x6][0x1d][0xffffffe6][0xffffffc4]Ra[0xffffffc0][0xffffffb1][0xffffffc3][0xffffffa0]C[0xffffffce]$[0xffffff91][0xffffff94][0x8]9[0xc]j[0x3][0xffffffc9]P"[0xffffffe0]0[0xffffffa8][0xffffff84][0xffffffb3][0xffffff9a][0x12][0xffffffc1][0xffffff87]A]y[0xffffffb2][0xffffff94][0xffffffc8];[0xc][0xffffffea][0xffffffaa][0xffffff95][0xffffffa3]D[0xffffffca]aP-[0xffffffde][\r]J[0xffffff98][0xffffffc3][0xffffffa0][0xffffffbd][0xfffffff5][0xffffff89]Q[0x2]?[0xc]:[0x2][0xe][0xffffff83][0xe]sb[0xffffffa9]0[0xffffffe0][0xffffffd8]a[0xffffffd0]!g[0xffffff92]HJ[0xffffff84][0x1c][0x6][0xffffffb5][0xffffff81]d([0x11]p[0x18]T[0xffffffc2]YM[0xffffff89][0xffffffe0][0xffffffc3][0xffffffa0][0xffffffae]<YJ[0xffffffe4][0x1d][0x6]u[0xffffffd5][0xffffffca]Q"[0xffffffe5]0[0xffffffa8][0x16][0xffffffef][0x6]%nG[0xffffff89]cR[0xffffff9f]]~>[0xf]L[0xffffff89];[0xffffff80][0x12][0xffffffb7][0xffffffe6][0xffffffbd]0[0xffffffe0]7F[0xffffff89];[0xffffff89][0x12][0x1a]E[0xffffff86][0x12].[0xffffff90][0xc]%4[0xffffff96][0xfffffff5][0xffffff94]X[0xffffffc3]YM[0xffffff89]5[0xffffffa2]I[0xffffff94]0[0xffffffe5][0xffffffc9]R[0xffffffc2]v)K[0x9]S[0xffffffad][0x1c]%[0xffffffa4]i)JH[0xfffffff1]nP[0xffffffe2]q[0xffffff94]8[0xffffffb1][0xffffffeb][0xffffffbc]>[0xffffff9f][0x7][0xffffffa6][0xffffffc4][0x13]@[0xffffff89]G[0xfffffff3]^[0x18][0xfffffff0][0x7][0xffffffa3][0xffffffc4][0xffffff93]D[0x9][0xffffff8d]"C[0x9][0x17]H[0xffffff86][0x12][0x1a][0xffffffcb]zJ[0xffffffac][0xffffffe1][0xffffffac][0xffffffa6][0xffffffc4][0x1a][0xffffffd1]$J[0xffffff98][0xfffffff2]d)a[0xffffffbb][0xffffff94][0xffffffa5][0xffffff84][0xffffffa9]V[0xffffff8e][0x12][0xffffffd2][0xffffffb4][0x14]%[0xffffffa4]x[0xffffffff][0xffffff9c][0x12][0xffffffb7]9[0xffffffc1][0xffffffd1][0xffffffdb][0xffffffb8]N[0xffffff88][0x12]7~[0xffffff82][0xffffffe3][0xe]8[0xffffffc1]q[0xffffff9b][0xffffffcf][0xffffff8c][0xffffffeb][0x2]~c'8n[0xfffffff9][0xffffff90][0x18][0xffffffa4][0xffffff84][0xffffff89]"B[0x9][0x1b]H[0xffffff84][0x12]&[0xffffff96][0xffffffe5][0xffffff94][0xffffff90]p[0x16]SB"[0x1a]D[0x9]W[0xffffff9e](%|[0xffffff97][0xffffffa2][0xffffff94]p[0xffffffd5][0xffffff8a]QB[0xffffff9b][0x16][0xffffffa2][0xffffff84][0x16][0xffffffef][0x6]%[0xffffffcc]%[0xffffffe3][0xffffffbd][0xffffffcd][0xffffff8b]z+q[0xffffffe3][0xffffff97][0xffffff8c][0xffffffdf][0x1][0xffffff97][0xffffff8c][0xffffffdf][0xffffffe6]&[0xffffffdc][0xffffffc2][0xffffff80]c[0xffffff97][0xffffff8c][0xffffffdf]r[0xffffffd7]-I[0xffffff89][0xffffff90]K[0xffffffc6]m [0x19]J[0x4]\2.[0xffffffe1][0xffffffac][0xffffffa6]D[0xfffffff0]%[0xffffffe3][0xffffffae]<YJ[0xffffffe4]]2[0xffffffee][0xffffffaa][0xffffff95][0xffffffa3]D[0xffffffca]%[0xffffffe3]Z[0xffffffbc][0x1b][0xffffff94]p[0xffffff87]A{[0xffffffbb][0xffffffa8][0xffffffcf].o[0xfffffffc]0[0xffffffe8][0x1d]p[0x18][0xfffffff4]6'[0xffffff96][\n]"
[DEBUG] http-outgoing-1 << "[0x3][0xffffff8e][0x1d][0x6][0xffffffbd][0xffffffe5]L[0x12]I[0xffffff89][0xffffff90][0xffffffc3][0xffffffa0]6[0xffffff90][0xc]%[0x2][0xe][0xffffff83]J8[0xffffffab])[0x11]|[0x18][0xffffffd4][0xffffff95]'K[0xffffff89][0xffffffbc][0xffffffc3][0xffffffa0][0xffffffae]Z9J[0xffffffa4][0x1c][0x6][0xffffffd5][0xffffffe2][0xffffffdd][0xffffffa0][0xffffff84][0xffffffb9]d[0xffffffbc][0xfffffff7][0xb][0xffffff9b][0xffffffa8][0xffffffba][0xfffffff1]K[0xffffffc6][0xffffffef][0xffffff80]K[0xffffffc6]os[0x13]na[0xffffffc0][0xffffffb1]K[0xffffffc6]o[0xffffffb9][0xffffffeb][0xffffff96][0xffffffa4]D[0xffffffc8]%[0xffffffe3]6[0xffffff90][0xc]%[0x2].[0x19][0xffffff97]pVS"[0xfffffff8][0xffffff92]qW[0xffffff9e],%[0xfffffff2].[0x19]w[0xffffffd5][0xffffffca]Q"[0xffffffe5][0xffffff92]q-[0xffffffde][\r]J[0xffffffb8]][0xffffff89]~cwp[0xffffffdc][0xfffffff8][0xffffffae][0xffffffc4][0x1d][0xffffffb0]+q[0xffffff9b][0xffffffc3][0xffffffcf][0xffffff85][0x1][0xffffffc7]v%n9[0xffffffde]LR"dW[0xffffffc2][0x6][0xffffff92][0xffffffa1]D[0xffffffc0][0xffffffae][0xffffff84][0xffffff84][0xffffffb3][0xffffff9a][0x12][0xffffffc1][0xffffffbb][0x12][0xffffffae]<YJ[0xffffffe4][0xffffffed]J[0xffffffb8]j[0xffffffe5]([0xffffff91][0xffffffb2]+[0xffffffa1][0xffffffc5][0xffffffbb]A[0x9][0xffffffb7]+q[0xffffffb4][0x13]{+[0xffffff81][0xffffffef]J[0xffffffdc][0x1][0xffffffbb][0x12][0xffffffb7]9[0xfffffffc]\[0x18]plW[0xffffffe2][0xffffff96][0xffffffe3][0xffffffcd]$%Bv%l [0x19]J[0x4][0xffffffec]JH8[0xffffffab])[0x11][0xffffffbc]+[0xffffffe1][0xffffffca][0xffffff93][0xffffffa5]D[0xffffffde][0xffffffae][0xffffff84][0xffffffab]V[0xffffff8e][0x12])[0xffffffbb][0x12]Z[0xffffffbc][0x1b][0xffffff94][0x18][0xffffff8e][0x12]G[0xffffffc3]>[0xffffffbb][0x1c]8%F[0x0]%[0xffffff86][0xffffffe6][0xffffffbd]0[0xffffffe0][0x3][0xffffffa3][0xffffffc4]H[0xffffffa2][0xffffff84]F[0xffffff91][0xffffffa1][0xffffff84][0xb]$C[0x9][0xffffff8d]e=%[0xffffffd6]pVSb[0xffffff8d]h[0x12]%Ly[0xffffffb2][0xffffff94][0xffffffb0]][0xffffffca]R[0xffffffc2]T+G[0x9]iZ[0xffffff8a][0x12]R[0xffffffbc][0x1b][0xffffff94]p[0x13]U[0xffffffc7][0xffffffd5][0xffffffb0][0xffffffcf].[0xfffffff1][0xffffff89][0xffffffaa];`[0xffffffa2][0xffffffea]6;*[0xffffff85][0x1][0xffffffc7]&[0xffffffaa]nYJ!)[0x11]2Qe[0x3][0xffffffc9]P"`[0xffffffa2]J[0xffffffc2]YM[0xffffff89][0xffffffe0][0xffffff89]*W[0xffffff9e],%[0xfffffff2]&[0xffffffaa]\[0xffffffb5]r[0xffffff94]H[0xffffff99][0xffffffa8][0xffffffd2][0xffffffe2][0xffffffdd][0xffffffa0][0xffffffc4][0xffffffe3](1[0x1e][0xffffffec][0xf][0x1c][0xf]N[0xffffff89]'[0xffffff80][0x12][0xffffff8f][0xffffffe6][0xffffffbd]0[0xffffffe0][0xf]F[0xffffff89]'[0xffffff89][0x12][0x1a]E[0xffffff86][0x12].[0xffffff90][0xc]%4[0xffffff96][0xfffffff5][0xffffff94]X[0xffffffc3]YM[0xffffff89]5[0xffffffa2]I[0xffffff94]0[0xffffffe5][0xffffffc9]R[0xffffffc2]v)K[0x9]S[0xffffffad][0x1c]%[0xffffffa4]i)JH[0xfffffff1]nPb:J<mR[0xffffff94][0xffffff98]8%[0xffffffa6][0xffffff8b][0x7f]q[0xffffffde][0xffffffa7][0xffffffe6][0xffffffbd]0[0xffffffe0][0x13][0xffffffa3][0xffffffc4]L[0xffffffa2][0xffffff84]F[0xffffff91][0xffffffa1][0xffffff84][0xb]$C[0x9][0xffffff8d]e=%[0xffffffd6]pVSb[0xffffff8d]h[0x12]%Ly[0xffffffb2][0xffffff94][0xffffffb0]][0xffffffca]R[0xffffffc2]T+G[0x9]iZ[0xffffff8a][0x12]R[0xffffffbc][0x7f]N[0xffffff89][0xffffffc7][0xffffffad]][0x1e][0xffffffcf]= J<[0xfffffff8][0xffffffda][0xffffffe5][0x13][0xffffffb0]v[0xfffffff9][0xffffff98]I[0xffffffb6][0xffffffba][0xffffff80]?[0xffffffd8][0xffffffda][0xffffffe5]#[0xffffffa3]k %L[0x14][0x11]J[0xffffffd8]@"[0xffffff94]0[0xffffffb1],[0xffffffa7][0xffffff84][0xffffff84][0xffffffb3][0xffffff98][0x12][0x12][0xffffffd1] J[0xffffffb8][0xfffffff2]D)[0xffffffe1][0xffffffbb][0x14][0xffffffa5][0xffffff84][0xffffffab]V[0xffffff8c][0x12][0xffffffda][0xffffffb4][0x10]%[0xffffffb4]x7([0xffffffe1][0xffffffd6].[0xffffff8f][0xffffffd9][0xffffffa9]o%[0x1e]|[0xffffffed][0xfffffff2][0x9]X[0xffffffbb]|[0xffffffcc]$[a[0xffffffc0][0xffffffb1][0xffffffb5][0xffffffcb]GF[0xffffffd7]HJ[0xffffff84][0xffffffac]][0xffffffda]@2[0xffffff94][0x8]X[0xffffffbb][0xffffff94]pVS"x[0xffffffed][0xffffffd2][0xffffff95]'K[0xffffff89][0xffffffbc][0xffffffb5]KW[0xffffffad][0x1c]%R[0xffffffd6].[0xffffffb5]x7([0xffffffe1][0xffffffd6].[0xffffff8f][0xffffff89][0xffffffdd][0xffffffc1][0xfffffff1][0xffffffe0]k[0xffffff97]O[0xffffffc0][0xffffffda][0xffffffe5]c&[0xffffffd9][\n]"
[DEBUG] http-outgoing-1 << "[0x3][0xffffff8e][0xffffffad]]]]><![CDATA[>2[0xffffffba]FR"d[0xffffffed][0xffffffd2][0x6][0xffffff92][0xffffffa1]D[0xffffffc0][0xffffffda][0xffffffa5][0xffffff84][0xffffffb3][0xffffff9a][0x12][0xffffffc1]k[0xffffff97][0xffffffae]<YJ[0xffffffe4][0xffffffad]][0xffffffba]j[0xffffffe5]([0xffffff91][0xffffffb2]v[0xffffffa9][0xffffffc5][0xffffffbb]A[0x9][0xffffffb7]vy[0xffffffcc][0xffffff89][0xfffffffd][0xffffff81][0x3]_[0xffffffbb]|[0x2][0xffffffd6].[0x1f]3[0xffffffc9]V[0x18]pl[0xffffffed][0xfffffff2][0xffffff91][0xffffffd1]5[0xffffff92][0x12]!k[0xffffff97]6[0xffffff90][0xc]%[0x2][0xffffffd6].%[0xffffff9c][0xffffffd5][0xffffff94][0x8]^[0xffffffbb]t[0xffffffe5][0xffffffc9]R"o[0xffffffed][0xffffffd2]U+G[0xffffff89][0xffffff94][0xffffffb5]K-[0xffffffde][\r]J[0xffffffb8][0xffffff89][0xffffffaa][0xfffffff3][0xffffffe4][0xffffffde]J[0xffffffe0][0x13]UO[0xffffffc0]D[0xffffffd5]cvT[\n]"
[DEBUG] http-outgoing-1 << "[0x3][0xffffff8e]MT=[0xffffffb2][0xffffff94]BR"d[0xffffffa2][0xffffffca][0x6][0xffffff92][0xffffffa1]D[0xffffffc0]D[0xffffff95][0xffffff84][0xffffffb3][0xffffff9a][0x12][0xffffffc1][0x13]U[0xffffffae]<YJ[0xffffffe4]MT[0xffffffb9]j[0xffffffe5]([0xffffff91]2Q[0xffffffa5][0xffffffc5][0xffffffbb]A[0x9][0xffffffb7]+q}[0xfffffffc][0xffffff87][0xffffffa2][0x4][0xffffffbe]+[0xfffffff1][0x4][0xffffffec]J<[0xffffffe6][0xfffffff0]sa[0xffffffc0][0xffffffb1]][0xffffff89]G[0xffffff8e]7[0xffffff93][0xffffff94][0x8][0xffffffd9][0xffffff95][0xffffffb0][0xffffff81]d([0x11][0xffffffb0]+![0xffffffe1][0xffffffac][0xffffffa6]D[0xfffffff0][0xffffffae][0xffffff84]+O[0xffffff96][0x12]y[0xffffffbb][0x12][0xffffffae]Z9J[0xffffffa4][0xffffffec]Jh[0xfffffff1]nP[0xffffffe2]q[0xffffff94]8O[0xffffffec][0xffffffad][0xffffffc4][0xffffff83]S[0xffffffe2][0x9][0xffffffa0][0xffffffc4][0xffffffa3]y/[0xc][0xfffffff8][0xffffff83]Q[0xffffffe2]I[0xffffffa2][0xffffff84]F[0xffffff91][0xffffffa1][0xffffff84][0xb]$C[0x9][0xffffff8d]e=%[0xffffffd6]pVSb[0xffffff8d]h[0x12]%Ly[0xffffffb2][0xffffff94][0xffffffb0]][0xffffffca]R[0xffffffc2]T+G[0x9]iZ[0xffffff8a][0x12]R[0xffffffbc][0x1b][0xffffff94]p[0xffffffbb][0x12][0xffffffd7][0xffffffdd][0xe][0xffffff8a][0x12][0xfffffff8][0xffffffae][0xffffffc4][0x13][0xffffffb0]+[0xfffffff1][0xffffff98][0xffffffc3][0xffffffcf][0xffffff85][0x1][0xffffffc7]v%[0x1e]9[0xffffffde]LR"dW[0xffffffc2][0x6][0xffffff92][0xffffffa1]D[0xffffffc0][0xffffffae][0xffffff84][0xffffff84][0xffffffb3][0xffffff9a][0x12][0xffffffc1][0xffffffbb][0x12][0xffffffae]<YJ[0xffffffe4][0xffffffed]J[0xffffffb8]j[0xffffffe5]([0xffffff91][0xffffffb2]+[0xffffffa1][0xffffffc5][0xfffffffb][0xffffffe7][0xffffff94][0xffffff98][0xffffffee]0[0xffffffe8]8[0x1f][0xffffff8a][0x12][0x13]?[0xc]:[0x3][0xe][0xffffff83]Nsb[0xffffffa9].[0xffffffe0][0x13];[0xc]:[0xffffffe5]L[0x12]H[0x9][0x13]E[0xffffff84][0x12]6[0xffffff90][0x8]%L,[0xffffffcb])![0xffffffe1],[0xffffffa6][0xffffff84]D4[0xffffff88][0x12][0xffffffae]<QJ[0xfffffff8].E)[0xffffffe1][0xffffffaa][0x15][0xffffffa3][0xffffff84]6-D[0x9]-[0xffffffde][\r]J[0xffffffb8][0xffffffc3][0xffffffa0][0xffffffe3]>[0xffffffa8]o%&~[0x18]t[0x6][0x1c][0x6][0xffffff9d][0xffffffe6][0xffffffc4]Ra[0xffffffc0][0xffffffb1][0xffffffc3][0xffffffa0]S[0xffffffce]$[0xffffff91][0xffffff94][0x8]9[0xc]j[0x3][0xffffffc9]P"[0xffffffe0]0[0xffffffa8][0xffffff84][0xffffffb3][0xffffff9a][0x12][0xffffffc1][0xffffff87]A]y[0xffffffb2][0xffffff94][0xffffffc8];[0xc][0xffffffea][0xffffffaa][0xffffff95][0xffffffa3]D[0xffffffca]a"
[DEBUG] http-outgoing-1 << "P-[0xffffffde][\r]J[0xffffff9c][0xffffff86][0x12]w[0x1b][0x17]E[0xffffff89][0x13][0xffffffa7][0xffffffc4][0xffffffe9][0xffffffe2]_[0xffffff9c][0xfffffff7]S[0xfffffff3]^[0x18][0xfffffff0][0x13][0xffffffa3][0xffffffc4][0xffffff99]D[0x9][0xffffff8d]"C[0x9][0x17]H[0xffffff86][0x12][0x1a][0xffffffcb]zJ[0xffffffac][0xffffffe1][0xffffffac][0xffffffa6][0xffffffc4][0x1a][0xffffffd1]$J[0xffffff98][0xfffffff2]d)a[0xffffffbb][0xffffff94][0xffffffa5][0xffffff84][0xffffffa9]V[0xffffff8e][0x12][0xffffffd2][0xffffffb4][0x14]%[0xffffffa4]x7([0xffffffe1][0xe][0xffffff83][0xffffffde][0xfffffffd][0xffffff85]Q[0x2]?[0xc]:[0x3][0xe][0xffffff83]Nsb[0xffffffa9]0[0xffffffe0][0xffffffd8]a[0xffffffd0])g[0xffffff92]HJ[0xffffff84][0x1c][0x6][0xffffffb5][0xffffff81]d([0x11]p[0x18]T[0xffffffc2]YM[0xffffff89][0xffffffe0][0xffffffc3][0xffffffa0][0xffffffae]<YJ[0xffffffe4][0x1d][0x6]u[0xffffffd5][0xffffffca]Q"[0xffffffe5]0[0xffffffa8][0x16][0xffffffef][0x6]%[0xffffff86][0xffffffa5][0xffffffc4][0xffffff85]Qb[0xffffffe0][0xffffff94][0x18].[0xfffffffe][0xffffffc5]y[0x1f][0xffffff9a][0xfffffff7][0xffffffc2][0xffffff80][0xf][0xffffff8c][0x12]#[0xffffff89][0x12][0x1a]E[0xffffff86][0x12].[0xffffff90][0xc]%4[0xffffff96][0xfffffff5][0xffffff94]X[0xffffffc3]YM[0xffffff89]5[0xffffffa2]I[0xffffff94]0[0xffffffe5][0xffffffc9]R[0xffffffc2]v)K[0x9]S[0xffffffad][0x1c]%[0xffffffa4]i)JH[0xfffffff1]nP[0xffffffc2][0xffffffed]J[0xffffffdc][0xffffffc7][0xffffff8b]Z[0xffffffbb][0xffffff9c][0xfffffff8][0xffffffae][0xffffffc4][0xc][0xffffffd8][0xffffff95][0xffffff98][0xffffffe6][0xfffffff0]sa[0xffffffc0][0xffffffb1]][0xffffff89])[0xffffffc7][0xffffff9b]IJ[0xffffff84][0xffffffec]J[0xffffffd8]@2[0xffffff94][0x8][0xffffffd8][0xffffff95][0xffffff90]pVS"xW[0xffffffc2][0xffffff95]'K[0xffffff89][0xffffffbc]][0x9]W[0xffffffad][0x1c]%Rv%[0xffffffb4]x7([0xffffffe1][0xe][0xffffff83][0xffffffde][0xffffffb3]c[0xffffff9f]][0xffffffe2][0xffffff87]Ag[0xffffffc0]a[0xffffffd0]iN,[0x15][0x6][0x1c];[0xc]:[0xffffffe5]L[0x12]I[0xffffff89][0xffffff90][0xffffffc3][0xffffffa0]6[0xffffff90][0xc]%[0x2][0xe][0xffffff83]J8[0xffffffab])[0x11]|[0x18][0xffffffd4][0xffffff95]'K[0xffffff89][0xffffffbc][0xffffffc3][0xffffffa0][0xffffffae]Z9J[0xffffffa4][0x1c][0x6][0xffffffd5][0xffffffe2][0xfffffffd]cJ[0xffffff8c][0xffffff97][0xffffffbb]d[0xfffffffc]i[0x14]%[0xffffffbe][0xffffff9e][0x7][0xffffffa5][0xffffffc4][0xfffffff7][0x13][0xffffffb0][0xffffff94][0xfffffff8][0xfffffffd][0xc][0x4]%[0xffffffbe][0x7f][0xffffff9d][0xffffffa0][0xffffffc4][0xffffffaf]_N[0xffffffa0][0xffffff84][0xffffff8b]"A[0x9][0x1f]H[0xffffff82][0x12].[0xffffff96][0xffffffd5][0xffffff94][0xffffffd0]p[0xffffffd6]RB#[0xffffff9a]C[0x9][[0xffffff9e]$%[0xffffffde]t)I[0x9][[0xffffffad][0x14]%L[0xffffffd3]2[0xffffff94]0[0xffffffc5][0xffffffbb]A[0x9][0xffffffb7]+[0xfffffff1]\[0xfffffff3][0xffffffa1](A[0xffffffef]J|?[0x1]M[0x9]rW[0xffffffe2][0xfffffffb][0xffffffd7][0x19]J[0x4][0xffffffed]J[0xffffffb8](2[0xffffff94]H[0xffffffd9][0xffffff95]p[0xffffffb1][0xffffffac][0xffffffa7][0x4][0xffffffbb]+[0xffffffa1][0x11]M[0xffffffa2]D[0xffffffd8][0xffffffae][0xffffffc4][0xffffff9b].e)[0x11][0xffffffb4]+a[0xffffff9a][0xffffff96][0xffffffa2][0xffffffc4][0xffffffdf][0xffffffef]J|[0xfffffffe][0x1b]=[0xffffff8c][0x12][0x1d][0xffffffa7]D[0xf][0xffffffa0]DG)[0xffffffd1]1J[0xfffffff4]$J[0xffffffac]Q[0xffffffa4]([0xffffffa1][0xffffff81][0xffffffa4]([0xffffffb1][0xffffffc6][0xffffff92][0xffffffa0]D[0xffffff87])[0xffffffd1][0xffffff83])![0xffffffe5]IS[0xffffffc2]t)M[0x9][0xffffffa9]V[0xffffff92][0x12]=[0xffffff85][0x12][0xfffffffd][0xffffffaf])[0xffffffe1]&[0xffffffaa][0xffffff9e][0xffffffa7][0xffffff9f][0x14]%[0xffffffe8][0xffffff89][0xffffffaa][0xffffffef]'[0xffffffa0])ANT}[0xffffffff]:C[0xffffff89][0xffffffa0][0xffffff89]*[0x17]E[0xffffff86][0x12])[0x13]U.[0xffffff96][0xfffffff5][0xffffff94]`'[0xffffffaa]4[0xffffffa2]I[0xffffff94][0x8][0xffffff9b][0xffffffa8]z[0xffffffd3][0xffffffa5],%[0xffffff82]&[0xffffffaa]L[0xffffffd3]R[0xffffff94][0xfffffff8][0xfffffffb][0xffffff89][0xffffffaa][0xffffffcf][0x7f][0xffffffc3][0xffffffbc][0xffffff95]@)A[0xffffffbf][0xffffff95][0xffffffe8][0x1]o%[0xffffffba][0xffffffd2][0xffffffb9]4[0xffffffe0][0xffffffd4][[0xffffff89][0xffffff9e][0xfffffff4]VB[0xffffffa3]HQ"[0xffffffe5][0xffffffad][0xffffff84][0xffffffc6][0xffffff92][0xffffffa0][0x4][0xfffffffb]Vb[0xffffff8d]h[0x16]%[0xffffffc2][0xffffffde]J[0xffffffd8].[0xffffffa5])[0x11][0xfffffff4]VB[0xffffff9a][0xffffff96][0xffffffa3][0xffffffc4][0xffffffdf][0xffffffbf][0xffffff95]8[0xffffffcc][[0xffffff89][0xffffffd9][0xffffffef][0x17]E[0xffffff89][0x3][0x7f]+q[0x4][0xffffffbc][0xffffff95]8[0xffffff94][0xffffffce][0xffffff85][0x1]?[0xffffffb0][0xffffffb7][0x12]G[0xffffffd2][[0x9][0xffffff8d]"C[0x9][0x17]H[0xffffff86][0x12][0x1a][0xffffffcb]zJ[0xffffffac][0xffffffe1][0xffffffac][0xffffffa6][0xffffffc4][0x1a][0xffffffd1]$J[0xffffff98][0xfffffff2]d)a[0xffffffbb][0xffffff94][0xffffffa5][0xffffff84][0xffffffa9]V[0xffffff8e][0x12][0xffffffd2][0xffffffb4][0x14]%[0xffffffa4]x7([0xffffffe1][0xffffff86][0xffffffb3][0xffffffe7]9[0x1a]E[0x9]z8[0xfffffffb][0xfffffffb][0x9]hJ[0xffffff90][0xffffffc3][0xffffffd9][0xffffffdf][0xffffffbf][0xffffffce]P"h8[0xffffffdb]E[0xffffff91][0xffffffa1]D[0xffffffca]p[0xffffffb6][0xffffff8b]e=%[0xffffffd8][0xffffffe1]l[0xffffff8d]h[0x12]%[0xffffffc2][0xffffff86][0xffffffb3][0xffffffdf]t)K[0xffffff89][0xffffffa0][0xffffffe1]l[0xffffffd3][0xffffffb4][0x14]%[0xfffffffe]~8{[0xffffffbc][0xffffffdc]p[0xfffffff6][0x1c][0x13]Z[0xffffffbb][0xfffffffc]z[0x1e][0xffffff98][0x12][0xfffffffc]p[0xfffffff6][0xffffffef]g`(A[\r]g[0xffffffff][0xfffffffa][0xffffffe5][0xc]Jd[0xc]g[0xfffffffb]@2[0xffffff94][0xffffffe0][0xffffff87][0xffffffb3]5[0xffffff9c][0xffffffd5][0xffffff94][0xffffffc8][0x1d][0xffffffce][0xffffffb6][0xffffffe5][0xffffffc9]R"n8[0xffffffdb]V+G[0xffffff89][0xffffff90][0xffffffe1]lS[0xffffffbc][[0xffffff94][0xffffffd0]o%XJ[0xffffffd0][0xffffffdf]J\[0x1][0xffffffdf]J\[0xfffffffa][0x7][0xffffffbd][0xffffffd2][0xffffff80]S[0xffffffdf]J\I[0xffffffdf]Jh[0x14])J[0xffffffa4]|+[0xffffffa1][0xffffffb1]$([0xffffffc1]~+[0xffffffb1]F4[0xffffff8b][0x12]a[0xffffffdf]J[0xffffffd8].[0xffffffa5])[0x11][0xfffffff4][0xffffffad][0xffffff84]4-G[0xffffff89][0xffffffbf][0xffffffff]V[0xffffffc2][0xffffffdc][0xffffffc1]q[0xffffffbc]:5[0xffffff9c][0xfffffffd][0xfffffff5]<0%[0xfffffff8];8~?[0x3]C[0x9][0xffffffea][0xe][0xffffff8e]_[0xffffffbf][0xffffff9c]A[0xffffff89][0xffffff8c];8| [0x19]J[0xfffffff0]wph8[0xffffffab])[0xffffff91]{[0x7][0xffffff87]-O[0xffffff96][0x12]qwp[0xffffffd8]j[0xffffffe5]([0x11]r[0x7][0xffffff87])[0xffffffde][\r]J[0xffffff98];8[0xffffff8e][0xffffffd7][0xfffffff5][0xffffff9c][0x14]%[0xffffffe8];8[0xffffffbe][0xffffff9f][0xffffff80][0xffffffa6][0x4]y[0x7][0xffffffc7][0xfffffff7][0xffffffaf]3[0xffffff94][0x8][0xffffffba][0xffffff83][0xffffffc3]E[0xffffff91][0xffffffa1]D[0xffffffca][0x1d][0x1c].[0xffffff96][0xfffffff5][0xffffff94]`[0xffffffef][0xffffffe0][0xffffffd0][0xffffff88]&Q"[0xffffffec][0xe][0xffffff8e]7][0xffffffca]R"[0xffffffe8][0xe][0xe][0xffffffd3][0xffffffb4][0x14]%[0xfffffffe][0xfffffffe][0xe][0xffffff8e][0xfffffff1]z[0x1c]%[0xffffffee][0xffffffd7][0xffffffa4]([0xfffffff1][0xffffffe0][0xffffff94]x[0x2]([0xfffffff1]h[0xffffffde][0xb][0x3][0xfffffffe]`[0xffffff94]x[0xffffff92]([0xffffffa1]Qd([0xffffffe1][0x2][0xffffffc9]PBcYO[0xffffff89]5[0xffffff9c][0xffffffd5][0xffffff94]X#[0xffffff9a]D[0x9]S[0xffffff9e],%l[0xffffff97][0xffffffb2][0xffffff94]0[0xffffffd5][0xffffffca]QB[0xffffff9a][0xffffff96][0xffffffa2][0xffffff84][0x14][0xffffffef][0x6]%[0xffffffcc]u^[0x1f][0xffffff94][0xffffffb8]n[0xffffff8a][0x12][0xfffffff4]u^[0xffffffdf]O@S[0xffffff82][0xffffffbc][0xffffffce][0xffffffeb][0xfffffffb][0xffffffd7][0x19]J[0x4]][0xffffffe7][0xffffffe5][0xffffffa2][0xffffffc8]P"[0xffffffe5]:/[0x17][0xffffffcb]zJ[0xffffffb0][0xffffffd7]yiD[0xffffff93]([0x11]v[0xffffff9d][0xffffffd7][0xffffff9b].e)[0x11]t[0xffffff9d][0xffffff97]iZ[0xffffff8a][0x12][0xffffffff][0xffffffc1]u^[0xffffffcd]\[0xffffffe7]u[0xffffffbc][0xffffff9e][0xffffffd7][0x1]Q[0xffffffa2][0xffffffe1][0xffffffd7]y[0xffffffb5][0xffffff80][0xffffffeb][0xffffffbc][0xffffff9a][0xffffffb9]s[0xffffffa6].[0xffffffe0][\r][0xffffffbb][0xffffffce][0xffffffab][0xffffffc9][0xffffffad]2 %L[0x14][0x11]J[0xffffffd8]@"[0xffffff94]0[0xffffffb1],[0xffffffa7][0xffffff84][0xffffff84][0xffffffb3][0xffffff98][0x12][0x12][0xffffffd1] J[0xffffffb8][0xfffffff2]D)[0xffffffe1][0xffffffbb][0x14][0xffffffa5][0xffffff84][0xffffffab]V[0xffffff8c][0x12][0xffffffda][0xffffffb4][0x10]%[0xffffffb4]x7(a[0xffffffae][0xfffffff3][0xfffffffa][0xffffffa0][0xffffffc4][0xffffffa0]&[0xffffffaa][0x1a]~[0xffffff9d]W[0xb][0xffffffb8][0xffffffce][0xffffffab][0xffffff99];g[\n]"
[DEBUG] http-outgoing-1 << "[0x3][0xffffff8e]][0xffffffe7][0xffffffd5][0xffffffe4]V[0x19][0xffffff92][0x12]![0xffffffd7]y[0xffffffd9]@2[0xffffff94][0x8][0xffffffb8][0xffffffce]K[0xffffffc2]YM[0xffffff89][0xffffffe0][0xffffffeb][0xffffffbc]\y[0xffffffb2][0xffffff94][0xffffffc8][0xffffffbb][0xffffffce][0xffffffcb]U+G[0xffffff89][0xffffff94][0xffffffeb][0xffffffbc][0xffffffb4]x7(a[0xffffffee][0xffffffe0]8[0xffffffda][0xffffffeb]E[0xfffffffd][0xffffff81][0xffffffa3][0xffffffe1]wp[0xffffffb4][0xffffff80];8[0xffffff9a][0x19][0xffffff8a]/[0xc]8v[0x7]G[0xffffff93])x[0xffffff92][0x12]!wp[0xffffffd8]@2[0xffffff94][0x8][0xffffffb8][0xffffff83]C[0xffffffc2]YM[0xffffff89][0xffffffe0];8\y[0xffffffb2][0xffffff94][0xffffffc8][0xffffffbb][0xffffff83][0xffffffc3]U+G[0xffffff89][0xffffff94];8[0xffffffb4]x7(a[0xffffff86][0xffffffb3][0xffffff8f]v>[0xffffffd4][0xffffffcd][0xffffffa0][\r][0x1f][0xffffffce]n[0x1][0xffffffc3][0xffffffd9][0xffffffcd][0xffffffac][0xffffffbb][0x16][0x6][0x1c][0x1b][0xffffffce]n[0xffffffb2][0xffffffdf]JR"d8[0xffffffdb][0x6][0xffffff92][0xffffffa1]D[0xffffffc0]p[0xffffffb6][0xffffff84][0xffffffb3][0xffffff9a][0x12][0xffffffc1][0xffffffc3][0xffffffd9][0xffffffae]<YJ[0xffffffe4][\r]g[0xffffffbb]j[0xffffffe5]([0xffffff91]2[0xffffff9c][0xffffffad][0xffffffc5][0xffffffbb]E[0xffffff89]+[0xffffff8c][0x12][0x17]N[0xffffff89]+[0xffffff80][0x12][0x17]J[0xffffff89][0xb][0xffffffa3][0xffffffc4][0xffffff95]D[0xffffff89]5[0xffffff8a][0x14]%4[0xffffff90][0x14]%[0xffffffd6]X[0x12][0xffffff94][0xffffffb8]`J\[0xffffffc1][0xffffff94][0xffffff90][0xfffffff2][0xffffffa4])a[0xffffffba][0xffffff94][0xffffffa6][0xffffff84]T+I[0xffffff89]+[0xffffff85][0x12][0xffffffd7][0x7f]@[0xffffff89][0xfffffff6][0xffffff84]Y[0xffffffa2]=8&>[0x1e][0xffffff81][0xffffffd7][0xffffffc4][0xffffff8f][0xffffff87][0xffffffa0]8[0xfffffff1][0xfffffff1][0xfffffff3][0xffffff94]'[0xffffffbe][0x7f]:[0x5][0x14][0xffffff92]GJ[0x14]&[0xffffff95][0x14])$[0xffffff9b][0xffffff84])[0xffffff96][0xffffff84][0xffffffd6][0xffffffa3]b[0xffffffc9]i[0xffffff96]*[0xffffffb4]FiV[0xffffffb8]V[0xffffffa5]][0xffffffa1]%K[0xffffffc2]b[0xffffffed]\N[0x16]k[0x5]o[0xffffffd1][0xffffffe2][0x18]a[0xffffffb4]8[0x6]N[0xffffff8b][0xffffff8f]G[0xffffffe0]i[0xfffffff1][0xffffffe3]!(Z|[0xfffffffc]<E[0xffffff8b][0xffffffef][0xffffff9f]N[0xffffffa1][0xffffff85][0xffffffe4][0xffffff91][0xffffffa2][0xffffff85]I%E[0xb][0xffffffc9]&A[0xffffff8b]%[0xffffffa1][0xfffffff5][0xffffffb4]Xr[0xffffff9a]E[0xb][0xffffffad]Q[0xffffff9a][0x16][0xffffffae]UiZh[0xffffffc9][0xffffff92][0xffffffb4]X;[0xffffff97][0xffffffa3][0xffffffc5]Z[0xffffffc1][[0xffffffb4][0xfffffff8]Z[0xffffffbe]L[0xffffffa2][0xffffffc5]s[0xffffffe2][0xffffffb4][0xfffffff8]x[0x4][0xffffff9e][0x16]?[0x1e][0xffffff82][0xffffffa2][0xffffffc5][0xffffffc7][0xffffffcf]S[0xffffffb4][0xfffffff8][0xfffffffe][0xffffffe9][0x14]ZH[0x1e])Z[0xffffff98]TR[0xffffffb4][0xffffff90]l[0x12][0xffffffb4]X[0x12]ZO[0xffffff8b]%[0xffffffa7]Y[0xffffffb4][0xffffffd0][0x1a][0xffffffa5]i[0xffffffe1]Z[0xffffff95][0xffffffa6][0xffffff85][0xffffff96],I[0xffffff8b][0xffffffb5]s9Z[0xffffffac][0x15][0xffffffbc]G[0xffffff8b][0xffffffb4][0xffffffb7][0x16][0xf][0xffffffff][0xffffffd6][0xffffffe2]Ixk[0xfffffff1][0xffffffb0]o-[0x1e][0xffffffee][0xffffffad][0xffffffc5][0x13][0xfffffff5][0xffffffd6]B[0xfffffff2][0xffffff88][0xffffffd1]"[0xffffffe7][0xffffffad][0xffffff85]d[0x13][0xffffffa1][0x5][0xfffffffd][0xffffffd6][0xffffffe2]I~k[0xffffffa1]5[0xffffff8a][0xffffffd3]"[0xfffffff0][0xffffffad][0xffffff85][0xffffff96],J[0xffffff8b][0xffffff98][0xffffffb7][0x16]k[0x5]o[0xffffffd1][0xffffffa2][0xffffffb5][0x19]f[0xffffff8b][0xffffff8f]'[0xffffffc2]q[0xfffffff1][0xfffffff9][0xc][0xffffffbc].~>[0x5][0xffffffc5][0xffffff8b][0xffffffcf][0xffffffdf][0xffffffa7]|[0xfffffff1][0xffffffe3][0xffffffb7]S[0xffffff80][0xffffffa1][0xffffffa1][0xffffffa4][0xffffff84][0xffffffe1][0xffffffa2]I[0x11]C[0x3]J[0x18]c[0xffffff8d]i=2[0xffffffd6][0xffffffb0]f)[0xffffffc3][0x14]*[0xffffffcd][0xc][0xffffffdb][0xffffffaf][0xffffffb4]3L[0xffffffdd][0xffffff92][0xffffffd0][0xffffff90][0xfffffff6][0xffffffe5][0xffffffa4]!e[0xffffffbc]G[0xffffff8d][0xffffffe3]N[0xffffffa3][0xffffffc6]q[0xfffffff3][0xffffffd4][0xfffffff8]x[0xffffff86][0x0]j[0xfffffffc]x[\n]"
[DEBUG] http-outgoing-1 << "[0xffffff8c][0x1a][0x1f][0xffffffbf][0xffffff8f]Q[0xffffffe3][0xfffffffb][0xffffffb7]c[0xffffffa8]![0xffffffa1][0xffffffc4][0xffffffa8]a[0xffffffa2][0xffffff89]QC[0x2][0xffffff8a]Pc[0xffffff89])@[0xffffff8d]%[0xffffffac]a[0xffffffd4][0xffffffd0]B[0xffffffc5][0xffffffa9][0xffffffe1][0xfffffffa][0x15][0xffffffa7][0xffffff86][0xffffffd6]-J[0xffffff8d][0xffffffb5]}Aj[0xffffffac]e[0xfffffffc]'[0xffffffd4][0xffffff98][0xffffffdf][0xffffffff][0xffffffca]iv-[0xfffffffa][0xb][0xffffffb8]N[0xffffffec][0xfffffff7][0xfffffff3]P[0xffffffcc][0xfffffff8][0xffffffc7][0x13]`[0xffffffc8]X[0xffffff9e][0xffffffa1][0xffffff98][0x18][0xffffffff][0xfffffff8][0xfffffff5]b`[0xfffffffc][0xffffffef]/[0xffffffc3][0xffffffbc]x[0x1b][0xffffffc5]b\[0xfffffffc]K [0xffffff8b]i[0xfffffff1]6[0xffffff96][0xffffff85][0xffffffb0]x[0x13][0xffffffce]2V[0xffffffbc][0xffffff89]h[0x4]*[0xffffffde][0xffffff97]'D[0xffffff8a][0x7f][0xffffffeb]R[0x8][0x14][0xffffffef][0xffffffab][0x15][0xffffffe0][0xffffffc4][0xffffffbb][0xffffffa6]-[0xffffffc7][0xffffffc4][0xffffffbb][0xffffffe2][0xffffffdd][0xffffffa2][0xffffffc4][0x11]F[0xffffff89][0x3][0xffffffa7][0xffffffc4][0x11]@[0xffffff89][0x3][0xffffffa5][0xffffffc4][0xffffff81]Q[0xffffffe2]H[0xffffffa2][0xffffffc4][0x1a]E[0xffffff8a][0x12][0x1a]H[0xffffff8a][0x12]k,[0x9]J[0x1c]0%[0xffffff8e]`JHy[0xffffffd2][0xffffff94]0]JSB[0xffffffaa][0xffffff95][0xffffffa4][0xffffffc4][0xffffff91]B[0xffffff89][0xffffffe3][0xffffffaf])q[0xffffffb9][0xffffffb7][0x12]}[0xe][0xffffff8a][0x12][0x17][0xfffffffe]V[0xffffffe2][\n]"
[DEBUG] http-outgoing-1 << "x+q)[0xffffff9d][0xb][0x3]~ao%[0xffffffae][0xffffffa4][0xffffffb7][0x12][0x1a]E[0xffffff86][0x12].[0xffffff90][0xc]%4[0xffffff96][0xfffffff5][0xffffff94]X[0xffffffc3]YM[0xffffff89]5[0xffffffa2]I[0xffffff94]0[0xffffffe5][0xffffffc9]R[0xffffffc2]v)K[0x9]S[0xffffffad][0x1c]%[0xffffffa4]i)JH[0xfffffff1]nPb8J[0xffffffdc][0xffffffad][0xfffffffe]f[0xffffffd2][0xffffffdf][0xffffffcf][0x3]Sb[0x4]Pbh[0xffffffde][0xb][0x3]>0J[0xffffff8c]$Jh[0x14][0x19]J[0xffffffb8]@2[0xffffff94][0xffffffd0]X[0xffffffd6]Sb[\r]g5%[0xffffffd6][0xffffff88]&Q[0xffffffc2][0xffffff94]'K[0x9][0xffffffdb][0xffffffa5],%L[0xffffffb5]r[0xffffff94][0xffffff90][0xffffffa6][0xffffffa5](![0xffffffc5][0xffffffbb]A[0xffffff89][0xffffffdb]Qbr[0xffffff94][0xffffffb8]qJ[0xffffffdc][0x1][0xffffff94][0xffffffb8]5[0xffffffef][0xffffff85][0x1][0xffffffbf]1J[0xffffffdc]I[0xffffff94][0xffffffd0](2[0xffffff94]p[0xffffff81]d([0xffffffa1][0xffffffb1][0xffffffac][0xffffffa7][0xffffffc4][0x1a][0xffffffce]jJ[0xffffffac][0x11]M[0xffffffa2][0xffffff84])O[0xffffff96][0x12][0xffffffb6]KYJ[0xffffff98]j[0xffffffe5](!MKQB[0xffffff8a]w[0xffffff83][0x12][0xffffff8f][0xffffffa1][0xffffffc4][0x7]&[0xffffffea][0xffffffcf]w[0xfffffffc]~[0x1e][0xffffff98][0x12]O[0x0]%[0x1e][0xffffffcd]{a[0xffffffc0][0x1f][0xffffff8c][0x12]O[0x12]%4[0xffffff8a][0xc]%\ [0x19]Jh,[0xffffffeb])[0xffffffb1][0xffffff86][0xffffffb3][0xffffff9a][0x12]kD[0xffffff93](a[0xffffffca][0xffffff93][0xffffffa5][0xffffff84][0xffffffed]R[0xffffff96][0x12][0xffffffa6]Z9JH[0xffffffd3]R[0xffffff94][0xffffff90][0xffffffe2][0xffffffdd][0xffffffa0][0xffffffc4]t[0xffffff94][0xffffffb8]8JL[0xffffff9c][0x12]3[0xffffff80][0x12]S[0xfffffff3]^[0x18][0xfffffff0][0xffffff89]Qb&QB[0xffffffa3][0xffffffc8]P[0xffffffc2][0x5][0xffffff92][0xffffffa1][0xffffff84][0xffffffc6][0xffffffb2][0xffffff9e][0x12]k8[0xffffffab])[0xffffffb1]F4[0xffffff89][0x12][0xffffffa6]<YJ[0xffffffd8].e)a[0xffffffaa][0xffffff95][0xffffffa3][0xffffff84]4-E[0x9])[0xffffffde]?[0xffffffa7]D[0x7f]9J<[0xffffffe3][0x5]Q[0xffffffe2][0xfffffff3]yXJ|=[0x1]L[0xffffff89]_[0xffffffcf][0xffffff80]P[0xffffffe2][0xffffffeb][0xffffffd7][0x11]J[0xfffffffc][0xfffffffc][0xffffffe5][0x8]J[0xffffff98]("[0xffffff94][0xffffffb0][0xffffff81]D(abYN[0x9][0x9]g1%$[0xffffffa2]A[0xffffff94]p[0xffffffe5][0xffffff89]R[0xffffffc2]w)J[0x9]W[0xffffffad][0x18]%[0xffffffb4]i!Jh[0xfffffff1]nP[0xffffffa2];J[0xffffffcc][0xffffffbb]Q[0xffffff94][0xffffffe8]8%z[0x0]%[0xffffffba][0xffffffe6][0xffffffbd]0[0xffffffe0][0x1d][0xffffffa3]DO[0xffffffa2][0xffffff84]F[0xffffff91][0xffffffa1][0xffffff84][0xb]$C[0x9][0xffffff8d]e=%[0xffffffd6]pVSb[0xffffff8d]h[0x12]%Ly[0xffffffb2][0xffffff94][0xffffffb0]][0xffffffca]R[0xffffffc2]T+G[0x9]iZ[0xffffff8a][0x12]R[0xffffffbc][0x1b][0xffffff94]8,%[0xffffffe6]EQ[0xffffffe2][0xffffffc0])q[0x4]P[0xffffffe2][0xffffffd0][0xffffffbc][0x17][0x6][0xfffffffc][0xffffffc0](q$QB[0xffffffa3][0xffffffc8]P[0xffffffc2][0x5][0xffffff92][0xffffffa1][0xffffff84][0xffffffc6][0xffffffb2][0xffffff9e][0x12]k8[0xffffffab])[0xffffffb1]F4[0xffffff89][0x12][0xffffffa6]<YJ[0xffffffd8].e)a[0xffffffaa][0xffffff95][0xffffffa3][0xffffff84]4-E[0x9])[0xffffffde][\r]J[0xffffffb8][0xffffffb5][0xffffffcb][0xfffffff3]5[0xffffffa8]o%:[0xffffffbe]v[0xffffffd9][0x3][0xffffffd6].[0xffffffbb][0xffffff99]d+[0xc]8[0xffffffb6]v[0xffffffd9]et[0xffffff8d][0xffffffa4]D[0xffffffc8][0xffffffda][0xffffffa5][\r]$C[0xffffff89][0xffffff80][0xffffffb5]K[0x9]g5%[0xffffff82][0xffffffd7].]y[0xffffffb2][0xffffff94][0xffffffc8][[0xffffffbb]t[0xffffffd5][0xffffffca]Q"e[0xffffffed]R[0xffffff8b]w[0xffffff83][0x12]n[0xffffffa2][0xffffffea][0xffffffec]/[0xffffffea]0h[0xffffffc7]'[0xffffffaa]z[0xffffffc0]DU7;*[0xffffff85][0x1][0xffffffc7]&[0xffffffaa][0xffffffba],[0xffffffa5][0xffffff90][0xffffff94][0x8][0xffffff99][0xffffffa8][0xffffffb2][0xffffff81]d([0x11]0Q%[0xffffffe1][0xffffffac][0xffffffa6]D[0xfffffff0]D[0xffffff95]+O[0xffffff96][0x12]y[0x13]U[0xffffffae]Z9J[0xffffffa4]LTi[0xfffffff1]nP[0xffffffc2]MT[0xffffff9d][0xffffffd7][0xffffffe8][0x14]%[0xfffffff0][0xffffff89][0xffffffaa][0x1e]0Q[0xffffffd5][0xffffffcd][0xffffff8e]Ja[0xffffffc0][0xffffffb1][0xffffff89][0xffffffaa].K)$%B&[0xffffffaa]l [0x19]J[0x4]LTI8[0xffffffab])[0x11]<Q[0xffffffe5][0xffffffca][0xffffff93][0xffffffa5]D[0xffffffde]D[0xffffff95][0xffffffab]V[0xffffff8e][0x12])[0x13]UZ[0xffffffbc][0x1b][0xffffff94]p[0xffffffbb][0x12]W[0x7f]a[0xffffffdf]J[0xffffffe0][0xffffffbb][0x12]=`W[0xffffffa2][0xffffff9b][0xffffffc3][0xffffffcf][0xffffff85][0x1][0xffffffc7]v%[0xffffffba][0x1c]o&)[0x11][0xffffffb2]+a[0x3][0xffffffc9]P"`WB[0xffffffc2]YM[0xffffff89][0xffffffe0]][0x9]W[0xffffff9e],%[0xfffffff2]v%\[0xffffffb5]r[0xffffff94]H[0xffffffd9][0xffffff95][0xffffffd0][0xffffffe2][0xffffffdd][0xffffffa2][0xffffff84]^[0xffffffe7][0xffffffc5]R[0x2][0xffffffbe][0xffffffce][0xffffffeb][0xffffffeb][0x9]xJ[0xffffff80][0xffffffd7]y}[0xfffffffd]:E[0xffffff89][0xffffff9c][0xffffffeb][0xffffffbc]L[0x14])J[0xffffff84]\[0xffffffe7]ebIP[0x2][0xffffffbd][0xffffffce]K"[0xffffff9a]E[0xffffff89][0xffffffac][0xffffffeb][0xffffffbc]|[0xffffff97][0xffffffd2][0xffffff94][0xffffffc8][0xffffffb9][0xffffffce]K[0xffffff9b][0xffffff96][0xffffffa3][0xffffffc4]__[0xffffffe7][0xfffffff5][0xfffffff9][0x7f][0xffffff94][0x12][0xffffffc7][0xffffff83][0xfffffffd][0xffffff81]c[0xffffffe2]o%f[0xffffffc0][[0xffffff89][0xffffffa9]t.[0xc][0xfffffff8][0xffffffc4][0xffffffde]J[0xffffffcc][0xffffffa4][0xffffffb7][0x12][0x1a]E[0xffffff86][0x12].[0xffffff90][0xc]%4[0xffffff96][0xfffffff5][0xffffff94]X[0xffffffc3]YM[0xffffff89]5[0xffffffa2]I[0xffffff94]0[0xffffffe5][0xffffffc9]R[0xffffffc2]v)K[0x9]S[0xffffffad][0x1c]%[0xffffffa4]i)JH[0xfffffff1][0xfffffffe]9%[0xe]7Qu[0xffffffdd][0xffffffcf][0x9]Q[0xffffffe2][0xffffffc0]'[0xffffffaa][0xffffff8e][0xffffff80][0xffffff89][0xffffffaa][0xffffffc3][0xffffffec][0xffffffa8][0xffffffd4][0x5][0xfffffffc][0xffffffc0]&[0xffffffaa][0xe]YJ[0x1])a[0xffffffa2][0xffffff88]P[0xffffffc2][0x6][0x12][0xffffffa1][0xffffff84][0xffffff89]e9%$[0xffffff9c][0xffffffc5][0xffffff94][0xffffff90][0xffffff88][0x6]Q[0xffffffc2][0xffffff95]'J[0x9][0xffffffdf][0xffffffa5](%\[0xffffffb5]b[0xffffff94][0xffffffd0][0xffffffa6][0xffffff85]([0xffffffa1][0xffffffc5][0xffffffbb]A[0x9]7Q5[0xffffff8e][0xffffff87]:[0xc]z[0xffffffe0][0x13]UG[0xffffffc0]D[0xffffffd5]avT[\n]"
[DEBUG] http-outgoing-1 << "[0x3][0xffffff8e]MT[0x1d][0xffffffb2][0xffffff94]BR"d[0xffffffa2][0xffffffca][0x6][0xffffff92][0xffffffa1]D[0xffffffc0]D[0xffffff95][0xffffff84][0xffffffb3][0xffffff9a][0x12][0xffffffc1][0x13]U[0xffffffae]<YJ[0xffffffe4]MT[0xffffffb9]j[0xffffffe5]([0xffffff91]2Q[0xffffffa5][0xffffffc5][0xffffffbb]A[0x9]7Q5[0xffffffae][0x17]5[0xffffff9c]}[0xffffffe0][0x13]UG[0xffffffc0]D[0xffffffd5]avT[\n]"
[DEBUG] http-outgoing-1 << "[0x3][0xffffff8e]MT[0x1d][0xffffffb2][0xffffff94]BR"d[0xffffffa2][0xffffffca][0x6][0xffffff92][0xffffffa1]D[0xffffffc0]D[0xffffff95][0xffffff84][0xffffffb3][0xffffff9a][0x12][0xffffffc1][0x13]U[0xffffffae]<YJ[0xffffffe4]MT[0xffffffb9]j[0xffffffe5]([0xffffff91]2Q[0xffffffa5][0xffffffc5][0xffffffbb]A[0x9]7Q5f;)J[0xffffffe0][0x13]UG[0xffffffc0]D[0xffffffd5]avT[\n]"
[DEBUG] http-outgoing-1 << "[0x3][0xffffff8e]MT[0x1d][0xffffffb2][0xffffff94]BR"d[0xffffffa2][0xffffffca][0x6][0xffffff92][0xffffffa1]D[0xffffffc0]D[0xffffff95][0xffffff84][0xffffffb3][0xffffff9a][0x12][0xffffffc1][0x13]U[0xffffffae]<YJ[0xffffffe4]MT[0xffffffb9]j[0xffffffe5]([0xffffff91]2Q[0xffffffa5][0xffffffc5][0xffffffbb]A[0x9]7Q5[0xffffffe6]M}vy[0xffffffe0][0x13]UG[0xffffffc0]D[0xffffffd5]avT[\n]"
[DEBUG] http-outgoing-1 << "[0x3][0xffffff8e]MT[0x1d][0xffffffb2][0xffffff94]BR"d[0xffffffa2][0xffffffca][0x6][0xffffff92][0xffffffa1]D[0xffffffc0]D[0xffffff95][0xffffff84][0xffffffb3][0xffffff9a][0x12][0xffffffc1][0x13]U[0xffffffae]<YJ[0xffffffe4]MT[0xffffffb9]j[0xffffffe5]([0xffffff91]2Q[0xffffffa5][0xffffffc5][0xffffffbb]A[0xffffff89][0xffffffdb]P[0xffffffe2]~][0xffffffd4]u^[0xffffff9f][0xffffffcf][0x3]S[0xffffffe2][0xe][0xffffffa0][0xffffffc4][0xffffffad]y/[0xc][0xfffffff8][0xffffff8d]Q[0xffffffe2]N[0xffffffa2][0xffffff84]F[0xffffff91][0xffffffa1][0xffffff84][0xb]$C[0x9][0xffffff8d]e=%[0xffffffd6]pVSb[0xffffff8d]h[0x12]%Ly[0xffffffb2][0xffffff94][0xffffffb0]][0xffffffca]R[0xffffffc2]T+G[0x9]iZ[0xffffff8a][0x12]R[0xffffffbc][0x1b][0xffffff94]p[0x13]Uwk[0xffffffd8][0xffffffb7][0x12][0xfffffff8]D[0xffffffd5][0x11]0Qu[0xffffff98][0x1d][0xffffff95][0xffffffc2][0xffffff80]c[0x13]U[0xffffff87],[0xffffffa5][0xffffff90][0xffffff94][0x8][0xffffff99][0xffffffa8][0xffffffb2][0xffffff81]d([0x11]0Q%[0xffffffe1][0xffffffac][0xffffffa6]D[0xfffffff0]D[0xffffff95]+O[0xffffff96][0x12]y[0x13]U[0xffffffae]Z9J[0xffffffa4]LTi[0xfffffff1]nPb:J[0xfffffff4][0xfffffffb][0xffffffa4](1qJ[0xffffffcc][0x0]JL[0xffffffcd]{a[0xffffffc0]'F[0xffffff89][0xffffff99]D[0x9][0xffffff8d]"C[0x9][0x17]H[0xffffff86][0x12][0x1a][0xffffffcb]zJ[0xffffffac][0xffffffe1][0xffffffac][0xffffffa6][0xffffffc4][0x1a][0xffffffd1]$J[0xffffff98][0xfffffff2]d)a[0xffffffbb][0xffffff94][0xffffffa5][0xffffff84][0xffffffa9]V[0xffffff8e][0x12][0xffffffd2][0xffffffb4][0x14]%[0xffffffa4]x[0xffffffff][0xffffff9c][0x12][0xffffffa7][0xffffffdb][0xffffff95][0xffffffb8]/lW[0xffffffe2][0xffffffc4]w%[0xffffffce][0xffffff80]][0xffffff89][0xffffffd3][0x1c]~[0xffffffae][0xb][0xfffffff8][0xffffff89][0xffffffed]J[0xffffff9c]r[0xffffffbc][0x19][0xffffffa4][0xffffff84][0xffffff89]"B[0x9][0x1b]H[0xffffff84][0x12]&[0xffffff96][0xffffffe5][0xffffff94][0xffffff90]p[0x16]SB"[0x1a]D[0x9]W[0xffffff9e](%|[0xffffff97][0xffffffa2][0xffffff94]p[0xffffffd5][0xffffff8a]QB[0xffffff9b][0x16][0xffffffa2][0xffffff84][0x16][0xffffffef][0x6]%[0xffffffdc][0xffffffae][0xffffffc4][0xffffffd3][0xffffffdb][0xffffffa4]([0xffffff81][0xffffffef]J[0xffffff9c][0x1][0xffffffbb][0x12][0xffffffa7]9[0xfffffffc]\[0x18]plW[0xffffffe2][0xffffff94][0xffffffe3][0xffffffcd]$%Bv%l [0x19]J[0x4][0xffffffec]JH8[0xffffffab])[0x11][0xffffffbc]+[0xffffffe1][0xffffffca][0xffffff93][0xffffffa5]D[0xffffffde][0xffffffae][0xffffff84][0xffffffab]V[0xffffff8e][0x12])[0xffffffbb][0x12]Z[0xffffffbc][0x1b][0xffffff94]p[0xffffffbb][0x12][0xffffffcf]y`[0xffffff94][0xffffffc0]w%[0xffffffce][0xffffff80]][0xffffff89][0xffffffd3][0x1c]~.[0xc]8[0xffffffb6]+q[0xffffffca][0xfffffff1]f[0xffffff92][0x12]![0xffffffbb][0x12]6[0xffffff90][0xc]%[0x2]v%$[0xffffff9c][0xffffffd5][0xffffff94][0x8][0xffffffde][0xffffff95]p[0xffffffe5][0xffffffc9]R"oW[0xffffffc2]U+G[0xffffff89][0xffffff94]][0x9]-[0xffffffde]-J[0xfffffff4]0Jt[0xffffff9c][0x12]=[0xffffff80][0x12][0x1d][0xffffffa5]D[0xffffffc7]([0xffffffd1][0xffffff93]([0xffffffb1]F[0xffffff91][0xffffffa2][0xffffff84][0x6][0xffffff92][0xffffffa2][0xffffffc4][0x1a]K[0xffffff82][0x12][0x1d][0xffffffa6]D[0xf][0xffffffa6][0xffffff84][0xffffff94]'M[0x9][0xffffffd3][0xffffffa5]4%[0xffffffa4]ZIJ[0xfffffff4][0x14]J[0xfffffff4][0xffffffbf][0xffffffa6][0xffffff84][0xffffff9b][0xffffffa8]z[0xffffff9e]~S[0xffffff94][0xffffffc0]'[0xffffffaa][0xffffffce][0xffffff80][0xffffff89][0xffffffaa][0xffffffd3][0xffffffec][0xffffffa8][0x14][0x6][0x1c][0xffffff9b][0xffffffa8]:e)[0xffffff85][0xffffffa4]D[0xffffffc8]D[0xffffff95][\r]$C[0xffffff89][0xffffff80][0xffffff89]*[0x9]g5%[0xffffff82]'[0xffffffaa]\y[0xffffffb2][0xffffff94][0xffffffc8][0xffffff9b][0xffffffa8]r[0xffffffd5][0xffffffca]Q"e[0xffffffa2]J[0xffffff8b]w[0xffffff83][0x12]n[0xffffffa2]j[0xffffffbe][0xfffffffa]IQ[0x2][0xffffff9f][0xffffffa8]:[0x3]&[0xffffffaa]N[0xffffffb3][0xffffffa3]R[0x18]pl[0xffffffa2][0xffffffea][0xffffff94][0xffffffa5][0x14][0xffffff92][0x12]![0x13]U6[0xffffff90][0xc]%[0x2]&[0xffffffaa]$[0xffffff9c][0xffffffd5][0xffffff94][0x8][0xffffff9e][0xffffffa8]r[0xffffffe5][0xffffffc9]R"o[0xffffffa2][0xffffffca]U+G[0xffffff89][0xffffff94][0xffffff89]*-[0xffffffde][\r]J[0xc]G[0xffffff89][0xffffffb3][0xf][0xffffff8a][0x12][0x3][0xffffffa7][0xffffffc4][0x8][0xffffffa0][0xffffffc4][0xffffffd0][0xffffffbc][0x17][0x6]|`[0xffffff94][0x18]I[0xffffff94][0xffffffd0](2[0xffffff94]p[0xffffff81]d([0xffffffa1][0xffffffb1][0xffffffac][0xffffffa7][0xffffffc4][0x1a][0xffffffce]jJ[0xffffffac][0x11]M[0xffffffa2][0xffffff84])O[0xffffff96][0x12][0xffffffb6]KYJ[0xffffff98]j[0xffffffe5](!MKQB[0xffffff8a]w[0xffffff83][0x12]n[0xffffffed]r[0xffffff8e][0xffffff86][0xfffffffd][0xffffff81][0x3]_[0xffffffbb]<[0x3][0xffffffd6].O3[0xffffffc9]V[0x18]pl[0xffffffed][0xfffffff2][0xffffff94][0xffffffd1]5[0xffffff92][0x12]!k[0xffffff97]6[0xffffff90][0xc]%[0x2][0xffffffd6].%[0xffffff9c][0xffffffd5][0xffffff94][0x8]^[0xffffffbb]t[0xffffffe5][0xffffffc9]R"o[0xffffffed][0xffffffd2]U+G[0xffffff89][0xffffff94][0xffffffb5]K-[0xffffffde][\r]J[0xffffffb8][0xffffffb5][0xffffffcb]9'F[0x9]|[0xffffffed][0xfffffff2][0xc]X[0xffffffbb]<[0xffffffcd]$[a[0xffffffc0][0xffffffb1][0xffffffb5][0xffffffcb]SF[0xffffffd7]HJ[0xffffff84][0xffffffac]][0xffffffda]@2[0xffffff94][0x8]X[0xffffffbb][0xffffff94]pVS"x[0xffffffed][0xffffffd2][0xffffff95]'K[0xffffff89][0xffffffbc][0xffffffb5]KW[0xffffffad][0x1c]%R[0xffffffd6].[0xffffffb5]x7(1[0xffffff95][0x12][0xffffffe7][0xffffffeb]5[0xe][0xffffff8a][0x12][0x13][0xffffffa7][0xffffffc4][0xc][0xffffffa0][0xffffffc4][0xffffffd4][0xffffffbc][0x17][0x6]|b[0xffffff94][0xffffff98]I[0xffffff94][0xffffffd0](2[0xffffff94]p[0xffffff81]d([0xffffffa1][0xffffffb1][0xffffffac][0xffffffa7][0xffffffc4][0x1a][0xffffffce]jJ[0xffffffac][0x11]M[0xffffffa2][0xffffff84])O[0xffffff96][0x12][0xffffffb6]KYJ[0xffffff98]j[0xffffffe5](!MKQB[0xffffff8a][0xfffffff7][0xffffffcf])q[0xffffff99][0xffffffb5][0xffffffcb][0xfffffff3][0xffffffd5]^[0xffffffd4]a[0xffffffd0][0xb]_[0xffffffbb][0xffffffbc][0x2][0xffffffd6]./3[0xffffffc9]V[0x17][0xfffffff0][0xb][[0xffffffbb][0xffffffbc]dt[\r][0xffffffa4][0xffffff84][0xffffff89]"B[0x9][0x1b]H[0xffffff84][0x12]&[0xffffff96][0xffffffe5][0xffffff94][0xffffff90]p[0x16]SB"[0x1a]D[0x9]W[0xffffff9e](%|[0xffffff97][0xffffffa2][0xffffff94]p[0xffffffd5][0xffffff8a]QB[0xffffff9b][0x16][0xffffffa2][0xffffff84][0x16][0xffffffef][0x6]%[0xffffff9a][0xffffffa5][0xffffffc4][0xffffffe8][0x14]%[0x1a]N[0xffffff89][0x16]@[0xffffff89][0xffffffa6]y/[0xc]x[0xffffffc3]([0xffffffd1][0xffffff92]([0xffffffa1]Qd([0xffffffe1][0x2][0xffffffc9]PBcYO[0xffffff89]5[0xffffff9c][0xffffffd5][0xffffff94]X#[0xffffff9a]D[0x9]S[0xffffff9e],%l[0xffffff97][0xffffffb2][0xffffff94]0[0xffffffd5][0xffffffca]QB[0xffffff9a][0xffffff96][0xffffffa2][0xffffff84][0x14][0xffffffef][0x6]%[0xffffffcc]p[0xfffffff6][0xfffffff9][0xffffffe2][0xffffff86][0xffffffb3]/|8[0xfffffffb][\n]"
[DEBUG] http-outgoing-1 << "[0x18][0xffffffce][0xffffffbe][0xffffffcc][0xffffffba]ka[0xffffffc0][0xffffffb1][0xffffffe1][0xffffffec]K[0xfffffff6][IJ[0xffffff84][0xc]g[0xffffffdb]@2[0xffffff94][0x8][0x18][0xffffffce][0xffffff96]pVS"x8[0xffffffdb][0xffffff95]'K[0xffffff89][0xffffffbc][0xffffffe1]lW[0xffffffad][0x1c]%R[0xffffff86][0xffffffb3][0xffffffb5]x7(a[0xffffff86][0xffffffb3][0xffffffcf][0xffffffd7]1[0xffffffa8][0xffffffc3][0xffffffa0][0x17]>[0xffffff9c]}[0x5][0xc]g_f[0xffffffdd][0xffffffb5]0[0xffffffe0][0xffffffd8]p[0xfffffff6]%[0xfffffffb][0xffffffad]$%B[0xffffff86][0xffffffb3]m [0x19]J[0x4][0xc]gK8[0xffffffab])[0x11]<[0xffffff9c][0xffffffed][0xffffffca][0xffffff93][0xffffffa5]D[0xffffffde]p[0xffffffb6][0xffffffab]V[0xffffff8e][0x12])[0xffffffc3][0xffffffd9]Z[0xffffffbc][0x1b][0xffffff94]0k[0xffffff97][0xffffffe7][0xffffffeb][0xffffffbe][0xffffffa8][0x13][0x1c][0x17][0xffffffbe]vy[0x5][0xffffffac]]^f[0xffffff92][0xffffffad]0[0xffffffe0][0xffffffd8][0xffffffda][0xffffffe5]%[0xffffffa3]k$%B[0xffffffd6].m [0x19]J[0x4][0xffffffac]]J8[0xffffffab])[0x11][0xffffffbc]v[0xffffffe9][0xffffffca][0xffffff93][0xffffffa5]D[0xffffffde][0xffffffda][0xffffffa5][0xffffffab]V[0xffffff8e][0x12])k[0xffffff97]Z[0xffffffbc][0x1b][0xffffff94]0[0x13]Ug;_[0xffffffd4][0x9][0xffffff8e][0xb][0xffffff9f][0xffffffa8][0xffffffba][0x2]&[0xffffffaa].[0xffffffb3][0xffffffa3]R[0x18]pl[0xffffffa2][0xffffffea][0xffffff92][0xffffffa5][0x14][0xffffff92][0x12]![0x13]U6[0xffffff90][0xc]%[0x2]&[0xffffffaa]$[0xffffff9c][0xffffffd5][0xffffff94][0x8][0xffffff9e][0xffffffa8]r[0xffffffe5][0xffffffc9]R"o[0xffffffa2][0xffffffca]U+G[0xffffff89][0xffffff94][0xffffff89]*-[0xffffffde][\r]J[0xffffff98][0xffffff89][0xffffffaa][0xffffffb3]][0xfffffff7]IQ[0x2][0xffffff9f][0xffffffa8][0xffffffba][0x2]&[0xffffffaa].[0xffffffb3][0xffffffa3]R[0x18]pl[0xffffffa2][0xffffffea][0xffffff92][0xffffffa5][0x14][0xffffff92][0x12]![0x13]U6[0xffffff90][0xc]%[0x2]&[0xffffffaa]$[0xffffff9c][0xffffffd5][0xffffff94][0x8][0xffffff9e][0xffffffa8]r[0xffffffe5][0xffffffc9]R"o[0xffffffa2][0xffffffca]U+G[0xffffff89][0xffffff94][0xffffff89]*-[0xffffffde][\r]J[0xffffff98][0xffffff89][0xffffffaa][0xffffffb3][0xffffffbf][0xffffff9e][0xffffff87][0xffffffa2][0x4]>Qu[0x5]LT]fG[0xffffffa5]0[0xffffffe0][0xffffffd8]D[0xffffffd5]%K)$%B&[0xffffffaa]l [0x19]J[0x4]LTI8[0xffffffab])[0x11]<Q[0xffffffe5][0xffffffca][0xffffff93][0xffffffa5]D[0xffffffde]D[0xffffff95][0xffffffab]V[0xffffff8e][0x12])[0x13]UZ[0xffffffbc][0x1b][0xffffff94][0xffffff98][0xffffff8e][0x12][0xfffffffd]|Q[0xffffff94][0xffffff98]8%f[0x0]%[0xffffffa6][0xffffffe6][0xffffffbd]0[0xffffffe0][0x13][0xffffffa3][0xffffffc4]L[0xffffffa2][0xffffff84]F[0xffffff91][0xffffffa1][0xffffff84][0xb]$C[0x9][0xffffff8d]e=%[0xffffffd6]pVSb[0xffffff8d]h[0x12]%Ly[0xffffffb2][0xffffff94][0xffffffb0]][0xffffffca]R[0xffffffc2]T+G[0x9]iZ[0xffffff8a][0x12]R[0xffffffbc][0x7f]N[0xffffff89][0xffffffe1]&[0xffffffaa][0xfffffffa][0xffffffe8][0x14]%[0x6]>Q5[0x2]&[0xffffffaa][0xffffff86][0xffffffd9]Q[0xffffffa9][0xb][0xfffffff8][0xffffffc0]&[0xffffffaa][0xffffff86],[0xffffffa5][0xffffff80][0xffffff94]0QD(a[0x3][0xffffff89]P[0xffffffc2][0xffffffc4][0xffffffb2][0xffffff9c][0x12][0x12][0xffffffce]bJHD[0xffffff83]([0xffffffe1][0xffffffca][0x13][0xffffffa5][0xffffff84][0xffffffef]R[0xffffff94][0x12][0xffffffae]Z1Jh[0xffffffd3]B[0xffffff94][0xffffffd0][0xffffffe2][0xffffffdd][0xffffffa0][0xffffff84][0xffffff9b][0xffffffa8][0xffffffea][0xfffffff7]I}v9[0xfffffff0][0xffffff89][0xffffffaa][0x11]0Q5[0xffffffcc][0xffffff8e]Ja[0xffffffc0][0xffffffb1][0xffffff89][0xffffffaa]!K)$%B&[0xffffffaa]l [0x19]J[0x4]LTI8[0xffffffab])[0x11]<Q[0xffffffe5][0xffffffca][0xffffff93][0xffffffa5]D[0xffffffde]D[0xffffff95][0xffffffab]V[0xffffff8e][0x12])[0x13]UZ[0xffffffbc][0x1b][0xffffff94]p[0x13]UG;[0xffffffa8]o%[0x6]>Q5[0x2]&[0xffffffaa][0xffffff86][0xffffffd9]Q)[0xc]86Q5d)[0xffffff85][0xffffffa4]D[0xffffffc8]D[0xffffff95][\r]$C[0xffffff89][0xffffff80][0xffffff89]*[0x9]g5%[0xffffff82]'[0xffffffaa]\y[0xffffffb2][0xffffff94][0xffffffc8][0xffffff9b][0xffffffa8]r[0xffffffd5][0xffffffca]Q"e[0xffffffa2]J[0xffffff8b]w[0xffffff83][0x12]n[0xffffffa2][0xffffffea][0xffffffe0][0xffffffd6].[0x7]>Q5[0x2]&[0xffffffaa][0xffffff86][0xffffffd9]Q)[0xc]86Q5d)[0xffffff85][0xffffffa4]D[0xffffffc8]D[0xffffff95][\r]$C[0xffffff89][0xffffff80][0xffffff89]*[0x9]g5%[0xffffff82]'[0xffffffaa]\y[0xffffffb2][0xffffff94][0xffffffc8][0xffffff9b][0xffffffa8]r[0xffffffd5][0xffffffca]Q"e[0xffffffa2]J[0xffffff8b]w[0xffffff83][0x12]n[0xffffffa2][0xffffffea][0xffffffe8][0xffffffe7]IQ[0x2][0xffffff9f][0xffffffa8][0x1a][0x1][0x13]U[0xffffffc3][0xffffffec][0xffffffa8][0x14][0x6][0x1c][0xffffff9b][0xffffffa8][0x1a][0xffffffb2][0xffffff94]BR"d[0xffffffa2][0xffffffca][0x6][0xffffff92][0xffffffa1]D[0xffffffc0]D[0xffffff95][0xffffff84][0xffffffb3][0xffffff9a][0x12][0xffffffc1][0x13]U[0xffffffae]<YJ[0xffffffe4]MT[0xffffffb9]j[0xffffffe5]([0xffffff91]2Q[0xffffffa5][0xffffffc5][0xffffffbb]A[0xffffff89][0xffffffcb]R[0xffffffe2][0xffffffc6][0xffffffbe][0xffffff95][0xffffffb8]pJ\[0x1][0xffffff94][0xffffffb8]4[0xffffffef][0xffffff85][0x1][0xffffffbf]0J\I[0xffffff94][0xffffffd0](2[0xffffff94]p[0xffffff81]d([0xffffffa1][0xffffffb1][0xffffffac][0xffffffa7][0xffffffc4][0x1a][0xffffffce]jJ[0xffffffac][0x11]M[0xffffffa2][0xffffff84])O[0xffffff96][0x12][0xffffffb6]KYJ[0xffffff98]j[0xffffffe5](!MKQB[0xffffff8a]w[0xffffff83][0x12]n[0xffffffed][0xfffffff2]8Z[0xffffffa7]([0xffffff81][0xffffffaf]][0xffffff8e][0xffffff80][0xffffffb5][0xffffffcb]a&[0xffffffd9][\n]"
[DEBUG] http-outgoing-1 << "[0x3][0xffffff8e][0xffffffad]][0xe][0x19]]#)[0x11][0xffffffb2]vi[0x3][0xffffffc9]P"`[0xffffffed]R[0xffffffc2]YM[0xffffff89][0xffffffe0][0xffffffb5]KW[0xffffff9e],%[0xfffffff2][0xffffffd6].][0xffffffb5]r[0xffffff94]HY[0xffffffbb][0xffffffd4][0xffffffe2][0xffffffdd][0xffffffa0][0xffffff84][[0xffffffbb]<N[0xffffffec]:[0xffffffaf][0xffffff81][0xffffffaf]][0xffffff8e][0xffffff80][0xffffffb5][0xffffffcb]a&[0xffffffd9][\n]"
[DEBUG] http-outgoing-1 << "[0x3][0xffffff8e][0xffffffad]][0xe][0x19]]#)[0x11][0xffffffb2]vi[0x3][0xffffffc9]P"`[0xffffffed]R[0xffffffc2]YM[0xffffff89][0xffffffe0][0xffffffb5]KW[0xffffff9e],%[0xfffffff2][0xffffffd6].][0xffffffb5]r[0xffffff94]HY[0xffffffbb][0xffffffd4][0xffffffe2][0xffffffdd][0xffffffa0][0xffffff84][[0xffffffbb]<[0xffffff9e][0xffffff81]}v[0xffffff89][0xffffffaf]][0xffffff8e][0xffffff80][0xffffffb5][0xffffffcb]a&[0xffffffd9][\n]"
[DEBUG] http-outgoing-1 << "[0x3][0xffffff8e][0xffffffad]][0xe][0x19]]#)[0x11][0xffffffb2]vi[0x3][0xffffffc9]P"`[0xffffffed]R[0xffffffc2]YM[0xffffff89][0xffffffe0][0xffffffb5]KW[0xffffff9e],%[0xfffffff2][0xffffffd6].][0xffffffb5]r[0xffffff94]HY[0xffffffbb][0xffffffd4][0xffffffe2][0xffffffdd][0xffffffa2][0xffffffc4][0x8][0xffffffa3][0xffffffc4][0xffffffc0])1[0x2](1PJ[0xc][0xffffff8c][0x12]#[0xffffff89][0x12]k[0x14])Jh )J[0xffffffac][0xffffffb1]$(1`J[0xffffff8c]`JHy[0xffffffd2][0xffffff94]0]JSB[0xffffffaa][0xffffff95][0xffffffa4][0xffffffc4]H[0xffffffa1][0xffffffc4][0xfffffff8][0xf](1[0xffffffc3](1qJ[0xffffffcc][0x0]JL[0xffffff94][0x12][0x13][0xffffffa3][0xffffffc4]L[0xffffffa2][0xffffffc4][0x1a]E[0xffffff8a][0x12][0x1a]H[0xffffff8a][0x12]k,[0x9]JL[0xffffff98][0x12]3[0xffffff98][0x12]R[0xffffff9e]4%L[0xffffff97][0xffffffd2][0xffffff94][0xffffff90]j%)1S(1[0xffffffff][0x3]J|}b[0xffffff99]d[0xffffff89][0xffffffd6]qL|<[0x2][0xffffffaf][0xffffff89][0x1f][0xf]Aq[0xffffffe2][0xffffffe3][0xffffffe7])O|[0xffffffff]t[\n]"
[DEBUG] http-outgoing-1 << "($[0xffffff8f][0xffffff94](L*)RH6[0x9]S,[0x9][0xffffffad]G[0xffffffc5][0xffffff92][0xffffffd3],Uh[0xffffff8d][0xffffffd2][0xffffffac]p[0xffffffad]J[0xffffffbb]BK[0xffffff96][0xffffff84][0xffffffc5][0xffffffda][0xffffffb9][0xffffff9c],[0xffffffd6][\n]"
[DEBUG] http-outgoing-1 << "[0xffffffde][0xffffffa2]EO[0xffffffa3]E[0xffffffe7]i[0xffffffd1][0x13]h[0xffffffd1]YZt[0xffffff8e][0x16]=[0xffffff8a][0x16][0xffffff92]G[0xffffff8a][0x16]&[0xffffff95][0x14]-$[0xffffff9b][0x4]-:M[0xffffff8b][0xffffff9e]L[0xb][0xffffffad]Q[0xffffff9a][0x16][0xffffffae]UiZh[0xffffffc9][0xffffff92][0xffffffb4]X;[0xffffff97][0xffffffa3][0xffffffc5]Z[0xffffffc1]{[0xffffffb4]H[0xfffffffb][0xb]H[0xffffffe7][0xffffffff][0x4][0xffffffd2][0x13][0xfffffffe][0x6][0xffffffd2][0xffffffd9]?[0xffffff82]t[0xffffffee][0xffffffaf] =[0xffffffea][0xffffffcf] [0xffffff92]G[0xffffff8c][0x16]9[0x7f][0x8][0xffffff91]l"[0xffffffb4][0xffffffa0][0xffffffff][0x14][0xffffffd2][0xffffff93][0xffffffff][0x16][0xffffffa2]5[0xffffff8a][0xffffffd3]"[0xfffffff0][0xffffffaf]!Z[0xffffffb2](-b[0xfffffffe][0x1e][0xffffffb2]V[0xfffffff0][0x16]-[0xffffffce][0xffffffb4][0xffffffb7][0x16]'[0xffffffff][0xffffffd6][0xffffffe2]Lxkq[0xffffffb2]o-N[0xffffffee][0xffffffad][0xffffffc5][0x19][0xfffffff5][0xffffffd6]B[0xfffffff2]H[0xffffffd1][0xffffffc2][0xffffffa4][0xffffff92][0xffffffa2][0xffffff85]d[0xffffff93][0xffffffa0][0xffffffc5]I[0xffffffbf][0xffffffb5]8[0xffffff93][0xffffffdf]Zh[0xffffff8d][0xffffffd2][0xffffffb4]p[0xffffffad]J[0xffffffd3]BK[0xffffff96][0xffffffa4][0xffffffc5][0xffffffda][0xffffffb9][0x1c]-[0xffffffd6][\n]"
[DEBUG] http-outgoing-1 << "[0xffffffde][0xffffffa2][0xffffffc5][0xfffffff5][0xffffff84][0xffffffd1][0xffffffe2]zpZ|<[0x2]O[0xffffff8b][0x1f][0xf]A[0xffffffd1][0xffffffe2][0xffffffe3][0xffffffe7])Z|[0xffffffff]t[\n]"
[DEBUG] http-outgoing-1 << "-$[0xffffff8f][0x14]-L*)ZH6[0x9]Z,[0x9][0xffffffad][0xffffffa7][0xffffffc5][0xffffff92][0xffffffd3],Zh[0xffffff8d][0xffffffd2][0xffffffb4]p[0xffffffad]J[0xffffffd3]BK[0xffffff96][0xffffffa4][0xffffffc5][0xffffffda][0xffffffb9][0x1c]-[0xffffffd6][\n]"
[DEBUG] http-outgoing-1 << "[0xffffffde][0xffffffa2][0xffffffc5][0xffffff9d]6Tq[0xfffffff3]K[0x15][0x1f][0xffffff8f][0xffffffc0][0xffffffd3][0xffffffe2][0xffffffc7]CP[0xffffffb4][0xffffffb8][0xffffffb9][0xffffffb1][0xffffff8a];j[0xffffffad]B[0xfffffff2]H[0xffffffd1][0xffffffc2][0xffffffa4][0xffffff92][0xffffffa2][0xffffff85]d[0xffffff93][0xffffffa0][0xffffffc5]M/V[0xffffffdc][0xffffffc9][0xffffff93][0x15]Z[0xffffffa3]4-\[0xffffffab][0xffffffd2][0xffffffb4][0xffffffd0][0xffffff92]%i[0xffffffb1]v.G[0xffffff8b][0xffffffb5][0xffffff82][0xfffffff7]h[0xffffffd1][0xffffffd2]h[0xffffffd1]xZ[0xffffffb4][0x4]Z4[0xffffff96][0x16][0xffffff8d][0xffffffa3]E[0xffffff8b][0xffffffa2][0xffffffc5][0xffffff9a]G[0xffffff8c][0x16][0xffffff9a]J[0xffffff8c][0x16]k6[0x11]Z4[0xffffff9a][0x16]-[0xffffff99][0x16]R[0xffffffa3]8-L[0xffffffab][0xffffffe2][0xffffffb4][0xffffff90][0xffffff92]Ei[0xffffffd1]bh[0xffffffd1][0xfffffffe][0x3]Z<i[0xffffff9f]q>[0xfffffffc]g[0xffffff9c]O[0xffffffc2]g[0xffffff9c][0xf][0xfffffffb][0x19][0xffffffe7][0xffffffc3]}[0xffffffc6][0xfffffff9]D}[0xffffffc6])y[0xffffffa4]haRI[0xffffffd1]B[0xffffffb2]I[0xffffffd0][0xffffffe2][0xffffffa1]?[0xffffffe3]|[0xffffff92]?[0xffffffe3][0xffffffd4][0x1a][0xffffffa5]i[0xffffffe1]Z[0xffffff95][0xffffffa6][0xffffff85][0xffffff96],I[0xffffff8b][0xffffffb5]s9Z[0xffffffac][0x15][0xffffffbc]E[0xffffff8b][0xffffff99][0xfffffff6][0xffffffd6]b[0xfffffff2]o-f[0xffffffc2][[0xffffff8b][0xffffffc9][0xffffffbe][0xffffffb5][0xffffff98][0xffffffdc][[0xffffff8b][0x19][0xfffffff5][0xffffffd6]B[0xfffffff2]H[0xffffffd1][0xffffffc2][0xffffffa4][0xffffff92][0xffffffa2][0xffffff85]d[0xffffff93][0xffffffa0][0xffffffc5][0xffffffa4][0xffffffdf]Z[0xffffffcc][0xffffffe4][0xffffffb7][0x16]Z[0xffffffa3]4-\[0xffffffab][0xffffffd2][0xffffffb4][0xffffffd0][0xffffff92]%i[0xffffffb1]v.G[0xffffff8b][0xffffffb5][0xffffff82][0xffffffb7]h[0xffffffd1]^i[0x1f][|<[0x11][0xffffff8e][0xffffff8b][0xffffffcf]g[0xffffffe0]u[0xfffffff1][0xfffffff3])(^|[0xfffffffe]>[0xffffffe5][0xffffff8b][0x1f][0xffffffbf][0xffffff9d][0x2][0xc][\r]%%[0xc][0x17]M[0xffffff8a][0x18][0x1a]P[0xffffffc2][0x18]kL[0xffffffeb][0xffffff91][0xffffffb1][0xffffff86]5K[0x19][0xffffffa6]Pif[0xffffffd8]~[0xffffffa5][0xffffff9d]a[0xffffffea][0xffffff96][0xffffff84][0xffffff86][0xffffffb4]/'[\r])[0xffffffe3]?[0xffffffa0][0xffffffc6][0xfffffff1][0xfffffffa][0xfffffffe]W[0xffffffa6][0xffffffb9]~[0xffffffec][0xffffffbc][0xffffffce]V[\r][0xffffff8d][0x7f]<[0xf][0xffffffc4][0xffffff8c][0x7f]>[0x1][0xffffff85][0xffffff8c][0xfffffff5][0x19]j[0xffffff89][0xfffffff1][0xffffffcf]_[0xffffffaf][0x5][0xffffffc6][0xfffffff2][0xffffffcb],/[0xffffffde]G[0xffffffb1][0x16][0x17][0xffffffff][0x16][0xffffffc8]ZZ[0xffffffbc][0xffffff8f]e[0x1d],[0xffffffde][0xffffff85][0xffffffb3][0xffffff8a][0x15][0xffffffef]"[0xffffff9a][0xffffff80][0xffffff8a][0x7f])O[0xffffff86][0x14][0xffffffff][0xffffffda][0xffffffa5][0xc]([0xfffffffe][0xffffffa5]Z[0xffffffeb]9[0xfffffff1][0xffffffb6]i[0xffffffab]1[0xfffffff1][0xffffffb6]x[0xffffffb7]([0xffffffa1][0xffffffb3][0x16],%[0xffffffa8]U[0xffffff8b][0x7f]>[0x1]O[0x9]b[0xffffffd3][0xffffffe2][0xffffff9f][0xffffffbf]NQ"`[0xffffffd1][0xffffffe2]}[0x14])J[0xffffffd0]{[0x16][0xffffffef]cIP[0xffffff82]Y[0xffffffb3]x[0x17][0xffffffd1],J[0xffffff84]lY[0xfffffffc]k[0xffffff97][0xffffffd2][0xffffff94][0x8]X[0xffffffb2]x[0xffffffdb][0xffffffb4][0x1c]%[0xfffffff6]w,~[0xfffffffc][0x1b][0xfffffff7][0xffffffcb][0xffffffbd][0xffffff95][0xffffffb8][0xffffff8f][0x3][0xffffffa2][0xffffffc4][0xffffffe7][0xfffffff3][0xffffffb0][0xffffff94][0xfffffff8]z[0x2][0xffffff98][0x12][0xffffffbf][0xffffff9e][0x1][0xffffffa1][0xffffffc4][0xffffffd7][0xffffffaf]#[0xffffff94][0xfffffff8][0xfffffff9][0xffffffcb][0x11][0xffffff94]0QD(a[0x3][0xffffff89]P[0xffffffc2][0xffffffc4][0xffffffb2][0xffffff9c][0x12][0x12][0xffffffce]bJHD[0xffffff83]([0xffffffe1][0xffffffca][0x13][0xffffffa5][0xffffff84][0xffffffef]R[0xffffff94][0x12][0xffffffae]Z1Jh[0xffffffd3]B[0xffffff94][0xffffffd0][0xffffffe2][0xffffffdd][0xffffffa0][0xffffffc4]m(1[0xffffff8e][0xffffffaf]-[0xb][0xffffff84][0x12]7N[0xffffff89];[0xffffff80][0x12][0xffffffb7][0xffffffe6][0xffffffbd]0[0xffffffe0]7F[0xffffff89];[0xffffff89][0x12][0x1a]E[0xffffff86][0x12].[0xffffff90][0xc]%4[0xffffff96][0xfffffff5][0xffffff94]X[0xffffffc3]YM[0xffffff89]5[0xffffffa2]I[0xffffff94]0[0xffffffe5][0xffffffc9]R[0xffffffc2]v)K[0x9]S[0xffffffad][0x1c]%[0xffffffa4]i)JH[0xfffffff1]nP[0xffffffe2]q[0xffffff94]8[0xffffffdb]IQ[0xffffffe2][0xffffffc1])[0xfffffff1][0x4]P[0xffffffe2][0xffffffd1][0xffffffbc][0x17][0x6][0xfffffffc][0xffffffc1]([0xfffffff1]$QB[0xffffffa3][0xffffffc8]P[0xffffffc2][0x5][0xffffff92][0xffffffa1][0xffffff84][0xffffffc6][0xffffffb2][0xffffff9e][0x12]k8[0xffffffab])[0xffffffb1]F4[0xffffff89][0x12][0xffffffa6]<YJ[0xffffffd8].e)a[0xffffffaa][0xffffff95][0xffffffa3][0xffffff84]4-E[0x9])[0xffffffde]?[0xffffffa7][0xffffffc4][0xfffffff3]r[0xffffff94][0x18][0xffffffa3]C[0xffffff94][0xfffffff8]|[0x1e][0xffffff96][0x12]_O[0x0]S[0xffffffe2][0xffffffd7]3 [0xffffff94][0xfffffff8][0xfffffffa]u[0xffffff84][0x12]?[0x7f]9[0xffffff82][0x12]&[0xffffff8a][0x8]%l [0x11]J[0xffffff98]X[0xffffff96]SB[0xffffffc2]YL[0x9][0xffffff89]h[0x10]%\y[0xffffffa2][0xffffff94][0xfffffff0]][0xffffff8a]R[0xffffffc2]U+F[0x9]mZ[0xffffff88][0x12]Z[0xffffffbc][0x1b][0xffffff94]h[0xffffff86][0x12][0xfffffff7]k[0xe][0xffffff8a][0x12][\r][0xffffffa7]D[0xb][0xffffffa0]D[0xffffffd3][0xffffffbc][0x17][0x6][0xffffffbc]a[0xffffff94]hI[0xffffff94][0xffffffd0](2[0xffffff94]p[0xffffff81]d([0xffffffa1][0xffffffb1][0xffffffac][0xffffffa7][0xffffffc4][0x1a][0xffffffce]jJ[0xffffffac][0x11]M[0xffffffa2][0xffffff84])O[0xffffff96][0x12][0xffffffb6]KYJ[0xffffff98]j[0xffffffe5](!MKQB[0xffffff8a]w[0xffffff83][0x12][0xffffffdd]Q[0xffffffe2]h[0xffffffd4][0xffffffb7][0x12][0xffffff9f][0xffffffcf][0x3]S[0xffffffa2][0x7]P[0xffffffa2]k[0xffffffde][0xb][0x3][0xffffffde]1J[0xfffffff4]$Jh[0x14][0x19]J[0xffffffb8]@2[0xffffff94][0xffffffd0]X[0xffffffd6]Sb[\r]g5%[0xffffffd6][0xffffff88]&Q[0xffffffc2][0xffffff94]'K[0x9][0xffffffdb][0xffffffa5],%L[0xffffffb5]r[0xffffff94][0xffffff90][0xffffffa6][0xffffffa5](![0xffffffc5][0xffffffbb]E[0x9]=[0xc][0xffffffca]R[0x2]>[0xc][0xfffffffa][0xfffffff5][0x4]<%[0xffffffc0][0xffffffc3][0xffffffa0]_[0xffffffbf]NQ"[0xffffffe7]0[0xffffffa8][0xffffff89]"E[0xffffff89][0xffffff90][0xffffffc3][0xffffffa0]&[0xffffff96][0x4]%[0xffffffd0][0xffffffc3][0xffffffa0][0x12][0xffffffd1],Jd[0x1d][0x6][0xfffffff5]]JS"[0xffffffe7]0[0xffffffa8]6-G[0xffffff89][0xffffffbf]>[0xc][0xfffffffa][0x1c][0xffffff8e][0x12]W[0xffffffc7][0xffffffbe][0xffffff95]8pJ[0x1c][0x1][0xffffff94]84[0xffffffef][0xffffff85][0x1]?0J[0x1c]I[0xffffff94][0xffffffd0](2[0xffffff94]p[0xffffff81]d([0xffffffa1][0xffffffb1][0xffffffac][0xffffffa7][0xffffffc4][0x1a][0xffffffce]jJ[0xffffffac][0x11]M[0xffffffa2][0xffffff84])O[0xffffff96][0x12][0xffffffb6]KYJ[0xffffff98]j[0xffffffe5](!MKQB[0xffffff8a]w[0xffffff83][0x12][0xffffffa7][0xfffffffb][0x3][0xffffffc7][0x1c][0xffffffd4][0xffffffae][0xffffffc4][0xffffffe7][0xfffffff3][0xffffffc0][0xffffff94]8[0x3][0xfffffffe][0xffffffc0]q[0xffffffea][[0xffffffb8][0xffffffc2][0xffffff80][0xffffff9f][0xffffffd8][0x1f]8[0xffffffce][0xffffffa4]?ph[0x14][0x19]J[0xffffffb8]@2[0xffffff94][0xffffffd0]X[0xffffffd6]Sb[\r]g5%[0xffffffd6][0xffffff88]&Q[0xffffffc2][0xffffff94]'K[0x9][0xffffffdb][0xffffffa5],%L[0xffffffb5]r[0xffffff94][0xffffff90][0xffffffa6][0xffffffa5](![0xffffffc5][0xffffffbb]A[0xffffff89][0xffffffcb]P[0xffffffe2]9&F[0xffffff89][0xb][0xffffffa7][0xffffffc4][0x15]@[0xffffff89]K[0xfffffff3]^[0x18][0xfffffff0][0xb][0xffffffa3][0xffffffc4][0xffffff95]D[0x9][0xffffff8d]"C[0x9][0x17]H[0xffffff86][0x12][0x1a][0xffffffcb]zJ[0xffffffac][0xffffffe1][0xffffffac][0xffffffa6][0xffffffc4][0x1a][0xffffffd1]$J[0xffffff98][0xfffffff2]d)a[0xffffffbb][0xffffff94][0xffffffa5][0xffffff84][0xffffffa9]V[0xffffff8e][0x12][0xffffffd2][0xffffffb4][0x14]%[0xffffffa4]x7(1[0xfffffffe][0xffffffef]TJ\[0x13][0xfffffffb][0x3][0xffffffc7][0xffffffc7][0xfffffff3][0xffffffc0][0xffffff94][0xfffffff8]|[0x2][0xffffff9a][0x12]?[0xffffff9f][0xffffff81][0xffffffa1][0xffffffc4][0xffffffe7][0xffffffaf]3[0xffffff94][0xfffffff8][0xfffffff1][0xffffffcb][0x19][0xffffff94][0xffffffd0](2[0xffffff94]p[0xffffff81]d([0xffffffa1][0xffffffb1][0xffffffac][0xffffffa7][0xffffffc4][0x1a][0xffffffce]jJ[0xffffffac][0x11]M[0xffffffa2][0xffffff84])O[0xffffff96][0x12][0xffffffb6]KYJ[0xffffff98]j[0xffffffe5](!MKQB[0xffffff8a]w[0xffffff83][0x12]n[0xffffffed]r[0xffffffbe][0xffffffb0][0xffffff89][0xffffffaa][0x7]_[0xffffffbb]|[0x2][0xffffffd6].[0x1f]3[0xffffffc9]V[0x18]pl[0xffffffed][0xfffffff2][0xffffff91][0xffffffd1]5[0xffffff92][0x12]!k[0xffffff97]6[0xffffff90][0xc]%[0x2][0xffffffd6].%[0xffffff9c][0xffffffd5][0xffffff94][0x8]^[0xffffffbb]t[0xffffffe5][0xffffffc9]R"o[0xffffffed][0xffffffd2]U+G[0xffffff89][0xffffff94][0xffffffb5]K-[0xffffffde][\r]J[0xffffffb8][0xffffffb5][0xffffffcb][0xffffffd9].[0xffffffea]:[0xffffffaf][0x7]_[0xffffffbb]|[0x2][0xffffffd6].[0x1f]3[0xffffffc9]V[0x18]pl[0xffffffed][0xfffffff2][0xffffff91][0xffffffd1]5[0xffffff92][0x12]!k[0xffffff97]6[0xffffff90][0xc]%[0x2][0xffffffd6].%[0xffffff9c][0xffffffd5][0xffffff94][0x8]^[0xffffffbb]t[0xffffffe5][0xffffffc9]R"o[0xffffffed][0xffffffd2]U+G[0xffffff89][0xffffff94][0xffffffb5]K-[0xffffffde][\r]J[0xffffffb8]K[0xffffffc6][0xffffffe7][0xfffffff5][0xffffffc2][0xffffffde]J[0xffffffe0][0xffffff97][0xffffff8c]?[0x1][0xffffff97][0xffffff8c]?[0xffffffe6]&[0xffffffdc][0xffffffc2][0xffffff80]c[0xffffff97][0xffffff8c]?r[0xffffffd7]-I[0xffffff89][0xffffff90]K[0xffffffc6]m [0x19]J[0x4]\2.[0xffffffe1][0xffffffac][0xffffffa6]D[0xfffffff0]%[0xffffffe3][0xffffffae]<YJ[0xffffffe4]]2[0xffffffee][0xffffffaa][0xffffff95][0xffffffa3]D[0xffffffca]%[0xffffffe3]Z[0xffffffbc][0x7f]N[0xffffff89][0xfffffff9][0xffffffb2][0xffffff94][0x18][0xffffffd4][0xffffffda][0xffffffe5][0xffffffe7][0xfffffff3][0xffffffb0][0xffffff94][0xfffffff8]z[0x2][0xffffff98][0x12][0xffffffbf][0xffffff9e][0x1][0xffffffa1][0xffffffc4][0xffffffd7][0xffffffaf]#[0xffffff94][0xfffffff8][0xfffffff9][0xffffffcb][0x11][0xffffff94]0QD(a[0x3][0xffffff89]P[0xffffffc2][0xffffffc4][0xffffffb2][0xffffff9c][0x12][0x12][0xffffffce]bJHD[0xffffff83]([0xffffffe1][0xffffffca][0x13][0xffffffa5][0xffffff84][0xffffffef]R[0xffffff94][0x12][0xffffffae]Z1Jh[0xffffffd3]B[0xffffff94][0xffffffd0][0xffffffe2][0xffffffdd][0xffffffa0][0xffffff84][[0xffffffbb][0xffffff9c][0xffffffe3][0xffffffb8](J[0xffffffe0]k[0xffffff97]3`[0xffffffed]r[0xffffff9a]I[0xffffffb6][0xffffffc2][0xffffff80]ck[0xffffff97]SF[0xffffffd7]HJ[0xffffff84][0xffffffac]][0xffffffda]@2[0xffffff94][0x8]X[0xffffffbb][0xffffff94]pVS"x[0xffffffed][0xffffffd2][0xffffff95]'K[0xffffff89][0xffffffbc][0xffffffb5]KW[0xffffffad][0x1c]%R[0xffffffd6].[0xffffffb5]x7(qXJ<[0xffffffd8][[0xffffff89][0x3][0xffffffa7][0xffffffc4][0x11]@[0xffffff89]C[0xfffffff3]^[0x18][0xfffffff0][0x3][0xffffffa3][0xffffffc4][0xffffff91]D[0x9][0xffffff8d]"C[0x9][0x17]H[0xffffff86][0x12][0x1a][0xffffffcb]zJ[0xffffffac][0xffffffe1][0xffffffac][0xffffffa6][0xffffffc4][0x1a][0xffffffd1]$J[0xffffff98][0xfffffff2]d)a[0xffffffbb][0xffffff94][0xffffffa5][0xffffff84][0xffffffa9]V[0xffffff8e][0x12][0xffffffd2][0xffffffb4][0x14]%[0xffffffa4]x7([0xffffffe1]&[0xffffffaa][0xffffffe6][0xffffffd3][0x1f][0xffffff8a][0x12][0xfffffff8]D[0xffffffd5][0xc][0xffffff98][0xffffffa8][0xffffff9a]fG[0xffffffa5]0[0xffffffe0][0xffffffd8]D[0xffffffd5][0xffffff94][0xffffffa5][0x14][0xffffff92][0x12]![0x13]U6[0xffffff90][0xc]%[0x2]&[0xffffffaa]$[0xffffff9c][0xffffffd5][0xffffff94][0x8][0xffffff9e][0xffffffa8]r[0xffffffe5][0xffffffc9]R"o[0xffffffa2][0xffffffca]U+G[0xffffff89][0xffffff94][0xffffff89]*-[0xffffffde][\r]J[0xffffffb8][0xffffff89][0xffffffaa][0xffffffc9][0xffffffad]]N|[0xffffffa2]j[0x6]LTM[0xffffffb3][0xffffffa3]R[0x18]pl[0xffffffa2]j[0xffffffca]R[\n]"
[DEBUG] http-outgoing-1 << "I[0xffffff89][0xffffff90][0xffffff89]*[0x1b]H[0xffffff86][0x12][0x1][0x13]U[0x12][0xffffffce]jJ[0x4]OT[0xffffffb9][0xfffffff2]d)[0xffffff91]7Q[0xffffffe5][0xffffffaa][0xffffff95][0xffffffa3]D[0xffffffca]D[0xffffff95][0x16][0xffffffef][0x6]%[0xffffff86]R[0xffffffe2]z[0xffffffb5]N[0x1d][0x6][0xfffffffd]|[0x1e][0xffffff98][0x12]#[0xffffff80][0x12]C[0xfffffff3]^[0x18][0xfffffff0][0xffffff81]Qb$QB[0xffffffa3][0xffffffc8]P[0xffffffc2][0x5][0xffffff92][0xffffffa1][0xffffff84][0xffffffc6][0xffffffb2][0xffffff9e][0x12]k8[0xffffffab])[0xffffffb1]F4[0xffffff89][0x12][0xffffffa6]<YJ[0xffffffd8].e)a[0xffffffaa][0xffffff95][0xffffffa3][0xffffff84]4-E[0x9])[0xffffffde][\r]J[0xffffff98][0xffffff89][0xffffffaa][0xffffffeb]u[0xffffff9d][0xffffff93][0xffffffa2][0x4]>Q5[0x3]&[0xffffffaa][0xffffffa6][0xffffffd9]Q)[0xc]86Q5e)[0xffffff85][0xffffffa4]D[0xffffffc8]D[0xffffff95][\r]$C[0xffffff89][0xffffff80][0xffffff89]*[0x9]g5%[0xffffff82]'[0xffffffaa]\y[0xffffffb2][0xffffff94][0xffffffc8][0xffffff9b][0xffffffa8]r[0xffffffd5][0xffffffca]Q"e[0xffffffa2]J[0xffffff8b]w[0xffffff83][0x12]f[0xffffffa2][0xffffffea]z[0xffffffdd][0x1d];[0xffffffc1][0xffffff81]OT[0xffffffcd][0xffffff80][0xffffff89][0xffffffaa]ivT[\n]"
[DEBUG] http-outgoing-1 << "[0x3][0xffffff8e]MTMYJ!)[0x11]2Qe[0x3][0xffffffc9]P"`[0xffffffa2]J[0xffffffc2]YM[0xffffff89][0xffffffe0][0xffffff89]*W[0xffffff9e],%[0xfffffff2]&[0xffffffaa]\[0xffffffb5]r[0xffffff94]H[0xffffff99][0xffffffa8][0xffffffd2][0xffffffe2][0xffffffdd][0xffffffa0][0xffffff84][0xffffff99][0xffffffa8][0xffffffba]Z[0xffffffeb]7E[0x9]|[0xffffffa2]j[0x6]LTM[0xffffffb3][0xffffffa3]R[0x18]pl[0xffffffa2]j[0xffffffca]R[\n]"
[DEBUG] http-outgoing-1 << "I[0xffffff89][0xffffff90][0xffffff89]*[0x1b]H[0xffffff86][0x12][0x1][0x13]U[0x12][0xffffffce]jJ[0x4]OT[0xffffffb9][0xfffffff2]d)[0xffffff91]7Q[0xffffffe5][0xffffffaa][0xffffff95][0xffffffa3]D[0xffffffca]D[0xffffff95][0x16][0xffffffef][0x16]%z[0x18]%:N[0xffffff89][0x1e]@[0xffffff89][0xffffff8e]R[0xffffffa2]c[0xffffff94][0xffffffe8]I[0xffffff94]X[0xffffffa3]HQB[0x3]IQb[0xffffff8d]%A[0xffffff89][0xe]S[0xffffffa2][0x7]SB[0xffffffca][0xffffff93][0xffffffa6][0xffffff84][0xffffffe9]R[0xffffff9a][0x12]R[0xffffffad]$%z[\n]"
[DEBUG] http-outgoing-1 << "%[0xfffffffa][0x7f]@[0xffffff89]#[0xffffff8c][0x12][0x7]N[0xffffff89]#[0xffffff80][0x12][0x7]J[0xffffff89][0x3][0xffffffa3][0xffffffc4][0xffffff91]D[0xffffff89]5[0xffffff8a][0x14]%4[0xffffff90][0x14]%[0xffffffd6]X[0x12][0xffffff94]8`J[0x1c][0xffffffc1][0xffffff94][0xffffff90][0xfffffff2][0xffffffa4])a[0xffffffba][0xffffff94][0xffffffa6][0xffffff84]T+I[0xffffff89]#[0xffffff85][0x12][0xffffffc7]_R[0xffffffe2]~[0xffffffbd][0xffffffdc][0x1f]8[0xffffff8e][0x7]:[0xffffffc1][0xfffffff1][0xfffffff5]<(%[0xffffffbe][0xffffff9f][0xffffff80][0xffffffa5][0xffffffc4][0xffffffef]g ([0xfffffff1][0xfffffffd][0xffffffeb][0x4]%~[0xfffffffd]r[0x2]%\[0x14][0x9]J[0xfffffff8]@[0x12][0xffffff94]p[0xffffffb1][0xffffffac][0xffffffa6][0xffffff84][0xffffff86][0xffffffb3][0xffffff96][0x12][0x1a][0xffffffd1][0x1c]J[0xffffffd8][0xfffffff2]$)[0xfffffff1][0xffffffa6]KIJ[0xffffffd8]j[0xffffffa5](a[0xffffff9a][0xffffff96][0xffffffa1][0xffffff84])[0xffffffde][\r]J4G[0xffffff89][0xffffff87][0xfffffffa][0xffffffec][0xfffffff2][0xffffffeb]y`J[0xffffffb4][0x0]J4[0xffffffcd]{a[0xffffffc0][0x1b]F[0xffffff89][0xffffff96]D[0x9][0xffffff8d]"C[0x9][0x17]H[0xffffff86][0x12][0x1a][0xffffffcb]zJ[0xffffffac][0xffffffe1][0xffffffac][0xffffffa6][0xffffffc4][0x1a][0xffffffd1]$J[0xffffff98][0xfffffff2]d)a[0xffffffbb][0xffffff94][0xffffffa5][0xffffff84][0xffffffa9]V[0xffffff8e][0x12][0xffffffd2][0xffffffb4][0x14]%[0xffffffa4]x7(a[0xffffffee][0xffffffe0][0xffffffb8][0xffffffda][0xffffffa4][0xffffffd6].[0xffffffbf][0xffffff9e][0x7][0xffffffa6][0x4][0x7f][0x7][0xffffffc7][0xffffffef]g`(A[0xffffffdd][0xffffffc1][0xfffffff1][0xffffffeb][0xffffff97]3([0xffffff91]q[0x7][0xffffff87][0xf]$C[0x9][0xfffffffe][0xe][0xe][\r]g5%r[0xffffffef][0xffffffe0][0xffffffb0][0xffffffe5][0xffffffc9]R"[0xffffffee][0xe][0xe][[0xffffffad][0x1c]%B[0xffffffee][0xffffffe0]0[0xffffffc5][0xffffffbb]A[0x9]s[0x7][0xffffffc7][0xffffffd5][0xffffff8f]yR[0xffffff94][0xffffffa0][0xffffffef][0xffffffe0][0xfffffff8]~[0x2][0xffffff9a][0x12][0xffffffe4][0x1d][0x1c][0xffffffdf][0xffffffbf][0xffffffce]P"[0xffffffe8][0xe][0xe][0x17]E[0xffffff86][0x12])wp[0xffffffb8]X[0xffffffd6]S[0xffffff82][0xffffffbd][0xffffff83]C#[0xffffff9a]D[0xffffff89][0xffffffb0];8[0xffffffde]t)K[0xffffff89][0xffffffa0];8L[0xffffffd3]R[0xffffff94][0xfffffff8][0xfffffffb];8[0xffffffee][0xffffff97][0xffffffb9][0xffffff83]"
[DEBUG] http-outgoing-1 << "[0xffffffe3][0xffffffea][0xffffffe7][0x1]}v[0xfffffff9][0xfffffff5]<0%[0xfffffff8];8~?[0x3]C[0x9][0xffffffea][0xe][0xffffff8e]_[0xffffffbf][0xffffff9c]A[0xffffff89][0xffffff8c];8| [0x19]J[0xfffffff0]wph8[0xffffffab])[0xffffff91]{[0x7][0xffffff87]-O[0xffffff96][0x12]qwp[0xffffffd8]j[0xffffffe5]([0x11]r[0x7][0xffffff87])[0xffffffde][\r]J[0xffffff98];8>(qc[0xffffffdf]J[0xffffffd0]wp|?[0x1]M[0x9][0xfffffff2][0xe][0xffffff8e][0xffffffef]_g([0x11]t[0x7][0xffffff87][0xffffff8b]"C[0xffffff89][0xffffff94];8\,[0xffffffeb])[0xffffffc1][0xffffffde][0xffffffc1][0xffffffa1][0x11]M[0xffffffa2]D[0xffffffd8][0x1d][0x1c]o[0xffffffba][0xffffff94][0xffffffa5]D[0xffffffd0][0x1d][0x1c][0xffffffa6]i)J[0xfffffffc][0xfffffffd][0x1d][0x1c][0xfffffff7][0xffffffcb][0xffffffdd][0xffffffc1][0xffffffd1][0xffffffcf][0xffffff89]}+A[0xffffffdf][0xffffffc1][0xfffffff1][0xfffffffd][0x4]4%[0xffffffc8];8[0xffffffbe][0x7f][0xffffff9d][0xffffffa1]D[0xffffffd0][0x1d][0x1c].[0xffffff8a][0xc]%R[0xffffffee][0xffffffe0]p[0xffffffb1][0xffffffac][0xffffffa7][0x4]{[0x7][0xffffff87]F4[0xffffff89][0x12]awp[0xffffffbc][0xffffffe9]R[0xffffff96][0x12]Awp[0xffffff98][0xffffffa6][0xffffffa5]([0xfffffff1][0xfffffff7]wp[0xffffffdc]/w[0x7]G[0xffffffbf]N[0xffffffe8]f[0xffffffd0][0xffffffaf][0xffffffe7][0xffffff81])[0xffffffc1][0xffffffdf][0xffffffc1][0xfffffff1][0xfffffffb][0x19][0x18]JPwp[0xfffffffc][0xfffffffa][0xffffffe5][0xc]Jd[0xffffffdc][0xffffffc1][0xffffffe1][0x3][0xffffffc9]P[0xffffff82][0xffffffbf][0xffffff83]C[0xffffffc3]YM[0xffffff89][0xffffffdc];8ly[0xffffffb2][0xffffff94][0xffffff88][0xffffffbb][0xffffff83][0xffffffc3]V+G[0xffffff89][0xffffff90];8L[0xfffffff1]nP[0xffffffc2][0xffffffdd][0xffffffc1][0xffffffd1][0xffffffc7][0xffffffec][0x14]%[0xffffffe8];8[0xffffffbe][0xffffff9f][0xffffff80][0xffffffa6][0x4]y[0x7][0xffffffc7][0xfffffff7][0xffffffaf]3[0xffffff94][0x8][0xffffffba][0xffffff83][0xffffffc3]E[0xffffff91][0xffffffa1]D[0xffffffca][0x1d][0x1c].[0xffffff96][0xfffffff5][0xffffff94]`[0xffffffef][0xffffffe0][0xffffffd0][0xffffff88]&Q"[0xffffffec][0xe][0xffffff8e]7][0xffffffca]R"[0xffffffe8][0xe][0xe][0xffffffd3][0xffffffb4][0x14]%[0xfffffffe][0xfffffffe][0xe][0xffffff8e][0xfffffffb][0xffffffe5][0xffffffee][0xffffffe0]8^[0x3][0xfffffffb][0xffffffec][0xffffff92][0xffffffbe][0xffffff83][0xffffffe3][0xfffffffb][0x9]hJ[0xffffff90]wp|[0xffffffff]:C[0xffffff89][0xffffffa0];8\[0x14][0x19]J[0xffffffa4][0xffffffdc][0xffffffc1][0xffffffe1]bYO[0x9][0xfffffff6][0xe][0xe][0xffffff8d]h[0x12]%[0xffffffc2][0xffffffee][0xffffffe0]x[0xffffffd3][0xffffffa5],%[0xffffff82][0xffffffee][0xffffffe0]0MKQ[0xffffffe2][0xffffffef][0xffffffef][0xffffffe0][0xffffffb8][0xffffffdb][0xffffffcb]Q[0xffffffa2][0xffffffdf]'D[0xffffff89][0xffffffcf][0xffffffe7]a)[0xfffffff1][0xfffffff5][0x4]0%~=[0x3]B[0xffffff89][0xffffffaf]_G([0xfffffff1][0xfffffff3][0xffffff97]#(a[0xffffffa2][0xffffff88]P[0xffffffc2][0x6][0x12][0xffffffa1][0xffffff84][0xffffff89]e9%$[0xffffff9c][0xffffffc5][0xffffff94][0xffffff90][0xffffff88][0x6]Q[0xffffffc2][0xffffff95]'J[0x9][0xffffffdf][0xffffffa5](%\[0xffffffb5]b[0xffffff94][0xffffffd0][0xffffffa6][0xffffff85]([0xffffffa1][0xffffffc5][0xffffffbb]A[0x9][0xffffffb7]+q[0xffffffb6]A[\r]g7|W[0xffffffa2][0x5][0xffffffec]J4s[0xfffffff8][0xffffffb9]0[0xffffffe0][0xffffffd8][0xffffffae]D[0xffffff93][0xffffffe3][0xffffffcd]$%Bv%l [0x19]J[0x4][0xffffffec]JH8[0xffffffab])[0x11][0xffffffbc]+[0xffffffe1][0xffffffca][0xffffff93][0xffffffa5]D[0xffffffde][0xffffffae][0xffffff84][0xffffffab]V[0xffffff8e][0x12])[0xffffffbb][0x12]Z[0xffffffbc][0x1b][0xffffff94]p[0xffffffbb][0x12][0xffffffe7][0xfffffff1]P[0x7f][0xffffffe0]h[0xfffffff8][0xffffffae]D[0xb][0xffffffd8][0xffffff95]h[0xffffffe6][0xfffffff0]sa[0xffffffc0][0xffffffb1]][0xffffff89]&[0xffffffc7][0xffffff9b]IJ[0xffffff84][0xffffffec]J[0xffffffd8]@2[0xffffff94][0x8][0xffffffd8][0xffffff95][0xffffff90]pVS"xW[0xffffffc2][0xffffff95]'K[0xffffff89][0xffffffbc]][0x9]W[0xffffffad][0x1c]%Rv%[0xffffffb4]x7([0xffffffe1]v%[0xffffffce][0xffffffc1]Q[0x2][0xffffffdf][0xffffff95]h[0x1][0xffffffbb][0x12][0xffffffcd][0x1c]~.[0xc]8[0xffffffb6]+[0xffffffd1][0xffffffe4]x3I[0xffffff89][0xffffff90]][0x9][0x1b]H[0xffffff86][0x12][0x1][0xffffffbb][0x12][0x12][0xffffffce]jJ[0x4][0xffffffef]J[0xffffffb8][0xfffffff2]d)[0xffffff91][0xffffffb7]+[0xffffffe1][0xffffffaa][0xffffff95][0xffffffa3]D[0xffffffca][0xffffffae][0xffffff84][0x16][0xffffffef][0x6]%[0xffffffdc]g[0xffffff97][0xffffffd7][0xffffffe8][0xffffffd4]a[0xffffffd0][0xffffff86][0x7f]v[0xffffffd9][0x2]>[0xffffffbb]l[0xffffffe6][0xffffffdb][0xffffffa0][0xffffffc2][0xffffff80]c[0xffffff9f]]6[0xfffffff9][0xfffffffa][0xffffff87][0xffffffa4]D[0xffffffc8]g[0xffffff97]6[0xffffff90][0xc]%[0x2]>[0xffffffbb][0xffffff94]pVS"[0xfffffff8][0xffffffb3]KW[0xffffff9e],%[0xfffffff2]>[0xffffffbb]t[0xffffffd5][0xffffffca]Q"[0xffffffe5][0xffffffb3]K-[0xffffffde]?[0xffffffa7]D[0x7f]YJ`[0xffffffbb][0x12][0xffffff9f][0xffffffcf][0xffffffc3]R[0xffffffe2][0xffffffeb][0x9]`J[0xfffffffc]z[0x6][0xffffff84][0x12]_[0xffffffbf][0xffffff8e]P[0xffffffe2][0xffffffe7]/GP[0xffffffc2]D[0x11][0xffffffa1][0xffffff84][\r]$B[0x9][0x13][0xffffffcb]rJH8[0xffffff8b])![0x11][\r][0xffffffa2][0xffffff84]+O[0xffffff94][0x12][0xffffffbe]KQJ[0xffffffb8]j[0xffffffc5]([0xffffffa1]M[0xb]QB[0xffffff8b]w[0xffffff83][0x12][0xffffffee]f[0xffffffd0][0xffffffeb][0xffffffe9]'E[0x9][0xfffffffc]f[0xffffffd0][0x1e]p3h7[0xffffffd7][0xffffffd7][0x15][0x6][0x1c][0xffffffbb][0x19][0xffffffb4][0xffffffcb][0x5]u$%Bn[0x6][0xffffffb5][0xffffff81]d([0x11]p3[0xffffffa8][0xffffff84][0xffffffb3][0xffffff9a][0x12][0xffffffc1]7[0xffffff83][0xffffffba][0xfffffff2]d)[0xffffff91]w3[0xffffffa8][0xffffffab]V[0xffffff8e][0x12])7[0xffffff83]j[0xfffffff1]nP[0xffffffe2][0xfffffff8][0xffffffbf]S(1^[\r]{+[0xfffffff1][0xfffffff1]<0%>[0xffffff9f][0xffffff80][0xffffffa6][0xffffffc4][0xffffffcf]g`([0xfffffff1][0xfffffff9][0xffffffeb][0xc]%~[0xfffffffc]r[0x6]%4[0xffffff8a][0xc]%\ [0x19]Jh,[0xffffffeb])[0xffffffb1][0xffffff86][0xffffffb3][0xffffff9a][0x12]kD[0xffffff93](a[0xffffffca][0xffffff93][0xffffffa5][0xffffff84][0xffffffed]R[0xffffff96][0x12][0xffffffa6]Z9JH[0xffffffd3]R[0xffffff94][0xffffff90][0xffffffe2][0xffffffdd][0xffffffa2][0xffffffc4][0x8][0xffffffa3][0xffffffc4][0xffffffc0])1[0x2](1PJ[0xc][0xffffff8c][0x12]#[0xffffff89][0x12]k[0x14])Jh )J[0xffffffac][0xffffffb1]$(1`J[0xffffff8c]`JHy[0xffffffd2][0xffffff94]0]JSB[0xffffffaa][0xffffff95][0xffffffa4][0xffffffc4]H[0xffffffa1][0xffffffc4][0xfffffff8][0xf]([0xffffffd1]f[0xffffff98]%[0xffffffda][0xffffffc4]1[0xfffffff1][0xfffffff1][0x8][0xffffffbc]&~<[0x4][0xffffffc5][0xffffff89][0xffffff8f][0xffffff9f][0xffffffa7]<[0xfffffff1][0xfffffffd][0xffffffd3])[0xffffffa0][0xffffff90]<R[0xffffffa2]0[0xffffffa9][0xffffffa4]H![0xffffffd9]$L[0xffffffb1]$[0xffffffb4][0x1e][0x15]KN[0xffffffb3]T[0xffffffa1]5J[0xffffffb3][0xffffffc2][0xffffffb5]*[0xffffffed][\n]"
[DEBUG] http-outgoing-1 << "-Y[0x12][0x16]k[0xffffffe7]r[0xffffffb2]X+x[0xffffff8b][0x16]G[0xb][0xffffffa3][0xffffffc5][0xffffffd1]pZ|<[0x2]O[0xffffff8b][0x1f][0xf]A[0xffffffd1][0xffffffe2][0xffffffe3][0xffffffe7])Z|[0xffffffff]t[\n]"
[DEBUG] http-outgoing-1 << "-$[0xffffff8f][0x14]-L*)ZH6[0x9]Z,[0x9][0xffffffad][0xffffffa7][0xffffffc5][0xffffff92][0xffffffd3],Zh[0xffffff8d][0xffffffd2][0xffffffb4]p[0xffffffad]J[0xffffffd3]BK[0xffffff96][0xffffffa4][0xffffffc5][0xffffffda][0xffffffb9][0x1c]-[0xffffffd6][\n]"
[DEBUG] http-outgoing-1 << "[0xffffffde][0xffffffa2][0xffffffc5]y[0xffffff86][0xffffffd1][0xffffffe2][0xc][0xfffffff8][0xffffff9a]"[0xffffffe2]s[\n]"
[DEBUG] http-outgoing-1 << "[0xfffffff8]{[\n]"
[DEBUG] http-outgoing-1 << "[0xfffffff0][0xffffff83][0xffffff8a][0xffffffac]/*b>[0xffffffa9][0x8][0xfffffffa][0xffffffa6]"[0xffffffe2][0xffffffa3][\n]"
[DEBUG] http-outgoing-1 << "[0xfffffffc][0xffffffab][0xffffff8a][0xffffffe8][0xffffffcf]*[0xfffffff2][0xffffffbe][0xffffffab]H[0xfffffffc][0xffffffb0]"[0xffffffeb][0xffffffcb][0xffffff8a][0xffffff9c]O+[0xfffffffe][0xffffff8b]o+[0xffffffae]'[0xffffff8c][0x16][0xffffffd7][0xffffff83][0xffffffd3][0xffffffe2][0xffffffe3][0x11]xZ[0xfffffffc]x[0x8][0xffffff8a][0x16][0x1f]?O[0xffffffd1][0xffffffe2][0xfffffffb][0xffffffa7]Sh!y[0xffffffa4]haRI[0xffffffd1]B[0xffffffb2]I[0xffffffd0]bIh=-[0xffffff96][0xffffff9c]f[0xffffffd1]Bk[0xffffff94][0xffffffa6][0xffffff85]kU[0xffffff9a][0x16]Z[0xffffffb2]$-[0xffffffd6][0xffffffce][0xffffffe5]h[0xffffffb1]V[0xfffffff0][0x16]-F[0xffffffda][0xffffffb7][0x16][0xffffff83][0xffffffff][0xffffffd6]b$|k1[0xffffffd8]o-[0x6][0xfffffff7][0xffffffad][0xffffffc5][0xffffff88][0xfffffffa][0xffffffd6]B[0xfffffff2]H[0xffffffd1][0xffffffc2][0xffffffa4][0xffffff92][0xffffffa2][0xffffff85]d[0xffffff93][0xffffffa0][0xffffffc5][0xffffffa0][0xffffffbf][0xffffffb5][0x18][0xffffffc9][0xffffffdf]Zh[0xffffff8d][0xffffffd2][0xffffffb4]p[0xffffffad]J[0xffffffd3]BK[0xffffff96][0xffffffa4][0xffffffc5][0xffffffda][0xffffffb9][0x1c]-[0xffffffd6][\n]"
[DEBUG] http-outgoing-1 << "[0xffffffde][0xffffffa2][0xffffffc5]L[0xfffffffb][0xffffffd6]b[0xfffffff2][0xffffffdf]Z[0xffffffcc][0xffffff84]o-&[0xfffffffb][0xffffffad][0xffffffc5][0xffffffe4][0xffffffbe][0xffffffb5][0xffffff98]Q[0xffffffdf]ZH[0x1e])Z[0xffffff98]TR[0xffffffb4][0xffffff90]l[0x12][0xffffffb4][0xffffff98][0xfffffff4][0xffffffb7][0x16]3[0xfffffff9][[0xb][0xffffffad]Q[0xffffff9a][0x16][0xffffffae]UiZh[0xffffffc9][0xffffff92][0xffffffb4]X;[0xffffff97][0xffffffa3][0xffffffc5]Z[0xffffffc1]{[0xffffffb4]8[0xffffffd2]hq[0xfffffff0][0xffffffb4]8[0x12]hq[0xffffffb0][0xffffffb4]88Z[0x1c]Q[0xffffffb4]X[0xfffffff3][0xffffff88][0xffffffd1]BS[0xffffff89][0xffffffd1]b[0xffffffcd]&B[0xffffff8b][0xffffff83][0xffffffa6][0xffffffc5][0xffffff91]L[0xb][0xffffffa9]Q[0xffffff9c][0x16][0xffffffa6]UqZH[0xffffffc9][0xffffffa2][0xffffffb4]8bhq[0xfffffffc][0x7][0xffffffb4]h-m[0xffffffc9][0xffffffe2][0xffffffe3][0xffffff89]p\|>[0x3][0xffffffaf][0xffffff8b][0xffffff9f]OA[0xfffffff1][0xffffffe2][0xfffffff3][0xfffffff7])_[0xfffffffc][0xfffffff8][0xffffffed][0x14]`h()a[0xffffffb8]hR[0xffffffc4][0xffffffd0][0xffffff80][0x12][0xffffffc6]XcZ[0xffffff8f][0xffffff8c]5[0xffffffac]Y[0xffffffca]0[0xffffff85]J3[0xffffffc3][0xfffffff6]+[0xffffffed][0xc]S[0xffffffb7]$4[0xffffffa4]}9iH[0x19][0xffffffff][0x9]5[0xffffffda][0xfffffff7][0xffffffbf][0xffffffe2].=[0x1f][0xfffffff7][0xffffffab][0xffffff97]C[0xffffffe3][0xfffffff7][0xfffffff3]P[0xffffffcc][0xfffffff8][0xffffffc7][0x13]`[0xffffffc8]X[0xffffff9e][0xffffffa1][0xffffff98][0x18][0xffffffff][0xfffffff8][0xfffffff5]b`[0xfffffffc][0xffffffef]/[0xffffffc3][0xffffffbc]x[0x1b][0xffffffc5]b\[0xfffffffc]K [0xffffff8b]i[0xfffffff1]6[0xffffff96][0xffffff85][0xffffffb0]x[0x13][0xffffffce]2V[0xffffffbc][0xffffff89]h[0x4]*[0xffffffde][0xffffff97]'D[0xffffff8a][0x7f][0xffffffeb]R[0x8][0x14][0xffffffef][0xffffffab][0x15][0xffffffe0][0xffffffc4][0xffffffbb][0xffffffa6]-[0xffffffc7][0xffffffc4][0xffffffbb][0xffffffe2][0xffffffdd][0xffffffa0][0xffffff84][0xffffffbb][0xfffffff4]|[0xffffffcc][0xfffffff9]P[0xffffff94][0x0]/=[0xffffffff][0xffffffc7][0x13][0xffffffd0][0xffffff94][0xffffff80].=[0xffffffff][0xffffffc7][0xffffffaf]3[0xffffff94][0xffffffc8][0xffffffb8][0xfffffff4][0xfffffffc]m[0x14][0x19]J[0x4]\z[0xfffffffe]6[0xffffff96][0xfffffff5][0xffffff94][0xffffffc0].=[0x7f][0x13][0xffffffd1]$J[0xffffffe4]\z[0xfffffffe]o][0xffffffca]R"[0xffffffe3][0xffffffd2][0xfffffff3]wMKQ[0xffffffe2][0xffffffaf].=[0xffffffff][0xfffffff1]o[0xc]C[0xffffff89][0xfffffffb][0xffffffb8][0x1a]E[0xffffff89][0xffffff81]Sb[0x4]Pbh[0xffffffde][0xb][0x3]>0J[0xffffff8c]$Jh[0x14][0x19]J[0xffffffb8]@2[0xffffff94][0xffffffd0]X[0xffffffd6]Sb[\r]g5%[0xffffffd6][0xffffff88]&Q[0xffffffc2][0xffffff94]'K[0x9][0xffffffdb][0xffffffa5],%L[0xffffffb5]r[0xffffff94][0xffffff90][0xffffffa6][0xffffffa5](![0xffffffc5][0xffffffbb]A[0xffffff89][0xffffffdb]Q[0xffffffe2][0xffffffea]/[0xffffff8a][0x12]7N[0xffffff89];[0xffffff80][0x12][0xffffffb7][0xffffffe6][0xffffffbd]0[0xffffffe0]7F[0xffffff89];[0xffffff89][0x12][0x1a]E[0xffffff86][0x12].[0xffffff90][0xc]%4[0xffffff96][0xfffffff5][0xffffff94]X[0xffffffc3]YM[0xffffff89]5[0xffffffa2]I[0xffffff94]0[0xffffffe5][0xffffffc9]R[0xffffffc2]v)K[0x9]S[0xffffffad][0x1c]%[0xffffffa4]i)JH[0xfffffff1]nP[0xffffffe2]q[0xffffff94][0xffffff98]}R[0xffffff94]xpJ<[0x1][0xffffff94]x4[0xffffffef][0xffffff85][0x1][0x7f]0J<I[0xffffff94][0xffffffd0](2[0xffffff94]p[0xffffff81]d([0xffffffa1][0xffffffb1][0xffffffac][0xffffffa7][0xffffffc4][0x1a][0xffffffce]jJ[0xffffffac][0x11]M[0xffffffa2][0xffffff84])O[0xffffff96][0x12][0xffffffb6]KYJ[0xffffff98]j[0xffffffe5](!MKQB[0xffffff8a]w[0xffffff83][0x12][0xffffffd3]P[0xffffffe2]i[0x7][0xfffffff6][0x7][0xffffff8e][0xffffff89]Sb[0x6]Pbj[0xffffffde][0xb][0x3]>1J[0xffffffcc]$Jh[0x14][0x19]J[0xffffffb8]@2[0xffffff94][0xffffffd0]X[0xffffffd6]Sb[\r]g5%[0xffffffd6][0xffffff88]&Q[0xffffffc2][0xffffff94]'K[0x9][0xffffffdb][0xffffffa5],%L[0xffffffb5]r[0xffffff94][0xffffff90][0xffffffa6][0xffffffa5](![0xffffffc5][0xfffffffb][0xffffffe7][0xffffff94][0xfffffff8]<[0xe][0xffffffa2][0xffffff94]8'[0xfffffff5][0x7][0xffffff8e][0xffffffcf][0xffffffe7]a)[0xfffffff1][0xfffffff5][0x4]0%~=[0x3]B[0xffffff89][0xffffffaf]_G([0xfffffff1][0xfffffff3][0xffffff97]#(a[0xffffffa2][0xffffff88]P[0xffffffc2][0x6][0x12][0xffffffa1][0xffffff84][0xffffff89]e9%$[0xffffff9c][0xffffffc5][0xffffff94][0xffffff90][0xffffff88][0x6]Q[0xffffffc2][0xffffff95]'J[0x9][0xffffffdf][0xffffffa5](%\[0xffffffb5]b[0xffffff94][0xffffffd0][0xffffffa6][0xffffff85]([0xffffffa1][0xffffffc5][0xffffffbb]A[0xffffff89][0xffffffe6](q}MQ [0xffffff94]h8%Z[0x0]%[0xffffff9a][0xffffffe6][0xffffffbd]0[0xffffffe0][\r][0xffffffa3]DK[0xffffffa2][0xffffff84]F[0xffffff91][0xffffffa1][0xffffff84][0xb]$C[0x9][0xffffff8d]e=%[0xffffffd6]pVSb[0xffffff8d]h[0x12]%Ly[0xffffffb2][0xffffff94][0xffffffb0]][0xffffffca]R[0xffffffc2]T+G[0x9]iZ[0xffffff8a][0x12]R[0xffffffbc][0x1b][0xffffff94][0xffffffe8][0xffffff96][0x12][0xf]F[0xffffff89][0xffffff8e]S[0xffffffa2][0x7]P[0xffffffa2]k[0xffffffde][0xb][0x3][0xffffffde]1J[0xfffffff4]$Jh[0x14][0x19]J[0xffffffb8]@2[0xffffff94][0xffffffd0]X[0xffffffd6]Sb[\r]g5%[0xffffffd6][0xffffff88]&Q[0xffffffc2][0xffffff94]'K[0x9][0xffffffdb][0xffffffa5],%L[0xffffffb5]r[0xffffff94][0xffffff90][0xffffffa6][0xffffffa5](![0xffffffc5][0xffffffbb]A[0xffffff89][0xffffffc3]Qb[0xfffffff4][0xfffffffa]-[0xffffffcc][0xffffffdf][0xffffffcf][0x3]S[0xffffffe2][0x8][0xffffffa0][0xffffffc4][0xffffffa1]y/[0xc][0xfffffff8][0xffffff81]Q[0xffffffe2]H[0xffffffa2][0xffffff84]F[0xffffff91][0xffffffa1][0xffffff84][0xb]$C[0x9][0xffffff8d]e=%[0xffffffd6]pVSb[0xffffff8d]h[0x12]%Ly[0xffffffb2][0xffffff94][0xffffffb0]][0xffffffca]R[0xffffffc2]T+G[0x9]iZ[0xffffff8a][0x12]R[0xffffffbc][0x1b][0xffffff94]pk[0xffffff97][0xffffffcf][0x18][0xffffffd4][0xffffffda][0xffffffe5][0xffffff81][0xffffffaf]][0x1e][0x1]k[0xffffff97][0xffffff87][0xffffff99]d+[0xc]8[0xffffffb6]vy[0xffffffc8][0xffffffe8][0x1a]I[0xffffff89][0xffffff90][0xffffffb5]K[0x1b]H[0xffffff86][0x12][0x1]k[0xffffff97][0x12][0xffffffce]jJ[0x4][0xffffffaf]][0xffffffba][0xfffffff2]d)[0xffffff91][0xffffffb7]v[0xffffffe9][0xffffffaa][0xffffff95][0xffffffa3]D[0xffffffca][0xffffffda][0xffffffa5][0x16][0xffffffef][0x6]%[0xffffffdc][0xffffffda][0xffffffe5]sw[0xffffffec][0xf][0x1c][0xfffffff8][0xffffffda][0xffffffe5][0x11][0xffffffb0]vy[0xffffff98]I[0xffffffb6][0xffffffc2][0xffffff80]ck[0xffffff97][0xffffff87][0xffffff8c][0xffffffae][0xffffff91][0xffffff94][0x8]Y[0xffffffbb][0xffffffb4][0xffffff81]d([0x11][0xffffffb0]v)[0xffffffe1][0xffffffac][0xffffffa6]D[0xfffffff0][0xffffffda][0xffffffa5]+O[0xffffff96][0x12]yk[0xffffff97][0xffffffae]Z9J[0xffffffa4][0xffffffac]]j[0xfffffff1]nP[0xffffffc2][0xffffffad]]]]><![CDATA[>[0xffffffcf][0xffffff83][0xffffffbd][0xffffff95][0xffffffc0][0xffffffd7].[0xffffff8f][0xffffff80][0xffffffb5][0xffffffcb][0xffffffc3]L[0xffffffb2][0x15][0x6][0x1c][[0xffffffbb]<dt[0xffffff8d][0xffffffa4]D[0xffffffc8][0xffffffda][0xffffffa5][\r]$C[0xffffff89][0xffffff80][0xffffffb5]K[0x9]g5%[0xffffff82][0xffffffd7].]y[0xffffffb2][0xffffff94][0xffffffc8][[0xffffffbb]t[0xffffffd5][0xffffffca]Q"e[0xffffffed]R[0xffffff8b]w[0xffffff83][0x12]n[0xffffffa2]j[0xffffff8e][0xffffff89][0xffffffbd][0xffffff95][0xffffffc0]'[0xffffffaa][0xffffff8e][0xffffff80][0xffffff89][0xffffffaa][0xffffffc3][0xffffffec][0xffffffa8][0x14][0x6][0x1c][0xffffff9b][0xffffffa8]:d)[0xffffff85][0xffffffa4]D[0xffffffc8]D[0xffffff95][\r]$C[0xffffff89][0xffffff80][0xffffff89]*[0x9]g5%[0xffffff82]'[0xffffffaa]\y[0xffffffb2][0xffffff94][0xffffffc8][0xffffff9b][0xffffffa8]r[0xffffffd5][0xffffffca]Q"e[0xffffffa2]J[0xffffff8b]w[0xffffff83][0x12]n[0xffffffa2]j[0xffffffce][0x17]u[0xffffff9d][0xffffffd7][0xffffff81]OT[0x1d][0x1][0x13]U[0xffffff87][0xffffffd9]Q)[0xc]86Qu[0xffffffc8]R[\n]"
[DEBUG] http-outgoing-1 << "I[0xffffff89][0xffffff90][0xffffff89]*[0x1b]H[0xffffff86][0x12][0x1][0x13]U[0x12][0xffffffce]jJ[0x4]OT[0xffffffb9][0xfffffff2]d)[0xffffff91]7Q[0xffffffe5][0xffffffaa][0xffffff95][0xffffffa3]D[0xffffffca]D[0xffffff95][0x16][0xffffffef][0xffffff9f]S[0xffffffe2]4[0x13]U[0xffffffe3][0xffffffd5]/[0xffffffea][0x4][0xffffffc7][0xffffff89]OT[0xffffff9d][0x1][0x13]U[0xffffffa7][0xffffffd9]Q[0xffffffa9][0xb][0xfffffff8][0xffffff89]MT[0xffffff9d][0xffffffb2][0xffffff94][0x2]R[0xffffffc2]D[0x11][0xffffffa1][0xffffff84][\r]$B[0x9][0x13][0xffffffcb]rJH8[0xffffff8b])![0x11][\r][0xffffffa2][0xffffff84]+O[0xffffff94][0x12][0xffffffbe]KQJ[0xffffffb8]j[0xffffffc5]([0xffffffa1]M[0xb]QB[0xffffff8b]w[0xffffff83][0x12][0xffffffcd]Q[0xffffffe2][0xffffff9c][0x17]E[0xffffff89][0xffffff86]S[0xffffffa2][0x5]P[0xffffffa2]i[0xffffffde][0xb][0x3][0xffffffde]0J[0xffffffb4]$Jh[0x14][0x19]J[0xffffffb8]@2[0xffffff94][0xffffffd0]X[0xffffffd6]Sb[\r]g5%[0xffffffd6][0xffffff88]&Q[0xffffffc2][0xffffff94]'K[0x9][0xffffffdb][0xffffffa5],%L[0xffffffb5]r[0xffffff94][0xffffff90][0xffffffa6][0xffffffa5](![0xffffffc5][0xffffffbb]A[0x9]3Q5^[0xfffffff3]E}vy[0xffffffe2][0x13]Ug[0xffffffc0]D[0xffffffd5]ivT[\n]"
[DEBUG] http-outgoing-1 << "[0x3][0xffffff8e]MT[0xffffff9d][0xffffffb2][0xffffff94]BR"d[0xffffffa2][0xffffffca][0x6][0xffffff92][0xffffffa1]D[0xffffffc0]D[0xffffff95][0xffffff84][0xffffffb3][0xffffff9a][0x12][0xffffffc1][0x13]U[0xffffffae]<YJ[0xffffffe4]MT[0xffffffb9]j[0xffffffe5]([0xffffff91]2Q[0xffffffa5][0xffffffc5][0xffffffbb]A[0x9]3Q5[0xffffffda][0xb][0xffffffbb][0xffffff83][0xffffffe3][0xffffffc4]'[0xffffffaa][0xffffffce][0xffffff80][0xffffff89][0xffffffaa][0xffffffd3][0xffffffec][0xffffffa8][0x14][0x6][0x1c][0xffffff9b][0xffffffa8]:e)[0xffffff85][0xffffffa4]D[0xffffffc8]D[0xffffff95][\r]$C[0xffffff89][0xffffff80][0xffffff89]*[0x9]g5%[0xffffff82]'[0xffffffaa]\y[0xffffffb2][0xffffff94][0xffffffc8][0xffffff9b][0xffffffa8]r[0xffffffd5][0xffffffca]Q"e[0xffffffa2]J[0xffffff8b]w[0xffffff8b][0x12]=[0xffffff8c][0x12][0x1d][0xffffffa7]D[0xf][0xffffffa0]DG)[0xffffffd1]1J[0xfffffff4]$J[0xffffffac]Q[0xffffffa4]([0xffffffa1][0xffffff81][0xffffffa4]([0xffffffb1][0xffffffc6][0xffffff92][0xffffffa0]D[0xffffff87])[0xffffffd1][0xffffff83])![0xffffffe5]IS[0xffffffc2]t)M[0x9][0xffffffa9]V[0xffffff92][0x12]=[0xffffff85][0x12][0xfffffffd][0xffffffaf])a[0xffffffd6].G;[0xffffffaf][0xffffff9b][0xffffffa2][0x4][0xffffffbe]vy[0x6][0xffffffac]][0xffffff9e]f[0xffffff92][0xffffffad]0[0xffffffe0][0xffffffd8][0xffffffda][0xffffffe5])[0xffffffa3]k$%B[0xffffffd6].m [0x19]J[0x4][0xffffffac]]J8[0xffffffab])[0x11][0xffffffbc]v[0xffffffe9][0xffffffca][0xffffff93][0xffffffa5]D[0xffffffde][0xffffffda][0xffffffa5][0xffffffab]V[0xffffff8e][0x12])k[0xffffff97]Z[0xffffffbc][0x1b][0xffffff94]0k[0xffffff97][0xffffffa3]][\r]{+[0xffffff81][0xffffffaf]][0xffffff9e][0x1]k[0xffffff97][0xffffffa7][0xffffff99]d+[0xc]8[0xffffffb6]vy[0xffffffca][0xffffffe8][0x1a]I[0xffffff89][0xffffff90][0xffffffb5]K[0x1b]H[0xffffff86][0x12][0x1]k[0xffffff97][0x12][0xffffffce]jJ[0x4][0xffffffaf]][0xffffffba][0xfffffff2]d)[0xffffff91][0xffffffb7]v[0xffffffe9][0xffffffaa][0xffffff95][0xffffffa3]D[0xffffffca][0xffffffda][0xffffffa5][0x16][0xffffffef][0x6]%[0xffffffcc][0xffffffda][0xffffffe5][0x7]%.jW[0xffffffe2][0xffffffc4][0xffffffd7].[0xffffffcf][0xffffff80][0xffffffb5][0xffffffcb][0xffffffd3]L[0xffffffb2][0x15][0x6][0x1c][[0xffffffbb]<et[0xffffff8d][0xffffffa4]D[0xffffffc8][0xffffffda][0xffffffa5][\r]$C[0xffffff89][0xffffff80][0xffffffb5]K[0x9]g5%[0xffffff82][0xffffffd7].]y[0xffffffb2][0xffffff94][0xffffffc8][[0xffffffbb]t[0xffffffd5][0xffffffca]Q"e[0xffffffed]R[0xffffff8b]w[0xffffff83][0x12][0xffffffb7][0xffffffa5][0xffffffc4][0xffffff83]Q[0xffffffe2][0xffffffc6])q[0x7]P[0xffffffe2][0xffffffd6][0xffffffbc][0x17][0x6][0xfffffffc][0xffffffc6](q'QB[0xffffffa3][0xffffffc8]P[0xffffffc2][0x5][0xffffff92][0xffffffa1][0xffffff84][0xffffffc6][0xffffffb2][0xffffff9e][0x12]k8[0xffffffab])[0xffffffb1]F4[0xffffff89][0x12][0xffffffa6]<YJ[0xffffffd8].e)a[0xffffffaa][0xffffff95][0xffffffa3][0xffffff84]4-E[0x9])[0xffffffde][\r]J[0xffffff98][0xffffffe1][0xffffffec][0xffffffd1]F[0xffffff9f][0x14]%[0xfffffff0][0xffffffe1][0xffffffec]3`8[0xfffffffb]4[0xffffffeb][0xffffffae][0xffffff85][0x1][0xffffffc7][0xffffff86][0xffffffb3]O[0xffffffd9]o%)[0x11]2[0xffffff9c]m[0x3][0xffffffc9]P"`8[[0xffffffc2]YM[0xffffff89][0xffffffe0][0xffffffe1]lW[0xffffff9e],%[0xfffffff2][0xffffff86][0xffffffb3]][0xffffffb5]r[0xffffff94]H[0x19][0xffffffce][0xffffffd6][0xffffffe2][0xffffffdd][0xffffffa0][0xffffff84][0x19][0xffffffce][0x1e][0xffffffed]>[0xffffffb0][0xffffffb5]K|8[0xfffffffb][0xc][0x18][0xffffffce]>[0xffffffcd][0xffffffba]ka[0xffffffc0][0xffffffb1][0xffffffe1][0xffffffec]S[0xfffffff6][IJ[0xffffff84][0xc]g[0xffffffdb]@2[0xffffff94][0x8][0x18][0xffffffce][0xffffff96]pVS"x8[0xffffffdb][0xffffff95]'K[0xffffff89][0xffffffbc][0xffffffe1]lW[0xffffffad][0x1c]%R[0xffffff86][0xffffffb3][0xffffffb5]x[0xffffffff][0xffffff9c][0x12][0xffffff97][0x1b][0xffffffce][0xffffffee][0xffffffad][0xffffff9d][0x10]%.|8[0xfffffffb][\n]"
[DEBUG] http-outgoing-1 << "[0x18][0xffffffce][0xffffffbe][0xffffffcc][0xffffffba]k][0xffffffc0]/l8[0xfffffffb][0xffffff92][0xfffffffd]V[0xffffff90][0x12]&[0xffffff8a][0x8]%l [0x11]J[0xffffff98]X[0xffffff96]SB[0xffffffc2]YL[0x9][0xffffff89]h[0x10]%\y[0xffffffa2][0xffffff94][0xfffffff0]][0xffffff8a]R[0xffffffc2]U+F[0x9]mZ[0xffffff88][0x12]Z[0xffffffbc][0x1b][0xffffff94]h[0xffffff8e][0x12]}P[0xffffff87]A?[0xffffff9f][0x7][0xffffffa6]D[0xb][0xffffffa0]D[0xffffffd3][0xffffffbc][0x17][0x6][0xffffffbc]a[0xffffff94]hI[0xffffff94][0xffffffd0](2[0xffffff94]p[0xffffff81]d([0xffffffa1][0xffffffb1][0xffffffac][0xffffffa7][0xffffffc4][0x1a][0xffffffce]jJ[0xffffffac][0x11]M[0xffffffa2][0xffffff84])O[0xffffff96][0x12][0xffffffb6]KYJ[0xffffff98]j[0xffffffe5](!MKQB[0xffffff8a]w[0xffffff83][0x12]n8[0xffffffbb][0xffffffdf]7u[0x7][0xffffffc7][0xffffff85][0xf]g_[0x1][0xffffffc3][0xffffffd9][0xffffff97]Yw-[0xc]86[0xffffff9c]}[0xffffffc9]~+I[0xffffff89][0xffffff90][0xffffffe1]l[0x1b]H[0xffffff86][0x12][0x1][0xffffffc3][0xffffffd9][0x12][0xffffffce]jJ[0x4][0xf]g[0xffffffbb][0xfffffff2]d)[0xffffff91]7[0xffffff9c][0xffffffed][0xffffffaa][0xffffff95][0xffffffa3]D[0xffffffca]p[0xffffffb6][0x16][0xffffffef][0x6]%[0xffffffdc]p[0xfffffff6][0xfffffff1]zQ[0xffffff9f]]^[0xfffffff8]p[0xfffffff6][0x15]0[0xffffff9c]}[0xffffff99]u[0xffffffd7][0xffffffc2][0xffffff80]c[0xffffffc3][0xffffffd9][0xffffff97][0xffffffec][0xffffffb7][0xffffff92][0xffffff94][0x8][0x19][0xffffffce][0xffffffb6][0xffffff81]d([0x11]0[0xffffff9c]-[0xffffffe1][0xffffffac][0xffffffa6]D[0xfffffff0]p[0xffffffb6]+O[0xffffff96][0x12]y[0xffffffc3][0xffffffd9][0xffffffae]Z9J[0xffffffa4][0xc]gk[0xfffffff1]nP[0xffffffc2][0xffffffad]][0x1e][0xffffffe7][0xffffff8b]:[0xc]z[0xffffffe1]k[0xffffff97]W[0xffffffc0][0xffffffda][0xffffffe5]e&[0xffffffd9][\n]"
[DEBUG] http-outgoing-1 << "[0x3][0xffffff8e][0xffffffad]]^2[0xffffffba]FR"d[0xffffffed][0xffffffd2][0x6][0xffffff92][0xffffffa1]D[0xffffffc0][0xffffffda][0xffffffa5][0xffffff84][0xffffffb3][0xffffff9a][0x12][0xffffffc1]k[0xffffff97][0xffffffae]<YJ[0xffffffe4][0xffffffad]][0xffffffba]j[0xffffffe5]([0xffffff91][0xffffffb2]v[0xffffffa9][0xffffffc5][0xffffffbb]A[0x9][0xffffffb7]vy[0xc][0xffffff8e][0x12][0xfffffff8][0xffffffda][0xffffffe5][0x15][0xffffffb0]vy[0xffffff99]I[0xffffffb6][0xffffffc2][0xffffff80]ck[0xffffff97][0xffffff97][0xffffff8c][0xffffffae][0xffffff91][0xffffff94][0x8]Y[0xffffffbb][0xffffffb4][0xffffff81]d([0x11][0xffffffb0]v)[0xffffffe1][0xffffffac][0xffffffa6]D[0xfffffff0][0xffffffda][0xffffffa5]+O[0xffffff96][0x12]yk[0xffffff97][0xffffffae]Z9J[0xffffffa4][0xffffffac]]j[0xfffffff1]nP[0xffffffc2][0xffffffad]][0x1e][0xfffffff3][0xffffffc6][0xfffffffe][0xffffffc0][0xffffff81][0xffffffaf]]^[0x1]k[0xffffff97][0xffffff97][0xffffff99]d+[0xc]8[0xffffffb6]vy[0xffffffc9][0xffffffe8][0x1a]I[0xffffff89][0xffffff90][0xffffffb5]K[0x1b]H[0xffffff86][0x12][0x1]k[0xffffff97][0x12][0xffffffce]jJ[0x4][0xffffffaf]][0xffffffba][0xfffffff2]d)[0xffffff91][0xffffffb7]v[0xffffffe9][0xffffffaa][0xffffff95][0xffffffa3]D[0xffffffca][0xffffffda][0xffffffa5][0x16][0xffffffef][0x6]%[0xffffffdc][0xffffffda][0xffffffe5][0xffffffd9]f[0xffffffa7]([0xffffff81][0xffffffaf]]^[0x1]k[0xffffff97][0xffffff97][0xffffff99]d+[0xc]8[0xffffffb6]vy[0xffffffc9][0xffffffe8][0x1a]I[0xffffff89][0xffffff90][0xffffffb5]K[0x1b]H[0xffffff86][0x12][0x1]k[0xffffff97][0x12][0xffffffce]jJ[0x4][0xffffffaf]][0xffffffba][0xfffffff2]d)[0xffffff91][0xffffffb7]v[0xffffffe9][0xffffffaa][0xffffff95][0xffffffa3]D[0xffffffca][0xffffffda][0xffffffa5][0x16][0xffffffef][0x6]%[0xffffffdc][0xffffffda][0xffffffe5]y[0xffffffbe][0x1a]E[0x9]|[0xffffffed][0xfffffff2][\n]"
[DEBUG] http-outgoing-1 << "X[0xffffffbb][0xffffffbc][0xffffffcc]$[a[0xffffffc0][0xffffffb1][0xffffffb5][0xffffffcb]KF[0xffffffd7]HJ[0xffffff84][0xffffffac]][0xffffffda]@2[0xffffff94][0x8]X[0xffffffbb][0xffffff94]pVS"x[0xffffffed][0xffffffd2][0xffffff95]'K[0xffffff89][0xffffffbc][0xffffffb5]KW[0xffffffad][0x1c]%R[0xffffffd6].[0xffffffb5]x7([0xffffffe1][0xffffffd6].[0xffffffcf]kb[0xffffff94][0xffffffc0][0xffffffd7].[0xffffffaf][0xffffff80][0xffffffb5][0xffffffcb][0xffffffcb]L[0xffffffb2][0x15][0x6][0x1c][[0xffffffbb][0xffffffbc]dt[0xffffff8d][0xffffffa4]D[0xffffffc8][0xffffffda][0xffffffa5][\r]$C[0xffffff89][0xffffff80][0xffffffb5]K[0x9]g5%[0xffffff82][0xffffffd7].]y[0xffffffb2][0xffffff94][0xffffffc8][[0xffffffbb]t[0xffffffd5][0xffffffca]Q"e[0xffffffed]R[0xffffff8b][0xfffffff7][0xffffffcf])1[0xffffffdc][0xffffffda][0xffffffe5]9N[0xffffffea][[0xffffff89][0xffffff81][0xffffffaf]][0xffffff8e][0xffffff80][0xffffffb5][0xffffffcb]a&[0xffffffd9][0xffffffea][0x2]>[0xffffffb0][0xffffffb5][0xffffffcb]![0xffffffa3]k %L[0x14][0x11]J[0xffffffd8]@"[0xffffff94]0[0xffffffb1],[0xffffffa7][0xffffff84][0xffffff84][0xffffffb3][0xffffff98][0x12][0x12][0xffffffd1] J[0xffffffb8][0xfffffff2]D)[0xffffffe1][0xffffffbb][0x14][0xffffffa5][0xffffff84][0xffffffab]V[0xffffff8c][0x12][0xffffffda][0xffffffb4][0x10]%[0xffffffb4]x7([0xffffffd1],%[0x1e][0xffffff8c][0x12][\r][0xffffffa7]D[0xb][0xffffffa0]D[0xffffffd3][0xffffffbc][0x17][0x6][0xffffffbc]a[0xffffff94]hI[0xffffff94][0xffffffd0](2[0xffffff94]p[0xffffff81]d([0xffffffa1][0xffffffb1][0xffffffac][0xffffffa7][0xffffffc4][0x1a][0xffffffce]jJ[0xffffffac][0x11]M[0xffffffa2][0xffffff84])O[0xffffff96][0x12][0xffffffb6]KYJ[0xffffff98]j[0xffffffe5](!MKQB[0xffffff8a]w[0xffffff83][0x12]n[0xffffffed][0xfffffff2][0xffffffbc][0xf]j8{[0xffffffe0]k[0xffffff97]#`[0xffffffed]r[0xffffff98]I[0xffffffb6][0xffffffc2][0xffffff80]ck[0xffffff97]CF[0xffffffd7]HJ[0xffffff84][0xffffffac]][0xffffffda]@2[0xffffff94][0x8]X[0xffffffbb][0xffffff94]pVS"x[0xffffffed][0xffffffd2][0xffffff95]'K[0xffffff89][0xffffffbc][0xffffffb5]KW[0xffffffad][0x1c]%R[0xffffffd6].[0xffffffb5]x7([0xffffffe1][0xffffffd6].[0xffffffcf][0xfffffff9]:)J[0xffffffe0]k[0xffffff97]#`[0xffffffed]r[0xffffff98]I[0xffffffb6][0xffffffc2][0xffffff80]ck[0xffffff97]CF[0xffffffd7]HJ[0xffffff84][0xffffffac]][0xffffffda]@2[0xffffff94][0x8]X[0xffffffbb][0xffffff94]pVS"x[0xffffffed][0xffffffd2][0xffffff95]'K[0xffffff89][0xffffffbc][0xffffffb5]KW[0xffffffad][0x1c]%R[0xffffffd6].[0xffffffb5]x7([0xffffffe1][0xffffffd6].[0xffffffaf][0xfffffffe]P[0xffffff9f]][0xe]|[0xffffffed]r[0x4][0xffffffac]][0xe]3[0xffffffc9]V[0x18]pl[0xffffffed]r[0xffffffc8][0xffffffe8][0x1a]I[0xffffff89][0xffffff90][0xffffffb5]K[0x1b]H[0xffffff86][0x12][0x1]k[0xffffff97][0x12][0xffffffce]jJ[0x4][0xffffffaf]][0xffffffba][0xfffffff2]d)[0xffffff91][0xffffffb7]v[0xffffffe9][0xffffffaa][0xffffff95][0xffffffa3]D[0xffffffca][0xffffffda][0xffffffa5][0x16][0xffffffef][0x6]%[0xffffffdc][0xffffffda][0xffffffe5]u[0xfffffff5][0x17]E[0x9]|[0xffffffed]r[0x4][0xffffffac]][0xe]3[0xffffffc9]V[0x18]pl[0xffffffed]r[0xffffffc8][0xffffffe8][0x1a]I[0xffffff89][0xffffff90][0xffffffb5]K[0x1b]H[0xffffff86][0x12][0x1]k[0xffffff97][0x12][0xffffffce]jJ[0x4][0xffffffaf]][0xffffffba][0xfffffff2]d)[0xffffff91][0xffffffb7]v[0xffffffe9][0xffffffaa][0xffffff95][0xffffffa3]D[0xffffffca][0xffffffda][0xffffffa5][0x16][0xffffffef][0x6]%[0xffffffdc][0xffffffda][0xffffffe5]59J[0xffffffe0]k[0xffffff97]#`[0xffffffed]r[0xffffff98]I[0xffffffb6][0xffffffc2][0xffffff80]ck[0xffffff97]CF[0xffffffd7]HJ[0xffffff84][0xffffffac]][0xffffffda]@2[0xffffff94][0x8]X[0xffffffbb][0xffffff94]pVS"x[0xffffffed][0xffffffd2][0xffffff95]'K[0xffffff89][0xffffffbc][0xffffffb5]KW[0xffffffad][0x1c]%R[0xffffffd6].[0xffffffb5]x7([0xffffffe1][0xffffffd6].G[0xffffffe3]([0xffffff81][0xffffffaf]][0xffffff8e][0xffffff80][0xffffffb5][0xffffffcb]a&[0xffffffd9][\n]"
[DEBUG] http-outgoing-1 << "[0x3][0xffffff8e][0xffffffad]][0xe][0x19]]#)[0x11][0xffffffb2]vi[0x3][0xffffffc9]P"`[0xffffffed]R[0xffffffc2]YM[0xffffff89][0xffffffe0][0xffffffb5]KW[0xffffff9e],%[0xfffffff2][0xffffffd6].][0xffffffb5]r[0xffffff94]HY[0xffffffbb][0xffffffd4][0xffffffe2][0xffffffdd][0xffffffa0][0xffffff84][[0xffffffbb][0x1c][0xffffffd7]=(J[0xffffffe0]k[0xffffff97]#`[0xffffffed]r[0xffffff98]I[0xffffffb6][0xffffffc2][0xffffff80]ck[0xffffff97]CF[0xffffffd7]HJ[0xffffff84][0xffffffac]][0xffffffda]@2[0xffffff94][0x8]X[0xffffffbb][0xffffff94]pVS"x[0xffffffed][0xffffffd2][0xffffff95]'K[0xffffff89][0xffffffbc][0xffffffb5]KW[0xffffffad][0x1c]%R[0xffffffd6].[0xffffffb5]x[0xffffffb7](q[0xffffff86]Q[0xffffffe2][0xffffffc4])q[0x6]P[0xffffffe2]D)qb[0xffffff94]8[0xffffff93]([0xffffffb1]F[0xffffff91][0xffffffa2][0xffffff84][0x6][0xffffff92][0xffffffa2][0xffffffc4][0x1a]K[0xffffff82][0x12]'L[0xffffff89]3[0xffffff98][0x12]R[0xffffff9e]4%L[0xffffff97][0xffffffd2][0xffffff94][0xffffff90]j%)q[0xffffffa6]P[0xffffffe2][0xfffffffc]kJ[0xffffffb8][0xffffffe1][0xffffffec]qc7[0xffffff83][0xe]|8{[0x4][0xc]g[0xf][0xffffffb3][0xffffffee]Z[0x18]pl8{[0xffffffc8]~+I[0xffffff89][0xffffff90][0xffffffe1]l[0x1b]H[0xffffff86][0x12][0x1][0xffffffc3][0xffffffd9][0x12][0xffffffce]jJ[0x4][0xf]g[0xffffffbb][0xfffffff2]d)[0xffffff91]7[0xffffff9c][0xffffffed][0xffffffaa][0xffffff95][0xffffffa3]D[0xffffffca]p[0xffffffb6][0x16][0xffffffef][0xffffff9f]S[0xffffffe2]v[0xffffffc3][0xffffffd9]w[0xffffffbf](J[0xffffffdc][0xfffffff8]p[0xfffffff6][0x1d]0[0xffffff9c]}[0xffffff9b]u[0xffffffd7][0xffffffba][0xffffff80][0xffffffdf][0xffffffd8]p[0xfffffff6]-[0xfffffffb][0xffffffad] %L[0x14][0x11]J[0xffffffd8]@"[0xffffff94]0[0xffffffb1],[0xffffffa7][0xffffff84][0xffffff84][0xffffffb3][0xffffff98][0x12][0x12][0xffffffd1] J[0xffffffb8][0xfffffff2]D)[0xffffffe1][0xffffffbb][0x14][0xffffffa5][0xffffff84][0xffffffab]V[0xffffff8c][0x12][0xffffffda][0xffffffb4][0x10]%[0xffffffb4]x7([0xffffffe1][0xffffffd6].[0xffffffef][0x7][0xffffffdb][0xffffff95][0xffffffb8][0xfffffff1][0xffffffb5][0xffffffcb];`[0xffffffed][0xfffffff2]6[0xffffff93]l[0xffffff85][0x1][0xffffffc7][0xffffffd6].o[0x19]]#)[0x11][0xffffffb2]vi[0x3][0xffffffc9]P"`[0xffffffed]R[0xffffffc2]YM[0xffffff89][0xffffffe0][0xffffffb5]KW[0xffffff9e],%[0xfffffff2][0xffffffd6].][0xffffffb5]r[0xffffff94]HY[0xffffffbb][0xffffffd4][0xffffffe2][0xffffffdd][0xffffffa0][0xffffff84][0xffffff9b][0xffffffa8][0xffffffba][0xffffffe7][0xffffffa4]Np[0xffffffdc][0xfffffff8]D[0xffffffd5][0x1d]0Qu[0xffffff9b][0x1d][0xffffff95][0xffffffc2][0xffffff80]c[0x13]U[0xffffffb7],[0xffffffa5][0xffffff90][0xffffff94][0x8][0xffffff99][0xffffffa8][0xffffffb2][0xffffff81]d([0x11]0Q%[0xffffffe1][0xffffffac][0xffffffa6]D[0xfffffff0]D[0xffffff95]+O[0xffffff96][0x12]y[0x13]U[0xffffffae]Z9J[0xffffffa4]LTi[0xfffffff1]nP[0xffffffc2]MT=[0xffffffaf][0xfffffff3][0xffffffa0]([0xffffff81]OT[0xffffffdd][0x1][0x13]U[0xffffffb7][0xffffffd9]Q)[0xc]86Qu[0xffffffcb]R[\n]"
[DEBUG] http-outgoing-1 << "I[0xffffff89][0xffffff90][0xffffff89]*[0x1b]H[0xffffff86][0x12][0x1][0x13]U[0x12][0xffffffce]jJ[0x4]OT[0xffffffb9][0xfffffff2]d)[0xffffff91]7Q[0xffffffe5][0xffffffaa][0xffffff95][0xffffffa3]D[0xffffffca]D[0xffffff95][0x16][0xffffffef][0x6]%[0xffffffdc]D[0xffffffd5][0xfffffff3][0xffffff9a][0xffffffd8][0x1f]8[0xfffffff0][0xffffff89][0xffffffaa];`[0xffffffa2][0xffffffea]6;*[0xffffff85][0x1][0xffffffc7]&[0xffffffaa]nYJ!)[0x11]2Qe[0x3][0xffffffc9]P"`[0xffffffa2]J[0xffffffc2]YM[0xffffff89][0xffffffe0][0xffffff89]*W[0xffffff9e],%[0xfffffff2]&[0xffffffaa]\[0xffffffb5]r[0xffffff94]H[0xffffff99][0xffffffa8][0xffffffd2][0xffffffe2][0xffffffdd][0xffffffa0][0xffffff84][0xffffff9b][0xffffffa8]zz[0xffffffbb](J[0xffffffe0][0x13]Uw[0xffffffc0]D[0xffffffd5]mvT[\n]"
[DEBUG] http-outgoing-1 << "[0x3][0xffffff8e]MT[0xffffffdd][0xffffffb2][0xffffff94]BR"d[0xffffffa2][0xffffffca][0x6][0xffffff92][0xffffffa1]D[0xffffffc0]D[0xffffff95][0xffffff84][0xffffffb3][0xffffff9a][0x12][0xffffffc1][0x13]U[0xffffffae]<YJ[0xffffffe4]MT[0xffffffb9]j[0xffffffe5]([0xffffff91]2Q[0xffffffa5][0xffffffc5][0xffffffbb]E[0xffffff89][0x1e]F[0xffffff89][0xffffff8e]S[0xffffffa2][0x7]P[0xffffffa2][0xffffffa3][0xffffff94][0xffffffe8][0x18]%z[0x12]%[0xffffffd6](R[0xffffff94][0xffffffd0]@R[0xffffff94]XcIP[0xffffffa2][0xffffffc3][0xffffff94][0xffffffe8][0xffffffc1][0xffffff94][0xffffff90][0xfffffff2][0xffffffa4])a[0xffffffba][0xffffff94][0xffffffa6][0xffffff84]T+I[0xffffff89][0xffffff9e]B[0xffffff89][0xfffffffe][0xffffffd7][0xffffff94]pk[0xffffff97][0xffffffcf][0xffffffd5][0xffffffb1][0xffffffc3][0xffffffa0][0xfffffff8][0xffffffda][0xffffffe5][0x1d][0xffffffb0]vy[0xffffff9b]I[0xffffffb6][0xffffffc2][0xffffff80]ck[0xffffff97][0xffffffb7][0xffffff8c][0xffffffae][0xffffff91][0xffffff94][0x8]Y[0xffffffbb][0xffffffb4][0xffffff81]d([0x11][0xffffffb0]v)[0xffffffe1][0xffffffac][0xffffffa6]D[0xfffffff0][0xffffffda][0xffffffa5]+O[0xffffff96][0x12]yk[0xffffff97][0xffffffae]Z9J[0xffffffa4][0xffffffac]]j[0xfffffff1]nQ[0xffffffc2][0xffffffbc][0xffffff95]@)A[0xffffffbf][0xffffff95]x[0x2][0xffffffde]J<J[0xffffffe7][0xffffffd2][0xffffff80]So%[0xffffff9e][0xffffffa4][0xffffffb7][0x12][0x1a]E[0xffffff8a][0x12])o%4[0xffffff96][0x4]%[0xffffffd8][0xffffffb7][0x12]kD[0xffffffb3]([0x11][0xfffffff6]V[0xffffffc2]v)M[0xffffff89][0xffffffa0][0xffffffb7][0x12][0xffffffd2][0xffffffb4][0x1c]%[0xfffffffe][0xffffff8b][0xffffffb7][0x12]G[0x18]%[0xe][0xffffff9c][0x12]G[0x0]%[0xe][0xffffff94][0x12][0x7]F[0xffffff89]#[0xffffff89][0x12]k[0x14])Jh )J[0xffffffac][0xffffffb1]$(q[0xffffffc0][0xffffff94]8[0xffffff82])![0xffffffe5]IS[0xffffffc2]t)M[0x9][0xffffffa9]V[0xffffff92][0x12]G[\n]"
[DEBUG] http-outgoing-1 << "%[0xffffff8e][0xffffffff][0xffffff80][0x12]-[0xffffffcd][0x12][0xffffff8d][0xffffffc7]DK[0xffffffd0]Dc9[0xffffffd1]8O[0xffffffb4](PH[0x1e])Q[0xffffff98]TR[0xffffffa4][0xffffff90]l[0x12][0xffffffa6]h4*Z[0xffffffb2]*[0xffffffb4]FiV[0xffffffb8]V[0xffffffa5]][0xffffffa1]%K[0xffffffc2]b[0xffffffed]\N[0x16]k[0x5]o[0xffffffd1][0xffffffa2][0xffffff9f]a[0xffffffb4][0xffffffe8][0xfffffff0][0x5]_[0xffffffdf][0xffffff8f][0xffffffc0][0xffffffd3][0xffffffa2][0xffffff83]W|}[0xffffffff]<E[0xffffff8b][0xffffff9e]s[0xffffffc9][0xffffff97][0xffffffcb]#E[0xb][0xffffff93]J[0xffffff8a][0x16][0xffffff92]M[0xffffff82][0x16][0x1d][0xffffffbd][0xffffffe8]Ks[0xffffff9a]E[0xb][0xffffffad]Q[0xffffff9a][0x16][0xffffffae]UiZh[0xffffffc9][0xffffff92][0xffffffb4]X;[0xffffff97][0xffffffa3][0xffffffc5]Z[0xffffffc1][[0xffffffb4]8[0xffffffd2][0xffffffde]Z[0x1c][0xfffffffc][[0xffffff8b]#[0xffffffe1][0xffffffad][0xffffffc5][0xffffffc1][0xffffffbe][0xffffffb5]8[0xffffffb8][0xffffffb7][0x16]G[0xffffffd4][[0xb][0xffffffc9]#E[0xb][0xffffff93]J[0xffffff8a][0x16][0xffffff92]M[0xffffff82][0x16][0x7][0xfffffffd][0xffffffd6][0xffffffe2]H~k[0xffffffa1]5J[0xffffffd3][0xffffffc2][0xffffffb5]*M[0xb]-Y[0xffffff92][0x16]k[0xffffffe7]r[0xffffffb4]X+x[0xffffff8b][0x16]c[0xffffff86][0xffffffd1]bL[0xffffff9c][0x16][0x1f][0xffffff8f][0xffffffc0][0xffffffd3][0xffffffe2][0xffffffc7]CP[0xffffffb4][0xfffffff8][0xfffffff8]y[0xffffff8a][0x16][0xffffffdf]?[0xffffff9d]B[0xb][0xffffffc9]#E[0xb][0xffffff93]J[0xffffff8a][0x16][0xffffff92]M[0xffffff82][0x16]KB[0xffffffeb]i[0xffffffb1][0xffffffe4]4[0xffffff8b][0x16]Z[0xffffffa3]4-\[0xffffffab][0xffffffd2][0xffffffb4][0xffffffd0][0xffffff92]%i[0xffffffb1]v.G[0xffffff8b][0xffffffb5][0xffffff82][0xffffffb7]h[0xfffffff1]\a[0xffffffb4]x.[0xffffff9c][0x16][0x1f][0xffffff8f][0xffffffc0][0xffffffd3][0xffffffe2][0xffffffc7]CP[0xffffffb4][0xfffffff8][0xfffffff8]y[0xffffff8a][0x16][0xffffffdf]?[0xffffff9d]B[0xb][0xffffffc9]#E[0xb][0xffffff93]J[0xffffff8a][0x16][0xffffff92]M[0xffffff82][0x16]KB[0xffffffeb]i[0xffffffb1][0xffffffe4]4[0xffffff8b][0x16]Z[0xffffffa3]4-\[0xffffffab][0xffffffd2][0xffffffb4][0xffffffd0][0xffffff92]%i[0xffffffb1]v.G[0xffffff8b][0xffffffb5][0xffffff82][0xfffffff7]hq[0xffffffa7][0xffffffd1][0xffffffe2][0xffffffe6]iq'[0xffffffd0][0xffffffe2]fiqs[0xffffffb4][0xffffffb8][0xffffffa3]h[0xffffffb1][0xffffffe6][0x11][0xffffffa3][0xffffff85][0xffffffa6][0x12][0xffffffa3][0xffffffc5][0xffffff9a]M[0xffffff84][0x16]7M[0xffffff8b];[0xffffff99][0x16]R[0xffffffa3]8-L[0xffffffab][0xffffffe2][0xffffffb4][0xffffff90][0xffffff92]Eiq[0xffffffc7][0xffffffd0][0xffffffe2][0xfffffffe][0xf]h[0xffffffd1]^O[0xffffff98]->[0xffffff9e][0x8][0xffffffc7][0xffffffc5][0xffffffe7]3[0xfffffff0][0xffffffba][0xfffffff8][0xfffffff9][0x14][0x14]/>[0x7f][0xffffff9f][0xfffffff2][0xffffffc5][0xffffff8f][0xffffffdf]N[0x1][0xffffff86][0xffffff86][0xffffff92][0x12][0xffffff86][0xffffff8b]&E[0xc][\r](a[0xffffff8c]5[0xffffffa6][0xfffffff5][0xffffffc8]X[0xffffffc3][0xffffff9a][0xffffffa5][0xc]S[0xffffffa8]43l[0xffffffbf][0xffffffd2][0xffffffce]0uKBC[0xffffffda][0xffffff97][0xffffff93][0xffffff86][0xffffff94][0xfffffff1][0x16]5[0xfffffffa][0xffffffeb][0xc][0xffffffa3][0xffffffc6][0xffffffc7][0x13][0xffffffe1][0xffffffd4][0xfffffff8]|[0x6][0xffffff9e][0x1a]?[0xffffff9f][0xffffff82][0xffffffa2][0xffffffc6][0xffffffe7][0xffffffef]S[0xffffffd4][0xfffffff8][0xfffffff1][0xffffffdb])[0xffffffd4][0xffffffd0]PR[0xffffffd4]p[0xffffffd1][0xffffffa4][0xffffffa8][0xffffffa1][0x1]%[0xffffffa8][0xffffffb1][0xffffffc6][0xffffffb4][0xffffff9e][0x1a]kX[0xffffffb3][0xffffffa8]a[\n]"
[DEBUG] http-outgoing-1 << "[0xffffff95][0xffffffa6][0xffffff86][0xffffffed]W[0xffffff9a][0x1a][0xffffffa6]nIjH[0xfffffffb]r[0xffffffd4][0xffffff90]2[0xffffffde][0xffffffa3][0xffffffc6][0xffffff88][0xffffffa3][0xffffffc6][0x8][0xffffffa0][0xffffffc6][0xffffff88][0xffffffa0][0xffffffc6][0xffffff80][0xffffffa9]1@j[0xffffff8c],jH(1j[0xffffff98]hb[0xffffffd4][0xffffff90][0xffffff80]"[0xffffffd4][0x18]85F45[0xffffffb4]Pqj[0xffffffb8]~[0xffffffc5][0xffffffa9][0xffffffa1]u[0xffffff8b]Rcm_[0xffffff90][0x1a]k[0x19][0xffffffff][0x9]5[0xfffffffa][0xfffffff7][0xffffffbf]2[0xffffffcd][0x1d]"[0xffffffb3][0xffffff9d]G94~?[0xf][0xffffffc5][0xffffff8c][0x7f]<[0x1][0xffffff86][0xffffff8c][0xffffffe5][0x19][0xffffff8a][0xffffff89][0xfffffff1][0xffffff8f]_/[0x6][0xffffffc6][0xffffffff][0xfffffffe]2[0xffffffcc][0xffffff8b][0xffffffb7]Q,[0xffffffc6][0xffffffc5][0xffffffbf][0x4][0xffffffb2][0xffffff98][0x16]ocY[0x8][0xffffff8b]7[0xffffffe1],c[0xffffffc5][0xffffff9b][0xffffff88]F[0xffffffa0][0xffffffe2]}yB[0xffffffa4][0xfffffff8][0xffffffb7].[0xffffff85]@[0xfffffff1][0xffffffbe]Z[0x1]N[0xffffffbc]k[0xffffffda]rL[0xffffffbc]+[0xffffffde]?[0xffffffa7][0xffffffc4][0xfffffff3]r[0xffffff94]8[0xffffff8e][0x1b][0xffffffa2][0xffffffc4][0xffffffe7][0xfffffff3][0xffffffb0][0xffffff94][0xfffffff8]z[0x2][0xffffff98][0x12][0xffffffbf][0xffffff9e][0x1][0xffffffa1][0xffffffc4][0xffffffd7][0xffffffaf]#[0xffffff94][0xfffffff8][0xfffffff9][0xffffffcb][0x11][0xffffff94]0QD(a[0x3][0xffffff89]P[0xffffffc2][0xffffffc4][0xffffffb2][0xffffff9c][0x12][0x12][0xffffffce]bJHD[0xffffff83]([0xffffffe1][0xffffffca][0x13][0xffffffa5][0xffffff84][0xffffffef]R[0xffffff94][0x12][0xffffffae]Z1Jh[0xffffffd3]B[0xffffff94][0xffffffd0][0xffffffe2][0xffffffdd][0xffffffa0]Ds[0xffffff94][0xffffffb8]O[0xffffff8c][0x12][\r][0xffffffa7]D[0xb][0xffffffa0]D[0xffffffd3][0xffffffbc][0x17][0x6][0xffffffbc]a[0xffffff94]hI[0xffffff94][0xffffffd0](2[0xffffff94]p[0xffffff81]d([0xffffffa1][0xffffffb1][0xffffffac][0xffffffa7][0xffffffc4][0x1a][0xffffffce]jJ[0xffffffac][0x11]M[0xffffffa2][0xffffff84])O[0xffffff96][0x12][0xffffffb6]KYJ[0xffffff98]j[0xffffffe5](!MKQB[0xffffff8a]w[0xffffff83][0x12][0xffffff87]R[0xffffffe2]~[0x1d]7[0xfffffff5][0x7][0xffffff8e][0xffffffcf][0xffffffe7][0xffffff81])q[0x4]P[0xffffffe2][0xffffffd0][0xffffffbc][0x17][0x6][0xfffffffc][0xffffffc0](q$QB[0xffffffa3][0xffffffc8]P[0xffffffc2][0x5][0xffffff92][0xffffffa1][0xffffff84][0xffffffc6][0xffffffb2][0xffffff9e][0x12]k8[0xffffffab])[0xffffffb1]F4[0xffffff89][0x12][0xffffffa6]<YJ[0xffffffd8].e)a[0xffffffaa][0xffffff95][0xffffffa3][0xffffff84]4-E[0x9])[0xffffffde][\r]J[0xffffff9c][0xffffff8e][0x12][0xffffffd7][0xffffffd7][0xffffffff]^[0x8]%N[0xffffff9c][0x12]g[0x0]%N[0xffffffcd]{a[0xffffffc0]O[0xffffff8c][0x12]g[0x12]%4[0xffffff8a][0xc]%\ [0x19]Jh,[0xffffffeb])[0xffffffb1][0xffffff86][0xffffffb3][0xffffff9a][0x12]kD[0xffffff93](a[0xffffffca][0xffffff93][0xffffffa5][0xffffff84][0xffffffed]R[0xffffff96][0x12][0xffffffa6]Z9JH[0xffffffd3]R[0xffffff94][0xffffff90][0xffffffe2][0xffffffdd][0xffffffa0][0xffffffc4][0xffffffe5](1[0xffffff8f][0xffffff93][0xffffffa2][0xffffffc4][0xffffff85]S[0xffffffe2][\n]"
[DEBUG] http-outgoing-1 << "[0xffffffa0][0xffffffc4][0xffffffa5]y/[0xc][0xfffffff8][0xffffff85]Q[0xffffffe2]J[0xffffffa2][0xffffff84]F[0xffffff91][0xffffffa1][0xffffff84][0xb]$C[0x9][0xffffff8d]e=%[0xffffffd6]pVSb[0xffffff8d]h[0x12]%Ly[0xffffffb2][0xffffff94][0xffffffb0]][0xffffffca]R[0xffffffc2]T+G[0x9]iZ[0xffffff8a][0x12]R[0xffffffbc][0x1b][0xffffff94][0x18][0xffffff96][0x12][0x13][0xffffffa3][0xffffffc4][0xffffffc0])1[0x2](14[0xffffffef][0xffffff85][0x1][0x1f][0x18]%F[0x12]%4[0xffffff8a][0xc]%\ [0x19]Jh,[0xffffffeb])[0xffffffb1][0xffffff86][0xffffffb3][0xffffff9a][0x12]kD[0xffffff93](a[0xffffffca][0xffffff93][0xffffffa5][0xffffff84][0xffffffed]R[0xffffff96][0x12][0xffffffa6]Z9JH[0xffffffd3]R[0xffffff94][0xffffff90][0xffffffe2][0xffffffdd][0xffffffa0][0xffffffc4]m([0xffffffd1]^cP[0xffffff94][0xffffffb8]qJ[0xffffffdc][0x1][0xffffff94][0xffffffb8]5[0xffffffef][0xffffff85][0x1][0xffffffbf]1J[0xffffffdc]I[0xffffff94][0xffffffd0](2[0xffffff94]p[0xffffff81]d([0xffffffa1][0xffffffb1][0xffffffac][0xffffffa7][0xffffffc4][0x1a][0xffffffce]jJ[0xffffffac][0x11]M[0xffffffa2][0xffffff84])O[0xffffff96][0x12][0xffffffb6]KYJ[0xffffff98]j[0xffffffe5](!MKQB[0xffffff8a]w[0xffffff83][0x12][0xffffff8f][0xffffffa3]Dk[0xffffffd8][0xffffffb7][0x12][0xf]N[0xffffff89]'[0xffffff80][0x12][0xffffff8f][0xffffffe6][0xffffffbd]0[0xffffffe0][0xf]F[0xffffff89]'[0xffffff89][0x12][0x1a]E[0xffffff86][0x12].[0xffffff90][0xc]%4[0xffffff96][0xfffffff5][0xffffff94]X[0xffffffc3]YM[0xffffff89]5[0xffffffa2]I[0xffffff94]0[0xffffffe5][0xffffffc9]R[0xffffffc2]v)K[0x9]S[0xffffffad][0x1c]%[0xffffffa4]i)JH[0xfffffff1]nP[0xffffffc2]LT}P[0xffffff82]{+[0xffffff81]OT=[0x1][0x13]U[0xffffff8f][0xffffffd9]Q)[0xc]86Q[0xfffffff5][0xffffffc8]R[\n]"
[DEBUG] http-outgoing-1 << "I[0xffffff89][0xffffff90][0xffffff89]*[0x1b]H[0xffffff86][0x12][0x1][0x13]U[0x12][0xffffffce]jJ[0x4]OT[0xffffffb9][0xfffffff2]d)[0xffffff91]7Q[0xffffffe5][0xffffffaa][0xffffff95][0xffffffa3]D[0xffffffca]D[0xffffff95][0x16][0xffffffef][0xffffff9f]Sb[0xffffff9a][0xffffff89][0xffffffaa][0xfffffffb][0xffffffe3][0xffffffff]yB[0xffffff94][0xffffff98][0xfffffff8]D[0xffffffd5][0xc][0xffffff98][0xffffffa8][0xffffff9a]fG[0xffffffa5].[0xffffffe0][0x13][0xffffff9b][0xffffffa8][0xffffff9a][0xffffffb2][0xffffff94][0x2]R[0xffffffc2]D[0x11][0xffffffa1][0xffffff84][\r]$B[0x9][0x13][0xffffffcb]rJH8[0xffffff8b])![0x11][\r][0xffffffa2][0xffffff84]+O[0xffffff94][0x12][0xffffffbe]KQJ[0xffffffb8]j[0xffffffc5]([0xffffffa1]M[0xb]QB[0xffffff8b]w[0xffffff83][0x12]f[0xffffffa2][0xffffffea]n[0xfffffff7]CMTM|[0xffffffa2]j[0x6]LTM[0xffffffb3][0xffffffa3]R[0x18]pl[0xffffffa2]j[0xffffffca]R[\n]"
[DEBUG] http-outgoing-1 << "I[0xffffff89][0xffffff90][0xffffff89]*[0x1b]H[0xffffff86][0x12][0x1][0x13]U[0x12][0xffffffce]jJ[0x4]OT[0xffffffb9][0xfffffff2]d)[0xffffff91]7Q[0xffffffe5][0xffffffaa][0xffffff95][0xffffffa3]D[0xffffffca]D[0xffffff95][0x16][0xffffffef][0x6]%[0xffffffba][0xffffffa3][0xffffffc4]|[0x1a]E[0xffffff89][0xffffff8e]S[0xffffffa2][0x7]P[0xffffffa2]k[0xffffffde][0xb][0x3][0xffffffde]1J[0xfffffff4]$Jh[0x14][0x19]J[0xffffffb8]@2[0xffffff94][0xffffffd0]X[0xffffffd6]Sb[\r]g5%[0xffffffd6][0xffffff88]&Q[0xffffffc2][0xffffff94]'K[0x9][0xffffffdb][0xffffffa5],%L[0xffffffb5]r[0xffffff94][0xffffff90][0xffffffa6][0xffffffa5](![0xffffffc5][0xffffffbb]A[0x9][0xffffffb7]v[0xffffffd9][0xffffffcf][0xfffffff3][0xffffffa4]([0xffffff81][0xffffffaf]][0xffffffce][0xffffff80][0xffffffb5][0xffffffcb]i&[0xffffffd9][\n]"
[DEBUG] http-outgoing-1 << "[0x3][0xffffff8e][0xffffffad]]N[0x19]]#)[0x11][0xffffffb2]vi[0x3][0xffffffc9]P"`[0xffffffed]R[0xffffffc2]YM[0xffffff89][0xffffffe0][0xffffffb5]KW[0xffffff9e],%[0xfffffff2][0xffffffd6].][0xffffffb5]r[0xffffff94]HY[0xffffffbb][0xffffffd4][0xffffffe2][0xffffffdd][0xffffffa2]D[0xf][0xffffffa3]D[0xffffffc7])[0xffffffd1][0x3]([0xffffffd1]QJt[0xffffff8c][0x12]=[0xffffff89][0x12]k[0x14])Jh )J[0xffffffac][0xffffffb1]$([0xffffffd1]aJ[0xfffffff4]`JHy[0xffffffd2][0xffffff94]0]JSB[0xffffffaa][0xffffff95][0xffffffa4]DO[0xffffffa1]D[0xffffffff]kJ[0xffffffb8][0xffffffe1][0xffffffec]~][0xffffffd4]a[0xffffffd0][0xffffff89][0xf]g[0xffffffcf][0xffffff80][0xffffffe1][0xffffffec]i[0xffffffd6]][0xb][0x3][0xffffff8e][\r]gO[0xffffffd9]o%)[0x11]2[0xffffff9c]m[0x3][0xffffffc9]P"`8[[0xffffffc2]YM[0xffffff89][0xffffffe0][0xffffffe1]lW[0xffffff9e],%[0xfffffff2][0xffffff86][0xffffffb3]][0xffffffb5]r[0xffffff94]H[0x19][0xffffffce][0xffffffd6][0xffffffe2][0xffffffdd][0xffffffa2][0xffffff84]y+[0xffffff81]R[0xffffff82]~+q[0x6][0xffffffbc][0xffffff95]8[0xffffff95][0xffffffce][0xffffffa5][0x1][0xffffffa7][0xffffffde]J[0xffffff9c]Io%4[0xffffff8a][0x14]%R[0xffffffde]Jh,[0x9]J[0xffffffb0]o%[0xffffffd6][0xffffff88]fQ"[0xffffffec][0xffffffad][0xffffff84][0xffffffed]R[0xffffff9a][0x12]Ao%[0xffffffa4]i9J[0xfffffffc][0xfffffffd][[0x9][0xffffffb7]vy[0xffffff8c]gR[0xffffff94][0xffffffc0][0xffffffd7].g[0xffffffc0][0xffffffda][0xffffffe5]4[0xffffff93]l[0xffffff85][0x1][0xffffffc7][0xffffffd6].[0xffffffa7][0xffffff8c][0xffffffae][0xffffff91][0xffffff94][0x8]Y[0xffffffbb][0xffffffb4][0xffffff81]d([0x11][0xffffffb0]v)[0xffffffe1][0xffffffac][0xffffffa6]D[0xfffffff0][0xffffffda][0xffffffa5]+O[0xffffff96][0x12]yk[0xffffff97][0xffffffae]Z9J[0xffffffa4][0xffffffac]]j[0xfffffff1]nP[0xffffffc2][0xffffffad]][0x1e][0xffffffcf]uQ[0xffffff94][0xffffffc0][0xffffffd7].g[0xffffffc0][0xffffffda][0xffffffe5]4[0xffffff93]l[0xffffff85][0x1][0xffffffc7][0xffffffd6].[0xffffffa7][0xffffff8c][0xffffffae][0xffffff91][0xffffff94][0x8]Y[0xffffffbb][0xffffffb4][0xffffff81]d([0x11][0xffffffb0]v)[0xffffffe1][0xffffffac][0xffffffa6]D[0xfffffff0][0xffffffda][0xffffffa5]+O[0xffffff96][0x12]yk[0xffffff97][0xffffffae]Z9J[0xffffffa4][0xffffffac]]j[0xfffffff1]nP[0xffffffc2][0xffffffad]][0xffffff9e][0xfffffffd][0xffffffa0][0xffffffd6].'[0xffffffbe]v9[0x3][0xffffffd6].[0xffffffa7][0xffffff99]d+[0xc]8[0xffffffb6]v9et[0xffffff8d][0xffffffa4]D[0xffffffc8][0xffffffda][0xffffffa5][\r]$C[0xffffff89][0xffffff80][0xffffffb5]K[0x9]g5%[0xffffff82][0xffffffd7].]y[0xffffffb2][0xffffff94][0xffffffc8][[0xffffffbb]t[0xffffffd5][0xffffffca]Q"e[0xffffffed]R[0xffffff8b][0xfffffff7][0xffffff8f])[0xfffffff1][0xffffffbc][0xffffffdc][0xffffffda][0xffffffe5][0xffffffd9][0xffffffa9][0xffffff89][0xffffffaa][0xffffffaf][0xffffffe7]A)[0xfffffff1][0xfffffffd][0x4],%~?[0x3]A[0xffffff89][0xffffffef]_'([0xfffffff1][0xffffffeb][0xffffff97][0x13]([0xffffffe1][0xffffffa2]HP[0xffffffc2][0x7][0xffffff92][0xffffffa0][0xffffff84][0xffffff8b]e5%4[0xffffff9c][0xffffffb5][0xffffff94][0xffffffd0][0xffffff88][0xffffffe6]P[0xffffffc2][0xffffff96]'I[0xffffff89]7]JR[0xffffffc2]V+E[0x9][0xffffffd3][0xffffffb4][0xc]%L[0xfffffff1]nP[0xffffffc2][0xffffffad]][0xffffff9e][0xffffffc7][0x9]}v[0xfffffff9][0xfffffff5]<0%[0xfffffff8][0xffffffb5][0xffffffcb][0xffffffdf][0xffffffcf][0xffffffc0]P[0xffffff82]Z[0xffffffbb][0xfffffffc][0xfffffff5][0xffffffcb][0x19][0xffffff94][0xffffffc8]X[0xffffffbb][0xfffffff4][0xffffff81]d([0xffffffc1][0xffffffaf]]j8[0xffffffab])[0xffffff91][0xffffffbb]vi[0xffffffcb][0xffffff93][0xffffffa5]D[0xffffffdc][0xffffffda][0xffffffa5][0xffffffad]V[0xffffff8e][0x12]!k[0xffffff97][0xffffffa6]x7([0xffffffd1]-%[0xffffffb8][0xffffffb7][0x12][0x1d][0xffffffa7]D[0xf][0xffffffa0]D[0xffffffd7][0xffffffbc][0x17][0x6][0xffffffbc]c[0xffffff94][0xffffffe8]I[0xffffff94][0xffffffd0](2[0xffffff94]p[0xffffff81]d([0xffffffa1][0xffffffb1][0xffffffac][0xffffffa7][0xffffffc4][0x1a][0xffffffce]jJ[0xffffffac][0x11]M[0xffffffa2][0xffffff84])O[0xffffff96][0x12][0xffffffb6]KYJ[0xffffff98]j[0xffffffe5](!MKQB[0xffffff8a]w[0xffffff83][0x12]n[0xffffffed][0xfffffff2]<[0xf][0xffffffe8][0x4][0xffffffc7][0xffffffd7][0xfffffff3][0xffffffc0][0xffffff94][0xffffffe0][0xffffffd7].[0x7f]?[0x3]C[0x9]j[0xffffffed][0xfffffff2][0xffffffd7]/gP"c[0xffffffed][0xffffffd2][0x7][0xffffff92][0xffffffa1][0x4][0xffffffbf]v[0xffffffa9][0xffffffe1][0xffffffac][0xffffffa6]D[0xffffffee][0xffffffda][0xffffffa5]-O[0xffffff96][0x12]qk[0xffffff97][0xffffffb6]Z9J[0xffffff84][0xffffffac]][0xffffff9a][0xffffffe2][0xffffffdd][0xffffffa2]D[0xb][0xffffffa3]D[0xffffffc3])[0xffffffd1][0x2]([0xffffffd1]PJ4[0xffffff8c][0x12]-[0xffffff89][0x12]k[0x14])Jh )J[0xffffffac][0xffffffb1]$([0xffffffd1]`J[0xffffffb4]`JHy[0xffffffd2][0xffffff94]0]JSB[0xffffffaa][0xffffff95][0xffffffa4]DK[0xffffffa1]D[0xfffffffb]kJ[0xffffffb8][0xffffffb5][0xffffffcb][0xfffffff3]z[0xe][0xffffff8a][0x12][0xfffffff4][0xffffffda][0xffffffe5][0xfffffff7][0x13][0xffffffd0][0xffffff94] [0xffffffd7].[0xffffffbf][0x7f][0xffffff9d][0xffffffa1]D[0xffffffd0][0xffffffda][0xffffffa5][0xffffff8b]"C[0xffffff89][0xffffff94][0xffffffb5]K[0x17][0xffffffcb]zJ[0xffffffb0]k[0xffffff97][0x1a][0xffffffd1]$J[0xffffff84][0xffffffad]][0xffffffbe][0xffffffe9]R[0xffffff96][0x12]Ak[0xffffff97][0xffffffa6]i)J[0xfffffffc][0xfffffffd][0xffffffda][0xffffffe5][0xfffffff3][0xffffffba][0xc]%[0xffffffae][0xffffffd7][0xffffffeb]EQ[0xffffffe2][0xffffffc2])q[0x5]P[0xffffffe2][0xffffffd2][0xffffffbc][0x17][0x6][0xfffffffc][0xffffffc2](q%QB[0xffffffa3][0xffffffc8]P[0xffffffc2][0x5][0xffffff92][0xffffffa1][0xffffff84][0xffffffc6][0xffffffb2][0xffffff9e][0x12]k8[0xffffffab])[0xffffffb1]F4[0xffffff89][0x12][0xffffffa6]<YJ[0xffffffd8].e)a[0xffffffaa][0xffffff95][0xffffffa3][0xffffff84]4-E[0x9])[0xffffffde][\r]J[0xc]G[0xffffff89]va[0xffffff9f]][0xe][0xffffff9c][0x12]#[0xffffff80][0x12]C[0xfffffff3]^[0x18][0xfffffff0][0xffffff81]Qb$QB[0xffffffa3][0xffffffc8]P[0xffffffc2][0x5][0xffffff92][0xffffffa1][0xffffff84][0xffffffc6][0xffffffb2][0xffffff9e][0x12]k8[0xffffffab])[0xffffffb1]F4[0xffffff89][0x12][0xffffffa6]<YJ[0xffffffd8].e)a[0xffffffaa][0xffffff95][0xffffffa3][0xffffff84]4-E[0x9])[0xffffffde][\r]J[0xffffffb8][0xffffffe1][0xffffffec]k[0x1c][0xffffffd8]aPz8[0xfffffffb][0xfffffffb][0x9]hJ[0xffffff90][0xffffffc3][0xffffffd9][0xffffffdf][0xffffffbf][0xffffffce]P"h8[0xffffffdb]E[0xffffff91][0xffffffa1]D[0xffffffca]p[0xffffffb6][0xffffff8b]e=%[0xffffffd8][0xffffffe1]l[0xffffff8d]h[0x12]%[0xffffffc2][0xffffff86][0xffffffb3][0xffffffdf]t)K[0xffffff89][0xffffffa0][0xffffffe1]l[0xffffffd3][0xffffffb4][0x14]%[0xfffffffe]~8[0xfffffffb]y[0xffffffb9][0xffffffe1][0xffffffec][0xffffffeb][0xffffffe3][0xffffff9f][0xffffffa6](A[0xf]g[0x7f]?[0x1]M[0x9]r8[0xfffffffb][0xfffffffb][0xffffffd7][0x19]J[0x4][\r]g[0xffffffbb](2[0xffffff94]H[0x19][0xffffffce]v[0xffffffb1][0xffffffac][0xffffffa7][0x4];[0xffffff9c][0xffffffad][0x11]M[0xffffffa2]D[0xffffffd8]p[0xfffffff6][0xffffff9b].e)[0x11]4[0xffffff9c]m[0xffffff9a][0xffffff96][0xffffffa2][0xffffffc4][0xffffffdf][0xf]g?/7[0xffffff9c]=^[0xfffffffd][0xffffffa1](A[0xf]g[0x7f]?[0x1]M[0x9]r8[0xfffffffb][0xfffffffb][0xffffffd7][0x19]J[0x4][\r]g[0xffffffbb](2[0xffffff94]H[0x19][0xffffffce]v[0xffffffb1][0xffffffac][0xffffffa7][0x4];[0xffffff9c][0xffffffad][0x11]M[0xffffffa2]D[0xffffffd8]p[0xfffffff6][0xffffff9b].e)[0x11]4[0xffffff9c]m[0xffffff9a][0xffffff96][0xffffffa2][0xffffffc4][0x7f]0[0xffffff9c][0xffffffdd][0xffffffdc]p[0xfffffff6][0xffffffe8][0xffffffa3]A[0xffffff94]h[0xfffffff8]pv[0xb][0x18][0xffffffce]nf[0xffffffdd][0xffffffb5].[0xffffffe0][\r][0x1b][0xffffffce]n[0xffffffb2][0xffffffdf][\n]"
[DEBUG] http-outgoing-1 << "R[0xffffffc2]D[0x11][0xffffffa1][0xffffff84][\r]$B[0x9][0x13][0xffffffcb]rJH8[0xffffff8b])![0x11][\r][0xffffffa2][0xffffff84]+O[0xffffff94][0x12][0xffffffbe]KQJ[0xffffffb8]j[0xffffffc5]([0xffffffa1]M[0xb]QB[0xffffff8b]w[0xffffff83][0x12]n8{[0xffffffdc][\r][0xffffffba][0xffffffce][0xffffffeb][0xffffffeb]y`J[0x4][0xc]g7[0xffffffb3][0xffffffee]Z[0x18]pl8[0xffffffbb][0xffffffc9]~+I[0xffffff89][0xffffff90][0xffffffe1]l[0x1b]H[0xffffff86][0x12][0x1][0xffffffc3][0xffffffd9][0x12][0xffffffce]jJ[0x4][0xf]g[0xffffffbb][0xfffffff2]d)[0xffffff91]7[0xffffff9c][0xffffffed][0xffffffaa][0xffffff95][0xffffffa3]D[0xffffffca]p[0xffffffb6][0x16][0xffffffef][0x16]%z[0x18]%:N[0xffffff89][0x1e]@[0xffffff89][0xffffff8e]R[0xffffffa2]c[0xffffff94][0xffffffe8]I[0xffffff94]X[0xffffffa3]HQB[0x3]IQb[0xffffff8d]%A[0xffffff89][0xe]S[0xffffffa2][0x7]SB[0xffffffca][0xffffff93][0xffffffa6][0xffffff84][0xffffffe9]R[0xffffff9a][0x12]R[0xffffffad]$%z[\n]"
[DEBUG] http-outgoing-1 << "%[0xfffffffa]_S[0xffffffa2][0xffffffbb][0xffffffb7][0x12][0xffffffcf][0xffffff89]Q[0xffffffa2][0xffffffe3]o%z[0xffffffc0][[0xffffff89][0xffffffae]t.[0xc]x[0xffffffc7][0xffffffde]J[0xfffffff4][0xffffffa4][0xffffffb7][0x12][0x1a]E[0xffffff86][0x12].[0xffffff90][0xc]%4[0xffffff96][0xfffffff5][0xffffff94]X[0xffffffc3]YM[0xffffff89]5[0xffffffa2]I[0xffffff94]0[0xffffffe5][0xffffffc9]R[0xffffffc2]v)K[0x9]S[0xffffffad][0x1c]%[0xffffffa4]i)JH[0xfffffff1]nP[0xffffffc2][0xffffffdd][0xffffffc1]q[0xfffffff7]F[0x1d][0x6]m[0xfffffff8][0x1d][0x1c]-[0xffffffe0][0xe][0xffffff8e]f[0xffffff86][0xffffffe2][0xb][0x3][0xffffff8e][0xffffffdd][0xffffffc1][0xffffffd1]d[\n]"
[DEBUG] http-outgoing-1 << "[0xffffff9e][0xffffffa4]D[0xffffffc8][0x1d][0x1c]6[0xffffff90][0xc]%[0x2][0xffffffee][0xffffffe0][0xffffff90]pVS"[0xfffffff8][0xe][0xe]W[0xffffff9e],%[0xfffffff2][0xffffffee][0xffffffe0]p[0xffffffd5][0xffffffca]Q"[0xffffffe5][0xe][0xe]-[0xffffffde][\r]J[0xffffffb8][0xffffffe1][0xffffffec][0xffffffbb]?"
[DEBUG] http-outgoing-1 << "[0xffffffd8][[0x9]|8[0xffffffbb][0x5][0xc]g7[0xffffffb3][0xffffffee]Z[0x18]pl8[0xffffffbb][0xffffffc9]~+I[0xffffff89][0xffffff90][0xffffffe1]l[0x1b]H[0xffffff86][0x12][0x1][0xffffffc3][0xffffffd9][0x12][0xffffffce]jJ[0x4][0xf]g[0xffffffbb][0xfffffff2]d)[0xffffff91]7[0xffffff9c][0xffffffed][0xffffffaa][0xffffff95][0xffffffa3]D[0xffffffca]p[0xffffffb6][0x16][0xffffffef][0x6]%[0xffffffdc]p[0xfffffff6]}p[0x7f][0xffffffe0][0xffffffc0][0xffffff87][0xffffffb3][[0xffffffc0]pv3[0xffffffeb][0xffffffae][0xffffff85][0x1][0xffffffc7][0xffffff86][0xffffffb3][0xffffff9b][0xffffffec][0xffffffb7][0xffffff92][0xffffff94][0x8][0x19][0xffffffce][0xffffffb6][0xffffff81]d([0x11]0[0xffffff9c]-[0xffffffe1][0xffffffac][0xffffffa6]D[0xfffffff0]p[0xffffffb6]+O[0xffffff96][0x12]y[0xffffffc3][0xffffffd9][0xffffffae]Z9J[0xffffffa4][0xc]gk[0xfffffff1]nP[0xffffffc2][\r]g[0xffffffdf][0xffffffc7][0xffffffa4][0xffffffae][0xfffffff3]j[0xfffffff8]pv[0xb][0x18][0xffffffce]nf[0xffffffdd][0xffffffb5]0[0xffffffe0][0xffffffd8]pv[0xffffff93][0xfffffffd]V[0xffffff92][0x12]![0xffffffc3][0xffffffd9]6[0xffffff90][0xc]%[0x2][0xffffff86][0xffffffb3]%[0xffffff9c][0xffffffd5][0xffffff94][0x8][0x1e][0xffffffce]v[0xffffffe5][0xffffffc9]R"o8[0xffffffdb]U+G[0xffffff89][0xffffff94][0xffffffe1]l-[0xffffffde][\r]J[0xffffffb8][0xffffffe1][0xffffffec][0xfffffffb]<[0xffffffa9][0xffffffeb][0xffffffbc][0x1a]>[0xffffff9c][0xffffffdd][0x2][0xffffff86][0xffffffb3][0xffffff9b]Yw-[0xc]86[0xffffff9c][0xffffffdd]d[0xffffffbf][0xffffff95][0xffffffa4]D[0xffffffc8]p[0xffffffb6][\r]$C[0xffffff89][0xffffff80][0xffffffe1]l[0x9]g5%[0xffffff82][0xffffff87][0xffffffb3]]y[0xffffffb2][0xffffff94][0xffffffc8][0x1b][0xffffffce]v[0xffffffd5][0xffffffca]Q"e8[[0xffffff8b][0xfffffff7][0xffffffcf])[0xffffffd1][0xffffffdd]D[0xffffffd5][0xfffffff3]z[0xffffffa8][0xffffff89][0xffffffaa][0xffffff8e]OT[0xfffffff5][0xffffff80][0xffffff89][0xffffffaa]nvT[0xffffffea][0x2][0xffffffde][0xffffffb1][0xffffff89][0xffffffaa].K) %L[0x14][0x11]J[0xffffffd8]@"[0xffffff94]0[0xffffffb1],[0xffffffa7][0xffffff84][0xffffff84][0xffffffb3][0xffffff98][0x12][0x12][0xffffffd1] J[0xffffffb8][0xfffffff2]D)[0xffffffe1][0xffffffbb][0x14][0xffffffa5][0xffffff84][0xffffffab]V[0xffffff8c][0x12][0xffffffda][0xffffffb4][0x10]%[0xffffffb4]x7([0xffffffe1]&[0xffffffaa][0xffffff9e]>'E[0x9]|[0xffffffa2][0xffffffaa][0x7]LTu[0xffffffb3][0xffffffa3]R[0x18]pl[0xffffffa2][0xffffffaa][0xffffffcb]R[\n]"
[DEBUG] http-outgoing-1 << "I[0xffffff89][0xffffff90][0xffffff89]*[0x1b]H[0xffffff86][0x12][0x1][0x13]U[0x12][0xffffffce]jJ[0x4]OT[0xffffffb9][0xfffffff2]d)[0xffffff91]7Q[0xffffffe5][0xffffffaa][0xffffff95][0xffffffa3]D[0xffffffca]D[0xffffff95][0x16][0xffffffef][0x16]%t[0xffffffa2][0xffffff8a][0xffffffa5][0x4]<Q[0xffffffd5][0x3]&[0xffffffaa][0xffffffba][0xffffffd9]Q)[\r]84Q[0xffffffd5]e)[0xffffff85][0xffffffa5]D[0xffffffc4]D[0xffffff95][\r]$E[0x9]|[0xffffffa2]J[0xffffffc2]YO[0xffffff89][0xffffffd8][0xffffff89]*W[0xffffff9e]4%[0xffffffd2]&[0xffffffaa]\[0xffffffb5][0xffffff92][0xffffff94][0xffffffc8][0xffffff98][0xffffffa8][0xffffffd2][0xffffffe2][0xffffffdd][0xffffffa0][0xffffff84][0xffffffdb][0xffffff95]x&v[0x18][0xffffffb4][0xffffffe3][0xffffffbb][0x12]=`W[0xffffffa2][0xffffff9b][0xffffffc3][0xffffffcf][0xffffff85][0x1][0xffffffc7]v%[0xffffffba][0x1c]o&)[0x11][0xffffffb2]+a[0x3][0xffffffc9]P"`WB[0xffffffc2]YM[0xffffff89][0xffffffe0]][0x9]W[0xffffff9e],%[0xfffffff2]v%\[0xffffffb5]r[0xffffff94]H[0xffffffd9][0xffffff95][0xffffffd0][0xffffffe2][0xffffffdd][0xffffffa0][0xffffff84][0xffffffdb][0xffffff95][0xffffff98]g[0xffffffc7][0xffffffde]J[0xffffffe0][0xffffffbb][0x12]=`W[0xffffffa2][0xffffff9b][0xffffffc3][0xffffffcf][0xffffff85][0x1][0xffffffc7]v%[0xffffffba][0x1c]o&)[0x11][0xffffffb2]+a[0x3][0xffffffc9]P"`WB[0xffffffc2]YM[0xffffff89][0xffffffe0]][0x9]W[0xffffff9e],%[0xfffffff2]v%\[0xffffffb5]r[0xffffff94]H[0xffffffd9][0xffffff95][0xffffffd0][0xffffffe2][0xffffffdd][0xffffffa0][0xffffff84]9[0xc][0xfffffffa][0xffffffbc]Z[0xffffffbb])J[0xffffffe0][0xffffff87]A{[0xffffffc0]a[0xffffffd0]nN,[0x15][0x6][0x1c];[0xc][0xffffffda][0xffffffe5]L[0x12]I[0xffffff89][0xffffff90][0xffffffc3][0xffffffa0]6[0xffffff90][0xc]%[0x2][0xe][0xffffff83]J8[0xffffffab])[0x11]|[0x18][0xffffffd4][0xffffff95]'K[0xffffff89][0xffffffbc][0xffffffc3][0xffffffa0][0xffffffae]Z9J[0xffffffa4][0x1c][0x6][0xffffffd5][0xffffffe2][0xffffffdd][0xffffffa0][0xffffff84]9[0xc][0xfffffffa][0xffffffbc][0xffffff8e][0xffffffab]S[0xffffff94][0xffffffc0][0xf][0xffffff83][0xfffffff6][0xffffff80][0xffffffc3][0xffffffa0][0xffffffdd][0xffffff9c]X*[0xc]8v[0x18][0xffffffb4][0xffffffcb][0xffffff99]$[0xffffff92][0x12]![0xffffff87]Am [0x19]J[0x4][0x1c][0x6][0xffffff95]pVS"[0xfffffff8]0[0xffffffa8]+O[0xffffff96][0x12]y[0xffffff87]A][0xffffffb5]r[0xffffff94]H9[0xc][0xffffffaa][0xffffffc5][0xffffffbb]A[0xffffff89][0xffffffc7]Q[0xffffffe2][0xffffffbe][0x1f][0xffffff8a][0x12][0xf]N[0xffffff89]'[0xffffff80][0x12][0xffffff8f][0xffffffe6][0xffffffbd]0[0xffffffe0][0xf]F[0xffffff89]'[0xffffff89][0x12][0x1a]E[0xffffff86][0x12].[0xffffff90][0xc]%4[0xffffff96][0xfffffff5][0xffffff94]X[0xffffffc3]YM[0xffffff89]5[0xffffffa2]I[0xffffff94]0[0xffffffe5][0xffffffc9]R[0xffffffc2]v)K[0x9]S[0xffffffad][0x1c]%[0xffffffa4]i)JH[0xfffffff1]nPb:J<'[0xffffffb6]+1qJ[0xffffffcc][0x0]JL[0xffffffcd]{a[0xffffffc0]'F[0xffffff89][0xffffff99]D[0x9][0xffffff8d]"C[0x9][0x17]H[0xffffff86][0x12][0x1a][0xffffffcb]zJ[0xffffffac][0xffffffe1][0xffffffac][0xffffffa6][0xffffffc4][0x1a][0xffffffd1]$J[0xffffff98][0xfffffff2]d)a[0xffffffbb][0xffffff94][0xffffffa5][0xffffff84][0xffffffa9]V[0xffffff8e][0x12][0xffffffd2][0xffffffb4][0x14]%[0xffffffa4]x[0xffffffff][0xffffff9c][0x12][0xffffff87][0xffffff99][0xffffffa8][0xfffffffa][0xffffffa0][0xffffffc4][0xffffffa4][0xffffffd6].[0xf]|[0xffffffa2][0xffffffea][0x8][0xffffff98][0xffffffa8]:[0xffffffcc][0xffffff8e]J][0xffffffc0][0xf]l[0xffffffa2][0xffffffea][0xffffff90][0xffffffa5][0x14][0xffffff90][0x12]&[0xffffff8a][0x8]%l [0x11]J[0xffffff98]X[0xffffff96]SB[0xffffffc2]YL[0x9][0xffffff89]h[0x10]%\y[0xffffffa2][0xffffff94][0xfffffff0]][0xffffff8a]R[0xffffffc2]U+F[0x9]mZ[0xffffff88][0x12]Z[0xffffffbc][0x1b][0xffffff94][0xffffffe8][0xffffff86][0x12][0xffffffed][0xffffffd5]0Jt[0xffffff9c][0x12]=[0xffffff80][0x12]][0xfffffff3]^[0x18][0xfffffff0][0xffffff8e]Q[0xffffffa2]'QB[0xffffffa3][0xffffffc8]P[0xffffffc2][0x5][0xffffff92][0xffffffa1][0xffffff84][0xffffffc6][0xffffffb2][0xffffff9e][0x12]k8[0xffffffab])[0xffffffb1]F4[0xffffff89][0x12][0xffffffa6]<YJ[0xffffffd8].e)a[0xffffffaa][0xffffff95][0xffffffa3][0xffffff84]4-E[0x9])[0xffffffde][\r]J[0xffffff98]][0xffffff89][0xffffffa7][0xfffffffd][0x7f]sw[0xffffff97]#9[0xffffff8e][0x6][0xffffffe9][0xfffffffa][0xfffffffe],f[0xffffffe0]$%JZ[0xffffffcc],e[0xfffffff6]~"#[0xffffffb2]*[0xffffffb3]i[0xffffffe6][0x9]$[0xffffffa3][0xfffffff0][0xffffffbd][0xffffffd6]?[0xffffffe8][0xffffff8b][0x6]BB[0xffffffc1]`x [0xffffff97][0xffffff8c][0xffffffed][0xfffffff3]6[0x11]J[0xffffffe0][0xffffffbb][0x12]#`Wb[0xffffff98][0xffffff8f][0xffffff9f][0xb][0x3][0xffffff8e][0xffffffed]J[0xc][0xfffffff9][0xffffffbc][0xffffff99][0xffffffa4]D[0xffffffc8][0xffffffae][0xffffff84][\r]$C[0xffffff89][0xffffff80]][0x9][0x9]g5%[0xffffff82]w%\y[0xffffffb2][0xffffff94][0xffffffc8][0xffffffdb][0xffffff95]p[0xffffffd5][0xffffffca]Q"eWB[0xffffff8b]w[0xffffff83][0x12]fW[0xffffffe2]n[0xffffffe7][0xffffffa4][0xffffffde][0xffffff95][0x18][0xfffffff8][0xffffffae][0xffffffc4][0x8][0xffffffd8][0xffffff95][0x18][0xffffffe6][0xffffffe3][0xffffffe7][0xffffffc2][0xffffff80]c[0xffffffbb][0x12]C>o&)[0x11][0xffffffb2]+a[0x3][0xffffffc9]P"`WB[0xffffffc2]YM[0xffffff89][0xffffffe0]][0x9]W[0xffffff9e],%[0xfffffff2]v%\[0xffffffb5]r[0xffffff94]H[0xffffffd9][0xffffff95][0xffffffd0][0xffffffe2][0xffffffdd][0xffffffa2][0xffffffc4][0x8][0xffffffa3][0xffffffc4][0xffffffc0])1[0x2](1PJ[0xc][0xffffff8c][0x12]#[0xffffff89][0x12]k[0x14])Jh )J[0xffffffac][0xffffffb1]$(1`J[0xffffff8c]`JHy[0xffffffd2][0xffffff94]0]JSB[0xffffffaa][0xffffff95][0xffffffa4][0xffffffc4]H[0xffffffa1][0xffffffc4][0xfffffff8][0xf](1[0xffffffc3](1qJ[0xffffffcc][0x0]JL[0xffffff94][0x12][0x13][0xffffffa3][0xffffffc4]L[0xffffffa2][0xffffffc4][0x1a]E[0xffffff8a][0x12][0x1a]H[0xffffff8a][0x12]k,[0x9]JL[0xffffff98][0x12]3[0xffffff98][0x12]R[0xffffff9e]4%L[0xffffff97][0xffffffd2][0xffffff94][0xffffff90]j%)1S(1[0xffffffff][0x3]J[0xffffffb4]3[0xffffffcc][0x12][0xffffffed][0xffffffc4]1[0xfffffff1]q[0xb][0xffffffbc]&~[0xffffffde][0x4][0xffffffc5][0xffffff89][0xffffff8f][0xffffffcb]S[0xffffff9e][0xfffffff8][0xffffffba]t[\n]"
[DEBUG] http-outgoing-1 << "($[0xffffff8f][0xffffff94](L*)RH6[0x9]S,[0x9][0xffffffad]G[0xffffffc5][0xffffff92][0xffffffd3],Uh[0xffffff8d][0xffffffd2][0xffffffac]p[0xffffffad]J[0xffffffbb]BK[0xffffff96][0xffffff84][0xffffffc5][0xffffffda][0xffffffb9][0xffffff9c],[0xffffffd6][\n]"
[DEBUG] http-outgoing-1 << "[0xffffffde][0xffffffa2][0xffffffc5][0xffffffe7]?[0xffffff9d]$Z[0xc][0xfffffff8][0xffffffac][0xffffffd0][0xffffffaf][[0xffffffe0]i1[0xffffffc0][0xffffffd3]B[0xffffffbf].O[0xffffffd1]b[0xffffffe4][0xffffff9c][0x17][0xffffffea][0xfffffff2]H[0xffffffd1][0xffffffc2][0xffffffa4][0xffffff92][0xffffffa2][0xffffff85]d[0xffffff93][0xffffffa0][0xffffffc5]@[0xffffffcf][0xc][0xffffffd5][0xffffff9c]f[0xffffffd1]Bk[0xffffff94][0xffffffa6][0xffffff85]kU[0xffffff9a][0x16]Z[0xffffffb2]$-[0xffffffd6][0xffffffce][0xffffffe5]h[0xffffffb1]V[0xfffffff0][0x16]-[0xffffff8e][0xffffffb4]_@[0xe][0xfffffffe]'[0xffffff90]#[0xffffffe1]7[0xffffff90][0xffffff83][0xfffffffd][0x11][0xffffffe4][0xffffffe0]~[0x5]9[0xffffffa2]~[0x6][0xffffff91]<R[0xffffffb4]0[0xffffffa9][0xffffffa4]h![0xffffffd9]$hq[0xffffffd0]?[0xffffff85][0x1c][0xffffffc9][0xffffffbf][0xffffff85]h[0xffffff8d][0xffffffd2][0xffffffb4]p[0xffffffad]J[0xffffffd3]BK[0xffffff96][0xffffffa4][0xffffffc5][0xffffffda][0xffffffb9][0x1c]-[0xffffffd6][\n]"
[DEBUG] http-outgoing-1 << "[0xffffffde][0xffffffa2][0xffffffc5]y[0xffffff85][0xffffffd1][0xffffffe2][0xffffffbc]pZ|[0xffffffdc][0x2]O[0xffffff8b][0xffffff9f]7A[0xffffffd1][0xffffffe2][0xffffffe3][0xfffffff2][0x14]-[0xffffffbe].[0xffffff9d]B[0xb][0xffffffc9]#E[0xb][0xffffff93]J[0xffffff8a][0x16][0xffffff92]M[0xffffff82][0x16]KB[0xffffffeb]i[0xffffffb1][0xffffffe4]4[0xffffff8b][0x16]Z[0xffffffa3]4-\[0xffffffab][0xffffffd2][0xffffffb4][0xffffffd0][0xffffff92]%i[0xffffffb1]v.G[0xffffff8b][0xffffffb5][0xffffff82][0xffffffb7]hq[0xffffffa7]}[0x2]r[0xfffffff3][0xffffffdf][0xffffff80][0xffffffdc][0x9][0x1f][0xffffff81][0xffffffdc][0xffffffec]W 7[0xfffffff7][0x19][0xffffffc8][0x1d][0xfffffff5][0x1d][0xffffff88][0xffffffe4][0xffffff91][0xffffffa2][0xffffff85]I%E[0xb][0xffffffc9]&A[0xffffff8b][0xffffff9b][0xfffffffe][0x16][0xffffffe4]N[0xfffffffe][0x18]Dk[0xffffff94][0xffffffa6][0xffffff85]kU[0xffffff9a][0x16]Z[0xffffffb2]$-[0xffffffd6][0xffffffce][0xffffffe5]h[0xffffffb1]V[0xfffffff0][0x16]-ZK[[0xffffffaa][0xfffffff8][0xffffffb8]#[0x1c][0x17]?[0xffffffee][0xffffff81][0xffffffd7][0xffffffc5]?wA[0xfffffff1][0xffffffe2][0xffffffc7][0xfffffff5])_[0xfffffffc][0xffffffbc]v[\n]"
[DEBUG] http-outgoing-1 << "04[0xffffff94][0xffffff94]0\4)bh@[0x9]c[0xffffffac]1[0xffffffad]G[0xffffffc6][0x1a][0xffffffd6],e[0xffffff98]B[0xffffffa5][0xffffff99]a[0xfffffffb][0xffffff95]v[0xffffff86][0xffffffa9][[0x12][0x1a][0xffffffd2][0xffffffbe][0xffffff9c]4[0xffffffa4][0xffffff8c]7[0xffffffa9][0xffffffd1][0xffffffe2][0xffffffa8][0xffffffd1][0x2][0xffffffa8][0xffffffd1]"[0xffffffa8][0xffffffd1]`j4[0xffffff90][0x1a]-[0xffffff8b][0x1a]k(9jh49j[0xffffffac][0x1]e[0xffffffa8][0xffffffd1]pj[0xffffffb4]hjH[0xffffffa1][0xfffffff2][0xffffffd4]0[0xfffffffd][0xffffffca]SC[0xffffffea][0xffffff96][0xffffffa5]F[0xffffffcb][0xffffffa1]F[0xfffffffb]/[0xffffffa8]q>i[0xffffffd4]8[0x1f][0xffffff9e][0x1a][0x1f][0xfffffff7][0x10]@[0xffffff8d][0xffffff9f]w[0xffffff81]Q[0xffffffe3][0xffffffe3][0xfffffffa][0x18]5[0xffffffbe][0xffffffae][0x1d]C[\r][0x9]%F[\r][0x13]M[0xffffff8c][0x1a][0x12]P[0xffffff84][0x1a]KL[0x1]j,a[\r][0xffffffa3][0xffffff86][0x16]*N[\r][0xffffffd7][0xffffffaf]85[0xffffffb4]nQj[0xffffffac][0xffffffed][0xb]Rc-[0xffffffe3][0xffffffbf][0xffffffa1][0xffffffc6][0xfffffff8][0xfffffffa]+[0xffffffa7][0x19][0xfffffffa][0xffffffee][0xffffffed]u[0xffffff96]C[0xffffffe3][0xffffffd7][0xfffffffd]P[0xffffffcc][0xfffffff8][0xffffffed][0xe]0d,[0xfffffff7]PL[0xffffff8c][0xffffffdf][0xffffffae]^[0xc][0xffffff8c][0xffffffff][0xffffffbd]2[0xffffffcc][0xffffff8b][0xffffffb7]Q,[0xffffffc6][0xffffffc5][0x1f][0x2]YL[0xffffff8b][0xffffffb7][0xffffffb1],[0xffffff84][0xffffffc5][0xffffff9b]p[0xffffff96][0xffffffb1][0xffffffe2]MD#P[0xfffffff1][0xffffffbe]<!R[0xfffffffc][0xffffffa9]K!P[0xffffffbc][0xffffffaf]V[0xffffff80][0x13][0xffffffef][0xffffff9a][0xffffffb6][0x1c][0x13][0xffffffef][0xffffff8a]w[0xffffff8b][0x12][0xfffffffa][0xffffff96]'K[0x9][0xffffffec]%[0xffffffcf][0xffffffdf][0xffffffee][0xffffff80][0xffffffa7][0x4][0xfffffff2][0xffffff8a][0xffffffe7]oW[0xffffffa7]([0xffffff91][0xfffffff0][0xffffff82][0xffffffe7][0xffffffdb](R[0xffffff94][0xffffffc0]_[0xffffffef]|[0x1b]K[0xffffff82][0x12][0xffffffd0][0xffffffcb][0xffffff9d]o"[0xffffff9a]E[0xffffff89][0xffffff94]W;[0xffffffff][0xffffffd4][0xffffffa5]4%[0x12]^[0xffffffec]|[0xffffffd7][0xffffffb4][0x1c]%[0xffffffbe][0xfffffff1]Z[0xffffffe7][0xffffffcf][0xffffffbf]1[0xffffffdd]S[0xffffff89]k[0xffffffde][0x14]%&[0xfffffffe]Tb[0x6]<[0xffffff95][0xffffff98]J[0xffffffe7][0xffffffc2][0xffffff80]O[0xffffffec][0xffffffa9][0xffffffc4]Lz*[0xffffffa1]Qd([0xffffffe1][0x2][0xffffffc9]PBcYO[0xffffff89]5[0xffffff9c][0xffffffd5][0xffffff94]X#[0xffffff9a]D[0x9]S[0xffffff9e],%l[0xffffff97][0xffffffb2][0xffffff94]0[0xffffffd5][0xffffffca]QB[0xffffff9a][0xffffff96][0xffffffa2][0xffffff84][0x14][0xffffffef][0x6]%.G[0xffffff89][0x7]x[0xffffff93][0xffffffe2][0xffffffd7][0xfffffffd][0xffffffc0][0xffffff94][0xffffffb8][0x2](qi[0xffffffde][0xb][0x3]~a[0xffffff94][0xffffffb8][0xffffff92]([0xffffffa1]Qd([0xffffffe1][0x2][0xffffffc9]PBcYO[0xffffff89]5[0xffffff9c][0xffffffd5][0xffffff94]X#[0xffffff9a]D[0x9]S[0xffffff9e],%l[0xffffff97][0xffffffb2][0xffffff94]0[0xffffffd5][0xffffffca]QB[0xffffff9a][0xffffff96][0xffffffa2][0xffffff84][0x14][0xffffffef][0x6]%nC[0xffffff89]1[0xffffffee][0xffffff87][0xffffffa2][0xffffffc4][0xffffff8d]S[0xffffffe2][0xe][0xffffffa0][0xffffffc4][0xffffffad]y/[0xc][0xfffffff8][0xffffff8d]Q[0xffffffe2]N[0xffffffa2][0xffffff84]F[0xffffff91][0xffffffa1][0xffffff84][0xb]$C[0x9][0xffffff8d]e=%[0xffffffd6]pVSb[0xffffff8d]h[0x12]%Ly[0xffffffb2][0xffffff94][0xffffffb0]][0xffffffca]R[0xffffffc2]T+G[0x9]iZ[0xffffff8a][0x12]R[0xffffffbc][0x7f]O[0xffffff89][0xffffffe3][0xffffffe5]([0xfffffff1][0x1c]/[0xffffff88][0x12]?[0xffffffee][0xffffff87][0xffffffa5][0xffffffc4][0xffffffe7][0x1d][0xffffffc0][0xffffff94][0xfffffff8][0xfffffff7][0x1e][0x10]J|^[0x1d][0xffffffa1][0xffffffc4]?W[0xffffff8e][0xffffffa0][0xffffff84][0xffffff89]"B[0x9][0x1b]H[0xffffff84][0x12]&[0xffffff96][0xffffffe5][0xffffff94][0xffffff90]p[0x16]SB"[0x1a]D[0x9]W[0xffffff9e](%|[0xffffff97][0xffffffa2][0xffffff94]p[0xffffffd5][0xffffff8a]QB[0xffffff9b][0x16][0xffffffa2][0xffffff84][0x16][0xffffffef][0x6]%[0xffffff9a][0xffffffa1][0xffffffc4][0xfffffff1]z[\r][0xffffff8a][0x12][\r][0xffffffa7]D[0xb][0xffffffa0]D[0xffffffd3][0xffffffbc][0x17][0x6][0xffffffbc]a[0xffffff94]hI[0xffffff94][0xffffffd0](2[0xffffff94]p[0xffffff81]d([0xffffffa1][0xffffffb1][0xffffffac][0xffffffa7][0xffffffc4][0x1a][0xffffffce]jJ[0xffffffac][0x11]M[0xffffffa2][0xffffff84])O[0xffffff96][0x12][0xffffffb6]KYJ[0xffffff98]j[0xffffffe5](!MKQB[0xffffff8a]w[0xffffff83][0x12][0xffffffdd]R[0xffffffe2][0xffffffec][0x14]%:N[0xffffff89][0x1e]@[0xffffff89][0xffffffae]y/[0xc]x[0xffffffc7]([0xffffffd1][0xffffff93]([0xffffffa1]Qd([0xffffffe1][0x2][0xffffffc9]PBcYO[0xffffff89]5[0xffffff9c][0xffffffd5][0xffffff94]X#[0xffffff9a]D[0x9]S[0xffffff9e],%l[0xffffff97][0xffffffb2][0xffffff94]0[0xffffffd5][0xffffffca]QB[0xffffff9a][0xffffff96][0xffffffa2][0xffffff84][0x14][0xffffffef][0x6]%[0xffffff86][0xffffffa5][0xffffffc4]E[0xffffffbd]+[0xfffffff1][0xffffffe3]~`J[0xffffff8c][0x0]J[0xc][0xffffffcd]{a[0xffffffc0][0x7]F[0xffffff89][0xffffff91]D[0x9][0xffffff8d]"C[0x9][0x17]H[0xffffff86][0x12][0x1a][0xffffffcb]zJ[0xffffffac][0xffffffe1][0xffffffac][0xffffffa6][0xffffffc4][0x1a][0xffffffd1]$J[0xffffff98][0xfffffff2]d)a[0xffffffbb][0xffffff94][0xffffffa5][0xffffff84][0xffffffa9]V[0xffffff8e][0x12][0xffffffd2][0xffffffb4][0x14]%[0xffffffa4]x7(q8J[0xffffffb4][0xffffffe3][0xffffffa2](q[0xffffffe0][0xffffff94]8[0x2](qh[0xffffffde][0xb][0x3]~`[0xffffff94]8[0xffffff92]([0xffffffa1]Qd([0xffffffe1][0x2][0xffffffc9]PBcYO[0xffffff89]5[0xffffff9c][0xffffffd5][0xffffff94]X#[0xffffff9a]D[0x9]S[0xffffff9e],%l[0xffffff97][0xffffffb2][0xffffff94]0[0xffffffd5][0xffffffca]QB[0xffffff9a][0xffffff96][0xffffffa2][0xffffff84][0x14][0xffffffef][0x6]%[0xffffffdc][0xffffffc7][0xffffffa0][0xffffffc7]3[0xffffffb0][0xffffffd7].[0xfffffff1][0xffffff8f]A[0xffffff8f][0xffffff80][0xffffff8f]A[0xf][0xfffffff3][0xffffffc5]Ra[0xffffffc0][0xffffffb1][0xffffff8f]A[0xf][0xfffffff9]&[0xffffff89][0xffffffa4]D[0xffffffc8][0xffffffc7][0xffffffa0]6[0xffffff90][0xc]%[0x2]>[0x6][0xffffff95]pVS"[0xfffffff8]cPW[0xffffff9e],%[0xfffffff2]>[0x6]u[0xffffffd5][0xffffffca]Q"[0xffffffe5]cP-[0xffffffde]-J[0xfffffff4]0Jt[0xffffff9c][0x12]=[0xffffff80][0x12][0x1d][0xffffffa5]D[0xffffffc7]([0xffffffd1][0xffffff93]([0xffffffb1]F[0xffffff91][0xffffffa2][0xffffff84][0x6][0xffffff92][0xffffffa2][0xffffffc4][0x1a]K[0xffffff82][0x12][0x1d][0xffffffa6]D[0xf][0xffffffa6][0xffffff84][0xffffff94]'M[0x9][0xffffffd3][0xffffffa5]4%[0xffffffa4]ZIJ[0xfffffff4][0x14]J[0xfffffff4]oS[0xffffffc2][0xffffffed]J[0xffffff9c][0xffffffa3]Q[0xffffffc3][0xffffffd9][0x7][0xffffffbe]+q[0x4][0xffffffec]J[0x1c][0xffffffe6][0xffffffe3][0xffffffe7][0xffffffc2][0xffffff80]c[0xffffffbb][0x12][0xffffff87]|[0xffffffde]LR"dW[0xffffffc2][0x6][0xffffff92][0xffffffa1]D[0xffffffc0][0xffffffae][0xffffff84][0xffffff84][0xffffffb3][0xffffff9a][0x12][0xffffffc1][0xffffffbb][0x12][0xffffffae]<YJ[0xffffffe4][0xffffffed]J[0xffffffb8]j[0xffffffe5]([0xffffff91][0xffffffb2]+[0xffffffa1][0xffffffc5][0xfffffffb][0xfffffff7][0xffffff94]8[0xffffffdd][0xffffffae][0xffffffc4]|u[0xffffffea][0xb][0xffffff8e][0x13][0xffffffdf][0xffffff95]8[0x3]v%N[0xfffffff3][0xfffffff1]s][0xffffffc0]OlW[0xffffffe2][0xffffff94][0xffffffcf][0xffffff9b]AJ[0xffffff98]("[0xffffff94][0xffffffb0][0xffffff81]D(abYN[0x9][0x9]g1%$[0xffffffa2]A[0xffffff94]p[0xffffffe5][0xffffff89]R[0xffffffc2]w)J[0x9]W[0xffffffad][0x18]%[0xffffffb4]i!Jh[0xfffffff1]nP[0xffffffc2][0xffffffed]J[0xffffffcc][0xffffffde][0xffffffa8][0xffffffd7].O|W[0xffffffe2][0xc][0xffffffd8][0xffffff95]8[0xffffffcd][0xffffffc7][0xffffffcf][0xffffff85][0x1][0xffffffc7]v%N[0xfffffff9][0xffffffbc][0xffffff99][0xffffffa4]D[0xffffffc8][0xffffffae][0xffffff84][\r]$C[0xffffff89][0xffffff80]][0x9][0x9]g5%[0xffffff82]w%\y[0xffffffb2][0xffffff94][0xffffffc8][0xffffffdb][0xffffff95]p[0xffffffd5][0xffffffca]Q"eWB[0xffffff8b]w[0xffffff83][0x12]nWb[0xffffffce][0x17][0xfffffff6]T[0x2][0xffffffdf][0xffffff95]8[0x3]v%N[0xfffffff3][0xfffffff1]sa[0xffffffc0][0xffffffb1]][0xffffff89]S>o&)[0x11][0xffffffb2]+a[0x3][0xffffffc9]P"`WB[0xffffffc2]YM[0xffffff89][0xffffffe0]][0x9]W[0xffffff9e],%[0xfffffff2]v%\[0xffffffb5]r[0xffffff94]H[0xffffffd9][0xffffff95][0xffffffd0][0xffffffe2][0xffffffdd][0xffffffa0][0xffffffc4]p[0xffffff94][0xffffffb8][0xffffffee][0xffffff83][0xffffffa2][0xffffffc4][0xffffffc0])1[0x2](14[0xffffffef][0xffffff85][0x1][0x1f][0x18]%F[0x12]%4[0xffffff8a][0xc]%\ [0x19]Jh,[0xffffffeb])[0xffffffb1][0xffffff86][0xffffffb3][0xffffff9a][0x12]kD[0xffffff93](a[0xffffffca][0xffffff93][0xffffffa5][0xffffff84][0xffffffed]R[0xffffff96][0x12][0xffffffa6]Z9JH[0xffffffd3]R[0xffffff94][0xffffff90][0xffffffe2][0xffffffdd][0xffffffa0][0xffffff84][0xffffffdb][0xffffff95][0xffffffb8][0xfffffffa][0xffffff8b]z[0xffffffed][0xfffffff2][0xffffffc4]w%[0xffffffce][0xffffff80]][0xffffff89][0xffffffd3]|[0xfffffffc]\[0x18]plW[0xffffffe2][0xffffff94][0xffffffcf][0xffffff9b]IJ[0xffffff84][0xffffffec]J[0xffffffd8]@2[0xffffff94][0x8][0xffffffd8][0xffffff95][0xffffff90]pVS"xW[0xffffffc2][0xffffff95]'K[0xffffff89][0xffffffbc]][0x9]W[0xffffffad][0x1c]%Rv%[0xffffffb4]x7(qZJL[0xffffffec][0xffffffa9][0xffffffc4][0xffffff89]S[0xffffffe2][0xc][0xffffffa0][0xffffffc4][0xffffffa9]y/[0xc][0xfffffff8][0xffffff89]Q[0xffffffe2]L[0xffffffa2][0xffffff84]F[0xffffff91][0xffffffa1][0xffffff84][0xb]$C[0x9][0xffffff8d]e=%[0xffffffd6]pVSb[0xffffff8d]h[0x12]%Ly[0xffffffb2][0xffffff94][0xffffffb0]][0xffffffca]R[0xffffffc2]T+G[0x9]iZ[0xffffff8a][0x12]R[0xffffffbc][0x1b][0xffffff94][0xffffff98][0xffffff8e][0x12][0xffffffe3]E[\r]g[0xffffffff][0xffffffb8][0x1f][0xffffff98][0x12]3[0xffffff80][0x12]S[0xfffffff3]^[0x18][0xfffffff0][0xffffff89]Qb&QB[0xffffffa3][0xffffffc8]P[0xffffffc2][0x5][0xffffff92][0xffffffa1][0xffffff84][0xffffffc6][0xffffffb2][0xffffff9e][0x12]k8[0xffffffab])[0xffffffb1]F4[0xffffff89][0x12][0xffffffa6]<YJ[0xffffffd8].e)a[0xffffffaa][0xffffff95][0xffffffa3][0xffffff84]4-E[0x9])[0xffffffde][\r]J[0xffffffb8][0xffffffb5][0xffffffcb]k[0xffffff9c][0xffffffd8][0x17][0x1c][0xfffffff8][0xffffffda][0xffffffe5][0x19][0xffffffb0]vy[0xffffff9a]I[0xffffffb6][0xffffffc2][0xffffff80]ck[0xffffff97][0xffffffa7][0xffffff8c][0xffffffae][0xffffff91][0xffffff94][0x8]Y[0xffffffbb][0xffffffb4][0xffffff81]d([0x11][0xffffffb0]v)[0xffffffe1][0xffffffac][0xffffffa6]D[0xfffffff0][0xffffffda][0xffffffa5]+O[0xffffff96][0x12]yk[0xffffff97][0xffffffae]Z9J[0xffffffa4][0xffffffac]]j[0xfffffff1]nP[0xffffffc2]MT][0x7]6Qu[0xffffffe2][0x13]Ug[0xffffffc0]D[0xffffffd5]ivT[\n]"
[DEBUG] http-outgoing-1 << "[0x3][0xffffff8e]MT[0xffffff9d][0xffffffb2][0xffffff94]BR"d[0xffffffa2][0xffffffca][0x6][0xffffff92][0xffffffa1]D[0xffffffc0]D[0xffffff95][0xffffff84][0xffffffb3][0xffffff9a][0x12][0xffffffc1][0x13]U[0xffffffae]<YJ[0xffffffe4]MT[0xffffffb9]j[0xffffffe5]([0xffffff91]2Q[0xffffffa5][0xffffffc5][0xffffffbb]A[0xffffff89][0xffffffc7]Q[0xffffffe2][0xffffffe4][0xffffffbe][0xffffffe0]xpJ<[0x1][0xffffff94]x4[0xffffffef][0xffffff85][0x1][0x7f]0J<I[0xffffff94][0xffffffd0](2[0xffffff94]p[0xffffff81]d([0xffffffa1][0xffffffb1][0xffffffac][0xffffffa7][0xffffffc4][0x1a][0xffffffce]jJ[0xffffffac][0x11]M[0xffffffa2][0xffffff84])O[0xffffff96][0x12][0xffffffb6]KYJ[0xffffff98]j[0xffffffe5](!MKQB[0xffffff8a][0xfffffff7][0xffffffef])1[0xffffffdd][0xffffffda][0xffffffe5][0xfffffff5]<[\r][0xffffffa2][0xffffffc4][0xffffffc4][0xffffffd7].g[0xffffffc0][0xffffffda][0xffffffe5]4[0xffffff93]lu[0x1][0xffffff9f][0xffffffd8][0xffffffda][0xffffffe5][0xffffff94][0xffffffd1]5[0xffffff90][0x12]&[0xffffff8a][0x8]%l [0x11]J[0xffffff98]X[0xffffff96]SB[0xffffffc2]YL[0x9][0xffffff89]h[0x10]%\y[0xffffffa2][0xffffff94][0xfffffff0]][0xffffff8a]R[0xffffffc2]U+F[0x9]mZ[0xffffff88][0x12]Z[0xffffffbc][0x1b][0xffffff94]pk[0xffffff97]wo[0xffffffd4]D[0xffffffd5][0xffffffc4][0xffffffd7].g[0xffffffc0][0xffffffda][0xffffffe5]4[0xffffff93]l[0xffffff85][0x1][0xffffffc7][0xffffffd6].[0xffffffa7][0xffffff8c][0xffffffae][0xffffff91][0xffffff94][0x8]Y[0xffffffbb][0xffffffb4][0xffffff81]d([0x11][0xffffffb0]v)[0xffffffe1][0xffffffac][0xffffffa6]D[0xfffffff0][0xffffffda][0xffffffa5]+O[0xffffff96][0x12]yk[0xffffff97][0xffffffae]Z9J[0xffffffa4][0xffffffac]]j[0xfffffff1]nP[0xffffffc2][0xffffffad]][0xffffffde]'[0xfffffff7]T[0x2]_[0xffffffbb][0xffffff9c][0x1]k[0xffffff97][0xffffffd3]L[0xffffffb2][0x15][0x6][0x1c][[0xffffffbb][0xffffff9c]2[0xffffffba]FR"d[0xffffffed][0xffffffd2][0x6][0xffffff92][0xffffffa1]D[0xffffffc0][0xffffffda][0xffffffa5][0xffffff84][0xffffffb3][0xffffff9a][0x12][0xffffffc1]k[0xffffff97][0xffffffae]<YJ[0xffffffe4][0xffffffad]][0xffffffba]j[0xffffffe5]([0xffffff91][0xffffffb2]v[0xffffffa9][0xffffffc5][0xffffffbb]A[0xffffff89][0xffffffe1](q[0xffffffbf]n[0xffffff8a][0x12][0x3][0xffffffa7][0xffffffc4][0x8][0xffffffa0][0xffffffc4][0xffffffd0][0xffffffbc][0x17][0x6]|`[0xffffff94][0x18]I[0xffffff94][0xffffffd0](2[0xffffff94]p[0xffffff81]d([0xffffffa1][0xffffffb1][0xffffffac][0xffffffa7][0xffffffc4][0x1a][0xffffffce]jJ[0xffffffac][0x11]M[0xffffffa2][0xffffff84])O[0xffffff96][0x12][0xffffffb6]KYJ[0xffffff98]j[0xffffffe5](!MKQB[0xffffff8a]w[0xffffff83][0x12]n[0xffffffed][0xfffffff2]i[0x17][0xfffffff5][0x5][0xffffffc7][0xffffffc4][0xffffffd7].g[0xffffffc0][0xffffffda][0xffffffe5]4[0xffffff93]l[0xffffff85][0x1][0xffffffc7][0xffffffd6].[0xffffffa7][0xffffff8c][0xffffffae][0xffffff91][0xffffff94][0x8]Y[0xffffffbb][0xffffffb4][0xffffff81]d([0x11][0xffffffb0]v)[0xffffffe1][0xffffffac][0xffffffa6]D[0xfffffff0][0xffffffda][0xffffffa5]+O[0xffffff96][0x12]yk[0xffffff97][0xffffffae]Z9J[0xffffffa4][0xffffffac]]j[0xfffffff1]nP[0xffffffc2][0xffffffad]]]]><![CDATA[>[0xffffffe3][0xffffffc6][0xffffff9e]J[0xffffffe0]k[0xffffff97]3`[0xffffffed]r[0xffffff9a]I[0xffffffb6][0xffffffc2][0xffffff80]ck[0xffffff97]SF[0xffffffd7]HJ[0xffffff84][0xffffffac]][0xffffffda]@2[0xffffff94][0x8]X[0xffffffbb][0xffffff94]pVS"x[0xffffffed][0xffffffd2][0xffffff95]'K[0xffffff89][0xffffffbc][0xffffffb5]KW[0xffffffad][0x1c]%R[0xffffffd6].[0xffffffb5]x7([0xffffffe1][0xffffffd6].[0xffffff9f][0xfffffff9]:(J[0xffffffe0]k[0xffffff97]3`[0xffffffed]r[0xffffff9a]I[0xffffffb6][0xffffffc2][0xffffff80]ck[0xffffff97]SF[0xffffffd7]HJ[0xffffff84][0xffffffac]][0xffffffda]@2[0xffffff94][0x8]X[0xffffffbb][0xffffff94]pVS"x[0xffffffed][0xffffffd2][0xffffff95]'K[0xffffff89][0xffffffbc][0xffffffb5]KW[0xffffffad][0x1c]%R[0xffffffd6].[0xffffffb5]x7([0xffffffe1]&[0xffffffaa][0xffffff9e][0xfffffffb][0xffffffa6][0xffffffd6].'>Q5[0x3]&[0xffffffaa][0xffffffa6][0xffffffd9]Q)[0xc]86Q5e)[0xffffff85][0xffffffa4]D[0xffffffc8]D[0xffffff95][\r]$C[0xffffff89][0xffffff80][0xffffff89]*[0x9]g5%[0xffffff82]'[0xffffffaa]\y[0xffffffb2][0xffffff94][0xffffffc8][0xffffff9b][0xffffffa8]r[0xffffffd5][0xffffffca]Q"e[0xffffffa2]J[0xffffff8b]w[0xffffff83][0x12]n[0xffffffa2][0xffffffea]y.[0xffffffec]cP|[0xffffffa2]j[0x6]LTM[0xffffffb3][0xffffffa3]R[0x18]pl[0xffffffa2]j[0xffffffca]R[\n]"
[DEBUG] http-outgoing-1 << "I[0xffffff89][0xffffff90][0xffffff89]*[0x1b]H[0xffffff86][0x12][0x1][0x13]U[0x12][0xffffffce]jJ[0x4]OT[0xffffffb9][0xfffffff2]d)[0xffffff91]7Q[0xffffffe5][0xffffffaa][0xffffff95][0xffffffa3]D[0xffffffca]D[0xffffff95][0x16][0xffffffef][0xffffffdf]S[0xffffffe2]2[0x13]U[0xffffffcf][0xffffffeb]5(J\[0xfffffff8]D[0xffffffd5][0x15]0Qu[0xffffff99][0x1d][0xffffff95][0xffffffba][0xffffff80]_[0xffffffd8]D[0xffffffd5]%K) %L[0x14][0x11]J[0xffffffd8]@"[0xffffff94]0[0xffffffb1],[0xffffffa7][0xffffff84][0xffffff84][0xffffffb3][0xffffff98][0x12][0x12][0xffffffd1] J[0xffffffb8][0xfffffff2]D)[0xffffffe1][0xffffffbb][0x14][0xffffffa5][0xffffff84][0xffffffab]V[0xffffff8c][0x12][0xffffffda][0xffffffb4][0x10]%[0xffffffb4]x7(a&[0xffffffaa]>(qQ'[0xffffff83]^[0xfffffff8]D[0xffffffd5][0x15]0Qu[0xffffff99][0x1d][0xffffff95][0xffffffc2][0xffffff80]c[0x13]U[0xffffff97],[0xffffffa5][0xffffff90][0xffffff94][0x8][0xffffff99][0xffffffa8][0xffffffb2][0xffffff81]d([0x11]0Q%[0xffffffe1][0xffffffac][0xffffffa6]D[0xfffffff0]D[0xffffff95]+O[0xffffff96][0x12]y[0x13]U[0xffffffae]Z9J[0xffffffa4]LTi[0xfffffff1]nP[0xffffffc2]LT=[0xffffffaf]6[0xffffffa8][0xffffff89][0xffffffaa][0xb][0xffffff9f][0xffffffa8][0xffffffba][0x2]&[0xffffffaa].[0xffffffb3][0xffffffa3]R[0x18]pl[0xffffffa2][0xffffffea][0xffffff92][0xffffffa5][0x14][0xffffff92][0x12]![0x13]U6[0xffffff90][0xc]%[0x2]&[0xffffffaa]$[0xffffff9c][0xffffffd5][0xffffff94][0x8][0xffffff9e][0xffffffa8]r[0xffffffe5][0xffffffc9]R"o[0xffffffa2][0xffffffca]U+G[0xffffff89][0xffffff94][0xffffff89]*-[0xffffffde][\r]J[0xc]G[0xffffff89][0xfffffffe]`O%[0x6]N[0xffffff89][0x11]@[0xffffff89][0xffffffa1]y/[0xc][0xfffffff8][0xffffffc0](1[0xffffff92]([0xffffffa1]Qd([0xffffffe1][0x2][0xffffffc9]PBcYO[0xffffff89]5[0xffffff9c][0xffffffd5][0xffffff94]X#[0xffffff9a]D[0x9]S[0xffffff9e],%l[0xffffff97][0xffffffb2][0xffffff94]0[0xffffffd5][0xffffffca]QB[0xffffff9a][0xffffff96][0xffffffa2][0xffffff84][0x14][0xffffffef][0x6]%[0xffffffcc]D[0xffffffd5][0xfffffff3][0xffffffba]&[0xfffffff6]T[0x2][0xffffff9f][0xffffffa8][0xffffffba][0x2]&[0xffffffaa].[0xffffffb3][0xffffffa3]R[0x18]pl[0xffffffa2][0xffffffea][0xffffff92][0xffffffa5][0x14][0xffffff92][0x12]![0x13]U6[0xffffff90][0xc]%[0x2]&[0xffffffaa]$[0xffffff9c][0xffffffd5][0xffffff94][0x8][0xffffff9e][0xffffffa8]r[0xffffffe5][0xffffffc9]R"o[0xffffffa2][0xffffffca]U+G[0xffffff89][0xffffff94][0xffffff89]*-[0xffffffde]-J[0xfffffff4]0Jt[0xffffff9c][0x12]=[0xffffff80][0x12][0x1d][0xffffffa5]D[0xffffffc7]([0xffffffd1][0xffffff93]([0xffffffb1]F[0xffffff91][0xffffffa2][0xffffff84][0x6][0xffffff92][0xffffffa2][0xffffffc4][0x1a]K[0xffffff82][0x12][0x1d][0xffffffa6]D[0xf][0xffffffa6][0xffffff84][0xffffff94]'M[0x9][0xffffffd3][0xffffffa5]4%[0xffffffa4]ZIJ[0xfffffff4][0x14]J[0xfffffff4]oS[0xffffffc2][0xffffffac]]]]><![CDATA[>/[0xffffffee]c[0xffffffd0][0xb]_[0xffffffbb][0xffffffbc][0x2][0xffffffd6]./3[0xffffffc9]V[0x18]pl[0xffffffed][0xfffffff2][0xffffff92][0xffffffd1]5[0xffffff92][0x12]!k[0xffffff97]6[0xffffff90][0xc]%[0x2][0xffffffd6].%[0xffffff9c][0xffffffd5][0xffffff94][0x8]^[0xffffffbb]t[0xffffffe5][0xffffffc9]R"o[0xffffffed][0xffffffd2]U+G[0xffffff89][0xffffff94][0xffffffb5]K-[0xffffffde][\r]J[0xffffff98][0xffffffb5][0xffffffcb][0xffffffa7][0x1d][0x1d]{*[0xffffff81][0xffffffaf]]^[0x1]k[0xffffff97][0xffffff97][0xffffff99]d+[0xc]8[0xffffffb6]vy[0xffffffc9][0xffffffe8][0x1a]I[0xffffff89][0xffffff90][0xffffffb5]K[0x1b]H[0xffffff86][0x12][0x1]k[0xffffff97][0x12][0xffffffce]jJ[0x4][0xffffffaf]][0xffffffba][0xfffffff2]d)[0xffffff91][0xffffffb7]v[0xffffffe9][0xffffffaa][0xffffff95][0xffffffa3]D[0xffffffca][0xffffffda][0xffffffa5][0x16][0xffffffef][0x16]%[0xffffff8e]0J[0x1c]8%[0xffffff8e][0x0]J[0x1c](%[0xe][0xffffff8c][0x12]G[0x12]%[0xffffffd6](R[0xffffff94][0xffffffd0]@R[0xffffff94]XcIP[0xffffffe2][0xffffff80])q[0x4]SB[0xffffffca][0xffffff93][0xffffffa6][0xffffff84][0xffffffe9]R[0xffffff9a][0x12]R[0xffffffad]$%[0xffffff8e][0x14]J[0x1c][0xffffffdf][0xffffffa6][0xffffffc4][0xffffffe5][0xffffff9e]J[0xffffffcc]qP[0xffffff94][0xffffffb8][0xfffffff0][0xffffffa7][0x12]W[0xffffffc0]S[0xffffff89]K[0xffffffe9]\[0x18][0xfffffff0][0xb]{*q%=[0xffffff95][0xffffffd0](2[0xffffff94]p[0xffffff81]d([0xffffffa1][0xffffffb1][0xffffffac][0xffffffa7][0xffffffc4][0x1a][0xffffffce]jJ[0xffffffac][0x11]M[0xffffffa2][0xffffff84])O[0xffffff96][0x12][0xffffffb6]KYJ[0xffffff98]j[0xffffffe5](!MKQB[0xffffff8a]w[0xffffff83][0x12][0xffffffe6][0xc][0xffffff8e][0xffffffa7][0xffffffbf][0x6]u[0xffffffc8][0xfffffff8][0xffffff85][0xffffff9f][0xffffffc1]q[0x5][0xffffff9c][0xffffffc1]q[0xffffff99][0xffffffa1][0xfffffff8][0xffffffc2][0xffffff80]cgp\2[0x5]OR"[0xffffffe4][0xc][0xe][0x1b]H[0xffffff86][0x12][0x1]gpH8[0xffffffab])[0x11]|[0x6][0xffffff87]+O[0xffffff96][0x12]ygp[0xffffffb8]j[0xffffffe5]([0xffffff91]r[0x6][0xffffff87][0x16][0xffffffef][0x6]%[0xffffffcc][0x19][0x1c]O[0xffffffff][0xfffffff8]/E[0x9][0xfffffffc][0xc][0xffffff8e]+[0xffffffe0][0xc][0xffffff8e][0xffffffcb][0xc][0xffffffc5][0x17][0x6][0x1c];[0xffffff83][0xffffffe3][0xffffff92])x[0xffffff92][0x12]!gp[0xffffffd8]@2[0xffffff94][0x8]8[0xffffff83]C[0xffffffc2]YM[0xffffff89][0xffffffe0]38\y[0xffffffb2][0xffffff94][0xffffffc8];[0xffffff83][0xffffffc3]U+G[0xffffff89][0xffffff94]38[0xffffffb4]x[0xffffffff][0xffffff9e][0x12][0xffffffb7];[0xffffff83][0xffffffa3][0xffffffcf][0xffffff87]zW[0xffffffe2][0xffffffc6][0xffffffcf][0xffffffe0][0xffffffb8][0x3][0xffffffce][0xffffffe0][0xffffffb8][0xffffffcd]P|][0xffffffc0]o[0xffffffec][0xc][0xffffff8e][[0xffffffa6][0xffffffe0]AJ[0xffffff98]("[0xffffff94][0xffffffb0][0xffffff81]D(abYN[0x9][0x9]g1%$[0xffffffa2]A[0xffffff94]p[0xffffffe5][0xffffff89]R[0xffffffc2]w)J[0x9]W[0xffffffad][0x18]%[0xffffffb4]i!Jh[0xfffffff1]nP[0xffffffc2][0xffffff9d][0xffffffc1][0xffffffd1][0xffffffef][0xffffff9b][0xfffffffa][0x18][0xfffffff4][0xffffffc6][0xffffffcf][0xffffffe0][0xffffffb8][0x3][0xffffffce][0xffffffe0][0xffffffb8][0xffffffcd]P|a[0xffffffc0][0xffffffb1]38n[0xffffff99][0xffffff82]')[0x11]r[0x6][0xffffff87][\r]$C[0xffffff89][0xffffff80]38$[0xffffff9c][0xffffffd5][0xffffff94][0x8]>[0xffffff83][0xffffffc3][0xffffff95]'K[0xffffff89][0xffffffbc]38\[0xffffffb5]r[0xffffff94]H9[0xffffff83]C[0xffffff8b]w[0xffffff83][0x12][0xffffffee][0xc][0xffffff8e][0xffffffd1][0xffffffaf][0xffffff83][0xffffffa2][0x4]~[0x6][0xffffffc7][0x1d]p[0x6][0xffffffc7]m[0xffffff86][0xffffffe2][0xb][0x3][0xffffff8e][0xffffff9d][0xffffffc1]q[0xffffffcb][0x14]<I[0xffffff89][0xffffff90]38l [0x19]J[0x4][0xffffff9c][0xffffffc1]![0xffffffe1][0xffffffac][0xffffffa6]D[0xfffffff0][0x19][0x1c][0xffffffae]<YJ[0xffffffe4][0xffffff9d][0xffffffc1][0xffffffe1][0xffffffaa][0xffffff95][0xffffffa3]D[0xffffffca][0x19][0x1c]Z[0xffffffbc][0x1b][0xffffff94]p[0xffffffc3][0xffffffd9]c[0xffffffdc][0xffffffd8][0xf][0x1c][0xfffffff8]p[0xfffffff6][0x1d]0[0xffffff9c]}[0xffffff9b]u[0xffffffd7][0xffffffc2][0xffffff80]c[0xffffffc3][0xffffffd9][0xffffffb7][0xffffffec][0xffffffb7][0xffffff92][0xffffff94][0x8][0x19][0xffffffce][0xffffffb6][0xffffff81]d([0x11]0[0xffffff9c]-[0xffffffe1][0xffffffac][0xffffffa6]D[0xfffffff0]p[0xffffffb6]+O[0xffffff96][0x12]y[0xffffffc3][0xffffffd9][0xffffffae]Z9J[0xffffffa4][0xc]gk[0xfffffff1]nP[0xffffffc2][0xffffffad]][0xffffff8e][0xffffffa3][0xffffffdd][0x14]%[0xfffffff0][0xffffffb5][0xffffffcb];`[0xffffffed][0xfffffff2]6[0xffffff93]l[0xffffff85][0x1][0xffffffc7][0xffffffd6].o[0x19]]#)[0x11][0xffffffb2]vi[0x3][0xffffffc9]P"`[0xffffffed]R[0xffffffc2]YM[0xffffff89][0xffffffe0][0xffffffb5]KW[0xffffff9e],%[0xfffffff2][0xffffffd6].][0xffffffb5]r[0xffffff94]HY[0xffffffbb][0xffffffd4][0xffffffe2][0xffffffdd][0xffffffa0][0xffffff84][[0xffffffbb][0x1c][0xffffffc7][0xffffff89][0xffffffbd]+[0xffffff81][0xffffffaf]][0xffffffde][0x1]k[0xffffff97][0xffffffb7][0xffffff99]d+[0xc]8[0xffffffb6]vy[0xffffffcb][0xffffffe8][0x1a]I[0xffffff89][0xffffff90][0xffffffb5]K[0x1b]H[0xffffff86][0x12][0x1]k[0xffffff97][0x12][0xffffffce]jJ[0x4][0xffffffaf]][0xffffffba][0xfffffff2]d)[0xffffff91][0xffffffb7]v[0xffffffe9][0xffffffaa][0xffffff95][0xffffffa3]D[0xffffffca][0xffffffda][0xffffffa5][0x16][0xffffffef][0x6]%[0xffffffdc]D[0xffffffd5][0xffffff98]/[0xffffffec][0x7][0xe]|[0xffffffa2][0xffffffea][0xe][0xffffff98][0xffffffa8][0xffffffba][0xffffffcd][0xffffff8e]Ja[0xffffffc0][0xffffffb1][0xffffff89][0xffffffaa][[0xffffff96]RHJ[0xffffff84]LT[0xffffffd9]@2[0xffffff94][0x8][0xffffff98][0xffffffa8][0xffffff92]pVS"x[0xffffffa2][0xffffffca][0xffffff95]'K[0xffffff89][0xffffffbc][0xffffff89]*W[0xffffffad][0x1c]%R&[0xffffffaa][0xffffffb4]x[0xffffffb7](q[0xffffff84]Q[0x2][0x1e][0xffffffce][0xfffffffe][0xffffffbc][0x3][0xffffff9e][0x12][0xffffffe0]p[0xfffffff6][0xffffffe7][0xffffffd5])J[0xffffffe4][0xc]g[0xffffff9b](R[0xffffff94][0x8][0x19][0xffffffce]6[0xffffffb1]$([0xffffff81][0xe]gKD[0xffffffb3]([0xffffff91]5[0xffffff9c][0xffffffed][0xffffffbb][0xffffff94][0xffffffa6]D[0xffffffce]p[0xffffffb6]6-G[0xffffff89]o[0xf]g[0xffffffdf]n[0xffffffed][0xfffffff2]8[0xffffffc7]EQ[0x2]_[0xffffffbb][0xffffffbc][0x3][0xffffffd6].o3[0xffffffc9]V[0x18]pl[0xffffffed][0xfffffff2][0xffffff96][0xffffffd1]5[0xffffff92][0x12]!k[0xffffff97]6[0xffffff90][0xc]%[0x2][0xffffffd6].%[0xffffff9c][0xffffffd5][0xffffff94][0x8]^[0xffffffbb]t[0xffffffe5][0xffffffc9]R"o[0xffffffed][0xffffffd2]U+G[0xffffff89][0xffffff94][0xffffffb5]K-[0xffffffde]-J[0xfffffff4]0Jt[0xffffff9c][0x12]=[0xffffff80][0x12][0x1d][0xffffffa5]D[0xffffffc7]([0xffffffd1][0xffffff93]([0xffffffb1]F[0xffffff91][0xffffffa2][0xffffff84][0x6][0xffffff92][0xffffffa2][0xffffffc4][0x1a]K[0xffffff82][0x12][0x1d][0xffffffa6]D[0xf][0xffffffa6][0xffffff84][0xffffff94]'M[0x9][0xffffffd3][0xffffffa5]4%[0xffffffa4]ZIJ[0xfffffff4][0x14]J[0xfffffff4][0xffffffef]R[0xffffffe2]q[0x13]Ug[0x7f][\r][0xffffff88][0x12][0xf]>Q[0xfffffff5][0x4]LT=fG[0xffffffa5].[0xffffffe0][0xf]6Q[0xfffffff5][0xffffffc8]R[\n]"
[DEBUG] http-outgoing-1 << "H[0x9][0x13]E[0xffffff84][0x12]6[0xffffff90][0x8]%L,[0xffffffcb])![0xffffffe1],[0xffffffa6][0xffffff84]D4[0xffffff88][0x12][0xffffffae]<QJ[0xfffffff8].E)[0xffffffe1][0xffffffaa][0x15][0xffffffa3][0xffffff84]6-D[0x9]-[0xffffffde][\r]J[0xc]G[0xffffff89][0xffffffab][0x1f][0x14]%[0x6]N[0xffffff89][0x11]@[0xffffff89][0xffffffa1]y/[0xc][0xfffffff8][0xffffffc0](1[0xffffff92]([0xffffffa1]Qd([0xffffffe1][0x2][0xffffffc9]PBcYO[0xffffff89]5[0xffffff9c][0xffffffd5][0xffffff94]X#[0xffffff9a]D[0x9]S[0xffffff9e],%l[0xffffff97][0xffffffb2][0xffffff94]0[0xffffffd5][0xffffffca]QB[0xffffff9a][0xffffff96][0xffffffa2][0xffffff84][0x14][0xffffffef][0x6]%[0xffffffdc][0xffffffae][0xffffffc4][0xffffffec][0xfffffff7][0xffffffa4]([0xffffff81][0xffffffef]J<[0x1][0xffffffbb][0x12][0xffffff8f][0xfffffff9][0xfffffff8][0xffffffb9]0[0xffffffe0][0xffffffd8][0xffffffae][0xffffffc4]#[0xffffff9f]7[0xffffff93][0xffffff94][0x8][0xffffffd9][0xffffff95][0xffffffb0][0xffffff81]d([0x11][0xffffffb0]+![0xffffffe1][0xffffffac][0xffffffa6]D[0xfffffff0][0xffffffae][0xffffff84]+O[0xffffff96][0x12]y[0xffffffbb][0x12][0xffffffae]Z9J[0xffffffa4][0xffffffec]Jh[0xfffffff1]nP[0xffffffc2][0xffffffed]J[0xffffffcc]qbO%[0xfffffff0]][0xffffff89]'`W[0xffffffe2]1[0x1f]?[0x17][0x6][0x1c][0xffffffdb][0xffffff95]x[0xffffffe4][0xfffffff3]f[0xffffff92][0x12]![0xffffffbb][0x12]6[0xffffff90][0xc]%[0x2]v%$[0xffffff9c][0xffffffd5][0xffffff94][0x8][0xffffffde][0xffffff95]p[0xffffffe5][0xffffffc9]R"oW[0xffffffc2]U+G[0xffffff89][0xffffff94]][0x9]-[0xffffffde][\r]J[0xffffffb8]][0xffffff89]y4[0xffffff8c][0x12][0xfffffff8][0xffffffae][0xffffffc4][0x13][0xffffffb0]+[0xfffffff1][0xffffff98][0xffffff8f][0xffffff9f][0xb][0x3][0xffffff8e][0xffffffed]J<[0xfffffff2]y3I[0xffffff89][0xffffff90]][0x9][0x1b]H[0xffffff86][0x12][0x1][0xffffffbb][0x12][0x12][0xffffffce]jJ[0x4][0xffffffef]J[0xffffffb8][0xfffffff2]d)[0xffffff91][0xffffffb7]+[0xffffffe1][0xffffffaa][0xffffff95][0xffffffa3]D[0xffffffca][0xffffffae][0xffffff84][0x16][0xffffffef][0x6]%[0xffffffdc][0xffffffc7][0xffffffa0][0xfffffff3]8[0x1f][0xffffff8a][0x12][0xfffffff8][0xffffffc7][0xffffffa0]O[0xffffffc0][0xffffffc7][0xffffffa0][0xffffff8f][0xfffffff9]b[0xffffffa9]0[0xffffffe0][0xffffffd8][0xffffffc7][0xffffffa0][0xffffff8f]|[0xffffff93]DR"[0xffffffe4]cP[0x1b]H[0xffffff86][0x12][0x1][0x1f][0xffffff83]J8[0xffffffab])[0x11][0xfffffffc]1[0xffffffa8]+O[0xffffff96][0x12]y[0x1f][0xffffff83][0xffffffba]j[0xffffffe5]([0xffffff91][0xfffffff2]1[0xffffffa8][0x16][0xffffffef][0x6]%[0x1e]G[0xffffff89][0xffffffb3][0xffffffbd](J<8%[0xffffff9e][0x0]J<[0xffffff9a][0xfffffff7][0xffffffc2][0xffffff80]?[0x18]%[0xffffff9e]$Jh[0x14][0x19]J[0xffffffb8]@2[0xffffff94][0xffffffd0]X[0xffffffd6]Sb[\r]g5%[0xffffffd6][0xffffff88]&Q[0xffffffc2][0xffffff94]'K[0x9][0xffffffdb][0xffffffa5],%L[0xffffffb5]r[0xffffff94][0xffffff90][0xffffffa6][0xffffffa5](![0xffffffc5][0xfffffffb][0xffffffd7][0xffffff94]x^/G[0xffffff89]I=[0xffffff95][0xfffffff8][0xffffffbc][0x1f][0xffffff94][0x12]_w[0xffffffc0]R[0xffffffe2][0xffffffd7]=[0x10][0xffffff94][0xfffffff8][0xffffffba]:A[0xffffff89][0x7f][0xffffffaf][0xffffff9c]@[0x9][0x17]E[0xffffff82][0x12]>[0xffffff90][0x4]%\,[0xffffffab])[0xffffffa1][0xffffffe1][0xffffffac][0xffffffa5][0xffffff84]F4[0xffffff87][0x12][0xffffffb6]<IJ[0xffffffbc][0xffffffe9]R[0xffffff92][0x12][0xffffffb6]Z)J[0xffffff98][0xffffffa6]e(a[0xffffff8a]w[0xffffff83][0x12]nWb>[0xffffffcf]IQ[0xffffff82][0xffffffde][0xffffff95][0xfffffff8][0xffffffba][0x3][0xffffff9a][0x12][0xffffffe4][0xffffffae][0xffffffc4][0xffffffd7][0xffffffd5][0x19]J[0x4][0xffffffed]J[0xffffffb8](2[0xffffff94]H[0xffffffd9][0xffffff95]p[0xffffffb1][0xffffffac][0xffffffa7][0x4][0xffffffbb]+[0xffffffa1][0x11]M[0xffffffa2]D[0xffffffd8][0xffffffae][0xffffffc4][0xffffff9b].e)[0x11][0xffffffb4]+a[0xffffff9a][0xffffff96][0xffffffa2][0xffffffc4][0xfffffff7]w%[0xffffff9e]W7[0xffffff94][0xffffffb8][0xfffffffa][0xffffff84][0xffffffce][0xffffffe0][0xfffffff8][0xffffffbc][0x1f][0xffffff98][0x12]=[0xffffff80][0x12]][0xfffffff3]^[0x18][0xfffffff0][0xffffff8e]Q[0xffffffa2]'QB[0xffffffa3][0xffffffc8]P[0xffffffc2][0x5][0xffffff92][0xffffffa1][0xffffff84][0xffffffc6][0xffffffb2][0xffffff9e][0x12]k8[0xffffffab])[0xffffffb1]F4[0xffffff89][0x12][0xffffffa6]<YJ[0xffffffd8].e)a[0xffffffaa][0xffffff95][0xffffffa3][0xffffff84]4-E[0x9])[0xffffffde][\r]J[0xc]G[0xffffff89]q[0xffffffde][0x14]%[0x6]N[0xffffff89][0x11]@[0xffffff89][0xffffffa1]y/[0xc][0xfffffff8][0xffffffc0](1[0xffffff92]([0xffffffa1]Qd([0xffffffe1][0x2][0xffffffc9]PBcYO[0xffffff89]5[0xffffff9c][0xffffffd5][0xffffff94]X#[0xffffff9a]D[0x9]S[0xffffff9e],%l[0xffffff97][0xffffffb2][0xffffff94]0[0xffffffd5][0xffffffca]QB[0xffffff9a][0xffffff96][0xffffffa2][0xffffff84][0x14][0xffffffef][0x6]%[0xe]G[0xffffff89][0xffffffa7]u[0xffffff8a][0x12][0x7]N[0xffffff89]#[0xffffff80][0x12][0xffffff87][0xffffffe6][0xffffffbd]0[0xffffffe0][0x7]F[0xffffff89]#[0xffffff89][0x12][0x1a]E[0xffffff86][0x12].[0xffffff90][0xc]%4[0xffffff96][0xfffffff5][0xffffff94]X[0xffffffc3]YM[0xffffff89]5[0xffffffa2]I[0xffffff94]0[0xffffffe5][0xffffffc9]R[0xffffffc2]v)K[0x9]S[0xffffffad][0x1c]%[0xffffffa4]i)JH[0xfffffff1]nP[0xffffffc2][0xffffffad]][0xffffffde][0xffffffed][0xffffffc1]~[0xffffffe0][0xffffffa0][0xffffffd7].[0xffffffbf][0xffffffee][0xffffff80][0xffffffa6][0x4][0xffffffb9]v[0xfffffff9]uu[0xffffff86][0x12]Ak[0xffffff97].[0xffffff8a][0xc]%R[0xffffffd6].],[0xffffffeb])[0xffffffc1][0xffffffae]]jD[0xffffff93]([0x11][0xffffffb6]v[0xfffffff9][0xffffffa6]KYJ[0x4][0xffffffad]][0xffffff9a][0xffffffa6][0xffffffa5]([0xfffffff1][0xfffffffd][0xffffffb5][0xffffffcb][0xffffffe7][0xffffffe5][0xffffffd6].[0xffffffef][0xfffffff3][0xffffff80]>[0x6][0xfffffffd][0xffffffbc][0x1f][0xffffff98][0x12][0xfffffffc][0xffffffda][0xffffffe5][0xffffffaf]{`(A[0xffffffad]][0xfffffffe]{[0xffffffe5][0xc]Jd[0xffffffac]][0xfffffffa]@2[0xffffff94][0xffffffe0][0xffffffd7].5[0xffffff9c][0xffffffd5][0xffffff94][0xffffffc8]][0xffffffbb][0xffffffb4][0xffffffe5][0xffffffc9]R"n[0xffffffed][0xffffffd2]V+G[0xffffff89][0xffffff90][0xffffffb5]KS[0xffffffbc][0x1b][0xffffff94]pk[0xffffff97][0xfffffff7][0xfffffff3][0x1c][0x14]%[0xffffffe8][0xffffffb5][0xffffffcb][0xffffffaf];[0xffffffa0])A[0xffffffae]]~][0xffffff9d][0xffffffa1]D[0xffffffd0][0xffffffda][0xffffffa5][0xffffff8b]"C[0xffffff89][0xffffff94][0xffffffb5]K[0x17][0xffffffcb]zJ[0xffffffb0]k[0xffffff97][0x1a][0xffffffd1]$J[0xffffff84][0xffffffad]][0xffffffbe][0xffffffe9]R[0xffffff96][0x12]Ak[0xffffff97][0xffffffa6]i)J|[0x7f][0xffffffed][0xfffffff2]y[0xffffffb9][0xffffff89][0xffffffaa]g[0xffffffdc][0xffffffd0]![0xffffffe3][0xffffff9f][0xfffffff7][0x3]S[0xffffff82][0xffffff9f][0xffffffa8][0xfffffffa]u[0xf][0xc]%[0xffffffa8][0xffffff89][0xffffffaa][0x7f][0xffffffaf][0xffffff9c]A[0xffffff89][0xffffff8c][0xffffff89]*[0x1f]H[0xffffff86][0x12][0xfffffffc]D[0xffffff95][0xffffff86][0xffffffb3][0xffffff9a][0x12][0xffffffb9][0x13]U[0xffffffb6]<YJ[0xffffffc4]MT[0xffffffd9]j[0xffffffe5]([0x11]2Qe[0xffffff8a][0xfffffff7][0xffffffef])[0xffffffd1][0xffffffdc][0xffffffae][0xffffffc4]s^[0xffffffd4][0xf][0x1c][\r][0xffffffdf][0xffffff95]h[0x1][0xffffffbb][0x12][0xffffffcd]|[0xfffffffc]\[0x17][0xfffffff0][0xffffff86][0xffffffed]J4[0xfffffff9][0xffffffbc][0x19][0xffffffa4][0xffffff84][0xffffff89]"B[0x9][0x1b]H[0xffffff84][0x12]&[0xffffff96][0xffffffe5][0xffffff94][0xffffff90]p[0x16]SB"[0x1a]D[0x9]W[0xffffff9e](%|[0xffffff97][0xffffffa2][0xffffff94]p[0xffffffd5][0xffffff8a]QB[0xffffff9b][0x16][0xffffffa2][0xffffff84][0x16][0xffffffef][0x6]%[0xffffffdc][0xffffffae][0xffffffc4]3[0xffffffa9][0xffffffe1][0xffffffec][0xffffffcf][0xfffffffb][0xffffff81])[0x11][0xffffffb0]+[0xffffffd1][0xffffffcc][0xffffffc7][0xffffffcf][0xffffff85][0x1][0xffffffc7]v%[0xffffff9a]|[0xffffffde]LR"dW[0xffffffc2][0x6][0xffffff92][0xffffffa1]D[0xffffffc0][0xffffffae][0xffffff84][0xffffff84][0xffffffb3][0xffffff9a][0x12][0xffffffc1][0xffffffbb][0x12][0xffffffae]<YJ[0xffffffe4][0xffffffed]J[0xffffffb8]j[0xffffffe5]([0xffffff91][0xffffffb2]+[0xffffffa1][0xffffffc5][0xffffffbb]A[0xffffff89]a)[0xffffff81][\r]g[0xffffffff][0xffffffb8][0x1f][0xffffff98][0x12]#[0xffffff80][0x12]C[0xfffffff3]^[0x18][0xfffffff0][0xffffff81]Qb$QB[0xffffffa3][0xffffffc8]P[0xffffffc2][0x5][0xffffff92][0xffffffa1][0xffffff84][0xffffffc6][0xffffffb2][0xffffff9e][0x12]k8[0xffffffab])[0xffffffb1]F4[0xffffff89][0x12][0xffffffa6]<YJ[0xffffffd8].e)a[0xffffffaa][0xffffff95][0xffffffa3][0xffffff84]4-E[0x9])[0xffffffde][\r]J[0xffffffb8]][0xffffff89][0xffffffe7]:[0xffffffb1][0xffffffa7][0x12][0xfffffff8][0xffffffae]D[0xb][0xffffffd8][0xffffff95]h[0xffffffe6][0xffffffe3][0xffffffe7][0xffffffc2][0xffffff80]c[0xffffffbb][0x12]M>o&)[0x11][0xffffffb2]+a[0x3][0xffffffc9]P"`WB[0xffffffc2]YM[0xffffff89][0xffffffe0]][0x9]W[0xffffff9e],%[0xfffffff2]v%\[0xffffffb5]r[0xffffff94]H[0xffffffd9][0xffffff95][0xffffffd0][0xffffffe2][0xffffffdd][0xffffffa0][0xffffff84][0xffffffdb][0xffffff95][0xfffffff8][0xfffffff1][0xb][0x7]E[0x9]|W[0xffffffa2][0x5][0xffffffec]J4[0xfffffff3][0xfffffff1]sa[0xffffffc0][0xffffffb1]][0xffffff89]&[0xffffff9f]7[0xffffff93][0xffffff94][0x8][0xffffffd9][0xffffff95][0xffffffb0][0xffffff81]d([0x11][0xffffffb0]+![0xffffffe1][0xffffffac][0xffffffa6]D[0xfffffff0][0xffffffae][0xffffff84]+O[0xffffff96][0x12]y[0xffffffbb][0x12][0xffffffae]Z9J[0xffffffa4][0xffffffec]Jh[0xfffffff1]nPBw%[0xffffff8e][0xffffffd7][0xffffffeb]uR_p4|W[0xffffffa2][0x5][0xffffffec]J4[0xfffffff3][0xfffffff1]sa[0xffffffc0][0xffffffb1]][0xffffff89]&[0xffffff9f]7[0xffffff93][0xffffff94][0x8][0xffffffd9][0xffffff95][0xffffffb0][0xffffff81]d([0x11][0xffffffb0]+![0xffffffe1][0xffffffac][0xffffffa6]D[0xfffffff0][0xffffffae][0xffffff84]+O[0xffffff96][0x12]y[0xffffffbb][0x12][0xffffffae]Z9J[0xffffffa4][0xffffffec]Jh[0xfffffff1]nPBw%>([0xffffffd1][0xffffffb8][0xffffffd7].[0xfffffff1]][0xffffff89][0x16][0xffffffb0]+[0xffffffd1][0xffffffcc][0xffffffc7][0xffffffcf][0xffffff85][0x1][0xffffffc7]v%[0xffffff9a]|[0xffffffde]LR"dW[0xffffffc2][0x6][0xffffff92][0xffffffa1]D[0xffffffc0][0xffffffae][0xffffff84][0xffffff84][0xffffffb3][0xffffff9a][0x12][0xffffffc1][0xffffffbb][0x12][0xffffffae]<YJ[0xffffffe4][0xffffffed]J[0xffffffb8]j[0xffffffe5]([0xffffff91][0xffffffb2]+[0xffffffa1][0xffffffc5][0xffffffbb]A[0xffffff89][0xffffffdb]RbR[0xffffffc7]y[0xfffffffd][0xffffffb8][0x1f][0xffffff98][0x12]w[0x0]%n[0xffffffcd]{a[0xffffffc0]o[0xffffff8c][0x12]w[0x12]%4[0xffffff8a][0xc]%\ [0x19]Jh,[0xffffffeb])[0xffffffb1][0xffffff86][0xffffffb3][0xffffff9a][0x12]kD[0xffffff93](a[0xffffffca][0xffffff93][0xffffffa5][0xffffff84][0xffffffed]R[0xffffff96][0x12][0xffffffa6]Z9JH[0xffffffd3]R[0xffffff94][0xffffff90][0xffffffe2][0xffffffdd][0xffffffa0][0xffffff84]NT}P[0xffffffa2]w[0xffffffec]][0x9]|[0xffffffa2][0xffffffaa][0x5]LT5[0xffffffb3][0xffffffa3]R[0x18]pl[0xffffffa2][0xffffffaa][0xffffffc9]R[\n]"
[DEBUG] http-outgoing-1 << "I[0xffffff89][0xffffff90][0xffffff89]*[0x1b]H[0xffffff86][0x12][0x1][0x13]U[0x12][0xffffffce]jJ[0x4]OT[0xffffffb9][0xfffffff2]d)[0xffffff91]7Q[0xffffffe5][0xffffffaa][0xffffff95][0xffffffa3]D[0xffffffca]D[0xffffff95][0x16][0xffffffef][0xffffffdf]S[0xffffffa2][0xffffffbf],%.[0xffffffea]c[0xffffffd0][0x1f][0xfffffff7][0xffffffc3]R[0xffffffe2][0xfffffff3][0xe]`J[0xfffffffc]{[0xf][0x8]%>[0xffffffaf][0xffffff8e]P[0xffffffe2][0xffffff9f]+GP[0xffffffc2]D[0x11][0xffffffa1][0xffffff84][\r]$B[0x9][0x13][0xffffffcb]rJH8[0xffffff8b])![0x11][\r][0xffffffa2][0xffffff84]+O[0xffffff94][0x12][0xffffffbe]KQJ[0xffffffb8]j[0xffffffc5]([0xffffffa1]M[0xb]QB[0xffffff8b]w[0xffffff83][0x12][0xffffffba]v[0xfffffff9]A[0xffffff89][0x3]{W[0xffffffa2][0xffffffe3]k[0xffffff97]=`[0xffffffed][0xffffffb2][0xffffff9b]I[0xffffffb6][0xffffffc2][0xffffff80]ck[0xffffff97]]F[0xffffffd7]HJ[0xffffff84][0xffffffac]][0xffffffda]@2[0xffffff94][0x8]X[0xffffffbb][0xffffff94]pVS"x[0xffffffed][0xffffffd2][0xffffff95]'K[0xffffff89][0xffffffbc][0xffffffb5]KW[0xffffffad][0x1c]%R[0xffffffd6].[0xffffffb5]x7([0xffffffa1]k[0xffffff97]?(qS[0xffffffef]Jt|[0xffffffed][0xffffffb2][0x7][0xffffffac]]v3[0xffffffc9]V[0x18]pl[0xffffffed][0xffffffb2][0xffffffcb][0xffffffe8][0x1a]I[0xffffff89][0xffffff90][0xffffffb5]K[0x1b]H[0xffffff86][0x12][0x1]k[0xffffff97][0x12][0xffffffce]jJ[0x4][0xffffffaf]][0xffffffba][0xfffffff2]d)[0xffffff91][0xffffffb7]v[0xffffffe9][0xffffffaa][0xffffff95][0xffffffa3]D[0xffffffca][0xffffffda][0xffffffa5][0x16][0xffffffef][0x6]%[0xffffff86][0xffffffa3][0xffffffc4][0xffffffec][0xffffffd4][0xffffffc7][0xffffffa0]?[0xffffffee][0x7][0xffffffa6][0xffffffc4][0x8][0xffffffa0][0xffffffc4][0xffffffd0][0xffffffbc][0x17][0x6]|`[0xffffff94][0x18]I[0xffffff94][0xffffffd0](2[0xffffff94]p[0xffffff81]d([0xffffffa1][0xffffffb1][0xffffffac][0xffffffa7][0xffffffc4][0x1a][0xffffffce]jJ[0xffffffac][0x11]M[0xffffffa2][0xffffff84])O[0xffffff96][0x12][0xffffffb6]KYJ[0xffffff98]j[0xffffffe5](!MKQB[0xffffff8a]w[0xffffff83][0x12]:Q[0xfffffff5]A[0xffffff89]k`O%[0xfffffff0][0xffffff89][0xffffffaa][0x1e]0Q[0xffffffd5][0xffffffcd][0xffffff8e]Ja[0xffffffc0][0xffffffb1][0xffffff89][0xffffffaa].K)$%B&[0xffffffaa]l [0x19]J[0x4]LTI8[0xffffffab])[0x11]<Q[0xffffffe5][0xffffffca][0xffffff93][0xffffffa5]D[0xffffffde]D[0xffffff95][0xffffffab]V[0xffffff8e][0x12])[0x13]UZ[0xffffffbc][0x1b][0xffffff94][0xffffffb0][0x13]U[0xffffffd7]=)J[0xffffffe0][0x13]U=`[0xffffffa2][0xffffffaa][0xffffff9b][0x1d][0xffffff95][0xffffffc2][0xffffff80]c[0x13]U][0xffffff96]RHJ[0xffffff84]LT[0xffffffd9]@2[0xffffff94][0x8][0xffffff98][0xffffffa8][0xffffff92]pVS"x[0xffffffa2][0xffffffca][0xffffff95]'K[0xffffff89][0xffffffbc][0xffffff89]*W[0xffffffad][0x1c]%R&[0xffffffaa][0xffffffb4]x7(a'[0xffffffaa][0xffffffee]A}[0xc][0xffffffda][0xfffffff1][0xffffff89][0xffffffaa][0x1e]0Q[0xffffffd5][0xffffffcd][0xffffff8e]Ja[0xffffffc0][0xffffffb1][0xffffff89][0xffffffaa].K)$%B&[0xffffffaa]l [0x19]J[0x4]LTI8[0xffffffab])[0x11]<Q[0xffffffe5][0xffffffca][0xffffff93][0xffffffa5]D[0xffffffde]D[0xffffff95][0xffffffab]V[0xffffff8e][0x12])[0x13]UZ[0xffffffbc][0x1b][0xffffff94][0xffffffb0][0x13]UO[0xffffffc3][0xffffff9e]J[0xffffffe0][0x13]U=`[0xffffffa2][0xffffffaa][0xffffff9b][0x1d][0xffffff95][0xffffffc2][0xffffff80]c[0x13]U][0xffffff96]RHJ[0xffffff84]LT[0xffffffd9]@2[0xffffff94][0x8][0xffffff98][0xffffffa8][0xffffff92]pVS"x[0xffffffa2][0xffffffca][0xffffff95]'K[0xffffff89][0xffffffbc][0xffffff89]*W[0xffffffad][0x1c]%R&[0xffffffaa][0xffffffb4]x7([0xffffffe1]&[0xffffffaa][0xffffffda][0xffffff8b][0xfffffffb][0x18][0x14][0xffffff9f][0xffffffa8][0xffffffea][0x1][0x13]U[0xffffffdd][0xffffffec][0xffffffa8][0x14][0x6][0x1c][0xffffff9b][0xffffffa8][0xffffffea][0xffffffb2][0xffffff94]BR"d[0xffffffa2][0xffffffca][0x6][0xffffff92][0xffffffa1]D[0xffffffc0]D[0xffffff95][0xffffff84][0xffffffb3][0xffffff9a][0x12][0xffffffc1][0x13]U[0xffffffae]<YJ[0xffffffe4]MT[0xffffffb9]j[0xffffffe5]([0xffffff91]2Q[0xffffffa5][0xffffffc5][0xfffffffb][0xfffffff7][0xffffff94][0x18]n[0xffffffa2][0xffffffaa][0xffffffb5]N=[0xffffff95][0x18][0xfffffff8]D[0xffffffd5][0x8][0xffffff98][0xffffffa8][0x1a]fG[0xffffffa5].[0xffffffe0][0x3][0xffffff9b][0xffffffa8][0x1a][0xffffffb2][0xffffff94][0x2]R[0xffffffc2]D[0x11][0xffffffa1][0xffffff84][\r]$B[0x9][0x13][0xffffffcb]rJH8[0xffffff8b])![0x11][\r][0xffffffa2][0xffffff84]+O[0xffffff94][0x12][0xffffffbe]KQJ[0xffffffb8]j[0xffffffc5]([0xffffffa1]M[0xb]QB[0xffffff8b]w[0xffffff83][0x12]n[0xffffffa2][0xffffffaa][0xffffffb5][0xfffffffb][0xffffffa4]([0xffffff81]OT[0xffffff8d][0xffffff80][0xffffff89][0xffffffaa]avT[\n]"
[DEBUG] http-outgoing-1 << "[0x3][0xffffff8e]MT[\r]YJ!)[0x11]2Qe[0x3][0xffffffc9]P"`[0xffffffa2]J[0xffffffc2]YM[0xffffff89][0xffffffe0][0xffffff89]*W[0xffffff9e],%[0xfffffff2]&[0xffffffaa]\[0xffffffb5]r[0xffffff94]H[0xffffff99][0xffffffa8][0xffffffd2][0xffffffe2][0xffffffdd][0xffffffa0][0xffffff84][0xffffff9b][0xffffffa8]j[0xfffffffd][0xffffffe8][0x14]%[0xfffffff0][0xffffff89][0xffffffaa][0x11]0Q5[0xffffffcc][0xffffff8e]Ja[0xffffffc0][0xffffffb1][0xffffff89][0xffffffaa]!K)$%B&[0xffffffaa]l [0x19]J[0x4]LTI8[0xffffffab])[0x11]<Q[0xffffffe5][0xffffffca][0xffffff93][0xffffffa5]D[0xffffffde]D[0xffffff95][0xffffffab]V[0xffffff8e][0x12])[0x13]UZ[0xffffffbc][0x1b][0xffffff94][0x18][0xffffff96][0x12][0xf]5Q[0xfffffff5][0xffffffe3][0x7f]`J[0xffffff8c][0x0]J[0xc][0xffffffcd]{a[0xffffffc0][0x7]F[0xffffff89][0xffffff91]D[0x9][0xffffff8d]"C[0x9][0x17]H[0xffffff86][0x12][0x1a][0xffffffcb]zJ[0xffffffac][0xffffffe1][0xffffffac][0xffffffa6][0xffffffc4][0x1a][0xffffffd1]$J[0xffffff98][0xfffffff2]d)a[0xffffffbb][0xffffff94][0xffffffa5][0xffffff84][0xffffffa9]V[0xffffff8e][0x12][0xffffffd2][0xffffffb4][0x14]%[0xffffffa4]x7([0xffffffe1]&[0xffffffaa][0xffffffda][0xffffff9c][0xffffffd4][0xffffffc7][0xffffffa0][0x3][0xffffff9f][0xffffffa8][0x1a][0x1][0x13]U[0xffffffc3][0xffffffec][0xffffffa8][0x14][0x6][0x1c][0xffffff9b][0xffffffa8][0x1a][0xffffffb2][0xffffff94]BR"d[0xffffffa2][0xffffffca][0x6][0xffffff92][0xffffffa1]D[0xffffffc0]D[0xffffff95][0xffffff84][0xffffffb3][0xffffff9a][0x12][0xffffffc1][0x13]U[0xffffffae]<YJ[0xffffffe4]MT[0xffffffb9]j[0xffffffe5]([0xffffff91]2Q[0xffffffa5][0xffffffc5][0xffffffbb]A[0x9]7Q[0xffffffd5][0xffffffee][0x17]F[0x9]|[0xffffffa2]j[0x4]LT[\r][0xffffffb3][0xffffffa3]R[0x18]pl[0xffffffa2]j[0xffffffc8]R[\n]"
[DEBUG] http-outgoing-1 << "I[0xffffff89][0xffffff90][0xffffff89]*[0x1b]H[0xffffff86][0x12][0x1][0x13]U[0x12][0xffffffce]jJ[0x4]OT[0xffffffb9][0xfffffff2]d)[0xffffff91]7Q[0xffffffe5][0xffffffaa][0xffffff95][0xffffffa3]D[0xffffffca]D[0xffffff95][0x16][0xffffffef][0x6]%[0xffffffdc]DU[0x7f]u[0xffffffec][0xffffffb5]K|[0xffffffa2]j[0x4]LT[\r][0xffffffb3][0xffffffa3]R[0x18]pl[0xffffffa2]j[0xffffffc8]R[\n]"
[DEBUG] http-outgoing-1 << "I[0xffffff89][0xffffff90][0xffffff89]*[0x1b]H[0xffffff86][0x12][0x1][0x13]U[0x12][0xffffffce]jJ[0x4]OT[0xffffffb9][0xfffffff2]d)[0xffffff91]7Q[0xffffffe5][0xffffffaa][0xffffff95][0xffffffa3]D[0xffffffca]D[0xffffff95][0x16][0xffffffef][0x6]%[0xffffffdc]DU[0x7f][0xffffffdd][0xf]E[0x9]|[0xffffffa2]j[0x4]LT[\r][0xffffffb3][0xffffffa3]R[0x18]pl[0xffffffa2]j[0xffffffc8]R[\n]"
[DEBUG] http-outgoing-1 << "I[0xffffff89][0xffffff90][0xffffff89]*[0x1b]H[0xffffff86][0x12][0x1][0x13]U[0x12][0xffffffce]jJ[0x4]OT[0xffffffb9][0xfffffff2]d)[0xffffff91]7Q[0xffffffe5][0xffffffaa][0xffffff95][0xffffffa3]D[0xffffffca]D[0xffffff95][0x16][0xffffffef][0x6]%[0xffffffdc]DUo[0x7]F[0x9]|[0xffffffa2]j[0x4]LT[\r][0xffffffb3][0xffffffa3]R[0x18]pl[0xffffffa2]j[0xffffffc8]R[\n]"
[DEBUG] http-outgoing-1 << "I[0xffffff89][0xffffff90][0xffffff89]*[0x1b]H[0xffffff86][0x12][0x1][0x13]U[0x12][0xffffffce]jJ[0x4]OT[0xffffffb9][0xfffffff2]d)[0xffffff91]7Q[0xffffffe5][0xffffffaa][0xffffff95][0xffffffa3]D[0xffffffca]D[0xffffff95][0x16][0xffffffef]"
[DEBUG] http-outgoing-1 << "[0xffffffdf]S[0xffffffe2]p[0x13]U[0xffffffbd]=[0xffffffd4]D[0xffffffd5][0xffffff81]OT[0x1d][0x1][0x13]U[0xffffff87][0xffffffd9]Q[0xffffffa9][0xb][0xfffffff8][0xffffff81]MT[0x1d][0xffffffb2][0xffffff94][0x2]R[0xffffffc2]D[0x11][0xffffffa1][0xffffff84][\r]$B[0x9][0x13][0xffffffcb]rJH8[0xffffff8b])![0x11][\r][0xffffffa2][0xffffff84]+O[0xffffff94][0x12][0xffffffbe]KQJ[0xffffffb8]j[0xffffffc5]([0xffffffa1]M[0xb]QB[0xffffff8b]w[0xffffff83][0x12]n[0xffffffa2][0xffffffaa]w[0xffffffec][0xffffffa9][0xffffffc4][0xffffff81]OT[0x1d][0x1][0x13]U[0xffffff87][0xffffffd9]Q)[0xc]86Qu[0xffffffc8]R[\n]"
[DEBUG] http-outgoing-1 << "I[0xffffff89][0xffffff90][0xffffff89]*[0x1b]H[0xffffff86][0x12][0x1][0x13]U[0x12][0xffffffce]jJ[0x4]OT[0xffffffb9][0xfffffff2]d)[0xffffff91]7Q[0xffffffe5][0xffffffaa][0xffffff95][0xffffffa3]D[0xffffffca]D[0xffffff95][0x16][0xffffffef][0x6]%[0xffffffdc]DU[0x1f]'[0xffffffb5]+q[0xffffffe0][0x13]UG[0xffffffc0]D[0xffffffd5]avT[\n]"
[DEBUG] http-outgoing-1 << "[0x3][0xffffff8e]MT[0x1d][0xffffffb2][0xffffff94]BR"d[0xffffffa2][0xffffffca][0x6][0xffffff92][0xffffffa1]D[0xffffffc0]D[0xffffff95][0xffffff84][0xffffffb3][0xffffff9a][0x12][0xffffffc1][0x13]U[0xffffffae]<YJ[0xffffffe4]MT[0xffffffb9]j[0xffffffe5]([0xffffff91]2Q[0xffffffa5][0xffffffc5][0xffffffbb]A[0xffffff89][0xffffffe1](q[0xffffffcd][0xffffff9b][0xffffffa2][0xffffffc4][0xffffffc0])1[0x2](14[0xffffffef][0xffffff85][0x1][0x1f][0x18]%F[0x12]%4[0xffffff8a][0xc]%\ [0x19]Jh,[0xffffffeb])[0xffffffb1][0xffffff86][0xffffffb3][0xffffff9a][0x12]kD[0xffffff93](a[0xffffffca][0xffffff93][0xffffffa5][0xffffff84][0xffffffed]R[0xffffff96][0x12][0xffffffa6]Z9JH[0xffffffd3]R[0xffffff94][0xffffff90][0xffffffe2][0xffffffdd][0xffffffa2]D[0xf][0xffffffa3]D[0xffffffc7])[0xffffffd1][0x3]([0xffffffd1]QJt[0xffffff8c][0x12]=[0xffffff89][0x12]k[0x14])Jh )J[0xffffffac][0xffffffb1]$([0xffffffd1]aJ[0xfffffff4]`JHy[0xffffffd2][0xffffff94]0]JSB[0xffffffaa][0xffffff95][0xffffffa4]DO[0xffffffa1]D[0xffffffff][0xf](1[0xffffffc3](1qJ[0xffffffcc][0x0]JL[0xffffff94][0x12][0x13][0xffffffa3][0xffffffc4]L[0xffffffa2][0xffffffc4][0x1a]E[0xffffff8a][0x12][0x1a]H[0xffffff8a][0x12]k,[0x9]JL[0xffffff98][0x12]3[0xffffff98][0x12]R[0xffffff9e]4%L[0xffffff97][0xffffffd2][0xffffff94][0xffffff90]j%)1S(1[0xffffffff][0x3]J[0xffffffb4]4K4[0x1e][0x13]-A[0x13][0xffffff8d][0xffffffe5]D[0xffffffe3]<[0xffffffd1][0xffffffa2]@!y[0xffffffa4]DaRI[0xffffff91]B[0xffffffb2]I[0xffffff98][0xffffffa2][0xffffffd1][0xffffffa8]h[0xffffffc9][0xffffffaa][0xffffffd0][0x1a][0xffffffa5]Y[0xffffffe1]Z[0xffffff95]v[0xffffff85][0xffffff96],[0x9][0xffffff8b][0xffffffb5]s9Y[0xffffffac][0x15][0xffffffbc]E[0xffffff8b]~[0xffffff85][0xffffffd1][0xffffffa2]_8->n[0xffffff81][0xffffffa7][0xffffffc5][0xffffffcf][0xffffff9b][0xffffffa0]h[0xfffffff1]qy[0xffffff8a][0x16]_[0xffffff97]N[0xffffffa1][0xffffff85][0xffffffe4][0xffffff91][0xffffffa2][0xffffff85]I%E[0xb][0xffffffc9]&A[0xffffff8b]%[0xffffffa1][0xfffffff5][0xffffffb4]Xr[0xffffff9a]E[0xb][0xffffffad]Q[0xffffff9a][0x16][0xffffffae]UiZh[0xffffffc9][0xffffff92][0xffffffb4]X;[0xffffff97][0xffffffa3][0xffffffc5]Z[0xffffffc1][[0xffffffb4][0x18]g[0x18]-[0xffffffc6][0xffffff89][0xffffffd3][0xffffffe2][0xffffffe3][0x16]xZ[0xfffffffc][0xffffffbc][0x9][0xffffff8a][0x16][0x1f][0xffffff97][0xffffffa7]h[0xfffffff1]u[0xffffffe9][0x14]ZH[0x1e])Z[0xffffff98]TR[0xffffffb4][0xffffff90]l[0x12][0xffffffb4]X[0x12]ZO[0xffffff8b]%[0xffffffa7]Y[0xffffffb4][0xffffffd0][0x1a][0xffffffa5]i[0xffffffe1]Z[0xffffff95][0xffffffa6][0xffffff85][0xffffff96],I[0xffffff8b][0xffffffb5]s9Z[0xffffffac][0x15][0xffffffbc]E[0xffffff8b][0xffffffcf][0xf]E[0xffffff93]hq[0xe][0xffffff9c][0x16][0x1f][0xffffffb7][0xffffffc0][0xffffffd3][0xffffffe2][0xffffffe7]MP[0xffffffb4][0xfffffff8][0xffffffb8]<E[0xffffff8b][0xffffffaf]K[0xffffffa7][0xffffffd0]B[0xfffffff2]H[0xffffffd1][0xffffffc2][0xffffffa4][0xffffff92][0xffffffa2][0xffffff85]d[0xffffff93][0xffffffa0][0xffffffc5][0xffffff92][0xffffffd0]zZ,9[0xffffffcd][0xffffffa2][0xffffff85][0xffffffd6](M[0xb][0xffffffd7][0xffffffaa]4-[0xffffffb4]dIZ[0xffffffac][0xffffff9d][0xffffffcb][0xffffffd1]b[0xffffffad][0xffffffe0]-Z<w[0x18]-[0xffffff9e][0x1b][0xffffffa7][0xffffffc5][0xffffffc7]-[0xfffffff0][0xffffffb4][0xfffffff8]y[0x13][0x14]->.O[0xffffffd1][0xffffffe2][0xffffffeb][0xffffffd2])[0xffffffb4][0xffffff90]<R[0xffffffb4]0[0xffffffa9][0xffffffa4]h![0xffffffd9]$h[0xffffffb1]$[0xffffffb4][0xffffff9e][0x16]KN[0xffffffb3]h[0xffffffa1]5J[0xffffffd3][0xffffffc2][0xffffffb5]*M[0xb]-Y[0xffffff92][0x16]k[0xffffffe7]r[0xffffffb4]X+x[0xffffff8b][0x16][0xffffffad][0xffffffc7][0xffffffbd][0xffffffc7][0xffffffd9][0x3]^[0xffffffe4][0xffffffec][0x11]orv[0xfffffff8]U[0xffffffce][0xe][0xffffffbe][0xffffffcb][0xffffffd9][0xffffffb3]^[0xffffffe6][0xffffff94]PR[0xffffffc2]p[0xffffffd1][0xffffffa4][0xffffff88][0xffffffa1][0x1]%[0xffffff8c][0xffffffb1][0xffffffc6][0xffffffb4][0x1e][0x19]kX[0xffffffb3][0xffffff94]a[\n]"
[DEBUG] http-outgoing-1 << "[0xffffff95]f[0xffffff86][0xffffffed]W[0xffffffda][0x19][0xffffffa6]nIhH[0xfffffffb]r[0xffffffd2][0xffffff90]2[0xffffffde][0xffffffa4]F[0xffffffda]{[0xffffff9d]-[0xffffffe0][0xffffffc5][0xffffffce][0x16][0xfffffff1]fg[0xffffffd3][0xffffffb7][0xffffff8e][0xffffff8a][0xffffffc3][0xffffffce][0xffffffbd][0xffffffdb][0xffffffd9][0xffffffb2]^[0xffffffee][0xffffffd4]Pr[0xffffffd4][0xffffffc8]y[0xffffffbd]S[0x3][0xffffffca]P[0xffffff83]~[0xffffffc1]s[\r]k[0x1a]5[0xffffffe2]^[0xfffffff1][0xffffffb4][0xfffffffd][0xffffffca]S#[0xffffffea]%Oi_[0xffffff92][0x1a][0xffffffff][0xffffffc5]k[0xffffff9e][0xffffffed]hi[0xffffffd4]8[0x1a]O[0xffffff8d][0xffffff8f]{[0x8][0xffffffa0][0xffffffc6][0xffffffcf][0xffffffbb][0xffffffc0][0xffffffa8][0xfffffff1]q}[0xffffff8c][0x1a]_[0xffffffd7][0xffffff8e][0xffffffa1][0xffffff86][0xffffff84][0x12][0xffffffa3][0xffffff86][0xffffff89]&F[\r][0x9](B[0xffffff8d]%[0xffffffa6][0x0]5[0xffffff96][0xffffffb0][0xffffff86]QC[0xb][0x15][0xffffffa7][0xffffff86][0xffffffeb]W[0xffffff9c][0x1a]Z[0xffffffb7](5[0xffffffd6][0xfffffff6][0x5][0xffffffa9][0xffffffb1][0xffffff96][0xfffffff1][0xffffffdf]P[0xffffffe3][0xfffffff8][0xfffffffa]+[0xffffff87][0x19][0xfffffffa][0x1e][0xfffffffd][0xffffffaa]?3[0xffffffe4][0xffffffd7][0xfffffffd]P[0xffffffcc][0xfffffff8][0xffffffed][0xe]0d,[0xfffffff7]PL[0xffffff8c][0xffffffdf][0xffffffae]^[0xc][0xffffff8c][0xffffffff][0xffffffbd]2[0xffffffcc][0xffffff8b][0xffffffb7]Q,[0xffffffc6][0xffffffc5][0x1f][0x2]YL[0xffffff8b][0xffffffb7][0xffffffb1],[0xffffff84][0xffffffc5][0xffffff9b]p[0xffffff96][0xffffffb1][0xffffffe2]MD#P[0xfffffff1][0xffffffbe]<!R[0xfffffffc][0xffffffa9]K!P[0xffffffbc][0xffffffaf]V[0xffffff80][0x13][0xffffffef][0xffffff9a][0xffffffb6][0x1c][0x13][0xffffffef][0xffffff8a]w[0xffffff8b][0x12]=[0xffffff8c][0x12][0xffffffd8][0xffffffd0][0xfffffff7]ow[0xffffffc0]S[0x2][0x19][0xfffffffa][0xfffffffe][0xffffffed][0xffffffea][0x14]%[0x12][0xffffff86][0xffffffbe][0xffffffdf]F[0xffffff91][0xffffffa2][0x4]>[0xfffffff4][0xfffffffd]6[0xffffff96][0x4]%[0xffffffa0][0xffffffa1][0xffffffef]7[0x11][0xffffffcd][0xffffffa2]D[0xffffffca][0xffffffd0][0xfffffff7][0xffffff9f][0xffffffba][0xffffff94][0xffffffa6]D[0xffffffc2][0xffffffd0][0xfffffff7][0xffffffbb][0xffffffa6][0xffffffe5]([0xfffffff1][0xffffff8d][0xffffffa1][0xffffffef][0xffffff9f][0x7f][0xffffffe3]tO%[0xffffffce]V[0x7f]([0xfffffffa][0xffffffaf][0xfffffffb][0xffffff81])q[0x6]<[0xffffff95]8[0xffffff95][0xffffffce][0xffffff85][0x1]?[0xffffffb1][0xffffffa7][0x12]g[0xffffffd2]S[0x9][0xffffff8d]"C[0x9][0x17]H[0xffffff86][0x12][0x1a][0xffffffcb]zJ[0xffffffac][0xffffffe1][0xffffffac][0xffffffa6][0xffffffc4][0x1a][0xffffffd1]$J[0xffffff98][0xfffffff2]d)a[0xffffffbb][0xffffff94][0xffffffa5][0xffffff84][0xffffffa9]V[0xffffff8e][0x12][0xffffffd2][0xffffffb4][0x14]%[0xffffffa4]x[0xffffffb7](a[0xffffff9e]J[0xffffffa0][0xffffff94][0xffffffa0][0xffffff9f]J[0xffffff9c][0x1]O%N[0xffffffa5]si[0xffffffc0][0xffffffa9][0xffffffa7][0x12]g[0xffffffd2]S[0x9][0xffffff8d]"E[0xffffff89][0xffffff94][0xffffffa7][0x12][0x1a]K[0xffffff82][0x12][0xffffffec]S[0xffffff89]5[0xffffffa2]Y[0xffffff94][0x8]{*a[0xffffffbb][0xffffff94][0xffffffa6]D[0xffffffd0]S[0x9]iZ[0xffffff8e][0x12][0xffffffdf][0x7f]*1[0xffffffdd]S[0xffffff89]g[0xffffff9e][0x14]%&[0xfffffffe]Tb[0x6]<[0xffffff95][0xffffff98]J[0xffffffe7][0xffffffc2][0xffffff80]O[0xffffffec][0xffffffa9][0xffffffc4]Lz*[0xffffffa1]Qd([0xffffffe1][0x2][0xffffffc9]PBcYO[0xffffff89]5[0xffffff9c][0xffffffd5][0xffffff94]X#[0xffffff9a]D[0x9]S[0xffffff9e],%l[0xffffff97][0xffffffb2][0xffffff94]0[0xffffffd5][0xffffffca]QB[0xffffff9a][0xffffff96][0xffffffa2][0xffffff84][0x14][0xffffffef][0x6]%.C[0xffffff89][0xffffffa3][0xfffffff5]FQ[0xffffffe2][0xffffffc2])q[0x5]P[0xffffffe2][0xffffffd2][0xffffffbc][0x17][0x6][0xfffffffc][0xffffffc2](q%QB[0xffffffa3][0xffffffc8]P[0xffffffc2][0x5][0xffffff92][0xffffffa1][0xffffff84][0xffffffc6][0xffffffb2][0xffffff9e][0x12]k8[0xffffffab])[0xffffffb1]F4[0xffffff89][0x12][0xffffffa6]<YJ[0xffffffd8].e)a[0xffffffaa][0xffffff95][0xffffffa3][0xffffff84]4-E[0x9])[0xffffffde][\r]J[0xffffffdc][0xffffff8e][0x12][0xffffffe7][0xffffff89][0xfffffffd][0xffffffc0]q[0xffffffe3][0xffffff94][0xffffffb8][0x3](qk[0xffffffde][0xb][0x3]~c[0xffffff94][0xffffffb8][0xffffff93]([0xffffffa1]Qd([0xffffffe1][0x2][0xffffffc9]PBcYO[0xffffff89]5[0xffffff9c][0xffffffd5][0xffffff94]X#[0xffffff9a]D[0x9]S[0xffffff9e],%l[0xffffff97][0xffffffb2][0xffffff94]0[0xffffffd5][0xffffffca]QB[0xffffff9a][0xffffff96][0xffffffa2][0xffffff84][0x14][0xffffffef][0x6]%[0x1e]G[0xffffff89][0xffffffeb]8(J<8%[0xffffff9e][0x0]J<[0xffffff9a][0xfffffff7][0xffffffc2][0xffffff80]?[0x18]%[0xffffff9e]$Jh[0x14][0x19]J[0xffffffb8]@2[0xffffff94][0xffffffd0]X[0xffffffd6]Sb[\r]g5%[0xffffffd6][0xffffff88]&Q[0xffffffc2][0xffffff94]'K[0x9][0xffffffdb][0xffffffa5],%L[0xffffffb5]r[0xffffff94][0xffffff90][0xffffffa6][0xffffffa5](![0xffffffc5][0xfffffffb][0xfffffff7][0xffffff94]8_[0xffffff86][0x12][0xffffffe7][0xffffffeb][0xffffffbc] J[0xfffffffc][0xffffffb8][0x1f][0xffffff96][0x12][0xffffff9f]w[0x0]S[0xffffffe2][0xffffffdf]{@([0xfffffff1]yu[0xffffff84][0x12][0xffffffff]\9[0xffffff82][0x12]&[0xffffff8a][0x8]%l [0x11]J[0xffffff98]X[0xffffff96]SB[0xffffffc2]YL[0x9][0xffffff89]h[0x10]%\y[0xffffffa2][0xffffff94][0xfffffff0]][0xffffff8a]R[0xffffffc2]U+F[0x9]mZ[0xffffff88][0x12]Z[0xffffffbc][0x1b][0xffffff94][0xffffffe8][0xffffff8e][0x12][0xffffffbd][0xffffffd7]oa[0xfffffffe][0xffffffba][0x1f][0xffffff98][0x12]=[0xffffff80][0x12]][0xfffffff3]^[0x18][0xfffffff0][0xffffff8e]Q[0xffffffa2]'QB[0xffffffa3][0xffffffc8]P[0xffffffc2][0x5][0xffffff92][0xffffffa1][0xffffff84][0xffffffc6][0xffffffb2][0xffffff9e][0x12]k8[0xffffffab])[0xffffffb1]F4[0xffffff89][0x12][0xffffffa6]<YJ[0xffffffd8].e)a[0xffffffaa][0xffffff95][0xffffffa3][0xffffff84]4-E[0x9])[0xffffffde][\r]J[0xc]K[0x9]`V[0xfffffffb][0xffffffd7][0xfffffffd][0xffffffc0][0xffffff94][0x18][0x1][0xffffff94][0x18][0xffffff9a][0xfffffff7][0xffffffc2][0xffffff80][0xf][0xffffff8c][0x12]#[0xffffff89][0x12][0x1a]E[0xffffff86][0x12].[0xffffff90][0xc]%4[0xffffff96][0xfffffff5][0xffffff94]X[0xffffffc3]YM[0xffffff89]5[0xffffffa2]I[0xffffff94]0[0xffffffe5][0xffffffc9]R[0xffffffc2]v)K[0x9]S[0xffffffad][0x1c]%[0xffffffa4]i)JH[0xfffffff1]nP[0xffffffe2]p[0xffffff94][0x18][0xffffffe7][0xffffff8b][0xffffffa2][0xffffffc4][0xffffff81]S[0xffffffe2][0x8][0xffffffa0][0xffffffc4][0xffffffa1]y/[0xc][0xfffffff8][0xffffff81]Q[0xffffffe2]H[0xffffffa2][0xffffff84]F[0xffffff91][0xffffffa1][0xffffff84][0xb]$C[0x9][0xffffff8d]e=%[0xffffffd6]pVSb[0xffffff8d]h[0x12]%Ly[0xffffffb2][0xffffff94][0xffffffb0]][0xffffffca]R[0xffffffc2]T+G[0x9]iZ[0xffffff8a][0x12]R[0xffffffbc][0x1b][0xffffff94]pk[0xffffff97][0xffffffe7]qc[0xffffffef]J[0xffffffe0]k[0xffffff97]g[0xffffffc0][0xffffffda][0xffffffe5]i&[0xffffffd9][\n]"
[DEBUG] http-outgoing-1 << "[0x3][0xffffff8e][0xffffffad]][0xffffff9e]2[0xffffffba]FR"d[0xffffffed][0xffffffd2][0x6][0xffffff92][0xffffffa1]D[0xffffffc0][0xffffffda][0xffffffa5][0xffffff84][0xffffffb3][0xffffff9a][0x12][0xffffffc1]k[0xffffff97][0xffffffae]<YJ[0xffffffe4][0xffffffad]][0xffffffba]j[0xffffffe5]([0xffffff91][0xffffffb2]v[0xffffffa9][0xffffffc5][0xffffffbb]A[0x9]7Qu[0xffffffde][0xffffffdc]k[0xffffff97][0xfffffff8]D[0xffffffd5][0x19]0Qu[0xffffff9a][0x1d][0xffffff95][0xffffffc2][0xffffff80]c[0x13]U[0xffffffa7],[0xffffffa5][0xffffff90][0xffffff94][0x8][0xffffff99][0xffffffa8][0xffffffb2][0xffffff81]d([0x11]0Q%[0xffffffe1][0xffffffac][0xffffffa6]D[0xfffffff0]D[0xffffff95]+O[0xffffff96][0x12]y[0x13]U[0xffffffae]Z9J[0xffffffa4]LTi[0xfffffff1]nP[0xffffffc2]MT[0xffffffcd][0xffffffd7][0xffffff9c][0x14]%[0xfffffff0][0xffffff89][0xffffffaa]3`[0xffffffa2][0xffffffea]4;*[0xffffff85][0x1][0xffffffc7]&[0xffffffaa]NYJ!)[0x11]2Qe[0x3][0xffffffc9]P"`[0xffffffa2]J[0xffffffc2]YM[0xffffff89][0xffffffe0][0xffffff89]*W[0xffffff9e],%[0xfffffff2]&[0xffffffaa]\[0xffffffb5]r[0xffffff94]H[0xffffff99][0xffffffa8][0xffffffd2][0xffffffe2][0xffffffdd][0xffffffa0][0xffffff84][0xffffff9b][0xffffffa8][0xffffff9a][0xffffffc7][0xffffff85]=[0xffffff95][0xffffffc0]'[0xffffffaa][0xffffffce][0xffffff80][0xffffff89][0xffffffaa][0xffffffd3][0xffffffec][0xffffffa8][0x14][0x6][0x1c][0xffffff9b][0xffffffa8]:e)[0xffffff85][0xffffffa4]D[0xffffffc8]D[0xffffff95][\r]$C[0xffffff89][0xffffff80][0xffffff89]*[0x9]g5%[0xffffff82]'[0xffffffaa]\y[0xffffffb2][0xffffff94][0xffffffc8][0xffffff9b][0xffffffa8]r[0xffffffd5][0xffffffca]Q"e[0xffffffa2]J[0xffffff8b]w[0xffffff8b][0x12]=[0xffffff8c][0x12][0xfffffff0]q^[0xffffff9f]w[0xffffffc0]S[0x2]<[0xffffffce][0xffffffeb][0xfffffff3][0xffffffea][0x14]%r[0xffffff8e][0xfffffff3]2Q[0xffffffa4]([0x11]r[0xffffff9c][0xffffff97][0xffffff89]%A[0x9][0xfffffff4]8/[0xffffff89]h[0x16]%[0xffffffb2][0xffffff8e][0xfffffff3][0xfffffff2]]JS"[0xffffffe7]8/mZ[0xffffff8e][0x12][0xffffffdf]>[0xffffffce]k[0xffffffba][0xffffff89][0xffffffaa][0xffffffeb]uw[0xffffff88][0x12][0x13][0xffffff9f][0xffffffa8][0xffffff9a][0x1][0x13]U[0xffffffd3][0xffffffec][0xffffffa8][0xffffffd4][0x5]|b[0x13]US[0xffffff96]R@J[0xffffff98]("[0xffffff94][0xffffffb0][0xffffff81]D(abYN[0x9][0x9]g1%$[0xffffffa2]A[0xffffff94]p[0xffffffe5][0xffffff89]R[0xffffffc2]w)J[0x9]W[0xffffffad][0x18]%[0xffffffb4]i!Jh[0xfffffff1]nP[0xffffffa2]9J[0xfffffff4][0xffffff8b]:[0x19][0xfffffff4][0xffffffc7][0xfffffffd][0xffffffc0][0xffffff94]h[0x1][0xffffff94]h[0xffffff9a][0xfffffff7][0xffffffc2][0xffffff80]7[0xffffff8c][0x12]-[0xffffff89][0x12][0x1a]E[0xffffff86][0x12].[0xffffff90][0xc]%4[0xffffff96][0xfffffff5][0xffffff94]X[0xffffffc3]YM[0xffffff89]5[0xffffffa2]I[0xffffff94]0[0xffffffe5][0xffffffc9]R[0xffffffc2]v)K[0x9]S[0xffffffad][0x1c]%[0xffffffa4]i)JH[0xfffffff1]nP[0xffffffc2][0xffffffad]]^[0xfffffff3][0xffffffc1][0xffffff9e]J[0xffffffe0]k[0xffffff97]3`[0xffffffed]r[0xffffff9a]I[0xffffffb6][0xffffffc2][0xffffff80]ck[0xffffff97]SF[0xffffffd7]HJ[0xffffff84][0xffffffac]][0xffffffda]@2[0xffffff94][0x8]X[0xffffffbb][0xffffff94]pVS"x[0xffffffed][0xffffffd2][0xffffff95]'K[0xffffff89][0xffffffbc][0xffffffb5]KW[0xffffffad][0x1c]%R[0xffffffd6].[0xffffffb5]x7([0xffffffe1][0xffffffd6].[0xffffffaf][0xfffffffb][0xffffffc6][0xffffff9e]J[0xffffffe0]k[0xffffff97]3`[0xffffffed]r[0xffffff9a]I[0xffffffb6][0xffffffc2][0xffffff80]ck[0xffffff97]SF[0xffffffd7]HJ[0xffffff84][0xffffffac]][0xffffffda]@2[0xffffff94][0x8]X[0xffffffbb][0xffffff94]pVS"x[0xffffffed][0xffffffd2][0xffffff95]'K[0xffffff89][0xffffffbc][0xffffffb5]KW[0xffffffad][0x1c]%R[0xffffffd6].[0xffffffb5]x7(q[0x18]J[0xffffffdc][0xfffffffd][0xffffffa2]>[0x6][0xfffffffd]q?0%[0xffffff8e][0x0]J[0x1c][0xffffff9a][0xfffffff7][0xffffffc2][0xffffff80][0x1f][0x18]%[0xffffff8e]$Jh[0x14][0x19]J[0xffffffb8]@2[0xffffff94][0xffffffd0]X[0xffffffd6]Sb[\r]g5%[0xffffffd6][0xffffff88]&Q[0xffffffc2][0xffffff94]'K[0x9][0xffffffdb][0xffffffa5],%L[0xffffffb5]r[0xffffff94][0xffffff90][0xffffffa6][0xffffffa5](![0xffffffc5][0xffffffbb]A[0x9]7Qu[0xf][0xffffffee][0x7][0xe]|[0xffffffa2]j[0x6]LTM[0xffffffb3][0xffffffa3]R[0x18]pl[0xffffffa2]j[0xffffffca]R[\n]"
[DEBUG] http-outgoing-1 << "I[0xffffff89][0xffffff90][0xffffff89]*[0x1b]H[0xffffff86][0x12][0x1][0x13]U[0x12][0xffffffce]jJ[0x4]OT[0xffffffb9][0xfffffff2]d)[0xffffff91]7Q[0xffffffe5][0xffffffaa][0xffffff95][0xffffffa3]D[0xffffffca]D[0xffffff95][0x16][0xffffffef][0x6]%[0xffffffdc]D[0xffffffd5]}[0xc][0xffffffec][0x7][0xe]|[0xffffffa2]j[0x6]LTM[0xffffffb3][0xffffffa3]R[0x18]pl[0xffffffa2]j[0xffffffca]R[\n]"
[DEBUG] http-outgoing-1 << "I[0xffffff89][0xffffff90][0xffffff89]*[0x1b]H[0xffffff86][0x12][0x1][0x13]U[0x12][0xffffffce]jJ[0x4]OT[0xffffffb9][0xfffffff2]d)[0xffffff91]7Q[0xffffffe5][0xffffffaa][0xffffff95][0xffffffa3]D[0xffffffca]D[0xffffff95][0x16][0xffffffef][0x6]%[0xffffffdc]D[0xffffffd5]}<[0xffffff8d][0xffffffa2][0x4]>Q5[0x3]&[0xffffffaa][0xffffffa6][0xffffffd9]Q)[0xc]86Q5e)[0xffffff85][0xffffffa4]D[0xffffffc8]D[0xffffff95][\r]$C[0xffffff89][0xffffff80][0xffffff89]*[0x9]g5%[0xffffff82]'[0xffffffaa]\y[0xffffffb2][0xffffff94][0xffffffc8][0xffffff9b][0xffffffa8]r[0xffffffd5][0xffffffca]Q"e[0xffffffa2]J[0xffffff8b][0xfffffff7][0xffffffef])q[0xffffffb9]][0xffffff89][0xfffffffb][0x1e][0x14]%.|W[0xffffffe2][\n]"
[DEBUG] http-outgoing-1 << "[0xffffffd8][0xffffff95][0xffffffb8][0xffffffcc][0xffffffc7][0xffffffcf]u[0x1][0xffffffbf][0xffffffb0]][0xffffff89]K>o[0x6])a[0xffffffa2][0xffffff88]P[0xffffffc2][0x6][0x12][0xffffffa1][0xffffff84][0xffffff89]e9%$[0xffffff9c][0xffffffc5][0xffffff94][0xffffff90][0xffffff88][0x6]Q[0xffffffc2][0xffffff95]'J[0x9][0xffffffdf][0xffffffa5](%\[0xffffffb5]b[0xffffff94][0xffffffd0][0xffffffa6][0xffffff85]([0xffffffa1][0xffffffc5][0xffffffbb]E[0xffffff89][0x1e]F[0x9]x[0xffffffed][0xfffffff2][0xfffffff3][0xe]xJ[0xffffff80]k[0xffffff97][0xffffff9f]W[0xffffffa7]([0xffffff91][0xffffffb3]vi[0xffffffa2]HQ"d[0xffffffed][0xffffffd2][0xffffffc4][0xffffff92][0xffffffa0][0x4][0xffffffba]v)[0x11][0xffffffcd][0xffffffa2]D[0xffffffd6][0xffffffda][0xffffffa5][0xffffffef]R[0xffffff9a][0x12]9k[0xffffff97][0xffffffda][0xffffffb4][0x1c]%[0xffffffbe][0xffffffbd]vy5G[0xffffff89]g[0xffffffde][0x14]%[0x1a]N[0xffffff89][0x16]@[0xffffff89][0xffffffa6]y/[0xc]x[0xffffffc3]([0xffffffd1][0xffffff92]([0xffffffa1]Qd([0xffffffe1][0x2][0xffffffc9]PBcYO[0xffffff89]5[0xffffff9c][0xffffffd5][0xffffff94]X#[0xffffff9a]D[0x9]S[0xffffff9e],%l[0xffffff97][0xffffffb2][0xffffff94]0[0xffffffd5][0xffffffca]QB[0xffffff9a][0xffffff96][0xffffffa2][0xffffff84][0x14][0xffffffef][0x6]%[0xe][0xfffffff3][0x3][0xffffffc7]s[0xffffffb7]AQ[0xffffffe2][0xffffffc0][0x7f][0xffffffe0]8[0x2]~[0xffffffe0]8[0xfffffff4])\a[0xffffffc0][0xf][0xffffffec][0x7][0xffffff8e]#[0xffffffe9][0x7][0xe][0xffffff8d]"C[0x9][0x17]H[0xffffff86][0x12][0x1a][0xffffffcb]zJ[0xffffffac][0xffffffe1][0xffffffac][0xffffffa6][0xffffffc4][0x1a][0xffffffd1]$J[0xffffff98][0xfffffff2]d)a[0xffffffbb][0xffffff94][0xffffffa5][0xffffff84][0xffffffa9]V[0xffffff8e][0x12][0xffffffd2][0xffffffb4][0x14]%[0xffffffa4]x[0xffffffb7](1[0xffffffc2](1pJ[0xffffff8c][0x0]J[0xc][0xffffff94][0x12][0x3][0xffffffa3][0xffffffc4]H[0xffffffa2][0xffffffc4][0x1a]E[0xffffff8a][0x12][0x1a]H[0xffffff8a][0x12]k,[0x9]J[0xc][0xffffff98][0x12]#[0xffffff98][0x12]R[0xffffff9e]4%L[0xffffff97][0xffffffd2][0xffffff94][0xffffff90]j%)1R(1[0xffffffbe]M[0xffffff89]S[0xffffff9f]J[0xffffffb4]W[0xffffffc3][0xffffffd6].[0x7f][0xffffffdc][0xf]L[0xffffff89]3[0xffffffe0][0xffffffa9][0xffffffc4][0xffffffa9]t.[0xc][0xfffffff8][0xffffff89]=[0xffffff95]8[0xffffff93][0xffffff9e]Jh[0x14][0x19]J[0xffffffb8]@2[0xffffff94][0xffffffd0]X[0xffffffd6]Sb[\r]g5%[0xffffffd6][0xffffff88]&Q[0xffffffc2][0xffffff94]'K[0x9][0xffffffdb][0xffffffa5],%L[0xffffffb5]r[0xffffff94][0xffffff90][0xffffffa6][0xffffffa5](![0xffffffc5][0xffffffbb]A[0x9]3Q[0xffffffd5]^[0xfffffff3][0xffffffa2]&[0xffffffaa].|[0xffffffa2][0xffffffea][\n]"
[DEBUG] http-outgoing-1 << "[0xffffff98][0xffffffa8][0xffffffba][0xffffffcc][0xffffff8e]Ja[0xffffffc0][0xffffffb1][0xffffff89][0xffffffaa]K[0xffffff96]RHJ[0xffffff84]LT[0xffffffd9]@2[0xffffff94][0x8][0xffffff98][0xffffffa8][0xffffff92]pVS"x[0xffffffa2][0xffffffca][0xffffff95]'K[0xffffff89][0xffffffbc][0xffffff89]*W[0xffffffad][0x1c]%R&[0xffffffaa][0xffffffb4]x7(a&[0xffffffaa][0xffffffda][0xffffffeb][0xffffffc6]v%.|[0xffffffa2][0xffffffea][\n]"
[DEBUG] http-outgoing-1 << "[0xffffff98][0xffffffa8][0xffffffba][0xffffffcc][0xffffff8e]Ja[0xffffffc0][0xffffffb1][0xffffff89][0xffffffaa]K[0xffffff96]RHJ[0xffffff84]LT[0xffffffd9]@2[0xffffff94][0x8][0xffffff98][0xffffffa8][0xffffff92]pVS"x[0xffffffa2][0xffffffca][0xffffff95]'K[0xffffff89][0xffffffbc][0xffffff89]*W[0xffffffad][0x1c]%R&[0xffffffaa][0xffffffb4]x7(a&[0xffffffaa]Z[0xffffffeb][0x7]F[0x9]|[0xffffffa2][0xffffffea][\n]"
[DEBUG] http-outgoing-1 << "[0xffffff98][0xffffffa8][0xffffffba][0xffffffcc][0xffffff8e]Ja[0xffffffc0][0xffffffb1][0xffffff89][0xffffffaa]K[0xffffff96]RHJ[0xffffff84]LT[0xffffffd9]@2[0xffffff94][0x8][0xffffff98][0xffffffa8][0xffffff92]pVS"x[0xffffffa2][0xffffffca][0xffffff95]'K[0xffffff89][0xffffffbc][0xffffff89]*W[0xffffffad][0x1c]%R&[0xffffffaa][0xffffffb4]x7([0xfffffff1]8J[0xffffff8c][0xfffffffe]P[0xffffff94]xpJ<[0x1][0xffffff94]x4[0xffffffef][0xffffff85][0x1][0x7f]0J<I[0xffffff94][0xffffffd0](2[0xffffff94]p[0xffffff81]d([0xffffffa1][0xffffffb1][0xffffffac][0xffffffa7][0xffffffc4][0x1a][0xffffffce]jJ[0xffffffac][0x11]M[0xffffffa2][0xffffff84])O[0xffffff96][0x12][0xffffffb6]KYJ[0xffffff98]j[0xffffffe5](!MKQB[0xffffff8a][0xfffffff7][0xffffffef])q[0xffffff9b][0xffffffb5][0xffffffcb][0xf]J\[0xffffffd4][0x17][0x1c]7[0xffffffbe]vy[0x7][0xffffffac]][0xffffffde]f[0xffffff92][0xffffffad].[0xffffffe0]7[0xffffffb6]vy[0xffffffcb][0xffffffe8][0x1a]H[0x9][0x13]E[0xffffff84][0x12]6[0xffffff90][0x8]%L,[0xffffffcb])![0xffffffe1],[0xffffffa6][0xffffff84]D4[0xffffff88][0x12][0xffffffae]<QJ[0xfffffff8].E)[0xffffffe1][0xffffffaa][0x15][0xffffffa3][0xffffff84]6-D[0x9]-[0xffffffde][\r]J4G[0xffffff89][0xffffffa3][0xffffffbd](J4[0xffffff9c][0x12]-[0xffffff80][0x12]M[0xfffffff3]^[0x18][0xfffffff0][0xffffff86]Q[0xffffffa2]%QB[0xffffffa3][0xffffffc8]P[0xffffffc2][0x5][0xffffff92][0xffffffa1][0xffffff84][0xffffffc6][0xffffffb2][0xffffff9e][0x12]k8[0xffffffab])[0xffffffb1]F4[0xffffff89][0x12][0xffffffa6]<YJ[0xffffffd8].e)a[0xffffffaa][0xffffff95][0xffffffa3][0xffffff84]4-E[0x9])[0xffffffde][\r]JtK[0x9]l[0xffffffed][0xfffffff2][0xffffffc7][0xfffffffd][0xffffffc0][0xffffff94][0xffffffe8][0x1][0xffffff94][0xffffffe8][0xffffff9a][0xfffffff7][0xffffffc2][0xffffff80]w[0xffffff8c][0x12]=[0xffffff89][0x12][0x1a]E[0xffffff86][0x12].[0xffffff90][0xc]%4[0xffffff96][0xfffffff5][0xffffff94]X[0xffffffc3]YM[0xffffff89]5[0xffffffa2]I[0xffffff94]0[0xffffffe5][0xffffffc9]R[0xffffffc2]v)K[0x9]S[0xffffffad][0x1c]%[0xffffffa4]i)JH[0xfffffff1]nPb8J[0xffffffcc][0x17][0xfffffff5][0xffffffda][0xffffffe5][0xffffff8f][0xfffffffb][0xffffff81])1[0x2](14[0xffffffef][0xffffff85][0x1][0x1f][0x18]%F[0x12]%4[0xffffff8a][0xc]%\ [0x19]Jh,[0xffffffeb])[0xffffffb1][0xffffff86][0xffffffb3][0xffffff9a][0x12]kD[0xffffff93](a[0xffffffca][0xffffff93][0xffffffa5][0xffffff84][0xffffffed]R[0xffffff96][0x12][0xffffffa6]Z9JH[0xffffffd3]R[0xffffff94][0xffffff90][0xffffffe2][0xffffffdd][0xffffffa0][0xffffffc4]a)qa?p[0x1c]8%[0xffffff8e][0x0]J[0x1c][0xffffff9a][0xfffffff7][0xffffffc2][0xffffff80][0x1f][0x18]%[0xffffff8e]$Jh[0x14][0x19]J[0xffffffb8]@2[0xffffff94][0xffffffd0]X[0xffffffd6]Sb[\r]g5%[0xffffffd6][0xffffff88]&Q[0xffffffc2][0xffffff94]'K[0x9][0xffffffdb][0xffffffa5],%L[0xffffffb5]r[0xffffff94][0xffffff90][0xffffffa6][0xffffffa5](![0xffffffc5][0xffffffbb]A[0x9][0xffffffb7]v[0xffffffd9][0xffffffdb]M}[0xffffffc1]q[0xffffffe3]k[0xffffff97]w[0xffffffc0][0xffffffda][0xffffffe5]m&[0xffffffd9][\n]"
[DEBUG] http-outgoing-1 << "[0x3][0xffffff8e][0xffffffad]][0xffffffde]2[0xffffffba]FR"d[0xffffffed][0xffffffd2][0x6][0xffffff92][0xffffffa1]D[0xffffffc0][0xffffffda][0xffffffa5][0xffffff84][0xffffffb3][0xffffff9a][0x12][0xffffffc1]k[0xffffff97][0xffffffae]<YJ[0xffffffe4][0xffffffad]][0xffffffba]j[0xffffffe5]([0xffffff91][0xffffffb2]v[0xffffffa9][0xffffffc5][0xffffffbb]A[0x9]7Q[0xffffffd5][0xffffffef][0xb][0xffffffa3][0x4]>Qu[0x7]LT[0xffffffdd]fG[0xffffffa5]0[0xffffffe0][0xffffffd8]D[0xffffffd5]-K)$%B&[0xffffffaa]l [0x19]J[0x4]LTI8[0xffffffab])[0x11]<Q[0xffffffe5][0xffffffca][0xffffff93][0xffffffa5]D[0xffffffde]D[0xffffff95][0xffffffab]V[0xffffff8e][0x12])[0x13]UZ[0xffffffbc][0x1b][0xffffff94]p[0x13]U[0xffffffa3]_[0xffffffd8][0xffffffbb][0x12][0xfffffff8]D[0xffffffd5][0x1d]0Qu[0xffffff9b][0x1d][0xffffff95][0xffffffc2][0xffffff80]c[0x13]U[0xffffffb7],[0xffffffa5][0xffffff90][0xffffff94][0x8][0xffffff99][0xffffffa8][0xffffffb2][0xffffff81]d([0x11]0Q%[0xffffffe1][0xffffffac][0xffffffa6]D[0xfffffff0]D[0xffffff95]+O[0xffffff96][0x12]y[0x13]U[0xffffffae]Z9J[0xffffffa4]LTi[0xfffffff1]nQ[0xffffffa2][0xffffff87]Q[0xffffffa2][0xffffffe3][0xffffff94][0xffffffe8][0x1][0xffffff94][0xffffffe8](%:F[0xffffff89][0xffffff9e]D[0xffffff89]5[0xffffff8a][0x14]%4[0xffffff90][0x14]%[0xffffffd6]X[0x12][0xffffff94][0xffffffe8]0%z0%[0xffffffa4]<iJ[0xffffff98].[0xffffffa5])![0xffffffd5]JR[0xffffffa2][0xffffffa7]P[0xffffffa2][0x7f][0xffffff9b][0x12]n[0xffffffed]r[0x1c][0x7]u2[0xffffffe8][0xffffff8d][0xffffffaf]][0xffffffde][0x1]k[0xffffff97][0xffffffb7][0xffffff99]d+[0xc]8[0xffffffb6]vy[0xffffffcb][0xffffffe8][0x1a]I[0xffffff89][0xffffff90][0xffffffb5]K[0x1b]H[0xffffff86][0x12][0x1]k[0xffffff97][0x12][0xffffffce]jJ[0x4][0xffffffaf]][0xffffffba][0xfffffff2]d)[0xffffff91][0xffffffb7]v[0xffffffe9][0xffffffaa][0xffffff95][0xffffffa3]D[0xffffffca][0xffffffda][0xffffffa5][0x16][0xffffffef][0xffffffdf]S[0xffffffe2]qk[0xffffff97][0xffffffe3][0xffffffbe][0xffffffa9]/8[0x1e]|[0xffffffed][0xfffffff2][0x9]X[0xffffffbb]|[0xffffffcc]$[][0xffffffc0][0x1f]l[0xffffffed][0xfffffff2][0xffffff91][0xffffffd1]5[0xffffff90][0x12]&[0xffffff8a][0x8]%l [0x11]J[0xffffff98]X[0xffffff96]SB[0xffffffc2]YL[0x9][0xffffff89]h[0x10]%\y[0xffffffa2][0xffffff94][0xfffffff0]][0xffffff8a]R[0xffffffc2]U+F[0x9]mZ[0xffffff88][0x12]Z[0xffffffbc][[0xffffff94]0?p[0xffffffa0][0xffffff94][0xffffff80][0x7f][0xffffffe0][0xfffffff8][0xffffffbc][0x3][0xffffff9e][0x12][0xffffffe0][0xf][0x1c][0xffffff9f]W[0xffffffa7]([0xffffff91][0xfffffff3][0x3][0xffffff87][0xffffff89]"E[0xffffff89][0xffffff90][0x1f]8L,[0x9]J[0xffffffa0]?pHD[0xffffffb3]([0xffffff91][0xfffffff5][0x3][0xffffff87][0xffffffef]R[0xffffff9a][0x12]9?ph[0xffffffd3]r[0xffffff94][0xfffffff8][0xfffffff6][0xf][0x1c][0xffffff8f][0x1b][0xffffffce]>^g[0xffffffa7]([0xffffff81][0xf]g?[0x1][0xffffffc3][0xffffffd9][0xffffff8f]Yw-[0xc]86[0xffffff9c][0xfffffffd][0xffffffc8]~+I[0xffffff89][0xffffff90][0xffffffe1]l[0x1b]H[0xffffff86][0x12][0x1][0xffffffc3][0xffffffd9][0x12][0xffffffce]jJ[0x4][0xf]g[0xffffffbb][0xfffffff2]d)[0xffffff91]7[0xffffff9c][0xffffffed][0xffffffaa][0xffffff95][0xffffffa3]D[0xffffffca]p[0xffffffb6][0x16][0xffffffef][0x6]%[0xffffffdc]p[0xfffffff6][0xfffffff1][0xfffffff1][0x1f][0xffffff8a][0x12][0xfffffff8]p[0xfffffff6][0x13]0[0xffffff9c][0xfffffffd][0xffffff98]u[0xffffffd7][0xffffffc2][0xffffff80]c[0xffffffc3][0xffffffd9][0xffffff8f][0xffffffec][0xffffffb7][0xffffff92][0xffffff94][0x8][0x19][0xffffffce][0xffffffb6][0xffffff81]d([0x11]0[0xffffff9c]-[0xffffffe1][0xffffffac][0xffffffa6]D[0xfffffff0]p[0xffffffb6]+O[0xffffff96][0x12]y[0xffffffc3][0xffffffd9][0xffffffae]Z9J[0xffffffa4][0xc]gk[0xfffffff1]nP[0xffffffc2][\r]g[0x1f][0xffffffe7][0xffffff85]=[0xffffff95][0xffffffc0][0xffffff87][0xffffffb3][0xffffff9f][0xffffff80][0xffffffe1][0xffffffec][0xffffffc7][0xffffffac][0xffffffbb][0x16][0x6][0x1c][0x1b][0xffffffce]~d[0xffffffbf][0xffffff95][0xffffffa4]D[0xffffffc8]p[0xffffffb6][\r]$C[0xffffff89][0xffffff80][0xffffffe1]l[0x9]g5%[0xffffff82][0xffffff87][0xffffffb3]]y[0xffffffb2][0xffffff94][0xffffffc8][0x1b][0xffffffce]v[0xffffffd5][0xffffffca]Q"e8[[0xffffff8b]w[0xffffff83][0x12][0xffffff87][0xffffffa3][0xffffffc4][0xffffffe4][0xffffff9e]J[0x1c]8%[0xffffff8e][0x0]J[0x1c][0xffffff9a][0xfffffff7][0xffffffc2][0xffffff80][0x1f][0x18]%[0xffffff8e]$Jh[0x14][0x19]J[0xffffffb8]@2[0xffffff94][0xffffffd0]X[0xffffffd6]Sb[\r]g5%[0xffffffd6][0xffffff88]&Q[0xffffffc2][0xffffff94]'K[0x9][0xffffffdb][0xffffffa5],%L[0xffffffb5]r[0xffffff94][0xffffff90][0xffffffa6][0xffffffa5](![0xffffffc5][0xffffffbb]A[0x9]7[0xffffff9c]}[0xffffffcc][0xffffff89][0xffffffbd]v[0xffffff89][0xf]g?[0x1][0xffffffc3][0xffffffd9][0xffffff8f]Yw-[0xc]86[0xffffff9c][0xfffffffd][0xffffffc8]~+I[0xffffff89][0xffffff90][0xffffffe1]l[0x1b]H[0xffffff86][0x12][0x1][0xffffffc3][0xffffffd9][0x12][0xffffffce]jJ[0x4][0xf]g[0xffffffbb][0xfffffff2]d)[0xffffff91]7[0xffffff9c][0xffffffed][0xffffffaa][0xffffff95][0xffffffa3]D[0xffffffca]p[0xffffffb6][0x16][0xffffffef][0x6]%[0xffffffa6][0xffffffa3][0xffffffc4][0xfffffff5][0xffffffa2][0xffffff86][0xffffffb3][0x7f][0xffffffdc][0xf]L[0xffffff89][0x19]@[0xffffff89][0xffffffa9]y/[0xc][0xfffffff8][0xffffffc4](1[0xffffff93]([0xffffffa1]Qd([0xffffffe1][0x2][0xffffffc9]PBcYO[0xffffff89]5[0xffffff9c][0xffffffd5][0xffffff94]X#[0xffffff9a]D[0x9]S[0xffffff9e],%l[0xffffff97][0xffffffb2][0xffffff94]0[0xffffffd5][0xffffffca]QB[0xffffff9a][0xffffff96][0xffffffa2][0xffffff84][0x14][0xffffffef][0x6]%[0xffffffdc][0x19][0x1c][0xffffffc7][0xffffffdd][0xffffffa8][0xffffff89][0xffffffaa][0x7]?[0xffffff83][0xffffffe3][0x9]8[0xffffff83][0xffffffe3]1C[0xfffffff1][0xffffff85][0x1][0xffffffc7][0xffffffce][0xffffffe0]xd[\n]"
[DEBUG] http-outgoing-1 << "[0xffffff9e][0xffffffa4]D[0xffffffc8][0x19][0x1c]6[0xffffff90][0xc]%[0x2][0xffffffce][0xffffffe0][0xffffff90]pVS"[0xfffffff8][0xc][0xe]W[0xffffff9e],%[0xfffffff2][0xffffffce][0xffffffe0]p[0xffffffd5][0xffffffca]Q"[0xffffffe5][0xc][0xe]-[0xffffffde][\r]J[0xffffffb8]38[0xffffffce]1.[0xffffff8a][0x12][0xfffffff8][0x19][0x1c]O[0xffffffc0][0x19][0x1c][0xffffff8f][0x19][0xffffff8a]/[0xc]8v[0x6][0xffffffc7]#S[0xfffffff0]$%B[0xffffffce][0xffffffe0][0xffffffb0][0xffffff81]d([0x11]p[0x6][0xffffff87][0xffffff84][0xffffffb3][0xffffff9a][0x12][0xffffffc1]gp[0xffffffb8][0xfffffff2]d)[0xffffff91]w[0x6][0xffffff87][0xffffffab]V[0xffffff8e][0x12])gph[0xfffffff1]nQB'[0xffffffaa]XJ[0xffffffd0][0x13]U[0x1]gp<f([0xffffffbe]4[0xffffffe0][0xffffffd4]DU[0xffffffd2][0x19][0x1c]&[0xffffff8a][0x14]%R&[0xffffffaa][0x2][0xffffffce][0xffffffe0][0xffffff90]p[0xffffffd6]S"w[0xffffffa2]*[0xffffffed][0xc][0xe][0xffffffdf][0xffffffa5]4%[0xffffff82]&[0xffffffaa]R[0xffffffce][0xffffffe0][0xffffffd0][0xffffffe2][0xffffffdd][0xffffffa2][0xffffffc4][0x8][0xffffffa3][0xffffffc4][0xffffffc0])1[0x2](1PJ[0xc][0xffffff8c][0x12]#[0xffffff89][0x12]k[0x14])Jh )J[0xffffffac][0xffffffb1]$(1`J[0xffffff8c]`JHy[0xffffffd2][0xffffff94]0]JSB[0xffffffaa][0xffffff95][0xffffffa4][0xffffffc4]H[0xffffffa1][0xffffffc4][0xfffffff8][0xf](q[0xffffff86]Q[0xffffffe2][0xffffffc4])q[0x6]P[0xffffffe2]D)qb[0xffffff94]8[0xffffff93]([0xffffffb1]F[0xffffff91][0xffffffa2][0xffffff84][0x6][0xffffff92][0xffffffa2][0xffffffc4][0x1a]K[0xffffff82][0x12]'L[0xffffff89]3[0xffffff98][0x12]R[0xffffff9e]4%L[0xffffff97][0xffffffd2][0xffffff94][0xffffff90]j%)q[0xffffffa6]P[0xffffffe2][0xfffffffc][0xf]([0xffffffd1][0xffffffd2],[0xffffffd1]xL[0xffffffb4][0x4]M4[0xffffff96][0x13][0xffffff8d][0xfffffff3]D[0xffffff8b][0x2][0xffffff85][0xffffffe4][0xffffff91][0x12][0xffffff85]I%E[\n]"
[DEBUG] http-outgoing-1 << "[0xffffffc9]&a[0xffffff8a]F[0xffffffa3][0xffffffa2]%[0xffffffab]Bk[0xffffff94]f[0xffffff85]kU[0xffffffda][0x15]Z[0xffffffb2]$,[0xffffffd6][0xffffffce][0xffffffe5]d[0xffffffb1]V[0xfffffff0][0x16]-z[0xffffffda]/[0x1e][0xffffff9d][0xffffffff][0xffffffc9][0xffffffa3]'[0xfffffffc][0xffffffe6][0xffffffd1][0xffffffd9][0x1f]=:[0xfffffff7][0xffffffab]G[0xffffff8f][0xfffffffa][0xffffffd9]C[0xfffffff2]H[0xffffffd1][0xffffffc2][0xffffffa4][0xffffff92][0xffffffa2][0xffffff85]d[0xffffff93][0xffffffa0]E[0xffffffa7][0x7f][0xfffffffa][0xffffffe8][0xffffffc9][0xffffffbf]}h[0xffffff8d][0xffffffd2][0xffffffb4]p[0xffffffad]J[0xffffffd3]BK[0xffffff96][0xffffffa4][0xffffffc5][0xffffffda][0xffffffb9][0x1c]-[0xffffffd6][\n]"
[DEBUG] http-outgoing-1 << "[0xffffffde][0xffffffa2][0xffffffc5]H{j1[0xfffffff8][0xffffffa7][0x16]#[0xffffffe1][0xffffffa9][0xffffffc5]`[0xffffff9f]Z[0xc][0xffffffee][0xffffffa9][0xffffffc5][0xffffff88]zj!y[0xffffffa4]haRI[0xffffffd1]B[0xffffffb2]I[0xffffffd0]b[0xffffffd0]O-F[0xfffffff2]S[0xb][0xffffffad]Q[0xffffff9a][0x16][0xffffffae]UiZh[0xffffffc9][0xffffff92][0xffffffb4]X;[0xffffff97][0xffffffa3][0xffffffc5]Z[0xffffffc1][[0xffffffb4][0xffffffb8][0xffffffef]0Z[0xffffffdc]7N[0xffffff8b][0xffffff8f][[0xffffffe0]i[0xfffffff1][0xfffffff3]&(Z|\[0xffffff9e][0xffffffa2][0xffffffc5][0xffffffd7][0xffffffa5]Sh!y[0xffffffa4]haRI[0xffffffd1]B[0xffffffb2]I[0xffffffd0]bIh=-[0xffffff96][0xffffff9c]f[0xffffffd1]Bk[0xffffff94][0xffffffa6][0xffffff85]kU[0xffffff9a][0x16]Z[0xffffffb2]$-[0xffffffd6][0xffffffce][0xffffffe5]h[0xffffffb1]V[0xfffffff0][0x16]-[0xffffff9e][0xffffffb4]a[0xffffff8a][0xffffff87]_[0xffffffa6][0xfffffff8][0xffffffb8][0x5][0xffffff9e][0x16]?o[0xffffff82][0xffffffa2][0xffffffc5][0xffffffc3][0xffffff8d]S<Q[0xffffffeb][0x14][0xffffff92]G[0xffffff8a][0x16]&[0xffffff95][0x14]-$[0xffffff9b][0x4]-[0x1e]z[0xffffffa1][0xffffffe2]I[0xffffff9e][0xffffffa8][0xffffffd0][0x1a][0xffffffa5]i[0xffffffe1]Z[0xffffff95][0xffffffa6][0xffffff85][0xffffff96],I[0xffffff8b][0xffffffb5]s9Z[0xffffffac][0x15][0xffffffbc]E[0xffffff8b]6[0xffffffd3]~[0x11][0xfffffff9][0xffffffb8]#[0x1c][0x17]?[0xffffffee][0xffffff81][0xffffffd7][0xffffffc5]?wA[0xfffffff1][0xffffffe2][0xffffffc7][0xfffffff5])_[0xfffffffc][0xffffffbc]v[\n]"
[DEBUG] http-outgoing-1 << "04[0xffffff94][0xffffff94]0\4)bh@[0x9]c[0xffffffac]1[0xffffffad]G[0xffffffc6][0x1a][0xffffffd6],e[0xffffff98]B[0xffffffa5][0xffffff99]a[0xfffffffb][0xffffff95]v[0xffffff86][0xffffffa9][[0x12][0x1a][0xffffffd2][0xffffffbe][0xffffff9c]4[0xffffffa4][0xffffff8c][0xffffffff][0xffffff86][0x1a][0xffffffe7][0xffffffd7]_y[0xffffffdc][0xffffffba][0xffffffe6][\r][0xffffff9c]D[0xfffffffa][0xffffffeb]~(f[0xfffffffc]v[0x7][0x18]2[0xffffff96]{(&[0xffffffc6]oW/[0x6][0xffffffc6][0xffffffff]^[0x19][0xffffffe6][0xffffffc5][0xffffffdb]([0x16][0xffffffe3][0xffffffe2][0xf][0xffffff81],[0xffffffa6][0xffffffc5][0xffffffdb]X[0x16][0xffffffc2][0xffffffe2]M8[0xffffffcb]X[0xfffffff1]&[0xffffffa2][0x11][0xffffffa8]x_[0xffffff9e][0x10])[0xfffffffe][0xffffffd4][0xffffffa5][0x10]([0xffffffde]W+[0xffffffc0][0xffffff89]wM[[0xffffff8e][0xffffff89]w[0xffffffc5][0xffffffbb]E[0x9][0xffffffb3][0xffffffae][0xffffff89]R[0x2][[0xffffffd7][0xfffffffc][0xffffffed][0xe]xJ [0xffffffeb][0xffffff9a][0xffffffbf]][0xffffff9d][0xffffffa2]D[0xffffffc2][0xffffffba][0xffffffe6][0xffffffdb](R[0xffffff94][0xffffffc0][0xffffffd7]5[0xffffffdf][0xffffffc6][0xffffff92][0xffffffa0][0x4][0xffffffb4][0xffffffae][0xfffffff9]&[0xffffffa2]Y[0xffffff94]HY[0xffffffd7][0xfffffffc]S[0xffffff97][0xffffffd2][0xffffff94]HX[0xffffffd7]|[0xffffffd7][0xffffffb4][0x1c]%[0xffffffbe][0xffffffb1][0xffffffae][0xfffffff9][0xffffffe3]o\[0xffffffaf][0xffffffd7][0xffffffcb]<[0xffffff95][0xffffff98]m[0xffffffd4][0x1f]j[0xfffffffe][0xffffffeb]~HJ[0xfffffffc][0xffffffbc][0x3][0xffffff94][0x12][0xffffffbf][0xffffffdd][0x3]@[0xffffff89][0xffffff9f]W[0x7]([0xfffffff1][0xffffffeb][0xffffffca][0x1][0xffffff94][0xffffffb0]Q[0x4]([0xfffffff1]&[0xffffff90][0x0]%l,[0xffffff8b])a[0xffffffc2]YJ[0x9][0x13][0xffffffd1][0x18]J[0xfffffff8][0xfffffff2][0x4])[0xfffffff1][0xffffffae]KAJ[0xfffffff8]j[0xffffff85]([0xffffffe1][0xffffff9a][0x16][0xffffffa1][0xffffff84]+[0xffffffde][\r]JtG[0xffffff89][0xf][0xffffffa6]P[0xffffff94][0xffffffe8]8%z[0x0]%[0xffffffba][0xffffffe6][0xffffffbd]0[0xffffffe0][0x1d][0xffffffa3]DO[0xffffffa2][0xffffff84]F[0xffffff91][0xffffffa1][0xffffff84][0xb]$C[0x9][0xffffff8d]e=%[0xffffffd6]pVSb[0xffffff8d]h[0x12]%Ly[0xffffffb2][0xffffff94][0xffffffb0]][0xffffffca]R[0xffffffc2]T+G[0x9]iZ[0xffffff8a][0x12]R[0xffffffbc][0x1b][0xffffff94][0x18][0xffffff86][0x12]W{[0xffffffd5][0xffffffbf][0xffffff94][0xfffffff9][0xffffffeb]~`J[0xffffff8c][0x0]J[0xc][0xffffffcd]{a[0xffffffc0][0x7]F[0xffffff89][0xffffff91]D[0x9][0xffffff8d]"C[0x9][0x17]H[0xffffff86][0x12][0x1a][0xffffffcb]zJ[0xffffffac][0xffffffe1][0xffffffac][0xffffffa6][0xffffffc4][0x1a][0xffffffd1]$J[0xffffff98][0xfffffff2]d)a[0xffffffbb][0xffffff94][0xffffffa5][0xffffff84][0xffffffa9]V[0xffffff8e][0x12][0xffffffd2][0xffffffb4][0x14]%[0xffffffa4]x7(q8J[0xfffffff4][0x7][0xffffffa3][0xffffffc4][0xffffff81]S[0xffffffe2][0x8][0xffffffa0][0xffffffc4][0xffffffa1]y/[0xc][0xfffffff8][0xffffff81]Q[0xffffffe2]H[0xffffffa2][0xffffff84]F[0xffffff91][0xffffffa1][0xffffff84][0xb]$C[0x9][0xffffff8d]e=%[0xffffffd6]pVSb[0xffffff8d]h[0x12]%Ly[0xffffffb2][0xffffff94][0xffffffb0]][0xffffffca]R[0xffffffc2]T+G[0x9]iZ[0xffffff8a][0x12]R[0xffffffbc][0x1b][0xffffff94]8[0x1d]%[0xffffffe6][0xffffffdd](J[0xffffff9c]8%[0xffffffce][0x0]J[0xffffff9c][0xffffff9a][0xfffffff7][0xffffffc2][0xffffff80][0xffffff9f][0x18]%[0xffffffce]$Jh[0x14][0x19]J[0xffffffb8]@2[0xffffff94][0xffffffd0]X[0xffffffd6]Sb[\r]g5%[0xffffffd6][0xffffff88]&Q[0xffffffc2][0xffffff94]'K[0x9][0xffffffdb][0xffffffa5],%L[0xffffffb5]r[0xffffff94][0xffffff90][0xffffffa6][0xffffffa5](![0xffffffc5][0xffffffbb]A[0xffffff89][0xffffffe9]([0xfffffff1]a[0x9][0xffffff8a][0x12][0x13][0xffffffa7][0xffffffc4][0xc][0xffffffa0][0xffffffc4][0xffffffd4][0xffffffbc][0x17][0x6]|b[0xffffff94][0xffffff98]I[0xffffff94][0xffffffd0](2[0xffffff94]p[0xffffff81]d([0xffffffa1][0xffffffb1][0xffffffac][0xffffffa7][0xffffffc4][0x1a][0xffffffce]jJ[0xffffffac][0x11]M[0xffffffa2][0xffffff84])O[0xffffff96][0x12][0xffffffb6]KYJ[0xffffff98]j[0xffffffe5](!MKQB[0xffffff8a]w[0xffffff83][0x12][0xffffff97][0xffffffa3][0xffffffc4][0xffffffdd]'E[0xffffff89][0xb][0xffffffa7][0xffffffc4][0x15]@[0xffffff89]K[0xfffffff3]^[0x18][0xfffffff0][0xb][0xffffffa3][0xffffffc4][0xffffff95]D[0x9][0xffffff8d]"C[0x9][0x17]H[0xffffff86][0x12][0x1a][0xffffffcb]zJ[0xffffffac][0xffffffe1][0xffffffac][0xffffffa6][0xffffffc4][0x1a][0xffffffd1]$J[0xffffff98][0xfffffff2]d)a[0xffffffbb][0xffffff94][0xffffffa5][0xffffff84][0xffffffa9]V[0xffffff8e][0x12][0xffffffd2][0xffffffb4][0x14]%[0xffffffa4]x7(q[J[0xffffffdc][0xffffff9d][0xffffffa2][0xffffffc4][0xffffff8d]S[0xffffffe2][0xe][0xffffffa0][0xffffffc4][0xffffffad]y/[0xc][0xfffffff8][0xffffff8d]Q[0xffffffe2]N[0xffffffa2][0xffffff84]F[0xffffff91][0xffffffa1][0xffffff84][0xb]$C[0x9][0xffffff8d]e=%[0xffffffd6]pVSb[0xffffff8d]h[0x12]%Ly[0xffffffb2][0xffffff94][0xffffffb0]][0xffffffca]R[0xffffffc2]T+G[0x9]iZ[0xffffff8a][0x12]R[0xffffffbc][0x1b][0xffffff94]pk[0xffffff97][0xffffffd7]s`O%[0xffffffe0][0xffffffb5][0xffffffcb][0xffffff9f]w@S[0x2]\[0xffffffbb][0xfffffffc]yu[0xffffff86][0x12]9k[0xffffff97]6[0xffffff8a][0xc]%B[0xffffffd6].m,[0xffffffeb])[0xffffff81][0xffffffae]][0xffffff9a][0xffffff88]&Q"k[0xffffffed][0xfffffff2]][0xffffff97][0xffffffb2][0xffffff94][0xffffffc8]Y[0xffffffbb]tMKQ[0xffffffe2][0xffffffdb]k[0xffffff97][0xffffffd7][0xffffffab][0xffffffb9][0xffffff89][0xffffffaa][0xfffffffb]uS[0x13]U[\r][0xffffff9f][0xffffffa8]j[0x1][0x13]U[0xffffffcd][0xffffffec][0xffffffa8][0xffffffd4][0x5][0xffffffbc]a[0x13]UM[0xffffff96]R@J[0xffffff98]("[0xffffff94][0xffffffb0][0xffffff81]D(abYN[0x9][0x9]g1%$[0xffffffa2]A[0xffffff94]p[0xffffffe5][0xffffff89]R[0xffffffc2]w)J[0x9]W[0xffffffad][0x18]%[0xffffffb4]i!Jh[0xfffffff1]nQ[0xffffffa2][0xffffff87]Q[0x2][0x1d][0xffffffce][0xfffffffe]y[0x7]<%[0xffffffb0][0xffffffe1][0xffffffec][0xffffff9f]W[0xffffffa7]([0xffffff91]2[0xffffff9c]m[0xffffffa3]HQ"b8[0xffffffdb][0xffffffc6][0xffffff92][0xffffffa0][0x4]8[0xffffff9c]m"[0xffffff9a]E[0xffffff89][0xffffffa4][0xffffffe1][0xffffffec]w]JS"e8[0xffffffdb]5-G[0xffffff89]o[0xf]g[0xffffffb7][0xffffffe6][0xffffff9e]J[0x1c]cP[0xffffff94]h[0xfffffff8]S[0xffffff89][0x16][0xfffffff0]T[0xffffffa2])[0xffffff9d][0xb][0x3][0xffffffde][0xffffffb0][0xffffffa7][0x12]-[0xffffffe9][0xffffffa9][0xffffff84]F[0xffffff91][0xffffffa1][0xffffff84][0xb]$C[0x9][0xffffff8d]e=%[0xffffffd6]pVSb[0xffffff8d]h[0x12]%Ly[0xffffffb2][0xffffff94][0xffffffb0]][0xffffffca]R[0xffffffc2]T+G[0x9]iZ[0xffffff8a][0x12]R[0xffffffbc][0x1b][0xffffff94]p[0xffffffc3][0xffffffd9][0xfffffff7]|a[0xffffff94][0xffffffc0][0xffffff87][0xffffffb3][[0xffffffc0]pv3[0xffffffeb][0xffffffae][0xffffff85][0x1][0xffffffc7][0xffffff86][0xffffffb3][0xffffff9b][0xffffffec][0xffffffb7][0xffffff92][0xffffff94][0x8][0x19][0xffffffce][0xffffffb6][0xffffff81]d([0x11]0[0xffffff9c]-[0xffffffe1][0xffffffac][0xffffffa6]D[0xfffffff0]p[0xffffffb6]+O[0xffffff96][0x12]y[0xffffffc3][0xffffffd9][0xffffffae]Z9J[0xffffffa4][0xc]gk[0xfffffff1]nQ[0xffffffe2][0x8][0xffffffa3][0xffffffc4][0xffffff81]S[0xffffffe2][0x8][0xffffffa0][0xffffffc4][0xffffff81]R[0xffffffe2][0xffffffc0](q$Qb[0xffffff8d]"E[0x9][\r]$E[0xffffff89]5[0xffffff96][0x4]%[0xe][0xffffff98][0x12]G0%[0xffffffa4]<iJ[0xffffff98].[0xffffffa5])![0xffffffd5]JR[0xffffffe2]H[0xffffffa1][0xffffffc4][0xfffffff1]mJ[0xffffffb8]38[0xffffff9e][0xffffffd7][0xffffff81]Q[0x2]?[0xffffff83][0xffffffa3][0x5][0xffffff9c][0xffffffc1][0xffffffd1][0xffffffcc]P|a[0xffffffc0][0xffffffb1]38[0xffffff9a]L[0xffffffc1][0xffffff93][0xffffff94][0x8]9[0xffffff83][0xffffffc3][0x6][0xffffff92][0xffffffa1]D[0xffffffc0][0x19][0x1c][0x12][0xffffffce]jJ[0x4][0xffffff9f][0xffffffc1][0xffffffe1][0xffffffca][0xffffff93][0xffffffa5]D[0xffffffde][0x19][0x1c][0xffffffae]Z9J[0xffffffa4][0xffffff9c][0xffffffc1][0xffffffa1][0xffffffc5][0xffffffbb]E[0x9]}[0xffffffed][0xffffff92][0xffffffa5][0x4][0xfffffffd][0xffffffda][0xffffffe5][0x8]x[0xffffffed]r[0xffffffe8][0xffffffbb]A[0xffffffa5][0x1][0xffffffa7]^[0xffffffbb][0x1c]I[0xffffffaf]]j[0x14])J[0xffffffa4][0xffffffbc]v[0xffffffa9][0xffffffb1]$([0xffffffc1][0xffffffbe]v[0xffffffb9]F4[0xffffff8b][0x12]a[0xffffffaf]][0xffffffda].[0xffffffa5])[0x11][0xfffffff4][0xffffffda][0xffffffa5]4-G[0xffffff89][0xffffffef][0xffffffbf]v[0xffffffe9][0xffffff8e][0xfffffff3]z:G[0x9][0xfffffffc]8[0xffffffaf][0x16]p[0xffffff9c]W3g[0xffffffce][0x14][0x6][0x1c];[0xffffffce][0xffffffab][0xffffffc9][0xffffffa9]2$%B[0xffffff8e][0xfffffff3][0xffffffb2][0xffffff81]d([0x11]p[0xffffff9c][0xffffff97][0xffffff84][0xffffffb3][0xffffff9a][0x12][0xffffffc1][0xffffffc7]y[0xffffffb9][0xfffffff2]d)[0xffffff91]w[0xffffff9c][0xffffff97][0xffffffab]V[0xffffff8e][0x12])[0xffffffc7]yi[0xfffffff1]nP[0xffffffe2]t[0xffffff94][0x18][0xffffffd8][0x19][0x1c]?[0xffffffee][0x7][0xffffffa6][0xffffffc4][0x19]@[0xffffff89]S[0xfffffff3]^[0x18][0xfffffff0][0x13][0xffffffa3][0xffffffc4][0xffffff99]D[0x9][0xffffff8d]"C[0x9][0x17]H[0xffffff86][0x12][0x1a][0xffffffcb]zJ[0xffffffac][0xffffffe1][0xffffffac][0xffffffa6][0xffffffc4][0x1a][0xffffffd1]$J[0xffffff98][0xfffffff2]d)a[0xffffffbb][0xffffff94][0xffffffa5][0xffffff84][0xffffffa9]V[0xffffff8e][0x12][0xffffffd2][0xffffffb4][0x14]%[0xffffffa4]x7([0xffffffe1][0xffffff8e][0xfffffff3]z[0xffffffae][0xfffffff9]P[0xffffff94][0xffffffc0][0xffffff8f][0xfffffff3]j[0x1][0xffffffc7]y5s[0xffffffe6]La[0xffffffc0][0xffffffb1][0xffffffe3][0xffffffbc][0xffffff9a][0xffffff9c]*CR"[0xffffffe4]8/[0x1b]H[0xffffff86][0x12][0x1][0xffffffc7]yI8[0xffffffab])[0x11]|[0xffffff9c][0xffffff97]+O[0xffffff96][0x12]y[0xffffffc7]y[0xffffffb9]j[0xffffffe5]([0xffffff91]r[0xffffff9c][0xffffff97][0x16][0xffffffef][0x6]%[0xffffffcc]q^[0xfffffffd][0x3])[0x17]E[0x9][0xfffffffc]8[0xffffffaf][0x16]p[0xffffff9c]W3g[0xffffffce][0x14][0x6][0x1c];[0xffffffce][0xffffffab][0xffffffc9][0xffffffa9]2$%B[0xffffff8e][0xfffffff3][0xffffffb2][0xffffff81]d([0x11]p[0xffffff9c][0xffffff97][0xffffff84][0xffffffb3][0xffffff9a][0x12][0xffffffc1][0xffffffc7]y[0xffffffb9][0xfffffff2]d)[0xffffff91]w[0xffffff9c][0xffffff97][0xffffffab]V[0xffffff8e][0x12])[0xffffffc7]yi[0xfffffff1]nP[0xffffffc2][0x1c][0xffffffe7][0xffffffd5]_[0xffffffc7][0xffffff89]=[0xffffff95][0xffffffc0][0xffffff8f][0xfffffff3]j[0x1][0xffffffc7]y5s[0xffffffe6]La[0xffffffc0][0xffffffb1][0xffffffe3][0xffffffbc][0xffffff9a][0xffffff9c]*CR"[0xffffffe4]8/[0x1b]H[0xffffff86][0x12][0x1][0xffffffc7]yI8[0xffffffab])[0x11]|[0xffffff9c][0xffffff97]+O[0xffffff96][0x12]y[0xffffffc7]y[0xffffffb9]j[0xffffffe5]([0xffffff91]r[0xffffff9c][0xffffff97][0x16][0xffffffef][0x6]%[0xffffffcc]q^[0xfffffffd]u][0x7]E[0x9][0xfffffffc]8[0xffffffaf][0x16]p[0xffffff9c]W3g[0xffffffce][0x14][0x6][0x1c];[0xffffffce][0xffffffab][0xffffffc9][0xffffffa9]2$%B[0xffffff8e][0xfffffff3][0xffffffb2][0xffffff81]d([0x11]p[0xffffff9c][0xffffff97][0xffffff84][0xffffffb3][0xffffff9a][0x12][0xffffffc1][0xffffffc7]y[0xffffffb9][0xfffffff2]d)[0xffffff91]w[0xffffff9c][0xffffff97][0xffffffab]V[0xffffff8e][0x12])[0xffffffc7]yi[0xfffffff1][0xfffffffe]=%[0xffffffba]9[0xffffffce][0xffffffab][0xffffffbf][0xffffffee]A[0xffffffbd]v[0xffffffd9][0xfffffff1][0xffffffe3][0xffffffbc]z[0xffffffc0]q^[0xffffffdd][0xffffff9c]9S[0x17][0xfffffff0][0xffffff8e][0x1d][0xffffffe7][0xffffffd5][0xffffffe5]T[0x19][0xffffff90][0x12]&[0xffffff8a][0x8]%l [0x11]J[0xffffff98]X[0xffffff96]SB[0xffffffc2]YL[0x9][0xffffff89]h[0x10]%\y[0xffffffa2][0xffffff94][0xfffffff0]][0xffffff8a]R[0xffffffc2]U+F[0x9]mZ[0xffffff88][0x12]Z[0xffffffbc][0x1b][0xffffff94]0gp[0xfffffff4][0xffffffd6]:[0xfffffff5][0x3]G[0xffffffc7][0xffffffcf][0xffffffe0][0xffffffe8][0x1]gpt3[0x14]_[0x18]p[0xffffffec][0xc][0xffffff8e].S[0xfffffff0]$%B[0xffffffce][0xffffffe0][0xffffffb0][0xffffff81]d([0x11]p[0x6][0xffffff87][0xffffff84][0xffffffb3][0xffffff9a][0x12][0xffffffc1]gp[0xffffffb8][0xfffffff2]d)[0xffffff91]w[0x6][0xffffff87][0xffffffab]V[0xffffff8e][0x12])gph[0xfffffff1]nP[0xffffffc2][0xffffff9c][0xffffffc1][0xffffffd1]?[0xfffffffe][0xffffffcf][0xffffff93][0xffffffa2][0x4]~[0x6]G[0xf]8[0xffffff83][0xffffffa3][0xffffff9b][0xffffffa1][0xfffffff8][0xffffffc2][0xffffff80]cgpt[0xffffff99][0xffffff82]')[0x11]r[0x6][0xffffff87][\r]$C[0xffffff89][0xffffff80]38$[0xffffff9c][0xffffffd5][0xffffff94][0x8]>[0xffffff83][0xffffffc3][0xffffff95]'K[0xffffff89][0xffffffbc]38\[0xffffffb5]r[0xffffff94]H9[0xffffff83]C[0xffffff8b]w[0xffffff83][0x12]f8[0xffffffbb][0xffffffb7]k`[0xffffff94][0xffffffc0][0xffffff87][0xffffffb3]{[0xffffffc0]pv7[0xffffffeb][0xffffffae][0xffffff85][0x1][0xffffffc7][0xffffff86][0xffffffb3][0xffffffbb][0xffffffec][0xffffffb7][0xffffff92][0xffffff94][0x8][0x19][0xffffffce][0xffffffb6][0xffffff81]d([0x11]0[0xffffff9c]-[0xffffffe1][0xffffffac][0xffffffa6]D[0xfffffff0]p[0xffffffb6]+O[0xffffff96][0x12]y[0xffffffc3][0xffffffd9][0xffffffae]Z9J[0xffffffa4][0xc]gk[0xfffffff1]nP[0xffffffc2][0xffffffac]][0xfffffff6][0xfffffff6][0xffffffbc][0xffffffb0][0x1f]8[0xfffffff0][0xffffffb5][0xffffffcb][0x1e][0xffffffb0]v[0xffffffd9][0xffffffcd]$[a[0xffffffc0][0xffffffb1][0xffffffb5][0xffffffcb].[0xffffffa3]k$%B[0xffffffd6].m [0x19]J[0x4][0xffffffac]]J8[0xffffffab])[0x11][0xffffffbc]v[0xffffffe9][0xffffffca][0xffffff93][0xffffffa5]D[0xffffffde][0xffffffda][0xffffffa5][0xffffffab]V[0xffffff8e][0x12])k[0xffffff97]Z[0xffffffbc][0x1b][0xffffff94]8[\r]%[0xfffffffa][0xffffffc0]N[0x6][0xfffffffd]q?0%[0xffffffce][0x0]J[0xffffff9c][0xffffff9a][0xfffffff7][0xffffffc2][0xffffff80][0xffffff9f][0x18]%[0xffffffce]$Jh[0x14][0x19]J[0xffffffb8]@2[0xffffff94][0xffffffd0]X[0xffffffd6]Sb[\r]g5%[0xffffffd6][0xffffff88]&Q[0xffffffc2][0xffffff94]'K[0x9][0xffffffdb][0xffffffa5],%L[0xffffffb5]r[0xffffff94][0xffffff90][0xffffffa6][0xffffffa5](![0xffffffc5][0xffffffbb]A[0x9][0xffffffb3]v[0xffffffd9][0xfffffffb]qw[0xffffff8a][0x12][0xfffffff8][0xffffffda]e[0xf]X[0xffffffbb][0xffffffec]f[0xffffff92][0xffffffad]0[0xffffffe0][0xffffffd8][0xffffffda]e[0xffffff97][0xffffffd1]5[0xffffff92][0x12]!k[0xffffff97]6[0xffffff90][0xc]%[0x2][0xffffffd6].%[0xffffff9c][0xffffffd5][0xffffff94][0x8]^[0xffffffbb]t[0xffffffe5][0xffffffc9]R"o[0xffffffed][0xffffffd2]U+G[0xffffff89][0xffffff94][0xffffffb5]K-[0xffffffde][\r]J[0xffffffb8][0xffffff89][0xffffffaa][0xfffffff1]z^[0x14]%[0xfffffff0][0xffffff89][0xffffffaa][0x1e]0Q[0xffffffd5][0xffffffcd][0xffffff8e]Ja[0xffffffc0][0xffffffb1][0xffffff89][0xffffffaa].K)$%B&[0xffffffaa]l [0x19]J[0x4]LTI8[0xffffffab])[0x11]<Q[0xffffffe5][0xffffffca][0xffffff93][0xffffffa5]D[0xffffffde]D[0xffffff95][0xffffffab]V[0xffffff8e][0x12])[0x13]UZ[0xffffffbc][0x1b][0xffffff94]p[0x13]U[0xffffffe3]x&E[0x9]|[0xffffffa2][0xffffffaa][0x7]LTu[0xffffffb3][0xffffffa3]R[0x18]pl[0xffffffa2][0xffffffaa][0xffffffcb]R[\n]"
[DEBUG] http-outgoing-1 << "I[0xffffff89][0xffffff90][0xffffff89]*[0x1b]H[0xffffff86][0x12][0x1][0x13]U[0x12][0xffffffce]jJ[0x4]OT[0xffffffb9][0xfffffff2]d)[0xffffff91]7Q[0xffffffe5][0xffffffaa][0xffffff95][0xffffffa3]D[0xffffffca]D[0xffffff95][0x16][0xffffffef][0xffffffdf]Sb[0xffffffb8][0xffffff89][0xffffffaa]q^[\r][0xffffffa2][0xffffffc4][0xffffffc0]'[0xffffffaa]F[0xffffffc0]D[0xffffffd5]0;*u[0x1][0x1f][0xffffffd8]D[0xffffffd5][0xffffff90][0xffffffa5][0x14][0xffffff90][0x12]&[0xffffff8a][0x8]%l [0x11]J[0xffffff98]X[0xffffff96]SB[0xffffffc2]YL[0x9][0xffffff89]h[0x10]%\y[0xffffffa2][0xffffff94][0xfffffff0]][0xffffff8a]R[0xffffffc2]U+F[0x9]mZ[0xffffff88][0x12]Z[0xffffffbc][0x1b][0xffffff94]p[0x13]Uc[0xe][0xffffffea][0x7][0xffffff8e][0xffffff81]OT[0xffffff8d][0xffffff80][0xffffff89][0xffffffaa]avT[\n]"
[DEBUG] http-outgoing-1 << "[0x3][0xffffff8e]MT[\r]YJ!)[0x11]2Qe[0x3][0xffffffc9]P"`[0xffffffa2]J[0xffffffc2]YM[0xffffff89][0xffffffe0][0xffffff89]*W[0xffffff9e],%[0xfffffff2]&[0xffffffaa]\[0xffffffb5]r[0xffffff94]H[0xffffff99][0xffffffa8][0xffffffd2][0xffffffe2][0xffffffdd][0xffffffa0][0xffffff84][0xffffff9b][0xffffffa8][0x1a][0xfffffff3][0xffffffa2]>[0x6][0x1d][0xfffffff8]D[0xffffffd5][0x8][0xffffff98][0xffffffa8][0x1a]fG[0xffffffa5]0[0xffffffe0][0xffffffd8]D[0xffffffd5][0xffffff90][0xffffffa5][0x14][0xffffff92][0x12]![0x13]U6[0xffffff90][0xc]%[0x2]&[0xffffffaa]$[0xffffff9c][0xffffffd5][0xffffff94][0x8][0xffffff9e][0xffffffa8]r[0xffffffe5][0xffffffc9]R"o[0xffffffa2][0xffffffca]U+G[0xffffff89][0xffffff94][0xffffff89]*-[0xffffffde][\r]J[0xffffffb8][0xffffff89][0xffffffaa]q[\r][0xffffffea]][0xffffff89][0xffffff81]OT[0xffffff8d][0xffffff80][0xffffff89][0xffffffaa]avT[\n]"
[DEBUG] http-outgoing-1 << "[0x3][0xffffff8e]MT[\r]YJ!)[0x11]2Qe[0x3][0xffffffc9]P"`[0xffffffa2]J[0xffffffc2]YM[0xffffff89][0xffffffe0][0xffffff89]*W[0xffffff9e],%[0xfffffff2]&[0xffffffaa]\[0xffffffb5]r[0xffffff94]H[0xffffff99][0xffffffa8][0xffffffd2][0xffffffe2][0xffffffdd][0xffffffa0][0xffffff84][0xffffff9b][0xffffffa8][0x1a][0xfffffff7][0xffffff89][0xfffffffd][0xffffffc0][0xffffff81]OT[0xffffff8d][0xffffff80][0xffffff89][0xffffffaa]avT[\n]"
[DEBUG] http-outgoing-1 << "[0x3][0xffffff8e]MT[\r]YJ!)[0x11]2Qe[0x3][0xffffffc9]P"`[0xffffffa2]J[0xffffffc2]YM[0xffffff89][0xffffffe0][0xffffff89]*W[0xffffff9e],%[0xfffffff2]&[0xffffffaa]\[0xffffffb5]r[0xffffff94]H[0xffffff99][0xffffffa8][0xffffffd2][0xffffffe2][0xffffffdd][0xffffffa0][0xffffffc4]i([0xfffffff1][0xfffffff1]o[0xffffffec][0xffffffa9][0xffffffc4][0xffffff89]S[0xffffffe2][0xc][0xffffffa0][0xffffffc4][0xffffffa9]y/[0xc][0xfffffff8][0xffffff89]Q[0xffffffe2]L[0xffffffa2][0xffffff84]F[0xffffff91][0xffffffa1][0xffffff84][0xb]$C[0x9][0xffffff8d]e=%[0xffffffd6]pVSb[0xffffff8d]h[0x12]%Ly[0xffffffb2][0xffffff94][0xffffffb0]][0xffffffca]R[0xffffffc2]T+G[0x9]iZ[0xffffff8a][0x12]R[0xffffffbc][0x1b][0xffffff94]p[0x13]U[0xffffffc7]q`_p[0xffffffe0][0x13]U#`[0xffffffa2]j[0xffffff98][0x1d][0xffffff95][0xffffffc2][0xffffff80]c[0x13]UC[0xffffff96]RHJ[0xffffff84]LT[0xffffffd9]@2[0xffffff94][0x8][0xffffff98][0xffffffa8][0xffffff92]pVS"x[0xffffffa2][0xffffffca][0xffffff95]'K[0xffffff89][0xffffffbc][0xffffff89]*W[0xffffffad][0x1c]%R&[0xffffffaa][0xffffffb4]x7(q9J<[0xffffffed][0xffffffa0](q[0xffffffe1][0xffffff94][0xffffffb8][0x2](qi[0xffffffde][0xb][0x3]~a[0xffffff94][0xffffffb8][0xffffff92]([0xffffffa1]Qd([0xffffffe1][0x2][0xffffffc9]PBcYO[0xffffff89]5[0xffffff9c][0xffffffd5][0xffffff94]X#[0xffffff9a]D[0x9]S[0xffffff9e],%l[0xffffff97][0xffffffb2][0xffffff94]0[0xffffffd5][0xffffffca]QB[0xffffff9a][0xffffff96][0xffffffa2][0xffffff84][0x14][0xffffffef][0x6]%[0xffffffdc][0xffffffda][0xffffffe5][0xffffffd9]^[0x18]%[0xfffffff0][0xffffffb5][0xffffffcb][0x11][0xffffffb0]v9[0xffffffcc]$[a[0xffffffc0][0xffffffb1][0xffffffb5][0xffffffcb]![0xffffffa3]k$%B[0xffffffd6].m [0x19]J[0x4][0xffffffac]]J8[0xffffffab])[0x11][0xffffffbc]v[0xffffffe9][0xffffffca][0xffffff93][0xffffffa5]D[0xffffffde][0xffffffda][0xffffffa5][0xffffffab]V[0xffffff8e][0x12])k[0xffffff97]Z[0xffffffbc][0x1b][0xffffff94]pk[0xffffff97][0xffffffe7][0xfffffff9][0xffffffc2][0xffffffde][0xffffff95][0xffffffc0][0xffffffd7].G[0xffffffc0][0xffffffda][0xffffffe5]0[0xffffff93]l[0xffffff85][0x1][0xffffffc7][0xffffffd6].[0xffffff87][0xffffff8c][0xffffffae][0xffffff91][0xffffff94][0x8]Y[0xffffffbb][0xffffffb4][0xffffff81]d([0x11][0xffffffb0]v)[0xffffffe1][0xffffffac][0xffffffa6]D[0xfffffff0][0xffffffda][0xffffffa5]+O[0xffffff96][0x12]yk[0xffffff97][0xffffffae]Z9J[0xffffffa4][0xffffffac]]j[0xfffffff1][0xfffffffe]=%[0xe][0xffffffb7]vy[0xffffffce][0xffffffe7][0xffffff86](q[0xffffffe0]k[0xffffff97]G[0xffffffc0][0xffffffda][0xffffffe5]a&[0xffffffd9][0xffffffea][0x2]~`k[0xffffff97][0xffffff87][0xffffff8c][0xffffffae][0xffffff81][0xffffff94]0QD(a[0x3][0xffffff89]P[0xffffffc2][0xffffffc4][0xffffffb2][0xffffff9c][0x12][0x12][0xffffffce]bJHD[0xffffff83]([0xffffffe1][0xffffffca][0x13][0xffffffa5][0xffffff84][0xffffffef]R[0xffffff94][0x12][0xffffffae]Z1Jh[0xffffffd3]B[0xffffff94][0xffffffd0][0xffffffe2][0xffffffdd][0xffffffa0]D[0xfffffffb]?](1_[0xffffff93]:d[0xfffffffc][0xffffffc7][0xfffffffd][0xffffffc0][0xffffff94][0xfffffff8]q[0x7]4%[0xfffffffe][0xffffffb9][0x7][0xffffff86][0x12]?[0xffffffae][0xffffffce]P[0xffffffe2][0xffffffe7][0xffffff95]3([0xffffffa1]Qd([0xffffffe1][0x2][0xffffffc9]PBcYO[0xffffff89]5[0xffffff9c][0xffffffd5][0xffffff94]X#[0xffffff9a]D[0x9]S[0xffffff9e],%l[0xffffff97][0xffffffb2][0xffffff94]0[0xffffffd5][0xffffffca]QB[0xffffff9a][0xffffff96][0xffffffa2][0xffffff84][0x14][0xffffffef][0x6]%[0xffffffdc][0xffffffda][0xffffffe5][0xffffffec]7[0xfffffff5][0x5][0xffffffc7][0xffffff81][0xffffffaf]][0x1e][0x1]k[0xffffff97][0xffffff87][0xffffff99]d+[0xc]8[0xffffffb6]vy[0xffffffc8][0xffffffe8][0x1a]I[0xffffff89][0xffffff90][0xffffffb5]K[0x1b]H[0xffffff86][0x12][0x1]k[0xffffff97][0x12][0xffffffce]jJ[0x4][0xffffffaf]][0xffffffba][0xfffffff2]d)[0xffffff91][0xffffffb7]v[0xffffffe9][0xffffffaa][0xffffff95][0xffffffa3]D[0xffffffca][0xffffffda][0xffffffa5][0x16][0xffffffef][0x6]%[0xffffffdc][0xffffffda][0xffffffe5][0xffffff9c]'[0xfffffff6]T[0x2]_[0xffffffbb]<[0x2][0xffffffd6]."
[DEBUG] http-outgoing-1 << "[0xf]3[0xffffffc9]V[0x18]pl[0xffffffed][0xfffffff2][0xffffff90][0xffffffd1]5[0xffffff92][0x12]!k[0xffffff97]6[0xffffff90][0xc]%[0x2][0xffffffd6].%[0xffffff9c][0xffffffd5][0xffffff94][0x8]^[0xffffffbb]t[0xffffffe5][0xffffffc9]R"o[0xffffffed][0xffffffd2]U+G[0xffffff89][0xffffff94][0xffffffb5]K-[0xffffffde][\r]J[0xffffffb8][0xffffffb5][0xffffffcb]y[\r][0xffffffea][0xc][0xffffff8e][0x3]_[0xffffffbb]<[0x2][0xffffffd6].[0xf]3[0xffffffc9]V[0x18]pl[0xffffffed][0xfffffff2][0xffffff90][0xffffffd1]5[0xffffff92][0x12]!k[0xffffff97]6[0xffffff90][0xc]%[0x2][0xffffffd6].%[0xffffff9c][0xffffffd5][0xffffff94][0x8]^[0xffffffbb]t[0xffffffe5][0xffffffc9]R"o[0xffffffed][0xffffffd2]U+G[0xffffff89][0xffffff94][0xffffffb5]K-[0xffffffde][\r]J[0xffffff9c][0xffffff96][0x12][0xfffffff7]AQ[0xffffffe2][0xffffffc4])q[0x6]P[0xffffffe2][0xffffffd4][0xffffffbc][0x17][0x6][0xfffffffc][0xffffffc4](q&QB[0xffffffa3][0xffffffc8]P[0xffffffc2][0x5][0xffffff92][0xffffffa1][0xffffff84][0xffffffc6][0xffffffb2][0xffffff9e][0x12]k8[0xffffffab])[0xffffffb1]F4[0xffffff89][0x12][0xffffffa6]<YJ[0xffffffd8].e)a[0xffffffaa][0xffffff95][0xffffffa3][0xffffff84]4-E[0x9])[0xffffffde][\r]J[0xffffffb8][0xffffffb5][0xffffffcb]y[0x7f][0xfffffffe][0xfffffff3]B([0xffffff81][0xffffffaf]][0x1e][0x1]k[0xffffff97][0xffffff87][0xffffff99]d+[0xc]8[0xffffffb6]vy[0xffffffc8][0xffffffe8][0x1a]I[0xffffff89][0xffffff90][0xffffffb5]K[0x1b]H[0xffffff86][0x12][0x1]k[0xffffff97][0x12][0xffffffce]jJ[0x4][0xffffffaf]][0xffffffba][0xfffffff2]d)[0xffffff91][0xffffffb7]v[0xffffffe9][0xffffffaa][0xffffff95][0xffffffa3]D[0xffffffca][0xffffffda][0xffffffa5][0x16][0xffffffef][0x6]%[0xffffffdc][0xffffffda][0xffffffe5]|^[0x18]%[0xfffffff0][0xffffffb5][0xffffffcb]#`[0xffffffed][0xfffffff2]0[0xffffff93]l[0xffffff85][0x1][0xffffffc7][0xffffffd6].[0xf][0x19]]#)[0x11][0xffffffb2]vi[0x3][0xffffffc9]P"`[0xffffffed]R[0xffffffc2]YM[0xffffff89][0xffffffe0][0xffffffb5]KW[0xffffff9e],%[0xfffffff2][0xffffffd6].][0xffffffb5]r[0xffffff94]HY[0xffffffbb][0xffffffd4][0xffffffe2][0xffffffdd][0xffffffa0][0xffffff84][[0xffffffbb][0xffffffbc]^7[0xffffffb6]+[0xffffff81][0xffffffaf]][0x1e][0x1]k[0xffffff97][0xffffff87][0xffffff99]d+[0xc]8[0xffffffb6]vy[0xffffffc8][0xffffffe8][0x1a]I[0xffffff89][0xffffff90][0xffffffb5]K[0x1b]H[0xffffff86][0x12][0x1]k[0xffffff97][0x12][0xffffffce]jJ[0x4][0xffffffaf]][0xffffffba][0xfffffff2]d)[0xffffff91][0xffffffb7]v[0xffffffe9][0xffffffaa][0xffffff95][0xffffffa3]D[0xffffffca][0xffffffda][0xffffffa5][0x16][0xffffffef][0x6]%[0xffffffdc][0xffffffda][0xffffffe5][0xffffffd5]'[0xfffffff6]T[0x2]_[0xffffffbb]<[0x2][0xffffffd6].[0xf]3[0xffffffc9]V[0x18]pl[0xffffffed][0xfffffff2][0xffffff90][0xffffffd1]5[0xffffff92][0x12]!k[0xffffff97]6[0xffffff90][0xc]%[0x2][0xffffffd6].%[0xffffff9c][0xffffffd5][0xffffff94][0x8]^[0xffffffbb]t[0xffffffe5][0xffffffc9]R"o[0xffffffed][0xffffffd2]U+G[0xffffff89][0xffffff94][0xffffffb5]K-[0xffffffde]-J[0xffffff8c]0J[0xc][0xffffff9c][0x12]#[0xffffff80][0x12][0x3][0xffffffa5][0xffffffc4][0xffffffc0](1[0xffffff92]([0xffffffb1]F[0xffffff91][0xffffffa2][0xffffff84][0x6][0xffffff92][0xffffffa2][0xffffffc4][0x1a]K[0xffffff82][0x12][0x3][0xffffffa6][0xffffffc4][0x8][0xffffffa6][0xffffff84][0xffffff94]'M[0x9][0xffffffd3][0xffffffa5]4%[0xffffffa4]ZIJ[0xffffff8c][0x14]J[0xffffff8c][0xffffffff][0xffffff80][0x12]g[0x18]%N[0xffffff9c][0x12]g[0x0]%N[0xffffff94][0x12]'F[0xffffff89]3[0xffffff89][0x12]k[0x14])Jh )J[0xffffffac][0xffffffb1]$(q[0xffffffc2][0xffffff94]8[0xffffff83])![0xffffffe5]IS[0xffffffc2]t)M[0x9][0xffffffa9]V[0xffffff92][0x12]g[\n]"
[DEBUG] http-outgoing-1 << "%[0xffffffce][0xffffffff][0xffffff80][0x12][0xffffffed][\n]"
[DEBUG] http-outgoing-1 << "[0xffffffb3]D[0xffffffbb]pL|[0xffffffdc][0x2][0xffffffaf][0xffffff89][0xffffff9f]7Aq[0xffffffe2][0xffffffe3][0xfffffff2][0xffffff94]'[0xffffffbe].[0xffffff9d][0x2][\n]"
[DEBUG] http-outgoing-1 << "[0xffffffc9]#%[\n]"
[DEBUG] http-outgoing-1 << "[0xffffff93]J[0xffffff8a][0x14][0xffffff92]M[0xffffffc2][0x14]KB[0xffffffeb]Q[0xffffffb1][0xffffffe4]4K[0x15]Z[0xffffffa3]4+\[0xffffffab][0xffffffd2][0xffffffae][0xffffffd0][0xffffff92]%a[0xffffffb1]v.'[0xffffff8b][0xffffffb5][0xffffff82][0xffffffb7]h[0xffffffd1][0xffffffef]0Z[0xfffffff4][0x1b][0xffffffa7][0xffffffc5][0xffffffc7]-[0xfffffff0][0xffffffb4][0xfffffff8]y[0x13][0x14]->.O[0xffffffd1][0xffffffe2][0xffffffeb][0xffffffd2])[0xffffffb4][0xffffff90]<R[0xffffffb4]0[0xffffffa9][0xffffffa4]h![0xffffffd9]$h[0xffffffb1]$[0xffffffb4][0xffffff9e][0x16]KN[0xffffffb3]h[0xffffffa1]5J[0xffffffd3][0xffffffc2][0xffffffb5]*M[0xb]-Y[0xffffff92][0x16]k[0xffffffe7]r[0xffffffb4]X+x[0xffffff8b][0x16]G[0xb][0xffffffa3][0xffffffc5][0xffffffd1]pZ|[0xffffffdc][0x2]O[0xffffff8b][0xffffff9f]7A[0xffffffd1][0xffffffe2][0xffffffe3][0xfffffff2][0x14]-[0xffffffbe].[0xffffff9d]B[0xb][0xffffffc9]#E[0xb][0xffffff93]J[0xffffff8a][0x16][0xffffff92]M[0xffffff82][0x16]KB[0xffffffeb]i[0xffffffb1][0xffffffe4]4[0xffffff8b][0x16]Z[0xffffffa3]4-\[0xffffffab][0xffffffd2][0xffffffb4][0xffffffd0][0xffffff92]%i[0xffffffb1]v.G[0xffffff8b][0xffffffb5][0xffffff82][0xfffffff7]h[0xffffffd1][0xffffffd3]hA[0xffffff9f]%[0xfffffffa]y[0xb][0x1][0xffffffb4] O[0x13][0xfffffffd][0xffffffbc]<F[0xffffff8b][0xffffffa0][0xfffffff3]DM[0x1e]1Z[0xffffffa4][0xffffff9c](j[0xffffffb2][0xffffff89][0xffffffd0][0xffffff82]=STr[0x1a]F[0xffffff8b][0xffffffb0]SE}[0xffffffab][0xffffffe2][0xffffffb4][0x8]:WT;[0x17][0xffffffa4][0xffffffc5][0xfffffff7]O[0x16]}[0xfffffffe][0xffffffcf][0xffffffe7][0xffffffc8]v[0x12]-[0xffffffee][0x3][0xffffffa7][0xffffffc5][0xffffffc7]-[0xfffffff0][0xffffffb4][0xfffffff8]y[0x13][0x14]->.O[0xffffffd1][0xffffffe2][0xffffffeb][0xffffffd2])[0xffffffb4][0xffffff90]<R[0xffffffb4]0[0xffffffa9][0xffffffa4]h![0xffffffd9]$h[0xffffffb1]$[0xffffffb4][0xffffff9e][0x16]KN[0xffffffb3]h[0xffffffa1]5J[0xffffffd3][0xffffffc2][0xffffffb5]*M[0xb]-Y[0xffffff92][0x16]k[0xffffffe7]r[0xffffffb4]X+x[0xffffff8b][0x16]O[0xffffffda]'![0xf][0xffffffff]M[0xffffffc8][0xffffff93][0xfffffff0]Q[0xffffffc8][0xffffffc3]~[0x15][0xfffffff2]p[0xffffff9f][0xffffff85]<Q[0xffffffdf][0xffffff85]H[0x1e])Z[0xffffff98]TR[0xffffffb4][0xffffff90]l[0x12][0xffffffb4]x[0xffffffe8]oC[0xffffff9e][0xffffffe4][0xffffff8f]C[0xffffffb4]FiZ[0xffffffb8]V[0xffffffa5]i[0xffffffa1]%K[0xffffffd2]b[0xffffffed]\[0xffffff8e][0x16]k[0x5][0xffffffff][\r]-[0xffffffe6][0xffffffe7][0x1f]9[0xffffff9b][0xffffff99][0xffffffc0][0xffffffba][0xfffffffb]'7je[0xfffffff1][0xffffffeb]~(X[0xfffffffc]v[0x7][0xffffff98]+[0xffffff96]{(f[0xffffffc5]oW/V[0xffffffc5][0xffffffff]^[0x19]F[0xffffffc5][0xffffffdb]([0x16][0xffffff9b][0xffffffe2][0xf][0xffffff81],&[0xffffffc5][0xffffffdb]X[0x16][0xffffff8a][0xffffffe2]M8[0xffffffcb]@[0xfffffff1]&[0xffffffa2][0x11][0xffffff9e]x_[0xffffff9e][0x10]'[0xfffffffe][0xffffffd4][0xffffffa5][0xffffff90]&[0xffffffde]W+[0xffffff80][0xffffff89]wM[n[0xffffff89]w[0xffffffc5][0xffffffbb]A[0xffffff89][0xffffffee](1[0xffffffaf]FQ[0xffffffa2][0xffffffe3][0xffffff94][0xffffffe8][0x1][0xffffff94][0xffffffe8][0xffffff9a][0xfffffff7][0xffffffc2][0xffffff80]w[0xffffff8c][0x12]=[0xffffff89][0x12][0x1a]E[0xffffff86][0x12].[0xffffff90][0xc]%4[0xffffff96][0xfffffff5][0xffffff94]X[0xffffffc3]YM[0xffffff89]5[0xffffffa2]I[0xffffff94]0[0xffffffe5][0xffffffc9]R[0xffffffc2]v)K[0x9]S[0xffffffad][0x1c]%[0xffffffa4]i)JH[0xfffffff1]nQB[0xffffffdf][0xffffffd2]d)[0xffffff81][0xffffffbd][0xffffffa4][0xfffffff9][0xffffffdb][0x1d][0xfffffff0][0xffffff94]@^[0xffffffd1][0xfffffffc][0xffffffed][0xffffffea][0x14]%[0x12]^[0xffffffd0]|[0x1b]E[0xffffff8a][0x12][0xfffffff8][0xffffffeb][0xffffff99]ocIP[0x2]z9[0xfffffff3]MD[0xffffffb3]([0xffffff91][0xfffffff2]j[0xffffffe6][0xffffff9f][0xffffffba][0xffffff94][0xffffffa6]D[0xffffffc2][0xffffff8b][0xffffff99][0xffffffef][0xffffff9a][0xffffff96][0xffffffa3][0xffffffc4]7^[0xffffffcb][0xfffffffc][0xfffffff9]7[0xffffff86]{*q[0x1f][0x18]%[0x6][0xfffffffe]Tb[0x4]<[0xffffff95][0x18]J[0xffffffe7][0xffffffc2][0xffffff80][0xf][0xffffffec][0xffffffa9][0xffffffc4]Hz*[0xffffffa1]Qd([0xffffffe1][0x2][0xffffffc9]PBcYO[0xffffff89]5[0xffffff9c][0xffffffd5][0xffffff94]X#[0xffffff9a]D[0x9]S[0xffffff9e],%l[0xffffff97][0xffffffb2][0xffffff94]0[0xffffffd5][0xffffffca]QB[0xffffff9a][0xffffff96][0xffffffa2][0xffffff84][0x14][0xffffffef][0x6]%[0xe]C[0xffffff89][0xffffffa7][0x1f][0xffffffd8][0xffffffbb][0x12][0x7]N[0xffffff89]#[0xffffff80][0x12][0xffffff87][0xffffffe6][0xffffffbd]0[0xffffffe0][0x7]F[0xffffff89]#[0xffffff89][0x12][0x1a]E[0xffffff86][0x12].[0xffffff90][0xc]%4[0xffffff96][0xfffffff5][0xffffff94]X[0xffffffc3]YM[0xffffff89]5[0xffffffa2]I[0xffffff94]0[0xffffffe5][0xffffffc9]R[0xffffffc2]v)K[0x9]S[0xffffffad][0x1c]%[0xffffffa4]i)JH[0xfffffff1]nP[0xffffffe2]t[0xffffff94]8[0xffffff8e]IQ[0xffffffe2][0xffffffc4])q[0x6]P[0xffffffe2][0xffffffd4][0xffffffbc][0x17][0x6][0xfffffffc][0xffffffc4](q&QB[0xffffffa3][0xffffffc8]P[0xffffffc2][0x5][0xffffff92][0xffffffa1][0xffffff84][0xffffffc6][0xffffffb2][0xffffff9e][0x12]k8[0xffffffab])[0xffffffb1]F4[0xffffff89][0x12][0xffffffa6]<YJ[0xffffffd8].e)a[0xffffffaa][0xffffff95][0xffffffa3][0xffffff84]4-E[0x9])[0xffffffde][\r]JLG[0xffffff89][0xffffffbb]_[0x14]%&N[0xffffff89][0x19]@[0xffffff89][0xffffffa9]y/[0xc][0xfffffff8][0xffffffc4](1[0xffffff93]([0xffffffa1]Qd([0xffffffe1][0x2][0xffffffc9]PBcYO[0xffffff89]5[0xffffff9c][0xffffffd5][0xffffff94]X#[0xffffff9a]D[0x9]S[0xffffff9e],%l[0xffffff97][0xffffffb2][0xffffff94]0[0xffffffd5][0xffffffca]QB[0xffffff9a][0xffffff96][0xffffffa2][0xffffff84][0x14][0xffffffef][0x6]%nG[0xffffff89]gb[0xffffffef]J[0xffffffdc]8%[0xffffffee][0x0]J[0xffffffdc][0xffffff9a][0xfffffff7][0xffffffc2][0xffffff80][0xffffffdf][0x18]%[0xffffffee]$Jh[0x14][0x19]J[0xffffffb8]@2[0xffffff94][0xffffffd0]X[0xffffffd6]Sb[\r]g5%[0xffffffd6][0xffffff88]&Q[0xffffffc2][0xffffff94]'K[0x9][0xffffffdb][0xffffffa5],%L[0xffffffb5]r[0xffffff94][0xffffff90][0xffffffa6][0xffffffa5](![0xffffffc5][0xffffffbb]A[0xffffff89]G)1^[0xffffffaf]vP[0xffffff94]xpJ<[0x1][0xffffff94]x4[0xffffffef][0xffffff85][0x1][0x7f]0J<I[0xffffff94][0xffffffd0](2[0xffffff94]p[0xffffff81]d([0xffffffa1][0xffffffb1][0xffffffac][0xffffffa7][0xffffffc4][0x1a][0xffffffce]jJ[0xffffffac][0x11]M[0xffffffa2][0xffffff84])O[0xffffff96][0x12][0xffffffb6]KYJ[0xffffff98]j[0xffffffe5](!MKQB[0xffffff8a][0xfffffff7][0xffffffef])1_[0xffffff96][0x12][0xfffffff3][0xffffff86]([0xfffffff1][0xffffffe3]~XJ|[0xffffffde][0x1]L[0xffffff89][0x7f][0xffffffef][0x1][0xffffffa1][0xffffffc4][0xffffffe7][0xffffffd5][0x11]J[0xfffffffc]s[0xffffffe5][0x8]J[0xffffff98]("[0xffffff94][0xffffffb0][0xffffff81]D(abYN[0x9][0x9]g1%$[0xffffffa2]A[0xffffff94]p[0xffffffe5][0xffffff89]R[0xffffffc2]w)J[0x9]W[0xffffffad][0x18]%[0xffffffb4]i!Jh[0xfffffff1]nP[0xffffffc2][0xffffffac]][0xffffff8e]W[0x7f]a[0xffffff94][0xffffffc0][0xffffffd7].g[0xffffffc0][0xffffffda][0xffffffe5]4[0xffffff93]l[0xffffff85][0x1][0xffffffc7][0xffffffd6].[0xffffffa7][0xffffff8c][0xffffffae][0xffffff91][0xffffff94][0x8]Y[0xffffffbb][0xffffffb4][0xffffff81]d([0x11][0xffffffb0]v)[0xffffffe1][0xffffffac][0xffffffa6]D[0xfffffff0][0xffffffda][0xffffffa5]+O[0xffffff96][0x12]yk[0xffffff97][0xffffffae]Z9J[0xffffffa4][0xffffffac]]j[0xfffffff1]nP[0xffffffc2][0xffffffac]][0xffffff8e][0xffffffd7]yS[0xffffffaf]]N|[0xffffffed]r[0x6][0xffffffac]]N3[0xffffffc9]V[0x18]pl[0xffffffed]r[0xffffffca][0xffffffe8][0x1a]I[0xffffff89][0xffffff90][0xffffffb5]K[0x1b]H[0xffffff86][0x12][0x1]k[0xffffff97][0x12][0xffffffce]jJ[0x4][0xffffffaf]][0xffffffba][0xfffffff2]d)[0xffffff91][0xffffffb7]v[0xffffffe9][0xffffffaa][0xffffff95][0xffffffa3]D[0xffffffca][0xffffffda][0xffffffa5][0x16][0xffffffef][0x6]%[0xffffffcc]D[0xffffffd5]x[0xffffffdd][0xffffff8d][0xffffffda][0xffffff95][0xffffff98][0xfffffff8]D[0xffffffd5][0xc][0xffffff98][0xffffffa8][0xffffff9a]fG[0xffffffa5]0[0xffffffe0][0xffffffd8]D[0xffffffd5][0xffffff94][0xffffffa5][0x14][0xffffff92][0x12]![0x13]U6[0xffffff90][0xc]%[0x2]&[0xffffffaa]$[0xffffff9c][0xffffffd5][0xffffff94][0x8][0xffffff9e][0xffffffa8]r[0xffffffe5][0xffffffc9]R"o[0xffffffa2][0xffffffca]U+G[0xffffff89][0xffffff94][0xffffff89]*-[0xffffffde][\r]J[0xffffff98][0xffffff89][0xffffffaa][0xffffffd1][0xfffffffa][0xfffffff1][0xffffffa2]([0xffffff81]OT[0xffffffcd][0xffffff80][0xffffff89][0xffffffaa]ivT[\n]"
[DEBUG] http-outgoing-1 << "[0x3][0xffffff8e]MTMYJ!)[0x11]2Qe[0x3][0xffffffc9]P"`[0xffffffa2]J[0xffffffc2]YM[0xffffff89][0xffffffe0][0xffffff89]*W[0xffffff9e],%[0xfffffff2]&[0xffffffaa]\[0xffffffb5]r[0xffffff94]H[0xffffff99][0xffffffa8][0xffffffd2][0xffffffe2][0xffffffdd][0xffffffa0][0xffffff84][0xffffff99][0xffffffa8][0x1a][0xffffffed]8[0xffffffb0][0x1f]8[0xfffffff0][0xffffff89][0xffffffaa][0x19]0Q5[0xffffffcd][0xffffff8e]Ja[0xffffffc0][0xffffffb1][0xffffff89][0xffffffaa])K)$%B&[0xffffffaa]l [0x19]J[0x4]LTI8[0xffffffab])[0x11]<Q[0xffffffe5][0xffffffca][0xffffff93][0xffffffa5]D[0xffffffde]D[0xffffff95][0xffffffab]V[0xffffff8e][0x12])[0x13]UZ[0xffffffbc][0x1b][0xffffff94][0xffffff98][0xffffff8e][0x12][0xffffffd7][0xffffff83]=[0xffffff95][0xffffff98]8%f[0x0]%[0xffffffa6][0xffffffe6][0xffffffbd]0[0xffffffe0][0x13][0xffffffa3][0xffffffc4]L[0xffffffa2][0xffffff84]F[0xffffff91][0xffffffa1][0xffffff84][0xb]$C[0x9][0xffffff8d]e=%[0xffffffd6]pVSb[0xffffff8d]h[0x12]%Ly[0xffffffb2][0xffffff94][0xffffffb0]][0xffffffca]R[0xffffffc2]T+G[0x9]iZ[0xffffff8a][0x12]R[0xffffffbc][0x1b][0xffffff94][0xffffffb8][0xc]%[0xfffffffa][0xffffffeb][0xffffffec][0x14]%.[0xffffff9c][0x12]W[0x0]%.[0xffffffcd]{a[0xffffffc0]/[0xffffff8c][0x12]W[0x12]%4[0xffffff8a][0xc]%\ [0x19]Jh,[0xffffffeb])[0xffffffb1][0xffffff86][0xffffffb3][0xffffff9a][0x12]kD[0xffffff93](a[0xffffffca][0xffffff93][0xffffffa5][0xffffff84][0xffffffed]R[0xffffff96][0x12][0xffffffa6]Z9JH[0xffffffd3]R[0xffffff94][0xffffff90][0xffffffe2][0xffffffdd][0xffffffa2]D[0xf][0xffffffa3][0x4]|[0xffffffc8][0xfffffff8][0xffffffe7][0x1d][0xfffffff0][0xffffff94][0x0][0xf][0x19][0xffffffff][0xffffffbc]:E[0xffffff89][0xffffff9c]C[0xffffffc6]M[0x14])J[0xffffff84][0x1c]2nbIP[0x2]=d\"[0xffffff9a]E[0xffffff89][0xffffffac]C[0xffffffc6]}[0xffffff97][0xffffffd2][0xffffff94][0xffffffc8]9d\[0xffffff9b][0xffffff96][0xffffffa3][0xffffffc4][0xffffffb7][0xf][0x19][0xffffff9f]f8{[0xfffffff4][0xffffffd9][0xffffffb0]][0x9]|8{[0x6][0xc]gO[0xffffffb3][0xffffffee]Z[0x18]pl8{[0xffffffca]~+I[0xffffff89][0xffffff90][0xffffffe1]l[0x1b]H[0xffffff86][0x12][0x1][0xffffffc3][0xffffffd9][0x12][0xffffffce]jJ[0x4][0xf]g[0xffffffbb][0xfffffff2]d)[0xffffff91]7[0xffffff9c][0xffffffed][0xffffffaa][0xffffff95][0xffffffa3]D[0xffffffca]p[0xffffffb6][0x16][0xffffffef][0x6]%[0xffffffdc]p[0xfffffff6]xq_p[0xffffffe0][0xffffffc3][0xffffffd9]3`8{[0xffffff9a]u[0xffffffd7][0xffffffc2][0xffffff80]c[0xffffffc3][0xffffffd9]S[0xfffffff6][IJ[0xffffff84][0xc]g[0xffffffdb]@2[0xffffff94][0x8][0x18][0xffffffce][0xffffff96]pVS"x8[0xffffffdb][0xffffff95]'K[0xffffff89][0xffffffbc][0xffffffe1]lW[0xffffffad][0x1c]%R[0xffffff86][0xffffffb3][0xffffffb5]x[0xffffffff][0xffffff9e][0x12][0xffffff97][0x1b][0xffffffce][0x1e][0xffffffad]S[0xffffffbb][0x12][0x17]>[0xffffff9c]}[0x5][0xc]g_f[0xffffffdd][0xffffffb5].[0xffffffe0][0x17]6[0xffffff9c]}[0xffffffc9]~+H[0x9][0x13]E[0xffffff84][0x12]6[0xffffff90][0x8]%L,[0xffffffcb])![0xffffffe1],[0xffffffa6][0xffffff84]D4[0xffffff88][0x12][0xffffffae]<QJ[0xfffffff8].E)[0xffffffe1][0xffffffaa][0x15][0xffffffa3][0xffffff84]6-D[0x9]-[0xffffffde][\r]J[0xffffffb8][0xffffffb5][0xffffffcb][0xffffffd1][0xf][0xffffffea]][0xffffff89][0xb]_[0xffffffbb][0xffffffbc][0x2][0xffffffd6]./3[0xffffffc9]V[0x18]pl[0xffffffed][0xfffffff2][0xffffff92][0xffffffd1]5[0xffffff92][0x12]!k[0xffffff97]6[0xffffff90][0xc]%[0x2][0xffffffd6].%[0xffffff9c][0xffffffd5][0xffffff94][0x8]^[0xffffffbb]t[0xffffffe5][0xffffffc9]R"o[0xffffffed][0xffffffd2]U+G[0xffffff89][0xffffff94][0xffffffb5]K-[0xffffffde][\r]J[0xffffffb8][0xffffffb5][0xffffffcb]1[0xffffffda][0xffffffa4]([0xffffff81][0xffffffaf]]^[0x1]k[0xffffff97][0xffffff97][0xffffff99]d+[0xc]8[0xffffffb6]vy[0xffffffc9][0xffffffe8][0x1a]I[0xffffff89][0xffffff90][0xffffffb5]K[0x1b]H[0xffffff86][0x12][0x1]k[0xffffff97][0x12][0xffffffce]jJ[0x4][0xffffffaf]][0xffffffba][0xfffffff2]d)[0xffffff91][0xffffffb7]v[0xffffffe9][0xffffffaa][0xffffff95][0xffffffa3]D[0xffffffca][0xffffffda][0xffffffa5][0x16][0xffffffef][0x6]%[0xffffffdc][0xffffffda][0xffffffe5]8[0xffffffae][0xffffff83][0xffffffa2][0x4][0xffffffbe]vy[0x5][0xffffffac]]^f[0xffffff92][0xffffffad]0[0xffffffe0][0xffffffd8][0xffffffda][0xffffffe5]%[0xffffffa3]k$%B[0xffffffd6].m [0x19]J[0x4][0xffffffac]]J8[0xffffffab])[0x11][0xffffffbc]v[0xffffffe9][0xffffffca][0xffffff93][0xffffffa5]D[0xffffffde][0xffffffda][0xffffffa5][0xffffffab]V[0xffffff8e][0x12])k[0xffffff97]Z[0xffffffbc][0x1b][0xffffff94]pk[0xffffff97][0xffffffe3][0xffffffc1]N[0x6][0xffffffbd][0xfffffff0][0xffffffb5][0xffffffcb]+`[0xffffffed][0xfffffff2]2[0xffffff93]l[0xffffff85][0x1][0xffffffc7][0xffffffd6]./[0x19]]#)[0x11][0xffffffb2]vi[0x3][0xffffffc9]P"`[0xffffffed]R[0xffffffc2]YM[0xffffff89][0xffffffe0][0xffffffb5]KW[0xffffff9e],%[0xfffffff2][0xffffffd6].][0xffffffb5]r[0xffffff94]HY[0xffffffbb][0xffffffd4][0xffffffe2][0xffffffdd][0xffffffa0][0xffffff84][0xffffff9b][0xffffffa8]:[0xffffffce][0xffffff93][0x1a][0xffffffce][0xffffffbe][0xfffffff0][0xffffff89][0xffffffaa]+`[0xffffffa2][0xffffffea]2;*[0xffffff85][0x1][0xffffffc7]&[0xffffffaa].YJ!)[0x11]2Qe[0x3][0xffffffc9]P"`[0xffffffa2]J[0xffffffc2]YM[0xffffff89][0xffffffe0][0xffffff89]*W[0xffffff9e],%[0xfffffff2]&[0xffffffaa]\[0xffffffb5]r[0xffffff94]H[0xffffff99][0xffffffa8][0xffffffd2][0xffffffe2][0xffffffdd][0xffffffa0][0xffffff84][0xffffffdb][0xffffff95]8.lW[0xffffffe2][0xffffffc2]w%[0xffffffae][0xffffff80]][0xffffff89][0xffffffcb]|[0xfffffffc]\[0x18]plW[0xffffffe2][0xffffff92][0xffffffcf][0xffffff9b]IJ[0xffffff84][0xffffffec]J[0xffffffd8]@2[0xffffff94][0x8][0xffffffd8][0xffffff95][0xffffff90]pVS"xW[0xffffffc2][0xffffff95]'K[0xffffff89][0xffffffbc]][0x9]W[0xffffffad][0x1c]%Rv%[0xffffffb4]x7([0xffffffe1]v%[0xffffffce][0xfffffffe][0x1a][0x14]%[0xfffffff0]][0xffffff89]+`W[0xffffffe2]2[0x1f]?[0x17][0x6][0x1c][0xffffffdb][0xffffff95][0xffffffb8][0xffffffe4][0xfffffff3]f[0xffffff92][0x12]![0xffffffbb][0x12]6[0xffffff90][0xc]%[0x2]v%$[0xffffff9c][0xffffffd5][0xffffff94][0x8][0xffffffde][0xffffff95]p[0xffffffe5][0xffffffc9]R"oW[0xffffffc2]U+G[0xffffff89][0xffffff94]][0x9]-[0xffffffde][0xffffffbf][0xffffffa7][0xffffffc4][0xffffffed]v%[0xffffffce][0xffffff8f][0x7f]C[0xffffff94][0xffffffb8][0xfffffff1]][0xffffff89];`W[0xffffffe2]6[0x1f]?[0xffffffd7][0x5][0xfffffffc][0xffffffc6]v%n[0xfffffff9][0xffffffbc][0x19][0xffffffa4][0xffffff84][0xffffff89]"B[0x9][0x1b]H[0xffffff84][0x12]&[0xffffff96][0xffffffe5][0xffffff94][0xffffff90]p[0x16]SB"[0x1a]D[0x9]W[0xffffff9e](%|[0xffffff97][0xffffffa2][0xffffff94]p[0xffffffd5][0xffffff8a]QB[0xffffff9b][0x16][0xffffffa2][0xffffff84][0x16][0xffffffef][0x6]%[0xffffff9a][0xffffffa3][0xffffffc4]uS[0xffffffef]J[0xfffffffc][0xffffffb8][0x1f][0xffffff98][0x12]-[0xffffff80][0x12]M[0xfffffff3]^[0x18][0xfffffff0][0xffffff86]Q[0xffffffa2]%QB[0xffffffa3][0xffffffc8]P[0xffffffc2][0x5][0xffffff92][0xffffffa1][0xffffff84][0xffffffc6][0xffffffb2][0xffffff9e][0x12]k8[0xffffffab])[0xffffffb1]F4[0xffffff89][0x12][0xffffffa6]<YJ[0xffffffd8].e)a[0xffffffaa][0xffffff95][0xffffffa3][0xffffff84]4-E[0x9])[0xffffffde][\r]J[0xffffffb8][0xffffff89][0xffffffaa][0xfffffff3]9[0x1f][0xffffff8a][0x12][0xfffffff8]D[0xffffffd5][0x1d]0Qu[0xffffff9b][0x1d][0xffffff95][0xffffffc2][0xffffff80]c[0x13]U[0xffffffb7],[0xffffffa5][0xffffff90][0xffffff94][0x8][0xffffff99][0xffffffa8][0xffffffb2][0xffffff81]d([0x11]0Q%[0xffffffe1][0xffffffac][0xffffffa6]D[0xfffffff0]D[0xffffff95]+O[0xffffff96][0x12]y[0x13]U[0xffffffae]Z9J[0xffffffa4]LTi[0xfffffff1]nQ[0xffffffa2][0xffffff87]Q[0x2]>[0x19][0xfffffff4][0xfffffff3][0xe]xJ[0xffffff80]'[0xffffff83]~^[0xffffff9d][0xffffffa2]D[0xffffffce][0xffffffc9][0xffffffa0]&[0xffffff8a][0x14]%BN[0x6]5[0xffffffb1]$([0xffffff81][0xffffff9e][0xc]*[0x11][0xffffffcd][0xffffffa2]D[0xffffffd6][0xffffffc9][0xffffffa0][0xffffffbe]KiJ[0xffffffe4][0xffffff9c][0xc][0xffffffaa]M[0xffffffcb]Q[0xffffffe2][0xffffffdb]'[0xffffff83][0xffffffde]n[0xffffffed]r[0xe][0xffffffee][0x7][0xe]|[0xffffffed][0xfffffff2][0xe]X[0xffffffbb][0xffffffbc][0xffffffcd]$[a[0xffffffc0][0xffffffb1][0xffffffb5][0xffffffcb][F[0xffffffd7]HJ[0xffffff84][0xffffffac]][0xffffffda]@2[0xffffff94][0x8]X[0xffffffbb][0xffffff94]pVS"x[0xffffffed][0xffffffd2][0xffffff95]'K[0xffffff89][0xffffffbc][0xffffffb5]KW[0xffffffad][0x1c]%R[0xffffffd6].[0xffffffb5]x7([0xffffffe1][0xffffffd6].[0xffffffe7]qR[0x1f][0xffffff83][0xffffffde][0xfffffff8][0xffffffda][0xffffffe5][0x1d][0xffffffb0]vy[0xffffff9b]I[0xffffffb6][0xffffffc2][0xffffff80]ck[0xffffff97][0xffffffb7][0xffffff8c][0xffffffae][0xffffff91][0xffffff94][0x8]Y[0xffffffbb][0xffffffb4][0xffffff81]d([0x11][0xffffffb0]v)[0xffffffe1][0xffffffac][0xffffffa6]D[0xfffffff0][0xffffffda][0xffffffa5]+O[0xffffff96][0x12]yk[0xffffff97][0xffffffae]Z9J[0xffffffa4][0xffffffac]]j[0xfffffff1]nP[0xffffffc2][0xffffffad]][0xffffffce][0xffffffb3]a?p[0xffffffe0]k[0xffffff97]w[0xffffffc0][0xffffffda][0xffffffe5]m&[0xffffffd9][\n]"
[DEBUG] http-outgoing-1 << "[0x3][0xffffff8e][0xffffffad]][0xffffffde]2[0xffffffba]FR"d[0xffffffed][0xffffffd2][0x6][0xffffff92][0xffffffa1]D[0xffffffc0][0xffffffda][0xffffffa5][0xffffff84][0xffffffb3][0xffffff9a][0x12][0xffffffc1]k[0xffffff97][0xffffffae]<YJ[0xffffffe4][0xffffffad]][0xffffffba]j[0xffffffe5]([0xffffff91][0xffffffb2]v[0xffffffa9][0xffffffc5][0xffffffbb]A[0xffffff89]i)qa?pL[0xffffff9c][0x12]3[0xffffff80][0x12]S[0xfffffff3]^[0x18][0xfffffff0][0xffffff89]Qb&QB[0xffffffa3][0xffffffc8]P[0xffffffc2][0x5][0xffffff92][0xffffffa1][0xffffff84][0xffffffc6][0xffffffb2][0xffffff9e][0x12]k8[0xffffffab])[0xffffffb1]F4[0xffffff89][0x12][0xffffffa6]<YJ[0xffffffd8].e)a[0xffffffaa][0xffffff95][0xffffffa3][0xffffff84]4-E[0x9])[0xffffffde][\r]J[0xffffffb8][0xffffffe1][0xffffffec]9[0xffffffcf][0xffffff83][0xffffffa2][0x4]>[0xffffff9c]}[0x7][0xc]g[0xffffffdf]f[0xffffffdd][0xffffffb5]0[0xffffffe0][0xffffffd8]p[0xfffffff6]-[0xfffffffb][0xffffffad]$%B[0xffffff86][0xffffffb3]m [0x19]J[0x4][0xc]gK8[0xffffffab])[0x11]<[0xffffff9c][0xffffffed][0xffffffca][0xffffff93][0xffffffa5]D[0xffffffde]p[0xffffffb6][0xffffffab]V[0xffffff8e][0x12])[0xffffffc3][0xffffffd9]Z[0xffffffbc][0x1b][0xffffff94]p[0xffffffc3][0xffffffd9][0xfffffff3][0xffffffc2][0xffffffd6].o|8[0xfffffffb][0xe][0x18][0xffffffce][0xffffffbe][0xffffffcd][0xffffffba]ka[0xffffffc0][0xffffffb1][0xffffffe1][0xffffffec][[0xfffffff6][IJ[0xffffff84][0xc]g[0xffffffdb]@2[0xffffff94][0x8][0x18][0xffffffce][0xffffff96]pVS"x8[0xffffffdb][0xffffff95]'K[0xffffff89][0xffffffbc][0xffffffe1]lW[0xffffffad][0x1c]%R[0xffffff86][0xffffffb3][0xffffffb5]x7([0xffffffe1][0xffffff86][0xffffffb3][0xffffffe7]s[0xffffff9f][0x14]%[0xfffffff0][0xffffffe1][0xffffffec];`8[0xfffffffb]6[0xffffffeb][0xffffffae][0xffffff85][0x1][0xffffffc7][0xffffff86][0xffffffb3]o[0xffffffd9]o%)[0x11]2[0xffffff9c]m[0x3][0xffffffc9]P"`8[[0xffffffc2]YM[0xffffff89][0xffffffe0][0xffffffe1]lW[0xffffff9e],%[0xfffffff2][0xffffff86][0xffffffb3]][0xffffffb5]r[0xffffff94]H[0x19][0xffffffce][0xffffffd6][0xffffffe2][0xfffffffd]{J<n8[0xfffffffb]:[0xffffffda][0xb][0xffffffa2][0xffffffc4][0xffffff83][0xf]g?[0x1][0xffffffc3][0xffffffd9][0xffffff8f]Yw[0xffffffad][0xb][0xfffffff8][0xffffff83][\r]g?[0xffffffb2][0xffffffdf][\n]"
[DEBUG] http-outgoing-1 << "R[0xffffffc2]D[0x11][0xffffffa1][0xffffff84][\r]$B[0x9][0x13][0xffffffcb]rJH8[0xffffff8b])![0x11][\r][0xffffffa2][0xffffff84]+O[0xffffff94][0x12][0xffffffbe]KQJ[0xffffffb8]j[0xffffffc5]([0xffffffa1]M[0xb]QB[0xffffff8b]w[0xffffff83][0x12]n8[0xfffffffb][0xffffffba]'[0xfffffff5]T[0xffffffe2][0xffffffc1][0xffffff87][0xffffffb3][0xffffff9f][0xffffff80][0xffffffe1][0xffffffec][0xffffffc7][0xffffffac][0xffffffbb][0x16][0x6][0x1c][0x1b][0xffffffce]~d[0xffffffbf][0xffffff95][0xffffffa4]D[0xffffffc8]p[0xffffffb6][\r]$C[0xffffff89][0xffffff80][0xffffffe1]l[0x9]g5%[0xffffff82][0xffffff87][0xffffffb3]]y[0xffffffb2][0xffffff94][0xffffffc8][0x1b][0xffffffce]v[0xffffffd5][0xffffffca]Q"e8[[0xffffff8b]w[0xffffff8b][0x12][0xffffffba]v[0xffffffc9]R[0x2]^[0xffffffbb][0xfffffffc][0xffffffbc][0x3][0xffffff9e][0x12][0xffffffe0][0xffffffda][0xffffffe5][0xffffffe7][0xffffffd5])J[0xffffffe4][0xffffffac]][0xffffff9a](R[0xffffff94][0x8]Y[0xffffffbb]4[0xffffffb1]$([0xffffff81][0xffffffae]]JD[0xffffffb3]([0xffffff91][0xffffffb5]v[0xffffffe9][0xffffffbb][0xffffff94][0xffffffa6]D[0xffffffce][0xffffffda][0xffffffa5]6-G[0xffffff89]o[0xffffffaf]]]]><![CDATA[>[0xffffffee][0xc][0xffffff8e][0xfffffffb]u6[0xffffff8a][0x12][0xfffffff8][0x19][0x1c]O[0xffffffc0][0x19][0x1c][0xffffff8f][0x19][0xffffff8a]/[0xc]8v[0x6][0xffffffc7]#S[0xfffffff0]$%B[0xffffffce][0xffffffe0][0xffffffb0][0xffffff81]d([0x11]p[0x6][0xffffff87][0xffffff84][0xffffffb3][0xffffff9a][0x12][0xffffffc1]gp[0xffffffb8][0xfffffff2]d)[0xffffff91]w[0x6][0xffffff87][0xffffffab]V[0xffffff8e][0x12])gph[0xfffffff1]nP[0xffffffc2][\r]g[0xffffffdf][0xffffffe7]kR[0xffffff94][0xffffffc0][0xffffff87][0xffffffb3][0xffffff9f][0xffffff80][0xffffffe1][0xffffffec][0xffffffc7][0xffffffac][0xffffffbb][0x16][0x6][0x1c][0x1b][0xffffffce]~d[0xffffffbf][0xffffff95][0xffffffa4]D[0xffffffc8]p[0xffffffb6][\r]$C[0xffffff89][0xffffff80][0xffffffe1]l[0x9]g5%[0xffffff82][0xffffff87][0xffffffb3]]y[0xffffffb2][0xffffff94][0xffffffc8][0x1b][0xffffffce]v[0xffffffd5][0xffffffca]Q"e8[[0xffffff8b]w[0xffffff83][0x12]n8[0xfffffffb][0xffffff9e]7[0xfffffff6]T[0x2][0x1f][0xffffffce]~[0x2][0xffffff86][0xffffffb3][0x1f][0xffffffb3][0xffffffee]Z[0x18]pl8[0xfffffffb][0xffffff91][0xfffffffd]V[0xffffff92][0x12]![0xffffffc3][0xffffffd9]6[0xffffff90][0xc]%[0x2][0xffffff86][0xffffffb3]%[0xffffff9c][0xffffffd5][0xffffff94][0x8][0x1e][0xffffffce]v[0xffffffe5][0xffffffc9]R"o8[0xffffffdb]U+G[0xffffff89][0xffffff94][0xffffffe1]l-[0xffffffde][\r]J[0xffffffb8][0xffffffe1][0xffffffec][0xffffffe7]ubO%[0xfffffff0][0xffffffe1][0xffffffec]'`8[0xfffffffb]1[0xffffffeb][0xffffffae][0xffffff85][0x1][0xffffffc7][0xffffff86][0xffffffb3][0x1f][0xffffffd9]o%)[0x11]2[0xffffff9c]m[0x3][0xffffffc9]P"`8[[0xffffffc2]YM[0xffffff89][0xffffffe0][0xffffffe1]lW[0xffffff9e],%[0xfffffff2][0xffffff86][0xffffffb3]][0xffffffb5]r[0xffffff94]H[0x19][0xffffffce][0xffffffd6][0xffffffe2][0xffffffdd][0xffffffa0][0xffffffc4]t[0xffffff94][0x18][0x7][0xfffffff6]Tb[0xffffffe2][0xffffff94][0xffffff98][0x1][0xffffff94][0xffffff98][0xffffff9a][0xfffffff7][0xffffffc2][0xffffff80]O[0xffffff8c][0x12]3[0xffffff89][0x12][0x1a]E[0xffffff86][0x12].[0xffffff90][0xc]%4[0xffffff96][0xfffffff5][0xffffff94]X[0xffffffc3]YM[0xffffff89]5[0xffffffa2]I[0xffffff94]0[0xffffffe5][0xffffffc9]R[0xffffffc2]v)K[0x9]S[0xffffffad][0x1c]%[0xffffffa4]i)JH[0xfffffff1]nP[0xffffffc2][\r]g?w[0xffffffc7]([0xffffff81][0xf]g?[0x1][0xffffffc3][0xffffffd9][0xffffff8f]Yw-[0xc]86[0xffffff9c][0xfffffffd][0xffffffc8]~+I[0xffffff89][0xffffff90][0xffffffe1]l[0x1b]H[0xffffff86][0x12][0x1][0xffffffc3][0xffffffd9][0x12][0xffffffce]jJ[0x4][0xf]g[0xffffffbb][0xfffffff2]d)[0xffffff91]7[0xffffff9c][0xffffffed][0xffffffaa][0xffffff95][0xffffffa3]D[0xffffffca]p[0xffffffb6][0x16][0xffffffef][0x6]%[0xffffffdc]p[0xfffffff6]s?[0xffffffd4]p[0xfffffff6][0xffffff83][0xf]g?[0x1][0xffffffc3][0xffffffd9][0xffffff8f]Yw-[0xc]86[0xffffff9c][0xfffffffd][0xffffffc8]~+I[0xffffff89][0xffffff90][0xffffffe1]l[0x1b]H[0xffffff86][0x12][0x1][0xffffffc3][0xffffffd9][0x12][0xffffffce]jJ[0x4][0xf]g[0xffffffbb][0xfffffff2]d)[0xffffff91]7[0xffffff9c][0xffffffed][0xffffffaa][0xffffff95][0xffffffa3]D[0xffffffca]p[0xffffffb6][0x16][0xffffffef][0x6]%[0xffffffdc]p[0xfffffff6][0xfffffff3][0x1c][0xffffffd4][0xffffffc9][0xffffffa0][0xf]>[0xffffff9c][0xfffffffd][0x4][0xc]g?f[0xffffffdd][0xffffffb5]0[0xffffffe0][0xffffffd8]p[0xfffffff6]#[0xfffffffb][0xffffffad]$%B[0xffffff86][0xffffffb3]m [0x19]J[0x4][0xc]gK8[0xffffffab])[0x11]<[0xffffff9c][0xffffffed][0xffffffca][0xffffff93][0xffffffa5]D[0xffffffde]p[0xffffffb6][0xffffffab]V[0xffffff8e][0x12])[0xffffffc3][0xffffffd9]Z[0xffffffbc][0x7f]M[0xffffff89][0xfffffff6]r[0xffffffc3][0xffffffd9][0xffffffcf][0xffffffc7][0xffffffbf][0x18]J|[0xffffffde][0xf]J[0xffffff89][0xffffffaf];`)[0xfffffff1][0xffffffeb][0x1e][0x8]J|][0xffffff9d][0xffffffa0][0xffffffc4][0xffffffbf]WN[0xffffffa0][0xffffff84][0xffffff8b]"A[0x9][0x1f]H[0xffffff82][0x12].[0xffffff96][0xffffffd5][0xffffff94][0xffffffd0]p[0xffffffd6]RB#[0xffffff9a]C[0x9][[0xffffff9e]$%[0xffffffde]t)I[0x9][[0xffffffad][0x14]%L[0xffffffd3]2[0xffffff94]0[0xffffffc5][0xffffffbb]A[0x9]3[0xffffff9c]}[0xffffffbc]^[0x13][0xfffffffa][0xffffff81][0xffffffe3][0xfffffff3]~`J[0xfffffff0][0xffffffc3][0xffffffd9][0xffffffbf][0xffffffee][0xffffff81][0xffffffa1][0x4]5[0xffffff9c][0xfffffffd][0xffffffef][0xffffff95]3([0xffffff91]1[0xffffff9c][0xffffffed][0x3][0xffffffc9]P[0xffffff82][0x1f][0xffffffce][0xffffffd6]pVS"w8[0xffffffdb][0xffffff96]'K[0xffffff89][0xffffffb8][0xffffffe1]l[[0xffffffad][0x1c]%B[0xffffff86][0xffffffb3]M[0xfffffff1]nP[0xffffffc2][0xffffffac]][0x1e][0xffffffaf]vc[0xffffff94][0xffffffa0][0xffffffd7].[0xffffffbf][0xffffffee][0xffffff80][0xffffffa6][0x4][0xffffffb9]v[0xfffffff9]uu[0xffffff86][0x12]Ak[0xffffff97].[0xffffff8a][0xc]%R[0xffffffd6].],[0xffffffeb])[0xffffffc1][0xffffffae]]jD[0xffffff93]([0x11][0xffffffb6]v[0xfffffff9][0xffffffa6]KYJ[0x4][0xffffffad]][0xffffff9a][0xffffffa6][0xffffffa5]([0xfffffff1][0xfffffffd][0xffffffb5][0xffffffcb][0xfffffff6]2k[0xffffff97][0xffffffc7]k^[0xffffffd0][0xffffffc9][0xffffffa0][0xffffff9f][0xfffffff7][0x3]S[0xffffff82]_[0xffffffbb][0xfffffffc]u[0xf][0xc]%[0xffffffa8][0xffffffb5][0xffffffcb][0x7f][0xffffffaf][0xffffff9c]A[0xffffff89][0xffffff8c][0xffffffb5]K[0x1f]H[0xffffff86][0x12][0xfffffffc][0xffffffda][0xffffffa5][0xffffff86][0xffffffb3][0xffffff9a][0x12][0xffffffb9]k[0xffffff97][0xffffffb6]<YJ[0xffffffc4][0xffffffad]][0xffffffda]j[0xffffffe5]([0x11][0xffffffb2]vi[0xffffff8a]w[0xffffff8b][0x12]#[0xffffff8c][0x12][0x3][0xffffffa7][0xffffffc4][0x8][0xffffffa0][0xffffffc4]@)10J[0xffffff8c]$J[0xffffffac]Q[0xffffffa4]([0xffffffa1][0xffffff81][0xffffffa4]([0xffffffb1][0xffffffc6][0xffffff92][0xffffffa0][0xffffffc4][0xffffff80])1[0xffffff82])![0xffffffe5]IS[0xffffffc2]t)M[0x9][0xffffffa9]V[0xffffff92][0x12]#[0xffffff85][0x12][0xffffffe3]?[0xffffffa0]D;[0xffffffc3],[0xffffffd1]N[0x1c][0x13][0x1f][0xffffffb7][0xffffffc0]k[0xffffffe2][0xffffffe7]MP[0xffffff9c][0xfffffff8][0xffffffb8]<[0xffffffe5][0xffffff89][0xffffffaf]K[0xffffffa7][0xffffff80]B[0xfffffff2]H[0xffffff89][0xffffffc2][0xffffffa4][0xffffff92]"[0xffffff85]d[0xffffff93]0[0xffffffc5][0xffffff92][0xffffffd0]zT,9[0xffffffcd]R[0xffffff85][0xffffffd6]([0xffffffcd][\n]"
[DEBUG] http-outgoing-1 << "[0xffffffd7][0xffffffaa][0xffffffb4]+[0xffffffb4]dIX[0xffffffac][0xffffff9d][0xffffffcb][0xffffffc9]b[0xffffffad][0xffffffe0]=Z\i[0xffffffb4][0xffffffb8]xZ\[0x9][0xffffffb4][0xffffffb8]XZ\[0x1c]-[0xffffffae](Z[0xffffffac]y[0xffffffc4]h[0xffffffa1][0xffffffa9][0xffffffc4]h[0xffffffb1]f[0x13][0xffffffa1][0xffffffc5]E[0xffffffd3][0xffffffe2]J[0xffffffa6][0xffffff85][0xffffffd4](N[0xb][0xffffffd3][0xffffffaa]8-[0xffffffa4]dQZ\1[0xffffffb4][0xffffffb8][0xfffffffe][0x3]Z[0xfffffff4][0xffffffb4][0xffffffa7][0x16][0xffffff9d][0x7f]j[0xffffffd1][0x13][0xffffff9e]Zt[0xfffffff6][0xffffffa9]E[0xffffffe7][0xffffff9e]Z[0xfffffff4][0xffffffa8][0xffffffa7][0x16][0xffffff92]G[0xffffff8a][0x16]&[0xffffff95][0x14]-$[0xffffff9b][0x4]-:[0xfffffffd][0xffffffd4][0xffffffa2]'?[0xffffffb5][0xffffffd0][0x1a][0xffffffa5]i[0xffffffe1]Z[0xffffff95][0xffffffa6][0xffffff85][0xffffff96],I[0xffffff8b][0xffffffb5]s9Z[0xffffffac][0x15][0xfffffffc]7[0xffffffb4][0xffffffb8][0xffffffbe][0xfffffffe][0xffffff88]9I[0xfffffff4]h[0xfffffffd][0xffffffbe][0xffffffcb]e[0xfffffff1][0xffffffeb]~(X[0xfffffffc]v[0x7][0xffffff98]+[0xffffff96]{(f[0xffffffc5]oW/V[0xffffffc5][0xffffffff]^[0x19]F[0xffffffc5][0xffffffdb]([0x16][0xffffff9b][0xffffffe2][0xf][0xffffff81],&[0xffffffc5][0xffffffdb]X[0x16][0xffffff8a][0xffffffe2]M8[0xffffffcb]@[0xfffffff1]&[0xffffffa2][0x11][0xffffff9e]x_[0xffffff9e][0x10]'[0xfffffffe][0xffffffd4][0xffffffa5][0xffffff90]&[0xffffffde]W+[0xffffff80][0xffffff89]wM[n[0xffffff89]w[0xffffffc5][0xffffffbb]A[0xffffff89][0xffffffe9]([0xfffffff1][0xffffffb4][0xfffffffa]u[0xffffffcc]_[0xfffffff7][0x3]Sb[0x6]Pbj[0xffffffde][0xb][0x3]>1J[0xffffffcc]$Jh[0x14][0x19]J[0xffffffb8]@2[0xffffff94][0xffffffd0]X[0xffffffd6]Sb[\r]g5%[0xffffffd6][0xffffff88]&Q[0xffffffc2][0xffffff94]'K[0x9][0xffffffdb][0xffffffa5],%L[0xffffffb5]r[0xffffff94][0xffffff90][0xffffffa6][0xffffffa5](![0xffffffc5][0xffffffbb]E[0xffffff89][0x1e]F[0xffffff89][0xffffff8e]S[0xffffffa2][0x7]P[0xffffffa2][0xffffffa3][0xffffff94][0xffffffe8][0x18]%z[0x12]%[0xffffffd6](R[0xffffff94][0xffffffd0]@R[0xffffff94]XcIP[0xffffffa2][0xffffffc3][0xffffff94][0xffffffe8][0xffffffc1][0xffffff94][0xffffff90][0xfffffff2][0xffffffa4])a[0xffffffba][0xffffff94][0xffffffa6][0xffffff84]T+I[0xffffff89][0xffffff9e]B[0xffffff89][0xfffffffe]mJ\[0xffffffe6][0xffffffa9]Do[0xffffffaf][0xfffffffa]W'~[0xffffffdd][0xf]L[0xffffff89]+[0xffffffe0][0xffffffa9][0xffffffc4][0xffffffa5]t.[0xc][0xfffffff8][0xffffff85]=[0xffffff95][0xffffffb8][0xffffff92][0xffffff9e]Jh[0x14][0x19]J[0xffffffb8]@2[0xffffff94][0xffffffd0]X[0xffffffd6]Sb[\r]g5%[0xffffffd6][0xffffff88]&Q[0xffffffc2][0xffffff94]'K[0x9][0xffffffdb][0xffffffa5],%L[0xffffffb5]r[0xffffff94][0xffffff90][0xffffffa6][0xffffffa5](![0xffffffc5][0xffffffbb]A[0x9]s[0xffffff92][0xffffffe8][0xffffffd1][0xffffffe7][0xffffff81][0xffffffbd]+[0x1][0xffffff9e]$[0xfffffffa][0xffffffdb][0x1d][0xffffffd0][0xffffff94][0xffffff80]N[0x12][0xfffffffd][0xffffffed][0xffffffea][0xc]%2N[0x12]}[0x1b]E[0xffffff86][0x12][0x1]'[0xffffff89][0xffffffbe][0xffffff8d]e=%[0xffffffb0][0xffffff93]D[0xffffffdf]D4[0xffffff89][0x12]9'[0xffffff89][0xfffffffe][0xffffffa9]KYJd[0xffffff9c]$[0xfffffffa][0xffffffae]i)J|[0xffffffeb]$[0xffffffd1][0xffffff9f][0x7f][0xffffffc3][0xffffff9c]$z[0xfffffff4][0xffffffe7][0xffffffae]?[0xfffffffe][0xffffffeb][0xffffffd7][0xfffffffd][0xffffffc0][0xffffff94]@O[0x12]][0xffffffee][0xffffff81][0xffffffa1][0x4]p[0xffffff92][0xffffffe8][0xffffffff]^9[0xffffff83][0x12][0xfffffff8]I[0xffffffa2][0x7f][0x8]$C[0x9][0xfffffff4]$[0xffffffd1]7[0xffffffe1][0xffffffac][0xffffffa6]D[0xffffffe4]I[0xffffffa2][0xffffffef][0xffffffcb][0xffffff93][0xffffffa5]D[0xffffffd2]I[0xffffffa2][0xffffffef][0xffffffab][0xffffff95][0xffffffa3][0x4][0x7f][0xffffff92][0xffffffe8][0xffffffbb][0xffffffe2][0xfffffffd]{J4s[0xffffff92][0xffffffe8]1^[0xfffffff7][0x9]Q[0xffffffa2][0xffffff81]'[0xffffff89][0xfffffffe]v[0x7]0%[0xffffff9a]9[0xffffffee][0xffffffae].[0xffffffe0][\r]8I[0xfffffff4][0x7f][0xffffffaf][0x1c]A[0x9][0x13]E[0xffffff84][0x12]6[0xffffff90][0x8]%L,[0xffffffcb])![0xffffffe1],[0xffffffa6][0xffffff84]D4[0xffffff88][0x12][0xffffffae]<QJ[0xfffffff8].E)[0xffffffe1][0xffffffaa][0x15][0xffffffa3][0xffffff84]6-D[0x9]-[0xffffffde][\r]J[0xffffffb8][0xffffff93]DG;[0xf][0xffffff8a][0x12][0xffffffe0]I[0xffffffa2][0xffffffbf][0xffffffdd][0x1]M[0x9][0xffffffe8]$[0xffffffd1][0xffffffdf][0xffffffae][0xffffffce]P"[0xffffffe3]$[0xffffffd1][0xffffffb7]Qd([0x11]p[0xffffff92][0xffffffe8][0xffffffdb]X[0xffffffd6]S[0x2];I[0xfffffff4]MD[0xffffff93]([0xffffff91]s[0xffffff92][0xffffffe8][0xffffff9f][0xffffffba][0xffffff94][0xffffffa5]D[0xffffffc6]I[0xffffffa2][0xffffffef][0xffffff9a][0xffffff96][0xffffffa2][0xffffffc4][0xffffffb7]N[0x12][0xfffffffd][0xfffffff9]7[0xffffffdc]I[0xffffffa2][0xffffffa3]=[0xffffffd4][0xf][0x1c][\r]<I[0xfffffff4][0xffffffb7];[0xffffffa0])[0x1][0xffffff9d]$[0xfffffffa][0xffffffdb][0xffffffd5][0x19]Jd[0xffffff9c]$[0xfffffffa]6[0xffffff8a][0xc]%[0x2]N[0x12]}[0x1b][0xffffffcb]zJ`'[0xffffff89][0xffffffbe][0xffffff89]h[0x12]%rN[0x12][0xfffffffd]S[0xffffff97][0xffffffb2][0xffffff94][0xffffffc8]8I[0xfffffff4]][0xffffffd3]R[0xffffff94][0xfffffff8][0xffffffd6]I[0xffffffa2]?[0xffffffff][0xffffff86];It[0xfffffff4]cR[0xffffff94][0x0]O[0x12][0xfffffffd][0xffffffed][0xe]hJ@'[0xffffff89][0xfffffffe]vu[0xffffff86][0x12][0x19]'[0xffffff89][0xffffffbe][0xffffff8d]"C[0xffffff89][0xffffff80][0xffffff93]D[0xffffffdf][0xffffffc6][0xffffffb2][0xffffff9e][0x12][0xffffffd8]I[0xffffffa2]o"[0xffffff9a]D[0xffffff89][0xffffff9c][0xffffff93]D[0xffffffff][0xffffffd4][0xffffffa5],%2N[0x12]}[0xffffffd7][0xffffffb4][0x14]%[0xffffffbe]u[0xffffff92][0xffffffe8][0xffffffcf][0xffffffbf][0xffffffe1][0xffffffd6].[0xffffffc7][0xfffffff1][0xffffffc2][0xffffffde][0xffffff95][0xffffffc0][0xffffffd7].[[0xffffffc0][0xffffffda]e3[0xffffff93]l[0xffffff85][0x1][0xffffffc7][0xffffffd6].[0xffffff9b][0xffffff8c][0xffffffae][0xffffff91][0xffffff94][0x8]Y[0xffffffbb][0xffffffb4][0xffffff81]d([0x11][0xffffffb0]v)[0xffffffe1][0xffffffac][0xffffffa6]D[0xfffffff0][0xffffffda][0xffffffa5]+O[0xffffff96][0x12]yk[0xffffff97][0xffffffae]Z9J[0xffffffa4][0xffffffac]]j[0xfffffff1]nP[0xffffffe2]t[0xffffff94][0xffffffb8][0xffffffaf]FQ[0xffffffe2][0xffffffc4])q[0x6]P[0xffffffe2][0xffffffd4][0xffffffbc][0x17][0x6][0xfffffffc][0xffffffc4](q&QB[0xffffffa3][0xffffffc8]P[0xffffffc2][0x5][0xffffff92][0xffffffa1][0xffffff84][0xffffffc6][0xffffffb2][0xffffff9e][0x12]k8[0xffffffab])[0xffffffb1]F4[0xffffff89][0x12][0xffffffa6]<YJ[0xffffffd8].e)a[0xffffffaa][0xffffff95][0xffffffa3][0xffffff84]4-E[0x9])[0xffffffde][\r]J[0xffffffb8][0xffffffe1][0xffffffec][0xffffffe3][0xfffffff5]P[0x13]U[\r][0x1f][0xffffffce]n[0x1][0xffffffc3][0xffffffd9][0xffffffcd][0xffffffac][0xffffffbb][0x16][0x6][0x1c][0x1b][0xffffffce]n[0xffffffb2][0xffffffdf]JR"d8[0xffffffdb][0x6][0xffffff92][0xffffffa1]D[0xffffffc0]p[0xffffffb6][0xffffff84][0xffffffb3][0xffffff9a][0x12][0xffffffc1][0xffffffc3][0xffffffd9][0xffffffae]<YJ[0xffffffe4][\r]g[0xffffffbb]j[0xffffffe5]([0xffffff91]2[0xffffff9c][0xffffffad][0xffffffc5][0xffffffbb]A[0xffffff89][0xffffffcb]Q[0xffffffe2]x[0xffffffb0][0xffffffa7][0x12][0x17]N[0xffffff89]+[0xffffff80][0x12][0xffffff97][0xffffffe6][0xffffffbd]0[0xffffffe0][0x17]F[0xffffff89]+[0xffffff89][0x12][0x1a]E[0xffffff86][0x12].[0xffffff90][0xc]%4[0xffffff96][0xfffffff5][0xffffff94]X[0xffffffc3]YM[0xffffff89]5[0xffffffa2]I[0xffffff94]0[0xffffffe5][0xffffffc9]R[0xffffffc2]v)K[0x9]S[0xffffffad][0x1c]%[0xffffffa4]i)JH[0xfffffff1]nQ[0xffffffa2][0xffffff87]Q[0x2]>[0xffffff83][0xffffffe3][0xfffffff3][0xe]xJ[0xffffff80]gp|^[0xffffff9d][0xffffffa2]D[0xffffffce][0x19][0x1c]&[0xffffff8a][0x14]%B[0xffffffce][0xffffffe0]0[0xffffffb1]$([0xffffff81][0xffffff9e][0xffffffc1]![0x11][0xffffffcd][0xffffffa2]D[0xffffffd6][0x19][0x1c][0xffffffbe]KiJ[0xffffffe4][0xffffff9c][0xffffffc1][0xffffffa1]M[0xffffffcb]Q[0xffffffe2][0xffffffdb]gp47[0xffffff9c]}[0xffffffcc][0xffffff8b]:[0xffffffce][0xffffffab][0xffffffe1][0xffffffc3][0xffffffd9]-`8[0xffffffbb][0xffffff99]u[0xffffffd7][0xffffffc2][0xffffff80]c[0xffffffc3][0xffffffd9]M[0xfffffff6][IJ[0xffffff84][0xc]g[0xffffffdb]@2[0xffffff94][0x8][0x18][0xffffffce][0xffffff96]pVS"x8[0xffffffdb][0xffffff95]'K[0xffffff89][0xffffffbc][0xffffffe1]lW[0xffffffad][0x1c]%R[0xffffff86][0xffffffb3][0xffffffb5]x[0xffffffb7](a[0xffffff9e]J[0xffffffa0][0xffffff94][0xffffffa0][0xffffff9f]J[0xffffffdc][0x1]O%n[0xffffffa5]si[0xffffffc0][0xffffffa9][0xffffffa7][0x12]w[0xffffffd2]S[0x9][0xffffff8d]"E[0xffffff89][0xffffff94][0xffffffa7][0x12][0x1a]K[0xffffff82][0x12][0xffffffec]S[0xffffff89]5[0xffffffa2]Y[0xffffff94][0x8]{*a[0xffffffbb][0xffffff94][0xffffffa6]D[0xffffffd0]S[0x9]iZ[0xffffff8e][0x12][0xffffffdf][0x7f]*[0xffffffe1][0xffffffce][0xffffffe0]8_'u[0xffffff9c]W[0xffffffc3][0xffffffcf][0xffffffe0]h[0x1]gp43[0x14]_[0x18]p[0xffffffec][0xc][0xffffff8e]&S[0xfffffff0]$%B[0xffffffce][0xffffffe0][0xffffffb0][0xffffff81]d([0x11]p[0x6][0xffffff87][0xffffff84][0xffffffb3][0xffffff9a][0x12][0xffffffc1]gp[0xffffffb8][0xfffffff2]d)[0xffffff91]w[0x6][0xffffff87][0xffffffab]V[0xffffff8e][0x12])gph[0xfffffff1][0xfffffffe]=%[0xffffffba];[0xffffff83][0xffffffe3][0xffffffec][0xffffffd8]pv[0xffffffc7][0xffffffcf][0xffffffe0][0xffffffe8][0x1]gpt3[0x14]_[0x17][0xfffffff0][0xffffff8e][0xffffff9d][0xffffffc1][0xffffffd1]e[\n]"
[DEBUG] http-outgoing-1 << "[0x1e][0xffffffa4][0xffffff84][0xffffff89]"B[0x9][0x1b]H[0xffffff84][0x12]&[0xffffff96][0xffffffe5][0xffffff94][0xffffff90]p[0x16]SB"[0x1a]D[0x9]W[0xffffff9e](%|[0xffffff97][0xffffffa2][0xffffff94]p[0xffffffd5][0xffffff8a]QB[0xffffff9b][0x16][0xffffffa2][0xffffff84][0x16][0xffffffef][0x6]%[0xffffffdc][0x19][0x1c][0xffffffe7][0x1c][0xffffffd4]DU[0xffffffc7][0xffffffcf][0xffffffe0][0xffffffe8][0x1]gpt3[0x14]_[0x18]p[0xffffffec][0xc][0xffffff8e].S[0xfffffff0]$%B[0xffffffce][0xffffffe0][0xffffffb0][0xffffff81]d([0x11]p[0x6][0xffffff87][0xffffff84][0xffffffb3][0xffffff9a][0x12][0xffffffc1]gp[0xffffffb8][0xfffffff2]d)[0xffffff91]w[0x6][0xffffff87][0xffffffab]V[0xffffff8e][0x12])gph[0xfffffff1]nP[0xffffffc2][0xffffff9d][0xffffffc1]q[0xffffffde][0x1c]%[0xfffffff0]38z[0xffffffc0][0x19][0x1c][0xffffffdd][0xc][0xffffffc5][0x17][0x6][0x1c];[0xffffff83][0xffffffa3][0xffffffcb][0x14]<I[0xffffff89][0xffffff90]38l [0x19]J[0x4][0xffffff9c][0xffffffc1]![0xffffffe1][0xffffffac][0xffffffa6]D[0xfffffff0][0x19][0x1c][0xffffffae]<YJ[0xffffffe4][0xffffff9d][0xffffffc1][0xffffffe1][0xffffffaa][0xffffff95][0xffffffa3]D[0xffffffca][0x19][0x1c]Z[0xffffffbc][0x1b][0xffffff94]pgp[0xffffffcc][0xffffffd6][0xffffffa9]38:~[0x6]G[0xf]8[0xffffff83][0xffffffa3][0xffffff9b][0xffffffa1][0xfffffff8][0xffffffc2][0xffffff80]cgpt[0xffffff99][0xffffff82]')[0x11]r[0x6][0xffffff87][\r]$C[0xffffff89][0xffffff80]38$[0xffffff9c][0xffffffd5][0xffffff94][0x8]>[0xffffff83][0xffffffc3][0xffffff95]'K[0xffffff89][0xffffffbc]38\[0xffffffb5]r[0xffffff94]H9[0xffffff83]C[0xffffff8b]w[0xffffff83][0x12]n[0xffffffed][0xfffffff2]z[\r]j[0xffffffed][0xffffffb2][0xffffffe3]k[0xffffff97]=`[0xffffffed][0xffffffb2][0xffffff9b]I[0xffffffb6][0xffffffc2][0xffffff80]ck[0xffffff97]]F[0xffffffd7]HJ[0xffffff84][0xffffffac]][0xffffffda]@2[0xffffff94][0x8]X[0xffffffbb][0xffffff94]pVS"x[0xffffffed][0xffffffd2][0xffffff95]'K[0xffffff89][0xffffffbc][0xffffffb5]KW[0xffffffad][0x1c]%R[0xffffffd6].[0xffffffb5]x[0xffffffff]H[0xffffff89][0xffffffff][0xfffffffb][0xffffffff][0xfffffffe][0xffffffbf][0xffffffff][0x1f]{[0x18][0xffffffeb]bb[0xf]*[0x0]"
[DEBUG] ep-0000000002 releasing valid endpoint
[DEBUG] ep-0000000002 releasing endpoint
[DEBUG] ep-0000000002 connection http-outgoing-1 can be kept alive for 3 MINUTES
[DEBUG] ep-0000000002 connection released [route: {s}->https://googlechromelabs.github.io:443][total available: 2; route allocated: 1 of 5; total allocated: 2 of 25]
[INFO] Using chromedriver 134.0.6998.165 (resolved driver for Chrome 134)
[DEBUG] Storing resolution chrome=134 in cache (valid until 16:38:08 16/04/2025 IST)
[DEBUG] Storing resolution chrome134=134.0.6998.165 in cache (valid until 15:38:08 17/04/2025 IST)
[DEBUG] Driver chromedriver 134.0.6998.165 found in cache
[INFO] Exporting webdriver.chrome.driver as C:\Users\CSCSPV868\.cache\selenium\chromedriver\win64\134.0.6998.165\chromedriver.exe
[INFO ] 2025-04-16 15:38:11.397 [main] StepDef - launched chrome browser.
  Given User Lauch chrome browser                                       # StepDefinition.StepDef.user_lauch_chrome_browser()
[INFO ] 2025-04-16 15:38:13.758 [main] StepDef - Opened url
  When User opens URL "https://test.csccloud.in:8443/csc-invoice/login" # StepDefinition.StepDef.user_opens_url(java.lang.String)
[INFO ] 2025-04-16 15:38:13.964 [main] StepDef - EmailAddress and password entered.
  And User enters Email as "admin@gmail.com" and Password as "Test@123" # StepDefinition.StepDef.user_enters_email_as_and_password_as(java.lang.String,java.lang.String)
[INFO ] 2025-04-16 15:38:14.060 [main] StepDef - clicked on login button.
  And Click on Login                                                    # StepDefinition.StepDef.click_on_login()
[WARN ] 2025-04-16 15:38:21.083 [main] StepDef - Test Passed : User can view dashboard page title matched.
  Then User can view Dashboard                                          # StepDefinition.StepDef.user_can_view_dashboard()
[INFO ] 2025-04-16 15:38:21.246 [main] StepDef - clicked on bills.
  And Click on Bills                                                    # StepDefinition.StepDef.click_on_bills()
[INFO ] 2025-04-16 15:38:22.704 [main] StepDef - Clicked on view & updated bills.
  And Click on View & Update Bills                                      # StepDefinition.StepDef.click_on_view_update_bills()
[INFO ] 2025-04-16 15:38:22.779 [main] StepDef - Entered receipt number on the search page.
  And Enter Receipt Number                                              # StepDefinition.StepDef.enter_receipt_number()
[INFO ] 2025-04-16 15:38:22.860 [main] StepDef - Clicked on search button.
  When Click on Search button                                           # StepDefinition.StepDef.click_on_search_button()
[WARN ] 2025-04-16 15:38:24.953 [main] StepDef - Test Passed : User should found Receipt Number in the Search table.
  Then User should found Receipt Number in the Search table             # StepDefinition.StepDef.user_should_found_receipt_number_in_the_search_table()
[INFO ] 2025-04-16 15:38:26.080 [main] StepDef - browser closed.
  And Close browser                                                     # StepDefinition.CloseStep.close_browser()
teardown-sanity method executed...
]]></system-out>
    <system-err><![CDATA[Apr 16, 2025 3:38:11 PM org.openqa.selenium.devtools.CdpVersionFinder findNearestMatch
WARNING: Unable to find an exact match for CDP version 134, returning the closest version; found: 132; Please update to a Selenium version that supports CDP version 134
Apr 16, 2025 3:38:25 PM org.openqa.selenium.remote.http.WebSocket$Listener onError
WARNING: Connection reset
java.net.SocketException: Connection reset
	at java.base/sun.nio.ch.SocketChannelImpl.throwConnectionReset(SocketChannelImpl.java:394)
	at java.base/sun.nio.ch.SocketChannelImpl.read(SocketChannelImpl.java:426)
	at java.net.http/jdk.internal.net.http.SocketTube.readAvailable(SocketTube.java:1170)
	at java.net.http/jdk.internal.net.http.SocketTube$InternalReadPublisher$InternalReadSubscription.read(SocketTube.java:833)
	at java.net.http/jdk.internal.net.http.SocketTube$SocketFlowTask.run(SocketTube.java:181)
	at java.net.http/jdk.internal.net.http.common.SequentialScheduler$SchedulableTask.run(SequentialScheduler.java:230)
	at java.net.http/jdk.internal.net.http.common.SequentialScheduler.runOrSchedule(SequentialScheduler.java:303)
	at java.net.http/jdk.internal.net.http.common.SequentialScheduler.runOrSchedule(SequentialScheduler.java:256)
	at java.net.http/jdk.internal.net.http.SocketTube$InternalReadPublisher$InternalReadSubscription.signalReadable(SocketTube.java:774)
	at java.net.http/jdk.internal.net.http.SocketTube$InternalReadPublisher$ReadEvent.signalEvent(SocketTube.java:957)
	at java.net.http/jdk.internal.net.http.SocketTube$SocketFlowEvent.handle(SocketTube.java:253)
	at java.net.http/jdk.internal.net.http.HttpClientImpl$SelectorManager.handleEvent(HttpClientImpl.java:979)
	at java.net.http/jdk.internal.net.http.HttpClientImpl$SelectorManager.lambda$run$3(HttpClientImpl.java:934)
	at java.base/java.util.ArrayList.forEach(ArrayList.java:1511)
	at java.net.http/jdk.internal.net.http.HttpClientImpl$SelectorManager.run(HttpClientImpl.java:934)

]]></system-err>
  </testcase>
  <testcase name="runScenario[&quot;Search Bill by Department Name&quot;, &quot;Bill&quot;](2)" classname="TestRunner.Run" time="9.724">
    <system-out><![CDATA[
@Sanity
Scenario: Search Bill by Department Name                                # Features/AddBill.feature:36
[INFO ] 2025-04-16 15:38:26.095 [main] StepDef - Before setup method executed.
[DEBUG] Using WebDriverManager 5.9.2
[DEBUG] Resolution chrome=134 in cache (valid until 16:38:08 16/04/2025 IST)
[DEBUG] Resolution chrome134=134.0.6998.165 in cache (valid until 15:38:08 17/04/2025 IST)
[INFO] Using chromedriver 134.0.6998.165 (resolved driver for Chrome 134)
[DEBUG] Driver chromedriver 134.0.6998.165 found in cache
[INFO] Exporting webdriver.chrome.driver as C:\Users\CSCSPV868\.cache\selenium\chromedriver\win64\134.0.6998.165\chromedriver.exe
[INFO ] 2025-04-16 15:38:28.168 [main] StepDef - launched chrome browser.
  Given User Lauch chrome browser                                       # StepDefinition.StepDef.user_lauch_chrome_browser()
[INFO ] 2025-04-16 15:38:28.706 [main] StepDef - Opened url
  When User opens URL "https://test.csccloud.in:8443/csc-invoice/login" # StepDefinition.StepDef.user_opens_url(java.lang.String)
[INFO ] 2025-04-16 15:38:28.864 [main] StepDef - EmailAddress and password entered.
  And User enters Email as "admin@gmail.com" and Password as "Test@123" # StepDefinition.StepDef.user_enters_email_as_and_password_as(java.lang.String,java.lang.String)
[INFO ] 2025-04-16 15:38:28.938 [main] StepDef - clicked on login button.
  And Click on Login                                                    # StepDefinition.StepDef.click_on_login()
[WARN ] 2025-04-16 15:38:30.333 [main] StepDef - Test Passed : User can view dashboard page title matched.
  Then User can view Dashboard                                          # StepDefinition.StepDef.user_can_view_dashboard()
[INFO ] 2025-04-16 15:38:30.467 [main] StepDef - clicked on bills.
  And Click on Bills                                                    # StepDefinition.StepDef.click_on_bills()
[INFO ] 2025-04-16 15:38:30.933 [main] StepDef - Clicked on view & updated bills.
  And Click on View & Update Bills                                      # StepDefinition.StepDef.click_on_view_update_bills()
[INFO ] 2025-04-16 15:38:31.058 [main] StepDef - Selected department from dropdown as e-Mobility.
  And Select department name from dropdown menu                         # StepDefinition.StepDef.select_department_name_from_dropdown_menu()
[INFO ] 2025-04-16 15:38:31.160 [main] StepDef - Selected status of bill from dropdown menu as In-Process.
  And Select status of bill from dropdown menu as "In-Process"          # StepDefinition.StepDef.select_status_of_bill_from_dropdown_menu_as(java.lang.String)
[INFO ] 2025-04-16 15:38:31.227 [main] StepDef - Clicked on search button.
  When Click on Search button                                           # StepDefinition.StepDef.click_on_search_button()
[WARN ] 2025-04-16 15:38:34.300 [main] StepDef - Test Passed : Department name founded in the search table as e-Mobility.
  Then User should found Name in the search table                       # StepDefinition.StepDef.user_should_found_name_in_the_search_table()
[INFO ] 2025-04-16 15:38:35.809 [main] StepDef - browser closed.
  And Close browser                                                     # StepDefinition.CloseStep.close_browser()
teardown-sanity method executed...
]]></system-out>
    <system-err><![CDATA[Apr 16, 2025 3:38:28 PM org.openqa.selenium.devtools.CdpVersionFinder findNearestMatch
WARNING: Unable to find an exact match for CDP version 134, returning the closest version; found: 132; Please update to a Selenium version that supports CDP version 134
Apr 16, 2025 3:38:34 PM org.openqa.selenium.remote.http.WebSocket$Listener onError
WARNING: Connection reset
java.net.SocketException: Connection reset
	at java.base/sun.nio.ch.SocketChannelImpl.throwConnectionReset(SocketChannelImpl.java:394)
	at java.base/sun.nio.ch.SocketChannelImpl.read(SocketChannelImpl.java:426)
	at java.net.http/jdk.internal.net.http.SocketTube.readAvailable(SocketTube.java:1170)
	at java.net.http/jdk.internal.net.http.SocketTube$InternalReadPublisher$InternalReadSubscription.read(SocketTube.java:833)
	at java.net.http/jdk.internal.net.http.SocketTube$SocketFlowTask.run(SocketTube.java:181)
	at java.net.http/jdk.internal.net.http.common.SequentialScheduler$SchedulableTask.run(SequentialScheduler.java:230)
	at java.net.http/jdk.internal.net.http.common.SequentialScheduler.runOrSchedule(SequentialScheduler.java:303)
	at java.net.http/jdk.internal.net.http.common.SequentialScheduler.runOrSchedule(SequentialScheduler.java:256)
	at java.net.http/jdk.internal.net.http.SocketTube$InternalReadPublisher$InternalReadSubscription.signalReadable(SocketTube.java:774)
	at java.net.http/jdk.internal.net.http.SocketTube$InternalReadPublisher$ReadEvent.signalEvent(SocketTube.java:957)
	at java.net.http/jdk.internal.net.http.SocketTube$SocketFlowEvent.handle(SocketTube.java:253)
	at java.net.http/jdk.internal.net.http.HttpClientImpl$SelectorManager.handleEvent(HttpClientImpl.java:979)
	at java.net.http/jdk.internal.net.http.HttpClientImpl$SelectorManager.lambda$run$3(HttpClientImpl.java:934)
	at java.base/java.util.ArrayList.forEach(ArrayList.java:1511)
	at java.net.http/jdk.internal.net.http.HttpClientImpl$SelectorManager.run(HttpClientImpl.java:934)

]]></system-err>
  </testcase>
  <testcase name="runScenario[&quot;Successful Login with Valid Credentials&quot;, &quot;Login&quot;](3)" classname="TestRunner.Run" time="5.141">
    <system-out><![CDATA[
@Sanity
Scenario: Successful Login with Valid Credentials                       # Features/LoginFeature.feature:4
[INFO ] 2025-04-16 15:38:35.820 [main] StepDef - Before setup method executed.
[DEBUG] Using WebDriverManager 5.9.2
[DEBUG] Resolution chrome=134 in cache (valid until 16:38:08 16/04/2025 IST)
[DEBUG] Resolution chrome134=134.0.6998.165 in cache (valid until 15:38:08 17/04/2025 IST)
[INFO] Using chromedriver 134.0.6998.165 (resolved driver for Chrome 134)
[DEBUG] Driver chromedriver 134.0.6998.165 found in cache
[INFO] Exporting webdriver.chrome.driver as C:\Users\CSCSPV868\.cache\selenium\chromedriver\win64\134.0.6998.165\chromedriver.exe
[INFO ] 2025-04-16 15:38:37.317 [main] StepDef - launched chrome browser.
  Given User Lauch chrome browser                                       # StepDefinition.StepDef.user_lauch_chrome_browser()
[INFO ] 2025-04-16 15:38:37.724 [main] StepDef - Opened url
  When User opens URL "https://test.csccloud.in:8443/csc-invoice/login" # StepDefinition.StepDef.user_opens_url(java.lang.String)
[INFO ] 2025-04-16 15:38:37.873 [main] StepDef - EmailAddress and password entered.
  And User enters Email as "admin@gmail.com" and Password as "Test@123" # StepDefinition.StepDef.user_enters_email_as_and_password_as(java.lang.String,java.lang.String)
[INFO ] 2025-04-16 15:38:39.197 [main] StepDef - clicked on login button.
  And Click on Login                                                    # StepDefinition.StepDef.click_on_login()
[WARN ] 2025-04-16 15:38:39.207 [main] StepDef - Test Passed : Page title matched.
  Then Page Title should be "Invoice Management System"                 # StepDefinition.StepDef.page_title_should_be(java.lang.String)
[INFO ] 2025-04-16 15:38:39.853 [main] StepDef - clicked on logout button.
  When User click on Log out link                                       # StepDefinition.StepDef.user_click_on_log_out_link()
[WARN ] 2025-04-16 15:38:39.856 [main] StepDef - Test Passed : Page title matched.
  Then Page Titel should be "IMS Login"                                 # StepDefinition.StepDef.page_titel_should_be(java.lang.String)
[INFO ] 2025-04-16 15:38:40.949 [main] StepDef - browser closed.
  And Close browser                                                     # StepDefinition.CloseStep.close_browser()
teardown-sanity method executed...
]]></system-out>
    <system-err><![CDATA[Apr 16, 2025 3:38:37 PM org.openqa.selenium.devtools.CdpVersionFinder findNearestMatch
WARNING: Unable to find an exact match for CDP version 134, returning the closest version; found: 132; Please update to a Selenium version that supports CDP version 134
Apr 16, 2025 3:38:39 PM org.openqa.selenium.remote.http.WebSocket$Listener onError
WARNING: Connection reset
java.net.SocketException: Connection reset
	at java.base/sun.nio.ch.SocketChannelImpl.throwConnectionReset(SocketChannelImpl.java:394)
	at java.base/sun.nio.ch.SocketChannelImpl.read(SocketChannelImpl.java:426)
	at java.net.http/jdk.internal.net.http.SocketTube.readAvailable(SocketTube.java:1170)
	at java.net.http/jdk.internal.net.http.SocketTube$InternalReadPublisher$InternalReadSubscription.read(SocketTube.java:833)
	at java.net.http/jdk.internal.net.http.SocketTube$SocketFlowTask.run(SocketTube.java:181)
	at java.net.http/jdk.internal.net.http.common.SequentialScheduler$SchedulableTask.run(SequentialScheduler.java:230)
	at java.net.http/jdk.internal.net.http.common.SequentialScheduler.runOrSchedule(SequentialScheduler.java:303)
	at java.net.http/jdk.internal.net.http.common.SequentialScheduler.runOrSchedule(SequentialScheduler.java:256)
	at java.net.http/jdk.internal.net.http.SocketTube$InternalReadPublisher$InternalReadSubscription.signalReadable(SocketTube.java:774)
	at java.net.http/jdk.internal.net.http.SocketTube$InternalReadPublisher$ReadEvent.signalEvent(SocketTube.java:957)
	at java.net.http/jdk.internal.net.http.SocketTube$SocketFlowEvent.handle(SocketTube.java:253)
	at java.net.http/jdk.internal.net.http.HttpClientImpl$SelectorManager.handleEvent(HttpClientImpl.java:979)
	at java.net.http/jdk.internal.net.http.HttpClientImpl$SelectorManager.lambda$run$3(HttpClientImpl.java:934)
	at java.base/java.util.ArrayList.forEach(ArrayList.java:1511)
	at java.net.http/jdk.internal.net.http.HttpClientImpl$SelectorManager.run(HttpClientImpl.java:934)

]]></system-err>
  </testcase>
</testsuite>