<?xml version="1.0" encoding="UTF-8"?>
<testsuite xmlns:xsi="http://www.w3.org/2001/XMLSchema-instance" xsi:noNamespaceSchemaLocation="https://maven.apache.org/surefire/maven-surefire-plugin/xsd/surefire-test-report-3.0.xsd" version="3.0" name="TestRunner.Run" time="42.424" tests="3" errors="0" skipped="0" failures="0">
  <properties>
    <property name="java.specification.version" value="17"/>
    <property name="webdriver.chrome.driver" value="C:\Users\CSCSPV868\.cache\selenium\chromedriver\win64\134.0.6998.165\chromedriver.exe"/>
    <property name="sun.cpu.isalist" value="amd64"/>
    <property name="sun.jnu.encoding" value="Cp1252"/>
    <property name="java.class.path" value="C:\Users\CSCSPV868\eclipse-workspace\CS_AutomationFramework\BDDCucumberJavaProject\target\test-classes;C:\Users\CSCSPV868\eclipse-workspace\CS_AutomationFramework\BDDCucumberJavaProject\target\classes;C:\Users\CSCSPV868\.m2\repository\junit\junit\4.13.2\junit-4.13.2.jar;C:\Users\CSCSPV868\.m2\repository\org\testng\testng\7.3.0\testng-7.3.0.jar;C:\Users\CSCSPV868\.m2\repository\com\beust\jcommander\1.78\jcommander-1.78.jar;C:\Users\CSCSPV868\.m2\repository\org\apache\ant\ant\1.10.3\ant-1.10.3.jar;C:\Users\CSCSPV868\.m2\repository\org\apache\ant\ant-launcher\1.10.3\ant-launcher-1.10.3.jar;C:\Users\CSCSPV868\.m2\repository\com\google\inject\guice\4.2.2\guice-4.2.2-no_aop.jar;C:\Users\CSCSPV868\.m2\repository\javax\inject\javax.inject\1\javax.inject-1.jar;C:\Users\CSCSPV868\.m2\repository\aopalliance\aopalliance\1.0\aopalliance-1.0.jar;C:\Users\CSCSPV868\.m2\repository\org\yaml\snakeyaml\1.21\snakeyaml-1.21.jar;C:\Users\CSCSPV868\.m2\repository\io\cucumber\cucumber-html\0.2.7\cucumber-html-0.2.7.jar;C:\Users\CSCSPV868\.m2\repository\net\sourceforge\cobertura\cobertura\2.1.1\cobertura-2.1.1.jar;C:\Users\CSCSPV868\.m2\repository\org\ow2\asm\asm\5.0.1\asm-5.0.1.jar;C:\Users\CSCSPV868\.m2\repository\org\ow2\asm\asm-tree\5.0.1\asm-tree-5.0.1.jar;C:\Users\CSCSPV868\.m2\repository\org\ow2\asm\asm-commons\5.0.1\asm-commons-5.0.1.jar;C:\Users\CSCSPV868\.m2\repository\org\ow2\asm\asm-util\5.0.1\asm-util-5.0.1.jar;C:\Users\CSCSPV868\.m2\repository\org\ow2\asm\asm-analysis\5.0.1\asm-analysis-5.0.1.jar;C:\Users\CSCSPV868\.m2\repository\oro\oro\2.0.8\oro-2.0.8.jar;C:\Users\CSCSPV868\.m2\repository\jaxen\jaxen\1.1.4\jaxen-1.1.4.jar;C:\Users\CSCSPV868\.m2\repository\org\apache\ant\ant-junit\1.8.3\ant-junit-1.8.3.jar;C:\Users\CSCSPV868\.m2\repository\org\mortbay\jetty\servlet-api-2.5\6.1.14\servlet-api-2.5-6.1.14.jar;C:\Users\CSCSPV868\.m2\repository\org\mortbay\jetty\jetty\6.1.14\jetty-6.1.14.jar;C:\Users\CSCSPV868\.m2\repository\org\mortbay\jetty\jetty-util\6.1.14\jetty-util-6.1.14.jar;C:\Users\CSCSPV868\.m2\repository\org\slf4j\slf4j-api\1.7.5\slf4j-api-1.7.5.jar;C:\Users\CSCSPV868\.m2\repository\ch\qos\logback\logback-classic\1.0.13\logback-classic-1.0.13.jar;C:\Users\CSCSPV868\.m2\repository\ch\qos\logback\logback-core\1.0.13\logback-core-1.0.13.jar;C:\Users\CSCSPV868\.m2\repository\org\apache\commons\commons-lang3\3.3.2\commons-lang3-3.3.2.jar;C:\Users\CSCSPV868\.m2\repository\io\cucumber\cucumber-java\7.14.0\cucumber-java-7.14.0.jar;C:\Users\CSCSPV868\.m2\repository\org\apiguardian\apiguardian-api\1.1.2\apiguardian-api-1.1.2.jar;C:\Users\CSCSPV868\.m2\repository\io\cucumber\cucumber-jvm-deps\1.0.6\cucumber-jvm-deps-1.0.6.jar;C:\Users\CSCSPV868\.m2\repository\net\masterthought\cucumber-reporting\5.8.1\cucumber-reporting-5.8.1.jar;C:\Users\CSCSPV868\.m2\repository\com\fasterxml\jackson\core\jackson-databind\2.17.0\jackson-databind-2.17.0.jar;C:\Users\CSCSPV868\.m2\repository\com\fasterxml\jackson\core\jackson-annotations\2.17.0\jackson-annotations-2.17.0.jar;C:\Users\CSCSPV868\.m2\repository\com\fasterxml\jackson\core\jackson-core\2.17.0\jackson-core-2.17.0.jar;C:\Users\CSCSPV868\.m2\repository\net\bytebuddy\byte-buddy\1.14.9\byte-buddy-1.14.9.jar;C:\Users\CSCSPV868\.m2\repository\com\fasterxml\jackson\datatype\jackson-datatype-jsr310\2.17.0\jackson-datatype-jsr310-2.17.0.jar;C:\Users\CSCSPV868\.m2\repository\org\apache\velocity\velocity-engine-core\2.3\velocity-engine-core-2.3.jar;C:\Users\CSCSPV868\.m2\repository\joda-time\joda-time\2.12.7\joda-time-2.12.7.jar;C:\Users\CSCSPV868\.m2\repository\org\apache\commons\commons-configuration2\2.10.1\commons-configuration2-2.10.1.jar;C:\Users\CSCSPV868\.m2\repository\org\apache\commons\commons-text\1.11.0\commons-text-1.11.0.jar;C:\Users\CSCSPV868\.m2\repository\org\jsoup\jsoup\1.17.2\jsoup-1.17.2.jar;C:\Users\CSCSPV868\.m2\repository\com\googlecode\owasp-java-html-sanitizer\owasp-java-html-sanitizer\20220608.1\owasp-java-html-sanitizer-20220608.1.jar;C:\Users\CSCSPV868\.m2\repository\com\google\guava\guava\33.1.0-jre\guava-33.1.0-jre.jar;C:\Users\CSCSPV868\.m2\repository\com\google\guava\failureaccess\1.0.2\failureaccess-1.0.2.jar;C:\Users\CSCSPV868\.m2\repository\com\google\guava\listenablefuture\9999.0-empty-to-avoid-conflict-with-guava\listenablefuture-9999.0-empty-to-avoid-conflict-with-guava.jar;C:\Users\CSCSPV868\.m2\repository\com\google\code\findbugs\jsr305\3.0.2\jsr305-3.0.2.jar;C:\Users\CSCSPV868\.m2\repository\org\checkerframework\checker-qual\3.42.0\checker-qual-3.42.0.jar;C:\Users\CSCSPV868\.m2\repository\com\google\errorprone\error_prone_annotations\2.26.1\error_prone_annotations-2.26.1.jar;C:\Users\CSCSPV868\.m2\repository\com\google\j2objc\j2objc-annotations\3.0.0\j2objc-annotations-3.0.0.jar;C:\Users\CSCSPV868\.m2\repository\org\slf4j\jcl-over-slf4j\2.0.13\jcl-over-slf4j-2.0.13.jar;C:\Users\CSCSPV868\.m2\repository\org\hamcrest\hamcrest-core\3.0\hamcrest-core-3.0.jar;C:\Users\CSCSPV868\.m2\repository\org\hamcrest\hamcrest\3.0\hamcrest-3.0.jar;C:\Users\CSCSPV868\.m2\repository\io\cucumber\gherkin\30.0.4\gherkin-30.0.4.jar;C:\Users\CSCSPV868\.m2\repository\io\cucumber\messages\24.1.0\messages-24.1.0.jar;C:\Users\CSCSPV868\.m2\repository\org\seleniumhq\selenium\selenium-java\4.28.1\selenium-java-4.28.1.jar;C:\Users\CSCSPV868\.m2\repository\org\seleniumhq\selenium\selenium-api\4.28.1\selenium-api-4.28.1.jar;C:\Users\CSCSPV868\.m2\repository\org\jspecify\jspecify\1.0.0\jspecify-1.0.0.jar;C:\Users\CSCSPV868\.m2\repository\org\seleniumhq\selenium\selenium-chrome-driver\4.28.1\selenium-chrome-driver-4.28.1.jar;C:\Users\CSCSPV868\.m2\repository\com\google\auto\service\auto-service-annotations\1.1.1\auto-service-annotations-1.1.1.jar;C:\Users\CSCSPV868\.m2\repository\org\seleniumhq\selenium\selenium-chromium-driver\4.28.1\selenium-chromium-driver-4.28.1.jar;C:\Users\CSCSPV868\.m2\repository\org\seleniumhq\selenium\selenium-json\4.28.1\selenium-json-4.28.1.jar;C:\Users\CSCSPV868\.m2\repository\org\seleniumhq\selenium\selenium-manager\4.28.1\selenium-manager-4.28.1.jar;C:\Users\CSCSPV868\.m2\repository\org\seleniumhq\selenium\selenium-devtools-v130\4.28.1\selenium-devtools-v130-4.28.1.jar;C:\Users\CSCSPV868\.m2\repository\org\seleniumhq\selenium\selenium-devtools-v131\4.28.1\selenium-devtools-v131-4.28.1.jar;C:\Users\CSCSPV868\.m2\repository\org\seleniumhq\selenium\selenium-devtools-v132\4.28.1\selenium-devtools-v132-4.28.1.jar;C:\Users\CSCSPV868\.m2\repository\org\seleniumhq\selenium\selenium-devtools-v85\4.28.1\selenium-devtools-v85-4.28.1.jar;C:\Users\CSCSPV868\.m2\repository\org\seleniumhq\selenium\selenium-edge-driver\4.28.1\selenium-edge-driver-4.28.1.jar;C:\Users\CSCSPV868\.m2\repository\org\seleniumhq\selenium\selenium-firefox-driver\4.28.1\selenium-firefox-driver-4.28.1.jar;C:\Users\CSCSPV868\.m2\repository\org\seleniumhq\selenium\selenium-http\4.28.1\selenium-http-4.28.1.jar;C:\Users\CSCSPV868\.m2\repository\org\seleniumhq\selenium\selenium-ie-driver\4.28.1\selenium-ie-driver-4.28.1.jar;C:\Users\CSCSPV868\.m2\repository\org\seleniumhq\selenium\selenium-remote-driver\4.28.1\selenium-remote-driver-4.28.1.jar;C:\Users\CSCSPV868\.m2\repository\io\opentelemetry\semconv\opentelemetry-semconv\1.28.0-alpha\opentelemetry-semconv-1.28.0-alpha.jar;C:\Users\CSCSPV868\.m2\repository\io\opentelemetry\opentelemetry-api\1.46.0\opentelemetry-api-1.46.0.jar;C:\Users\CSCSPV868\.m2\repository\io\opentelemetry\opentelemetry-context\1.46.0\opentelemetry-context-1.46.0.jar;C:\Users\CSCSPV868\.m2\repository\io\opentelemetry\opentelemetry-exporter-logging\1.46.0\opentelemetry-exporter-logging-1.46.0.jar;C:\Users\CSCSPV868\.m2\repository\io\opentelemetry\opentelemetry-sdk-common\1.46.0\opentelemetry-sdk-common-1.46.0.jar;C:\Users\CSCSPV868\.m2\repository\io\opentelemetry\opentelemetry-sdk-extension-autoconfigure-spi\1.46.0\opentelemetry-sdk-extension-autoconfigure-spi-1.46.0.jar;C:\Users\CSCSPV868\.m2\repository\io\opentelemetry\opentelemetry-sdk-extension-autoconfigure\1.46.0\opentelemetry-sdk-extension-autoconfigure-1.46.0.jar;C:\Users\CSCSPV868\.m2\repository\io\opentelemetry\opentelemetry-api-incubator\1.46.0-alpha\opentelemetry-api-incubator-1.46.0-alpha.jar;C:\Users\CSCSPV868\.m2\repository\io\opentelemetry\opentelemetry-sdk-trace\1.46.0\opentelemetry-sdk-trace-1.46.0.jar;C:\Users\CSCSPV868\.m2\repository\io\opentelemetry\opentelemetry-sdk\1.46.0\opentelemetry-sdk-1.46.0.jar;C:\Users\CSCSPV868\.m2\repository\io\opentelemetry\opentelemetry-sdk-metrics\1.46.0\opentelemetry-sdk-metrics-1.46.0.jar;C:\Users\CSCSPV868\.m2\repository\io\opentelemetry\opentelemetry-sdk-logs\1.46.0\opentelemetry-sdk-logs-1.46.0.jar;C:\Users\CSCSPV868\.m2\repository\org\seleniumhq\selenium\selenium-os\4.28.1\selenium-os-4.28.1.jar;C:\Users\CSCSPV868\.m2\repository\org\apache\commons\commons-exec\1.4.0\commons-exec-1.4.0.jar;C:\Users\CSCSPV868\.m2\repository\org\seleniumhq\selenium\selenium-safari-driver\4.28.1\selenium-safari-driver-4.28.1.jar;C:\Users\CSCSPV868\.m2\repository\org\seleniumhq\selenium\selenium-support\4.28.1\selenium-support-4.28.1.jar;C:\Users\CSCSPV868\.m2\repository\io\github\bonigarcia\webdrivermanager\5.9.2\webdrivermanager-5.9.2.jar;C:\Users\CSCSPV868\.m2\repository\com\google\code\gson\gson\2.11.0\gson-2.11.0.jar;C:\Users\CSCSPV868\.m2\repository\com\github\docker-java\docker-java\3.4.0\docker-java-3.4.0.jar;C:\Users\CSCSPV868\.m2\repository\com\github\docker-java\docker-java-core\3.4.0\docker-java-core-3.4.0.jar;C:\Users\CSCSPV868\.m2\repository\com\github\docker-java\docker-java-api\3.4.0\docker-java-api-3.4.0.jar;C:\Users\CSCSPV868\.m2\repository\com\github\docker-java\docker-java-transport-httpclient5\3.4.0\docker-java-transport-httpclient5-3.4.0.jar;C:\Users\CSCSPV868\.m2\repository\com\github\docker-java\docker-java-transport\3.4.0\docker-java-transport-3.4.0.jar;C:\Users\CSCSPV868\.m2\repository\net\java\dev\jna\jna\5.13.0\jna-5.13.0.jar;C:\Users\CSCSPV868\.m2\repository\org\brotli\dec\0.1.2\dec-0.1.2.jar;C:\Users\CSCSPV868\.m2\repository\org\apache\commons\commons-compress\1.26.2\commons-compress-1.26.2.jar;C:\Users\CSCSPV868\.m2\repository\commons-codec\commons-codec\1.17.0\commons-codec-1.17.0.jar;C:\Users\CSCSPV868\.m2\repository\org\apache\httpcomponents\client5\httpclient5\5.2.1\httpclient5-5.2.1.jar;C:\Users\CSCSPV868\.m2\repository\org\apache\httpcomponents\core5\httpcore5\5.2\httpcore5-5.2.jar;C:\Users\CSCSPV868\.m2\repository\org\apache\httpcomponents\core5\httpcore5-h2\5.2\httpcore5-h2-5.2.jar;C:\Program Files\Java\jdk-17.0.2\lib\tools-1.5.0.jar;C:\Users\CSCSPV868\.m2\repository\commons-io\commons-io\2.11.0\commons-io-2.11.0.jar;C:\Users\CSCSPV868\.m2\repository\org\apache\logging\log4j\log4j-core\2.17.2\log4j-core-2.17.2.jar;C:\Users\CSCSPV868\.m2\repository\org\apache\logging\log4j\log4j-api\2.17.2\log4j-api-2.17.2.jar;C:\Users\CSCSPV868\.m2\repository\io\cucumber\cucumber-junit\7.21.1\cucumber-junit-7.21.1.jar;C:\Users\CSCSPV868\.m2\repository\io\cucumber\cucumber-testng\7.14.0\cucumber-testng-7.14.0.jar;C:\Users\CSCSPV868\.m2\repository\io\cucumber\cucumber-core\7.20.1\cucumber-core-7.20.1.jar;C:\Users\CSCSPV868\.m2\repository\io\cucumber\cucumber-gherkin\7.20.1\cucumber-gherkin-7.20.1.jar;C:\Users\CSCSPV868\.m2\repository\io\cucumber\cucumber-gherkin-messages\7.20.1\cucumber-gherkin-messages-7.20.1.jar;C:\Users\CSCSPV868\.m2\repository\io\cucumber\testng-xml-formatter\0.2.0\testng-xml-formatter-0.2.0.jar;C:\Users\CSCSPV868\.m2\repository\io\cucumber\query\12.2.0\query-12.2.0.jar;C:\Users\CSCSPV868\.m2\repository\io\cucumber\tag-expressions\6.1.0\tag-expressions-6.1.0.jar;C:\Users\CSCSPV868\.m2\repository\io\cucumber\cucumber-expressions\17.1.0\cucumber-expressions-17.1.0.jar;C:\Users\CSCSPV868\.m2\repository\io\cucumber\datatable\7.20.1\datatable-7.20.1.jar;C:\Users\CSCSPV868\.m2\repository\io\cucumber\cucumber-plugin\7.20.1\cucumber-plugin-7.20.1.jar;C:\Users\CSCSPV868\.m2\repository\io\cucumber\docstring\7.20.1\docstring-7.20.1.jar;C:\Users\CSCSPV868\.m2\repository\io\cucumber\html-formatter\21.7.0\html-formatter-21.7.0.jar;C:\Users\CSCSPV868\.m2\repository\io\cucumber\junit-xml-formatter\0.5.0\junit-xml-formatter-0.5.0.jar;C:\Users\CSCSPV868\.m2\repository\io\cucumber\ci-environment\10.0.1\ci-environment-10.0.1.jar;C:\Users\CSCSPV868\.m2\repository\io\reactivex\rxjava3\rxjava\3.0.4\rxjava-3.0.4.jar;C:\Users\CSCSPV868\.m2\repository\org\reactivestreams\reactive-streams\1.0.3\reactive-streams-1.0.3.jar;C:\Users\CSCSPV868\.m2\repository\tech\grasshopper\extentreports-cucumber7-adapter\1.10.1\extentreports-cucumber7-adapter-1.10.1.jar;C:\Users\CSCSPV868\.m2\repository\com\aventstack\extentreports\5.0.9\extentreports-5.0.9.jar;C:\Users\CSCSPV868\.m2\repository\org\freemarker\freemarker\2.3.30\freemarker-2.3.30.jar;C:\Users\CSCSPV868\.m2\repository\org\projectlombok\lombok\1.18.12\lombok-1.18.12.jar;C:\Users\CSCSPV868\.m2\repository\tech\grasshopper\extent-pdf-report\2.9.1\extent-pdf-report-2.9.1.jar;C:\Users\CSCSPV868\.m2\repository\tech\grasshopper\cucumber-pdf-report\2.11.1\cucumber-pdf-report-2.11.1.jar;C:\Users\CSCSPV868\.m2\repository\org\apache\pdfbox\pdfbox\2.0.26\pdfbox-2.0.26.jar;C:\Users\CSCSPV868\.m2\repository\org\apache\pdfbox\fontbox\2.0.26\fontbox-2.0.26.jar;C:\Users\CSCSPV868\.m2\repository\org\knowm\xchart\xchart\3.8.0\xchart-3.8.0.jar;C:\Users\CSCSPV868\.m2\repository\de\erichseifert\vectorgraphics2d\VectorGraphics2D\0.13\VectorGraphics2D-0.13.jar;C:\Users\CSCSPV868\.m2\repository\de\rototor\pdfbox\graphics2d\0.30\graphics2d-0.30.jar;C:\Users\CSCSPV868\.m2\repository\com\madgag\animated-gif-lib\1.4\animated-gif-lib-1.4.jar;C:\Users\CSCSPV868\.m2\repository\tech\grasshopper\table-layout\1.5.1\table-layout-1.5.1.jar;C:\Users\CSCSPV868\.m2\repository\tech\grasshopper\rest-assured-cucumber-pdf-report\1.4.1\rest-assured-cucumber-pdf-report-1.4.1.jar;C:\Users\CSCSPV868\.m2\repository\com\aventstack\klov-reporter\5.0.9\klov-reporter-5.0.9.jar;C:\Users\CSCSPV868\.m2\repository\org\mongodb\mongodb-driver\3.6.4\mongodb-driver-3.6.4.jar;C:\Users\CSCSPV868\.m2\repository\org\mongodb\mongodb-driver-core\3.6.4\mongodb-driver-core-3.6.4.jar;C:\Users\CSCSPV868\.m2\repository\org\mongodb\bson\3.6.4\bson-3.6.4.jar;C:\Users\CSCSPV868\.m2\repository\org\apache\httpcomponents\httpclient\4.5.13\httpclient-4.5.13.jar;C:\Users\CSCSPV868\.m2\repository\org\apache\httpcomponents\httpcore\4.4.13\httpcore-4.4.13.jar;C:\Users\CSCSPV868\.m2\repository\commons-logging\commons-logging\1.2\commons-logging-1.2.jar;C:\Users\CSCSPV868\.m2\repository\org\apache\httpcomponents\httpmime\4.5.13\httpmime-4.5.13.jar;C:\Users\CSCSPV868\.m2\repository\tech\grasshopper\htmlextentreporter\1.0.1\htmlextentreporter-1.0.1.jar;C:\Users\CSCSPV868\.m2\repository\tech\grasshopper\extent-excel-report\1.3.0\extent-excel-report-1.3.0.jar;C:\Users\CSCSPV868\.m2\repository\org\apache\poi\poi\5.2.3\poi-5.2.3.jar;C:\Users\CSCSPV868\.m2\repository\org\apache\commons\commons-collections4\4.4\commons-collections4-4.4.jar;C:\Users\CSCSPV868\.m2\repository\org\apache\commons\commons-math3\3.6.1\commons-math3-3.6.1.jar;C:\Users\CSCSPV868\.m2\repository\com\zaxxer\SparseBitSet\1.2\SparseBitSet-1.2.jar;C:\Users\CSCSPV868\.m2\repository\org\apache\poi\poi-ooxml\5.2.3\poi-ooxml-5.2.3.jar;C:\Users\CSCSPV868\.m2\repository\org\apache\poi\poi-ooxml-lite\5.2.3\poi-ooxml-lite-5.2.3.jar;C:\Users\CSCSPV868\.m2\repository\org\apache\xmlbeans\xmlbeans\5.1.1\xmlbeans-5.1.1.jar;C:\Users\CSCSPV868\.m2\repository\com\github\virtuald\curvesapi\1.07\curvesapi-1.07.jar;"/>
    <property name="java.vm.vendor" value="Oracle Corporation"/>
    <property name="sun.arch.data.model" value="64"/>
    <property name="user.variant" value=""/>
    <property name="java.vendor.url" value="https://java.oracle.com/"/>
    <property name="user.timezone" value="Asia/Calcutta"/>
    <property name="os.name" value="Windows 11"/>
    <property name="java.vm.specification.version" value="17"/>
    <property name="sun.java.launcher" value="SUN_STANDARD"/>
    <property name="user.country" value="US"/>
    <property name="sun.boot.library.path" value="C:\Program Files\Java\jdk-17.0.2\bin"/>
    <property name="sun.java.command" value="C:\Users\CSCSPV868\AppData\Local\Temp\surefire4756833405016319021\surefirebooter-20250501161700180_3.jar C:\Users\CSCSPV868\AppData\Local\Temp\surefire4756833405016319021 2025-05-01T16-16-57_537-jvmRun1 surefire-20250501161700180_1tmp surefire_0-20250501161700180_2tmp"/>
    <property name="jdk.debug" value="release"/>
    <property name="surefire.test.class.path" value="C:\Users\CSCSPV868\eclipse-workspace\CS_AutomationFramework\BDDCucumberJavaProject\target\test-classes;C:\Users\CSCSPV868\eclipse-workspace\CS_AutomationFramework\BDDCucumberJavaProject\target\classes;C:\Users\CSCSPV868\.m2\repository\junit\junit\4.13.2\junit-4.13.2.jar;C:\Users\CSCSPV868\.m2\repository\org\testng\testng\7.3.0\testng-7.3.0.jar;C:\Users\CSCSPV868\.m2\repository\com\beust\jcommander\1.78\jcommander-1.78.jar;C:\Users\CSCSPV868\.m2\repository\org\apache\ant\ant\1.10.3\ant-1.10.3.jar;C:\Users\CSCSPV868\.m2\repository\org\apache\ant\ant-launcher\1.10.3\ant-launcher-1.10.3.jar;C:\Users\CSCSPV868\.m2\repository\com\google\inject\guice\4.2.2\guice-4.2.2-no_aop.jar;C:\Users\CSCSPV868\.m2\repository\javax\inject\javax.inject\1\javax.inject-1.jar;C:\Users\CSCSPV868\.m2\repository\aopalliance\aopalliance\1.0\aopalliance-1.0.jar;C:\Users\CSCSPV868\.m2\repository\org\yaml\snakeyaml\1.21\snakeyaml-1.21.jar;C:\Users\CSCSPV868\.m2\repository\io\cucumber\cucumber-html\0.2.7\cucumber-html-0.2.7.jar;C:\Users\CSCSPV868\.m2\repository\net\sourceforge\cobertura\cobertura\2.1.1\cobertura-2.1.1.jar;C:\Users\CSCSPV868\.m2\repository\org\ow2\asm\asm\5.0.1\asm-5.0.1.jar;C:\Users\CSCSPV868\.m2\repository\org\ow2\asm\asm-tree\5.0.1\asm-tree-5.0.1.jar;C:\Users\CSCSPV868\.m2\repository\org\ow2\asm\asm-commons\5.0.1\asm-commons-5.0.1.jar;C:\Users\CSCSPV868\.m2\repository\org\ow2\asm\asm-util\5.0.1\asm-util-5.0.1.jar;C:\Users\CSCSPV868\.m2\repository\org\ow2\asm\asm-analysis\5.0.1\asm-analysis-5.0.1.jar;C:\Users\CSCSPV868\.m2\repository\oro\oro\2.0.8\oro-2.0.8.jar;C:\Users\CSCSPV868\.m2\repository\jaxen\jaxen\1.1.4\jaxen-1.1.4.jar;C:\Users\CSCSPV868\.m2\repository\org\apache\ant\ant-junit\1.8.3\ant-junit-1.8.3.jar;C:\Users\CSCSPV868\.m2\repository\org\mortbay\jetty\servlet-api-2.5\6.1.14\servlet-api-2.5-6.1.14.jar;C:\Users\CSCSPV868\.m2\repository\org\mortbay\jetty\jetty\6.1.14\jetty-6.1.14.jar;C:\Users\CSCSPV868\.m2\repository\org\mortbay\jetty\jetty-util\6.1.14\jetty-util-6.1.14.jar;C:\Users\CSCSPV868\.m2\repository\org\slf4j\slf4j-api\1.7.5\slf4j-api-1.7.5.jar;C:\Users\CSCSPV868\.m2\repository\ch\qos\logback\logback-classic\1.0.13\logback-classic-1.0.13.jar;C:\Users\CSCSPV868\.m2\repository\ch\qos\logback\logback-core\1.0.13\logback-core-1.0.13.jar;C:\Users\CSCSPV868\.m2\repository\org\apache\commons\commons-lang3\3.3.2\commons-lang3-3.3.2.jar;C:\Users\CSCSPV868\.m2\repository\io\cucumber\cucumber-java\7.14.0\cucumber-java-7.14.0.jar;C:\Users\CSCSPV868\.m2\repository\org\apiguardian\apiguardian-api\1.1.2\apiguardian-api-1.1.2.jar;C:\Users\CSCSPV868\.m2\repository\io\cucumber\cucumber-jvm-deps\1.0.6\cucumber-jvm-deps-1.0.6.jar;C:\Users\CSCSPV868\.m2\repository\net\masterthought\cucumber-reporting\5.8.1\cucumber-reporting-5.8.1.jar;C:\Users\CSCSPV868\.m2\repository\com\fasterxml\jackson\core\jackson-databind\2.17.0\jackson-databind-2.17.0.jar;C:\Users\CSCSPV868\.m2\repository\com\fasterxml\jackson\core\jackson-annotations\2.17.0\jackson-annotations-2.17.0.jar;C:\Users\CSCSPV868\.m2\repository\com\fasterxml\jackson\core\jackson-core\2.17.0\jackson-core-2.17.0.jar;C:\Users\CSCSPV868\.m2\repository\net\bytebuddy\byte-buddy\1.14.9\byte-buddy-1.14.9.jar;C:\Users\CSCSPV868\.m2\repository\com\fasterxml\jackson\datatype\jackson-datatype-jsr310\2.17.0\jackson-datatype-jsr310-2.17.0.jar;C:\Users\CSCSPV868\.m2\repository\org\apache\velocity\velocity-engine-core\2.3\velocity-engine-core-2.3.jar;C:\Users\CSCSPV868\.m2\repository\joda-time\joda-time\2.12.7\joda-time-2.12.7.jar;C:\Users\CSCSPV868\.m2\repository\org\apache\commons\commons-configuration2\2.10.1\commons-configuration2-2.10.1.jar;C:\Users\CSCSPV868\.m2\repository\org\apache\commons\commons-text\1.11.0\commons-text-1.11.0.jar;C:\Users\CSCSPV868\.m2\repository\org\jsoup\jsoup\1.17.2\jsoup-1.17.2.jar;C:\Users\CSCSPV868\.m2\repository\com\googlecode\owasp-java-html-sanitizer\owasp-java-html-sanitizer\20220608.1\owasp-java-html-sanitizer-20220608.1.jar;C:\Users\CSCSPV868\.m2\repository\com\google\guava\guava\33.1.0-jre\guava-33.1.0-jre.jar;C:\Users\CSCSPV868\.m2\repository\com\google\guava\failureaccess\1.0.2\failureaccess-1.0.2.jar;C:\Users\CSCSPV868\.m2\repository\com\google\guava\listenablefuture\9999.0-empty-to-avoid-conflict-with-guava\listenablefuture-9999.0-empty-to-avoid-conflict-with-guava.jar;C:\Users\CSCSPV868\.m2\repository\com\google\code\findbugs\jsr305\3.0.2\jsr305-3.0.2.jar;C:\Users\CSCSPV868\.m2\repository\org\checkerframework\checker-qual\3.42.0\checker-qual-3.42.0.jar;C:\Users\CSCSPV868\.m2\repository\com\google\errorprone\error_prone_annotations\2.26.1\error_prone_annotations-2.26.1.jar;C:\Users\CSCSPV868\.m2\repository\com\google\j2objc\j2objc-annotations\3.0.0\j2objc-annotations-3.0.0.jar;C:\Users\CSCSPV868\.m2\repository\org\slf4j\jcl-over-slf4j\2.0.13\jcl-over-slf4j-2.0.13.jar;C:\Users\CSCSPV868\.m2\repository\org\hamcrest\hamcrest-core\3.0\hamcrest-core-3.0.jar;C:\Users\CSCSPV868\.m2\repository\org\hamcrest\hamcrest\3.0\hamcrest-3.0.jar;C:\Users\CSCSPV868\.m2\repository\io\cucumber\gherkin\30.0.4\gherkin-30.0.4.jar;C:\Users\CSCSPV868\.m2\repository\io\cucumber\messages\24.1.0\messages-24.1.0.jar;C:\Users\CSCSPV868\.m2\repository\org\seleniumhq\selenium\selenium-java\4.28.1\selenium-java-4.28.1.jar;C:\Users\CSCSPV868\.m2\repository\org\seleniumhq\selenium\selenium-api\4.28.1\selenium-api-4.28.1.jar;C:\Users\CSCSPV868\.m2\repository\org\jspecify\jspecify\1.0.0\jspecify-1.0.0.jar;C:\Users\CSCSPV868\.m2\repository\org\seleniumhq\selenium\selenium-chrome-driver\4.28.1\selenium-chrome-driver-4.28.1.jar;C:\Users\CSCSPV868\.m2\repository\com\google\auto\service\auto-service-annotations\1.1.1\auto-service-annotations-1.1.1.jar;C:\Users\CSCSPV868\.m2\repository\org\seleniumhq\selenium\selenium-chromium-driver\4.28.1\selenium-chromium-driver-4.28.1.jar;C:\Users\CSCSPV868\.m2\repository\org\seleniumhq\selenium\selenium-json\4.28.1\selenium-json-4.28.1.jar;C:\Users\CSCSPV868\.m2\repository\org\seleniumhq\selenium\selenium-manager\4.28.1\selenium-manager-4.28.1.jar;C:\Users\CSCSPV868\.m2\repository\org\seleniumhq\selenium\selenium-devtools-v130\4.28.1\selenium-devtools-v130-4.28.1.jar;C:\Users\CSCSPV868\.m2\repository\org\seleniumhq\selenium\selenium-devtools-v131\4.28.1\selenium-devtools-v131-4.28.1.jar;C:\Users\CSCSPV868\.m2\repository\org\seleniumhq\selenium\selenium-devtools-v132\4.28.1\selenium-devtools-v132-4.28.1.jar;C:\Users\CSCSPV868\.m2\repository\org\seleniumhq\selenium\selenium-devtools-v85\4.28.1\selenium-devtools-v85-4.28.1.jar;C:\Users\CSCSPV868\.m2\repository\org\seleniumhq\selenium\selenium-edge-driver\4.28.1\selenium-edge-driver-4.28.1.jar;C:\Users\CSCSPV868\.m2\repository\org\seleniumhq\selenium\selenium-firefox-driver\4.28.1\selenium-firefox-driver-4.28.1.jar;C:\Users\CSCSPV868\.m2\repository\org\seleniumhq\selenium\selenium-http\4.28.1\selenium-http-4.28.1.jar;C:\Users\CSCSPV868\.m2\repository\org\seleniumhq\selenium\selenium-ie-driver\4.28.1\selenium-ie-driver-4.28.1.jar;C:\Users\CSCSPV868\.m2\repository\org\seleniumhq\selenium\selenium-remote-driver\4.28.1\selenium-remote-driver-4.28.1.jar;C:\Users\CSCSPV868\.m2\repository\io\opentelemetry\semconv\opentelemetry-semconv\1.28.0-alpha\opentelemetry-semconv-1.28.0-alpha.jar;C:\Users\CSCSPV868\.m2\repository\io\opentelemetry\opentelemetry-api\1.46.0\opentelemetry-api-1.46.0.jar;C:\Users\CSCSPV868\.m2\repository\io\opentelemetry\opentelemetry-context\1.46.0\opentelemetry-context-1.46.0.jar;C:\Users\CSCSPV868\.m2\repository\io\opentelemetry\opentelemetry-exporter-logging\1.46.0\opentelemetry-exporter-logging-1.46.0.jar;C:\Users\CSCSPV868\.m2\repository\io\opentelemetry\opentelemetry-sdk-common\1.46.0\opentelemetry-sdk-common-1.46.0.jar;C:\Users\CSCSPV868\.m2\repository\io\opentelemetry\opentelemetry-sdk-extension-autoconfigure-spi\1.46.0\opentelemetry-sdk-extension-autoconfigure-spi-1.46.0.jar;C:\Users\CSCSPV868\.m2\repository\io\opentelemetry\opentelemetry-sdk-extension-autoconfigure\1.46.0\opentelemetry-sdk-extension-autoconfigure-1.46.0.jar;C:\Users\CSCSPV868\.m2\repository\io\opentelemetry\opentelemetry-api-incubator\1.46.0-alpha\opentelemetry-api-incubator-1.46.0-alpha.jar;C:\Users\CSCSPV868\.m2\repository\io\opentelemetry\opentelemetry-sdk-trace\1.46.0\opentelemetry-sdk-trace-1.46.0.jar;C:\Users\CSCSPV868\.m2\repository\io\opentelemetry\opentelemetry-sdk\1.46.0\opentelemetry-sdk-1.46.0.jar;C:\Users\CSCSPV868\.m2\repository\io\opentelemetry\opentelemetry-sdk-metrics\1.46.0\opentelemetry-sdk-metrics-1.46.0.jar;C:\Users\CSCSPV868\.m2\repository\io\opentelemetry\opentelemetry-sdk-logs\1.46.0\opentelemetry-sdk-logs-1.46.0.jar;C:\Users\CSCSPV868\.m2\repository\org\seleniumhq\selenium\selenium-os\4.28.1\selenium-os-4.28.1.jar;C:\Users\CSCSPV868\.m2\repository\org\apache\commons\commons-exec\1.4.0\commons-exec-1.4.0.jar;C:\Users\CSCSPV868\.m2\repository\org\seleniumhq\selenium\selenium-safari-driver\4.28.1\selenium-safari-driver-4.28.1.jar;C:\Users\CSCSPV868\.m2\repository\org\seleniumhq\selenium\selenium-support\4.28.1\selenium-support-4.28.1.jar;C:\Users\CSCSPV868\.m2\repository\io\github\bonigarcia\webdrivermanager\5.9.2\webdrivermanager-5.9.2.jar;C:\Users\CSCSPV868\.m2\repository\com\google\code\gson\gson\2.11.0\gson-2.11.0.jar;C:\Users\CSCSPV868\.m2\repository\com\github\docker-java\docker-java\3.4.0\docker-java-3.4.0.jar;C:\Users\CSCSPV868\.m2\repository\com\github\docker-java\docker-java-core\3.4.0\docker-java-core-3.4.0.jar;C:\Users\CSCSPV868\.m2\repository\com\github\docker-java\docker-java-api\3.4.0\docker-java-api-3.4.0.jar;C:\Users\CSCSPV868\.m2\repository\com\github\docker-java\docker-java-transport-httpclient5\3.4.0\docker-java-transport-httpclient5-3.4.0.jar;C:\Users\CSCSPV868\.m2\repository\com\github\docker-java\docker-java-transport\3.4.0\docker-java-transport-3.4.0.jar;C:\Users\CSCSPV868\.m2\repository\net\java\dev\jna\jna\5.13.0\jna-5.13.0.jar;C:\Users\CSCSPV868\.m2\repository\org\brotli\dec\0.1.2\dec-0.1.2.jar;C:\Users\CSCSPV868\.m2\repository\org\apache\commons\commons-compress\1.26.2\commons-compress-1.26.2.jar;C:\Users\CSCSPV868\.m2\repository\commons-codec\commons-codec\1.17.0\commons-codec-1.17.0.jar;C:\Users\CSCSPV868\.m2\repository\org\apache\httpcomponents\client5\httpclient5\5.2.1\httpclient5-5.2.1.jar;C:\Users\CSCSPV868\.m2\repository\org\apache\httpcomponents\core5\httpcore5\5.2\httpcore5-5.2.jar;C:\Users\CSCSPV868\.m2\repository\org\apache\httpcomponents\core5\httpcore5-h2\5.2\httpcore5-h2-5.2.jar;C:\Program Files\Java\jdk-17.0.2\lib\tools-1.5.0.jar;C:\Users\CSCSPV868\.m2\repository\commons-io\commons-io\2.11.0\commons-io-2.11.0.jar;C:\Users\CSCSPV868\.m2\repository\org\apache\logging\log4j\log4j-core\2.17.2\log4j-core-2.17.2.jar;C:\Users\CSCSPV868\.m2\repository\org\apache\logging\log4j\log4j-api\2.17.2\log4j-api-2.17.2.jar;C:\Users\CSCSPV868\.m2\repository\io\cucumber\cucumber-junit\7.21.1\cucumber-junit-7.21.1.jar;C:\Users\CSCSPV868\.m2\repository\io\cucumber\cucumber-testng\7.14.0\cucumber-testng-7.14.0.jar;C:\Users\CSCSPV868\.m2\repository\io\cucumber\cucumber-core\7.20.1\cucumber-core-7.20.1.jar;C:\Users\CSCSPV868\.m2\repository\io\cucumber\cucumber-gherkin\7.20.1\cucumber-gherkin-7.20.1.jar;C:\Users\CSCSPV868\.m2\repository\io\cucumber\cucumber-gherkin-messages\7.20.1\cucumber-gherkin-messages-7.20.1.jar;C:\Users\CSCSPV868\.m2\repository\io\cucumber\testng-xml-formatter\0.2.0\testng-xml-formatter-0.2.0.jar;C:\Users\CSCSPV868\.m2\repository\io\cucumber\query\12.2.0\query-12.2.0.jar;C:\Users\CSCSPV868\.m2\repository\io\cucumber\tag-expressions\6.1.0\tag-expressions-6.1.0.jar;C:\Users\CSCSPV868\.m2\repository\io\cucumber\cucumber-expressions\17.1.0\cucumber-expressions-17.1.0.jar;C:\Users\CSCSPV868\.m2\repository\io\cucumber\datatable\7.20.1\datatable-7.20.1.jar;C:\Users\CSCSPV868\.m2\repository\io\cucumber\cucumber-plugin\7.20.1\cucumber-plugin-7.20.1.jar;C:\Users\CSCSPV868\.m2\repository\io\cucumber\docstring\7.20.1\docstring-7.20.1.jar;C:\Users\CSCSPV868\.m2\repository\io\cucumber\html-formatter\21.7.0\html-formatter-21.7.0.jar;C:\Users\CSCSPV868\.m2\repository\io\cucumber\junit-xml-formatter\0.5.0\junit-xml-formatter-0.5.0.jar;C:\Users\CSCSPV868\.m2\repository\io\cucumber\ci-environment\10.0.1\ci-environment-10.0.1.jar;C:\Users\CSCSPV868\.m2\repository\io\reactivex\rxjava3\rxjava\3.0.4\rxjava-3.0.4.jar;C:\Users\CSCSPV868\.m2\repository\org\reactivestreams\reactive-streams\1.0.3\reactive-streams-1.0.3.jar;C:\Users\CSCSPV868\.m2\repository\tech\grasshopper\extentreports-cucumber7-adapter\1.10.1\extentreports-cucumber7-adapter-1.10.1.jar;C:\Users\CSCSPV868\.m2\repository\com\aventstack\extentreports\5.0.9\extentreports-5.0.9.jar;C:\Users\CSCSPV868\.m2\repository\org\freemarker\freemarker\2.3.30\freemarker-2.3.30.jar;C:\Users\CSCSPV868\.m2\repository\org\projectlombok\lombok\1.18.12\lombok-1.18.12.jar;C:\Users\CSCSPV868\.m2\repository\tech\grasshopper\extent-pdf-report\2.9.1\extent-pdf-report-2.9.1.jar;C:\Users\CSCSPV868\.m2\repository\tech\grasshopper\cucumber-pdf-report\2.11.1\cucumber-pdf-report-2.11.1.jar;C:\Users\CSCSPV868\.m2\repository\org\apache\pdfbox\pdfbox\2.0.26\pdfbox-2.0.26.jar;C:\Users\CSCSPV868\.m2\repository\org\apache\pdfbox\fontbox\2.0.26\fontbox-2.0.26.jar;C:\Users\CSCSPV868\.m2\repository\org\knowm\xchart\xchart\3.8.0\xchart-3.8.0.jar;C:\Users\CSCSPV868\.m2\repository\de\erichseifert\vectorgraphics2d\VectorGraphics2D\0.13\VectorGraphics2D-0.13.jar;C:\Users\CSCSPV868\.m2\repository\de\rototor\pdfbox\graphics2d\0.30\graphics2d-0.30.jar;C:\Users\CSCSPV868\.m2\repository\com\madgag\animated-gif-lib\1.4\animated-gif-lib-1.4.jar;C:\Users\CSCSPV868\.m2\repository\tech\grasshopper\table-layout\1.5.1\table-layout-1.5.1.jar;C:\Users\CSCSPV868\.m2\repository\tech\grasshopper\rest-assured-cucumber-pdf-report\1.4.1\rest-assured-cucumber-pdf-report-1.4.1.jar;C:\Users\CSCSPV868\.m2\repository\com\aventstack\klov-reporter\5.0.9\klov-reporter-5.0.9.jar;C:\Users\CSCSPV868\.m2\repository\org\mongodb\mongodb-driver\3.6.4\mongodb-driver-3.6.4.jar;C:\Users\CSCSPV868\.m2\repository\org\mongodb\mongodb-driver-core\3.6.4\mongodb-driver-core-3.6.4.jar;C:\Users\CSCSPV868\.m2\repository\org\mongodb\bson\3.6.4\bson-3.6.4.jar;C:\Users\CSCSPV868\.m2\repository\org\apache\httpcomponents\httpclient\4.5.13\httpclient-4.5.13.jar;C:\Users\CSCSPV868\.m2\repository\org\apache\httpcomponents\httpcore\4.4.13\httpcore-4.4.13.jar;C:\Users\CSCSPV868\.m2\repository\commons-logging\commons-logging\1.2\commons-logging-1.2.jar;C:\Users\CSCSPV868\.m2\repository\org\apache\httpcomponents\httpmime\4.5.13\httpmime-4.5.13.jar;C:\Users\CSCSPV868\.m2\repository\tech\grasshopper\htmlextentreporter\1.0.1\htmlextentreporter-1.0.1.jar;C:\Users\CSCSPV868\.m2\repository\tech\grasshopper\extent-excel-report\1.3.0\extent-excel-report-1.3.0.jar;C:\Users\CSCSPV868\.m2\repository\org\apache\poi\poi\5.2.3\poi-5.2.3.jar;C:\Users\CSCSPV868\.m2\repository\org\apache\commons\commons-collections4\4.4\commons-collections4-4.4.jar;C:\Users\CSCSPV868\.m2\repository\org\apache\commons\commons-math3\3.6.1\commons-math3-3.6.1.jar;C:\Users\CSCSPV868\.m2\repository\com\zaxxer\SparseBitSet\1.2\SparseBitSet-1.2.jar;C:\Users\CSCSPV868\.m2\repository\org\apache\poi\poi-ooxml\5.2.3\poi-ooxml-5.2.3.jar;C:\Users\CSCSPV868\.m2\repository\org\apache\poi\poi-ooxml-lite\5.2.3\poi-ooxml-lite-5.2.3.jar;C:\Users\CSCSPV868\.m2\repository\org\apache\xmlbeans\xmlbeans\5.1.1\xmlbeans-5.1.1.jar;C:\Users\CSCSPV868\.m2\repository\com\github\virtuald\curvesapi\1.07\curvesapi-1.07.jar;"/>
    <property name="sun.cpu.endian" value="little"/>
    <property name="user.home" value="C:\Users\CSCSPV868"/>
    <property name="user.language" value="en"/>
    <property name="java.specification.vendor" value="Oracle Corporation"/>
    <property name="java.version.date" value="2022-01-18"/>
    <property name="java.home" value="C:\Program Files\Java\jdk-17.0.2"/>
    <property name="file.separator" value="\"/>
    <property name="basedir" value="C:\Users\CSCSPV868\eclipse-workspace\CS_AutomationFramework\BDDCucumberJavaProject"/>
    <property name="java.vm.compressedOopsMode" value="32-bit"/>
    <property name="line.separator" value="&#10;"/>
    <property name="java.vm.specification.vendor" value="Oracle Corporation"/>
    <property name="java.specification.name" value="Java Platform API Specification"/>
    <property name="surefire.real.class.path" value="C:\Users\CSCSPV868\AppData\Local\Temp\surefire4756833405016319021\surefirebooter-20250501161700180_3.jar"/>
    <property name="user.script" value=""/>
    <property name="sun.management.compiler" value="HotSpot 64-Bit Tiered Compilers"/>
    <property name="java.runtime.version" value="17.0.2+8-LTS-86"/>
    <property name="user.name" value="cscspv868"/>
    <property name="path.separator" value=";"/>
    <property name="os.version" value="10.0"/>
    <property name="java.runtime.name" value="Java(TM) SE Runtime Environment"/>
    <property name="file.encoding" value="Cp1252"/>
    <property name="java.vm.name" value="Java HotSpot(TM) 64-Bit Server VM"/>
    <property name="localRepository" value="C:\Users\CSCSPV868\.m2\repository"/>
    <property name="java.vendor.url.bug" value="https://bugreport.java.com/bugreport/"/>
    <property name="java.io.tmpdir" value="C:\Users\CSCSPV~1\AppData\Local\Temp\"/>
    <property name="java.version" value="17.0.2"/>
    <property name="user.dir" value="C:\Users\CSCSPV868\eclipse-workspace\CS_AutomationFramework\BDDCucumberJavaProject"/>
    <property name="os.arch" value="amd64"/>
    <property name="java.vm.specification.name" value="Java Virtual Machine Specification"/>
    <property name="sun.os.patch.level" value=""/>
    <property name="native.encoding" value="Cp1252"/>
    <property name="java.library.path" value="C:\Program Files\Java\jdk-17.0.2\bin;C:\WINDOWS\Sun\Java\bin;C:\WINDOWS\system32;C:\WINDOWS;C:\apache-maven-3.9.9-bin\apache-maven-3.9.9\/bin;C:\Program Files\Java\jdk-17.0.2/bin;C:\Program Files\Java\jdk-17.0.2/bin;C:\Program Files\Common Files\Oracle\Java\javapath;C:\Program Files (x86)\Common Files\Oracle\Java\java8path;C:\Program Files (x86)\Common Files\Oracle\Java\javapath;C:\WINDOWS\system32;C:\WINDOWS;C:\WINDOWS\System32\Wbem;C:\WINDOWS\System32\WindowsPowerShell\v1.0\;C:\WINDOWS\System32\OpenSSH\;C:\apache-maven-3.9.9-bin\apache-maven-3.9.9\bin;C:\apache-maven-3.9.9-bin\apache-maven-3.9.9\bin;C:\apache-maven-3.9.9-bin\apache-maven-3.9.9\bin;C:\Program Files\nodejs\;C:\Program Files\Java\jdk-17.0.2\bin;C:\Users\CSCSPV868\AppData\Local\Programs\Python\Python312\Scripts\;C:\Users\CSCSPV868\AppData\Local\Programs\Python\Python312\;C:\Users\CSCSPV868\AppData\Local\Programs\Python\Launcher\;C:\Users\CSCSPV868\AppData\Local\Microsoft\WindowsApps;C:\Users\CSCSPV868\AppData\Local\Programs\Microsoft VS Code\bin;C:\Users\CSCSPV868\AppData\Local\JetBrains\PyCharm Community Edition 2024.1\bin;;C:\Users\CSCSPV868\AppData\Local\Programs\Git\cmd;C:\Users\CSCSPV868\AppData\Roaming\npm;."/>
    <property name="java.vm.info" value="mixed mode, sharing"/>
    <property name="java.vendor" value="Oracle Corporation"/>
    <property name="java.vm.version" value="17.0.2+8-LTS-86"/>
    <property name="sun.io.unicode.encoding" value="UnicodeLittle"/>
    <property name="java.class.version" value="61.0"/>
  </properties>
  <testcase name="runScenario[&quot;Search Bill by Receipt Number&quot;, &quot;Bill&quot;](1)" classname="TestRunner.Run" time="23.456">
    <system-out><![CDATA[[INFO ] 2025-05-01 16:17:03.224 [main] StepDef - Before setup method executed.
[DEBUG] Using WebDriverManager 5.9.2
[DEBUG] Removing resolution chrome=134 from cache (expired on Mon Apr 28 15:54:30 IST 2025)
[DEBUG] ex-0000000001 preparing request execution
[DEBUG] ex-0000000001 target auth state: UNCHALLENGED
[DEBUG] ex-0000000001 proxy auth state: UNCHALLENGED
[DEBUG] ex-0000000001 acquiring connection with route {s}->https://raw.githubusercontent.com:443
[DEBUG] ex-0000000001 acquiring endpoint (3 MINUTES)
[DEBUG] ex-0000000001 endpoint lease request (3 MINUTES) [route: {s}->https://raw.githubusercontent.com:443][total available: 0; route allocated: 0 of 5; total allocated: 0 of 25]
[DEBUG] ex-0000000001 endpoint leased [route: {s}->https://raw.githubusercontent.com:443][total available: 0; route allocated: 1 of 5; total allocated: 1 of 25]
[DEBUG] ex-0000000001 acquired ep-0000000001
[DEBUG] ex-0000000001 acquired endpoint ep-0000000001
[DEBUG] ex-0000000001 opening connection {s}->https://raw.githubusercontent.com:443
[DEBUG] ep-0000000001 connecting endpoint (null)
[DEBUG] ep-0000000001 connecting endpoint to https://raw.githubusercontent.com:443 (30 SECONDS)
[DEBUG] raw.githubusercontent.com resolving remote address
[DEBUG] raw.githubusercontent.com resolved to [raw.githubusercontent.com/185.199.109.133, raw.githubusercontent.com/185.199.111.133, raw.githubusercontent.com/185.199.108.133, raw.githubusercontent.com/185.199.110.133]
[DEBUG] raw.githubusercontent.com:443 connecting null->raw.githubusercontent.com/185.199.109.133:443 (30 SECONDS)
[DEBUG] Connecting socket to raw.githubusercontent.com/185.199.109.133:443 with timeout 30 SECONDS
[DEBUG] Enabled protocols: [TLSv1.3, TLSv1.2]
[DEBUG] Enabled cipher suites: [TLS_AES_256_GCM_SHA384, TLS_AES_128_GCM_SHA256, TLS_CHACHA20_POLY1305_SHA256, TLS_ECDHE_ECDSA_WITH_AES_256_GCM_SHA384, TLS_ECDHE_ECDSA_WITH_AES_128_GCM_SHA256, TLS_ECDHE_ECDSA_WITH_CHACHA20_POLY1305_SHA256, TLS_ECDHE_RSA_WITH_AES_256_GCM_SHA384, TLS_ECDHE_RSA_WITH_CHACHA20_POLY1305_SHA256, TLS_ECDHE_RSA_WITH_AES_128_GCM_SHA256, TLS_DHE_RSA_WITH_AES_256_GCM_SHA384, TLS_DHE_RSA_WITH_CHACHA20_POLY1305_SHA256, TLS_DHE_DSS_WITH_AES_256_GCM_SHA384, TLS_DHE_RSA_WITH_AES_128_GCM_SHA256, TLS_DHE_DSS_WITH_AES_128_GCM_SHA256, TLS_ECDHE_ECDSA_WITH_AES_256_CBC_SHA384, TLS_ECDHE_RSA_WITH_AES_256_CBC_SHA384, TLS_ECDHE_ECDSA_WITH_AES_128_CBC_SHA256, TLS_ECDHE_RSA_WITH_AES_128_CBC_SHA256, TLS_DHE_RSA_WITH_AES_256_CBC_SHA256, TLS_DHE_DSS_WITH_AES_256_CBC_SHA256, TLS_DHE_RSA_WITH_AES_128_CBC_SHA256, TLS_DHE_DSS_WITH_AES_128_CBC_SHA256, TLS_ECDH_ECDSA_WITH_AES_256_GCM_SHA384, TLS_ECDH_RSA_WITH_AES_256_GCM_SHA384, TLS_ECDH_ECDSA_WITH_AES_128_GCM_SHA256, TLS_ECDH_RSA_WITH_AES_128_GCM_SHA256, TLS_ECDH_ECDSA_WITH_AES_256_CBC_SHA384, TLS_ECDH_RSA_WITH_AES_256_CBC_SHA384, TLS_ECDH_ECDSA_WITH_AES_128_CBC_SHA256, TLS_ECDH_RSA_WITH_AES_128_CBC_SHA256, TLS_ECDHE_ECDSA_WITH_AES_256_CBC_SHA, TLS_ECDHE_RSA_WITH_AES_256_CBC_SHA, TLS_ECDHE_ECDSA_WITH_AES_128_CBC_SHA, TLS_ECDHE_RSA_WITH_AES_128_CBC_SHA, TLS_DHE_RSA_WITH_AES_256_CBC_SHA, TLS_DHE_DSS_WITH_AES_256_CBC_SHA, TLS_DHE_RSA_WITH_AES_128_CBC_SHA, TLS_DHE_DSS_WITH_AES_128_CBC_SHA, TLS_ECDH_ECDSA_WITH_AES_256_CBC_SHA, TLS_ECDH_RSA_WITH_AES_256_CBC_SHA, TLS_ECDH_ECDSA_WITH_AES_128_CBC_SHA, TLS_ECDH_RSA_WITH_AES_128_CBC_SHA, TLS_RSA_WITH_AES_256_GCM_SHA384, TLS_RSA_WITH_AES_128_GCM_SHA256, TLS_RSA_WITH_AES_256_CBC_SHA256, TLS_RSA_WITH_AES_128_CBC_SHA256, TLS_RSA_WITH_AES_256_CBC_SHA, TLS_RSA_WITH_AES_128_CBC_SHA, TLS_EMPTY_RENEGOTIATION_INFO_SCSV]
[DEBUG] Starting handshake (null)
[DEBUG] Secure session established
[DEBUG]  negotiated protocol: TLSv1.3
[DEBUG]  negotiated cipher suite: TLS_AES_128_GCM_SHA256
[DEBUG]  peer principal: CN=*.github.io
[DEBUG]  peer alternative names: [*.github.io, *.github.com, *.githubusercontent.com, github.com, github.io, githubusercontent.com, www.github.com]
[DEBUG]  issuer principal: CN=Sectigo RSA Domain Validation Secure Server CA, O=Sectigo Limited, L=Salford, ST=Greater Manchester, C=GB
[DEBUG] http-outgoing-0 set socket timeout to 3 MINUTES
[DEBUG] raw.githubusercontent.com:443 connected null->raw.githubusercontent.com/185.199.109.133:443 as http-outgoing-0
[DEBUG] ep-0000000001 connected http-outgoing-0
[DEBUG] ep-0000000001 endpoint connected
[DEBUG] ex-0000000001 executing GET /bonigarcia/webdrivermanager/master/src/main/resources/commands.properties HTTP/1.1
[DEBUG] ex-0000000001 Cookie spec selected: strict
[DEBUG] ep-0000000001 start execution ex-0000000001
[DEBUG] ep-0000000001 executing exchange ex-0000000001 over http-outgoing-0
[DEBUG] http-outgoing-0 >> GET /bonigarcia/webdrivermanager/master/src/main/resources/commands.properties HTTP/1.1
[DEBUG] http-outgoing-0 >> user-agent: Apache-HttpClient/5.0
[DEBUG] http-outgoing-0 >> accept-encoding: gzip, deflate, br
[DEBUG] http-outgoing-0 >> cache-control: max-age=0
[DEBUG] http-outgoing-0 >> connection: keep-alive
[DEBUG] http-outgoing-0 >> Host: raw.githubusercontent.com
[DEBUG] http-outgoing-0 >> "GET /bonigarcia/webdrivermanager/master/src/main/resources/commands.properties HTTP/1.1[\r][\n]"
[DEBUG] http-outgoing-0 >> "user-agent: Apache-HttpClient/5.0[\r][\n]"
[DEBUG] http-outgoing-0 >> "accept-encoding: gzip, deflate, br[\r][\n]"
[DEBUG] http-outgoing-0 >> "cache-control: max-age=0[\r][\n]"
[DEBUG] http-outgoing-0 >> "connection: keep-alive[\r][\n]"
[DEBUG] http-outgoing-0 >> "Host: raw.githubusercontent.com[\r][\n]"
[DEBUG] http-outgoing-0 >> "[\r][\n]"
[DEBUG] http-outgoing-0 << "HTTP/1.1 200 OK[\r][\n]"
[DEBUG] http-outgoing-0 << "Connection: keep-alive[\r][\n]"
[DEBUG] http-outgoing-0 << "Content-Length: 946[\r][\n]"
[DEBUG] http-outgoing-0 << "Cache-Control: max-age=300[\r][\n]"
[DEBUG] http-outgoing-0 << "Content-Security-Policy: default-src 'none'; style-src 'unsafe-inline'; sandbox[\r][\n]"
[DEBUG] http-outgoing-0 << "Content-Type: text/plain; charset=utf-8[\r][\n]"
[DEBUG] http-outgoing-0 << "ETag: W/"dc0c32cea2dfa86f6cf10513cf8a64e1e8817484a415b658b4eecd962d4deaee"[\r][\n]"
[DEBUG] http-outgoing-0 << "Strict-Transport-Security: max-age=31536000[\r][\n]"
[DEBUG] http-outgoing-0 << "X-Content-Type-Options: nosniff[\r][\n]"
[DEBUG] http-outgoing-0 << "X-Frame-Options: deny[\r][\n]"
[DEBUG] http-outgoing-0 << "X-XSS-Protection: 1; mode=block[\r][\n]"
[DEBUG] http-outgoing-0 << "X-GitHub-Request-Id: BC6F:27DA22:177099:376B02:6808228E[\r][\n]"
[DEBUG] http-outgoing-0 << "Content-Encoding: gzip[\r][\n]"
[DEBUG] http-outgoing-0 << "Accept-Ranges: bytes[\r][\n]"
[DEBUG] http-outgoing-0 << "Date: Thu, 01 May 2025 10:47:05 GMT[\r][\n]"
[DEBUG] http-outgoing-0 << "Via: 1.1 varnish[\r][\n]"
[DEBUG] http-outgoing-0 << "X-Served-By: cache-del21747-DEL[\r][\n]"
[DEBUG] http-outgoing-0 << "X-Cache: HIT[\r][\n]"
[DEBUG] http-outgoing-0 << "X-Cache-Hits: 2[\r][\n]"
[DEBUG] http-outgoing-0 << "X-Timer: S1746096426.680168,VS0,VE0[\r][\n]"
[DEBUG] http-outgoing-0 << "Vary: Authorization,Accept-Encoding,Origin[\r][\n]"
[DEBUG] http-outgoing-0 << "Access-Control-Allow-Origin: *[\r][\n]"
[DEBUG] http-outgoing-0 << "Cross-Origin-Resource-Policy: cross-origin[\r][\n]"
[DEBUG] http-outgoing-0 << "X-Fastly-Request-ID: 2d16f70083f5ada7e3d2b7579be7a0c99c4e9208[\r][\n]"
[DEBUG] http-outgoing-0 << "Expires: Thu, 01 May 2025 10:52:05 GMT[\r][\n]"
[DEBUG] http-outgoing-0 << "Source-Age: 157[\r][\n]"
[DEBUG] http-outgoing-0 << "[\r][\n]"
[DEBUG] http-outgoing-0 << HTTP/1.1 200 OK
[DEBUG] http-outgoing-0 << Connection: keep-alive
[DEBUG] http-outgoing-0 << Content-Length: 946
[DEBUG] http-outgoing-0 << Cache-Control: max-age=300
[DEBUG] http-outgoing-0 << Content-Security-Policy: default-src 'none'; style-src 'unsafe-inline'; sandbox
[DEBUG] http-outgoing-0 << Content-Type: text/plain; charset=utf-8
[DEBUG] http-outgoing-0 << ETag: W/"dc0c32cea2dfa86f6cf10513cf8a64e1e8817484a415b658b4eecd962d4deaee"
[DEBUG] http-outgoing-0 << Strict-Transport-Security: max-age=31536000
[DEBUG] http-outgoing-0 << X-Content-Type-Options: nosniff
[DEBUG] http-outgoing-0 << X-Frame-Options: deny
[DEBUG] http-outgoing-0 << X-XSS-Protection: 1; mode=block
[DEBUG] http-outgoing-0 << X-GitHub-Request-Id: BC6F:27DA22:177099:376B02:6808228E
[DEBUG] http-outgoing-0 << Content-Encoding: gzip
[DEBUG] http-outgoing-0 << Accept-Ranges: bytes
[DEBUG] http-outgoing-0 << Date: Thu, 01 May 2025 10:47:05 GMT
[DEBUG] http-outgoing-0 << Via: 1.1 varnish
[DEBUG] http-outgoing-0 << X-Served-By: cache-del21747-DEL
[DEBUG] http-outgoing-0 << X-Cache: HIT
[DEBUG] http-outgoing-0 << X-Cache-Hits: 2
[DEBUG] http-outgoing-0 << X-Timer: S1746096426.680168,VS0,VE0
[DEBUG] http-outgoing-0 << Vary: Authorization,Accept-Encoding,Origin
[DEBUG] http-outgoing-0 << Access-Control-Allow-Origin: *
[DEBUG] http-outgoing-0 << Cross-Origin-Resource-Policy: cross-origin
[DEBUG] http-outgoing-0 << X-Fastly-Request-ID: 2d16f70083f5ada7e3d2b7579be7a0c99c4e9208
[DEBUG] http-outgoing-0 << Expires: Thu, 01 May 2025 10:52:05 GMT
[DEBUG] http-outgoing-0 << Source-Age: 157
[DEBUG] ex-0000000001 connection can be kept alive for 3 MINUTES
[DEBUG] http-outgoing-0 << "[0x1f][0xffffff8b][0x8][0x0][0x0][0x0][0x0][0x0][0x0][0x3][0xffffffb5]X[0xffffffd1]n[0xffffffda]0[0x14]}[0xffffffe7]+,[0xffffffba]J [0x11][0xffffffb2][0x1][0xffffffeb][0xffffffaa]Jy[0xffffffa0][0x19]e[0xffffffd5][0xffffffa8]`[0xffffffd0]v[0xffffff9b][0xffffffe4][0x17][0xffffff93]8`)[0xffffff89]Q[0xffffff9c]@[0xffffffb7][0xffffffa9][0xfffffffb][0xfffffff6]9NB[0xffffffe3]$[0xc]H[0xffffffe0][0xffffffad][0xffffff8e][0xffffff8f][0xffffffef]97[0xffffffdc]s}[0xffffffd3][0xb][0xffffffa0]S[0xffffffc7]A[0xffffffae][0xffffffc9][0xffffff80][0xffffff89]|4G[0xc][0xffffffd7].[0xffffffc0][0xffffffe3][0xffffff92]0`[0x11][0x1b][0x3][0xffffff83][0xffffffba]>".[0x3][0xfffffffe]2\[0xffffffc4]P[0xffffff9f][0xffffff82]9[0x6][0xfffffff8][0x5][0x1b][0xffffff81][0xffffff8f]M@\[0xffffffb1][0xffffffcd][0xffffff96][0xffffffd8][0xffffffb6][0xffffffc3][0x5][0xfffffff5]L[0xffffffec][0xffffff85] [0x13][0xfffffffb][0xffffffd8][0xfffffff0][0xffffffc5][0xffffffe6][0x1a]{[0xffffff8c]P[0xffffffbe]g[0x1][0xffffffcc][0xffffffff]^x[0x18][0xffffffbb]`[0xffffffee][0xffffffd1][\r][0xffffffe3][0x1b][0xffffff9c][0xffffffb2][0xffffffa1]/=[0xffffffea][0xffffffe0][0x16][0xffffffb8]#[0x1e][0xffffffb6][0xffffffe8]K[0xb][0xffffff8c]W[0xffffffd8]C-00[0x17][0xfffffffc][0xffffffa9][0xffffffd8]%[0xffffff81][0xffffffd3][0xc][0xffffffe3][0xffffff9b][0xffffffc4][0xffffffb2][0xffffffb0][0xffffff87]][0x1f][0xffffffd0][0x10][0xffffffe3][0x13]w[0x1][0xffffffd8]/[0xffffffe6]c[0xffffff87][0xffffff81][0xffffffc6]w[0xffffffe2][0xffffff9a]<j[0xb][0xffffff8c][0xffffff88][0x1b][0xfffffff0]0[0xf][0xffffffc8][0x0][0xffffffe3]Y[0xffffffb3][0xffffffc6]9"[0xffffff8a]Z[0xffffff9c]F[0xffffffdb][0x10][0xffffffcb][0xfffffff6]&:[0xffffffd0]~[0xffffffff]A3[0x1c][0xffffffb3][0xffffffcd][0xffffffb3][0x2][0xffffffaa][0xe]6[0xe]1[0xffffffc4]+[0x11][0xffffffaf]a[0xffffffb3][0xffffffe4]|[0xffffffc0]E[0xe][0xffffffd6][0xffffffea][0xffffff97][0xffffff93][0xffffffe9]x8[0xffffffed]?[0xffffffdc][0xffffffdd][0xffffff8f][0x6][0xffffffb3][0x1b][0xffffffa8]Ax[0x9][0xffffffe1][0xffffff90][0xffffffd2][0xffffff85][0xffffff8d]![0xffffff8c]( [0xffffffec][0xffffffaf]V61[0xffffffb8]4[0xffffffea]B[0x18][0x13][0xfffffff1][0xffffffc8]u[0xffffffb0][0xffffffc0]>x[0xffffff8e][0xffffffdf][0xffffff85][0xffffffba]Fv[0xffffffb0][O[0xffffffa7][0xffffff84][0xffffff9e][0xffffffc6][0xffffff8f][0xffffffeb][0xffffffab][0xffffffe6]9Eu[0xf][0x14]5[0x1a][0xffffffeb][0xfffffffd]Q[0x7f]2[0xfffffff9][0xffffffdc][0x7f][0xffffffec][0xffffff9f]SOO[0xffffff9b][0xe][0xffffff86][0xffffffe0][0xffffffdb][0xffffffd3]`[0xfffffffa][0x13]|[0xfffffff9][0xffffffaa]?[0xffffffc1][0x19][0xffffffb5][0xfffffffc][\r][0xfffffff2]p[0xffffffc2][0x16][0xffffff93][0xffffffdd][0xffffff8e]n12D[0xffffffbc][0xffffffa4][0x16]w[0xffffffc6][0xfffffffc][0xffffffa8][0xffffffad][0xffffffe8][0xffffff86]c[0xffffffc2]z[0x16][0xffffffa9]*[0xffffffb1]I@c[0xffffff88]}[0xffffffe5][0xffffff9e][0x17][0x1a][0xffffffa8][0xffffffbf][0xfffffffb][0xffffff83][0xffffffdd][0xfffffff5]M:[0xffffffcd][0xffffffd7][0xc]e:[0xffffffbd]Tv[0xffffffcd]v[0xffffff9c][0xffffffda][0xffffffbd]k[0xffffffd1][0xfffffff6][0xffffffc4][0xffffffa3]f`[0xfffffff8][0xffffffcf]{$][0x1d].)W[0xe][0xffffffe7][0xffffffd4][0xfffffff5][0xffffffa9][0xffffff9c][0xffffffae]SH[0xffffffca]j[0xffffffb2]C[0xffffffbf][0xffffff87].V[0x3][0xffffffe6][0xffffffa9]s[0xffffffe2][0xffffffaa][0xb][0xffffffc1][0xffffffa1]D[0xfffffffb]@Qv[0xfffffffc][0xffffffee][0xfffffff1][0xffffffc1][0xffffff8e][0xffffffb6][0xb][0xffffff9f]=[0xffffffe0] C[0xfffffff0][0xffffffa4]T35J([0xffffffee]1m[0xffffffb4]Z[0xffffffa9]:[0xffffffef][0xffffff9d][0xffffffbc]I1[0xffffff95][0xffffffb7][0xffffffa0][0xfffffff1]L[0x6][0xffffffa4][0xffffffa3][0xfffffff3][0xffffffce][0x14]7[0xffffffbd]-[0xffffff91][0x15][0xffffffad]O[0xffffffd3][0xffffff9b][0x1e][0xffffffe8]ob[0xffffffdb](![0xffffff81]0[0xffffff89][0xffffffbe][0xffffffcf]k9[0x15][0xffffff95];[0xffffffd2][0xffffffe9][0xffffffa4]tS[0xffffffbe][0xffffffaf][0xffffffcb][0xffffffc6][0xffffff8f]I[0xffffffb2]d[0xfffffff5][0xffffffd0][0xfffffffa]z[0xffffffe0][0xffffff85][0x17]G[0xffffffb6][0xffffffac]s[0xffffffe1]{[0xffffff95][0xfffffffc][0x16]1[0xffffffff][0xfffffffd] [0xffffffa5]w[0xffffff90][0xffffffbf]rB[0xffffff8e][0xffffffe8]E[0xffffffb2][0xffffffc1][0xffffff8e][0xffffffd7][0xffffff90][0x13][0xffffff91]wT[0xffffffbc][0x3][0xffffff94][0xfffffff5].pGKar[0xffffffa0]B[0xffffffe7][0xffffffc4][0xffffffbf]O[0xffffff91]g[0xffffffd2][0xffffffb1][0xffffffb8]M[0xffffffc2]Y`[0x1b][0x13][0xfffffff3]E5[0xffffff83][0xffffffc8][0xffffffa5]I[0xc][0xffffff8f]2^C[0x10][0xffffff86]4[0xffffff99][0xffffffdb][0xffffffc9]a[0xffffff82]n_[0xffffff99][0xffffffca][0xffffff9a][0xffffffca][0xffffffd8][0xffffffe5][0xffffff8c]r[0xffffffba];[0xffffffaf][0xffffffca]72[0xffffffc1][0xfffffff5][0xffffffbf][0xffffffbb]R[0xe]Y[0xffffffd2]&[0xffffffaf]Y[0xffffffc6]tr[0xffffffa9][0xffffffdc][0xe][0xffffffb2][0xffffff8c][0xffffffac][0xffffffa8][0xffffffa4]_[0x12][0xffffffe3]V[0xffffff97]U[0xffffff93][0xffffff85][0xffffffe5]=[0xffffffe4]$[0x1c]J[0x8]([0xffffffb8][0xffffff96][0xffffffd2][0xffffffe7]:[0xffffffda]N[0xffffffb8][0xffffff8c]/t[0xffffffd6]6[0x1d][0xffffffe1][0xffffff9c]"[0xffffff83][0xffffffc9][0x8] ]Jb[0x0][0xffffffdf][0xffffffb2][0xffffff88]Q[0xfffffffb]x[0xffffffbf][0x15][0xffffffcd][0xffffff81][0xfffffffc][0xffffff8d]-<[0xffffffe4]0[0x8][0x5][0x5][0xffffff84]Q[0xffffffec]}[0xffffffd5][0xffffff9c]QP[0xffffffc5]][0xffffffa7]QPe[0x16][0xffffff8e]ym[0x14][0xffffffb8][0x6][0xffffffc7][0x1e]K[0xffffffdd][0xffffffab][0xffffff90]|E[0xffffffea][0xffffffd2]7R[0xffffffc4]+[0xffffffd1][0x1e]d[0xfffffff0][0xc][0xffffffff][0x11][0xffffffa3][0xffffffb0]<[0xffffff9d][0xffffff9f][0xffffff88][0xffffffbf][0xfffffff4][0xffffffc8][0xffffffbb]-[0xffffffba]H[0xffffffc8][[0xffffffc9][0xffffff95]Qq][0xfffffff6]-[0xffffff94]S[0xffffff91][0xffffff91][0xffffff91][0xffffffef]j[0xffffffe2]yA3[0xffffff93][0xfffffff0][0x1d]-[0xb][0xffffffcb][0xffffffe0][\n]"
[DEBUG] http-outgoing-0 << "[0xffffffbb][0xffffff98][0x10]Z[0xffffffd4][0xffffffbc][0xffffffc6][0xffffffd9]`[0xffffffc9]7>[0x9][0x1c]yf[0xffffffe7][0xf]N[0xffffffd3][0xffffffba][0xffffff92][0xfffffff0][0x15]>^%-[0xffffff95]'[0xffffffea]S[0xb]:[0xffffffb4][0xffffffa7][0x15]5[0xffffff96]Sk)=]l[0xffffff85]T[0xfffffffe][0xffffffd4][0xffffff95][0xfffffff4]T[0xffffff9b]-[0xffffffce]$[0xffffffaa]t;[0xffffffac][0xffffffa4]'/([0xffffffdf][0x12][0xffffff92]-%[0xfffffffe]7[0xffffffdf][0xffffffae]/[0xfffffff0][0xffffffd4]in[0xffffff87][0xffffffe3][0xf]u[0xfffffff3][0xffffff94][0x7][0xffffff9c][0xffffffea]i[0x5][0xffffffe0]<[0xffffffba][0xffffffb0]#%[0xffffffaf][0xffffffae][0xffffffa8])[0xffffffe9][0x5]Q/[0xffffffc0][0xc]Y[0xffffffc8]#[0xffffffdb][0xfffffff0]L,[0xffffff8b][0xffffff83]G[0xffffffd0][0xffffffa2][0xffffffd0][0xffffffd1]N*[0xfffffff0]?l[0x1d]d@[0xffffffbe][0x15][0x0][0x0]"
[DEBUG] ep-0000000001 releasing valid endpoint
[DEBUG] ep-0000000001 releasing endpoint
[DEBUG] ep-0000000001 connection http-outgoing-0 can be kept alive for 3 MINUTES
[DEBUG] ep-0000000001 connection released [route: {s}->https://raw.githubusercontent.com:443][total available: 1; route allocated: 1 of 5; total allocated: 1 of 25]
[DEBUG] Detecting chrome version using online commands.properties
[DEBUG] Running command on the shell: [cmd.exe, /C, wmic, datafile, where, name="%PROGRAMFILES:\=\\%\\Google\\Chrome\\Application\\chrome.exe", get, Version, /value]
[DEBUG] Result: Version=134.0.6998.178
[DEBUG] Removing resolution chrome134=134.0.6998.165 from cache (expired on Tue Apr 29 14:54:30 IST 2025)
[DEBUG] ex-0000000002 preparing request execution
[DEBUG] ex-0000000002 target auth state: UNCHALLENGED
[DEBUG] ex-0000000002 proxy auth state: UNCHALLENGED
[DEBUG] ex-0000000002 acquiring connection with route {s}->https://googlechromelabs.github.io:443
[DEBUG] ex-0000000002 acquiring endpoint (3 MINUTES)
[DEBUG] ex-0000000002 endpoint lease request (3 MINUTES) [route: {s}->https://googlechromelabs.github.io:443][total available: 1; route allocated: 0 of 5; total allocated: 1 of 25]
[DEBUG] ex-0000000002 endpoint leased [route: {s}->https://googlechromelabs.github.io:443][total available: 1; route allocated: 1 of 5; total allocated: 2 of 25]
[DEBUG] ex-0000000002 acquired ep-0000000002
[DEBUG] ex-0000000002 acquired endpoint ep-0000000002
[DEBUG] ex-0000000002 opening connection {s}->https://googlechromelabs.github.io:443
[DEBUG] ep-0000000002 connecting endpoint (null)
[DEBUG] ep-0000000002 connecting endpoint to https://googlechromelabs.github.io:443 (30 SECONDS)
[DEBUG] googlechromelabs.github.io resolving remote address
[DEBUG] googlechromelabs.github.io resolved to [googlechromelabs.github.io/185.199.111.153, googlechromelabs.github.io/185.199.110.153, googlechromelabs.github.io/185.199.109.153, googlechromelabs.github.io/185.199.108.153]
[DEBUG] googlechromelabs.github.io:443 connecting null->googlechromelabs.github.io/185.199.111.153:443 (30 SECONDS)
[DEBUG] Connecting socket to googlechromelabs.github.io/185.199.111.153:443 with timeout 30 SECONDS
[DEBUG] Enabled protocols: [TLSv1.3, TLSv1.2]
[DEBUG] Enabled cipher suites: [TLS_AES_256_GCM_SHA384, TLS_AES_128_GCM_SHA256, TLS_CHACHA20_POLY1305_SHA256, TLS_ECDHE_ECDSA_WITH_AES_256_GCM_SHA384, TLS_ECDHE_ECDSA_WITH_AES_128_GCM_SHA256, TLS_ECDHE_ECDSA_WITH_CHACHA20_POLY1305_SHA256, TLS_ECDHE_RSA_WITH_AES_256_GCM_SHA384, TLS_ECDHE_RSA_WITH_CHACHA20_POLY1305_SHA256, TLS_ECDHE_RSA_WITH_AES_128_GCM_SHA256, TLS_DHE_RSA_WITH_AES_256_GCM_SHA384, TLS_DHE_RSA_WITH_CHACHA20_POLY1305_SHA256, TLS_DHE_DSS_WITH_AES_256_GCM_SHA384, TLS_DHE_RSA_WITH_AES_128_GCM_SHA256, TLS_DHE_DSS_WITH_AES_128_GCM_SHA256, TLS_ECDHE_ECDSA_WITH_AES_256_CBC_SHA384, TLS_ECDHE_RSA_WITH_AES_256_CBC_SHA384, TLS_ECDHE_ECDSA_WITH_AES_128_CBC_SHA256, TLS_ECDHE_RSA_WITH_AES_128_CBC_SHA256, TLS_DHE_RSA_WITH_AES_256_CBC_SHA256, TLS_DHE_DSS_WITH_AES_256_CBC_SHA256, TLS_DHE_RSA_WITH_AES_128_CBC_SHA256, TLS_DHE_DSS_WITH_AES_128_CBC_SHA256, TLS_ECDH_ECDSA_WITH_AES_256_GCM_SHA384, TLS_ECDH_RSA_WITH_AES_256_GCM_SHA384, TLS_ECDH_ECDSA_WITH_AES_128_GCM_SHA256, TLS_ECDH_RSA_WITH_AES_128_GCM_SHA256, TLS_ECDH_ECDSA_WITH_AES_256_CBC_SHA384, TLS_ECDH_RSA_WITH_AES_256_CBC_SHA384, TLS_ECDH_ECDSA_WITH_AES_128_CBC_SHA256, TLS_ECDH_RSA_WITH_AES_128_CBC_SHA256, TLS_ECDHE_ECDSA_WITH_AES_256_CBC_SHA, TLS_ECDHE_RSA_WITH_AES_256_CBC_SHA, TLS_ECDHE_ECDSA_WITH_AES_128_CBC_SHA, TLS_ECDHE_RSA_WITH_AES_128_CBC_SHA, TLS_DHE_RSA_WITH_AES_256_CBC_SHA, TLS_DHE_DSS_WITH_AES_256_CBC_SHA, TLS_DHE_RSA_WITH_AES_128_CBC_SHA, TLS_DHE_DSS_WITH_AES_128_CBC_SHA, TLS_ECDH_ECDSA_WITH_AES_256_CBC_SHA, TLS_ECDH_RSA_WITH_AES_256_CBC_SHA, TLS_ECDH_ECDSA_WITH_AES_128_CBC_SHA, TLS_ECDH_RSA_WITH_AES_128_CBC_SHA, TLS_RSA_WITH_AES_256_GCM_SHA384, TLS_RSA_WITH_AES_128_GCM_SHA256, TLS_RSA_WITH_AES_256_CBC_SHA256, TLS_RSA_WITH_AES_128_CBC_SHA256, TLS_RSA_WITH_AES_256_CBC_SHA, TLS_RSA_WITH_AES_128_CBC_SHA, TLS_EMPTY_RENEGOTIATION_INFO_SCSV]
[DEBUG] Starting handshake (null)
[DEBUG] Secure session established
[DEBUG]  negotiated protocol: TLSv1.3
[DEBUG]  negotiated cipher suite: TLS_AES_128_GCM_SHA256
[DEBUG]  peer principal: CN=*.github.io
[DEBUG]  peer alternative names: [*.github.io, *.github.com, *.githubusercontent.com, github.com, github.io, githubusercontent.com, www.github.com]
[DEBUG]  issuer principal: CN=Sectigo RSA Domain Validation Secure Server CA, O=Sectigo Limited, L=Salford, ST=Greater Manchester, C=GB
[DEBUG] http-outgoing-1 set socket timeout to 3 MINUTES
[DEBUG] googlechromelabs.github.io:443 connected null->googlechromelabs.github.io/185.199.111.153:443 as http-outgoing-1
[DEBUG] ep-0000000002 connected http-outgoing-1
[DEBUG] ep-0000000002 endpoint connected
[DEBUG] ex-0000000002 executing GET /chrome-for-testing/known-good-versions-with-downloads.json HTTP/1.1
[DEBUG] ex-0000000002 Cookie spec selected: strict
[DEBUG] ep-0000000002 start execution ex-0000000002
[DEBUG] ep-0000000002 executing exchange ex-0000000002 over http-outgoing-1
[DEBUG] http-outgoing-1 >> GET /chrome-for-testing/known-good-versions-with-downloads.json HTTP/1.1
[DEBUG] http-outgoing-1 >> user-agent: Apache-HttpClient/5.0
[DEBUG] http-outgoing-1 >> accept-encoding: gzip, deflate, br
[DEBUG] http-outgoing-1 >> cache-control: max-age=0
[DEBUG] http-outgoing-1 >> connection: keep-alive
[DEBUG] http-outgoing-1 >> Host: googlechromelabs.github.io
[DEBUG] http-outgoing-1 >> "GET /chrome-for-testing/known-good-versions-with-downloads.json HTTP/1.1[\r][\n]"
[DEBUG] http-outgoing-1 >> "user-agent: Apache-HttpClient/5.0[\r][\n]"
[DEBUG] http-outgoing-1 >> "accept-encoding: gzip, deflate, br[\r][\n]"
[DEBUG] http-outgoing-1 >> "cache-control: max-age=0[\r][\n]"
[DEBUG] http-outgoing-1 >> "connection: keep-alive[\r][\n]"
[DEBUG] http-outgoing-1 >> "Host: googlechromelabs.github.io[\r][\n]"
[DEBUG] http-outgoing-1 >> "[\r][\n]"
[DEBUG] http-outgoing-1 << "HTTP/1.1 200 OK[\r][\n]"
[DEBUG] http-outgoing-1 << "Connection: keep-alive[\r][\n]"
[DEBUG] http-outgoing-1 << "Content-Length: 89594[\r][\n]"
[DEBUG] http-outgoing-1 << "Server: GitHub.com[\r][\n]"
[DEBUG] http-outgoing-1 << "Content-Type: application/json; charset=utf-8[\r][\n]"
[DEBUG] http-outgoing-1 << "permissions-policy: interest-cohort=()[\r][\n]"
[DEBUG] http-outgoing-1 << "x-origin-cache: HIT[\r][\n]"
[DEBUG] http-outgoing-1 << "Last-Modified: Thu, 01 May 2025 10:10:32 GMT[\r][\n]"
[DEBUG] http-outgoing-1 << "Access-Control-Allow-Origin: *[\r][\n]"
[DEBUG] http-outgoing-1 << "Strict-Transport-Security: max-age=31556952[\r][\n]"
[DEBUG] http-outgoing-1 << "ETag: W/"68134898-2b216d"[\r][\n]"
[DEBUG] http-outgoing-1 << "expires: Thu, 01 May 2025 10:23:03 GMT[\r][\n]"
[DEBUG] http-outgoing-1 << "Cache-Control: max-age=600[\r][\n]"
[DEBUG] http-outgoing-1 << "Content-Encoding: gzip[\r][\n]"
[DEBUG] http-outgoing-1 << "x-proxy-cache: HIT[\r][\n]"
[DEBUG] http-outgoing-1 << "X-GitHub-Request-Id: E0B1:3DCA39:DB212:1012BB:68134953[\r][\n]"
[DEBUG] http-outgoing-1 << "Accept-Ranges: bytes[\r][\n]"
[DEBUG] http-outgoing-1 << "Date: Thu, 01 May 2025 10:47:06 GMT[\r][\n]"
[DEBUG] http-outgoing-1 << "Via: 1.1 varnish[\r][\n]"
[DEBUG] http-outgoing-1 << "Age: 151[\r][\n]"
[DEBUG] http-outgoing-1 << "X-Served-By: cache-hyd1100034-HYD[\r][\n]"
[DEBUG] http-outgoing-1 << "X-Cache: HIT[\r][\n]"
[DEBUG] http-outgoing-1 << "X-Cache-Hits: 3[\r][\n]"
[DEBUG] http-outgoing-1 << "X-Timer: S1746096427.687039,VS0,VE1[\r][\n]"
[DEBUG] http-outgoing-1 << "Vary: Accept-Encoding[\r][\n]"
[DEBUG] http-outgoing-1 << "X-Fastly-Request-ID: 4ccafdc860d6af33f11a4e94409aaeb28856ced5[\r][\n]"
[DEBUG] http-outgoing-1 << "[\r][\n]"
[DEBUG] http-outgoing-1 << HTTP/1.1 200 OK
[DEBUG] http-outgoing-1 << Connection: keep-alive
[DEBUG] http-outgoing-1 << Content-Length: 89594
[DEBUG] http-outgoing-1 << Server: GitHub.com
[DEBUG] http-outgoing-1 << Content-Type: application/json; charset=utf-8
[DEBUG] http-outgoing-1 << permissions-policy: interest-cohort=()
[DEBUG] http-outgoing-1 << x-origin-cache: HIT
[DEBUG] http-outgoing-1 << Last-Modified: Thu, 01 May 2025 10:10:32 GMT
[DEBUG] http-outgoing-1 << Access-Control-Allow-Origin: *
[DEBUG] http-outgoing-1 << Strict-Transport-Security: max-age=31556952
[DEBUG] http-outgoing-1 << ETag: W/"68134898-2b216d"
[DEBUG] http-outgoing-1 << expires: Thu, 01 May 2025 10:23:03 GMT
[DEBUG] http-outgoing-1 << Cache-Control: max-age=600
[DEBUG] http-outgoing-1 << Content-Encoding: gzip
[DEBUG] http-outgoing-1 << x-proxy-cache: HIT
[DEBUG] http-outgoing-1 << X-GitHub-Request-Id: E0B1:3DCA39:DB212:1012BB:68134953
[DEBUG] http-outgoing-1 << Accept-Ranges: bytes
[DEBUG] http-outgoing-1 << Date: Thu, 01 May 2025 10:47:06 GMT
[DEBUG] http-outgoing-1 << Via: 1.1 varnish
[DEBUG] http-outgoing-1 << Age: 151
[DEBUG] http-outgoing-1 << X-Served-By: cache-hyd1100034-HYD
[DEBUG] http-outgoing-1 << X-Cache: HIT
[DEBUG] http-outgoing-1 << X-Cache-Hits: 3
[DEBUG] http-outgoing-1 << X-Timer: S1746096427.687039,VS0,VE1
[DEBUG] http-outgoing-1 << Vary: Accept-Encoding
[DEBUG] http-outgoing-1 << X-Fastly-Request-ID: 4ccafdc860d6af33f11a4e94409aaeb28856ced5
[DEBUG] ex-0000000002 connection can be kept alive for 3 MINUTES
[DEBUG] http-outgoing-1 << "[0x1f][0xffffff8b][0x8][0x0][0x0][0x0][0x0][0x0][0x0][0x3][0xffffffcc][0xffffffbd][0xffffffdd][0xffffff8e],Iv^[0xfffffff9].}[0xffffffad].[0xffffff86][0xffffffdb][0xffffff9f][0xffffff9b][0xfffffff1]9t5[0xffffff83][0xffffffb9][0xffffffe8]!{[0xffffffc8][0x6][0xffffff9a]l[0xffffffa2][0xffffff9b][0xffffff92][0x6]#[0xffffffe8][0xffffffdd]'22[0xffffffcf][0xffffffc9],[0xffffffdb]_[0x1c]U[0xfffffff8]i[0xffffffec][0xfffffff5]A[0x10][0x4][0xffffff8a][0xffffff9d][0xffffffe5]Fbaa[0xffffff95][0xffffff87][0xffffffed][0xffffffed][0xffffffff][0xfffffff3]w[0xffffffff][0xfffffff9][0xffffffa7][0x7f][0xfffffffb][0xffffffe3][0xffffffdf][0xfffffffe][0xfffffff3][0xf][0xffffffff][0xfffffff6][0x1f][0xffffffbf][0xfffffffb][0xffffffc7][0xffffffdf][0xffffff95][[0xffffffe9][0xffffffbf][0xffffffbf][0xffffffb5][0xffffffdf][0xffffffd7][0xffffffdb][0x7f]-[0xfffffff5][0x1f]o[0xffffffeb][0x1f][0xffffffeb][0xfffffff8]e[0xffffffb6][0xffffffe3][0xffffffff][0xfffffff8][0xffffffdd][0x7f][0xfffffff9][0xffffffdd][0x7f][0xffffffff][0xffffffe3]_[0xffffffff][0xfffffff6][0xffffffa7][0xffffffbf][0xfffffffc][0xfffffffb][0xffffffdf]~[0xfffffff7][0xffffff8f][0xffffffff][0xffffffe7][0xffffffff][0xfffffffc][0xfffffff6]_[0xffffffdc][0xffffffff][0xffffffe2]8[0xffffffea]/[0xffffffb7]_[0xfffffffa]8[0xffffffcb]/[0xffffffb7][0xfffffffb][0x7f][0xffffffea][0xffffffaf][0x7f][0xfffffffc][0xffffffef][0x7f][0xfffffffa][0xfffffffe][0xffffffdf])G[0xffffffeb][0xfffffffd][0xfffffffe][0xffffffff][0xfffffff9][0xffffffcf][0x7f][0xfffffff9][0x1f][0xffffffff][0xfffffffe][0xffffffe7][0xffffffbf][0xfffffffc][0xffffffe1][0xffffff9f][0xffffffef][0x7f][0xfffffffb]?[0x7f][0xfffffff7]O[0xffffffff][0xfffffffa][0xffffffd7][0xffffffbf][0xfffffffc][0xffffffdb][0x1f][0x1f][0xffffffff][0xffffff94][0xffffffff][0xfffffff8][0xfffffff3][0x1f][0xfffffffe][0xfffffff3][0xffffffff][0xfffffff9][0xffffffcb]_[0xffffffff][0xffffffed][0xfffffffe][0x1f][0xfffffffe][0xfffffff3][0xffffff9f][0xfffffffe][0xfffffffd][0xffffffbf][0xfffffffd][0xffffffbf][0xffffffa3][0xffffffdd][0xffffffff][0xffffffc3][0xffffffff][0xffffffed][0xffffffaf][0x7f][0xffffffbe][0xffffffff][0xffffffd7][0xffffffff][0xfffffffa][0xffffff9f][0xffffffff][0xfffffff9][0x1f][0x7f][0xfffffffb][0xffffffc7][0x7f][0xfffffff8][0xffffff87][0xffffffbf][0xfffffffd][0xffffffe7]_[0xfffffffe][0xfffffffa][0xffffff87][0x7f][0xfffffff9][0xffffffe3]/[0xffffffff][0xfffffff2][0xffffff97][0xffffffbf][0xfffffffc][0xffffffcb][0xffffff9f][0xffffffff][0xfffffff8][0xffffff87][0xffffffff][0xfffffff8][0xffffffd3][0xffffffdf]~[0xfffffff9][0xffffffa7][0xffffffbf][0xfffffffc][0xffffffdb]?[0xffffffbc][0xffffffff]C~[0x7f][0xffffffff][0xffffffe3][0xffffffdf][0xffffffff][0xffffffe7][0xfffffffd][0xfffffff0][0x7f][0xfffffffa][0xfffffff7][0x7f][0xfffffff9][0xfffffffd][0x7f][0xfffffffc][0xffffffb7][0xffffffff][0xfffffffb][0xffffffcf][0x7f][0xfffffffa][0xffffffa7][0x7f][0xfffffff8]z[0xffffff9e][0x7f][0xfffffff8][0xfffffff8][0xffffffa7]~[0xfffffffb][0xffffff8f][0x7f][0xfffffffc][0xffffff97][0xffffffbf][0xfffffffc][0x7f][0x7f][0xfffffffa][0xffffff8f][0xffffffdf][0xfffffffd][0xffffffaf][0xffffffff][0xfffffff2][0xffffffab][0xffffffe7][0xffffffff][0xffffffdb][0x1f][0xfffffffe][0xffffffe9][0xfffffff7][0x7f][0xfffffff8][0xffffffeb][0xffffffbf][0xfffffffd][0xffffffdd]O[0xfffffff0][0xfffffffd][0xffffff9f][0xfffffffb][0xffffffed][0xf][0xffffffbe][0xffffffff][0x7f]<;[0xffffffc5][0xffffffdf][0xffffffff][0x7f][0xb][0x1f][0xffffffff][0xffffffd4][0xffffffaf]'x[0xfffffff2][0xffffffbf][0xffffff85][0xffffffff][0xfffffff1][0xffffffa7][0x7f][0xffffffaf][0xffffffe5][0xffffffef][0xfffffffc][0xfffffff4][0xffffffc7]?[0xfffffff3][0xffffffdb][0x7f][0xfffffff8][0xfffffff1]_<y[0xfffffff2][0xffffffdf][0xfffffffd][0x7f][0xffffffee][0xffffffc7]?[0xfffffff3][0xffffffcb][0xffffff93][0xffffffbf][0xfffffffd][0xffffffcf][0xfffffffc][0x7f][0xfffffffd][0xffffffaf][0xffffffb7][0xffffff87]K[0xffffff84]k7c[0xffffffb8]v[0x1c][0xffffffe2][0xfffffffb][0x11]x[0xffffff8a]?[0xe]Aa|[0x7f]<[0xffffffc5][0xfffffff1][0xfffffffb][0xffffffa3]_[0x5]yT3[0xffffff90]G[0xffffffc5]A[0xffffffbe][0x1f][0xffffff81][0x7][0xfffffff9][0xffffffe3][0x10][0x14][0xffffffc8][0xfffffff7][0xffffffc7]S [0xffffffbf]?[0xfffffffa]7[0xffffff82][0xffffffdc][0x1e][0x7f][0xffffffb5][0xffffff86][0xffffff88][0xffffff8a]Q[0xffffffc6]J[0xffffffe7][0xfffffff8][0xfffffff3]<[0x14][0xffffffc6]_N[0xffffff80]Q[0xffffffbc][0xffffff9d]![0x19][0xffffffe2]/OOf[0xfffffff8][0xffffffd7]O~[0x5][0xffffffe1][0xfffffff3]6[0x5][0xffffffc2][0xffffffb3][0xfffffff6][0xffffff83]A[0xfffffff8]q[0x1e][0x14][0xffffffe1][0xfffffff7][0x13][0xffffffb0][0x8][0x7f][0xffffff9e][0xffffff81]@[0xfffffff8][0xfffffffd][0xffffffe9][0x4][0xffffffc2][0xffffffdf][0xffffff9f][0xfffffffc][0x1a][0xffffffc2]K![0xffffffdc][[0xffffffa3][0x10]^8[0xffffffc2][0xffffffcb][0x0][0xffffffe1][0xffffff85]"[0xffffffbc]0[0xffffff84][0xffffffd7][0x5][0xffffff84][0xffffff8f][0xffffff9b]Bx[0xffffffd6][0x9]![0xfffffffc]v[0x1e][0x16][0xffffffe1][0xffffffc7][0x9]`[0xffffff84][0xffffffbf][0xffffff9f][0x1]A[0xfffffff8][0xfffffff1]t[0x4][0xffffffe1]oO~[\r][0xffffffe1][0xffffffe3][0xffffff97][0xfffffff8][0xffffffef]t[0xffffffeb][0x18]7[\n]"
[DEBUG] http-outgoing-1 << "[0xffffffe1][0xfffffffb]y`[0xffffff84][0xffffffdf]N@#[0xfffffffc][0xffffffed][0xc][0xc][0xffffffc2]oOg[0x10][0xfffffffe]x[0xfffffff2]k[0x8]Wa[0xffffffe1]u[0xe]*$[0xffffffde][0xffffffce][0x3]#\[\r],\Q[0xb]W[0xffffffcc][0xffffffc2][0xfffffff5][0xffffff8a][0xffffff85]{D[0xffffffb8][0xffffffde][0xffffffea][0xffffffac][0x14][0xffffffc2][0x1d]G[0xffffffb8][0x1b] [0xffffffdc]Q[0xffffff84];[0xffffff86]p[0xffffffbf][0xffffff82][0xffffffb0]x#Q[0xffffff8f][0x2][0xffffffbc][0x1c][0xfffffffe]<[0xf][0xffffff8c][0xffffffb0][0xffffffc1][0x1b][0xffffff89][0x3]}#q`o$[0xffffff8e]+o$[0xffffffca][0xffffffed][0xffffff97][0x16][0x11][0xffffff9e][0xffffffb7][0x1]![0xfffffffc]v[0x1e][0x16][0xffffffe1][0xffffffc7][0x9]`[0xffffff84][0xffffffbf][0xffffff9f][0x1]A[0xfffffff8][0xfffffff1]t[0x4][0xffffffe1]oO~[\r]aq_[0xffffffa2][0xffffff96][0xffffffc6]![0xc][0xffffffde][0xffffff97][0xfffffff8]r[0x2][0x1a]a[0xffffffe8][0xffffffbe][0xffffffc4][0xffffff97][0xffffffa7]3[0x8][0xffffffbf]v_[0xffffffe2][0xffffffe3][0xffffff8f][0xffffff9a]@[0xffffffb8][0xffffffde][0xe][0xffffffea][0xffffff8d][0xffffffc4][0xffffffdb]y`[0xffffff84][0xffffff9b][0x1][0xffffffc2][\r]E[0xffffffb8]a[0x8][0xffffffb7]+[0x8][0xffffffab][0x16]n[0xffffffe5][0xffffffa0]~[0xffffff9d]+x[0xb][0x17][0xffffff83][0x16].h[0xb][0x17][0xffffffac][0xffffff85][0xffffffcb][0xffffff95][0x16][0xffffffae]*$Z[[0x5]B[0xffffffb8][0xffffffe2]!Q[\r]B[0xffffffa2][0xffffffa2]!Q[0xffffffb1][0xffffff90][0xffffffa8]WB[0xffffffa2][0xffffff8a][0xfffffff7][0xffffffc2][0xffffffb5][0xffffffcd][0xffffff93]z#Q[0xfffffff1][0xfffffff7][0xffffffc2][0xffffffd5][0xffffffe0][0xffffffbd]pE[0xffffffdf][0xb]W[0xffffffec][0xffffffbd]p[0xffffffbd][0xfffffff2]^[0xffffffb8][0xffffffaa][0x16][0xffffffee][0xffffffc7][\r]C[0x18]o[0xffffffe1]j[0xffffffd0][0xffffffc2][0xffffffdf][0xffffffcf][0xffffffc0] [0xffffff8c][0xffffffb5][0xfffffff0][0xffffffb7]'[0xffffffbf][0xffffff86][0xffffffb0][0xfffffffa]i[0xffffffa3][0xfffffff7][0xffffff93][0xfffffffa][0xffffffd7][0xffffffb9][0xffffff8a][0xffffffff][0xffffffb4]Q[\r]~[0xffffffda][0xffffffa8][0xffffffe8]O[0x1b][0x15][0xfffffffb]i[0xffffffa3]^[0xfffffff9]i[0xffffffe3][0xfffffffe]G[0xffffffc5][0xc][0xffffffe1][0xffffff82]#\[0xc][0x10].([0xffffffc2][0x5]C[0xffffffb8]\A8\[0xfffffff3][0xffffff81][0x11][0xffffff86][0xffffffaf][0xfffffff9]<N[0xffffffc0]#[0xc]^[0xfffffff3]y<[0xffffff9d]B[0xfffffff8][0xfffffff5]k>[0xfffffff7]?[0x1a]f[0x8][0xf][0x1c][0xffffffe1]a[0xffffff80][0xfffffff0]@[0x11][0x1e][0x18][0xffffffc2][0xffffffe3][\n]"
[DEBUG] http-outgoing-1 << "[0xffffffc2][0xffffff87][0x1b][0xffffffc3][0x7][0xf][0xfffffff1][0xffffffe1]@[0xfffffff1][0xffffffc1]b|p[0x1c][0x1f][0xffffff97]@.n [0x17][0x1e][0xffffffe4][0xffffffe2][0x0]raA.[0x1c][0xffffffc8][0xffffffe5][0x12][0xffffffc8]q8[0x1f][0x6][0xffffff99][0x1b][0xffffffce][0xffffffff]z[0x4][0x1e]df8[0xffffffff][0xffffffeb][0xffffffe3])[0xffffff90]_[0x1a][0xffffffce][0xffffffff][0xfffffffe]W[0xffffffcd][\r][0xffffffe4][0xffffffc6][0xffffff83][0xffffffdc][0x1c]@n,[0xffffffc8][0xffffff8d][0x3][0xffffffb9]][0x2]y[0xffffffb9][0xffffffbd]0^[0xfffffffc][0x1b][0xffffffe3][0xfffffffb][0x11]x[0xffffff90]?[0xe]A[0xffffff81][0xffffffbc][0xffffffb8][0xffffff97][0xffffffc6][0xffffffeb][0xffffffd2][[0xffffffe3][0xffffffa3][0xffffffba][0xffffffbd]t[0xffffffbb][0xffffff9f][0x8]G[0xfffffff9][0xffffffed][0xc]<[0xffffffcb][0xffffffdf]NA[0xffffffc1][0xfffffffc][0xfffffff6]|[0xffffff8a][0xffffffe6][0xffffff8f]g[0xffffffff]F[0xffffff9c][0xfffffffb][0xfffffffb][0xffffff9f][0xffffff89]q[0xfffffffd]z[0xffffffde]F[0xfffffffe][0xffffff85][0xffffffa0][0xffffffcf][0xfffffff3]P([0x7f]9[0x1][0x6][0xfffffff2]v[0xffffff86]d[0xffffff8c][0xffffffbf]<=[0x19][0xffffffe2]_?[0xfffffff9]%[0xffffff84][0xffffff9b][0x18][0xffffffd7][0xffffffaf]g[0xffffff9d][0xfffffff9][0xffffffd7]2?[0xffffffcf][0xffffffc3]"[0xffffffdc][0xffffffd0]q[0xfffffffd][0xffffffed][0xc][0x8][0xffffffc2][\r][0x18][0xffffffd7][0xffffffff][0xfffffff5][0xffffff93]_C[0xfffffff8]P[0x8][0xfffffff7][0xffffff96][0xffffff9f][0x14][0xffffff9f][0xffffffe7][0xffffff81][0x11]>[0xc][0x10]>P[0xffffff84][0xf][0xc][0xffffffe1][0xffffffe3][\n]"
[DEBUG] http-outgoing-1 << "[0xffffffc2][0xffffffea]f[0xfffffff1][0xffffffd9][0xffffffd7]I![0xc][0xffffffde],[0xfffffffe]r[0x2][0x1a]a[0xffffffe8]f[0xfffffff1][0xffffff97][0xffffffa7]3[0x8][0xffffffbf]v[0xffffffb3][0xfffffff8][0xffffffe3][0xffffff8f][0xffffffd4][0xffffffcd][0xffffffe2]s[0xffffffb4][0xfffffffc][0x5][0xffffff82][0xffffff9f][0xffffffe7][0xffffff81][0x11]Fo[0x16]og`[0x10][0x6]n[0x16][0xffffffff][0xfffffffa][0xffffffc9][0xffffffaf]![0xffffffdc]$[0xffffffc2]+[0x7f][0xffffffe3][0xffffffc4][0xffffffe7]y`[0xffffff84][0xffffff9b][0x1][0xffffffc2][\r]E[0xffffffb8]a[0x8][0xffffffb7]+[0x8][0xffffff9f][0x2][0xffffffe1]Y[\n]"
[DEBUG] http-outgoing-1 << "[0x16][0x12]'[0xffffff8e][0xfffffff0]i[0xffffff80][0xfffffff0][0xffffff89]"|b[0x8][0xffffff9f]W[0x10]V/[0xffffffd5][0xffffffe6][0xffffffec][0xffffff98][0xffffff85][0xfffffff1][0xffffff97]j[0xffffffcd][0xffffffe0][0xffffffa5]ZC_[0xffffffaa]5[0xffffffec][0xffffffa5]Z[0xffffffbb][0xfffffff2]R[0xffffffad][0xffffffab][0xffffff97]j[0xffffffab][0x1c][0x14][0xffffffc2][0x1d][0x7f][0xffffffa9][0xffffffd6][\r]^[0xffffffaa]u[0xfffffff4][0xffffffa5]Z[0xffffffc7]^[0xffffffaa][0xfffffff5]+/[0xffffffd5][0xffffffba]z[0xffffffa9][0xffffffb6]Z[0xffffffa1]^[0xffffffaa]u[0xfffffffc][0xffffffa5]Z7x[0xffffffa9][0xffffffd6][0xffffffd1][0xffffff97]j[0x1d]{[0xffffffa9][0xffffffd6][0xffffffaf][0xffffffbc]T[0xffffffbb][0xffffffff]Q[0x1c]Qb[0x11][0xffffffc6]F[0xffffff94][0xffffffbe][0xffffff9c][0xffffff80]G[0x18][0x19]Q[0xfffffffa][0xfffffff2]t[\n]"
[DEBUG] http-outgoing-1 << "[0xffffffe1]WF[0xffffff94]>[0xfffffffe][0xffffffa8]([0xffffff84][0xffffffef]]M!\p[0xffffff84][0xffffff8b][0x1][0xffffffc2][0x5]E[0xffffffb8]`[0x8][0xffffff97]+[0x8][0xffffff8b][0xfffffff7][0xffffffc2][0xffffffed]v+[0xfffffff9][0xffffffdb][0xffffffd7]>[0xffffffcf][0x3]#l[0xfffffff0]^[0xffffffb8][0xffffffa3][0xffffffef][0xffffff85];[0xfffffff6]^[0xffffffb8]_y/[0xffffffdc][0xffffffbb]B[0xffffffb8][0x3][0x1b]'>[0xffffffcf][0x3]#[0xffffffdc][\r][0x10][0xffffffee]([0xffffffc2][0x1d]C[0xffffffb8]_AX|[0xffffffde][0xffffffeb][0xffffff8e]0vS[0xffffffad][0xffffff83][0xffffff9f][0xfffffff7][0xfffffffa]r[0x2][0x1a]a[0xffffffe8][0xfffffff3]^_[0xffffff9e][0xffffffce] [0xfffffffc][0xffffffda][0xffffffe7][0xffffffbd]>[0xfffffffe]H[0xfffffffc][0xffffffb4][0xffffffd1]n[0xffffff83][0xffffffb3]0[0xfffffffe][0xffffffd3]F7[0xfffffff8]i[0xffffffa3][0xffffffa3]?mt[0xffffffec][0xffffffa7][0xffffff8d]~[0xffffffe5][0xffffffa7][0xffffff8d].v`[0xffffffde][0x11][0x6]>,[0xfffffff3]y[0x1e][0x18]at[0x7][0xffffffe6]v[0x6][0x6]a`[0x7][0xffffffe6][0xffffffaf][0xffffff9f][0xfffffffc][0x1a][0xffffffc2][0xffffffe2][0xffffffd7][0xffffffb9]v;O[0xffffffea][0xffffffbe]p[0xffffffc7][0x7f][0xffffff9d][0xffffffeb][0x6][0xffffffbf][0xffffffce]u[0xfffffff4][0xffffffd7][0xffffffb9][0xffffff8e][0xfffffffd]:[0xffffffd7][0xffffffaf][0xfffffffc]:7[0xffffffc4]O[0x1b][\r][0xfffffff9]*[0xffffffc7][0xffffffe7]yX[0xffffff84][0xffffff87][0xffffffc1]O[0x1b][0x3][0xfffffffd]ic`?m[0xffffff8c]+?m[0xc]q_[0xffffffb8][0x1d][0xffffffa3]R/[0xffffffd5][0x6]~_x[0x18][0xffffffdc][0x17][0x1e][0xffffffe8]}[0xffffffe1][0xffffff81][0xffffffdd][0x17][0x1e]W[0xffffffee][0xb][0xffffffdf][0xffffffff][0xffffffa8][0xffffff99]![0xffffff8c]}X[0xffffffe6][0xffffffcb][0x9]x[0xffffff84][0xffffff91][0xf][0xffffffcb]|y:[0xffffff85][0xfffffff0]+[0x1f][0xffffff96][0xfffffff9][0xfffffff8]#[0xfffffff5][0xffffffd3][0xffffffc6][0xffffffb1][0x6][0xffffffd5][0xffffffc2][0x3][0xffffffff]ic[0x18][0xfffffffc][0xffffffb4]1[0xffffffd0][0xffffff9f]6[0x6][0xfffffff6][0xffffffd3][0xffffffc6][0xfffffff8][0xffffffe1]O[0x1b][0xffffffff][0xffffffe5][0x3][0xffffffc2][0x7f][0xfffffffe][0xffffffeb][0xffffff9f][0xffffffee] [0x13]([0xffffffbe]?[0xffffffd9][0x1][0xffffffc8][0xffffff8f][0xffffff93][0xffffffe0]X~9[0x7][0x4][0xffffffe7][0xffffffc7][0x9]0D?[0xffffff9f][0xffffffff][0xffffffbf]um[0x17][0xffffffae]-[0x3][0xfffffff8][0xffffffac][0xfffffff8][0xffffffe7]y`[0xffffffd7]v[0x3][0xffffffd7][0xfffffff6][0x0]u&[0xffffffce][0x1d]smwrmD[0xffffff91]q[0xffffffad][0x2][0xffffff92]qm[0xffffffc4]2[0xffffffdf][0xffffffb5];[0xffffff9c][0xffffffd9][0xffffffae][0xffffffdd][0x11]}[0xffffffc1][0xffffffb5][0xffffffea][0xffffff97][0xffffffb6]zL[0xffffffcc][0xffffffb5][0xfffffff8]/m[0xffffffc3][0xffffffe0][0xffffff97][0xffffffb6][0xffffff81][0xfffffffe][0xffffffd2]6[0xffffffb0]_[0xffffffda][0xffffffc6][0xf][0x7f]i[0xffffffcb]vmD[0xffffff91]q[0xffffffad][0x2][0xffffff92]qm[0xffffffc4]2[0xffffffdf][0xffffffb5];[0xffffff9c][0xffffffd9][0xffffffae][0xffffffdd][0x11]}[0xffffffc1][0xffffffb5][0xffffffea]'[0xffffffe1][0xffffffda]+[0xfffffff6]c[0x4][0xfffffffe][0xffffff93][0xfffffff0]0[0xfffffff8]Ix[0xffffffa0]?[0x9][0xf][0xffffffec]'[0xffffffe1][0xfffffff1][0xffffffc3][0xffffff9f][0xffffff84][0xffffffb3]][0x1b]Qd\[0xffffffab][0xffffff80]d\[0x1b][0xffffffb1][0xffffffcc]w[0xffffffed][0xe]g[0xffffffb6]kwD_p[0xffffffad][0xffffffba][0xffffffbb]PG[0xffffffa7]V[0xffffff94][0xc][0xfffffffc][0xffffffee][0xffffffc2]0[0xffffffb8][0xffffffbb]0[0xffffffd0][0xffffffbb][0xb][0x3][0xffffffbb][0xffffffbb]0~xw![0xffffffdb][0xffffffb5][0x11]E[0xffffffc6][0xffffffb5][\n]"
[DEBUG] http-outgoing-1 << "H[0xffffffc6][0xffffffb5][0x11][0xffffffcb]|[0xffffffd7][0xffffffee]pf[0xffffffbb]vG[0xfffffff4][0xffffffb7][0xffffffbb][0xfffffff6][0x14]#[0xfffffff0][0xffffffad][0xffffff9e][0x7]5[0xffffffb9]v[0xffffffe2]#[0xfffffff0][0xffffffa7][0xffffffc1][0x8][0xfffffffc][0xffffff89][0xffffff8e][0xffffffc0][0xffffff9f][0xffffffd8][0x8][0xfffffffc][0xfffffff9][0xffffffc3][0x11][0xfffffff8]d[0xffffffd7][\n]"
[DEBUG] http-outgoing-1 << "[0x14][0x11][0xffffffd7]J [0x11][0xffffffd7][\n]"
[DEBUG] http-outgoing-1 << ",[0xffffffd3]][0x1b][0xffffffe0]Lvm@[0xfffffff4][0x5][0xffffffd7][0xffffffaa][0xb][0xffffff8d][0xfffffff5]^[0xffffffca][0xffffff94]k[0xfffffff1][0xb][0xffffff8d][0xffffffa7][0xffffffc1][0xffffff85][0xffffffc6][0x13][0xffffffbd][0xffffffd0]xb[0x17][0x1a][0xffffffcf][0x1f]^h[0xffffffcc]vmD[0xffffff91]q[0xffffffad][0x2][0xffffff92]qm[0xffffffc4]2[0xffffffdf][0xffffffb5];[0xffffff9c][0xffffffd9][0xffffffae][0xffffffdd][0x11]}[0xffffffc1][0xffffffb5][0xffffffea][0xffffffe6]m[0xffffff9d][0x7]um[0xfffffff1][0xffffffc4]o[0xffffffde][0xffffff9e][0x6]7oO[0xfffffff4][0xffffffe6][0xffffffed][0xffffff89][0xffffffdd][0xffffffbc]=[0x7f]x[0xfffffff3]6[0xffffffdb][0xffffffb5][0x11]E[0xffffffc6][0xffffffb5][\n]"
[DEBUG] http-outgoing-1 << "H[0xffffffc6][0xffffffb5][0x11][0xffffffcb]|[0xffffffd7][0xffffffee]pf[0xffffffbb]vG[0xfffffff4][0x5][0xffffffd7][0xffffffaa][0xfffffffb][0xffffffb5]u[0x1][0xffffffdf][\n]"
[DEBUG] http-outgoing-1 << "[0xfffffffa]<[0xf][0xffffffec]Z[0xffffff83][0xfffffffb][0xffffffb5]g[0xffffffbc][0xffffffc8][0xffffff98][0xffffff89]3v[0xffffffbf][0xfffffff6][0xffffffdc]//[0xffffffa2][0xffffffae]5[0xffffffb9]_+[0xffffff81]d\kp[0xffffffbf]6[0xffffffc0][0xffffff99][0xffffffed][0xffffffda][0xffffffeb][0xfffffff7]k[0xffffffef][0x7f][0xffffffda][0xffffffcc]\[0xb][0xffffff8f][0xffffffe3]<N[0xffffffc0][0xffffffbb][0x16][0x1c][0xffffffc7]y<[0xffffff9d]r[0xffffffed][0xf][0xffffffc6]q[0xfffffff2]][0xffffffbb][0xffffffa3]H[0xffffffb9]6[0x2]I[0xffffffb9]v[0xffffffc7][0xffffff92]pm[0xffffff83]][0xffffffdb][0xffffffae][0xffffffba]V-cj[0xb][[0xf]}[0xffffffe2][0xffffffcb][0xffffff98]N[0xffffff83]eL'[0xffffffba][0xffffff8c][0xffffffe9][0xffffffc4][0xffffff96]1[0xffffff9d]?\[0xffffffc6][0xffffff94][0xffffffed][0xffffffda][0xffffff88]"[0xffffffe3]Z[0x5]$[0xffffffe3][0xffffffda][0xffffff88]e[0xffffffbe]kw8[0xffffffb3]][0xffffffbb]#[0xfffffffa][0xffffff82]k[0xffffffd5],C/[0xffffffd8][0xffffffd7]$N|[0xffffff96][0xffffffe1]4[0xffffff98]e8[0xffffffe3][0xffffffa5][0xfffffff1]L[0xffffff9c][0xffffffb1]Y[0xffffff86]s[0xffffffbf]([0xffffff8e][0xffffffba][0xffffffd6]d[0xffffff96]A[0x2][0xffffffc9][0xffffffb8][0xffffffd6]`[0xffffff96]![0xffffffc0][0xffffff99][0xffffffed][0xffffffda][0xffffffeb][0xffffffb3][0xc]S[0xffffffdd]C[0x18][\r][0xfffffffb][0x4][0xffffffe0][0xffffffc4][0xffffffef]!L[0xffffff83]{[0x8]3[0xfffffffe][0xffffffe0][0xffffff9b][0xffffff88][0xfffffff3][0xffffffc4][0xffffffee]![0xffffffcc][0xfffffffd]G^[0xffffffd2][0xffffffb5][0x2]E[0xffffffc4][0xffffffb5][0x12]H[0xffffffc4][0xffffffb5][0x2][0xffffffcb]t[0xffffffd7][0x6]8[0xffffff93]][0x1b][0x10]}[0xffffffc1][0xffffffb5]][0xffffffb9]v[0xffffff95]F[0xffffffb9][0xffffffb6][0xffffffe3][0xffffffae][0xffffffed][0x6][0xffffffae][0xffffffed][0x1][0xffffffea]L[0xffffff9c];[0xffffffe6][0xffffffda][0xffffffee][0xffffffe4][0xffffffda][0xffffff88]"[0xffffffe3]Z[0x5]$[0xffffffe3][0xffffffda][0xffffff88]e[0xffffffbe]kw8[0xffffffb3]][0xffffffbb]#[0xfffffffa][0xffffff82]k[0xffffffd5][0xffffffdc][0xffffffd8]y[0xffffffff]'R[0xffffffae][0xffffffc5][0xffffffe7][0xffffffc6][0xffffffa6][0xffffffc1][0xffffffdc][0xffffffd8][0xffffff8c][0x3]:[0xffffff99]8cscs[0x1f][0xffffffca]A]k27&[0xffffff81]d\k07[0x16][0xffffffe0][0xffffffcc]v[0xffffffed][0xfffffff5][0xffffffb9][0xffffffb1]u[0xfffffffb][0xffffffa5][0x6][0xffffffd7][0xffffffce][0xfffffffb][0xffffffff][0xffffff85]\[0xfffffffb]v[0x1e][0xffffffd6][0xffffffb5][0xffffff8f][0x13][0xffffffc0][0xffffffae][0xfffffffd]~[0x6][0xffffffc4][0xffffffb5][0xffffff8f][0xffffffa7]#[0xffffffae][0xfffffffd][0xfffffff6]d[0xb][0xffffffd7][\n]"
[DEBUG] http-outgoing-1 << "[0x14][0x11][0xffffffd7]J [0x11][0xffffffd7][\n]"
[DEBUG] http-outgoing-1 << ",[0xffffffd3]][0x1b][0xffffffe0]Lvm@[0xfffffff4]%[0xffffffd7][0x1e]n[0xffffffb2]=x[0xffffffdb][0x1e][0xe][0xffffffba]=X[0xffffffdf][0x1e][0xffffff9c]p[0xf]+[0xffffffe3][0x6][0x1e])[0xffffffe5][\n]"
[DEBUG] http-outgoing-1 << "*)[0xffffffe7][0x6]6[0x9][0xffffffe9][0x1e][0xffffffb4]u[0xffffff8f][0xffffff9f][0xffffffd0][0xffffffee][0xffffffe3]5[0xffffffad][0xffffff93]v[0xb]|[0xffffffd9][0xfffffff6][0xfffffffd][0x8][0xffffffbc]v[0xb]x[0xffffffdd][0xfffffff6][0xfffffffd][0xfffffff1][0xffffff94]v[0xffffff8b][0xffffffcf][0xffffff85][[0xffffffc5]#[0xffffffa5]]A%[0xffffffa5][0xffffffdd][0xffffffc0]&[0xffffffa1][0xffffffdd][0xffffff82]^[0xffffffba][0xffffff8d][0xffffff9c][0xffffffbe][0xffffffa4][0xffffffdd]>[0xffffffcc][0xffffffb4][0xffffffdb][0x7][0xffffffae][0xffffffdd][0xfffffffb][0x11]x[0xffffffed]~[0x1c][0xffffff82][0xffffffd2][0xffffffee][0xfffffffd][0xfffffff1][0xffffff94]v[0xffffffdf][0x1f][0xffffffed][0xffffffa2][0xffffffdd][0xffffffc0]#[0xffffffa5]]A%[0xffffffa5][0xffffffdd][0xffffffc0]&[0xffffffa1][0xffffffdd][0xffffff8d][0xffffffd0]|[0xffffffed]n[0xffffff9c][0xffffffbe][0xffffffa4][0xffffffdd][0xffffffb3][0xffffff9b]i[0xfffffff7][0xffffffec][0xffffffb8]v[0xffffffef]G[0xffffffe0][0xffffffb5][0xfffffffb]q[0x8]J[0xffffffbb][0xfffffff7][0xffffffc7]S[0xffffffda]}[0x7f][0xffffffb4][0xffffff8b]v[0x3][0xffffff8f][0xffffff94]v[0x5][0xffffff95][0xffffff94]v[0x3][0xffffff9b][0xffffff84]v7B[0xfffffff3][0xffffffb5][0xffffffbb]q[0xfffffffa][0xffffff92]vW[0xffffffbc][0xffffffb4][0xffffffc0]jw[0xffffffc1][0xffffffb7][0x16][0xffffffde][0xffffff8f][0xffffffc0]k[0xfffffff7][0xffffffe3][0x10][0xffffff94]v[0x17]tq[0xffffffe1][0xfffffffb][0xffffffa3]][0xffffffb4][0x1b]x[0xffffffa4][0xffffffb4]+[0xffffffa8][0xffffffa4][0xffffffb4][0x1b][0xffffffd8]$[0xffffffb4][0xffffffbb][0xffffffd0][0xffffffdb][0xb][0xffffff91][0xffffffd3][0xffffffd7][0xffffffb4];[0xffffffdd][0xffffffb4];y[0xffffffed]N[0x7][0xffffffed]NV[0xffffffbb][0xffffff93][0xffffffd3][0xffffffee][0xffffffb4][0xffffffd2][0xffffffee][0xffffffce]#[0xffffffa6][0xffffffdd]H%[0xffffffa6][0xffffffdd][0xffffff9d]MD[0xffffffbb][0xffffff93][0xffffffd6][0xffffffee][0xffffffbc][0xffffffae][0xffffffdd][0xffffffe3]V[0xffffffcc][0xffffffbc]{?[0x11].[0xffffffde][0xffffffb7]3[0xfffffff0][0xffffffe6][0xfffffffd]v[\n]"
[DEBUG] http-outgoing-1 << "J[0xffffffbd]o[0xffffffcf][0xffffffa7][0xffffffdc][0xfffffffb][0xfffffff1]l[0x17][0xfffffff9]F()[0xfffffffb]*4)[0xfffffffd]F@[0x9][0xffffffff][0xffffffee][0xffffff98][0xffffffe6][0xb]x[0xffffff87][0xfffffff5]5[0x3][0xffffff9f]n/[0x1c][0xffffffee]'[0xffffffe2][\r]|?[0xffffff83][0xffffff81][0xffffff81]?N[0xffffff81][0x19][0xfffffff8][0xffffffe4]^:|<[0xffffffdb][0xffffffc6][0xffffffc0][0x1]J[0xffffffcc][0xffffffc0][0x2]M[0xffffffcc][0xffffffc0][0x1]P[0xffffffc4][0xffffffc0]'[0xfffffffd][0xffffffe6]a[0xffffff87][0xfffffff5][0xffffffb7][0x18]x[0xffffffbc][0xffffffff][0xffffffb1][0xffffffda][0xffffffbe]0[0xffffffcf][0xffffff9a][0xffffffef][0xffffffdf][0xffffffcf][0xfffffff3]P[0xfffffff6][0xfffffffd]r[0x2][0xffffffcc][0xffffffbd][0xffffffdb][0x19][0xffffff92][0xffffffcd][0xfffffffb][0xffffffe5][0xffffffe9][0xffffffc9][0xffffffde][0xfffffffd][0xfffffff5][0xffffff93]a[0xffffffeb]>E1[0xffffffd9][0xffffffb9]?[0x0]2[0xffffffd9][0xffffffb8]O[0xffffffb1]L[0xfffffff4][0xffffffed][0x13]8[0xffffffd3]l[0xfffffffb][0x4][0xffffffd1][0x17]\[0xffffffab]6[0xffffff93][0xffffffaf]:[\n]"
[DEBUG] http-outgoing-1 << "[0xffffffe5]Zp3[0xfffffff9][0xffffff97][0x13][0xffffffd0][0xffffffae][0xffffff85]6[0xffffff93][0x7f]y:[0xffffffe3]Z[0xffffff8f][0xffffffcd][0xffffffe4]OQd\k[0xffffffb0][0xffffff99][0xfffffffc])[0xffffff96][0xfffffff9][0xffffffae][0xffffffc5]6[0xffffff93]?A[0xfffffff4][0x5][0xffffffd7]6[0xffffffe5][0xffffffda][0xffffffd1][0xfffffff3]7[0xffffff93][0x7f][0xffffff9e][0x7]vm3pm[0xb]Pg[0xffffffe2][0xffffffdc]0[0xffffffd7]6'[0xffffffd7]F[0x14][0x19][0xffffffd7]* [0x19][0xffffffd7]F,[0xfffffff3]][0xffffffbb][0xffffffc3][0xffffff99][0xffffffed][0xffffffda][0x1d][0xffffffd1][0x17]\[0xffffffdb][0xffffff95]k[0xffffffd7][0xffffff81][0xffffffb9][0xffffffb6][0xffffffe3][0xffffffae][0xffffffed][0x6][0xffffffae][0xffffffed][0x1][0xffffffea]L[0xffffff9c];[0xffffffe6][0xffffffda][0xffffffee][0xffffffe4][0xffffffda][0xffffff88]"[0xffffffe3]Z[0x5]$[0xffffffe3][0xffffffda][0xffffff88]e[0xffffffbe]kw8[0xffffffb3]][0xffffffbb]#[0xfffffffa][0xffffff82]kGtm[0xffffffbf][0xffffffdd][0x6][0xffffffe6][0xffffffda][0xffffff81][0xffffffbb]v[0x18][0xffffffb8]v[0x4][0xffffffa8]3q[0x1e][0xffffff98]k[0xffffff87][0xffffff93]k#[0xffffff8a][0xffffff8c]k[0x15][0xffffff90][0xffffff8c]k#[0xffffff96][0xfffffff9][0xffffffae][0xffffffdd][0xffffffe1][0xffffffcc]v[0xffffffed][0xffffff8e][0xffffffe8][0xb][0xffffffae][0x15]_[0xffffff81][0xffffffb8][0xffffffbb]va[0xffffffef]k[0xffffffc1][0xffffffaf]@|9[0x1][0xffffffed]Z[0xffffffe8]+[0x10]_[0xffffff9e][0xffffffce][0xffffffb8][0xffffffd6][0xffffffe3]+[0x10]OQd\k[0xfffffff0][0x15][0xffffff88][0xffffffa7]X[0xffffffe6][0xffffffbb][0x16][0xfffffffb][\n]"
[DEBUG] http-outgoing-1 << "[0xffffffc4][0x13]D_p[0xffffffed]T[0xffffffae]=[0xffffff8e][0xfffffffc][0xffffffaf]@|[0xffffff9e][0x7]v[0xffffffed]4p[0xffffffed][0xc]Pg[0xffffffe2]<1[0xffffffd7]N'[0xffffffd7]F[0x14][0x19][0xffffffd7]* [0x19][0xffffffd7]F,[0xfffffff3]][0xffffffbb][0xffffffc3][0xffffff99][0xffffffed][0xffffffda][0x1d][0xffffffd1][0x17]\+6[0xffffff93][0xffffffdf]][0xb]|[0xffffffdd][0xffffffec][0xfffffff3]<[0xffffffb0]k[0xffffffd1][0xffffffcd][0xffffffe4][0xffffffdb][0x19][0x18][0xffffffd7][0x2][0xffffff9b][0xffffffc9][0x7f][0xfffffffd]d[0xf][0xffffffd7][0xffffffe2][0xffffff9b][0xffffffc9][0x7f][0x0]$[0xffffffe3]Zt3[0xfffffff9][0x13]8[0xffffffb3]]{e3[0xfffffff9][0xffffffe3]O[0xffffffe7][0xffffffed][0xffffffa6]\[*[0xffffffe4][0xffffffda][0xffffffc7]yP[0xffffffd7][0xffffffbe][0xffffff9f][0xffffff80]u[0xffffffed][0xffffffe7][0x19][0x8][0xffffffd7][0xffffffbe]?[0xffffff9d]p[0xffffffed][0xfffffff7]';[0xffffffb8]V[0xffffffa1]H[0xffffffb8]V[0x3]I[0xffffffb8]Va[0xffffff99][0xffffffed][0xffffffda][0x8]g[0xffffffae]k#[0xffffffa2]/[0xffffffb8]V[0xffffffcc]2[0xfffffff4][[0xffffffad][0xffffffd0];[0xffffff84][0xffffffc7]y`[0xffffffd7][0xfffffff2][0xffffffb3][0xc][0xffffff9f]g`\K[0xffffffcd]2|[0x7f][0xffffffb2][0xffffff87]k=f[0x19]4[0xffffff90][0xffffff8c]k[0xfffffff9]Y[0xffffff86][0x8]g[0xffffffb6]k/[0xffffffcf]2[0xffffffcc][Q[0xffffffae]m[0xffffffe3][0xffffffa4]\[p[0xffffffd7][0x16][0x3][0xffffffd7][0xffffff96][0x0]u&[0xffffffce][0x5]smqrmD[0xffffff91]q[0xffffffad][0x2][0xffffff92]qm[0xffffffc4]2[0xffffffdf][0xffffffb5];[0xffffff9c][0xffffffd9][0xffffffae][0xffffffdd][0x11]}[0xffffffc1][0xffffffb5][0xfffffff5][0xffffff97][0xffffffb0][0xffffffa5][0xffffffa6][0xffffffdf]V[0xffffffc1]\{?[0xf][0xffffffec][0xffffffda][0xffffffb7][0x13][0xffffffd0][0xffffffae][0xfffffffd]v[0x6][0xffffffc6][0xffffffb5]oOg\[0xfffffffb][0xfffffff1]d[0xf][0xffffffd7]F[0x14][0x19][0xffffffd7]* [0x19][0xffffffd7]F,[0xfffffff3]][0xffffffbb][0xffffffc3][0xffffff99][0xffffffed][0xffffffda][0x1d][0xffffffd1][0x17]\+[0xffffffe6][0xffffffc6][0xfffffffa]qT[0xffffffcc][0xffffffb5][0xfffffff4][0xffffffdc][0xffffffd8][0xfffffffb][0x9]h[0xffffffd7][0xffffff92]sc[0xffffffef]Og\k47[0xffffffa6]Pd\[0xffffffeb]27[0xffffffa6][0xffffffb0][0xffffffcc]w-;7[0x16][0x11]}[0xffffffc1][0xffffffb5]bn[0xffffffac][0x1f][0xffffffad]O[0xffffffca][0xffffffb5][0xfffffff4][0xffffffdc][0xffffffd8][0xfffffffb][0x9]h[0xffffffd7][0xffffff92]sc[0xffffffef]Og\k47[0xffffffa6]Pd\[0xffffffeb]27[0xffffffa6][0xffffffb0][0xffffffcc]w-;7[0x16][0x11]}[0xffffffc1][0xffffffb5]C[0xffffffb9][0xfffffff6]lX[0xffffffd7][0xe][0xffffffdc][0xffffffb5][0xffffffc3][0xffffffc0][0xffffffb5]#@[0xffffff9d][0xffffff89][0xfffffff3][0xffffffc0]\;[0xffffff9c]\[0x1b]Qd\[0xffffffab][0xffffff80]d\[0x1b][0xffffffb1][0xffffffcc]w[0xffffffed][0xe]g[0xffffffb6]kwD_p[0xffffffad][0xffffff9a][0x1b]+[0xffffffc7][0xffffff89][0xffffffb9][0xffffff96][0xffffff9e][0x1b]{?[0x1][0xffffffed]Zrn[0xffffffec][0xfffffffd][0xffffffe9][0xffffff8c]k[0xffffff8d][0xffffffe6][0xffffffc6][0x14][0xffffff8a][0xffffff8c]k][0xffffffe6][0xffffffc6][0x14][0xffffff96][0xfffffff9][0xffffffae]e[0xffffffe7][0xffffffc6]"[0xffffffa2]/[0xffffffb8]V[0xffffffcd][0xffffff8d][0xffffff95]v[0xffffffc3][0xffffffde]![0xffffffd0]sc[0xffffffef]'[0xffffffa0]]K[0xffffffce][0xffffff8d][0xffffffbd]?[0xffffff9d]q[0xffffffad][0xffffffd1][0xffffffdc][0xffffff98]B[0xffffff91]q[0xffffffad][0xffffffcb][0xffffffdc][0xffffff98][0xffffffc2]2[0xffffffdf][0xffffffb5][0xffffffec][0xffffffdc]XD[0xfffffff4]%[0xffffffd7][0xffffffc6]{[0x8][0xffffffac]k[0xffffffe9]{[0x8][0xffffffd3][0xffffffe0][0x1e][0xffffffc2][0xc]?[0xfffffff8][0xffffffe6][0xffffffe2]L[0xffffffdd]C[0xffffff98]N[0xfffffff7][0x10]"[0xffffff8a][0xffffff94]k][0xffffffee]!D,[0x9][0xffffffd7][0xffffffb2][0xfffffff7][0x10]vD_p[0xffffffad][0xffffff9a][0xffffffd1]-[0xffffffe7][0xffffff89][0xffffffcd]2[0xffffffd0]3[0xffffffba][0xffffffef]'[0xffffffa0]]K[0xffffffce][0xffffffe8][0xffffffbe]?[0xffffff9d]q[0xffffffad][0xffffffd1][0xffffff8c][0xffffffae]B[0xffffff91]q[0xffffffad][0xffffffcb][0xffffff8c][0xffffffae][0xffffffc2]2[0xffffffdf][0xffffffb5][0xffffffec][0xffffff8c]nD[0xfffffff4]%[0xffffffd7][0xffffff8a][0xffffffae]E]Kw[0xffffffed]2[0xffffffe8][0xffffffda][0x15][0x2]"[0x17]g[0xffffffaa]k[0xffffff97]S[0xffffffd7]F[0x14])[0xffffffd7][0xffffffba]tm[0xffffffc4][0xffffff92]p-[0xffffffdb][0xffffffb5];[0xffffffa2][0xffffffbf][0xffffffdd][0xffffffb5][0xffffff87][0xffffffda][0xffffff87]P[0xffffffd6]q@[0xffffffae]=[0xfffffff0]}[0x8][0xffffff87][0xffffffc1]>[0xffffff84]#[0xe][0xffffff9e]'[0xffffffe2]|`[0xfffffffb][0x10][0xffffff8e]}[0xffffffd8][0xffffff9c]t[0xffffffad]@[0x11]q[0xffffffad][0x4][0x12]q[0xffffffad][0xffffffc0]2[0xffffffdd][0xffffffb5][0x1][0xffffffce]d[0xffffffd7][0x6]D_p[0xffffffad][0xffffff9a][0xffffffd1]-k[0x16][0xffffffca][0xffffffb5][0xfffffff8][0xffffff8c][0xffffffee]a0[0xffffffa3]{[0xffffffc4]a[0xffffffc8]L[0xffffff9c][0xffffffb1][0x19][0xffffffdd]c[0x1f][0xffffff80]D]k2[0xffffffa3]+[0xffffff81]d\k0[0xffffffa3][0x1b][0xffffffe0][0xffffffcc]v[0xffffffed][0xfffffff5][0x19][0xffffffdd]C[0xffffffcd]2[0xffffffd4]~[0xffffffeb][0xffffff94]k[0xfffffff1]Y[0xffffff86][0xffffffc3]`[0xffffff96][0xffffffe1][0xffffff88][0xffffff97][0xffffffc6]3q[0xffffffc6]f[0x19][0xffffff8e][0xfffffffd][0xffffffa2]8[0xffffffea]Z[0xffffff93]Y[0x6][0x9]$[0xffffffe3]Z[0xffffff83]Y[0xffffff86][0x0]g[0xffffffb6]k[0xffffffaf][0xffffffcf]2[0xffffffbc][0xfffffffd]?[0xffffffd1][0xffffffb5][0xffffffe7][0xffffffc4][0xffffffde]![0xc][0xffffffdc][0xffffffb5][0xffffffc3][0xffffffc0][0xffffffb5]#@[0xffffff9d][0xffffff89][0xfffffff3][0xffffffc0]\;[0xffffff9c]\[0x1b]Qd\[0xffffffab][0xffffff80]d\[0x1b][0xffffffb1][0xffffffcc]w[0xffffffed][0xe]g[0xffffffb6]kwD_p[0xffffffad][0xffffff9a]ehG[0xffffffc3][0xffffffde]![0xffffffe0][0xffffffb3][0xc][0xffffff87][0xffffffc1],[0xffffffc3][0x11]/[0xffffff8d]g[0xffffffe2][0xffffff8c][0xffffffcd]2[0x1c][0xfffffffb]Eq[0xffffffd4][0xffffffb5]&[0xffffffb3][0xc][0x12]H[0xffffffc6][0xffffffb5][0x6][0xffffffb3][0xc][0x1][0xffffffce]l[0xffffffd7]^[0xffffff9f]e8[0xffffffd4],C[0xffffffab][\r][0xffffffeb]Z|[0xffffff96][0xffffffe1]0[0xffffff98]e8[0xffffffe2][0xffffffa5][0xfffffff1]L[0xffffff9c][0xffffffb1]Y[0xffffff86]c[0xffffffbf]([0xffffff8e][0xffffffba][0xffffffd6]d[0xffffff96]A[0x2][0xffffffc9][0xffffffb8][0xffffffd6]`[0xffffff96]![0xffffffc0][0xffffff99][0xffffffed][0xffffffda][0xffffffeb][0xffffffb3][0xc]E[0xffffffbd][0xffffffaf][0xffffffed][0xffffffab]A[0xffffffdf][0xffffffd1]}[0xffffff9c][0xffffff87]um1x_[[0xffffffe2][0xffffff8b][0xffffffb1]D[0xffffff9c][0xb][0xfffffff6][0xffffffbe][0xffffffb6][0xffffffec]/[0xffffffc3]H[0xffffffd7][\n]"
[DEBUG] http-outgoing-1 << "[0x14][0x11][0xffffffd7]J [0x11][0xffffffd7][\n]"
[DEBUG] http-outgoing-1 << ",[0xffffffd3]][0x1b][0xffffffe0]Lvm@[0xfffffff4][0x5][0xffffffd7][0xffffffaa]w[0x8][0xffffffe3]F}[0xffffffdb][0xfffffff1]q[0x1e][0xffffffd8][0xffffffb5][0x6][0xffffffef][0x10]J[0xfffffffc][0xffffff97][0xffffffb5]L[0xffffff9c][0xffffffb1]w[0x8]e[0xffffffff][0x17]4[0xffffffd4][0xffffffb5]&[0xffffffef][0x10]$[0xffffff90][0xffffff8c]k[\r][0xffffffde]![0x4]8[0xffffffb3]]{[0xfffffffd][0x1d]BQ[0xffffffef][0x10][0xffffffc6][0xffffff81]}o[0xffffffac][0xffffffe0][0xffffffef][0x10][0xffffff8a][0xffffffc1];[0xffffff84][0x12][0xffffffff]e-[0x13]g[0xffffffec][0x1d]B[0xffffffd9][0xffffffff][0x5][\r]u[0xffffffad][0xffffffc9];[0x4][0x9]$[0xffffffe3]Z[0xffffff83]w[0x8][0x1][0xffffffce]l[0xffffffd7][0xfffffffe][0xffffffc4];[0x4]5[0xffffffa3];[0xffffffda][0xffffffd9]([0xffffffd7][0xffffffe2]3[0xffffffba][0xffffffc5]`F[0xffffffb7][0xffffffc4]a[0xffffffc8]L[0xffffff9c][0xffffffb1][0x19][0xffffffdd][0xffffffb2][0xf]@[0xffffffa2][0xffffffae]5[0xffffff99][0xffffffd1][0xffffff95]@2[0xffffffae]5[0xffffff98][0xffffffd1][\r]pf[0xffffffbb][0xfffffff6][0xfffffffa][0xffffff8c]nU[0xffffffb3][0xc]g[0xffffffeb][0xffffff94]k+>[0xffffffcb]P[\r]f[0x19]j[0xffffffbc]4[0xffffff9e][0xffffff88]s[0xffffffc5]f[0x19][0xffffffea]~Q[0xffffff9c]t[0xffffffad]@[0x11]q[0xffffffad][0x4][0x12]q[0xffffffad][0xffffffc0]2[0xffffffdd][0xffffffb5][0x1][0xffffffce]d[0xffffffd7][0x6]D_p[0xffffffad][0xfffffffa]ml[0xffffffb6][0xffffff93]z[0xffffff87]P[0xfffffff1][0xffffffdf][0xffffffc6][0xffffffaa][0xffffffc1]oc5[0xfffffffe][0x8][0xffffff91][0xffffff89]3[0xfffffff6][0xffffffdb]X[0xffffffdd][0x7f]x@]k[0xfffffff2][0xffffffdb][0xffffff98][0x4][0xffffff92]q[0xffffffad][0xffffffc1]oc[0x1][0xffffffce]l[0xffffffd7]^[0xffffffff]m[0xffffffac][0xffffffaa]w[0x8][0xffffffab]Vj[0xffffffa7]b[0xffffffc5][0xffffffdf]!T[0xffffff83]w[0x8]5[0xfffffffe][0xffffffcb]Z&[0xffffffce][0xffffffd8];[0xffffff84][0xffffffba][0xffffffff][0xb][0x1a][0xffffffea]Z[0xffffff93]w[0x8][0x12]H[0xffffffc6][0xffffffb5][0x6][0xffffffef][0x10][0x2][0xffffff9c][0xffffffd9][0xffffffae][0xffffffbd][0xfffffffe][0xe][0xffffffa1][0xffffffa9][0xffffffdd]3[0xffffffab]bsc[\r][0xffffffdf]=[0xffffffd3][0xc]v[0xffffffcf][0xffffffb4][0xffffffb8][0xffffffe4]#[0x11][0xffffffe7][0xffffff86][0xffffffed][0xffffff9e]i[0xfffffffb]b[0xf][0xffffffd2][0xffffffb5][0x2]E[0xffffffc4][0xffffffb5][0x12]H[0xffffffc4][0xffffffb5][0x2][0xffffffcb]t[0xffffffd7][0x6]8[0xffffff93]][0x1b][0x10]}[0xffffffc1][0xffffffb5][0xffffff87]rm;[0xffffffa8]o[0xffffffe0][0xffffffbc][0xffffff9d][0x7]v[0xffffffed]a[0xffffffe0][0xffffffda]#@[0xffffff9d][0xffffff89][0xfffffff3][0xffffff81][0xffffffb9][0xfffffff6]prmD[0xffffff91]q[0xffffffad][0x2][0xffffff92]qm[0xffffffc4]2[0xffffffdf][0xffffffb5];[0xffffff9c][0xffffffd9][0xffffffae][0xffffffdd][0x11]}[0xffffffc1][0xffffffb5][0xffffffea][0xffffffb7][0xffffffb1][0xffffffd5]+u[0xffffffbf][0xffffffb6][0xffffffe1][0xffffffbf][0xffffff8d]5[0xffffff83][0xffffffdf][0xffffffc6]Z[0xfffffffc][0x11]"[0x13]g[0xffffffec][0xffffffb7][0xffffffb1][0xffffffb6][0xffffffff][0xfffffff0][0xffffff80][0xffffffba][0xffffffd6][0xffffffe4][0xffffffb7]1[0x9]$[0xffffffe3]Z[0xffffff83][0xffffffdf][0xffffffc6][0x2][0xffffff9c][0xffffffd9][0xffffffae][0xffffffbd][0xfffffffe][0xffffffdb]X[0xffffffab][0xffffffca][0xffffffb5]'[0xffffffb6][0xf][0xffffffe1][0xffffffed]<[0xffffffb0]k[0xffffffab][0xffffff81]kk[0xffffff80]:[0x13][0xffffffe7][0xffffff8a][0xffffffb9][0xffffffb6]:[0xffffffb9]6[0xffffffa2][0xffffffc8][0xffffffb8]V[0x1][0xffffffc9][0xffffffb8]6b[0xffffff99][0xffffffef][0xffffffda][0x1d][0xffffffce]l[0xffffffd7][0xffffffee][0xffffff88][0xffffffbe][0xffffffe0][0xffffffda][0xffffffa6]\[0xffffffbb][0x1a][0xffffffd6][0xffffffb5][\r]wm3pm[0xb]Pg[0xffffffe2][0xffffffdc]0[0xffffffd7]6'[0xffffffd7]F[0x14][0x19][0xffffffd7]* [0x19][0xffffffd7]F,[0xfffffff3]][0xffffffbb][0xffffffc3][0xffffff99][0xffffffed][0xffffffda][0x1d][0xffffffd1][0x17]\+[0xffffffee]|[0xffffff8d][-[0xffffffd8]oc[0xfffffff8][0xffffff9d][0xffffffaf]fp[0xffffffe7][0xffffffab][0xffffffc5][0xffffffcb]5[0xffffff99]8cw[0xffffffbe][0xffffffda]~[0xffffffa1][0x6]u[0xffffffad][0xffffffc9][0xffffff9d]/[0x9]$[0xffffffe3]Z[0xffffff83];_[0x1][0xffffffce]l[0xffffffd7]^[0xffffffbf][0xfffffff3]u[0xffffffff][0xffffffd3]b[0xffffffe6]Z[0xfffffff8]{c[0xffffff8f][0x13][0xfffffff0][0xffffffae][0x5][0xffffffbf]7[0xfffffff6]x:[0xffffffe5]Z[0xffffff9f][0xffffffef][0xffffff8d][0x9][0x14])[0xffffffd7][0xffffff9a]|oL`I[0xffffffb8][0x16][0xfffffffd][0xffffffde]X@[0xfffffff4]%[0xffffffd7]V3[0xffffffd7]V[0xffffffdc][0xffffffb5][0xffffffd5][0xffffffc0][0xffffffb5][0x15]um[0xffffffc5]\[[0xffffff9d]\[0xffffffbb][0xffffffa3]H[0xffffffb9]6[0x2]I[0xffffffb9]v[0xffffffc7][0xffffff92]pm[0xffffff85]][[0xffffffaf][0xffffffbb][0xffffffb6][0xffffff99][0xffffffb9][0xffffffb6][0xffffffe1][0xffffffae]m[0x6][0xffffffae]m[0xffffffa8]k[0x1b][0xffffffe6][0xffffffda][0xffffffe6][0xffffffe4][0xffffffda][0x1d]E[0xffffffca][0xffffffb5][0x11]H[0xffffffca][0xffffffb5];[0xffffff96][0xffffff84]k[0x1b][0xffffffec][0xffffffda]v[0xffffffdd][0xffffffb5][0xffffff87][0xffffff9b]l[0xf][0xffffffde][0xffffffb6][0xffffff87][0xffffff83]n[0xf][0xffffffd6][0xffffffb7][0x7]'[0xffffffdc][0xffffffc3][0xffffffca][0xffffffb8][0xffffff81]GJ[0xffffffb9][0xffffff82]J[0xffffffca][0xffffffb9][0xffffff81]MB[0xffffffba][0x7]m[0xffffffdd][0xffffffe3]'[0xffffffb4][[0xffffffdd][0xffffffde][0xffffffdd]V[0xfffffffe][0xffffffe5]mux{[[0xffffffd9][0xffffffd7][0xffffffb7][0xffffff95]{[0x7f][[0xffffffad]^[0xffffffe0][0x6][0x1e])[0xffffffed][\n]"
[DEBUG] http-outgoing-1 << "*)[0xffffffed][0x6]6[0x9][0xffffffed]V[0xfffffffa]%n[0xfffffffd][0xffffff89][0xffffffb7][0xffffffb8][0xffffffcd]M[0xffffffbb][0xffffff8d][0xffffffd7]ns[0xffffffd0]nc[0xffffffb5][0xffffffdb]8[0xffffffed]6+[0xffffffed][0x6][0x1e])[0xffffffed][\n]"
[DEBUG] http-outgoing-1 << "*)[0xffffffed][0x6]6[0x9][0xffffffed]6Z[0xffffffbb][0xffffffed]g[0xffffffb4][0xffffffbb][0xffffffdc][0xffffffb4][0xffffffbb]x[0xffffffed].[0x7][0xffffffed].V[0xffffffbb][0xffffff8b][0xffffffd3][0xffffffee][0xffffffb2][0xffffffd2][0xffffffee][0xffffffce]#[0xffffffa6][0xffffffdd]H%[0xffffffa6][0xffffffdd][0xffffff9d]MD[0xffffffbb][0xffffff8b][0xffffffd6][0xffffffee][0xffffffba][0xffffffae][0xffffffdd][0xffffffe1]V[0xffffffbb][0xffffff83][0xffffffaf][0xffffffdd][0xffffffe1]P[0xffffffbb][0xffffff83][0xffffffad][0xffffffdd][0xffffffc1][0xffffffd5][0xffffffee][0xffffffb0][0xffffffaa][0xffffffdd][0xffffffc0]#[0xffffffa5]]A%[0xffffffa5][0xffffffdd][0xffffffc0]&[0xffffffa1][0xffffffdd]A[0xffffffd7][0xffffffee][0xfffffff8][0xffffff89][0xffffffda][0xffffff9d]n[0xffffffda][0xffffff9d][0xffffffbc]v[0xffffffa7][0xffffff83]v'[0xffffffab][0xffffffdd][0xffffffc9]iwZi7[0xfffffff0]HiWPIi7[0xffffffb0]Ihw[0xffffffd2][0xffffffda][0xffffff9d]?[0xffffffa1][0xffffffdd]5[0xffffffcc][0xffffffb4][0xffffffbb][0x6][0xffffffae][0xffffffdd][0xfffffffb][0x11]x[0xffffffed]~[0x1c][0xffffff82][0xffffffd2][0xffffffee][0xfffffffd][0xfffffff1][0xffffff94]v[0xffffffdf][0x1f][0xffffffed][0xffffffa2][0xffffffdd][0xffffffc0]#[0xffffffa5]]A%[0xffffffa5][0xffffffdd][0xffffffc0]&[0xffffffa1][0xffffffdd][0xffffff8d][0xffffffd0]|[0xffffffed]n[0xffffff9c][0xfffffffe][0x16][0xffffffed][0xffffff9e][0xffffffef][0x7f];[0xffffffd4][0xffffffc0][0xffffffef]*-[0xffffffdd][0xffffffba][0xffffff9f][0xffffffe7][0xffffffa1][0xffffffa4][0xfffffffb][0xffffffe5][0x4][0xffffff98]s[0xffffffb7]3$+[0xfffffff7][0xffffffcb][0xffffffd3][0xffffff93][0xffffff8d][0xfffffffb][0xffffffeb]'[0xffffffc3][0xffffffc2]}[0xffffff8a]b[0xffffffb2]o[0x7f][0x0]d[0xffffffb2]n[0xffffff9f]b[0xffffff99]h[0xffffffdb]'p[0xffffffa6][0xffffffc9][0xfffffff6][0x9][0xffffffa2]/[0xffffffb8]V|[0x0]}[0x1c][0x7][0xffffffb0][0xffffffa0][0xfffffff1][0xfffffff3]<[0xffffffb0]k[0xffffffd1][0xf][0xffffffa0]og`\[0xb]|[0x0][0xfffffffd][0xffffffd7]O[0xfffffff6]p-[0xfffffffe][0x1][0xfffffff4][0x1f][0x0][0xffffffc9][0xffffffb8][0x16][0xfffffffd][0x0][0xfffffffa][0x13]8[0xffffffb3]][0xffffffbb]#[0xfffffffa][0xffffff82]k[0xffffffa7]X[0xffffffae]p[0xffffffb4][0xffffff92][0xffffffff]A[0xffffff9d][0xffffffcf][0xfffffff3][0xffffffc0][0xffffffae][0xffffff9d][0xffffffe4]r[0xffffff85][0xffffffed][0xc][0xffffff8c]kg[0xfffffffe]r[0xffffff85]_?[0xffffffd9][0xffffffc3][0xffffffb5][0x11]E[0xffffffc6][0xffffffb5][\n]"
[DEBUG] http-outgoing-1 << "H[0xffffffc6][0xffffffb5][0x11][0xffffffcb]|[0xffffffd7][0xffffffee]pf[0xffffffbb]vG[0xfffffff4][0x5][0xffffffd7].[0xffffffe5][0xffffffda]q[0xffffffe6][0x7f][0xffffffe4][0xffffffe1][0xfffffff3]<[0xffffffb0]k[0xffffff97][0xffffff81]kW[0xffffff80]:[0x13][0xffffffe7][0xffffff85][0xffffffb9]v9[0xffffffb9]6[0xffffffa2][0xffffffc8][0xffffffb8]V[0x1][0xffffffc9][0xffffffb8]6b[0xffffff99][0xffffffef][0xffffffda][0x1d][0xffffffce]l[0xffffffd7][0xffffffee][0xffffff88][0xfffffffe]v[0xffffffd7]v[0xfffffff1]A[0xffffff9d]Qn+[0xffffffff]W[0xffffffb2][0xffffffcf][0xfffffff3][0xffffffb0][0xffffffae][0xffffffed][0xffffffe8][0x7]u[0xffffffb6]3 [0xffffffae][0xffffffed][0xffffffc0][0x7]u~[0xfffffffd]d[0xb][0xffffffd7][\n]"
[DEBUG] http-outgoing-1 << "[0x14][0x11][0xffffffd7]J [0x11][0xffffffd7][\n]"
[DEBUG] http-outgoing-1 << ",[0xffffffd3]][0x1b][0xffffffe0]Lvm@[0xfffffff4][0x5][0xffffffd7][0xffffff8a][0xffffff8f]<[0xffffff8c]r[0xc][0xffffffea]}m[0x7]?[0xfffffff2][0xfffffff0][0xffffffe5][0x4][0xffffffb4]k[0xffffffa1][0xffffff8f]<|y:[0xffffffe3]Z[0xffffff8f][0xffffff8f]<<E[0xffffff91]q[0xffffffad][0xffffffc1]G[0x1e][0xffffff9e]b[0xffffff99][0xffffffef]Z[0xffffffec]#[0xf]O[0x10]}[0xffffffc1][0xffffffb5][0xffffffe2]#[0xf][0xffffffa3][0xffffff94][[0xffffffa5]\[0xb]~[0xffffffe4][0xffffffe1][0xffffffcb][0x9]h[0xffffffd7]B[0x1f]y[0xfffffff8][0xfffffff2]t[0xffffffc6][0xffffffb5][0x1e][0x1f]yx[0xffffff8a]"[0xffffffe3]Z[0xffffff83][0xffffff8f]<<[0xffffffc5]2[0xffffffdf][0xffffffb5][0xffffffd8]G[0x1e][0xffffff9e] [0xfffffffa][0xffffff82]k[0xffffffd5]G[0x1e]J[0xffffffbd]a][0xb]~[0xffffffe4][0xffffffe1][0xffffffcb][0x9]h[0xffffffd7]B[0x1f]y[0xfffffff8][0xfffffff2]t[0xffffffc6][0xffffffb5][0x1e][0x1f]yx[0xffffff8a]"[0xffffffe3]Z[0xffffff83][0xffffff8f]<<[0xffffffc5]2[0xffffffdf][0xffffffb5][0xffffffd8]G[0x1e][0xffffff9e] [0xfffffffa][0xffffff82]kO[0xffffffe5][0xffffffda]9:[0xffffffe5][0xffffffda][0x13]w[0xffffffed]i[0xffffffe0][0xffffffda]3@[0xffffff9d][0xffffff89][0xfffffff3][0xffffff89][0xffffffb9][0xfffffff6]trmD[0xffffff91]q[0xffffffad][0x2][0xffffff92]qm[0xffffffc4]2[0xffffffdf][0xffffffb5];[0xffffff9c][0xffffffd9][0xffffffae][0xffffffdd][0x11]}[0xffffffc9][0xffffffb5][0xfffffff1][0x1e][0x2][0xffffffeb]Z[0xfffffff8][0x1e][0xffffffc2][0xffffffe3][0x4][0xffffffbc]k[0xffffffc1]{[0x8][0xffffff8f][0xffffffa7]S[0xffffffae][0xfffffff5][0xffffffb9][0xffffff87] P[0xffffffa4]\kr[0xf]A`I[0xffffffb8][0x16][0xffffffbd][0xffffff87][0x10][0x10]}[0xffffffc1][0xffffffb5]Stm-'[0xfffffff6][0xffffffbe]v[0xffffffe2]];[\r][0xffffffba]v[0xffffff86][0xffffff80][0xffffffc8][0xffffffc4]yb];[0xffffff9d][0xffffffba]6[0xffffffa2][0xffffffc8][0xffffffb8]V[0x1][0xffffffc9][0xffffffb8]6b[0xffffff99][0xffffffef][0xffffffda][0x1d][0xffffffce]l[0xffffffd7][0xffffffee][0xffffff88][0xffffffbe][0xffffffe0][0xffffffda][0xffffffa5]\[0xffffffdb][0xffffffce]B[0xffffffb9]v[0xffffffe1][0xffffffae]][0x6][0xffffffae]][0x1][0xffffffea]L[0xffffff9c][0x17][0xffffffe6][0xffffffda][0xffffffe5][0xffffffe4][0xffffffda][0xffffff88]"[0xffffffe3]Z[0x5]$[0xffffffe3][0xffffffda][0xffffff88]e[0xffffffbe]kw8[0xffffffb3]][0xffffffbb]#[0xfffffffa][0xffffffdb]];n[0xffffffe2][0x1d]B=[0xffffffb1][0xffffffb9][0xffffffb1][0xffffffb7][0xfffffff3][0xffffffb0][0xffffffae]}[0xffffff9c][0x0]v[0xffffffed][0xfffffff7]3 [0xffffffae]}<[0x1d]q[0xffffffed][0xffffffb7]'[[0xffffffb8]V[0xffffffa0][0xffffff88][0xffffffb8]V[0x2][0xffffff89][0xffffffb8]V`[0xffffff99][0xffffffee][0xffffffda][0x0]g[0xffffffb2]k[0x3][0xffffffa2]/[0xffffffb8]V[0xffffffdd][0xffffffaf]m[0x1d][0xffffffeb][0xffffffda][0xffffff81][0xffffffdf][0xffffffaf][0x1d][0x6][0xfffffff7]kG[0xffffffbc][0xffffffc8][0xffffff98][0xffffff89]3v[0xffffffbf]v[0xffffffec][0xffffff97][0x17]Q[0xffffffd7][0xffffff9a][0xffffffdc][0xffffffaf][0xffffff95]@2[0xffffffae]5[0xffffffb8]_[0x1b][0xffffffe0][0xffffffcc]v[0xffffffed][0xfffffff5][0xfffffffb][0xffffffb5]C[0xffffffdd][0xffffffaf]m[0xffffffab]`[0xffffffae][0xffffffc5][0xffffffef][0xffffffd7][0xe][0xffffff83][0xfffffffb][0xffffffb5]#^d[0xffffffcc][0xffffffc4][0x19][0xffffffbb]_;[0xfffffff6][0xffffffcb][0xffffff8b][0xffffffa8]kM[0xffffffee][0xffffffd7]J [0x19][0xffffffd7][0x1a][0xffffffdc][0xffffffaf][\r]pf[0xffffffbb][0xfffffff6][0xfffffffa][0xfffffffd][0xffffffda][0xffffffa1][0xffffffee][0xffffffd7][0xfffffff6][[0x1d][0xffffff94]k[0xfffffff1][0xfffffffb][0xffffffb5][0xffffffc3][0xffffffe0]~[0xffffffed][0xffffff88][0x17][0x19]3q[0xffffffc6][0xffffffee][0xffffffd7][0xffffff8e][0xfffffffd][0xfffffff2]"[0xffffffea]Z[0xffffff93][0xfffffffb][0xffffffb5][0x12]H[0xffffffc6][0xffffffb5][0x6][0xfffffff7]k[0x3][0xffffff9c][0xffffffd9][0xffffffae][0xffffffbd]~[0xffffffbf]v[0xffffffa8][0xfffffffd][0xffffffb5][0xfffffffd]6[0xffffffa9]}[0x8][0x3][0xffffffdf]_;[0xc][0xfffffff6][0xffffffd7][0xffffff8e][0xffffffb8](4[0x13]gl[0x7f][0xffffffed][0xffffffd8][0xffffff97][0xffffff83][0xffffffa2][0xffffffae]5[0xffffffd9]_+[0xffffff81]d\k[0xffffffb0][0xffffffbf]6[0xffffffc0][0xffffff99][0xffffffed][0xffffffda][0xffffffeb][0xfffffffb]k[0xffffffc7][0xffffffa9]\{[0xffffffdc][0xffffffa8]=_o[0xffffffe7][0xffffff81]]{[0x1a][0xffffffb8][0xfffffff6][0xc]Pg[0xffffffe2]|b[0xffffffae]=[0xffffff9d]\[0x1b]Qd\[0xffffffab][0xffffff80]d\[0x1b][0xffffffb1][0xffffffcc]w[0xffffffed][0xe]g[0xffffffb6]kwD_p[0xffffffad][0xffffffba][0xfffffff3][0xffffffd5]K[0xffffffc7][0xffffffde]![0xffffffe0]w[0xffffffbe][0xffffff86][0xffffffc1][0xffffff9d][0xffffffaf][0x11]/[0xffffffd7]d[0xffffffe2][0xffffff8c][0xffffffdd][0xfffffff9][0x1a][0xfffffffb][0xffffff85][0x1a][0xffffffd4][0xffffffb5]&w[0xffffffbe]$[0xffffff90][0xffffff8c]k[\r][0xffffffee]|[0x5]8[0xffffffb3]]{[0xfffffffd][0xffffffce][0xffffffd7]yS[0xffffffae]m[0xffffffd8]>[0xffffff84][0xffffffb7][0xfffffff3][0xffffffb0][0xffffffae]}[0xffffff9c][0x0]v[0xffffffed][0xfffffff7]3 [0xffffffae]}<[0x1d]q[0xffffffed][0xffffffb7]'[[0xffffffb8]V[0xffffffa0][0xffffff88][0xffffffb8]V[0x2][0xffffff89][0xffffffb8]V`[0xffffff99][0xffffffee][0xffffffda][0x0]g[0xffffffb2]k[0x3][0xffffffa2]/[0xffffffb8]V[0xffffffed][0xffffffaf][0xffffffed][0xffffffbd]Rsc'[0xffffffbe][0xffffffbf][0xfffffff6]4[0xffffffd8]_{[0xffffffc6]E[0xffffffa1][0xffffff99]8c[0xfffffffb]k[0xffffffcf]}9([0xffffffea]Z[0xffffff93][0xfffffffd][0xffffffb5][0x12]H[0xffffffc6][0xffffffb5][0x6][0xfffffffb]k[0x3][0xffffff9c][0xffffffd9][0xffffffae][0xffffffbd][0xffffffbe][0xffffffbf][0xfffffff6],[0xffffffca][0xffffffb5][0xffffffe7][0xffffff8d][0xfffffffa]m[0xffffffec][0xffffffed]<[0xffffffb0]k[0xffffff8b][0xffffff81]kK[0xffffff80]:[0x13][0xffffffe7][0xffffff82][0xffffffb9][0xffffffb6]8[0xffffffb9]6[0xffffffa2][0xffffffc8][0xffffffb8]V[0x1][0xffffffc9][0xffffffb8]6b[0xffffff99][0xffffffef][0xffffffda][0x1d][0xffffffce]l[0xffffffd7][0xffffffee][0xffffff88][0xffffffbe][0xffffffe0]Z5[0xffffffcb][0xffffffd0][0xffffffe7][0xffffffc0][0xffffffba][0x16][0xffffff9f]e8[\r]f[0x19][0xffffffce]xi<[0x13]gl[0xffffff96][0xffffffe1][0xffffffdc]/[0xffffff8a][0xffffffa3][0xffffffae]5[0xffffff99]e[0xffffff90]@2[0xffffffae]5[0xffffff98]e[0x8]pf[0xffffffbb][0xfffffff6][0xfffffffa],[0xffffffc3][0xffffffa9]f[0x19]Fi7[0xffffffca][0xffffffb5][0xfffffff8],[0xffffffc3]i0[0xffffffcb]p[0xffffffc6]K[0xffffffe3][0xffffff99]8c[0xffffffb3][0xc][0xffffffe7]~Q[0x1c]u[0xffffffad][0xffffffc9],[0xffffff83][0x4][0xffffff92]q[0xffffffad][0xffffffc1],C[0xffffff80]3[0xffffffdb][0xffffffb5][0xffffffd7]g[0x19]N5[0xffffffcb]0[0xffffffea][0xffffffa4][0xfffffff6]![0xffffff9c][0xfffffff8],[0xffffffc3]i0[0xffffffcb]p[0xffffffc6]K[0xffffffe3][0xffffff99]8c[0xffffffb3][0xc][0xffffffe7]~Q[0x1c]u[0xffffffad][0xffffffc9],[0xffffff83][0x4][0xffffff92]q[0xffffffad][0xffffffc1],C[0xffffff80]3[0xffffffdb][0xffffffb5][0xffffffd7]g[0x19]N5[0xffffffcb]0[0xffffffce]N[0xffffffdd][0xffffffaf]=[0xfffffff1]Y[0xffffff86][0xffffffd3]`[0xffffff96][0xffffffe1][0xffffff8c][0xffffff97][0xffffffc6]3q[0xffffffc6]f[0x19][0xffffffce][0xfffffffd][0xffffffa2]8[0xffffffea]Z[0xffffff93]Y[0x6][0x9]$[0xffffffe3]Z[0xffffff83]Y[0xffffff86][0x0]g[0xffffffb6]k[0xffffffaf][0xffffffcf]2[0xffffff9c][0xffffffa7]p[0xffffffed]Y9[0xffffffd7][0xffffff9e][0xffffffb8]kO[0x3][0xffffffd7][0xffffff9e][0x1][0xffffffea]L[0xffffff9c]O[0xffffffcc][0xffffffb5][0xffffffa7][0xffffff93]k#[0xffffff8a][0xffffff8c]k[0x15][0xffffff90][0xffffff8c]k#[0xffffff96][0xfffffff9][0xffffffae][0xffffffdd][0xffffffe1][0xffffffcc]v[0xffffffed][0xffffff8e][0xffffffe8][0xb][0xffffffae]U[0xffffffbb][0xffffffc2][0xffffffcf][0xffffffd1][0xffffffa8]Y[0xffffff86][0x13][0xffffffdf][0x15]~[0x1a][0xffffffec][\n]"
[DEBUG] http-outgoing-1 << "?[0xffffffe3]R[0xffffffe6]L[0xffffff9c][0xffffffb1]][0xffffffe1][0xffffffe7][0xffffffbe][0xffffff88][0x19]u[0xffffffad][0xffffffc9][0xffffffae]p[0x9]$[0xffffffe3]Z[0xffffff83]][0xffffffe1][0x1][0xffffffce]l[0xffffffd7]^[0xffffffdf][0x15]~[0xffffffaa][0xffffffb9][0xffffffb1][0xfffffff3][0xffffffec][0xffffffd8]oc[0xfffffff8][0xffffffdc][0xffffffd8]i07v[0xffffffc6][0x1][0xffffff9d]L[0xffffff9c][0xffffffb1][0xffffffb9][0xffffffb1]s[0x1f][0xffffffca]A]k27&[0xffffff81]d\k07[0x16][0xffffffe0][0xffffffcc]v[0xffffffed][0xfffffff5][0xffffffb9][0xffffffb1]y[0xfffffffb][0xffffffa5]E[0xffffffd7]N[0xffffffec]~[0xffffffed][0xffffffdb]yX[0xffffffd7]>N[0x0][0xffffffbb][0xfffffff6][0xfffffffb][0x19][0x10][0xffffffd7]>[0xffffff9e][0xffffff8e][0xffffffb8][0xfffffff6][0xffffffdb][0xffffff93]-\+PD\+[0xffffff81]D\+[0xffffffb0]Lwm[0xffffff80]3[0xffffffd9][0xffffffb5][0x1][0xffffffd1][0x17]\[0xffffffab][0xffffffe6][0xffffffc6][0xffffffce][0xffffffd5]1[0xffffffd7][0xffffffe2]sc[0xffffffd3]`nl[0xffffffc6][0x1][0xffffff9d]L[0xffffff9c][0xffffffb1][0xffffffb9][0xffffffb1][0xffffffb9][0xf][0xffffffe5][0xffffffa0][0xffffffae]5[0xffffff99][0x1b][0xffffff93]@2[0xffffffae]5[0xffffff98][0x1b][0xb]pf[0xffffffbb][0xfffffff6][0xfffffffa][0xffffffdc][0xffffffd8]Tsc[0xffffffb3]L[0xffffffea];[0xffffffba][0x13][0xffffff9f][0x1b][0xffffff9b][0x6]sc3[0xe][0xffffffe8]d[0xffffffe2][0xffffff8c][0xffffffcd][0xffffff8d][0xffffffcd]}([0x7]u[0xffffffad][0xffffffc9][0xffffffdc][0xffffff98][0x4][0xffffff92]q[0xffffffad][0xffffffc1][0xffffffdc]X[0xffffff80]3[0xffffffdb][0xffffffb5][0xffffffd7][0xffffffe7][0xffffffc6][0xffffffa6][0xffffff9a][0x1b][0xffffff9b]}Q[0xffffffbb]g&>76[\r][0xffffffe6][0xffffffc6]f[0x1c][0xffffffd0][0xffffffc9][0xffffffc4][0x19][0xffffff9b][0x1b][0xffffff9b][0xfffffffb]P[0xe][0xffffffea]Z[0xffffff93][0xffffffb9]1[0x9]$[0xffffffe3]Z[0xffffff83][0xffffffb9][0xffffffb1][0x0]g[0xffffffb6]k[0xffffffaf][0xffffffcf][0xffffff8d]M576W[0xffffffa3]ft'>76[\r][0xffffffe6][0xffffffc6]f[0x1c][0xffffffd0][0xffffffc9][0xffffffc4][0x19][0xffffff9b][0x1b][0xffffff9b][0xfffffffb]P[0xe][0xffffffea]Z[0xffffff93][0xffffffb9]1[0x9]$[0xffffffe3]Z[0xffffff83][0xffffffb9][0xffffffb1][0x0]g[0xffffffb6]k[0xffffffaf][0xffffffcf][0xffffff8d]M57[0xffffffb6][0xffffffca]A[0xffffffcd][0xffffff8d]M|nl[0x1a][0xffffffcc][0xffffff8d][0xffffffcd]8[0xffffffa0][0xffffff93][0xffffff89]3676[0xfffffff7][0xffffffa1][0x1c][0xffffffd4][0xffffffb5]&sc[0x12]H[0xffffffc6][0xffffffb5][0x6]sc[0x1][0xffffffce]l[0xffffffd7]^[0xffffff9f][0x1b][0xffffff9b]jnl5[0xffffffec][0xffffffce][0xffffffd7][0xffffffc4][0xffffffe7][0xffffffc6][0xffffffa6][0xffffffc1][0xffffffdc][0xffffffd8][0xffffff8c][0x3]:[0xffffff99]8cscs[0x1f][0xffffffca]A]k27&[0xffffff81]d\k07[0x16][0xffffffe0][0xffffffcc]v[0xffffffed][0xfffffff5][0xffffffb9][0xffffffb1]y*[0xffffffd7][0xffffffce]J[0xffffffcd][0xffffff8d][0xffffffbd][0xffffff9d][0x7]v[0xffffffed]i[0xffffffe0][0xffffffda]3@[0xffffff9d][0xffffff89][0xfffffff3][0xffffff89][0xffffffb9][0xfffffff6]trmD[0xffffff91]q[0xffffffad][0x2][0xffffff92]qm[0xffffffc4]2[0xffffffdf][0xffffffb5];[0xffffff9c][0xffffffd9][0xffffffae][0xffffffdd][0x11]}[0xffffffc1][0xffffffb5]bn[0xffffffec][0xffffffbc][0xffffffdd][0x6]v[0xffffffe7][0xb][0xffffff9f][0x1b][0xffffff9b][0x6]sc3[0xe][0xffffffe8]d[0xffffffe2][0xffffff8c][0xffffffcd][0xffffff8d][0xffffffcd]}([0x7]u[0xffffffad][0xffffffc9][0xffffffdc][0xffffff98][0x4][0xffffff92]q[0xffffffad][0xffffffc1][0xffffffdc]X[0xffffff80]3[0xffffffdb][0xffffffb5][0xffffffd7][0xffffffe7][0xffffffc6][0xffffffa6][0xffffff98][0x1b];o[0xffffff95][0xffffffbb][0xfffffff3][0xffffff85][0xffffffcf][0xffffff8d]M[0xffffff83][0xffffffb9][0xffffffb1][0x19][0x7]t2q[0xffffffc6][0xffffffe6][0xffffffc6][0xffffffe6]>[0xffffff94][0xffffff83][0xffffffba][0xffffffd6]dnL[0x2][0xffffffc9][0xffffffb8][0xffffffd6]`n,[0xffffffc0][0xffffff99][0xffffffed][0xffffffda][0xffffffeb]scK|o[0xffffffec][0xffffffbc][\r]lW[0xfffffff8][0xffffffc2][0xffffffbf]7[0xffffffb6][0xc][0xffffffbe]7[0xffffffb6][0xffffffe2][0xffffff87][0xffffff9d][0x12]q^[0xffffffd8][0xfffffff7][0xffffffc6][0xffffffd6][0xfffffffe]1'[0xffffffd2][0xffffffb5][0x2]E[0xffffffc4][0xffffffb5][0x12]H[0xffffffc4][0xffffffb5][0x2][0xffffffcb]t[0xffffffd7][0x6]8[0xffffff93]][0x1b][0x10]}[0xffffffc1][0xffffffb5]b[0xffffff96][0xffffffe1][0xffffffbc][0xffffffad][0xffffff82][0xffffffb9][0x16][0xffffff9f]eX[0x6][0xffffffb3][0xc]+^[0x1a][0xffffffcf][0xffffffc4][0x19][0xffffff9b]eX[0xfffffffb]Eq[0xffffffd4][0xffffffb5]&[0xffffffb3][0xc][0x12]H[0xffffffc6][0xffffffb5][0x6][0xffffffb3][0xc][0x1][0xffffffce]l[0xffffffd7]^[0xffffff9f]eXb[0xffffff96][0xffffffe1][0xffffffee]ZlW[0xfffffff8][0xffffffc2]g[0x19][0xffffff96][0xffffffc1],[0xffffffc3][0xffffff8a][0xffffff97][0xffffffc6]3q[0xffffffc6]f[0x19][0xffffffd6]~Q[0x1c]u[0xffffffad][0xffffffc9],[0xffffff83][0x4][0xffffff92]q[0xffffffad][0xffffffc1],C[0xffffff80]3[0xffffffdb][0xffffffb5][0xffffffd7]g[0x19][0xffffff96][0xffffff98]e8[0xffffff8f][0xffffffe3][0xffffffd6]([0xffffffd7][0xffffffe2][0xffffffb3][0xc][0xffffffcb]`[0xffffff96]a[0xffffffc5]K[0xffffffe3][0xffffff99]8c[0xffffffb3][0xc]k[0xffffffbf]([0xffffff8e][0xffffffba][0xffffffd6]d[0xffffff96]A[0x2][0xffffffc9][0xffffffb8][0xffffffd6]`[0xffffff96]![0xffffffc0][0xffffff99][0xffffffed][0xffffffda][0xffffffeb][0xffffffb3][0xc]K[0xffffffcc]2[0xffffff9c]G=[\n]"
[DEBUG] http-outgoing-1 << "[0xffffffe5]Z|[0xffffff96]a[0x19][0xffffffcc]2[0xffffffac]xi<[0x13]gl[0xffffff96]a[0xffffffed][0x17][0xffffffc5]Q[0xffffffd7][0xffffff9a][0xffffffcc]2H [0x19][0xffffffd7][0x1a][0xffffffcc]2[0x4]8[0xffffffb3]]{}[0xffffff96]a[0xffffff89]Y[0xffffff86][0xfffffff3][0x18][\r][0xffffffeb]Z|[0xffffff96]a[0x19][0xffffffcc]2[0xffffffac]xi<[0x13]gl[0xffffff96]a[0xffffffed][0x17][0xffffffc5]Q[0xffffffd7][0xffffff9a][0xffffffcc]2H [0x19][0xffffffd7][0x1a][0xffffffcc]2[0x4]8[0xffffffb3]]{}[0xffffff96]a[0xffffff9d][0xffffffca][0xffffffb5]kb]{[0xffffffe2][0xffffffae]=[\r]\{[0x6][0xffffffa8]3q>1[0xffffffd7][0xffffff9e]N[0xffffffae][0xffffff8d](2[0xffffffae]U@2[0xffffffae][0xffffff8d]X[0xffffffe6][0xffffffbb]v[0xffffff87]3[0xffffffdb][0xffffffb5];[0xffffffa2]/[0xffffffb9][0xffffffb6][0xffffff9a][0xffffffb9][0xffffffb6][0xffffffe2][0xffffffae][0xffffffad][0x6][0xffffffae][0xffffffad][0xffffffa8]k+[0xffffffe6][0xffffffda][0xffffffea][0xffffffe4][0xffffffda][0x1d]E[0xffffffca][0xffffffb5][0x11]H[0xffffffca][0xffffffb5];[0xffffff96][0xffffff84]k+[0xffffffec][0xffffffda]z[0xffffffd5][0xffffffb5]jn[0xffffffac][0x14]l[0x1f][0xffffffc2][0xffffffc2][0xffffffe7][0xffffffc6][0xffffff96][0xffffffc1][0xffffffdc][0xffffffd8][0xffffff8a][0x3]:[0xffffff99]8csck[0x1f][0xffffffca]A]k27&[0xffffff81]d\k07[0x16][0xffffffe0][0xffffffcc]v[0xffffffed][0xfffffff5][0xffffffb9][0xffffffb1][0xffffffa5][0xffffffe6][0xffffffc6]Jo[0xffffffd4][0xffffffdc][0xffffffd8][0xffffffc2][0xffffffe7][0xffffffc6][0xffffff96][0xffffffc1][0xffffffdc][0xffffffd8][0xffffff8a][0x3]:[0xffffff99]8csck[0x1f][0xffffffca]A]k27&[0xffffff81]d\k07[0x16][0xffffffe0][0xffffffcc]v[0xffffffed][0xffffffe5][0xffffffb9][0xffffffb1]uSsceV[0xffffffe8]~[0xffffffed][0xffffffe3]<[0xffffffa8]k[0xffffffdf]O[0xffffffc0][0xffffffba][0xfffffff6][0xfffffff3][0xc][0xffffff84]k[0xffffffdf][0xffffff9f]N[0xffffffb8][0xfffffff6][0xfffffffb][0xffffff93][0x1d]\[0xffffffab]P$\[0xffffffab][0xffffff81]$\[0xffffffab][0xffffffb0][0xffffffcc]vm[0xffffff84]3[0xffffffd7][0xffffffb5][0x11][0xffffffd1][0xffffff97]\[[0xffffffcc]\[p[0xffffffd7][0x16][0x3][0xffffffd7][0x16][0xffffffd4][0xffffffb5][0x5]smqr[0xffffffed][0xffffff8e]"[0xffffffe5][0xffffffda][0x8]$[0xffffffe5][0xffffffda][0x1d]K[0xffffffc2][0xffffffb5][0x5]vm[0xffffffb9][0xffffffea]Z[0xfffffff1]m[0xffffffc7][0xffffffb3][0x1e][0x13][0xffffffda][0xfffffff3][0xfffffff5]8[0xf][0xffffffec]Z[0xfffffffe][0xffffffdb][0xffffff8e][0xffffff9f]g`\K}[0xffffffdb][0xfffffff1][0xfffffffb][0xffffff93]=\[0xffffffeb][0xfffffff1]mG[\r]$[0xffffffe3]Z[0xfffffffe][0xffffffdb][0xffffff8e][0x11][0xffffffce]l[0xffffffd7]^[0xfffffffe][0xffffffb6][0xffffffe3][0xffffffba][0xffffffa9]}[0x8][0xffffffb5][0xffffff9e][0xffffffd0][0xfffffffe][0xffffffda][0xffffffc7]y`[0xffffffd7][0xfffffff2][0xfffffffb][0x10]>[0xffffffcf][0xffffffc0][0xffffffb8][0xffffff96][0xffffffda][0xffffff87][0xfffffff0][0xfffffffd][0xffffffc9][0x1e][0xffffffae][0xfffffff5][0xffffffd8][0xffffff87][0xffffffa0][0xffffff81]d\[0xffffffcb][0xffffffef]C[0xffffff88]pf[0xffffffbb][0xfffffff6][0xfffffff2]>[0xffffff84][0xffffffb7]?[0xffffff8d][0xffffffef][0x10]X[0xffffffd7][0xffffffd2][0xffffffef][0x10][0xffffff8a][0xffffffc1];[0xffffff84][0x12][0xfffffffe]e-[0x17]g[0xffffffea][0x1d]Bqz[0xffffff87][0x10]Q[0xffffffa4]\[0xffffffeb][0xfffffff2][0xe]!bI[0xffffffb8][0xffffff96]}[0xffffff87][0xffffffb0]#[0xfffffffa][0xffffff82]k[0xffffffab]r[0xffffffed]X[0xffffffd0][0xffffff9e][0xffffffaf][0xffffffc7]y`[0xffffffd7]V[0x3][0xffffffd7][0xffffffd6][0x0]u&[0xffffffce][0x15]smurmD[0xffffff91]q[0xffffffad][0x2][0xffffff92]qm[0xffffffc4]2[0xffffffdf][0xffffffb5];[0xffffff9c][0xffffffd9][0xffffffae][0xffffffdd][0x11]}[0xffffffc1][0xffffffb5]j[0xfffffff7]L[0x5][0x7f][0x1b][0xffffffa3]w[0xffffffcf][0xffffffbc][0xffffff9f][0xffffff80]v-[0xffffffb9]{[0xffffffe6][0xfffffffd][0xffffffe9][0xffffff8c]k[0xffffff8d]v[0xffffffcf]([0x14][0x19][0xffffffd7][0xffffffba][0xffffffec][0xffffff9e]QX[0xffffffe6][0xffffffbb][0xffffff96][0xffffffdd]=[0x13][0x11]}[0xffffffc1][0xffffffb5]j[0xfffffff7]L[0xffffff9d][0xb]{[0xffffff87]@[0xffffffef][0xffffff9e]y?[0x1][0xffffffed]Zr[0xfffffff7][0xffffffcc][0xfffffffb][0xffffffd3][0x19][0xffffffd7][0x1a][0xffffffed][0xffffff9e]Q(2[0xffffffae]u[0xffffffd9]=[0xffffffa3][0xffffffb0][0xffffffcc]w-[0xffffffbb]{&"[0xfffffffa][0xffffff82]k[0xffffffd5][0xffffffee][0xffffff99][0xffffffba][0x1a]4[0xffffffa3][0xfffffffb]8[0xf][0xffffffec]Z~[0xfffffff7][0xffffffcc][0xffffffe7][0x19][0x18][0xffffffd7]R[0xffffffbb]g[0xffffffbe]?[0xffffffd9][0xffffffc3][0xffffffb5][0x1e][0xffffffbb]g4[0xffffff90][0xffffff8c]k[0xfffffff9][0xffffffdd]3[0x11][0xffffffce]l[0xffffffd7]^[0xffffffde]=[0xffffffb3]n[0xffffffa7]pm[0xffffffbb][0xffffffdd][0xffffffa0][0x19][0xffffffdd][0xffffffc7]y`[0xffffffd7][0xffffff9e][0x6][0xffffffae]=[0x3][0xffffffd4][0xffffff99]8[0xffffff9f][0xffffff98]kO'[0xffffffd7]F[0x14][0x19][0xffffffd7]* [0x19][0xffffffd7]F,[0xfffffff3]][0xffffffbb][0xffffffc3][0xffffff99][0xffffffed][0xffffffda][0x1d][0xffffffd1][0x17]\[0xffffffab][0xfffffff6]![0xffffffb4][0xffffffa3]4[0xffffffca][0xffffffb5][0xfffffff4]>[0xffffff84][0xfffffff7][0x13][0xffffffd0][0xffffffae]%[0xfffffff7]![0xffffffbc]?[0xffffff9d]q[0xffffffad][0xffffffd1]>[0x4][0xffffff85]"[0xffffffe3]Z[0xffffff97]}[0x8][\n]"
[DEBUG] http-outgoing-1 << "[0xffffffcb]|[0xffffffd7][0xffffffb2][0xfffffffb][0x10]"[0xffffffa2][0xffffffbf][0xffffffdd][0xffffffb5][0xffffff87][0xffffff9a][0xffffffd1]m'[0xffffffb5][0xffffffbf][0xfffffff6]q[0x1e][0xffffffd6][0xffffffb5][0xffffff87][0xffffffc1][0xffffff8c][0xffffffee][0x11][0xffffff87]![0x13]q>[0xffffffb0][0x19][0xffffffdd]c[0x1f][0xffffff80]$]+PD\+[0xffffff81]D\+[0xffffffb0]Lwm[0xffffff80]3[0xffffffd9][0xffffffb5][0x1][0xffffffd1][0x17]\[0xffffffab][0xffffffe6][0xffffffc6][0xfffffffa][0xffffffed][0xffffffa4][0xffffffee]![0x1c][0xfffffff8][0xffffffdc][0xffffffd8]a07v[0xffffffc4][0x1][0xffffff9d]L[0xffffff9c][0xffffffb1][0xffffffb9][0xffffffb1]c[0x1f][0xffffffca]A]k27&[0xffffff81]d\k07[0x16][0xffffffe0][0xffffffcc]v[0xffffffed][0xfffffff5][0xffffffb9][0xffffffb1][0xfffffffb][0xffffff9f][0xffffffc6][0xfffffffb][0xffffffb5][0xffffffac]k[0xffffffe1][0xfffffffb][0xffffffb5][0xffffff8f][0x13][0xfffffff0][0xffffffae][0x5][0xffffffef][0xffffffd7]>[0xffffff9e]N[0xffffffb9][0xffffffd6][0xffffffe7]~[0xffffffad]@[0xffffff91]r[0xffffffad][0xffffffc9][0xfffffffd]Z[0xffffff81]%[0xffffffe1]Z[0xfffffff4]~m@[0xfffffff4][0x5][0xffffffd7][0xffffffaa][0x19][0xffffffdd]^[0x7]5[0xffffffcb]p[0xffffffe0]3[0xffffffba][0xffffff87][0xffffffc1][0xffffff8c][0xffffffee][0x11][0xffffff87]!3q[0xffffffc6]ft[0xffffff8f]}[0x0][0x12]u[0xffffffad][0xffffffc9][0xffffff8c][0xffffffae][0x4][0xffffff92]q[0xffffffad][0xffffffc1][0xffffff8c]n[0xffffff80]3[0xffffffdb][0xffffffb5][0xffffffd7]gt[0xf]5[0xffffffcb][0xffffffd0][0xffffffd7]I[0xffffffdd]C8[0xfffffff0]Y[0xffffff86][0xffffffc3]`[0xffffff96][0xffffffe1][0xffffff88][0xffffff97][0xffffffc6]3q[0xffffffc6]f[0x19][0xffffff8e][0xfffffffd][0xffffffa2]8[0xffffffea]Z[0xffffff93]Y[0x6][0x9]$[0xffffffe3]Z[0xffffff83]Y[0xffffff86][0x0]g[0xffffffb6]k[0xffffffaf][0xffffffcf]2[0x1c]j[0xffffff96]aT[0xffffffea][0xffffff9b][0xffffffe5][0xffffff8f][0xfffffff3][0xffffffc0][0xffffffae]5[0xffffff98]e8[0xffffffe2][0xffffffa5][0xfffffff1]L[0xffffff9c][0xffffffb1]Y[0xffffff86]c[0xffffffbf]([0xffffff8e][0xffffffba][0xffffffd6]d[0xffffff96]A[0x2][0xffffffc9][0xffffffb8][0xffffffd6]`[0xffffff96]![0xffffffc0][0xffffff99][0xffffffed][0xffffffda][0xffffffeb][0xffffffb3][0xc][0xffffff87][0xffffff9a]e[0x18][0xffffffbd][0xc][0xffffffca][0xffffffb5][0xfffffff8],[0xffffffc3]a0[0xffffffcb]p[0xffffffc4]K[0xffffffe3][0xffffff99]8c[0xffffffb3][0xc][0xffffffc7]~Q[0x1c]u[0xffffffad][0xffffffc9],[0xffffff83][0x4][0xffffff92]q[0xffffffad][0xffffffc1],C[0xffffff80]3[0xffffffdb][0xffffffb5][0xffffffd7]g[0x19][0xffffffde][0xfffffffe][0xffffff9f][0xffffffe8][0xffffffda]s`]{[0xffffffe2][0xffffffae]=[\r]\{[0x6][0xffffffa8]3q>1[0xffffffd7][0xffffff9e]N[0xffffffae][0xffffff8d](2[0xffffffae]U@2[0xffffffae][0xffffff8d]X[0xffffffe6][0xffffffbb]v[0xffffff87]3[0xffffffdb][0xffffffb5];[0xffffffa2]/[0xffffffb8]V[0xffffffcd]2[0xffffff8c][0xffffff85][0xffffffed][0xffffff9e]9[0xfffffff0]Y[0xffffff86][0xffffffc3]`[0xffffff96][0xffffffe1][0xffffff88][0xffffff97][0xffffffc6]3q[0xffffffc6]f[0x19][0xffffff8e][0xfffffffd][0xffffffa2]8[0xffffffea]Z[0xffffff93]Y[0x6][0x9]$[0xffffffe3]Z[0xffffff83]Y[0xffffff86][0x0]g[0xffffffb6]k[0xffffffaf][0xffffffcf]2[0x14]5[0xffffffcb]p[0xffffffde][\n]"
[DEBUG] http-outgoing-1 << "[0xfffffff5][0xffffffdb]X[0xffffffc1]g[0x19][0xffffff8a][0xffffffc1],C[0xffffff89]"
[DEBUG] http-outgoing-1 << "[0xffffff97][0xffffffc6][0x13]q.[0xffffffd8],C[0xffffffd9]/[0xffffff8a][0xffffff93][0xffffffae][0x15]("[0xffffffae][0xffffff95]@"[0xffffffae][0x15]X[0xffffffa6][0xffffffbb]6[0xffffffc0][0xffffff99][0xffffffec][0xffffffda][0xffffff80][0xffffffe8][0xb][0xffffffae]Uw[0xffffffbe][0xffffffce][0xffffffa3]S[0xffffffbb]g[\n]"
[DEBUG] http-outgoing-1 << "~[0xffffffe7][0xffffffab][0x18][0xffffffdc][0xfffffff9]*[0xfffffff1]rM&[0xffffffce][0xffffffd8][0xffffff9d][0xffffffaf][0xffffffb2]_[0xffffffa8]A]kr[0xffffffe7]K[0x2][0xffffffc9][0xffffffb8][0xffffffd6][0xffffffe0][0xffffffce]W[0xffffff80]3[0xffffffdb][0xffffffb5][0xffffffd7][0xffffffef]|[0x15][0xfffffff5]][0x6][0xffffffd6][0xffffffb5][0xfffffff0],C1[0xfffffff8].C[0xffffff89][0xb][0xfffffff0]sq[0xffffff86]f[0x19][0xffffffca][0xffffffbe][0xfffffff4][0x1e]v[0xffffffad][0xffffffc5],[0xffffff83][0x4][0xffffff92]r->[0xffffffcb][0x10][0xffffffe0][0xffffffcc]w[0xffffffed][0xffffffd5]Y[0xffffff86]RU[0xffffffd7][0xffffffb6]N[0xffffffcd]2[0xffffffbc][0xffffff9d][0x7]vm5[0xffffffe8][0xffffffda][0x1a][0x2]"[0x13][0xffffffe7][0xffffff8a]umu[0xffffffea][0xffffffda][0xffffff88]"[0xffffffe3]Z[0x5]$[0xffffffe3][0xffffffda][0xffffff88]e[0xffffffbe]kw8[0xffffffb3]][0xffffffbb]#[0xfffffffa][0xffffff82]k[0xffffff9b][0xffffffea][0xffffffda]1[0xffffffb1][0xffffffae]mx[0xffffffd7]6[0xffffff83][0xffffffae]m! 2qnX[0xffffffd7]6[0xffffffa7][0xffffffae][0xffffff8d](2[0xffffffae]U@2[0xffffffae][0xffffff8d]X[0xffffffe6][0xffffffbb]v[0xffffff87]3[0xffffffdb][0xffffffb5];[0xffffffa2]/[0xffffffb8]V[0xffffffcd]2[0xffffffcc][0xffffffdb][0xffffffe8][0xffffff94]k[0xfffffff1]Y[0xffffff86]b0[0xffffffcb]P[0xffffffe2][0xffffffa5][0xfffffff1]L[0xffffff9c][0xffffffb1]Y[0xffffff86][0xffffffb2]_[0x14]G]k2[0xffffffcb] [0xffffff81]d\k0[0xffffffcb][0x10][0xffffffe0][0xffffffcc]v[0xffffffed][0xfffffff5]Y[0xffffff86][0xffffffa2]f[0x19]fm[0xffffff8b]r->[0xffffffcb]P[0xc]f[0x19]J[0xffffffbc]4[0xffffff9e][0xffffff89]36[0xffffffcb]P[0xfffffff6][0xffffff8b][0xffffffe2][0xffffffa8]kMf[0x19]$[0xffffff90][0xffffff8c]k[\r]f[0x19][0x2][0xffffff9c][0xffffffd9][0xffffffae][0xffffffbd]>[0xffffffcb]PN[0xffffffe5][0xffffffda]Q0[0xffffffd7][0xffffff9e][0xffffffb8]kO[0x3][0xffffffd7][0xffffff9e][0x1][0xffffffea]L[0xffffff9c]O[0xffffffcc][0xffffffb5][0xffffffa7][0xffffff93]k#[0xffffff8a][0xffffff8c]k[0x15][0xffffff90][0xffffff8c]k#[0xffffff96][0xfffffff9][0xffffffae][0xffffffdd][0xffffffe1][0xffffffcc]v[0xffffffed][0xffffff8e][0xffffffe8][0xb][0xffffffae]U[0xffffffb3][0xc][0xffffff93][0xfffffffb][0xffffffde]X[0xffffffc1]g[0x19][0xffffff8a][0xffffffc1],C[0xffffff89][0xffffff97][0xffffffc6]3q[0xffffffc6]f[0x19][0xffffffca]~Q[0x1c]u[0xffffffad][0xffffffc9],[0xffffff83][0x4][0xffffff92]q[0xffffffad][0xffffffc1],C[0xffffff80]3[0xffffffdb][0xffffffb5]?1[0xffffffcb][0xffffffb0][0xffffff84]kW[0xffffffe9][0xffffffd4]>[0xffffff84][0xffffffb7][0xfffffff3][0xffffffc0][0xffffffae]][0x6][0xffffffae]][0x1][0xffffffea]L[0xffffff9c][0x17][0xffffffe6][0xffffffda][0xffffffe5][0xffffffe4][0xffffffda][0xffffff88]"[0xffffffe3]Z[0x5]$[0xffffffe3][0xffffffda][0xffffff88]e[0xffffffbe]kw8[0xffffffb3]][0xffffffbb]#[0xfffffffa][0xffffffdb]][[0xffffffd5][0xffffffdc][0xffffffd8]j[0xffffffb3]A[0xffffffae][0xffffffad][0xfffffff8][0xffffffdc]X5[0xffffff98][0x1b][0xffffffab]q@'[0x11][0xffffffe7][0xffffff8a][0xffffffcd][0xffffff8d][0xffffffd5]}([0xffffff87]t[0xffffffad]@[0x11]q[0xffffffad][0x4][0x12]q[0xffffffad][0xffffffc0]2[0xffffffdd][0xffffffb5][0x1][0xffffffce]d[0xffffffd7][0x6]D_p[0xffffffad][0xfffffffa][0x6][0xffffffce]:[0xffffffb1]w[0x8][0x15][0xffffffff][0x6]N5[0xfffffff8][0x6]N[0xffffff8d][0x1f][0x1b][0xffffffc9][0xffffffc4][0x19][0xfffffffb][0x6]N[0xffffffdd]?0[0xffffff82][0xffffffba][0xffffffd6][0xffffffe4][0x1b]8[0x12]H[0xffffffc6][0xffffffb5][0x6][0xffffffdf][0xffffffc0][0x9]pf[0xffffffbb][0xfffffff6][0xfffffffa]7p[0xffffffaa][0xffffff98][0xffffffd1][0xffffff9d][0xffffffb7][9([0xffffffd7][0xffffffe2]3[0xffffffba][0xffffffd5]`F[0xffffffb7][0xffffffc6]a[0xffffffc8]L[0xffffff9c][0xffffffb1][0x19][0xffffffdd][0xffffffba][0xf]@[0xffffffa2][0xffffffae]5[0xffffff99][0xffffffd1][0xffffff95]@2[0xffffffae]5[0xffffff98][0xffffffd1][\r]pf[0xffffffbb][0xfffffff6][0xfffffffa][0xffffff8c]n[0x15]scw[0xffffffd7]r][0xffffff8b][0xffffffcf][0xffffff8d]U[0xffffff83][0xffffffb9][0xffffffb1][0x1a][0x7]t2q[0xffffffc6][0xffffffe6][0xffffffc6][0xffffffea]>[0xffffff94][0xffffff83][0xffffffba][0xffffffd6]dnL[0x2][0xffffffc9][0xffffffb8][0xffffffd6]`n,[0xffffffc0][0xffffff99][0xffffffed][0xffffffda][0xffffffeb]scU|[0x3][0xffffffe7][0xffffffee][0xffffffda]I[0xffffffed][0xfffffff9][0xffffffaa][0xfffffff8]7p[0xffffffaa][0xffffffc1]7pj[0xfffffffc][0xffffffd8]H&[0xffffffce][0xffffffd8]7p[0xffffffea][0xfffffffe][0xffffff81][0x11][0xffffffd4][0xffffffb5]&[0xffffffdf][0xffffffc0][0xffffff91]@2[0xffffffae]5[0xfffffff8][0x6]N[0xffffff80]3[0xffffffdb][0xffffffb5][0xffffffd7][0xffffffbf][0xffffff81]S[0xffffffc5][0xffffffdc][0xffffffd8][0xffffffbc][0xffffff95][0x1b]u[0xf][0xffffffa1][0xffffffe2]sc[0xffffffd5]`n[0xffffffac][0xffffffc6][0x1][0xffffff9d]L[0xffffff9c][0xffffffb1][0xffffffb9][0xffffffb1][0xffffffba][0xf][0xffffffe5][0xffffffa0][0xffffffae]5[0xffffff99][0x1b][0xffffff93]@2[0xffffffae]5[0xffffff98][0x1b][0xb]pf[0xffffffbb][0xfffffff6][0xfffffffa][0xffffffdc]X[0x15]sc[0xfffffff3][0xffffffd6]+[0xffffffd6][0xffffffb5][0xfffffff8][0xffffffdc]X5[0xffffff98][0x1b][0xffffffab]q@'[0x13]gln[0xffffffac][0xffffffee]C9[0xffffffa8]kM[0xffffffe6][0xffffffc6]$[0xffffff90][0xffffff8c]k[\r][0xffffffe6][0xffffffc6][0x2][0xffffff9c][0xffffffd9][0xffffffae][0xffffffbd]>7VO[0xffffffe5][0xffffffda]y`[0xffffffbf][0xffffff8d][0xffffff9d][0xffffffb8]kO[0x3][0xffffffd7][0xffffff9e][0x1][0xffffffea]L[0xffffff9c]O[0xffffffcc][0xffffffb5][0xffffffa7][0xffffff93]k#[0xffffff8a][0xffffff8c]k[0x15][0xffffff90][0xffffff8c]k#[0xffffff96][0xfffffff9][0xffffffae][0xffffffdd][0xffffffe1][0xffffffcc]v[0xffffffed][0xffffff8e][0xffffffe8][0xb][0xffffffae][0x15]sc[0xfffffff3](7j[0xfffffff7]L[0xffffffc5][0xffffffe7][0xffffffc6][0xffffffaa][0xffffffc1][0xffffffdc]X[0xffffff8d][0x3]:[0xffffff99]8cscu[0x1f][0xffffffca]A]k27&[0xffffff81]d\k07[0x16][0xffffffe0][0xffffffcc]v[0xffffffed][0xfffffff5][0xffffffb9][0xffffffb1][0xfffffffb][0xffffff9f][0x16]3[0xffffffd7][0xffffffc2];[0x15][0x1f]'[0xffffffe0]][0xb][0xffffffee]T|<[0xffffff9d]r[0xffffffad][0xffffffcf]NE[0xffffff81]"[0xffffffe5]Z[0xffffff93][0xffffff9d][0xffffff8a][0x2]K[0xffffffc2][0xffffffb5][0xffffffe8]N[0xffffffc5][0xffffff80][0xffffffe8]K[0xffffffae]mf[0xffffffae]m[0xffffffb8]k[0xffffff9b][0xffffff81]k[0x1b][0xffffffea][0xffffffda][0xffffff86][0xffffffb9][0xffffffb6]9[0xffffffb9]vG[0xffffff91]rm[0x4][0xffffff92]r[0xffffffed][0xffffff8e]%[0xffffffe1][0xffffffda][0x6][0xffffffbb][0xffffffb6]]w[0xffffffed][0xffffffe3][0xffffffdd][0xffffffac][0xffffff93]l[0xffffff8f][0x3][0xffffffb7][0xffffffed][0xfffffffd][0x8][0xffffffbc]n?[0xe]A[0xfffffff9][0xfffffff6][0xfffffffe]xJ[0xffffffb8][0xffffffef][0xffffff8f]v1n[0xffffffe0][0xffffff91]R[0xffffffae][0xffffffa0][0xffffff92]rn`[0xffffff93][0xffffff90][0xffffffee]Fh[0xffffffbe]u7N_[0xffffffd2]n[0xffffffb1]{[0xffffff9f]`[0xfffffff0]B[0xffffffc1][0xffffffe2][0xffffff8d][0x2][0xfffffffc]J[0x1]|[0xffffffa7][0xffffffe0][0xfffffff5]R[0xffffffc1][0xffffffe6][0xffffffad][0xffffff82][0xffffffd1]k[0x5][0xffffff8b][0xfffffff7][\n]"
[DEBUG] http-outgoing-1 << "[0xfffffff8][0xffffff8b][0xffffff85][0xffffff9f]x[0xffffffb3]P[0xffffffbb][0xffffff99]vk[0xffffffc7][0xffffffb5]{?[0x2][0xffffffaf][0xffffffdd][0xffffff8f]CP[0xffffffda][0xffffffbd]?[0xffffff9e][0xffffffd2][0xffffffee][0xfffffffb][0xffffffa3]][0xffffffb4][0x1b]x[0xffffffa4][0xffffffb4]+[0xffffffa8][0xffffffa4][0xffffffb4][0x1b][0xffffffd8]$[0xffffffb4][0xffffffbb][0x11][0xffffff9a][0xffffffaf][0xffffffdd][0xffffff8d][0xffffffd3][0xffffff97][0xffffffb4][0xffffffdb][0xffffffa6][0xffffff99]v[0xffffffdb][0xffffffc4][0xffffffb5]{?[0x2][0xffffffaf][0xffffffdd][0xffffff8f]CP[0xffffffda][0xffffffbd]?[0xffffff9e][0xffffffd2][0xffffffee][0xfffffffb][0xffffffa3]][0xffffffb4][0x1b]x[0xffffffa4][0xffffffb4]+[0xffffffa8][0xffffffa4][0xffffffb4][0x1b][0xffffffd8]$[0xffffffb4][0xffffffbb][0x11][0xffffff9a][0xffffffaf][0xffffffdd][0xffffff8d][0xffffffd3][0xffffff97][0xffffffb4];[0xffffffdc]^2[0xc][0xfffffffe]%[0xffffffc3]px[0xffffffc9]0[0xffffffd8][0xffffff97][0xc][0xffffff83]{[0xffffffc9]0[0xffffffac]^2[0x4][0x1e])[0xffffffed][\n]"
[DEBUG] http-outgoing-1 << "*)[0xffffffed][0x6]6[0x9][0xffffffed][0xe][0xfffffffa]%[0xffffffc3][0xfffffff8][0xffffff89][0xffffff97][0xc][0xffffffd3][0xffffffad]v'_[0xffffffbb][0xffffffd3][0xffffffa1]v'[[0xffffffbb][0xffffff93][0xffffffab][0xffffffdd]iU[0xffffffbb][0xffffff81]GJ[0xffffffbb][0xffffff82]JJ[0xffffffbb][0xffffff81]MB[0xffffffbb][0xffffff93][0xffffffae][0xffffffdd][0xfffffff9][0x13][0xffffffb5][0xffffffbb][0xffffffdc]jw[0xfffffff1][0xffffffb5][0xffffffbb][0x1c]jw[0xffffffb1][0xffffffb5][0xffffffbb][0xffffffb8][0xffffffda]]V[0xffffffb5][0x1b]x[0xffffffa4][0xffffffb4]+[0xffffffa8][0xffffffa4][0xffffffb4][0x1b][0xffffffd8]$[0xffffffb4][0xffffffbb][0xffffffe8][0xffffffda]]?Q[0xffffffbb][0xffffffc7][0xffffffe3][0xb][0xffffffbc]N[0xffffffde][0xffffffbd][0xffffff9f][0x8][0x17][0xffffffef][0xffffffdb][0x19]x[0xfffffff3]~;[0x5][0xffffffa5][0xffffffde][0xffffffb7][0xffffffe7]S[0xffffffee][0xfffffffd]x[0xffffffb6][0xffffff8b]|#[0xffffff94][0xffffff94]}[0x15][0xffffff9a][0xffffff94]~#[0xffffffa0][0xffffff84][0x7f]wL[0xfffffff3][0x5][0xffffffbc][0xffffffc3][0xfffffffa][[0xc]<[0xffffffdf][0xffffffff]X|[0xffffffd2]l[0x1e]c[0xffffffe5][0x7f][0xffffffaa][0xfffffff7][0xfffffff3]<[0xffffff94]}[0xffffffbf][0xffffff9c][0x0]s[0xffffffef]v[0xffffff86]d[0xfffffff3]~yz[0xffffffb2]w[0x7f][0xfffffffd]d[0xffffffd8][0xffffffba]OQLv[0xffffffee][0xf][0xffffff80]L6[0xffffffee]S,[0x13]}[0xfffffffb][0x4][0xffffffce]4[0xffffffdb]>A[0xfffffff4][0xffffffb7][0xffffffbb][0xffffffb6][0xffffff89]O[0xffffff9a][0xffffffcd]c[0xffffffad][0xfffffffc]Ub[0xffffff9f][0xffffffe7]a][0xffffffdb][0xffffffd0]O[0xffffff9a]mg@\[0xffffffdb][0xffffff80]O[0xffffff9a][0xfffffffd][0xfffffffa][0xffffffc9][0x16][0xffffffae][0x15]("[0xffffffae][0xffffff95]@"[0xffffffae][0x15]X[0xffffffa6][0xffffffbb]6[0xffffffc0][0xffffff99][0xffffffec][0xffffffda][0xffffff80][0xffffffe8][0xb][0xffffffae][0x15][0xffffff9f]4[0xffffff9b][0xffffffa5]6[0xffffffcc][0xffffffb5][0xffffffe0]'[0xffffffcd][0xffffffbe][0xffffff9c][0xffffff80]v-[0xfffffff4]I[0xffffffb3]/Og\[0xffffffeb][0xfffffff1]I[0xffffffb3][0xffffffa7](2[0xffffffae]5[0xfffffff8][0xffffffa4][0xffffffd9]S,[0xfffffff3]][0xffffff8b]}[0xffffffd2][0xffffffec][0x9][0xffffffa2]/[0xffffffb8]V}[0xffffffd2][0xffffffac]t`m[0xffffffe3][0xffffffe7]y`[0xffffffd7][0xffffffa2][0xffffff9f]4[0xffffffdb][0xffffffce][0xffffffc0][0xffffffb8][0x16][0xfffffff8][0xffffffa4][0xffffffd9][0xffffffaf][0xffffff9f][0xffffffec][0xffffffe1]Z[0xfffffffc][0xffffff93]f?[0x0][0xffffff92]q-[0xfffffffa]I[0xffffffb3]'pf[0xffffffbb][0xfffffff6][0xffffffca]'[0xffffffcd]>[0xfffffffe]T}[0xffffffd2][0xffffffac][0xffffff9c][0xffffffab]R[0xffffffae][0x5]?i[0xfffffff6][0xffffffe5][0x4][0xffffffb4]k[0xffffffa1]O[0xffffff9a]}y:[0xffffffe3]Z[0xffffff8f]O[0xffffff9a]=E[0xffffff91]q[0xffffffad][0xffffffc1]'[0xffffffcd][0xffffff9e]b[0xffffff99][0xffffffef]Z[0xffffffec][0xffffff93]fO[0x10][0xfffffffd][0xffffffed][0xffffffae][0xffffffed][0xffffffea]}m[0xffffffed]-[0xffffffff]3;[0xffffff9f][0xffffffe7]a][0xffffffdb][\r][0xffffffde][0xffffffd7][0xfffffff6][0xfffffff8]b,[0x11][0xffffffe7][0xffffff8e][0xffffffbd][0xffffffaf][0xffffffed][0xfffffffb][0xffffffcb]0[0xffffffd2][0xffffffb5][0x2]E[0xffffffc4][0xffffffb5][0x12]H[0xffffffc4][0xffffffb5][0x2][0xffffffcb]t[0xffffffd7][0x6]8[0xffffff93]][0x1b][0x10]}[0xffffffc1][0xffffffb5][0xffffffea]}m=[0x7][0xffffffd5][0xffffffb5][0x1d][0x7f]_[0xffffffdb][\r][0xffffffde][0xffffffd7][0xfffffff6][0xfffffff8]b,[0x13]g[0xffffffec]}m[0xffffffdf]_[0xffffff86][0xffffffa1][0xffffffae]5y_+[0xffffff81]d\k[0xfffffff0][0xffffffbe]6[0xffffffc0][0xffffff99][0xffffffed][0xffffffda][0xffffffeb][0xffffffef]k{[0x11][0xffffffeb][0xffffffc8][0xffffffdb]m[0xffffffe6][0xffffffdf][0xffffffb9][0xfffffffd]<[0xf][0xffffffec][0xffffffda]B[0xffffffae]#[0xffffffdf][0xffffffce][0xffffffc0][0xffffffb8][0xffffffb6][0xffffffe4][0xffffffaf]#[0xffffffff][0xfffffff5][0xffffff93]=\[0x1b]Qd\[0xffffffab][0xffffff80]d\[0x1b][0xffffffb1][0xffffffcc]w[0xffffffed][0xe]g[0xffffffb6]kwD_p[0xffffffad]z_[0xffffffdb][0xffffffca][0xffffffc2][0xffffffde]![0xffffffe0][0xffffffef]k[0xffffffbb][0xffffffc1][0xfffffffb][0xffffffda][0x1e]_[0xffffff8c]e[0xffffffe2][0xffffff8c][0xffffffbd][0xffffffaf][0xffffffed][0xfffffffb][0xffffffcb]0[0xffffffd4][0xffffffb5]&[0xffffffef]k%[0xffffff90][0xffffff8c]k[\r][0xffffffde][0xffffffd7][0x6]8[0xffffffb3]][0xfffffffb][0x13][0xffffffef]k[0xffffff9b]r[0xffffffed][0xffffffb8]a[0xffffffef][0x10][0x1a][0xffffffee][0xffffffda]f[0xffffffe0][0xffffffda][0x16][0xffffffa0][0xffffffce][0xffffffc4][0xffffffb9]a[0xffffffae]mN[0xffffffae][0xffffff8d](2[0xffffffae]U@2[0xffffffae][0xffffff8d]X[0xffffffe6][0xffffffbb]v[0xffffff87]3[0xffffffdb][0xffffffb5];[0xffffffa2]/[0xffffffb8][0xffffffb6]+[0xffffffd7]N[0xffffffee]}m[0xffffffc7]][0xffffffdb][\r]\[0xffffffdb][0x3][0xffffffd4][0xffffff99]8w[0xffffffcc][0xffffffb5][0xffffffdd][0xffffffc9][0xffffffb5][0x11]E[0xffffffc6][0xffffffb5][\n]"
[DEBUG] http-outgoing-1 << "H[0xffffffc6][0xffffffb5][0x11][0xffffffcb]|[0xffffffd7][0xffffffee]pf[0xffffffbb]vG[0xfffffff4][0x5][0xffffffd7][0xe][0xfffffff1]I[0xffffffb3]~[0x1c][0xffffffd8][0xfffffffb][0xffffffda][0xffffffc1]}[0xffffffd2][0xffffffec][0xffffffcb][0x9]h[0xffffffd7][0xffffff8e][0xfffffff0][0xffffffed][0xffffffa8]L[0xffffff9c]G[0xfffffffe]'[0xffffffcd]~[0xfffffffd]d[0xf][0xffffffd7]F[0x14][0x19][0xffffffd7]* [0x19][0xffffffd7]F,[0xfffffff3]][0xffffffbb][0xffffffc3][0xffffff99][0xffffffed][0xffffffda][0x1d][0xffffffd1][0x17]\{[0xffffff8a][0xffffffae][0xffffffed][0xffffffed]vR[0xffffffae]=[0xfffffff1][0xffffffae]=[\r][0xffffffba][0xfffffff6][0xc][0x1][0xffffff91][0xffffff89][0xfffffff3][0xffffff89]u[0xffffffed][0xffffffe9][0xffffffd4][0xffffffb5][0x11]E[0xffffffc6][0xffffffb5][\n]"
[DEBUG] http-outgoing-1 << "H[0xffffffc6][0xffffffb5][0x11][0xffffffcb]|[0xffffffd7][0xffffffee]pf[0xffffffbb]vG[0xfffffff4][0x5][0xffffffd7]N[0xffffffe5][0xffffffda]^[0x1a][0xffffffe5][0xffffffda][0xffffff89][0xffffffbb]v[0x1a][0xffffffb8]v[0x6][0xffffffa8]3q[0xffffff9e][0xffffff98]k[0xffffffa7][0xffffff93]k#[0xffffff8a][0xffffff8c]k[0x15][0xffffff90][0xffffff8c]k#[0xffffff96][0xfffffff9][0xffffffae][0xffffffdd][0xffffffe1][0xffffffcc]v[0xffffffed][0xffffff8e][0xffffffe8][0xb][0xffffffae]U{[0xffffffbe]z[0x7f]|[0xffffffe2][0x1]q-[0xffffffbe][0xffffffe7][0xffffffab][0x1b][0xffffffec][0xfffffff9][0xffffffea]q[0xffffffa1]R&[0xffffffce][0xffffffd8][0xffffff9e][0xffffffaf][0xffffffbe]/QB]k[0xffffffb2][0xffffffe7]K[0x2][0xffffffc9][0xffffffb8][0xffffffd6]`[0xffffffcf]W[0xffffff80]3[0xffffffdb][0xffffffb5][0xffffffd7][0xfffffff7]|[\r]57[0xffffffd6][0xffffffc7]1![0xffffffd7][0xe]|nl[0x18][0xffffffcc][0xffffff8d][0xffffff8d]8[0xffffffa0][0xffffff93][0xffffff88][0xfffffff3][0xffffffc0][0xffffffe6][0xffffffc6][0xffffffc6]>[0xffffff94]C[0xffffffba]V[0xffffffa0][0xffffff88][0xffffffb8]V[0x2][0xffffff89][0xffffffb8]V`[0xffffff99][0xffffffee][0xffffffda][0x0]g[0xffffffb2]k[0x3][0xffffffa2]/[0xffffffb8]V[0xffffffcd][0xffffff8d][0xfffffff5][0xffffffd1][0xffffffa9]{[0x8][0x3][0xffffff9f][0x1b][0x1b][0x6]sc#[0xe][0xffffffe8]d[0xffffffe2][0xffffff8c][0xffffffcd][0xffffff8d][0xffffff8d]}([0x7]u[0xffffffad][0xffffffc9][0xffffffdc][0xffffff98][0x4][0xffffff92]q[0xffffffad][0xffffffc1][0xffffffdc]X[0xffffff80]3[0xffffffdb][0xffffffb5][0xffffffd7][0xffffffe7][0xffffffc6][0xffffff86][0xffffffda][0xfffffff3][0xffffffd5][0xffffffcf]A[0xffffffed][\n]"
[DEBUG] http-outgoing-1 << "[0x1f][0xfffffff8][0xffffff9e][0xffffffaf]a[0xffffffb0][0xffffffe7]k[0xffffffc4][0xffffff85]J[0xffffff99]8c{[0xffffffbe][0xffffffc6][0xffffffbe]D[0x9]u[0xffffffad][0xffffffc9][0xffffff9e]/[0x9]$[0xffffffe3]Z[0xffffff83]=_[0x1][0xffffffce]l[0xffffffd7]^[0xffffffdf][0xfffffff3]5[0xffffffd4],[0xffffffc3][0xffffffa8][0xffffff83][0xffffff9a][0x1b][0x1b][0xfffffff8],[0xffffffc3]0[0xffffff98]e[0x18][0xfffffff1][0xffffffd2]x&[0xffffffce][0xffffffd8],[0xffffffc3][0xffffffd8]/[0xffffff8a][0xffffffa3][0xffffffae]5[0xffffff99]e[0xffffff90]@2[0xffffffae]5[0xffffff98]e[0x8]pf[0xffffffbb][0xfffffff6][0xfffffffa],[0xffffffc3][0x18][0xffffffc2][0xffffffb5][0xffffffe7][0xffffffd1][0xffffffa9][0xfffffffd][0xffffffb5]o[0xffffffe7][0xffffff81]];[0xc]\;[0x2][0xffffffd4][0xffffff99]8[0xf][0xffffffcc][0xffffffb5][0xffffffc3][0xffffffc9][0xffffffb5][0x11]E[0xffffffc6][0xffffffb5][\n]"
[DEBUG] http-outgoing-1 << "H[0xffffffc6][0xffffffb5][0x11][0xffffffcb]|[0xffffffd7][0xffffffee]pf[0xffffffbb]vG[0xfffffff4][0x5][0xffffffd7]N[0xffffffe5][0xffffffda][0x13][0xffffffbb]_[0xfffffffb]v[0x1e][0xffffffd8][0xffffffb5][0xffffffd3][0xffffffc0][0xffffffb5]3@[0xffffff9d][0xffffff89][0xfffffff3][0xffffffc4]\;[0xffffff9d]\[0x1b]Qd\[0xffffffab][0xffffff80]d\[0x1b][0xffffffb1][0xffffffcc]w[0xffffffed][0xe]g[0xffffffb6]kwD_p[0xffffffad][0xffffffba][0xfffffff3]5o[0x3][0xffffffbb][0xffffff87][0xffffff80][0xffffffdf][0xfffffff9][0x1a][0x6]w[0xffffffbe]F[0xffffffbc]\[0xffffff93][0xffffff89]3v[0xffffffe7]k[0xffffffec][0x17]jP[0xffffffd7][0xffffff9a][0xffffffdc][0xfffffff9][0xffffff92]@2[0xffffffae]5[0xffffffb8][0xfffffff3][0x15][0xffffffe0][0xffffffcc]v[0xffffffed][0xfffffff5];_[0xffffffa7][0xffffffba][0xfffffff3]5Kk[0xffffff90]kO[0xfffffffc][0xffffffce][0xffffffd7]ip[0xffffffe7][0xffffffeb][0xffffff8c][0xffffff97]k[0x12]q>[0xffffffb1];_[0xffffffe7]~[0xffffffa1][0xffffff86]t[0xffffffad]@[0x11]q[0xffffffad][0x4][0x12]q[0xffffffad][0xffffffc0]2[0xffffffdd][0xffffffb5][0x1][0xffffffce]d[0xffffffd7][0x6]D_p[0xffffffad][0xffffffba][0xfffffff3]5{[0xffffffa3][0xfffffff6]![0xffffff9c][0xfffffff8][0xffffff9d][0xffffffaf][0xffffffd3][0xffffffe0][0xffffffce][0xffffffd7][0x19]/[0xffffffd7]d[0xffffffe2][0xffffff8c][0xffffffdd][0xfffffff9]:[0xfffffff7][0xb]5[0xffffffa8]kM[0xffffffee]|I [0x19][0xffffffd7][0x1a][0xffffffdc][0xfffffff9][\n]"
[DEBUG] http-outgoing-1 << "pf[0xffffffbb][0xfffffff6][0xfffffffa][0xffffff9d][0xffffffaf]S[0xffffffdd][0xfffffff9][0xffffff9a][0xffffffe3][0xffffffa4][0xffffffee]|[0xffffff9d][0xfffffff8][0xffffff9d][0xffffffaf][0xffffffd3][0xffffffe0][0xffffffce][0xffffffd7][0x19]/[0xffffffd7]d[0xffffffe2][0xffffff8c][0xffffffdd][0xfffffff9]:[0xfffffff7][0xb]5[0xffffffa8]kM[0xffffffee]|I [0x19][0xffffffd7][0x1a][0xffffffdc][0xfffffff9][\n]"
[DEBUG] http-outgoing-1 << "pf[0xffffffbb][0xfffffff6][0xfffffffa][0xffffff9d][0xffffffaf]S[0xffffffed][\n]"
[DEBUG] http-outgoing-1 << "[0xffffff9f]g[0xffffffa1]f[0x19]N|W[0xfffffff8]i[0xffffffb0]+[0xfffffffc][0xffffff8c]K[0xffffff99]3q[0xffffffc6]v[0xffffff85][0xffffff9f][0xfffffffb]"f[0xffffffd4][0xffffffb5]&[0xffffffbb][0xffffffc2]%[0xffffff90][0xffffff8c]k[\r]v[0xffffff85][0x7]8[0xffffffb3]]{}W[0xfffffff8][0xffffffa9][0xffffffee][0xffffffd7][0xffffffce][0xfffffff3]q:[0xffffffc4][0xffffffb5][0xfffffff8][0xfffffffd][0xffffffda][0xffffffd3][0xffffffe0]~[0xffffffed][0x19]/2f[0xffffffe2][0xffffff8c][0xffffffdd][0xffffffaf]=[0xfffffff7][0xffffffcb][0xffffff8b][0xffffffa8]kM[0xffffffee][0xffffffd7]J [0x19][0xffffffd7][0x1a][0xffffffdc][0xffffffaf][\r]pf[0xffffffbb][0xfffffff6][0xfffffffa][0xfffffffd][0xffffffda]S[0xffffffed][\n]"
[DEBUG] http-outgoing-1 << "[0xffffff9f][0xffffffe7][0xffffffc2][0xffffffde]![0xffffffe0][0xffffffbb][0xffffffc2]O[0xffffff83]][0xffffffe1]g\[0xffffffca][0xffffff9c][0xffffff89]3[0xffffffb6]+[0xfffffffc][0xffffffdc][0x17]1[0xffffffa3][0xffffffae]5[0xffffffd9][0x15].[0xffffff81]d\k[0xffffffb0]+<[0xffffffc0][0xffffff99][0xffffffed][0xffffffda][0xffffffeb][0xffffffbb][0xffffffc2]O5[0xffffffcb]0[0xffffffd7][\r][0xfffffffb]m[0xc][0xffffff9f]e8[\r]f[0x19][0xffffffce]xi<[0x13]gl[0xffffff96][0xffffffe1][0xffffffdc]/[0xffffff8a][0xffffffa3][0xffffffae]5[0xffffff99]e[0xffffff90]@2[0xffffffae]5[0xffffff98]e[0x8]pf[0xffffffbb][0xfffffff6][0xfffffffa],[0xffffffc3][0xffffffa9]v[0xffffff85][0xffffffaf]rP[0xffffffb3][0xc]'[0xffffffbe]+[0xfffffffc]4[0xffffffd8][0x15]~[0xffffffc6][0xffffffa5][0xffffffcc][0xffffff99]8c[0xffffffbb][0xffffffc2][0xffffffcf]}[0x11]3[0xffffffea]Z[0xffffff93]][0xffffffe1][0x12]H[0xffffffc6][0xffffffb5][0x6][0xffffffbb][0xffffffc2][0x3][0xffffff9c][0xffffffd9][0xffffffae][0xffffffbd][0xffffffbe]+[0xfffffffc][0xffffff9c][0xffffffca][0xffffffb5][\r][0xffffffdb][0xffffffa9][0xfffffff8]v[0x1e][0xffffffd8][0xffffffb5][0xffffffd3][0xffffffc0][0xffffffb5]3@[0xffffff9d][0xffffff89][0xfffffff3][0xffffffc4]\;[0xffffff9d]\[0x1b]Qd\[0xffffffab][0xffffff80]d\[0x1b][0xffffffb1][0xffffffcc]w[0xffffffed][0xe]g[0xffffffb6]kwD_p[0xffffffad][0xffffff9a][0x1b][g[0xffffffc7][0xffffffba][0x16][0xffffff9f][0x1b];[\r][0xffffffe6][0xffffffc6][0xffffffce]8[0xffffffa0][0xffffff93][0xffffff89]367v[0xffffffee]C9[0xffffffa8]kM[0xffffffe6][0xffffffc6]$[0xffffff90][0xffffff8c]k[\r][0xffffffe6][0xffffffc6][0x2][0xffffff9c][0xffffffd9][0xffffffae][0xffffffbd]>76[0xffffffd5][0xffffffdc][0xffffffd8]Z[0xffffffd8]oc[0x13][0xffffff9f][0x1b][0xffffff9b][0x6]sc3[0xe][0xffffffe8]$[0xffffffe2]<[0xffffffb1][0xffffffb9][0xffffffb1][0xffffffb9][0xf][0xffffffe5][0xffffff90][0xffffffae][0x15]("[0xffffffae][0xffffff95]@"[0xffffffae][0x15]X[0xffffffa6][0xffffffbb]6[0xffffffc0][0xffffff99][0xffffffec][0xffffffda][0xffffff80][0xffffffe8][0xb][0xffffffae][0x15]sc[0xffffffeb]Vg[0xffffffa1]\[0xffffff8b][0xffffffcf][0xffffff8d]M[0xffffff83][0xffffffb9][0xffffffb1][0x19][0x7]t2q[0xffffffc6][0xffffffe6][0xffffffc6][0xffffffe6]>[0xffffff94][0xffffff83][0xffffffba][0xffffffd6]dnL[0x2][0xffffffc9][0xffffffb8][0xffffffd6]`n,[0xffffffc0][0xffffff99][0xffffffed][0xffffffda][0xffffffeb]scS[0xffffffcc][0xffffff8d][0xffffffad][0xffffffdb]h[0xffffffd4][0xfffffffe][0xffffffda][0xffffff89][0xffffffcf][0xffffff8d]M[0xffffff83][0xffffffb9][0xffffffb1][0x19][0x7]t2q[0xffffffc6][0xffffffe6][0xffffffc6][0xffffffe6]>[0xffffff94][0xffffff83][0xffffffba][0xffffffd6]dnL[0x2][0xffffffc9][0xffffffb8][0xffffffd6]`n,[0xffffffc0][0xffffff99][0xffffffed][0xffffffda][0xffffffeb]scK[0xffffffcc][0xffffff8d][0xffffffad][0xffffffd2]W[0xffffff83]\[0xffffffbb][0xfffffff0][0xffffffb9][0xffffffb1]e07[0xffffffb6][0xffffffe2][0xffffff80]N"[0xffffffce][0xb][0xffffff9b][0x1b][[0xfffffffb]P[0xe][0xffffffe9]Z[0xffffff81]"[0xffffffe2]Z[0x9]$[0xffffffe2]Z[0xffffff81]e[0xffffffba]k[0x3][0xffffff9c][0xffffffc9][0xffffffae][\r][0xffffff88][0xffffffbe][0xffffffe4][0xffffffda]j[0xffffffe6][0xffffffda][0xffffff8a][0xffffffbb][0xffffffb6][0x1a][0xffffffb8][0xffffffb6][0xffffffa2][0xffffffae][0xffffffad][0xffffff98]k[0xffffffab][0xffffff93]kw[0x14])[0xffffffd7]F )[0xffffffd7][0xffffffee]X[0x12][0xffffffae][0xffffffad][0xffffffb0]k[0xffffffeb]u[0xffffffd7]>[0xffffffee]w9[0xffffffc9][0xfffffff6][0xffffff98][0xffffffb8]m[0xffffffef]G[0xffffffe0]u[0xfffffffb]q[0x8][0xffffffca][0xffffffb7][0xfffffff7][0xffffffc7]S[0xffffffc2]}[0x7f][0xffffffb4][0xffffff8b]q[0x3][0xffffff8f][0xffffff94]r[0x5][0xffffff95][0xffffff94]s[0x3][0xffffff9b][0xffffff84]t7B[0xfffffff3][0xffffffad][0xffffffbb]q[0xfffffffa][0xffffff92]v[0x1f][0xffffffff][0xffffffbb]p[0xffffffd2][0xffffffee][0xfffffffd][0x7f][0xffffff8f][0xffffffb4]v[0xffffffef]G[0xffffffe0][0xffffffb5][0xfffffffb]q[0x8]J[0xffffffbb][0xfffffff7][0xffffffc7]S[0xffffffda]}[0x7f][0xffffffb4][0xffffff8b]v[0x3][0xffffff8f][0xffffff94]v[0x5][0xffffff95][0xffffff94]v[0x3][0xffffff9b][0xffffff84]v7B[0xfffffff3][0xffffffb5][0xffffffbb]q[0xfffffffa][0xffffff92]v{3[0xffffffd3]no[0xffffffb8]v[0xffffffef]G[0xffffffe0][0xffffffb5][0xfffffffb]q[0x8]J[0xffffffbb][0xfffffff7][0xffffffc7]S[0xffffffda]}[0x7f][0xffffffb4][0xffffff8b]v[0x3][0xffffff8f][0xffffff94]v[0x5][0xffffff95][0xffffff94]v[0x3][0xffffff9b][0xffffff84]v7B[0xfffffff3][0xffffffb5][0xffffffbb]q[0xfffffffa][0xffffff92]vO[0xffffffb7]_[0xffffffcf]N[0xfffffffe][0xffffffe7][0xffffffb3][0xfffffffb][0x11]x[0xffffffed]~[0x1c][0xffffff82][0xffffffd2][0xffffffee][0xffffffc9][0xfffffffd][0xffffff82]vZ[0xfffffffd][0xffffff84][0x16]x[0xffffffa4][0xffffffb4]+[0xffffffa8][0xffffffa4][0xffffffb4][0x1b][0xffffffd8]$[0xffffffb4]{[0xffffffd2]?[0xffffffa3][0xffffff9d][0xffffffaf][0xffffffff][0xffffff8e][0xffffffb6][0xffffffde][0xffffffff]V[0xffffffec]NX[0xffffff95][0xffffff98]{[0xfffffff8]<[0xf]%[0xffffffdd]/'[0xffffffc0][0xffffff9c][0xffffffbb][0xffffff9d]!Y[0xffffffb9]_[0xffffff9e][0xffffff9e]l[0xffffffdc]_?[0x19][0x16][0xffffffee]S[0x14][0xffffff93]}[0xfffffffb][0x3] [0xffffff93]u[0xfffffffb][0x14][0xffffffcb]D[0xffffffdb]>[0xffffff81]3M[0xffffffb6]O[0x10]}[0xffffffc1][0xffffffb5]b[0xffffff9e]w[0xffffffb5]6[0xfffffff2][0xffffffe7][0x1e]>[0xffffffcf][0x3][0xffffffbb][0x16][0xffffff9d][0xffffffe7][0xffffffdd][0xffffffce][0xffffffc0][0xffffffb8][0x16][0xffffff98][0xffffffe7][0xfffffffd][0xfffffff5][0xffffff93]=\[0xffffff8b][0xffffffcf][0xfffffff3][0xfffffffe][0x0]H[0xffffffc6][0xffffffb5][0xffffffe8]<[0xffffffef][0x13]8[0xffffffb3]][0xffffffbb]#[0xfffffffa][];n71[0xffffffcf][0xffffffbb]Z/[0xfffffff9][0xffffffbb][0x13]>[0xffffffcf]C[0xffffffba][0xfffffff6][0xffffffe3][0x4][0xffffffa8]k[0xffffffbf][0xffffff9c][0x1]p[0xffffffed][0xffffffc7][0xffffffd3][0x1][0xffffffd7]~>[0xffffffd9][0xffffffc0][0xffffffb5][0x12]E[0xffffffc0][0xffffffb5]O[0xffffff80][0x4]\+[0xffffffb1]Lv[0xffffffad][0xffffff80]3[0xffffffd5][0xffffffb5][0x2][0xffffffd1][0x17]\[0xffffffab][0xffffffe6]y[[0x7f][0xffffffbc][0xffffffce]E\[0xb][0xffffffce][0xfffffff3]~9[0x1][0xffffffed]Zh[0xffffff9e][0xfffffff7][0xffffffcb][0xffffffd3][0x19][0xffffffd7]z[0xffffffcc][0xfffffff3]>E[0xffffff91]q[0xffffffad][0xffffffc1]<[0xffffffef]S,[0xfffffff3]][0xffffff8b][0xffffffcd][0xfffffff3]>A[0xfffffff4][0x5][0xffffffd7][0xffffffaa]y[0xffffffde]6[0xffffffb8][0xffffffae][0x5][0xffffffe7]y[0xffffffbf][0xffffff9c][0xffffff80]v-4[0xffffffcf][0xfffffffb][0xffffffe5][0xffffffe9][0xffffff8c]k=[0xffffffe6]y[0xffffff9f][0xffffffa2][0xffffffc8][0xffffffb8][0xffffffd6]`[0xffffff9e][0xfffffff7])[0xffffff96][0xfffffff9][0xffffffae][0xffffffc5][0xffffffe6]y[0xffffff9f] [0xfffffffa][0xffffff82]k[0xffffffd5]<o;{[0xfffffffe]7[0x1c]>[0xffffffcf][0x3][0xffffffbb][0x16][0xffffff9d][0xffffffe7][0xffffffdd][0xffffffce][0xffffffc0][0xffffffb8][0x16][0xffffff98][0xffffffe7][0xfffffffd][0xfffffff5][0xffffff93]=\[0xffffff8b][0xffffffcf][0xfffffff3][0xfffffffe][0x0]H[0xffffffc6][0xffffffb5][0xffffffe8]<[0xffffffef][0x13]8[0xffffffb3]]{e[0xffffff9e][0xfffffff7][0xffffffe3]O[0xffffffc5]w W[[0xffffff9d][0xffffffb9][0xffffff87][0xfffffff0]~[0x1e][0xffffffd8][0xffffffb5][0xffffffe8]w [0xffffffb7]30[0xffffffae][0x5][0xffffffbe][0x3][0xfffffff9][0xffffffeb]'{[0xffffffb8][0x16][0xffffffff][0xe][0xffffffe4][0xf][0xffffff80]d\[0xffffff8b]~[0x7][0xfffffff2][0x9][0xffffff9c][0xffffffd9][0xffffffae][0xffffffbd][0xfffffff2][0x1d][0xffffffc8][0xffffff8f]?[0x15][0xffffffdf][0xffffff81]\[0xffffffbd],[0xffffffe6][0x1e][0xffffffc2][0xfffffffb]y`[0xffffffd7][0xffffffa2][0xffffffdf][0xffffff81][0xffffffdc][0xffffffce][0xffffffc0][0xffffffb8][0x16][0xfffffff8][0xe][0xffffffe4][0xffffffaf][0xffffff9f][0xffffffec][0xffffffe1]Z[0xfffffffc];[0xffffff90]?[0x0][0xffffff92]q-[0xfffffffa][0x1d][0xffffffc8]'pf[0xffffffbb][0xfffffff6][0xffffffca]w ?[0xfffffffe]T[0xffffffdd][0xffffffaf][0xffffffed]s[0x1e][0xffffff94]k[0xffffffe1][0xfffffffb][0xffffffb5][0x1f]'[0xffffffa0]][0xb][0xffffffde][0xffffffaf][0xfffffffd]x:[0xffffffe3]Z[0xffffff9f][0xfffffffb][0xffffffb5][0x12]E[0xffffffc6][0xffffffb5]&[0xfffffff7]k%[0xffffff96][0xfffffff9][0xffffffae]E[0xffffffef][0xffffffd7][\n]"
[DEBUG] http-outgoing-1 << "D_p[0xffffffed][0x14][0xffffffae][0x1d][0xffffffc7][0xffffffa8][0xffffff94]k'[0xffffffee][0xffffffda]i[0xffffffe0][0xffffffda][0x19][0xffffffa0][0xffffffce][0xffffffc4]yb[0xffffffae][0xffffff9d]N[0xffffffae][0xffffff8d](2[0xffffffae]U@2[0xffffffae][0xffffff8d]X[0xffffffe6][0xffffffbb]v[0xffffff87]3[0xffffffdb][0xffffffb5];[0xffffffa2][0xffffffbf][0xffffffdd][0xffffffb5][0xffffff87]r[0xffffffed],[0xffffffb3]A[0xffffffae]=p[0xffffffd7][0x1e][0x6][0xffffffae]="[0xffffffd4][0xffffff89]8[0x1f][0xffffff98]k[0xffffff8f][0x1d]d[0xffffffd2][0xffffffb5][0x2]E[0xffffffc4][0xffffffb5][0x12]H[0xffffffc4][0xffffffb5][0x2][0xffffffcb]t[0xffffffd7][0x6]8[0xffffff93]][0x1b][0x10]}[0xffffffc9][0xffffffb5][0xffffffcd][0xffffffcc][0xffffffb5][0xffffffd8]>[0xffffff9a]/'[0xffffffe0]][0xffffff8b]l[0xffffffa3][0xfffffff9][0xfffffff2]t[0xffffffca][0xffffffb5][0xe][0xffffffbb]h[0xffffff9e][0xffffffa2]H[0xffffffb9][0x16][0xffffffdf]D[0xfffffff3][0x14]K[0xffffffc2][0xffffffb5][0xffffffd0][0x1e][0xffffff9a]'[0xffffff88][0xfffffffe]v[0xffffffd7][0xffffff96][0xffffffdb]/%[0xffffffba]v[0x15][0xffffffea][0x1e][0xffffffc2][0xffffffdb]yX[0xffffffd7]>N[0x0][0xffffffbb][0xfffffff6][0xfffffffb][0x19][0x10][0xffffffd7]>[0xffffff9e][0xffffff8e][0xffffffb8][0xfffffff6][0xffffffdb][0xffffff93]-\+PD\+[0xffffff81]D\+[0xffffffb0]Lwm[0xffffff80]3[0xffffffd9][0xffffffb5][0x1][0xffffffd1][0x17]\[0xffffffab]f[0x19]V;[0xffffffa9]Y[0xffffff86][0xffffff82][0xffffffcf]2[0x14][0xffffff83]Y[0xffffff86][0x12]/[0xffffff8d]g[0xffffffe2][0xffffff8c][0xffffffcd]2[0xffffff94][0xfffffffd][0xffffffa2]8[0xffffffea]Z[0xffffff93]Y[0x6][0x9]$[0xffffffe3]Z[0xffffff83]Y[0xffffff86][0x0]g[0xffffffb6]k[0xffffffaf][0xffffffcf]2[0x14]5[0xffffffcb][0xffffffb0]f[0xffffffa1]f[0x19][\n]"
[DEBUG] http-outgoing-1 << ">[0xffffffcb]P[0xc]f[0x19]J[0xffffffbc]4[0xffffff9e][0xffffff89]36[0xffffffcb]P[0xfffffff6][0xffffff8b][0xffffffe2][0xffffffa8]kMf[0x19]$[0xffffff90][0xffffff8c]k[\r]f[0x19][0x2][0xffffff9c][0xffffffd9][0xffffffae][0xffffffbd]>[0xffffffcb]P[0xffffffe2],C[0xffffffb9][0xffffffdd]n[0xffffff8b][0xffffffda][0xffffff87]P[0xfffffff0]Y[0xffffff86]b0[0xffffffcb]P[0xffffffe2][0xffffffa5][0xfffffff1]L[0xffffff9c][0xffffffb1]Y[0xffffff86][0xffffffb2]_[0x14]G]k2[0xffffffcb] [0xffffff81]d\k0[0xffffffcb][0x10][0xffffffe0][0xffffffcc]v[0xffffffed][0xfffffff5]Y[0xffffff86]2[0xffffff94]kG[0xffffff9d][0xffffff94]k[0x7][0xffffffee][0xffffffda]a[0xffffffe0][0xffffffda][0x11][0xffffffa0][0xffffffce][0xffffffc4]y`[0xffffffae][0x1d]N[0xffffffae][0xffffff8d](2[0xffffffae]U@2[0xffffffae][0xffffff8d]X[0xffffffe6][0xffffffbb]v[0xffffff87]3[0xffffffdb][0xffffffb5];[0xffffffa2]/[0xffffffb8]6[0xffffffce]2[0xffffffbc][0xffffffb9]vRsc[0x5][0xffffff9f]e([0x6][0xffffffb3][0xc]%^[0x1a][0xffffffcf][0xffffffc4][0x19][0xffffff9b]e([0xfffffffb]Eq[0xffffffd4][0xffffffb5]&[0xffffffb3][0xc][0x12]H[0xffffffc6][0xffffffb5][0x6][0xffffffb3][0xc][0x1][0xffffffce]l[0xffffffd7]^[0xffffff9f]e([0xfffffff1]~[0xffffffed][0xffffffdd][0xffffffb5]'[0xfffffff7][0xffffffbe][0x16][0xffffffbf]_[[0xc][0xffffffee][0xffffffd7][0xffffff96]x[0xffffff91]1[0x13]g[0xffffffec]~m[0xffffffd9]//[0xffffffa2][0xffffffae]5[0xffffffb9]_+[0xffffff81]d\kp[0xffffffbf]6[0xffffffc0][0xffffff99][0xffffffed][0xffffffda][0xffffffeb][0xfffffff7]k[0xffffffcb][0xffffff92][0xffffffae][0xffffffc5]ft[0xffffffdf][0xffffffce][0x3][0xffffffbb]v[0x19][0xffffffb8]v[0x5][0xffffffa8]3q^[0xffffff98]k[0xffffff97][0xffffff93]k#[0xffffff8a][0xffffff8c]k[0x15][0xffffff90][0xffffff8c]k#[0xffffff96][0xfffffff9][0xffffffae][0xffffffdd][0xffffffe1][0xffffffcc]v[0xffffffed][0xffffff8e][0xffffffe8]owmm[0xffffffbf][0xffffffd4][0xffffffe0][0xffffffda]c[0xffffff9d][\r]r[0xffffffed][0xffffffdb]yX[0xffffffd7]>N[0x0][0xffffffbb][0xfffffff6][0xfffffffb][0x19][0x10][0xffffffd7]>[0xffffff9e][0xffffff8e][0xffffffb8][0xfffffff6][0xffffffdb][0xffffff93]-\+PD\+[0xffffff81]D\+[0xffffffb0]Lwm[0xffffff80]3[0xffffffd9][0xffffffb5][0x1][0xffffffd1][0x17]\[0xffffffab]~[0x1b]+[0xfffffffd][0x1c][0xffffff94]k[0xfffffff1][0xffffffdf][0xffffffc6][0xffffffaa][0xffffffc1]oc5[0xfffffffe][0x8][0xffffff91][0xffffff89]3[0xfffffff6][0xffffffdb]X[0xffffffdd][0x7f]x@]k[0xfffffff2][0xffffffdb][0xffffff98][0x4][0xffffff92]q[0xffffffad][0xffffffc1]oc[0x1][0xffffffce]l[0xffffffd7]^[0xffffffff]m[0xffffffac].[0xffffffe1][0xffffffda][0xffffffda]o[0xffffffd4][0xffffffee][0xffffff99][0xffffffb7][0xfffffff3][0xffffffc0][0xffffffae]][0x2][0xffffffed]l[0xffffffa8]W[0xffffff80]:[0x13][0xffffffe7][0xffffff85][0xffffffb9]v9[0xffffffb9]6[0xffffffa2][0xffffffc8][0xffffffb8]V[0x1][0xffffffc9][0xffffffb8]6b[0xffffff99][0xffffffef][0xffffffda][0x1d][0xffffffce]l[0xffffffd7][0xffffffee][0xffffff88][0xfffffffe]v[0xffffffd7][0xffffffb6][0xfffffff8]m[0xffffffc7][0xffffffbb]k[0xffffffc7][0xffffffa0][0xffffffde][0xffffffd7]6[0xfffffffc][0xffffffdb][0xffffff8e][0xffffffcd][0xffffffe0][0xffffffdb][0xffffff8e]-~D/[0x11][0xffffffe7][0xffffff86]}[0xffffffdb][0xffffffb1][0xffffffed][0x1f][0xffffffce]#]+PD\+[0xffffff81]D\+[0xffffffb0]Lwm[0xffffff80]3[0xffffffd9][0xffffffb5][0x1][0xffffffd1][0x17]\[0x1b][0xffffffbf][0xffffffed]xw[0xffffffed]yP3[0xffffffba][\r][0xffffffff][0xffffffb6]c3[0xfffffff8][0xffffffb6]c[0xffffff8b][0x1f][0xffffffd1][0xffffffcb][0xffffffc4][0x19][0xfffffffb][0xffffffb6]c[0xffffffdb]?[0xffffff9c][0xffffff87][0xffffffba][0xffffffd6][0xffffffe4][0xffffffdb][0xffffff8e][0x12]H[0xffffffc6][0xffffffb5][0x6][0xffffffdf]v[0xc]pf[0xffffffbb][0xfffffff6][0xfffffffa][0xffffffb7][0x1d][[0xffffffdc][0xffffff87][0xfffffff0][0xffffffe6][0xffffffda]N[0xffffffcd]24|[0x1f]B3[0xffffffd8][0xffffff87][0xffffffd0][0xffffffe2][0xffffffe0]y&[0xffffffce][0xffffffd8]>[0xffffff84][0xffffffb6][0xf][0xffffff9b][0xffffffa3][0xffffffae]5[0xffffffd9][0xffffff87] [0xffffff81]d\k[0xffffffb0][0xf]![0xffffffc0][0xffffff99][0xffffffed][0xffffffda][0xffffffeb][0xfffffffb][0x10][0xffffff9a][0xffffff9a][0xffffffd1][0xffffffad]sP{[0xffffffbe][0x1a]>[0xffffffa3][0xffffffdb][0xc]ft[[0x1c][0xffffff86][0xffffffcc][0xffffffc4][0x19][0xffffff9b][0xffffffd1]m[0xfffffffb][0x0]$[0xffffffea]Z[0xffffff93][0x19]][0x9]$[0xffffffe3]Z[0xffffff83][0x19][0xffffffdd][0x0]g[0xffffffb6]k[0xffffffaf][0xffffffcf][0xffffffe8][0xffffffb6][0xfffffff8][0xffffffbd][0xffffffb1]rww[0xffffffa5][0xffffffe6][0xffffffc6][0x1a][0xfffffffe][0xffffffbd][0xffffffb1]f[0xfffffff0][0xffffffbd][0xffffffb1][0x16]?[0xffffffec][0xffffff94][0xffffff89]3[0xfffffff6][0xffffffbd][0xffffffb1][0xffffffb6][0x7f][0xffffffcc][0x9]u[0xffffffad][0xffffffc9][0xfffffff7][0xffffffc6]$[0xffffff90][0xffffff8c]k[\r][0xffffffbe]7[0x16][0xffffffe0][0xffffffcc]v[0xffffffed][0xfffffff5][0xffffffef][0xffffff8d][0xffffffdd][0xffffffff]t[0xffffff98][0xffffffb9]v[0xffffffe0][0xffffffae][0x1d][0x6][0xffffffae][0x1d][0xffffffa8]k[0x7][0xffffffe6][0xffffffda][0xffffffe1][0xffffffe4][0xffffffda][0x1d]E[0xffffffca][0xffffffb5][0x11]H[0xffffffca][0xffffffb5];[0xffffff96][0xffffff84]k[0x7][0xffffffec][0xffffffda]q[0xffffffdd][0xffffffb5][0xffffffcb][0xffffffcc][0xffffffb5][0xb]w[0xffffffed]2p[0xffffffed]B][0xffffffbb]0[0xffffffd7].'[0xffffffd7][0xffffffee](R[0xffffffae][0xffffff8d]@R[0xffffffae][0xffffffdd][0xffffffb1]$\[0xffffffbb]`[0xffffffd7][0xffffffae][0xffffffeb][0xffffffae]-[0xffffff87][0xffffff99]l[0xffffffcb][0xffffff81][0xffffffdb][0xfffffff6]~[0x4]^[0xffffffb7][0x1f][0xffffff87][0xffffffa0]|{[0x7f]<%[0xffffffdc][0xfffffff7]G[0xffffffbb][0x18]7[0xfffffff0]H)WPI97[0xffffffb0]IHw#4[0xffffffdf][0xffffffba][0x1b][0xffffffa7]/i[0xffffffb7][0xffffffbb]5n[0xffffffe7]#[0xffffffb7];Tng3[0xffffffb7]s[0xffffff9d][0xffffffdb][0xffffffad]B7[0xfffffff0]HiWPIi7[0xffffffb0]Ih[0xffffffb7][0xffffffd3][0xffffffb1][0xffffffdb][0x7f][0xffffffa2]v[0xffffff8f][7[0xfffffff3][0xffffffee][0xfffffffd]D[0xffffffb8]x[0xffffffdf][0xffffffce][0xffffffc0][0xffffff9b][0xfffffff7][0xffffffdb])([0xfffffff5][0xffffffbe]=[0xffffff9f]r[0xffffffef][0xffffffc7][0xffffffb3]][0xffffffe4][0x1b][0xffffffa1][0xffffffa4][0xffffffec][0xffffffab][0xffffffd0][0xffffffa4][0xfffffff4][0x1b][0x1]%[0xfffffffc][0xffffffbb]c[0xffffff9a]/[0xffffffe0][0x1d][0xffffffd6][0xffffffdf]`[0xffffffe0]r{[0xffffffff]c[0xffffffb5];[0xffffffa1][0xffffffad]#}w[0xffffffc2][0xffffff97][0xfffffff3]@[0xfffffff6][0xfffffffd]z[0x2][0xffffffca][0xffffffbd][0xfffffffb][0x19]r[0xffffffcd][0xfffffffb][0xfffffff5][0xffffffe9][0xffffffb9][0xffffffde][0xffffffdd][0xffffff9e][0xffffffcc]Z[0xfffffff7]9[0xffffff8a][0xffffffb9][0xffffffce][0xfffffffd][0x11][0xffffff90][0xffffffb9][0xffffffc6]}[0xffffff8e]e[0xffffff9e]o[0xffffff9f][0xffffffc1][0xffffff99]e[0xffffffdb]g[0xffffff88][0xffffffbe][0xffffffe0]Z[0xffffffb5][0xffffffeb][0xffffffb6][0xfffffff7][0xffffff95][0xffffffbe];[0xffffffe1][0xffffffcb]y`[0xffffffd7][0xffffff92][0xffffffbb]n[0xfffffff7]30[0xffffffae][0xffffffcd][0xffffffdf]u[0xffffffbb]=[0xffffffd9][0xffffffc3][0xffffffb5][0xfffffff4][0xffffffae][0xffffffdb][0x1f][0x1][0xffffffc9][0xffffffb8][0xffffff96][0xffffffdc]u[0xfffffffb][0xc][0xffffffce]l[0xffffffd7]^[0xffffffd8]u[0xfffffffb][0xffffffed]O[0xffffff97]r[0xffffffed][0xffffffbc][0xffffffa5][0xffffffcf]=|9[0xf][0xffffffec][0xffffffda]e[0xffffffe0][0xffffffda][0x15][0xffffffa0][0xffffffce][0xffffffc4]ya[0xffffffae]]N[0xffffffae][0xffffff8d](2[0xffffffae]U@2[0xffffffae][0xffffff8d]X[0xffffffe6][0xffffffbb]v[0xffffff87]3[0xffffffdb][0xffffffb5];[0xffffffa2][0xffffffbf][0xffffffdd][0xffffffb5][0xfffffffd]&\;[0xffffff8e][0xffffff91][0xffffffbe];[0xffffffe1][0xffffffcb]yX[0xffffffd7]>N[0x0][0xffffffbb][0xfffffff6][0xfffffffb][0x19][0x10][0xffffffd7]>[0xffffff9e][0xffffff8e][0xffffffb8][0xfffffff6][0xffffffdb][0xffffff93]-\+PD\+[0xffffff81]D\+[0xffffffb0]Lwm[0xffffff80]3[0xffffffd9][0xffffffb5][0x1][0xffffffd1][0x17]\[0xffffffab][0xfffffff6][0xffffffd4][0xffffff8c][0xffffffda][0xffffffd2]w[0xffffff82]}9[0xf][0xffffffec]ZrO[0xffffffcd]~[0x6][0xffffffc6][0xffffffb5][0xfffffff9]{j[0xffffffb6]'{[0xffffffb8][0xffffff96][0xffffffde]S[0xfffffff3]# [0x19][0xffffffd7][0xffffff92]{j[0xffffff9e][0xffffffc1][0xffffff99][0xffffffed][0xffffffda][0xb]{j>[0xffffffff][0xffffffb4][0xffffff98][0xffffffb9][0xffffffb6][0xffffffe0][0xffffffae]-[0x6][0xffffffae]-[0xffffffa8]k[0xb][0xffffffe6][0xffffffda][0xffffffe2][0xffffffe4][0xffffffda][0x1d]E[0xffffffca][0xffffffb5][0x11]H[0xffffffca][0xffffffb5];[0xffffff96][0xffffff84]k[0xb][0xffffffec][0xffffffda]r[0xffffffd5][0xffffffb5]jw[0xffffffc2][0xffffff98]3}'[0xffffffd8][0xffffff97][0xfffffff3][0xffffffc0][0xffffffae]%w'[0xffffffec]g`\[0xffffff9b][0xffffffbf];a{[0xffffffb2][0xffffff87]k[0xffffffe9][0xffffffdd][0x9]?[0x2][0xffffff92]q-[0xffffffb9];[0xffffffe1][0x19][0xffffff9c][0xffffffd9][0xffffffae][0xffffffbd][0xffffffb0];[0xffffffe1][0xffffffdb][0xffffff9f][0xffffffaa][0xffffffef][0xffffff9b][0xffffff9f][0xffffffb7][0xffffffde]([0xffffffd7]r[0xffffffdf]7[0xffffffff]z[0x2][0xffffffda][0xffffffb5][0xffffffcc][0xfffffff7][0xffffffcd][0xffffffbf]>[0xffffff9d]q[0xffffffad][0xffffffc5][0xfffffff7][0xffffffcd][0xffffff9f][0xffffffa3][0xffffffc8][0xffffffb8][0xffffff96][0xffffffff][0xffffffbe][0xfffffff9]s,[0xfffffff3]]K}[0xffffffdf][0xfffffffc][0x19][0xffffffa2][0xffffffbf][0xffffffdd][0xffffffb5]C[0xffffffbd][0xffffffaf][0xffffff9d][0xffffffc7][0xffffffa2]\;[0xfffffff0][0xfffffff7][0xffffffb5][0xffffffc3][0xffffffe0]}[0xffffffed][0xffffff88]/[0xffffffc6][0x12]q[0x1e][0xffffffd8][0xfffffffb][0xffffffda][0xffffffb1][0xffffffbf][0xc]#]+PD\+[0xffffff81]D\+[0xffffffb0]Lwm[0xffffff80]3[0xffffffd9][0xffffffb5][0x1][0xffffffd1][0x17]\[[0xffffffc4][0xfffffffb][0xffffffda][0xffffffd9][0x7][0xfffffff5][0xe][0xffffffe1][0xffffffed]<[0xffffffb0]k[0xb][0xffffffff][0xffffffbe][0xfffffff6][0xfffffffb][0x19][0x18][0xffffffd7][0x16][0xffffffea]}[0xffffffed][0xffffffb7]'{[0xffffffb8]6[0xffffffa2][0xffffffc8][0xffffffb8]V[0x1][0xffffffc9][0xffffffb8]6b[0xffffff99][0xffffffef][0xffffffda][0x1d][0xffffffce]l[0xffffffd7][0xffffffee][0xffffff88][0xffffffbe][0xffffffe0]Z[0xfffffff5][0xffffffbe]v[0xffffffb5][0x1b][0xfffffff5][0xffffffdb][0xffffffd8][0xffffffc0][0xffffffdf][0xffffffd7][0xe][0xffffff83][0xfffffff7][0xffffffb5]#[0xffffffbe][0x18][0xffffffcb][0xffffffc4][0x19]{_;[0xfffffff6][0xffffff97]a[0xffffffa8]kM[0xffffffde][0xffffffd7]J [0x19][0xffffffd7][0x1a][0xffffffbc][0xffffffaf][\r]pf[0xffffffbb][0xfffffff6][0xfffffffa][0xfffffffb][0xffffffda][0xffffffa1]ft[0xffffffd7][0xffffff99][0xffffffbf]#[0xffffffe1][0xffffffcb]y`[0xffffffd7][0x1a][0xffffffcc][0xffffffe8][0xffffff8e]8[0xc][0xffffff99][0xffffff89]36[0xffffffa3];[0xfffffff6][0x1]H[0xffffffd4][0xffffffb5]&3[0xffffffba][0x12]H[0xffffffc6][0xffffffb5][0x6]3[0xffffffba][0x1][0xffffffce]l[0xffffffd7]^[0xffffff9f][0xffffffd1][0x1d][0xffffffea][0xffffffb7][0xffffffb1]5[0xffffff8f][0x1b][0xffffffe5]Z[0xfffffffc][0xffffffb7][0xffffffb1]a[0xfffffff0][0xffffffdb][0xffffffd8][0xffffff88]?Bd[0xffffffe2][0xffffff8c][0xfffffffd]66[0xfffffff6][0x1f][0x1e]P[0xffffffd7][0xffffff9a][0xfffffffc]6&[0xffffff81]d\k[0xfffffff0][0xffffffdb]X[0xffffff80]3[0xffffffdb][0xffffffb5]?[0xfffffff1][0xffffffdb][0xffffff98][0xffffffda][0xffffff87][0xffffffb0][0xffffffe6][0xffffffe3]t[0xffffff88]k[0xfffffff1]}[0x8][0xffffffc3]`[0x1f][0xffffffc2][0xffffff88][0xffffff83][0xffffffe7][0xffffff99]8c[0xfffffffb][0x10][0xffffffc6]>l[0xffffff8e][0xffffffba][0xffffffd6]d[0x1f][0xffffff82][0x4][0xffffff92]q[0xffffffad][0xffffffc1]>[0xffffff84][0x0]g[0xffffffb6]k[0xffffffaf][0xffffffef]C[0x18]j[0x1f][0xffffffc2]Z[0x7][0xfffffff6][0xe][0x1][0xffffffdf][0xffffff87]0[0xc][0xfffffff6]![0xffffff8c]8x[0xffffff9e][0xffffff89]3[0xffffffb6][0xf]a[0xffffffec][0xffffffc3][0xffffffe6][0xffffffa8]kM[0xfffffff6]!H [0x19][0xffffffd7][0x1a][0xffffffec]C[0x8]pf[0xffffffbb][0xfffffff6][0xfffffffa]>[0xffffff84][0xfffffff3]&]{R{[0xffffffbe][0xffffffde][0xffffffce][0xffffffc3][0xffffffba][0xfffffff6]q[0x2][0xffffffd8][0xffffffb5][0xffffffdf][0xffffffcf][0xffffff80][0xffffffb8][0xfffffff6][0xfffffff1]t[0xffffffc4][0xffffffb5][0xffffffdf][0xffffff9e]l[0xffffffe1]Z[0xffffff81]"[0xffffffe2]Z[0x9]$[0xffffffe2]Z[0xffffff81]e[0xffffffba]k[0x3][0xffffff9c][0xffffffc9][0xffffffae][\r][0xffffff88][0xffffffbe][0xffffffe0]Zq[0xffffffbf][0xfffffff6][0xffffffb8][0x1d][0xffffff9d][0xffffffda][0xfffffff3]u[0xffffffe2][0xfffffff7]kO[0xffffff83][0xfffffffb][0xffffffb5]g[0xffffffbc][0xffffffc8][0xffffff98][0xffffff89]3v[0xffffffbf][0xfffffff6][0xffffffdc]//[0xffffffa2][0xffffffae]5[0xffffffb9]_+[0xffffff81]d\kp[0xffffffbf]6[0xffffffc0][0xffffff99][0xffffffed][0xffffffda][0xffffffeb][0xfffffff7]k[0xffffffcf][0xffffffa2]\[0xffffffdb]'[0xffffffb5]+[0xfffffffc][0xffffffed]<[0xffffffb0]k[0xffffff8b][0xffffff81]kK[0xffffff80]:[0x13][0xffffffe7][0xffffff82][0xffffffb9][0xffffffb6]8[0xffffffb9]6[0xffffffa2][0xffffffc8][0xffffffb8]V[0x1][0xffffffc9][0xffffffb8]6b[0xffffff99][0xffffffef][0xffffffda][0x1d][0xffffffce]l[0xffffffd7][0xffffffee][0xffffff88][0xffffffbe][0xffffffe0][0xffffffda][0xffffffaa]\{b[0xffffffbb][0xffffffc2][0xffffffdf][0xffffffce][0x3][0xffffffbb][0xffffffb6][0x1a][0xffffffb8][0xffffffb6][0x6][0xffffffa8]3q[0xffffffae][0xffffff98]k[0xffffffab][0xffffff93]k#[0xffffff8a][0xffffff8c]k[0x15][0xffffff90][0xffffff8c]k#[0xffffff96][0xfffffff9][0xffffffae][0xffffffdd][0xffffffe1][0xffffffcc]v[0xffffffed][0xffffff8e][0xffffffe8][0xb][0xffffffae][0x15][0xffffffb3][0xc][0xffffffc7][0xffffffd1][0xffffffb8][0xfffffff7][0xffffffb5][0xfffffff8],[0xffffffc3]i0[0xffffffcb]p[0xffffffc6]K[0xffffffe3][0xffffff99]8c[0xffffffb3][0xc][0xffffffe7]~Q[0x1c]u[0xffffffad][0xffffffc9],[0xffffff83][0x4][0xffffff92]q[0xffffffad][0xffffffc1],C[0xffffff80]3[0xffffffdb][0xffffffb5][0xffffffd7]g[0x19]Nq[0xffffffbf][0xfffffff6][0xfffffffe][0xffffffdf];[0xffffffa8][0x19][0xffffffdd][0x13][0xffffffbf]_{[0x1a][0xffffffdc][0xffffffaf]=[0xffffffe3]E[0xffffffc6]L[0xffffff9c][0xffffffb1][0xfffffffb][0xffffffb5][0xffffffe7]~y[0x11]u[0xffffffad][0xffffffc9][0xfffffffd]Z[0x9]$[0xffffffe3]Z[0xffffff83][0xfffffffb][0xffffffb5][0x1][0xffffffce]l[0xffffffd7]^[0xffffffbf]_{[0xffffff8a][0xfffffffb][0xffffffb5]G[0xffffffe9]G[0xffffffa3]\[0xffffff8b][0xffffffdf][0xffffffaf]=[\r][0xffffffee][0xffffffd7][0xffffff9e][0xfffffff1]"c&[0xffffffce][0xffffffd8][0xfffffffd][0xffffffda]s[0xffffffbf][0xffffffbc][0xffffff88][0xffffffba][0xffffffd6][0xffffffe4]~[0xffffffad][0x4][0xffffff92]q[0xffffffad][0xffffffc1][0xfffffffd][0xffffffda][0x0]g[0xffffffb6]k[0xffffffaf][0xffffffdf][0xffffffaf]=[0xffffffc5][0xfffffffd][0xffffffda][0xffffffa3][0xffffff9c]G[0xffffffa7]\[0xffffff8b][0xffffffdf][0xffffffaf]=[\r][0xffffffee][0xffffffd7][0xffffff9e][0xfffffff1]"c&[0xffffffce][0xffffffd8][0xfffffffd][0xffffffda]s[0xffffffbf][0xffffffbc][0xffffff88][0xffffffba][0xffffffd6][0xffffffe4]~[0xffffffad][0x4][0xffffff92]q[0xffffffad][0xffffffc1][0xfffffffd][0xffffffda][0x0]g[0xffffffb6]k[0xffffffaf][0xffffffdf][0xffffffaf][0xffffff9d]7[0xffffffe1][0xffffffda]z[0xffffffeb][0xffffffd4][0xfffffff7][0xffffffc6][0xffffffde][0xffffffce][0xffffffc3][0xffffffba][0xfffffff6]q[0x2][0xffffffd8][0xffffffb5][0xffffffdf][0xffffffcf][0xffffff80][0xffffffb8][0xfffffff6][0xfffffff1]t[0xffffffc4][0xffffffb5][0xffffffdf][0xffffff9e]l[0xffffffe1]Z[0xffffff81]"[0xffffffe2]Z[0x9]$[0xffffffe2]Z[0xffffff81]e[0xffffffba]k[0x3][0xffffff9c][0xffffffc9][0xffffffae][\r][0xffffff88][0xffffffbe][0xffffffe0]Zu[0xffffffbf][0xffffffb6][0xffffffde][0x16]u[0xffffffbf]v[0xffffffe2][0xfffffff7]k[0xffffffa7][0xffffffc1][0xfffffffd][0xffffffda][0x19]/2f[0xffffffe2][0xffffff8c][0xffffffdd][0xffffffaf][0xffffff9d][0xfffffffb][0xffffffe5]E[0xffffffd4][0xffffffb5]&[0xfffffff7]k%[0xffffff90][0xffffff8c]k[\r][0xffffffee][0xffffffd7][0x6]8[0xffffffb3]]{[0xfffffffd]~[0xffffffed]T[0xfffffff7]k[0xffffffeb]10[0xffffffd7][0xffffffe2][0xfffffff7]k[0xffffffa7][0xffffffc1][0xfffffffd][0xffffffda][0x19]/2f[0xffffffe2][0xffffff8c][0xffffffdd][0xffffffaf][0xffffff9d][0xfffffffb][0xffffffe5]E[0xffffffd4][0xffffffb5]&[0xfffffff7]k%[0xffffff90][0xffffff8c]k[\r][0xffffffee][0xffffffd7][0x6]8[0xffffffb3]]{[0xfffffffd]~[0xffffffed]l[0xffffffca][0xffffffb5]eP[0xfffffffb][0x10][0xffffffde][0xffffffce][0x3][0xffffffbb][0xffffffb6][0x19][0xffffffb8][0xffffffb6][0x5][0xffffffa8]3qn[0xffffff98]k[0xffffff9b][0xffffff93]k#[0xffffff8a][0xffffff8c]k[0x15][0xffffff90][0xffffff8c]k#[0xffffff96][0xfffffff9][0xffffffae][0xffffffdd][0xffffffe1][0xffffffcc]v[0xffffffed][0xffffff8e][0xffffffe8][0xb][0xffffffae][0x15][0xfffffffb]k[0xffffff8f]:'[0xffffffe6]Z|[0x7f][0xffffffed]4[0xffffffd8]_;[0xffffffe3][0xffffffa2][0xffffffd0]L[0xffffff9c][0xffffffb1][0xfffffffd][0xffffffb5]s_[0xe][0xffffff8a][0xffffffba][0xffffffd6]d[0x7f][0xffffffad][0x4][0xffffff92]q[0xffffffad][0xffffffc1][0xfffffffe][0xffffffda][0x0]g[0xffffffb6]k[0xffffffaf][0xffffffef][0xffffffaf][0xffffff9d][0xffffffea]~m;[0xffffffb0][0xfffffffb][0xffffffb5][0x13][0xffffffbf]_;[\r][0xffffffee][0xffffffd7][0xffffffce]x[0xffffff91]1[0x13]g[0xffffffec]~[0xffffffed][0xffffffdc]//[0xffffffa2][0xffffffae]5[0xffffffb9]_+[0xffffff81]d\kp[0xffffffbf]6[0xffffffc0][0xffffff99][0xffffffed][0xffffffda][0xffffffeb][0xfffffff7]k[0xffffffe7][0xffffff8c][0xffffffdf][0x1b];Z[0x7f][0xffffff9c][0xe]q[0xffffffed][0xffffffa4][0xffffffbf]7[0xfffffff6]8[0x1][0xffffffed][0xffffffda][0x19]>[0xffffffec][0xffffff94][0xffffff89][0xfffffff3][0xffffffa4][0xffffffbe]7[0xfffffff6][0xffffffed][0xffffffc9][0x1e][0xffffffae][0xffffff8d](2[0xffffffae]U@2[0xffffffae][0xffffff8d]X[0xffffffe6][0xffffffbb]v[0xffffff87]3[0xffffffdb][0xffffffb5];[0xffffffa2]/[0xffffffb8]V[0xffffffdd][0xffffffaf]m'[0xfffffff7][0xffffffdb][0x18]~[0xffffffbf]v[0x1a][0xffffffdc][0xffffffaf][0xffffff9d][0xfffffff1]"c&[0xffffffce][0xffffffd8][0xfffffffd][0xffffffda][0xffffffb9]_^D]kr[0xffffffbf]V[0x2][0xffffffc9][0xffffffb8][0xffffffd6][0xffffffe0]~m[0xffffff80]3[0xffffffdb][0xffffffb5]?q[0xffffffbf]v[0xfffffffd]R[0xffffffcd]\[q[0xffffffd7]V[0x3][0xffffffd7]V[0xffffffd4][0xffffffb5][0x15]smur[0xffffffed][0xffffff8e]"[0xffffffe5][0xffffffda][0x8]$[0xffffffe5][0xffffffda][0x1d]K[0xffffffc2][0xffffffb5][0x15]vm[0xffffffbd][0xffffffe8][0xffffffda][0xffffffa5][0xffffffee][0xffffffd7][0xfffffff6][0xffffff8a][0xffffffbd][0xffffffaf]][0xfffffff8][0xfffffffd][0xffffffda]ep[0xffffffbf]v[0xffffffc5][0xffffff8b][0xffffff8c][0xffffff89]8/[0xffffffec]~[0xffffffed][0xffffffda]//[0xffffff92][0xffffffae][0x15]("[0xffffffae][0xffffff95]@"[0xffffffae][0x15]X[0xffffffa6][0xffffffbb]6[0xffffffc0][0xffffff99][0xffffffec][0xffffffda][0xffffff80][0xffffffe8][0xb][0xffffffae]U[0xfffffff7]k[0xffffffc7][0xffffff81][0xffffffdd]CX[0xfffffff8][0xfffffffd][0xffffffda]ep[0xffffffbf]v[0xffffffc5][0xffffff8b][0xffffff8c][0xffffff99]8c[0xfffffff7]k[0xffffffd7]~y[0x11]u[0xffffffad][0xffffffc9][0xfffffffd]Z[0x9]$[0xffffffe3]Z[0xffffff83][0xfffffffb][0xffffffb5][0x1][0xffffffce]l[0xffffffd7]^[0xffffffbf]_[0xffffffbb][0xffffffd4][0xfffffffe][0xffffffda][0xffffffd1][0xf]j[0xffffffa7][0xffffffe2][0xffffffc2][0xfffffff7][0xffffffd7].[0xffffff83][0xfffffffd][0xffffffb5]+.[\n]"
[DEBUG] http-outgoing-1 << "[0xffffffcd][0xffffffc4][0x19][0xffffffdb]_[0xffffffbb][0xfffffff6][0xffffffe5][0xffffffa0][0xffffffa8]kM[0xfffffff6][0xffffffd7]J [0x19][0xffffffd7][0x1a][0xffffffec][0xffffffaf][\r]pf[0xffffffbb][0xfffffff6][0xfffffffa][0xfffffffe][0xffffffda][0xffffffa5]f[0x19]F?[0xf][0xffffffca][0xffffffb5][0xfffffff8],[0xffffffc3]2[0xffffff98]eX[0xfffffff1][0xffffffd2]x&[0xffffffce][0xffffffd8],[0xffffffc3][0xffffffda]/[0xffffff8a][0xffffffa3][0xffffffae]5[0xffffff99]e[0xffffff90]@2[0xffffffae]5[0xffffff98]e[0x8]pf[0xffffffbb][0xfffffff6][0xfffffffa],[0xffffffc3]R[0xffffffbb][0xffffffc2][0xffffffc7][0xffffffc0][0xfffffff6]|-|W[0xfffffff8]2[0xffffffd8][0x15][0xffffffbe][0xffffffe2]R[0xffffffe6]L[0xffffff9c][0xffffffb1]][0xffffffe1]k_[0xffffffc4][0xffffff8c][0xffffffba][0xffffffd6]dW[0xffffffb8][0x4][0xffffff92]q[0xffffffad][0xffffffc1][0xffffffae][0xfffffff0][0x0]g[0xffffffb6]k[0xffffffaf][0xffffffef][\n]"
[DEBUG] http-outgoing-1 << "_jnl[0xffffff8c][0xffffff81][0xfffffffd]6[0xffffff86][0xffffffcf][0xffffff8d]-[0xffffff83][0xffffffb9][0xffffffb1][0x15][0x7]t2q[0xffffffc6][0xffffffe6][0xffffffc6][0xffffffd6]>[0xffffff94][0xffffff83][0xffffffba][0xffffffd6]dnL[0x2][0xffffffc9][0xffffffb8][0xffffffd6]`n,[0xffffffc0][0xffffff99][0xffffffed][0xffffffda][0xffffffeb]scK[0xffffffcd][0xffffff8d][0xffffff8d][0xffffffb3]Q[0xffffffdf]v\[0xfffffff8][0xffffffdc][0xffffffd8]2[0xffffff98][0x1b][q@'[0x13]glnl[0xffffffed]C9[0xffffffa8]kM[0xffffffe6][0xffffffc6]$[0xffffff90][0xffffff8c]k[\r][0xffffffe6][0xffffffc6][0x2][0xffffff9c][0xffffffd9][0xffffffae][0xffffffbd]>7[0xffffffb6][0xffffffd4]w[0x19][0xffffffc6][0xffffffba]Q[0xfffffffb]k[0x17][0xfffffffe]][0xffffff86]e[0xfffffff0]][0xffffff86][0x15][0x17][0xffffffe0]g[0xffffffe2][0xffffff8c]}[0xffffff97]a[0xffffffed]K[0xffffffef]Q[0xffffffd7][0xffffff9a]|[0xffffff97]A[0x2][0xffffffc9][0xffffffb8][0xffffffd6][0xffffffe0][0xffffffbb][0xc][0x1][0xffffffce]l[0xffffffd7][0xfffffffe][0xffffff86][0xffffffef]2|[0x3][0xfffffff5][0xfffffff7][0xffffffff][0xfffffffa][0xffffffc7]?[0xfffffffc][0xfffffff3][0xffffff9f][0xffffffff][0xfffffff8][0xffffffb7][0xffffffbf][0xfffffffd][0xfffffffe]o[0xffffffff][0xfffffffa][0xffffffc7]?[0xffffffff][0xffffff99] v;[0xffffff82][0x3][0xffffffba][0xfffffffb][0xffffff91]p[0xffffff86][0xffffffd5][0xffffff81] [0xffffff98][0xfffffff7][0xffffffa3]`T[0xffffff8b][0xffffff83][0xfffffffc]oSB[0xffffff8d]E[0xffffff9e][0x15][c[0xffffffb7][0xfffffff0][0xffffffb1][0xffffffc8]e0[0x16][0xffffffb9][0xffffffe2][0xfffffffc]Y&[0xffffffe0][0xffffffd8]X[0xffffffe4][0xffffffda]g[0xffffffce][0xffffffd0][0xffffff94]0[0x19][0xffffff8b][0xffffff94]@2)a0[0x16][0x19][0xffffffe0][0xffffffcc]N[0xffffff89][0xffffffdf]0[0x16][0xffffff89][0xffffffa5][0xffffff84][0xffffff90]'[0xffffff9b][0x12][0xffffffd2][0xffffffa5]lJ[0x8][0xffffffb5]r)[0x11]LK[0xffffffa5]D[0x10][0xffffffef][0xffffffa5][0xffffff94][0xffffff88][0xffffffdb]l[0xffffffd8][0xffffff94][0xffffff80][0xffffffb7][0xffffffd9]<N[0xffffffc0][0xffffffa7][0x4][0xffffffb8][0xffffffcd][0xffffffe6][0xfffffff1]t*%|[0xffffffb6][0xffffffd9][0x8][0x14][0xffffffa9][0xffffff94]0[0xffffffd9]f#[0xffffffb0]$R[0x2][0xffffffdd]f[0x13][0x10][0xfffffff5]J[0xffffff89] O:%[0xffffff84]K[0xffffffe9][0xffffff94][0x8]j%S[0xffffffa2][0xffffffb8][0xffffffa4]D[0xfffffff9];[0xffffffa4]D7K[0xffffff89][0xffffff8e][0xffffffa7]D7H[0xffffff89][0xffffff8e][0xffffffa6]D[0xffffffc7]R[0xffffffa2];[0xffffffa5][0xffffffc4][0xffffff8e]"[0xffffff95][0x12][0x11]H*%v,[0xffffff89][0xffffff94][0xffffffe8]pJt[0xffffffe3][0xffffff94][0x8][0xfffffff2][0xffffffa4]SB[0xffffffb8][0xffffff94]N[0xffffff89][0xffffffa0]V2%[0xffffffba]KJ[0xfffffff4][0xffffffbf]CJ<v[0xffffffe1]8[0xffffffb5][0xffffffc4]1[0xfffffff1][0xffffff98][0xffffffb8][0x1f][0xffffff81][0xffffffaf][0xffffff89][0xffffff8f]CP9q[0x7f]<[0xffffffd5][0x13][0xffffffef][0xffffff8f]v[0x9][0xffffff8a][0xffffffc0]#U[0x14][0xffffff82]J*)[0x2][0xffffff9b]DSl[0xffffff84][0xffffffe6]G[0xffffffc5][0xffffffc6][0xffffffa9]WUD[0xffffff8d][0xffffffd2]Y[0xffffffa1][0xffffffac]JwE[0xffffff94],[0x19][0x16][0xffffffbb]s[0xffffffb9][0xffffffb2][0xffffffd8][0x15]|)-[0xffffff8a][Z[0x14]>-[0xffffff8a]CZ[0x14]6-[\n]"
[DEBUG] http-outgoing-1 << "[0xffffff97][0x16][0xffffffc5]*-[0x2][0xffffff8f]TZ[0x8]*[0xffffffa9][0xffffffb4][0x8]l[0x12]iQ[0xffffffe8][0xffffffb4]([0xffffffce]i[0x11]5J[0xffffffa7][0xffffff85][0xffffffb2]*[0xffffff9d][0x16]Q[0xffffffb2]dZ[0xffffffec][0xffffffce][0xffffffe5][0xffffffd2]bW[0xfffffff0][0xffffffa5][0xffffffb4][0xffffffa8]n[0xffffffbf][0xffffff80]T[0xfffffffe]'[0xffffff90][0xffffffea][0xfffffff0][0x1b]He[0x7f][0x4][0xffffffa9][0xffffffdc][0xffffffaf] [0xffffffd5][0xffffffea]g[0xffffff90][0xffffffc0]#[0xffffff95][0x16][0xffffff82]J*-[0x2][0xffffff9b]DZT[0xfffffffa][0xffffffa7][0xffffff90][0xffffffea][0xfffffffc][H[0xffffffd4]([0xffffff9d][0x16][0xffffffca][0xffffffaa]tZD[0xffffffc9][0xffffff92]i[0xffffffb1];[0xffffff97]K[0xffffff8b]][0xffffffc1][0xffffff97][0xffffffd2][0xffffffa2][0xf][0xffffffb3][0xffffffb4][0xffffffe8][0x3]O[0xffffff8b][0xfffffffb][0x11][0xfffffff8][0xffffffb4][0xfffffff8]8[0x4][0xffffff95][0x16][0xfffffff7][0xffffffc7]Si[0xfffffff1][0xfffffffe]h[0xffffff97][0xffffffb4][0x8]<Ri![0xffffffa8][0xffffffa4][0xffffffd2]"[0xffffffb0]I[0xffffffa4][0xffffffc5]Fh~Zl[0xffffff9c]z[0xffffffa5]E[0xffffffd4]([0xffffff9d][0x16][0xffffffca][0xffffffaa]tZD[0xffffffc9][0xffffff92]i[0xffffffb1];[0xffffff97]K[0xffffff8b]][0xffffffc1][0xffffff97][0xffffffd2]b[0xffffffb8][0xffffff8d][0xffffff80][0xc]~[0x6]d8[0xc][0xffffff81][0xc]v[\n]"
[DEBUG] http-outgoing-1 << "dpc [0xffffffc3]j[0xe]$[0xfffffff0]H[0xffffffa5][0xffffff85][0xffffffa0][0xffffff92]J[0xffffff8b][0xffffffc0]&[0xffffff91][0x16][0xffffff83][0xffffff9e][0x5][0x19][0xffffffce][0xffffffc3] Q[0xffffffa3]tZ([0xffffffab][0xffffffd2]i[0x11]%K[0xffffffa6][0xffffffc5][0xffffffee]\.-v[0x5]_J[0xffffff8b][0xffffffc7][0xffffffe7][0x8][0xffffff9c][0xffffffd2][0xffffffe2]<[0xfffffff0][0xffffffb4][0xffffffb8][0x1f][0xffffff81]O[0xffffff8b][0xffffff8f]CPiq[0x7f]<[0xffffff95][0x16][0xffffffef][0xffffff8f]vI[0xffffff8b][0xffffffc0]#[0xffffff95][0x16][0xffffff82]J*-[0x2][0xffffff9b]DZl[0xffffff84][0xffffffe6][0xffffffa7][0xffffffc5][0xffffffc6][0xffffffa9]WZD[0xffffff8d][0xffffffd2]i[0xffffffa1][0xffffffac]J[0xffffffa7]E[0xffffff94],[0xffffff99][0x16][0xffffffbb]s[0xffffffb9][0xffffffb4][0xffffffd8][0x15]|)-[0xffffff8e][0xffffffdb]2k[0xffffff8b][0xfffffffb][0xffffff89][0xfffffff0][0xffffffb8]x;[0x3]_[0x17][0xffffffdf]NA[0xffffffe5][0xffffffc5][0xffffffdb][0xfffffff3][0xffffffa9][0xffffffbe][0xfffffff8]x[0xffffffb6]K`D([0xffffffa9][0xffffffc2]PhR[0xffffff89][0x11][0x1]%[0x1a]c[0xffffffc7]4?2vX[0xffffffbd]*C[0x8][0xffffff95][0xffffffce][0xc][0xffffffe9]W[0xffffffba]3[0xffffff84]n[0xffffffc9][0xffffffd0][0x8][0xfffffff6][0xffffffe5]J#[0xffffffc8][0xfffffff8][0xffffff95][0xffffffd4]8[0xffffffde][0xfffffffe])[0xffffffc7][0xffffffed][0xffffffa6][0xffffffb6]m[0xffffffae][0xffffffb9][0xffffffd2]C[0xffffffe3][0xfffffff3]<Tf|9[0x1][0x16][0x19][0xffffffdb][0x19][0xffffff92][0x13][0xffffffe3][0xffffffcb][0xffffffd3][0xffffff93][0x3][0xffffffe3][0xffffffd7]O[0xffffff86][0xfffffff3][0xffffffe2])[0xffffff8a][0xffffffc9]q[0xfffffff1][0x3] [0xffffff93][0xffffffd3][0xffffffe2])[0xffffff96][0xffffff89]a[0xfffffff1][0x4][0xffffffce][0xffffffb4][0xffffffac]x[0xffffff82][0xffffffa8]ET<[0xffffff97]'[0xffffff94][0x14]?r)[0x14][0x14][0xffffffcf][0xffffffd5][\n]"
[DEBUG] http-outgoing-1 << "[0xffffffe4][0xffffffc4]3[0xffffffd3][0xffffffa6][0xffffffc7][0xffffffc4]3[0xfffffff1]^H[0xffffff89]C[0xffffffa4][0xffffffc4]<[0xffffffce][0xfffffffc]o[0xffffffdb]}[0xffffff9e][0x7]N[0xffffff89][0xffffffc3] %[0xffffff8e][0xffffffc8]{"[0xffffffe0][0x7][0xffffff96][0x12][0xffffff87]SJD[0x14][0xffffff99][0xffffff94]P@2)[0x11][0xffffffb1][0xffffffcc]O[0xffffff89][0x1d][0xffffffce][0xffffffec][0xffffff94][0xffffffd8][0x11]uJ[0x9]!O6%[0xffffffa4]K[0xffffffd9][0xffffff94][0x10]j[0xffffffe5]R"[0xffffff98][0xffffff96]J[0xffffff89] [0xffffffde][0xb])QTJ[0xfffffff4][0xffffff95][0xffffffff][0xffffffe9][0xffffffc6][0xffffffcf][0xfffffff3][0xffffffc0])Q[0xc]R[0xffffffa2]D[0xffffffde][0x13][0x1]/XJ[0x14][0xffffffa7][0xffffff94][0xffffff88](2)[0xffffffa1][0xffffff80]dR"b[0xffffff99][0xffffff9f][0x12];[0xffffff9c][0xffffffd9])[0xffffffb1]#[0xffffffea][0xffffff94][0x12]B[0xffffff9e]lJH[0xffffff97][0xffffffb2])![0xffffffd4][0xffffffca][0xffffffa5]D0-[0xffffff95][0x12]A[0xffffffbc][0x17]R[0xffffffa2][0xffffffaa][0xffffff94]8g[0xfffffffe]M[0xffffff8a][0xffffffcf][0xfffffff3][0xffffffc0])Q[\r]R[0xffffffa2]F[0xffffffde][0x13][0x1][0xffffffaf]XJT[0xffffffa7][0xffffff94][0xffffff88](2)[0xffffffa1][0xffffff80]dR"b[0xffffff99][0xffffff9f][0x12];[0xffffff9c][0xffffffd9])[0xffffffb1]#[0xffffffea][0xffffff94][0x12]B[0xffffff9e]lJH[0xffffff97][0xffffffb2])![0xffffffd4][0xffffffca][0xffffffa5]D0-[0xffffff95][0x12]A[0xffffffbc][0xffffff97]R[0xffffffa2][0xffffff9a][0xffffffa5]D[0xffffffc5]S[0xffffffa2][0x1a][0xffffffa4]DES[0xffffffa2]b)Q[0xffffff9d]RbG[0xffffff91]J[0xffffff89][0x8]$[0xffffff95][0x12];[0xffffff96]DJT8%[0xffffffaa]qJ[0x4]y[0xffffffd2])!\J[0xffffffa7]DP+[0xffffff99][0x12][0xffffffd5]%%[0xffffffea]O[0xffffffa7]D[0x13]o%V[0xffffffe9][0xffffff95]J[0xffffff89][0xffffff86][0xffffffbf][0xffffff95]h[0x6]o%ZL[0xffffffe7]D[0xffffffc0][0x1b][0xfffffff6]V[0xffffffa2]9[0xffffffbd][0xffffff95][0xffffff88](2)[0xffffffa1][0xffffff80]dR"b[0xffffff99][0xffffff9f][0x12];[0xffffff9c][0xffffffd9])[0xffffffb1]#[0xffffffea][0xffffff94][0x12]B[0xffffff9e]lJH[0xffffff97][0xffffffb2])![0xffffffd4][0xffffffca][0xffffffa5]D0-[0xffffff95][0x12]A[0xffffffbc][0x17]R[0xffffffa2][0xffffffab][0xffffff94]h[0xffffffed][0xffffffa0]R[0xffffffa2][0xffffffe3])[0xffffffd1][\r]R[0xffffffa2]G[0xffffffde][0x13][0x1][0xffffffef]XJt[0xffffffa7][0xffffff94][0xffffff88](2)[0xffffffa1][0xffffff80]dR"b[0xffffff99][0xffffff9f][0x12];[0xffffff9c][0xffffffd9])[0xffffffb1]#[0xffffffea][0xffffff94][0x12]B[0xffffff9e]lJH[0xffffff97][0xffffffb2])![0xffffffd4][0xffffffca][0xffffffa5]D0-[0xffffff95][0x12]A[0xffffffbc][0xffffff97]R[0xffffffa2][0xffffff98][0xffffffa5][0x4][0xffffffb6]+[0xfffffff3][0xffffffcb][0x9][0xfffffff8][0xffffff94]@6e~y:[0xffffff95][0x12][0xe]{2[0xffffff9f][0xffffffa2]H[0xffffffa5][0x4][0xffffffbe]%[0xfffffff3])[0xffffff96]DJ@;2[0xffffff9f] [0xffffffea][0xffffff95][0x12].[0x1b]2[0x7f][0xffffffe4]R:%[0x1c][0xfffffff6]c>3-[0xffffff97][0x12]?[0xffffffb1][0x1d][0xfffffff3][0xffffffe3][0xffffff9f]1[0xffffffd4][[0xffffff89][0xffffffd9]N*%[0x6][0xfffffffe]Vb[0x18][0xffffffbc][0xffffff95][0x18]1[0xffffff9d][0x13][0x1][0x1f][0xffffffd8][[0xffffff89][0xffffffe1][0xfffffff4]V"[0xffffffa2][0xffffffc8][0xffffffa4][0xffffff84][0x2][0xffffff92]I[0xffffff89][0xffffff88]e~J[0xffffffec]pf[0xffffffa7][0xffffffc4][0xffffff8e][0xffffffa8]SJ[0x8]y[0xffffffb2])!][0xffffffca][0xffffffa6][0xffffff84]P+[0xffffff97][0x12][0xffffffc1][0xffffffb4]TJ[0x4][0xfffffff1]^H[0xffffff89]S[0xffffffa5][0xffffffc4]:[0xffffffb0][0xffffffb7][0x12]'[0xffffff9e][0x12][0xffffffa7]AJ[0xffffff9c][0xffffff91][0xfffffff7]D[0xffffffc0]O,%N[0xffffffa7][0xffffff94][0xffffff88](2)[0xffffffa1][0xffffff80]dR"b[0xffffff99][0xffffff9f][0x12];[0xffffff9c][0xffffffd9])[0xffffffb1]#[0xffffffea][0xffffff94][0x12]B[0xffffff9e]lJH[0xffffff97][0xffffffb2])![0xffffffd4][0xffffffca][0xffffffa5]D0-[0xffffff95][0x12]A[0xffffffbc][0x17]Rb[0xffffffca][0xffffff94][0x18][0xffffffd8][0xffffffb6][0xffffffcb][0xffffff89][0xffffffa7][0xffffffc4]4H[0xffffff89][0x19]yO[0x4]|b)1[0xffffff9d]R"[0xffffffa2][0xffffffc8][0xffffffa4][0xffffff84][0x2][0xffffff92]I[0xffffff89][0xffffff88]e~J[0xffffffec]pf[0xffffffa7][0xffffffc4][0xffffff8e][0xffffffa8]SJ[0x8]y[0xffffffb2])!][0xffffffca][0xffffffa6][0xffffff84]P+[0xffffff97][0x12][0xffffffc1][0xffffffb4]TJ[0x4][0xfffffff1]^H[0xffffff89][0x15]S[0xffffffa2][0xffffffdc]n[0xffffffdc][[0xffffff89][0xffffff85][0xffffffa7][0xffffffc4]2H[0xffffff89][0x15]yO[0x4]|a)[0xffffffb1][0xffffff9c]R""
[DEBUG] http-outgoing-1 << "[0xffffffa2][0xffffffc8][0xffffffa4][0xffffff84][0x2][0xffffff92]I[0xffffff89][0xffffff88]e~J[0xffffffec]pf[0xffffffa7][0xffffffc4][0xffffff8e][0xffffffa8]SJ[0x8]y[0xffffffb2])!][0xffffffca][0xffffffa6][0xffffff84]P+[0xffffff97][0x12][0xffffffc1][0xffffffb4]TJ[0x4][0xfffffff1][0xffffffbe][0xffffff9e][0x12][0xffffffc7][0xffffffa1]R[0xffffffa2]Tj[0xffffffaf][0xffffffc4][0xffffffdb]y[0xffffffd8][0xffffff94]x[0xffffff9c][0x0]N[0xffffff89][0xffffffef]g@R[0xffffffe2][0xfffffff1]t$%[0xffffffbe]=[0xffffffd9]"%[0x4][0xffffff8a]HJH [0xffffff91][0xffffff94][0x10]X[0xffffffa6][0xffffffa7]D[0xffffff80]39%[0x2][0xffffffa2]F)[0xffffffa1][0xffffffe4][0xffffff89][0xffffffa6][0xffffff84]v)[0xffffff9a][0x12]J[0xffffffad]XJD[0xffffffd3]B)[0x11][0xffffffc5]{!%[0xffffffc4]^[0xffffff89]r[[0xffffffb7]F[0xffffffa5][0x4][0xffffffbe]W[0xffffffe2]0[0xffffffd8]+q[0xffffff88][0xffffffe1][0xffffffe7]D[0xffffffc0][0xffffffb1][0xffffffbd][0x12]G[0x18]o&S[0xffffffc2]d[0xffffffaf][0xffffff84][0x4][0xffffff92]I[0x9][0xffffff83][0xffffffbd][0x12][0x1][0xffffffce][0xffffffec][0xffffff94]0[0xffffffde]+[0xffffffa1][0xffffffe4][0xffffffc9][0xffffffa6][0xffffff84][0xffffffdf]^[0x9][0xffffffa5]V.%\[0xfffffff6]JD[0xfffffff1]^H[0x9]1[0xc]Z[0xffffff8e][0xffffffb2]:[0xffffff95][0x12][0xfffffff8]0[0xffffffe8]a0[0xc]z[0xffffff88][0xffffff89][0xffffffa5]D[0xffffffc0][0xffffffb1]a[0xffffffd0]#[0xffffffcc]$[0xffffff91])a2[0xc]*[0xffffff81]dR[0xffffffc2]`[0x18]4[0xffffffc0][0xffffff99][0xffffff9d][0x12][0xffffffc6][0xffffffc3][0xffffffa0]J[0xffffff9e]lJ[0xfffffff8][\r][0xffffff83]*[0xffffffb5]r)[0xffffffe1]2[0xc][0x1a][0xffffffc5]{!%[0xffffffd4]][0xffffff89]2&[0xfffffff5]e[0xffffffd0][0x3][0xffffffbf]+q[0x18][0xffffffdc][0xffffff95]8[0xffffffc4][0xf]z[0xffffff89][0xffffff80]cw%[0xffffff8e][0xfffffff0][0xffffff93][0x1d][0xffffff99][0x12]&w%$[0xffffff90]LJ[0x18][0xffffffdc][0xffffff95][0x8]pf[0xffffffa7][0xffffff84][0xfffffff1]][0x9]%O6%[0xfffffffc][0xffffffee]J([0xffffffb5]r)[0xffffffe1]rW"[0xffffff8a][0xfffffff7][0xfffffff5][0xffffff94](7[0xffffff95][0x12][0xffffffeb]F[0xffffffdd][0xffffff95]x;[0xf][0xffffff9b][0x12][0xffffffe5][0xffffffa6][0xfffffff0][0xffffffcf][0xffffffe5][0xfffffffd][0xfffffffb][0x19][0xffffff90][0xffffff94](7*%[0xffffffbe]=[0xffffffd9]"%[0x4][0xffffff8a]HJH [0xffffff91][0xffffff94][0x10]X[0xffffffa6][0xffffffa7]D[0xffffff80]39%[0x2][0xffffffa2]F)[0xffffffa1][0xffffffe4][0xffffff89][0xffffffa6][0xffffff84]v)[0xffffff9a][0x12]J[0xffffffad]XJD[0xffffffd3]B)[0x11][0xffffffc5]{!%[0xffffffc4]G[0xffffffc6]K[0xffffffad][0xffffffe5]F[0xffffffa5][0x4][0xfffffffe][0xffffff91][0xfffffff1]b[0xfffffff0][0xffffff91][0xfffffff1]"[0xffffffbe][0xffffff84][0xffffff9b][0x8]8[0xfffffff6][0xffffff91][0xfffffff1][0x12][0xffffffbe]uK[0xffffffa6][0xffffff84][0xffffffc9]G[0xffffffc6]%[0xffffff90]LJ[0x18]|d<[0xffffffc0][0xffffff99][0xffffff9d][0x12][0xffffffc6][0x1f][0x19]W[0xfffffff2]dS[0xffffffc2][0xffffffef]#[0xffffffe3]J[0xffffffad]\J[0xffffffb8]|d<[0xffffff8a][0xfffffff7]BJ[0xffffff88][0xffffff8f][0xffffff8c][0xffffffdf]S[0x2][0xfffffffb][0xffffff9c]W[0xffffffc1]?2^[0xc]>2^[0xffffffc4][0xffffff97]p[0x13][0x1][0xffffffc7]>2^[0xffffffc2][0xffffffb7]n[0xffffffc9][0xffffff94]0[0xfffffff9][0xffffffc8][0xffffffb8][0x4][0xffffff92]I[0x9][0xffffff83][0xffffff8f][0xffffff8c][0x7]8[0xffffffb3]S[0xffffffc2][0xfffffff8]#[0xffffffe3]J[0xffffff9e]lJ[0xfffffff8]}d\[0xffffffa9][0xffffff95]K[0x9][0xffffff97][0xffffff8f][0xffffff8c]G[0xfffffff1]^H[0x9]5[0xffffffc1]Q[0xffffffeb][0xffffffc4][0xffffffde]J[0xffffffe0][0x13][0x1c][0xffffffc5]`[0xffffff82][0xffffffa3][0xffffff88]k[0xffffffc6][0xffffff89][0xffffff80]c[0x13][0x1c]%\$&S[0xffffffc2]d[0xffffff82]C[0x2][0xffffffc9][0xffffffa4][0xffffff84][0xffffffc1][0x4]G[0xffffff80]3;%[0xffffff8c]'8[0xffffff94]<[0xffffffd9][0xffffff94][0xfffffff0][0xffffff9b][0xffffffe0]Pj[0xffffffe5]R[0xffffffc2]e[0xffffff82]#[0xffffff8a][0xfffffff7]BJ[0xffffff88]/[0xffffff83][0xffffff96][0xffffffda]*[0xfffffff5][\r][0xffffff8e][0xffffff82][0x7f][0x19][0xffffffb4][0x18]|[0x19][0xffffffb4][0xffffff88][0xffffffcf][0xffffffd7]%[0x2][0xffffff8e]}[0x19][0xffffffb4][0xffffff84][0xf][0xffffffd4][0xffffff91])a[0xfffffff2]eP[0x9]$[0xffffff93][0x12][0x6]_[0x6][\r]pf[0xffffffa7][0xffffff84][0xfffffff1][0xffffff97]A[0xffffff95]<[0xffffffd9][0xffffff94][0xfffffff0][0xfffffffb]2[0xffffffa8]R+[0xffffff97][0x12]._[0x6][0xffffff8d][0xffffffe2][0xffffffbd][0xffffff90][0x12][0xffffffe2]s^[0xffffffa5][0xfffffff6]EMp[0x14][0xfffffffc]s^[0xffffffc5][0xffffffe0]s^E|s&[0x11]p[0xffffffec]s^%|U[0xffffff86]L[0x9][0xffffff93][0xffffffcf]yI [0xffffff99][0xffffff94]0[0xfffffff8][0xffffff9c]W[0xffffff80]3;%[0xffffff8c]?[0xffffffe7][0xffffffa5][0xffffffe4][0xffffffc9][0xffffffa6][0xffffff84][0xffffffdf][0xffffffe7][0xffffffbc][0xffffff94]Z[0xffffffb9][0xffffff94]p[0xfffffff9][0xffffff9c]W[0x14][0xffffffef][0xffffff85][0xffffff94][0x10][0xffffff9f][0xfffffff3]*[0xffffffed][0xffffffd6][0xffffffa9][0xffffffbd][0x12][0x5][0xffffffff][0xffffff9c]W1[0xfffffff8][0xffffff9c]W[0x11][0xffffffdf][0xffffff9c]I[0x4][0x1c][0xfffffffb][0xffffff9c]W[0x9]_[0xffffff95]!S[0xffffffc2][0xffffffe4]s^[0x12]H&%[0xc]>[0xffffffe7][0x15][0xffffffe0][0xffffffcc]N[0x9][0xffffffe3][0xffffffcf]y)y[0xffffffb2])[0xffffffe1][0xfffffff7]9/[0xffffffa5]V.%\>[0xffffffe7][0x15][0xffffffc5]{!%[0xffffffc4][0xffffffe7][0xffffffbc]J+g[0xffffffa3]R[0x2][0xffffffff][0xffffff9c]W1[0xfffffff8][0xffffff9c]W[0x11][0xffffffdf][0xffffff9c]I[0x4][0x1c][0xfffffffb][0xffffff9c]W[0x9]_[0xffffff95]!S[0xffffffc2][0xffffffe4]s^[0x12]H&%[0xc]>[0xffffffe7][0x15][0xffffffe0][0xffffffcc]N[0x9][0xffffffe3][0xffffffcf]y)y[0xffffffb2])[0xffffffe1][0xfffffff7]9/[0xffffffa5]V.%\>[0xffffffe7][0x15][0xffffffc5]{)%[0xffffffe2][0xffffffb6]K6%[0xffffffe0]m[0xffffff97][0xffffff8f][0x13][0xfffffff0])[0x1]n[0xffffffbb]|<[0xffffff9d]J[0x9][0xffffff9f]m[0xffffff97][0x2]E*%L[0xffffffb6]][\n]"
[DEBUG] http-outgoing-1 << ",[0xffffff89][0xffffff94]@[0xffffffb7]][0x6]D[0xffffffbd]R[0xffffffc2]k[0xffffffdb][0xffffffa5]v)[0xffffff9d][0x12]>[0xffffffdb].[0xffffffa3]i[0xffffffb9][0xffffff94][0xfffffff8][0xffffffe9]m[0xffffff97]Em[0xffffffbb]l[0xffffffe7][0xffffff8d][0xfffffffa]2h[0xffffffc1][0xffffffb7]][0x16][0xffffff83]m[0xffffff97]E[0xffffffac]dK[0x4][0x1c][0xffffffdb]vY[0xffffffc2][0xffffffd2]52%L[0xffffffb6]]J [0xffffff99][0xffffff94]0[0xffffffd8]v[0x19][0xffffffe0][0xffffffcc]N[0x9][0xffffffe3]m[0xffffff97]J[0xffffff9e]lJ[0xfffffff8]m[0xffffffbb]Tj[0xffffffe5]R[0xffffffc2]e[0xffffffdb]e[0x14][0xffffffef][0xffffffeb])Q[0xffffffd5][0xffffffb6][0xffffffcb][0xffffffc6]m[0xffffffbb][0xffffffac][0xfffffff8][0xffffffb6][0xffffffcb]j[0xffffffb0][0xffffffed][0xffffffb2][0xffffff8a][0xffffff95]ly[0xffffff80]Wl[0xffffffdb]e[\r]K[0xffffffd7][0xffffffc0][0xffffff94][0x10](")![0xffffff81]DRB`[0xffffff99][0xffffff9e][0x12][0x1][0xffffffce][0xffffffe4][0xffffff94][0x8][0xffffff88][0x1a][0xffffffa5][0xffffff84][0xffffff92]'[0xffffff9a][0x12][0xffffffda][0xffffffa5]hJ([0xffffffb5]b)[0x11]M[0xb][0xffffffa5]D[0x14][0xffffffef][0xffffff85][0xffffff94]P+[0xffffffaa][0xfffffffa][0x1c][0xffffffd4]0h[0xffffffc5]WTU[0xffffff83][0x15]UU[0xffffffec]QI[0x4][0x1c][QU[0xffffffc3][0xffffffa6][0x14]2%LVTI [0xffffff99][0xffffff94]0XQ[0x15][0xffffffe0][0xffffffcc]N[0x9][0xffffffe3][0x15]UJ[0xffffff9e]lJ[0xfffffff8][0xffffffad][0xffffffa8]Rj[0xffffffe5]R[0xffffffc2]eEU[0x14][0xffffffef][0xffffff85][0xffffff94]P+[0xffffffaa][0xffffffc6][0xffffffed][0xffffffc4][0xffffffde]J[0xffffffe0]+[0xffffffaa][0xffffffaa][0xffffffc1][0xffffff8a][0xffffffaa]*[0xfffffff6][0xffffffa8]$[0x2][0xffffff8e][0xffffffad][0xffffffa8][0xffffffaa]aS[\n]"
[DEBUG] http-outgoing-1 << "[0xffffff99][0x12]&+[0xffffffaa]$[0xffffff90]LJ[0x18][0xffffffac][0xffffffa8][\n]"
[DEBUG] http-outgoing-1 << "pf[0xffffffa7][0xffffff84][0xfffffff1][0xffffff8a]*%O6%[0xfffffffc]VT)[0xffffffb5]r)[0xffffffe1][0xffffffb2][0xffffffa2]*[0xffffff8a][0xfffffff7]BJ[0xffffffa8][0xffffffbd][0x12][0xffffffa3]c+[0xffffffaa]*[0xffffffbe]W[0xffffffa2][0x1a][0xffffffec][0xffffff95][0xffffffa8]b[0xfffffff8]9[0x11]pl[0xffffffaf]D[\r][0xffffffe3][0xffffffcd]dJ[0xffffff98][0xffffffec][0xffffff95][0xffffff90]@2)a[0xffffffb0]W"[0xffffffc0][0xffffff99][0xffffff9d][0x12][0xffffffc6]{%[0xffffff94]<[0xffffffd9][0xffffff94][0xfffffff0][0xffffffdb]+[0xffffffa1][0xffffffd4][0xffffffca][0xffffffa5][0xffffff84][0xffffffcb]^[0xffffff89]([0xffffffde][0xb])[0xffffffa1][0xfffffff6]J[0xffffff8c][0xffffffd1][0x1a][0xffffff95][0x12][0xfffffff8]^[0xffffff89]j[0xffffffb0]W[0xffffffa2][0xffffff8a][0xffffffe1][0xffffffe7]D[0xffffffc0][0xffffffb1][0xffffffbd][0x12]5[0xffffff8c]7[0xffffff93])a[0xffffffb2]WB[0x2][0xffffffc9][0xffffffa4][0xffffff84][0xffffffc1]^[0xffffff89][0x0]gvJ[0x18][0xffffffef][0xffffff95]P[0xfffffff2]dS[0xffffffc2]o[0xffffffaf][0xffffff84]R+[0xffffff97][0x12].{%[0xffffffa2]x/[0xffffffa4][0xffffff84][0xffffff9a][0xffffffe0]8[0xffffff8f]I}[0xffffffce][0xffffffab][0xffffffe2][0x13][0x1c][0xffffffd5]`[0xffffff82][0xffffffa3][0xffffff8a]k[0xffffffc6][0xffffff89][0xffffff80]c[0x13][0x1c]5\$&S[0xffffffc2]d[0xffffff82]C[0x2][0xffffffc9][0xffffffa4][0xffffff84][0xffffffc1][0x4]G[0xffffff80]3;%[0xffffff8c]'8[0xffffff94]<[0xffffffd9][0xffffff94][0xfffffff0][0xffffff9b][0xffffffe0]Pj[0xffffffe5]R[0xffffffc2]e[0xffffff82]#[0xffffff8a][0xfffffff7][0xfffffff5][0xffffff94]hj[0xffffff82][0xffffffe3][0xffffffac]}@)[0xffffffd1][0xfffffff0][0x9][0xffffff8e]f0[0xffffffc1][0xffffffd1][0xffffffc4]5[0xffffffe3]<[0xffffffc0][0x1b]6[0xffffffc1][0xffffffd1][0xffffffc2]Eb0%[0x4][0xffffff8a]HJH [0xffffff91][0xffffff94][0x10]X[0xffffffa6][0xffffffa7]D[0xffffff80]39%[0x2][0xffffffa2]F)[0xffffffa1][0xffffffe4][0xffffff89][0xffffffa6][0xffffff84]v)[0xffffff9a][0x12]J[0xffffffad]XJD[0xffffffd3]B)[0x11][0xffffffc5]{!%[0xe][0xffffff95][0x12]g[0xffffffa7][0xffffffbe][0xffffffc1][0xfffffff1]v[0x1e]8%[0xe][0xffffff83][0xffffff94]8"[0xffffffef][0xffffff89][0xffffff80][0x1f]XJ[0x1c]N)[0x11]QdRB[0x1][0xffffffc9][0xffffffa4]D[0xffffffc4]2?%v8[0xffffffb3]SbG[0xffffffd4])%[0xffffff84]<[0xffffffd9][0xffffff94][0xffffff90].eSB[0xffffffa8][0xffffff95]K[0xffffff89]`Z*%[0xffffff82]x/[0xffffffa4]DQ)[0xffffffb1][0xfffffffa][0xffffffa2]R[0xffffffa2][0xffffffe0])Q[0xc]R[0xffffffa2]D[0xffffffde][0x13][0x1]/XJ[0x14][0xffffffa7][0xffffff94][0xffffff88](2)[0xffffffa1][0xffffff80]dR"b[0xffffff99][0xffffff9f][0x12];[0xffffff9c][0xffffffd9])[0xffffffb1]#[0xffffffea][0xffffff94][0x12]B[0xffffff9e]lJH[0xffffff97][0xffffffb2])![0xffffffd4][0xffffffca][0xffffffa5]D0-[0xffffff95][0x12]A[0xffffffbc][0x17]RB[0xffffffed][0xffffff95][0xffffff98][0xffffffa5]S[0xffffffc3][0xffffffa0][\r][0xffffffdf]+[0xffffffd1][0xc][0xfffffff6]J41[0xfffffffc][0xffffff9c][0x8]8[0xffffffb6]W[0xffffffa2][0xffffff85][0xfffffff1]f2%L[0xfffffff6]JH [0xffffff99][0xffffff94]0[0xffffffd8]+[0x11][0xffffffe0][0xffffffcc]N[0x9][0xffffffe3][0xffffffbd][0x12]J[0xffffff9e]lJ[0xfffffff8][0xffffffed][0xffffff95]Pj[0xffffffe5]R[0xffffffc2]e[0xffffffaf]D[0x14][0xffffffef][0xffffff85][0xffffff94]P{%fk[0xffffffd4][0xffffffe2][0xffffffec][0xffffff86][0xffffffef][0xffffff95]h[0x6]{%[0xffffff9a][0x18]~N[0x4][0x1c][0xffffffdb]+[0xffffffd1][0xffffffc2]x3[0xffffff99][0x12]&{%$[0xffffff90]LJ[0x18][0xffffffec][0xffffff95][0x8]pf[0xffffffa7][0xffffff84][0xfffffff1]^[0x9]%O6%[0xfffffffc][0xfffffff6]J([0xffffffb5]r)[0xffffffe1][0xffffffb2]W"[0xffffff8a][0xfffffff7]BJt[0xffffff95][0x12][0xffffffa3]bo%:[0xffffff9e][0x12][0xffffffdd] %z[0xffffffe4]=[0x11][0xfffffff0][0xffffff8e][0xffffffa5]DwJ[0xffffff89][0xffffff88]"[0xffffff93][0x12][\n]"
[DEBUG] http-outgoing-1 << "H&%"[0xffffff96][0xfffffff9])[0xffffffb1][0xffffffc3][0xffffff99][0xffffff9d][0x12];[0xffffffa2]N)![0xffffffe4][0xffffffc9][0xffffffa6][0xffffff84]t)[0xffffff9b][0x12]B[0xffffffad]\J[0x4][0xffffffd3]R)[0x11][0xffffffc4]{!%[0xffffffd4][0xffffff8a][0xffffffaa]y[0xffffff9e][0xffffff9d]J[0x9]|EU3XQ[0xffffffd5][0xffffffc4][0x1e][0xffffff95]D[0xffffffc0][0xffffffb1][0x15]U-lJ!S[0xffffffc2]dE[0xffffff95][0x4][0xffffff92]I[0x9][0xffffff83][0x15]U[0x1][0xffffffce][0xffffffec][0xffffff94]0^Q[0xffffffa5][0xffffffe4][0xffffffc9][0xffffffa6][0xffffff84][0xffffffdf][0xffffff8a]*[0xffffffa5]V.%\VTE[0xfffffff1]^H[0x9][0xffffffb5][0xffffffa2]j[0xffffffae][0x3]{+[0xffffff81][0xffffffaf][0xffffffa8]j[0x6]+[0xffffffaa][0xffffff9a][0xffffffd8][0xffffffa3][0xffffff92][0x8]8[0xffffffb6][0xffffffa2][0xffffffaa][0xffffff85]M)dJ[0xffffff98][0xffffffac][0xffffffa8][0xffffff92]@2)a[0xffffffb0][0xffffffa2]*[0xffffffc0][0xffffff99][0xffffff9d][0x12][0xffffffc6]+[0xffffffaa][0xffffff94]<[0xffffffd9][0xffffff94][0xfffffff0][Q[0xffffffa5][0xffffffd4][0xffffffca][0xffffffa5][0xffffff84][0xffffffcb][0xffffff8a][0xffffffaa]([0xffffffde][0xb])1eJ<[0xffffff8e][0xffffff89][0xffffffa4][0xffffffc4][0xffffffc4]Sb[0x1a][0xffffffa4][0xffffffc4][0xffffff8c][0xffffffbc]'[0x2]>[0xffffffb1][0xffffff94][0xffffff98]N)[0x11]QdRB[0x1][0xffffffc9][0xffffffa4]D[0xffffffc4]2?%v8[0xffffffb3]SbG[0xffffffd4])%[0xffffff84]<[0xffffffd9][0xffffff94][0xffffff90].eSB[0xffffffa8][0xffffff95]K[0xffffff89]`Z*%[0xffffff82]x_O[0xffffff89][0xffffffae]VT[0xffffffad][0xffffffdb]y[0xffffff83]R[0xffffffa2][0xffffffe3]+[0xffffffaa][0xffffffba][0xffffffc1][0xffffff8a][0xffffffaa].[0xfffffff6][0xffffffa8][0xffffffe4][0x1][0xffffffde][0xffffffb1][0x15]U=lJ[0x1]SB[0xffffffa0][0xffffff88][0xffffffa4][0xffffff84][0x4][0x12]I[0x9][0xffffff81]ezJ[0x4]8[0xffffff93]S" j[0xffffff94][0x12]J[0xffffff9e]hJh[0xffffff97][0xffffffa2])[0xffffffa1][0xffffffd4][0xffffff8a][0xffffffa5]D4-[0xffffff94][0x12]Q[0xffffffbc][0x17]RB[0xffffffed][0xffffff95]X[0xfffffff5]F}[0xffffffce][0xffffffab][0xffffffe3]{%[0xffffffba][0xffffffc1]^[0xffffff89].[0xffffff86][0xffffff9f][0x13][0x1][0xffffffc7][0xfffffff6]J[0xfffffff4]0[0xffffffde]L[0xffffffa6][0xffffff84][0xffffffc9]^[0x9][0x9]$[0xffffff93][0x12][0x6]{%[0x2][0xffffff9c][0xffffffd9])a[0xffffffbc]WB[0xffffffc9][0xffffff93]M[0x9][0xffffffbf][0xffffffbd][0x12]J[0xffffffad]\J[0xffffffb8][0xffffffec][0xffffff95][0xffffff88][0xffffffe2][0xffffffbd][0xffffff90][0x12]j[0x18]t[0xffffffcd][0xffffff93][0x1a][0x6][0xffffffed][0xfffffff8]0h7[0x18][0x6][0xffffffed]bb)[0x11]pl[0x18][0xffffffb4][0xffffff87][0xffffff99]$2%L[0xffffff86]A%[0xffffff90]LJ[0x18][0xc][0xffffff83][0x6]8[0xffffffb3]S[0xffffffc2]x[0x18]T[0xffffffc9][0xffffff93]M[0x9][0xffffffbf]aP[0xffffffa5]V.%\[0xffffff86]A[0xffffffa3]x/[0xffffffa4][0xffffff84][0xffffff98][0xffffffe0][0xffffffa8][0xffffffb7]~[0xffffffc3]R[0x2][0xffffff9f][0xffffffe0][0xffffffe8][0x6][0x13][0x1c]]\3N[0x4][0x1c][0xffffff9b][0xffffffe0][0xffffffe8][0xffffffe1]"1[0xffffff99][0x12]&[0x13][0x1c][0x12]H&%[0xc]&8[0x2][0xffffff9c][0xffffffd9])a<[0xffffffc1][0xffffffa1][0xffffffe4][0xffffffc9][0xffffffa6][0xffffff84][0xffffffdf][0x4][0xffffff87]R+[0xffffff97][0x12].[0x13][0x1c]Q[0xffffffbc][0xffffff97]R[0xffffffa2][0xffffff98][0xffffffa5]D[0xffffffc1]S[0xffffffa2][0x18][0xffffffa4]DAS[0xffffffa2]`)Q[0xffffff9c]RbG[0xffffff91]J[0xffffff89][0x8]$[0xffffff95][0x12];[0xffffff96]DJ[0x14]8%[0xffffff8a]qJ[0x4]y[0xffffffd2])!\J[0xffffffa7]DP+[0xffffff99][0x12][0xffffffc5]%%[0xffffffca][0xffffffcf][0xffffffa6][0xffffffc4]Po%[0xffffffca]X[0xffffffd4]^[0xffffff89][0xffffff81][0xffffffbf][0xffffff95][0x18][0x6]o%[0xffffff86]H[0xffffffe7]<[0xffffffc0][0x7][0xfffffff6]Vb[0xffffff84]8[0x6]SB[0xffffffa0][0xffffff88][0xffffffa4][0xffffff84][0x4][0x12]I[0x9][0xffffff81]ezJ[0x4]8[0xffffff93]S" j[0xffffff94][0x12]J[0xffffff9e]hJh[0xffffff97][0xffffffa2])[0xffffffa1][0xffffffd4][0xffffff8a][0xffffffa5]D4-[0xffffff94][0x12]Q[0xffffffbc][0x17]RB[0xffffffec][0xffffff95][0xffffffa8][0xfffffff5][0xffffffc0][0xffffffae]][0xe]|[0xffffffaf][0xffffffc4]0[0xffffffd8]+1[0xffffffc4][0xfffffff0]s"[0xffffffe0][0xffffffd8]^[0xffffff89][0x11][0xffffffc6][0xffffff9b][0xffffffc9][0xffffff94]0[0xffffffd9]+![0xffffff81]dR[0xffffffc2]`[0xffffffaf]D[0xffffff80]3;%[0xffffff8c][0xfffffff7]J(y[0xffffffb2])[0xffffffe1][0xffffffb7]WB[0xffffffa9][0xffffff95]K[0x9][0xffffff97][0xffffffbd][0x12]Q[0xffffffbc][0xffffff97]R"[0xfffffffe][0xffffffc0][0xffffffc1][0xffffffa6][0x4][0xfffffffc][0x3][0xffffffc7][0xffffffe3][0x4]|J[0xffffff80]?p<[0xffffff9e]N[0xffffffa5][0xffffff84][0xffffffcf][0xf][0x1c][0x2]E*%L~[0xffffffe0][0x10]X[0x12])[0xffffff81][0xfffffffe][0xffffffc0][0x11][0x10][0xfffffff5]J[0x9][0xffffffaf][0x1f]8[0xffffffb4]K[0xffffffe9][0xffffff94][0xfffffff0][0xfffffff9][0xffffff81]#[0xffffff9a][0xffffff96]K[0xffffff89][0xffffff9f][0xffffffff][0xffffff81][0xffffffe3][0xfffffffc]e[0xffffff9a][0xffffffa5][0xffffffc4][0xffffffc4]Sb[0x1a][0xffffffa4][0xffffffc4]DSbb)1[0xffffff9d]RbG[0xffffff91]J[0xffffff89][0x8]$[0xffffff95][0x12];[0xffffff96]DJL8%[0xffffffa6]qJ[0x4]y[0xffffffd2])!\J[0xffffffa7]DP+[0xffffff99][0x12][0xffffffd3]%%[0xffffffe6][0xffffffdf]!%[0xffffff8e]a[0xffffffd6][0x12][0xffffffc7][0xffffffc0]c[0xffffffe2]~[0x4][0xffffffbe]&>[0xe]A[0xffffffe5][0xffffffc4][0xfffffffd][0xfffffff1]TO[0xffffffbc]?[0xffffffda]%([0x2][0xffffff8f]TQ[0x8]*[0xffffffa9][0xffffffa4][0x8]l[0x12]M[0xffffffb1][0x11][0xffffff9a][0x1f][0x15][0x1b][0xffffffa7]^U[0x11]5Jg[0xffffff85][0xffffffb2]*[0xffffffdd][0x15]Q[0xffffffb2]dX[0xffffffec][0xffffffce][0xffffffe5][0xffffffca]bW[0xfffffff0][0xffffffa5][0xffffffb4]h[0xffffffa7]YZ[0xffffffb4][0x13]O[0xffffff8b][0xfffffffb][0x11][0xfffffff8][0xffffffb4][0xfffffff8]8[0x4][0xffffff95][0x16][0xfffffff7][0xffffffc7]Si[0xfffffff1][0xfffffffe]h[0xffffff97][0xffffffb4][0x8]<Ri![0xffffffa8][0xffffffa4][0xffffffd2]"[0xffffffb0]I[0xffffffa4][0xffffffc5]Fh~Zl[0xffffff9c]z[0xffffffa5]E[0xffffffd4]([0xffffff9d][0x16][0xffffffca][0xffffffaa]tZD[0xffffffc9][0xffffff92]i[0xffffffb1];[0xffffff97]K[0xffffff8b]][0xffffffc1][0xffffff97][0xffffffd2][0xffffffa2][0xffffffbb][0xffffffa5]E[0xffffffe7][0xffffffd3][0xffffffa2];[0xffffffa4]Eg[0xffffffd3][0xffffffa2]si[0xffffffd1][0xffffffad][0xffffffd2]"[0xfffffff0]H[0xffffffa5][0xffffff85][0xffffffa0][0xffffff92]J[0xffffff8b][0xffffffc0]&[0xffffff91][0x16][0xffffff9d]N[0xffffff8b][0xffffffee][0xffffff9c][0x16]Q[0xffffffa3]tZ([0xffffffab][0xffffffd2]i[0x11]%K[0xffffffa6][0xffffffc5][0xffffffee]\.-v[0x5]_J[0xffffff8b][0xffffffd9][0xffffffcd][0xffffffd2]bv<-[0xffffffee]G[0xffffffe0][0xffffffd3][0xffffffe2][0xffffffe3][0x10]TZ[0xffffffdc][0x1f]O[0xffffffa5][0xffffffc5][0xfffffffb][0xffffffa3]][0xffffffd2]"[0xfffffff0]H[0xffffffa5][0xffffff85][0xffffffa0][0xffffff92]J[0xffffff8b][0xffffffc0]&[0xffffff91][0x16][0x1b][0xffffffa1][0xfffffff9]i[0xffffffb1]q[0xffffffea][0xffffff95][0x16]Q[0xffffffa3]tZ([0xffffffab][0xffffffd2]i[0x11]%K[0xffffffa6][0xffffffc5][0xffffffee]\.-v[0x5]_J[0xffffff8b]c6[0xffffffb3][0xffffffb6][0xffffffb8][0xffffff9f][0x8][0xffffff8f][0xffffff8b][0xffffffb7]3[0xfffffff0]u[0xfffffff1][0xffffffed][0x14]T^[0xffffffbc]=[0xffffff9f][0xffffffea][0xffffff8b][0xffffff8f]g[0xffffffbb][0x4]F[0xffffff84][0xffffff92]*[0xc][0xffffff85]&[0xffffff95][0x18][0x11]P[0xffffffa2]1vL[0xfffffff3]#c[0xffffff87][0xffffffd5][0xffffffab]2[0xffffff84]P[0xffffffe9][0xffffffcc][0xffffff90]~[0xffffffa5];C[0xffffffe8][0xffffff96][0xc][0xffffff8d]`_[0xffffffae]4[0xffffff82][0xffffff8c]_I[0xffffff8d][0xfffffff2][0xfffffffe]O[0x11][0x1f]1[0xffffffaf][0xfffffff5][0xffffffac]5=4>[0xffffffcf]Ce[0xffffffc6][0xffffff97][0x13]`[0xffffff91][0xffffffb1][0xffffff9d]!91[0xffffffbe]<=90~[0xfffffffd]d8/[0xffffff9e][0xffffffa2][0xffffff98][0x1c][0x17]?[0x0]29-[0xffffff9e]b[0xffffff99][0x18][0x16]O[0xffffffe0]L[0xffffffcb][0xffffff8a]'[0xffffff88]ZD[0xffffffc5]syBI[0xfffffff1]#[0xffffff97]BA[0xfffffff1]\[0xffffffad]@N<3mzL<[0x13][0xffffffef][0xffffff85][0xffffff94]X*%[0xffffffd6][0xffffff91][0xffffffbf][0xffffff98][0xfffffffb][0xfffffff3]<pJ,[0xffffff83][0xffffff94]X[0xffffff91][0xfffffff7]D[0xffffffc0][0x17][0xffffff96][0x12][0xffffffcb])%"[0xffffff8a]LJ( [0xffffff99][0xffffff94][0xffffff88]X[0xffffffe6][0xffffffa7][0xffffffc4][0xe]gvJ[0xffffffec][0xffffff88]:[0xffffffa5][0xffffff84][0xffffff90]'[0xffffff9b][0x12][0xffffffd2][0xffffffa5]lJ[0x8][0xffffffb5]r)[0x11]LK[0xffffffa5]D[0x10][0xffffffef][0xffffffeb])q[0xffffffde]DJ[0xffffffb4][0xffffffa3][0xffffffde][0xffffffa0][0xffffff94]x;[0xf][0xffffff9b][0x12][0xffffff8f][0x13][0xffffffc0])[0xfffffff1][0xfffffffd][0xc]HJ<[0xffffff9e][0xffffff8e][0xffffffa4][0xffffffc4][0xffffffb7]'[[0xffffffa4][0xffffff84]@[0x11]I[0x9][0x9]$[0xffffff92][0x12][0x2][0xffffffcb][0xfffffff4][0xffffff94][0x8]p&[0xffffffa7]D@[0xffffffd4](%[0xffffff94]<[0xffffffd1][0xffffff94][0xffffffd0].ESB[0xffffffa9][0x15]K[0xffffff89]hZ(%[0xffffffa2]x/[0xffffffa5]D5K[0xffffff89][0xffffff8a][0xffffffa7]D5H[0xffffff89][0xffffff8a][0xffffffa6]D[0xffffffc5]R[0xffffffa2]:[0xffffffa5][0xffffffc4][0xffffff8e]"[0xffffff95][0x12][0x11]H*%v,[0xffffff89][0xffffff94][0xffffffa8]pJT[0xffffffe3][0xffffff94][0x8][0xfffffff2][0xffffffa4]SB[0xffffffb8][0xffffff94]N[0xffffff89][0xffffffa0]V2%[0xffffffaa]KJ[0xffffffd4][0xffffffbf]CJ[0xffffffc4][0xffffff81][0xf]6%[0xffffffb0]y[0xffffff8f]/'[0xffffffe0]S[0x2][0xffffff99][0xfffffff6][0xfffffff8][0xfffffff2]t*%[0x1c]f=[0xffffff9e][0xffffffa2]H[0xffffffa5][0x4]>[0xffffffe9][0xfffffff1][0x14]K"%[0xffffffa0]9[0xffffff8f]'[0xffffff88]z[0xffffffa5][0xffffff84][0xffffffcb][0xffffff94][0xffffffc7][0xffffff8f]\J[0xffffffa7][0xffffff84][0xffffffc3][0xffffff8c][0xffffffc7]3[0xffffffd3]r)[0xfffffff1][0x13][0x13][0x1e][0x1f][0xffffffff][0xffffff8c]C[0xfffffffd][0xffffffc0][0xffffffd1][0xffffffce][0xfffffffc][0xfffffff9][0xffffff8e][0xffffffcf][0xfffffff3][0xffffffc0])q[0x18][0xfffffffc][0xffffffc0]q[0xffffffc4][0xffffffb7]p[0xffffff89][0xffffff80][0x1f][0xffffffd8][0xf][0x1c][0xffffff87][0xffffffd3][0xf][0x1c][0x11]E&%[0x14][0xffffff90]LJD,[0xfffffff3]Sb[0xffffff87]3;%vD[0xffffff9d]RB[0xffffffc8][0xffffff93]M[0x9][0xffffffe9]R6%[0xffffff84]Z[0xffffffb9][0xffffff94][0x8][0xffffffa6][0xffffffa5]R"[0xffffff88][0xfffffff7]BJ[0x14][0xffffff95][0x12][0xffffffb3]`o%[\n]"
[DEBUG] http-outgoing-1 << "[0xffffff9e][0x12][0xffffffc5] %J[0xffffffe4]=[0x11][0xfffffff0][0xffffff82][0xffffffa5]DqJ[0xffffff89][0xffffff88]"[0xffffff93][0x12][\n]"
[DEBUG] http-outgoing-1 << "H&%"[0xffffff96][0xfffffff9])[0xffffffb1][0xffffffc3][0xffffff99][0xffffff9d][0x12];[0xffffffa2]N)![0xffffffe4][0xffffffc9][0xffffffa6][0xffffff84]t)[0xffffff9b][0x12]B[0xffffffad]\J[0x4][0xffffffd3]R)[0x11][0xffffffc4]{!%[0xffffffaa]L[0xffffff89]sR)Q[0xfffffff1][0xffffff94][0xffffffa8][0x6])Q#[0xffffffef][0xffffff89][0xffffff80]W,%[0xffffffaa]SJD[0x14][0xffffff99][0xffffff94]P@2)[0x11][0xffffffb1][0xffffffcc]O[0xffffff89][0x1d][0xffffffce][0xffffffec][0xffffff94][0xffffffd8][0x11]uJ[0x9]!O6%[0xffffffa4]K[0xffffffd9][0xffffff94][0x10]j[0xffffffe5]R"[0xffffff98][0xffffff96]J[0xffffff89] [0xffffffde][0xb])[0xffffffd1]DJ[0xfffffff4]:[0x16][0xffffff95][0x12][\r]O[0xffffff89]f[0xffffff90][0x12]-[0xfffffff2][0xffffff9e][0x8]x[0xffffffc3]R[0xffffffa2]9[0xffffffa5]DD[0xffffff91]I[0x9][0x5]$[0xffffff93][0x12][0x11][0xffffffcb][0xfffffffc][0xffffff94][0xffffffd8][0xffffffe1][0xffffffcc]N[0xffffff89][0x1d]Q[0xffffffa7][0xffffff94][0x10][0xfffffff2]dSB[0xffffffba][0xffffff94]M[0x9][0xffffffa1]V.%[0xffffff82]i[0xffffffa9][0xffffff94][0x8][0xffffffe2][0xffffffbd][0xffffff90][0x12]][0xffffffa5]D;[0xffffffa8][0x15]Uo[0xffffffe7][0xffffff81]S[0xffffffa2][0x1b][0xffffffa4]D[0xffffff8f][0xffffffbc]'[0x2][0xffffffde][0xffffffb1][0xffffff94][0xffffffe8]N)[0x11]QdRB[0x1][0xffffffc9][0xffffffa4]D[0xffffffc4]2?%v8[0xffffffb3]SbG[0xffffffd4])%[0xffffff84]<[0xffffffd9][0xffffff94][0xffffff90].eSB[0xffffffa8][0xffffff95]K[0xffffff89]`Z*%[0xffffff82]x/[0xffffffa4][0xffffffc4][0xffffff90])[0xffffffd1][0x7][0xffffff95][0x12][0x3]O[0xffffff89]a[0xffffff90][0x12]#[0xfffffff2][0xffffff9e][0x8][0xfffffff8][0xffffffc0]Rb8[0xffffffa5]DD[0xffffff91]I[0x9][0x5]$[0xffffff93][0x12][0x11][0xffffffcb][0xfffffffc][0xffffff94][0xffffffd8][0xffffffe1][0xffffffcc]N[0xffffff89][0x1d]Q[0xffffffa7][0xffffff94][0x10][0xfffffff2]dSB[0xffffffba][0xffffff94]M[0x9][0xffffffa1]V.%[0xffffff82]i[0xffffffa9][0xffffff94][0x8][0xffffffe2][0xffffffbd][0xffffff90][0x12][0xffffffa7]L[0xffffff89][0xffffff85][0xffffffdd][0xffffff95]8[0xfffffff1][0xffffff94]8[\r]R[0xffffffe2][0xffffff8c][0xffffffbc]'[0x2]~b)q:[0xffffffa5]DD[0xffffff91]I[0x9][0x5]$[0xffffff93][0x12][0x11][0xffffffcb][0xfffffffc][0xffffff94][0xffffffd8][0xffffffe1][0xffffffcc]N[0xffffff89][0x1d]Q[0xffffffa7][0xffffff94][0x10][0xfffffff2]dSB[0xffffffba][0xffffff94]M[0x9][0xffffffa1]V.%[0xffffff82]i[0xffffffa9][0xffffff94][0x8][0xffffffe2][0xffffffbd][0xffffff90][0x12][0xffffffea][0x1b][0x1c][0xffffffbd]w[0xffffffec][0xffffffae][0x4][0xfffffffe][\r][0xffffff8e][0xffffffd3][0xffffffe0][0x1b][0x1c][0xffffffa7]X[0x14][0xffffff9f][0x8]8[0xfffffff6][\r][0xffffff8e]3[0xffffffac][0xffffff82]'S[0xffffffc2][0xffffffe4][0x1b][0x1c][0x12]H&%[0xc][0xffffffbe][0xffffffc1][0x11][0xffffffe0][0xffffffcc]N[0x9][0xffffffe3]op(y[0xffffffb2])[0xffffffe1][0xfffffff7][\r][0xe][0xffffffa5]V.%\[0xffffffbe][0xffffffc1][0x11][0xffffffc5]{!%[0xffffffd4]78[0xfffffffa]y[0xffffffc3][0xffffffde]J[0xffffffe0][0xffffffdf][0xffffffe0]8[\r][0xffffffbe][0xffffffc1]q[0xffffff8a]E[0xfffffff1][0xffffff89][0xffffff80]c[0xffffffdf][0xffffffe0]8[0xffffffc3]*x2%L[0xffffffbe][0xffffffc1]![0xffffff81]dR[0xffffffc2][0xffffffe0][0x1b][0x1c][0x1][0xffffffce][0xffffffec][0xffffff94]0[0xfffffffe][0x6][0xffffff87][0xffffff92]'[0xffffff9b][0x12]~[0xffffffdf][0xffffffe0]Pj[0xffffffe5]R[0xffffffc2][0xffffffe5][0x1b][0x1c]Q[0xffffffbc][0xffffff97]R[0xffffffa2][0xffffff98][0xffffffa5]D[0xffffffc1]S[0xffffffa2][0x18][0xffffffa4]DAS[0xffffffa2]`)Q[0xffffff9c]RbG[0xffffff91]J[0xffffff89][0x8]$[0xffffff95][0x12];[0xffffff96]DJ[0x14]8%[0xffffff8a]qJ[0x4]y[0xffffffd2])!\J[0xffffffa7]DP+[0xffffff99][0x12][0xffffffc5]%%[0xffffffca][0xffffffcf][0xffffffa6][0xffffffc4]T[0xffffff9f][0xfffffff3][0x1a][0xffffffc7][0xffffff8d][0xfffffffa][0xffffff81]c[0xffffffe2][0xffffff9f][0xfffffff3][0xffffff9a][0x6][0xffffff9f][0xfffffff3][0xffffff9a][0xffffffe2][0xffffff9b]3y[0xffffff80]O[0xffffffec]s^3|U[0x6]L[0x9][0xffffff81]"[0xffffff92][0x12][0x12]H$%[0x4][0xffffff96][0xffffffe9])[0x11][0xffffffe0]LN[0xffffff89][0xffffff80][0xffffffa8]QJ(y[0xffffffa2])[0xffffffa1]][0xffffff8a][0xffffffa6][0xffffff84]R+[0xffffff96][0x12][0xffffffd1][0xffffffb4]PJD[0xfffffff1]^H[0x9][0xffffffb5]8{[0xffffff94]I[0xffffffbd][0xffffff95][0xffffff98][0xfffffff8][0xffffffe2][0xffffffec]i[0xffffffb0]8{[0xffffff8a][0xffffffed][0xffffffae][0xffffff89][0xffffff80]c[0xffffff8b][0xffffffb3]g[0xffffffd8][0xffffffdf]J[0xffffffa6][0xffffff84][0xffffffc9][0xffffffe2]l[0x9]$[0xffffff93][0x12][0x6][0xffffff8b][0xffffffb3][0x3][0xffffff9c][0xffffffd9])a[0xffffffbc]8[[0xffffffc9][0xffffff93]M[0x9][0xffffffbf][0xffffffc5][0xffffffd9]J[0xffffffad]\J[0xffffffb8],[0xffffffce][0xffffff8e][0xffffffe2][0xffffffbd][0xffffff90][0x12]E[0xffffffa5][0xffffffc4][0xffffffd9][0xffffffb0][0xffffff94](xJ[0x14][0xffffff83][0xffffff94]([0xffffff91][0xfffffff7]D[0xffffffc0][0xb][0xffffff96][0x12][0xffffffc5])%"[0xffffff8a]LJ( [0xffffff99][0xffffff94][0xffffff88]X[0xffffffe6][0xffffffa7][0xffffffc4][0xe]gvJ[0xffffffec][0xffffff88]:[0xffffffa5][0xffffff84][0xffffff90]'[0xffffff9b][0x12][0xffffffd2][0xffffffa5]lJ[0x8][0xffffffb5]r)[0x11]LK[0xffffffa5]D[0x10][0xffffffef][0xffffff85][0xffffff94]P[0xffffff8b][0xffffffb3][0xffffffc7]:[0xffffffb0][0xffffff94][0xffffffc0][0x17]gO[0xffffff83][0xffffffc5][0xffffffd9]SlwM[0x4][0x1c][[0xffffff9c]=[0xffffffc3][0xfffffffe]V2%L[0x16]gK [0xffffff99][0xffffff94]0X[0xffffff9c][0x1d][0xffffffe0][0xffffffcc]N[0x9][0xffffffe3][0xffffffc5][0xffffffd9]J[0xffffff9e]lJ[0xfffffff8]-[0xffffffce]Vj[0xffffffe5]R[0xffffffc2]eqv[0x14][0xffffffef][0xffffff85][0xffffff94]P[0xffffff8b][0xffffffb3][0xffffffcf]z[0xffffffeb]TJ[0xffffffe0][0xffffff8b][0xffffffb3][0xffffffa7][0xffffffc1][0xffffffe2][0xffffffec])[0xffffffb6][0xffffffbb]&[0x2][0xffffff8e]-[0xffffffce][0xffffff9e]a[0x7f]+[0xffffff99][0x12]&[0xffffff8b][0xffffffb3]%[0xffffff90]LJ[0x18],[0xffffffce][0xe]pf[0xffffffa7][0xffffff84][0xfffffff1][0xffffffe2]l%O6%[0xfffffffc][0x16]g+[0xffffffb5]r)[0xffffffe1][0xffffffb2]8;[0xffffff8a][0xfffffff7]BJ[0xffffffa8][0xffffffc5][0xffffffd9]g[[0xffffffd8][0xffffffb5]K|q[0xfffffff6]4X[0xffffff9c]=[0xffffffc5]v[0xffffffd7]D[0xffffffc0][0xffffffb1][0xffffffc5][0xffffffd9]3[0xffffffec]o%S[0xffffffc2]dq[0xffffffb6][0x4][0xffffff92]I[0x9][0xffffff83][0xffffffc5][0xffffffd9][0x1][0xffffffce][0xffffffec][0xffffff94]0^[0xffffff9c][0xffffffad][0xffffffe4][0xffffffc9][0xffffffa6][0xffffff84][0xffffffdf][0xffffffe2]l[0xffffffa5]V.%\[0x16]gG[0xfffffff1]^H[0x9][0xffffffb5]8[0xfffffffb][0xffffff9c][0xffffff8b][0xfffffffa][0xffffffc8][0xfffffff8][0xffffffc4][0x17]gO[0xffffff83][0xffffffc5][0xffffffd9]SlwM[0x4][0x1c][[0xffffff9c]=[0xffffffc3][0xfffffffe]V2%L[0x16]gK [0xffffff99][0xffffff94]0X[0xffffff9c][0x1d][0xffffffe0][0xffffffcc]N[0x9][0xffffffe3][0xffffffc5][0xffffffd9]J[0xffffff9e]lJ[0xfffffff8]-[0xffffffce]Vj[0xffffffe5]R[0xffffffc2]eqv[0x14][0xffffffef][0xffffff85][0xffffff94]P[0xffffff8b][0xffffffb3][0xffffffe7][\r][0xfffffffb][0x6][0xffffffc7][0xffffffc4][0x17]gO[0xffffff83][0xffffffc5][0xffffffd9]SlwM[0x4][0x1c][[0xffffff9c]=[0xffffffc3][0xfffffffe]V2%L[0x16]gK [0xffffff99][0xffffff94]0X[0xffffff9c][0x1d][0xffffffe0][0xffffffcc]N[0x9][0xffffffe3][0xffffffc5][0xffffffd9]J[0xffffff9e]lJ[0xfffffff8]-[0xffffffce]Vj[0xffffffe5]R[0xffffffc2]eqv[0x14][0xffffffef][0xffffff85][0xffffff94]P[0xffffff8b][0xffffffb3]g[0xffffffc5][0x16]gO|q[0xfffffff6]4X[0xffffff9c]=[0xffffffc5]v[0xffffffd7]D[0xffffffc0][0xffffffb1][0xffffffc5][0xffffffd9]3[0xffffffec]o%S[0xffffffc2]dq[0xffffffb6][0x4][0xffffff92]I[0x9][0xffffff83][0xffffffc5][0xffffffd9][0x1][0xffffffce][0xffffffec][0xffffff94]0^[0xffffff9c][0xffffffad][0xffffffe4][0xffffffc9][0xffffffa6][0xffffff84][0xffffffdf][0xffffffe2]l[0xffffffa5]V.%\[0x16]gG[0xfffffff1]^H[0x9][0xffffffb5]8{r[0x1f][0x19][0xffffff9f][0xfffffff8][0xffffffe2][0xffffffec]i[0xffffffb0]8{[0xffffff8a][0xffffffed][0xffffffae][0xffffff89][0xffffff80]c[0xffffff8b][0xffffffb3]g[0xffffffd8][0xffffffdf]J[0xffffffa6][0xffffff84][0xffffffc9][0xffffffe2]l[0x9]$[0xffffff93][0x12][0x6][0xffffff8b][0xffffffb3][0x3][0xffffff9c][0xffffffd9])a[0xffffffbc]8[[0xffffffc9][0xffffff93]M[0x9][0xffffffbf][0xffffffc5][0xffffffd9]J[0xffffffad]\J[0xffffffb8],[0xffffffce][0xffffff8e][0xffffffe2]}=%[0xffffff96][0xffffffda]v9[[0xffffffa5][0xffffffde]J,|[0xffffffdb][0xffffffe5]2[0xffffffd8]v[0xffffffb9][0xffffffc4]J[0xffffffb6]<[0xffffffc0][0x17][0xffffffb6][0xffffffed]r[0xffffff85][0xffffffa5]k`J[0x8][0x14][0xffffff91][0xffffff94][0xffffff90]@")![0xffffffb0]LO[0xffffff89][0x0]grJ[0x4]D[0xffffff8d]RB[0xffffffc9][0x13]M[0x9][0xffffffed]R4%[0xffffff94]Z[0xffffffb1][0xffffff94][0xffffff88][0xffffffa6][0xffffff85]R"[0xffffff8a][0xfffffff7]BJ[0x14][0xffffff99][0x12][0xffffffeb][0xffffffa0]R[0xffffffa2][0xffffffe0])Q[0xc]R[0xffffffa2]D[0xffffffde][0x13][0x1]/XJ[0x14][0xffffffa7][0xffffff94][0xffffff88](2)[0xffffffa1][0xffffff80]dR"b[0xffffff99][0xffffff9f][0x12];[0xffffff9c][0xffffffd9])[0xffffffb1]#[0xffffffea][0xffffff94][0x12]B[0xffffff9e]lJH[0xffffff97][0xffffffb2])![0xffffffd4][0xffffffca][0xffffffa5]D0-[0xffffff95][0x12]A[0xffffffbc][0x17]RB[0xffffffad][0xffffffa8][0xffffff9a]}R?p,|E[0xffffffd5]2XQ[0xffffffb5][0xffffffc4][0x1e][0xffffff95]D[0xffffffc0][0xffffffb1][0x15]U+lJ!S[0xffffffc2]dE[0xffffff95][0x4][0xffffff92]I[0x9][0xffffff83][0x15]U[0x1][0xffffffce][0xffffffec][0xffffff94]0^Q[0xffffffa5][0xffffffe4][0xffffffc9][0xffffffa6][0xffffff84][0xffffffdf][0xffffff8a]*[0xffffffa5]V.%\VTE[0xfffffff1]^H[0x9][0xffffffb5][0xffffffa2]j[0xffffffae][0xffffff83][0xffffff9a][0xffffffe0]X[0xfffffff8][0xffffff8a][0xffffffaa]e[0xffffffb0][0xffffffa2]j[0xffffff89]=*[0xffffff89][0xffffff80]c+[0xffffffaa]V[0xffffffd8][0xffffff94]B[0xffffffa6][0xffffff84][0xffffffc9][0xffffff8a]*[0x9]$[0xffffff93][0x12][0x6]+[0xffffffaa][0x2][0xffffff9c][0xffffffd9])a[0xffffffbc][0xffffffa2]J[0xffffffc9][0xffffff93]M[0x9][0xffffffbf][0x15]UJ[0xffffffad]\J[0xffffffb8][0xffffffac][0xffffffa8][0xffffff8a][0xffffffe2][0xffffffbd][0xffffff90][0x12]jE[0xffffffd5]:[0xffffffb0][0xffffffc5][0xffffffd9][0xb]_Q[0xffffffb5][0xc]VT-[0xffffffb1]G%[0x11]plE[0xffffffd5][\n]"
[DEBUG] http-outgoing-1 << "[0xffffff9b]R[0xffffffc8][0xffffff94]0YQ%[0xffffff81]dR[0xffffffc2]`EU[0xffffff80]3;%[0xffffff8c]WT)y[0xffffffb2])[0xffffffe1][0xffffffb7][0xffffffa2]J[0xffffffa9][0xffffff95]K[0x9][0xffffff97][0x15]UQ[0xffffffbc][0xffffff97]R[0xffffffa2][0xffffff98][0xffffffa5]D[0xffffffc1]S[0xffffffa2][0x18][0xffffffa4]DAS[0xffffffa2]`)Q[0xffffff9c]RbG[0xffffff91]J[0xffffff89][0x8]$[0xffffff95][0x12];[0xffffff96]DJ[0x14]8%[0xffffff8a]qJ[0x4]y[0xffffffd2])!\J[0xffffffa7]DP+[0xffffff99][0x12][0xffffffc5]%%[0xffffffca]O[0xffffffa7][0xffffff84][0xffffffda]v[0xffffffb9][0xfffffffa]qR)[0xffffff81]o[0xffffffbb]\[0x6][0xffffffdb].[0xffffff97]X[0xffffffc9][0xffffff96][0x8]8[0xffffffb6][0xffffffed]r[0xffffff85][0xffffffa5]kdJ[0xffffff98]l[0xffffffbb][0xffffff94]@2)a[0xffffffb0][0xffffffed]2[0xffffffc0][0xffffff99][0xffffff9d][0x12][0xffffffc6][0xffffffdb].[0xffffff95]<[0xffffffd9][0xffffff94][0xfffffff0][0xffffffdb]v[0xffffffa9][0xffffffd4][0xffffffca][0xffffffa5][0xffffff84][0xffffffcb][0xffffffb6][0xffffffcb]([0xffffffde][0xb])[0xffffffa1][0xffffffb6]][0xffffffae][0xffffffd1][0xffffffb0][0x9][0xe]|[0xffffffdb][0xffffffe5]2[0xffffffd8]v[0xffffffb9][0xffffffc4]J[0xffffffb6]D[0xffffffc0][0xffffffb1]m[0xffffff97]+,]#S[0xffffffc2]d[0xffffffdb][0xffffffa5][0x4][0xffffff92]I[0x9][0xffffff83]m[0xffffff97][0x1][0xffffffce][0xffffffec][0xffffff94]0[0xffffffde]v[0xffffffa9][0xffffffe4][0xffffffc9][0xffffffa6][0xffffff84][0xffffffdf][0xffffffb6]K[0xffffffa5]V.%\[0xffffffb6]]F[0xfffffff1]^H[0x9][0xffffffb1][0xffffffa2][0xffffffaa][0xffffffdd][0xffffff8e][[0xffffffa3]R[0x2]_Q[0xffffffb5][0xc]VT-[0xffffffb1]G%[0x11]plE[0xffffffd5][\n]"
[DEBUG] http-outgoing-1 << "[0xffffff9b]R[0xffffffc8][0xffffff94]0YQ%[0xffffff81]dR[0xffffffc2]`EU[0xffffff80]3;%[0xffffff8c]WT)y[0xffffffb2])[0xffffffe1][0xffffffb7][0xffffffa2]J[0xffffffa9][0xffffff95]K[0x9][0xffffff97][0x15]UQ[0xffffffbc]/[0xffffffa7]D[0xffffffb9][0xffffff89][0x15]U[0xffffffed][0xffffffd6][\n]"
[DEBUG] http-outgoing-1 << "[0xfffffff4][0x3][0xffffffc7][0xffffffe3]<hJ[0xffffffbc][0xffffff9f][0xffffff80]M[0xffffff89][0xffffffcf]3[0x10])[0xfffffff1][0xfffffffe]t"%[0xffffffbe]?[0xffffffd9]!%[0x14][0xffffff8a]DJh [0xffffff89][0xffffff94]PXf[0xffffffa7]D[0xffffff84]37%"[0xffffffa2]>)![0xffffffe5]I[0xffffffa6][0xffffffc4][0x13][0xffffff97][0xffffff92])![0xffffffd5]J[0xffffffa5][0xffffff84]0-[0xffffff93][0x12]B[0xffffffbc][0x17]R[0xffffffe2]P)[0xffffffd1][0x7][0xfffffff4][0x3][0xffffffc7][0xffffffe3]<pJ[0x1c][0x6])qD[0xffffffde][0x13][0x1]?[0xffffffb0][0xffffff94]8[0xffffff9c]R"[0xffffffa2][0xffffffc8][0xffffffa4][0xffffff84][0x2][0xffffff92]I[0xffffff89][0xffffff88]e~J[0xffffffec]pf[0xffffffa7][0xffffffc4][0xffffff8e][0xffffffa8]SJ[0x8]y[0xffffffb2])!][0xffffffca][0xffffffa6][0xffffff84]P+[0xffffff97][0x12][0xffffffc1][0xffffffb4]TJ[0x4][0xfffffff1]^H[0xffffff89][0xffffffa2]RbthE[0xffffffd5][0xffffffe3]<pJ[0x14][0xffffff83][0xffffff94]([0xffffff91][0xfffffff7]D[0xffffffc0][0xb][0xffffff96][0x12][0xffffffc5])%"[0xffffff8a]LJ( [0xffffff99][0xffffff94][0xffffff88]X[0xffffffe6][0xffffffa7][0xffffffc4][0xe]gvJ[0xffffffec][0xffffff88]:[0xffffffa5][0xffffff84][0xffffff90]'[0xffffff9b][0x12][0xffffffd2][0xffffffa5]lJ[0x8][0xffffffb5]r)[0x11]LK[0xffffffa5]D[0x10][0xffffffef][0xffffff85][0xffffff94][0x10][0xffffffdb].[0xffffffdb][0xffffffed][0xffffffbc][0xffffffdd][0xffffffa8][0xffffff94][0xffffffa0][0xffffffb7]][0xffffffbe][0xffffff9f][0xffffff80]N[0x9]r[0xffffffdb][0xffffffe5][0xfffffffb][0xffffffd3][0xffffff99][0xffffff94]0[0xffffffda]v[0xffffffa9]PdR[0xffffffc2]e[0xffffffdb][0xffffffa5][0xffffffc2]2?%[0xffffffd8]m[0xffffff97][0x11]Q[0xffffffa7][0xffffff94]0[0xffffffdb]v[0xfffffff9][0xffffffc4][0xffffffa5]lJ[0x18]m[0xffffffbb][0x14][0xffffffa6][0xffffffa5]R[0xffffffe2][0xffffffe7][0xffffffb7]][0xffffff96][0xffffff9b][0xffffffd8]vyO[0x9]j[0xffffff82][0xffffffe3]q[0x1e]8%[0xfffffff8]m[0xffffff97][0xffffff9f]g`R[0xffffff82][0xffffffda]v[0xfffffff9][0xfffffffd][0xffffffc9][0x1e])[0xffffffe1][0xffffffb1][0xffffffed]R[0x3][0xffffffc9][0xffffffa4][0x4][0xffffffbf][0xffffffed]2[0xffffffc2][0xffffff99][0xffffff9d][0x12][0xffffffbe][0xffffffdb].[0xffffffa5]<[0xffffffd9][0xffffff94][0xffffffb0][0xffffffdb]v)[0xffffffd5][0xffffffca][0xffffffa5][0xffffff84][0xffffffc9][0xffffffb6]K![0xffffffde][0xb])![0xfffffff6]J[0xffffffb4][0xffffffdb][0xffffffac][0xffffffd8][0xf][0x1c][0xfffffff4]^[0xffffff89][0xfffffff7][0x13][0xffffffd0])A[0xffffffee][0xffffff95]x[0x7f]:[0xffffff93][0x12]F{%[0x14][0xffffff8a]LJ[0xffffffb8][0xffffffec][0xffffff95]PX[0xffffffe6][0xffffffa7][0x4][0xffffffbb]W""[0xffffffea][0xffffff94][0x12]f{%[0xffffff9e][0xffffffb8][0xffffff94]M[0x9][0xffffffa3][0xffffffbd][0x12][0xffffffc2][0xffffffb4]TJ[0xfffffffc][0xfffffffc]^[0xffffff89]r[0x13]{%[0xffffffee])1[0xffffffa1][0xffffff8f][0xffffff8c]?[0xffffffce][0x3][0xffffffa7][0x4][0xffffffbf]W[0xffffffe2][0xfffffff3][0xc]LJP{%[0xffffffbe]?[0xffffffd9]#%<[0xfffffff6]Jh [0xffffff99][0xffffff94][0xffffffe0][0xfffffff7]JD8[0xffffffb3]S[0xffffffc2]w[0xffffffaf][0xffffff84][0xffffff94]'[0xffffff9b][0x12]v{%[0xffffffa4]Z[0xffffffb9][0xffffff94]0[0xffffffd9]+![0xffffffc4]{!%[0xffffffa6]J[0xffffff89][0xffffffd5][0xffffffb0][0xffffffbb][0x12][0x13]O[0xffffff89]i[0xffffff90][0x12]3[0xfffffff2][0xffffff9e][0x8][0xfffffff8][0xffffffc4]Rb:[0xffffffa5]DD[0xffffff91]I[0x9][0x5]$[0xffffff93][0x12][0x11][0xffffffcb][0xfffffffc][0xffffff94][0xffffffd8][0xffffffe1][0xffffffcc]N[0xffffff89][0x1d]Q[0xffffffa7][0xffffff94][0x10][0xfffffff2]dSB[0xffffffba][0xffffff94]M[0x9][0xffffffa1]V.%[0xffffff82]i[0xffffffa9][0xffffff94][0x8][0xffffffe2][0xffffffbd][0xffffff90][0x12]rE[0xffffffd5]Z[0xffffff8d]J[0x9]zE[0xffffffd5][0xfffffffb][0x9][0xffffffe8][0xffffff94] WT[0xffffffbd]?[0xffffff9d]I[0x9][0xffffffa3][0x15]U[\n]"
[DEBUG] http-outgoing-1 << "E&%\VT),[0xfffffff3]S[0xffffff82]]Q[0x15][0x11]uJ[0x9][0xffffffb3][0x15]UO\[0xffffffca][0xffffffa6][0xffffff84][0xffffffd1][0xffffff8a]*aZ*%[0xfffffffe][0xe]+[0xffffffaa][0xe][0xffffffb5][0xffffffa2][0xffffffea][0xffffffb8]a?p[0x1c][0xfffffff8][0xffffff8a][0xffffffaa][0xffffffc3]`E[0xffffffd5]![0xfffffff6][0xffffffa8][0xffffffe4][0x1]~`+[0xffffffaa][0xffffff8e][0xffffffb0])[0x5]L[0x9][0xffffff81]"[0xffffff92][0x12][0x12]H$%[0x4][0xffffff96][0xffffffe9])[0x11][0xffffffe0]LN[0xffffff89][0xffffff80][0xffffffa8]QJ(y[0xffffffa2])[0xffffffa1]][0xffffff8a][0xffffffa6][0xffffff84]R+[0xffffff96][0x12][0xffffffd1][0xffffffb4]PJD[0xfffffff1]^H[0x9][0xffffffb5][0xffffffa2][0xffffffea]8[0xffffffb0][0xffffffbd][0x12][0x7][0xffffffbe][0xffffffa2][0xffffffea]0XQu[0xffffff88]=*[0xffffff89][0xffffff80]c+[0xffffffaa][0xffffff8e][0xffffffb0])[0xffffff85]L[0x9][0xffffff93][0x15]U[0x12]H&%[0xc]VT[0x5]8[0xffffffb3]S[0xffffffc2]xE[0xffffff95][0xffffff92]'[0xffffff9b][0x12]~+[0xffffffaa][0xffffff94]Z[0xffffffb9][0xffffff94]pYQ[0x15][0xffffffc5]{!%[0xffffff8a]J[0xffffff89][0xffffffb2][0xffffffa8][0xffffffbb][0x12]o[0xffffffe7][0xffffff81]S[0xffffffa2][0x18][0xffffffa4]D[0xffffff89][0xffffffbc]'[0x2]^[0xffffffb0][0xffffff94](N)[0x11]QdRB[0x1][0xffffffc9][0xffffffa4]D[0xffffffc4]2?%v8[0xffffffb3]SbG[0xffffffd4])%[0xffffff84]<[0xffffffd9][0xffffff94][0xffffff90].eSB[0xffffffa8][0xffffff95]K[0xffffff89]`Z*%[0xffffff82]x/[0xffffffa4][0xffffff84][0xffffffda]+q[0xffffffb4]J}[0xffffff83][0xffffffe3][0xffffffc0][0xfffffff7]J[0x1c][0x6]{%[0xe]1[0xfffffffc][0xffffff9c][0x8]8[0xffffffb6]W[0xffffffe2][0x8][0xffffffe3][0xffffffcd]dJ[0xffffff98][0xffffffec][0xffffff95][0xffffff90]@2)a[0xffffffb0]W"[0xffffffc0][0xffffff99][0xffffff9d][0x12][0xffffffc6]{%[0xffffff94]<[0xffffffd9][0xffffff94][0xfffffff0][0xffffffdb]+[0xffffffa1][0xffffffd4][0xffffffca][0xffffffa5][0xffffff84][0xffffffcb]^[0xffffff89]([0xffffffde][0xb])[0xffffffd1]UJ[0xfffffff4][0x1b]vW[0xffffffa2][0xffffffe3])[0xffffffd1][\r]R[0xffffffa2]G[0xffffffde][0x13][0x1][0xffffffef]XJt[0xffffffa7][0xffffff94][0xffffff88](2)[0xffffffa1][0xffffff80]dR"b[0xffffff99][0xffffff9f][0x12];[0xffffff9c][0xffffffd9])[0xffffffb1]#[0xffffffea][0xffffff94][0x12]B[0xffffff9e]lJH[0xffffff97][0xffffffb2])![0xffffffd4][0xffffffca][0xffffffa5]D0-[0xffffff95][0x12]A[0xffffffbc][0x17]RB[0xffffffad][0xffffffa8]:[0xfffffffa][0x18]TJ[0xffffffe0]+[0xffffffaa][0xe][0xffffff83][0x15]U[0xffffff87][0xffffffd8][0xffffffa3][0xffffff92][0x8]8[0xffffffb6][0xffffffa2][0xffffffea][0x8][0xffffff9b]R[0xffffffc8][0xffffff94]0YQ%[0xffffff81]dR[0xffffffc2]`EU[0xffffff80]3;%[0xffffff8c]WT)y[0xffffffb2])[0xffffffe1][0xffffffb7][0xffffffa2]J[0xffffffa9][0xffffff95]K[0x9][0xffffff97][0x15]UQ[0xffffffbc][0x17]RB[0xffffffad][0xffffffa8]:[0xfffffffa]*TJ[0xffffffe0]+[0xffffffaa][0xe][0xffffff83][0x15]U[0xffffff87][0xffffffd8][0xffffffa3][0xffffff92][0x8]8[0xffffffb6][0xffffffa2][0xffffffea][0x8][0xffffff9b]R[0xffffffc8][0xffffff94]0YQ%[0xffffff81]dR[0xffffffc2]`EU[0xffffff80]3;%[0xffffff8c]WT)y[0xffffffb2])[0xffffffe1][0xffffffb7][0xffffffa2]J[0xffffffa9][0xffffff95]K[0x9][0xffffff97][0x15]UQ[0xffffffbc][0x17]RB[0xffffffad][0xffffffa8]:F[0xffffff9d]TJ[0xffffffe0]+[0xffffffaa][0xe][0xffffff83][0x15]U[0xffffff87][0xffffffd8][0xffffffa3][0xffffff92][0x8]8[0xffffffb6][0xffffffa2][0xffffffea][0x8][0xffffff9b]R[0xffffffc8][0xffffff94]0YQ%[0xffffff81]dR[0xffffffc2]`EU[0xffffff80]3;%[0xffffff8c]WT)y[0xffffffb2])[0xffffffe1][0xffffffb7][0xffffffa2]J[0xffffffa9][0xffffff95]K[0x9][0xffffff97][0x15]UQ[0xffffffbc][0xffffffaf][0xffffffa7]DQ_[0x6]=[0xffffffe6][0xffffffa4]R[0xffffffa2][0xffffffe0]_[0x6]-[0x6]_[0x6]-[0xffffffe2][0xfffffff3]uy[0xffffff80][0x17][0xffffffec][0xffffffcb][0xffffffa0]%|[0xffffffa0][0xe]L[0x9][0xffffff81]"[0xffffff92][0x12][0x12]H$%[0x4][0xffffff96][0xffffffe9])[0x11][0xffffffe0]LN[0xffffff89][0xffffff80][0xffffffa8]QJ(y[0xffffffa2])[0xffffffa1]][0xffffff8a][0xffffffa6][0xffffff84]R+[0xffffff96][0x12][0xffffffd1][0xffffffb4]PJD[0xfffffff1]^H[0x9]5[0xffffffc1]q[0xffffffff]'S[0xffffffd7].[0xb]>[0xffffffc1]Q[0xc]&8[0xffffff8a][0xffffffb8]f[0xffffff9c][0x8]86[0xffffffc1]Q[0xffffffc2]Eb2%L&8$[0xffffff90]LJ[0x18]Lp[0x4]8[0xffffffb3]S[0xffffffc2]x[0xffffff82]C[0xffffffc9][0xffffff93]M[0x9][0xffffffbf][0x9][0xe][0xffffffa5]V.%\&8[0xffffffa2]x/[0xffffffa4][0xffffff84][0xffffff9a][0xffffffe0]x[0xfffffffb][0xffffff89][0xffffff83]J[0x9]|[0xffffff82][0xffffffa3][0x18]Lp[0x14]q[0xffffffcd]8[0x11]pl[0xffffff82][0xffffffa3][0xffffff84][0xffffff8b][0xffffffc4]dJ[0xffffff98]LpH [0xffffff99][0xffffff94]0[0xffffff98][0xffffffe0][0x8]pf[0xffffffa7][0xffffff84][0xfffffff1][0x4][0xffffff87][0xffffff92]'[0xffffff9b][0x12]~[0x13][0x1c]J[0xffffffad]\J[0xffffffb8]LpD[0xfffffff1]^H[0x9]5[0xffffffc1]Q[0xffffffce]qP)[0xffffff81]Op[0x14][0xffffff83][0x9][0xffffff8e]"[0xffffffae][0x19]'[0x2][0xffffff8e]Mp[0xffffff94]p[0xffffff91][0xffffff98]L[0x9][0xffffff93][0x9][0xe][0x9]$[0xffffff93][0x12][0x6][0x13][0x1c][0x1][0xffffffce][0xffffffec][0xffffff94]0[0xffffff9e][0xffffffe0]P[0xfffffff2]dS[0xffffffc2]o[0xffffff82]C[0xffffffa9][0xffffff95]K[0x9][0xffffff97][0x9][0xffffff8e]([0xffffffde]K)Q[0xffffffcc]R[0xffffffa2][0xffffffe0])Q[0xc]R[0xffffffa2][0xffffffa0])Q[0xffffffb0][0xffffff94](N)[0xffffffb1][0xffffffa3]H[0xffffffa5]D[0x4][0xffffff92]J[0xffffff89][0x1d]K"%[\n]"
[DEBUG] http-outgoing-1 << "[0xffffff9c][0x12][0xffffffc5]8%[0xffffff82]<[0xffffffe9][0xffffff94][0x10].[0xffffffa5]S"[0xffffffa8][0xffffff95]L[0xffffff89][0xffffffe2][0xffffff92][0x12][0xffffffe5][0xffffffa7]S[0xffffffe2][0xfffffffc][0xffffffa5][0xffffffc6][0xffffff94][0xffffff98][0xffffffd8][0xffffffe2][0xffffffec][0xffffffb7][0xfffffff3][0xffffffc0])[0xfffffff1]v[0x2]:%[0xffffffbe][0xffffff9d][0xffffff81]I[0xffffff89][0xffffffb7][0xffffffa7]3)[0xfffffff1][0xfffffff1]d[0xffffff8f][0xffffff94][0xffffff88](2)[0xffffffa1][0xffffff80]dR"b[0xffffff99][0xffffff9f][0x12];[0xffffff9c][0xffffffd9])[0xffffffb1]#[0xffffffea][0xffffff94][0x12]B[0xffffff9e]lJH[0xffffff97][0xffffffb2])![0xffffffd4][0xffffffca][0xffffffa5]D0-[0xffffff95][0x12]A[0xffffffbc][0x17]RB[\r][0xffffff83][0xffffffd6][0xffffffd2][0xffffffb1][0xffffff94][0xffffffc0][0xffffff87]A[0xffffff8b][0xffffffc1]0h[0x11][0x13]K[0xffffff89][0xffffff80]c[0xffffffc3][0xffffffa0]%[0xffffffcc]$[0xffffff91])a2[0xc]*[0xffffff81]dR[0xffffffc2]`[0x18]4[0xffffffc0][0xffffff99][0xffffff9d][0x12][0xffffffc6][0xffffffc3][0xffffffa0]J[0xffffff9e]lJ[0xfffffff8][\r][0xffffff83]*[0xffffffb5]r)[0xffffffe1]2[0xc][0x1a][0xffffffc5]{!%[0xffffff96]J[0xffffff89]V[0xffffffa8][0x15]Uo[0xffffffe7][0xffffff81]Sb)[0xfffffffc][0xffffff93]y_[0xffffff91][0xfffffff7]D[0xffffffc0][0x17][0xffffff96][0x12][0xffffffcb])%"[0xffffff8a]LJ( [0xffffff99][0xffffff94][0xffffff88]X[0xffffffe6][0xffffffa7][0xffffffc4][0xe]gvJ[0xffffffec][0xffffff88]:[0xffffffa5][0xffffff84][0xffffff90]'[0xffffff9b][0x12][0xffffffd2][0xffffffa5]lJ[0x8][0xffffffb5]r)[0x11]LK[0xffffffa5]D[0x10][0xffffffef][0xffffffeb])Q[0xffffffd5]G[0xffffffc6][0xffffffeb][0xffffffd9][0xffffffa9][0xffffff94][0xffffffa8][0xfffffff8]G[0xffffffc6][0xffffffab][0xffffffc1]G[0xffffffc6][0xffffffab][0xfffffff8][0x12]n[0x1e][0xffffffe0][0x15][0xfffffffb][0xffffffc8]x[\r][0xffffffdf][0xffffffba][0x5]SB[0xffffffa0][0xffffff88][0xffffffa4][0xffffff84][0x4][0x12]I[0x9][0xffffff81]ezJ[0x4]8[0xffffff93]S" j[0xffffff94][0x12]J[0xffffff9e]hJh[0xffffff97][0xffffffa2])[0xffffffa1][0xffffffd4][0xffffff8a][0xffffffa5]D4-[0xffffff94][0x12]Q[0xffffffbc][0x17]RB[0xffffffad][0xffffffa8][0xffffffaa][0xffffffb3]V*%[0xfffffff0][0x15]U[0xffffffd5]`EU[0x15]{T[0x12][0x1][0xffffffc7]VT[0xffffffd5][0xffffffb0])[0xffffff85]L[0x9][0xffffff93][0x15]U[0x12]H&%[0xc]VT[0x5]8[0xffffffb3]S[0xffffffc2]xE[0xffffff95][0xffffff92]'[0xffffff9b][0x12]~+[0xffffffaa][0xffffff94]Z[0xffffffb9][0xffffff94]pYQ[0x15][0xffffffc5]{!%[0xffffffd4][0xffffff8a][0xffffffaa]:O,%[0xfffffff0][0x15]U[0xffffffd5]`EU[0x15]{T[0x12][0x1][0xffffffc7]VT[0xffffffd5][0xffffffb0])[0xffffff85]L[0x9][0xffffff93][0x15]U[0x12]H&%[0xc]VT[0x5]8[0xffffffb3]S[0xffffffc2]xE[0xffffff95][0xffffff92]'[0xffffff9b][0x12]~+[0xffffffaa][0xffffff94]Z[0xffffffb9][0xffffff94]pYQ[0x15][0xffffffc5]{!%[0xffffffd4][0xffffff8a][0xffffffaa]v+[0xffffff8d]J[0x9]|EU5XQU[0xffffffc5][0x1e][0xffffff95]D[0xffffffc0][0xffffffb1][0x15]U5lJ!S[0xffffffc2]dE[0xffffff95][0x4][0xffffff92]I[0x9][0xffffff83][0x15]U[0x1][0xffffffce][0xffffffec][0xffffff94]0^Q[0xffffffa5][0xffffffe4][0xffffffc9][0xffffffa6][0xffffff84][0xffffffdf][0xffffff8a]*[0xffffffa5]V.%\VTE[0xfffffff1]^J[0xffffff89]8[0xc][0xffffffca][0xffffffa6][0x4]<[0xc][0xfffffffa]8[0x1][0xffffff9f][0x12][0xffffffe0]0[0xffffffe8][0xffffffe3][0xffffffe9]TJ[0xfffffff8][0xc][0xffffff83][\n]"
[DEBUG] http-outgoing-1 << "[0x14][0xffffffa9][0xffffff94]0[0x19][0x6][0x15]X[0x12])[0xffffff81][0xe][0xffffff83][0x6]D[0xffffffbd]R[0xffffffc2]k[0x18]T[0xffffffbb][0xffffff94]N[0x9][0xffffff9f]a[0xffffffd0]hZ.%~z[0x18][0xffffffb4][0xffffffaa][0x15]U[0xffffffad]p?p[0xffffffe0]+[0xffffffaa][0xffffffaa][0xffffffc1][0xffffff8a][0xffffffaa]*[0xfffffff6][0xffffffa8]$[0x2][0xffffff8e][0xffffffad][0xffffffa8][0xffffffaa]aS[\n]"
[DEBUG] http-outgoing-1 << "[0xffffff99][0x12]&+[0xffffffaa]$[0xffffff90]LJ[0x18][0xffffffac][0xffffffa8][\n]"
[DEBUG] http-outgoing-1 << "pf[0xffffffa7][0xffffff84][0xfffffff1][0xffffff8a]*%O6%[0xfffffffc]VT)[0xffffffb5]r)[0xffffffe1][0xffffffb2][0xffffffa2]*[0xffffff8a][0xfffffff7]BJ[0xffffff9c][0xffffffea][0x7][0xffffff8e][0xffffff8e]}d[0xfffffffc][0xffffffed]<pJ[0xffffff9c][0xffffffea][0xffffffa5]\2[0xffffffef]g|[0xb][0xffffff97][0x8][0xfffffff8][0xffffff89][0xfffffffd][0xffffffc0]q:[0xfffffffd][0xffffffc0][0x11]QdRB[0x1][0xffffffc9][0xffffffa4]D[0xffffffc4]2?%v8[0xffffffb3]SbG[0xffffffd4])%[0xffffff84]<[0xffffffd9][0xffffff94][0xffffff90].eSB[0xffffffa8][0xffffff95]K[0xffffff89]`Z*%[0xffffff82]x/[0xffffffa4][0xffffffc4]To%[0xffffffe6][0xffffffea]TJL[0xfffffffc][0xffffffad][0xffffffc4]4x+1c:'[0x2]>[0xffffffb1][0xffffffb7][0x12][0xffffffd3][0xffffffe9][0xffffffad]DD[0xffffff91]I[0x9][0x5]$[0xffffff93][0x12][0x11][0xffffffcb][0xfffffffc][0xffffff94][0xffffffd8][0xffffffe1][0xffffffcc]N[0xffffff89][0x1d]Q[0xffffffa7][0xffffff94][0x10][0xfffffff2]dSB[0xffffffba][0xffffff94]M[0x9][0xffffffa1]V.%[0xffffff82]i[0xffffffa9][0xffffff94][0x8][0xffffffe2][0xffffffbd][0xffffff90][0x12]jEU/7[0xffffffea][0xffffffcb][0xffffffa0][0x15]_QU[\r]VTU[0xffffffb1]G%[0x11]plEU[\r][0xffffff9b]R[0xffffffc8][0xffffff94]0YQ%[0xffffff81]dR[0xffffffc2]`EU[0xffffff80]3;%[0xffffff8c]WT)y[0xffffffb2])[0xffffffe1][0xffffffb7][0xffffffa2]J[0xffffffa9][0xffffff95]K[0x9][0xffffff97][0x15]UQ[0xffffffbc][0xffffff97]R"[0xffffffbe][0xffffff95]`S[0xffffff82]~+[0xffffffb1][0xc][0xffffffde]J[0xffffffac][0xffffff98][0xffffffce][0xffffffa9][0xffffff80]So%[0xffffff96][0xffffffd3][[0xffffff89][0xffffff88]"[0xffffff95][0x12].o%"[0xffffff96]DJ[0xffffffb0]o%vD[0xffffffbd]R[0xffffffc2][0xffffffec][0xffffffad][0xffffff84]t)[0xffffff9d][0x12]Fo%[0xffffff82]i[0xffffffb9][0xffffff94][0xfffffff8][0xffffffe9][0xffffffb7][0x12][0xffffffed][0xffffffa6][0xffffffde]J[0xfffffff4][0xffffffd5][0xffffffa0][0xffffff94]x;[0xf][0xffffff9b][0x12][0xffffff8f][0x13][0xffffffc0])[0xfffffff1][0xfffffffd][0xc]HJ<[0xffffff9e][0xffffff8e][0xffffffa4][0xffffffc4][0xffffffb7]'[[0xffffffa4][0xffffff84]@[0x11]I[0x9][0x9]$[0xffffff92][0x12][0x2][0xffffffcb][0xfffffff4][0xffffff94][0x8]p&[0xffffffa7]D@[0xffffffd4](%[0xffffff94]<[0xffffffd1][0xffffff94][0xffffffd0].ESB[0xffffffa9][0x15]K[0xffffff89]hZ(%[0xffffffa2]x/[0xffffffa4][0xffffff84]Z[0xffffff9c][0xffffffdd][0xffffffb9]m[0xffffff97][\r]_[0xffffff9c][0xffffffdd][0xc][0x16]g7[0xffffffb1][0xffffffdd]5[0x11]plqv[0xb][0xfffffffb][[0xffffffc9][0xffffff94]0Y[0xffffff9c]-[0xffffff81]dR[0xffffffc2]`qv[0xffffff80]3;%[0xffffff8c][0x17]g+y[0xffffffb2])[0xffffffe1][0xffffffb7]8[[0xffffffa9][0xffffff95]K[0x9][0xffffff97][0xffffffc5][0xffffffd9]Q[0xffffffbc][0xffffff97]R"[0xffffffee][0xffffff95]`S[0x2][0xffffffde]+[0xfffffff1]8[0x1][0xffffff9f][0x12][0xffffffe0]^[0xffffff89][0xffffffc7][0xffffffd3][0xffffffa9][0xffffff94][0xfffffff0][0xffffffd9]+!P[0xffffffa4]R[0xffffffc2]d[0xffffffaf][0xffffff84][0xffffffc0][0xffffff92]H[0x9]t[0xffffffaf]D@[0xffffffd4]+%[0xffffffbc][0xfffffff6]Jh[0xffffff97][0xffffffd2])[0xffffffe1][0xffffffb3]W"[0xffffff9a][0xffffff96]K[0xffffff89][0xffffff9f][0xffffffde]+q[0xffffffff]g4[0xffffffb3][0xffffff94]hxJ4[0xffffff83][0xffffff94]hhJ4,%[0xffffff9a]SJ[0xffffffec](R)[0x11][0xffffff81][0xffffffa4]Rb[0xffffffc7][0xffffff92]H[0xffffff89][0x6][0xffffffa7]D3N[0xffffff89] O:%[0xffffff84]K[0xffffffe9][0xffffff94][0x8]j%S[0xffffffa2][0xffffffb9][0xffffffa4]D[0xfffffffb];[0xffffffa4]D7K[0xffffff89][0xffffff8e][0xffffffa7]D7H[0xffffff89][0xffffff8e][0xffffffa6]D[0xffffffc7]R[0xffffffa2];[0xffffffa5][0xffffffc4][0xffffff8e]"[0xffffff95][0x12][0x11]H*%v,[0xffffff89][0xffffff94][0xffffffe8]pJt[0xffffffe3][0xffffff94][0x8][0xfffffff2][0xffffffa4]SB[0xffffffb8][0xffffff94]N[0xffffff89][0xffffffa0]V2%[0xffffffba]KJ[0xfffffff4][0xffffff9f]N[0x9][0xfffffff5]9[0xffffffaf]1[\n]"
[DEBUG] http-outgoing-1 << "5[0xffffffc1][0xffffffd1][0xfffffff0][0xffffffcf]y5[0xffffff83][0xffffffcf]y5[0xfffffff1][0xffffffcd][0xffffff99]D[0xffffffc0][0xffffffb1][0xffffffcf]y[0xffffffb5][0xfffffff0]U[0x19]2%L>[0xffffffe7]%[0xffffff81]dR[0xffffffc2][0xffffffe0]s^[0x1][0xffffffce][0xffffffec][0xffffff94]0[0xfffffffe][0xffffff9c][0xffffff97][0xffffff92]'[0xffffff9b][0x12]~[0xffffff9f][0xfffffff3]Rj[0xffffffe5]R[0xffffffc2][0xffffffe5]s^Q[0xffffffbc][0x17]RB}[0xffffffce]k[0xffffff9c][0xffffff8b][0xffffffda]v[0xffffffd9][0xfffffff0][0xffffffcf]y5[0xffffff83][0xffffffcf]y5[0xfffffff1][0xffffffcd][0xffffff99]D[0xffffffc0][0xffffffb1][0xffffffcf]y[0xffffffb5][0xfffffff0]U[0x19]2%L>[0xffffffe7]%[0xffffff81]dR[0xffffffc2][0xffffffe0]s^[0x1][0xffffffce][0xffffffec][0xffffff94]0[0xfffffffe][0xffffff9c][0xffffff97][0xffffff92]'[0xffffff9b][0x12]~[0xffffff9f][0xfffffff3]Rj[0xffffffe5]R[0xffffffc2][0xffffffe5]s^Q[0xffffffbc][0x17]Rb[0xffffffa8][0xffffff94][0xffffff98][0x3]{+1[0xfffffff0][0xffffff94][0x18][0x6])1"[0xffffffef][0xffffff89][0xffffff80][0xf],%[0xffffff86]SJD[0x14][0xffffff99][0xffffff94]P@2)[0x11][0xffffffb1][0xffffffcc]O[0xffffff89][0x1d][0xffffffce][0xffffffec][0xffffff94][0xffffffd8][0x11]uJ[0x9]!O6%[0xffffffa4]K[0xffffffd9][0xffffff94][0x10]j[0xffffffe5]R"[0xffffff98][0xffffff96]J[0xffffff89] [0xffffffde][0xb])1UJ[0xffffffac][0xffffff8a][0xffffffa5][0xffffffc4][0xffffffc4]Sb[0x1a][0xffffffa4][0xffffffc4][0xffffff8c][0xffffffbc]'[0x2]>[0xffffffb1][0xffffff94][0xffffff98]N)[0x11]QdRB[0x1][0xffffffc9][0xffffffa4]D[0xffffffc4]2?%v8[0xffffffb3]SbG[0xffffffd4])%[0xffffff84]<[0xffffffd9][0xffffff94][0xffffff90].eSB[0xffffffa8][0xffffff95]K[0xffffff89]`Z*%[0xffffff82]x/[0xffffffa4][0xffffff84]Z[0xffffff9c]=[0xffffffd6]:[0xffffffa9][0xffffff94][0xffffffc0][0x17]g7[0xffffff83][0xffffffc5][0xffffffd9]MlwM[0x4][0x1c][[0xffffff9c][0xffffffdd][0xffffffc2][0xfffffffe]V2%L[0x16]gK [0xffffff99][0xffffff94]0X[0xffffff9c][0x1d][0xffffffe0][0xffffffcc]N[0x9][0xffffffe3][0xffffffc5][0xffffffd9]J[0xffffff9e]lJ[0xfffffff8]-"
[DEBUG] http-outgoing-1 << "[0xffffffce]Vj[0xffffffe5]R[0xffffffc2]eqv[0x14][0xffffffef][0xffffffeb])[0xffffffd1][0xffffffd5][0xffffff8a][0xffffffaa][0xffffffb3]6[0xffffffea]s^[0x1d]_Q[0xffffffd5][\r]VTu[0xffffffb1]G%[0xf][0xfffffff0][0xffffff8e][0xffffffad][0xffffffa8][0xffffffea]aS[\n]"
[DEBUG] http-outgoing-1 << "[0xffffff98][0x12][0x2]E$%$[0xffffff90]HJ[0x8],[0xffffffd3]S"[0xffffffc0][0xffffff99][0xffffff9c][0x12][0x1]Q[0xffffffa3][0xffffff94]P[0xfffffff2]DSB[0xffffffbb][0x14]M[0x9][0xffffffa5]V,%[0xffffffa2]i[0xffffffa1][0xffffff94][0xffffff88][0xffffffe2][0xffffffbd][0xffffff90][0x12]E[0xffffffec][0xffffff95]8[+TJ[0x14]z[0xffffffaf][0xffffffc4][0xffffffe3][0x4]tJ[0xffffff94]8[0xfffffffc][0xffffff9c][0x8]x[0xffffffa1][0xfffffff6]J|{[0xffffffb2]GJD[0x14][0xffffff99][0xffffff94]P@2)[0x11][0xffffffb1][0xffffffcc]O[0xffffff89][0x1d][0xffffffce][0xffffffec][0xffffff94][0xffffffd8][0x11]uJ[0x9]!O6%[0xffffffa4]K[0xffffffd9][0xffffff94][0x10]j[0xffffffe5]R"[0xffffff98][0xffffff96]J[0xffffff89] [0xffffffde][0xb])Q[0xffffffd5][[0xffffff89][0xffffffb9][0xffffffa8][0xffffffbd][0x12]o[0xffffffe7][0xffffff81]S[0xffffffa2][0x1a][0xffffffbc][0xffffff95][0xffffffa8]1[0xffffff9d][0x13][0x1][0xffffffaf][0xffffffd8][[0xffffff89][0xffffffea][0xfffffff4]V"[0xffffffa2][0xffffffc8][0xffffffa4][0xffffff84][0x2][0xffffff92]I[0xffffff89][0xffffff88]e~J[0xffffffec]pf[0xffffffa7][0xffffffc4][0xffffff8e][0xffffffa8]SJ[0x8]y[0xffffffb2])!][0xffffffca][0xffffffa6][0xffffff84]P+[0xffffff97][0x12][0xffffffc1][0xffffffb4]TJ[0x4][0xfffffff1]^J[0xffffff89][0xffffffb8]8[0xffffff9b]M[0x9]xq[0xfffffff6][0xffffffe3][0x4]|J[0xffffff80][0xffffff8b][0xffffffb3][0x1f]O[0xffffffa7]R[0xffffffc2]gq[0xffffffb6]@[0xffffff91]J[0x9][0xffffff93][0xffffffc5][0xffffffd9][0x2]K"%[0xffffffd0][0xffffffc5][0xffffffd9][0x1]Q[0xffffffaf][0xffffff94][0xfffffff0]Z[0xffffff9c][0xffffffad]]J[0xffffffa7][0xffffff84][0xffffffcf][0xffffffe2][0xffffffec]hZ.%~zqvW+[0xffffffaa][0xffffffe6]q[0xffffffa3][0xffffffae]]v|EU7XQ[0xffffffd5][0xffffffc5][0x1e][0xffffff95]D[0xffffffc0][0xffffffb1][0x15]U=lJ!S[0xffffffc2]dE[0xffffff95][0x4][0xffffff92]I[0x9][0xffffff83][0x15]U[0x1][0xffffffce][0xffffffec][0xffffff94]0^Q[0xffffffa5][0xffffffe4][0xffffffc9][0xffffffa6][0xffffff84][0xffffffdf][0xffffff8a]*[0xffffffa5]V.%\VTE[0xfffffff1]^H[0x9][0xffffffb5][0xffffffa2]j[0xfffffff6][0xffffff86][0xffffffbd][0xffffff95][0xffffffc0]WTu[0xffffff83][0x15]U][0xffffffec]QI[0x4][0x1c][Q[0xffffffd5][0xffffffc3][0xffffffa6][0x14]2%LVTI [0xffffff99][0xffffff94]0XQ[0x15][0xffffffe0][0xffffffcc]N[0x9][0xffffffe3][0x15]UJ[0xffffff9e]lJ[0xfffffff8][0xffffffad][0xffffffa8]Rj[0xffffffe5]R[0xffffffc2]eEU[0x14][0xffffffef][0xffffff85][0xffffff94][0x18][0xffffffbf][0xffffff94][0xffffff98][0x12]g=[0xffffffa8][0xffffff94][0xffffffb8][0xffffff9f][0x7]N[0xffffff89][0xffffffb7][0x13][0xffffffd0])[0xfffffff1][0xffffffed][0xc]LJ[0xffffffbc]=[0xffffff9d]I[0xffffff89][0xffffff8f]'{[0xffffffa4]DD[0xffffff91]I[0x9][0x5]$[0xffffff93][0x12][0x11][0xffffffcb][0xfffffffc][0xffffff94][0xffffffd8][0xffffffe1][0xffffffcc]N[0xffffff89][0x1d]Q[0xffffffa7][0xffffff94][0x10][0xfffffff2]dSB[0xffffffba][0xffffff94]M[0x9][0xffffffa1]V.%[0xffffff82]i[0xffffffa9][0xffffff94][0x8][0xffffffe2][0xffffffbd][0xffffff90][0x12][0xffffffa7]x+[0xffffffb1][0xe]lq[0xfffffff6][0xffffffdb]y[0xffffffe0][0xffffff94]8[\r][0xffffffde]J[0xffffff9c]1[0xffffff9d][0x13][0x1]?[0xffffffb1][0xffffffb7][0x12][0xffffffa7][0xffffffd3][[0xffffff89][0xffffff88]"[0xffffff93][0x12][\n]"
[DEBUG] http-outgoing-1 << "H&%"[0xffffff96][0xfffffff9])[0xffffffb1][0xffffffc3][0xffffff99][0xffffff9d][0x12];[0xffffffa2]N)![0xffffffe4][0xffffffc9][0xffffffa6][0xffffff84]t)[0xffffff9b][0x12]B[0xffffffad]\J[0x4][0xffffffd3]R)[0x11][0xffffffc4]{!%[0xffffffd4][0xffffffb6][0xffffffcb]U[0xffffffb9]aP|[0xffffffdb]e7[0xffffffd8]v[0xffffffd9][0xffffffc5]J[0xffffffb6]D[0xffffffc0][0xffffffb1]m[0xffffff97]=,]#S[0xffffffc2]d[0xffffffdb][0xffffffa5][0x4][0xffffff92]I[0x9][0xffffff83]m[0xffffff97][0x1][0xffffffce][0xffffffec][0xffffff94]0[0xffffffde]v[0xffffffa9][0xffffffe4][0xffffffc9][0xffffffa6][0xffffff84][0xffffffdf][0xffffffb6]K[0xffffffa5]V.%\[0xffffffb6]]F[0xfffffff1]^H[0x9][0xffffffb5][0xffffffed]r[0xfffffff5][0xffffff8e]][0xffffffbb][0xffffffc4][0xffffffb7]]v[0xffffff83]m[0xffffff97]][0xffffffac]dK[0x4][0x1c][0xffffffdb]v[0xffffffd9][0xffffffc3][0xffffffd2]52%L[0xffffffb6]]J [0xffffff99][0xffffff94]0[0xffffffd8]v[0x19][0xffffffe0][0xffffffcc]N[0x9][0xffffffe3]m[0xffffff97]J[0xffffff9e]lJ[0xfffffff8]m[0xffffffbb]Tj[0xffffffe5]R[0xffffffc2]e[0xffffffdb]e[0x14][0xffffffef][0xffffffeb])1n1%[0xfffffffa][0xffffffed]V[0xffffffa9]m[0xffffff97]o[0xffffffe7]aS[0xffffffe2]q[0x2]8%[0xffffffbe][0xffffff9f][0x1]I[0xffffff89][0xffffffc7][0xffffffd3][0xffffff91][0xffffff94][0xfffffff8][0xfffffff6]d[0xffffff8b][0xffffff94][0x10](")![0xffffff81]DRB`[0xffffff99][0xffffff9e][0x12][0x1][0xffffffce][0xffffffe4][0xffffff94][0x8][0xffffff88][0x1a][0xffffffa5][0xffffff84][0xffffff92]'[0xffffff9a][0x12][0xffffffda][0xffffffa5]hJ([0xffffffb5]b)[0x11]M[0xb][0xffffffa5]D[0x14][0xffffffef][0xffffff85][0xffffff94][0x10][0xffffff8b][0xffffffb3][0xfffffffb][0xffffffad][0xffffffcf][0x1b][0xffffff95][0x12][0xfffffff8][0xffffffe2][0xffffffec]a[0xffffffb0]8{[0xffffff88][0xffffffed][0xffffffae][0xffffff89][0xffffff80]c[0xffffff8b][0xffffffb3]G[0xffffffd8][0xffffffdf]J[0xffffffa6][0xffffff84][0xffffffc9][0xffffffe2]l[0x9]$[0xffffff93][0x12][0x6][0xffffff8b][0xffffffb3][0x3][0xffffff9c][0xffffffd9])a[0xffffffbc]8[[0xffffffc9][0xffffff93]M[0x9][0xffffffbf][0xffffffc5][0xffffffd9]J[0xffffffad]\J[0xffffffb8],[0xffffffce][0xffffff8e][0xffffffe2][0xffffffbd][0xffffff94][0x12]aE[0x15][0xffffff9c][0x12][0xfffffff0][0xffffff8a][0xffffffaa][0xffffffc7][0x9][0xfffffff8][0xffffff94][0x0]WT=[0xffffff9e]N[0xffffffa5][0xffffff84][0xffffffcf][0xffffff8a]*[0xffffff81]"[0xffffff95][0x12]&+[0xffffffaa][0x4][0xffffff96]DJ[0xffffffa0]+[0xffffffaa][0x2][0xffffffa2]^)[0xffffffe1][0xffffffb5][0xffffffa2]J[0xffffffbb][0xffffff94]N[0x9][0xffffff9f][0x15]U[0xffffffd1][0xffffffb4]\J[0xfffffffc][0xfffffff4][0xffffff8a][0xffffffaa][0xfffffffb]?c[0xffffff98][0xffffffa5][0xffffffc4][0xffffffc0]Sb[0x18][0xffffffa4][0xffffffc4]@Sb`)1[0xffffff9c]RbG[0xffffff91]J[0xffffff89][0x8]$[0xffffff95][0x12];[0xffffff96]DJ[0xc]8%[0xffffff86]qJ[0x4]y[0xffffffd2])!\J[0xffffffa7]DP+[0xffffff99][0x12][0xffffffc3]%%[0xffffffc6][0xffffffdf]!%[0xffffff8e]i[0xffffffd6][0x12][0xffffffc7][0xffffffc4]c[0xffffffe2]~[0x4][0xffffffbe]&>[0xe]A[0xffffffe5][0xffffffc4][0xfffffffd][0xfffffff1]TO[0xffffffbc]?[0xffffffda]%([0x2][0xffffff8f]TQ[0x8]*[0xffffffa9][0xffffffa4][0x8]l[0x12]M[0xffffffb1][0x11][0xffffff9a][0x1f][0x15][0x1b][0xffffffa7]^U[0x11]5Jg[0xffffff85][0xffffffb2]*[0xffffffdd][0x15]Q[0xffffffb2]dX[0xffffffec][0xffffffce][0xffffffe5][0xffffffca]bW[0xfffffff0][0xffffffa5][0xffffffb4]([0xffffffcb],-[0xffffffca][0xffffffc2][0xffffffd3][0xffffffe2]~[0x4]>->[0xe]A[0xffffffa5][0xffffffc5][0xfffffffd][0xfffffff1]TZ[0xffffffbc]?[0xffffffda]%-[0x2][0xffffff8f]TZ[0x8]*[0xffffffa9][0xffffffb4][0x8]l[0x12]i[0xffffffb1][0x11][0xffffff9a][0xffffff9f][0x16][0x1b][0xffffffa7]^i[0x11]5J[0xffffffa7][0xffffff85][0xffffffb2]*[0xffffff9d][0x16]Q[0xffffffb2]dZ[0xffffffec][0xffffffce][0xffffffe5][0xffffffd2]bW[0xfffffff0][0xffffffa5][0xffffffb4][0xffffffa8]niQ[0xfffffff9][0xffffffb4][0xffffffa8][0xe]iQ[0xffffffd9][0xffffffb4][0xffffffa8]\ZT[0xffffffab][0xffffffb4][0x8]<Ri![0xffffffa8][0xffffffa4][0xffffffd2]"[0xffffffb0]I[0xffffffa4]E[0xffffffa5][0xffffffd3][0xffffffa2]:[0xffffffa7]E[0xffffffd4]([0xffffff9d][0x16][0xffffffca][0xffffffaa]tZD[0xffffffc9][0xffffff92]i[0xffffffb1];[0xffffff97]K[0xffffff8b]][0xffffffc1][0xffffff97][0xffffffd2][0xffffffe2][0xffffffb1]s[0xffffffc2])-[0xfffffffa][0xffffff89][0xffffffa7][0xffffffc5][0xfffffffd][0x8]|Z|[0x1c][0xffffff82]J[0xffffff8b][0xfffffffb][0xffffffe3][0xffffffa9][0xffffffb4]x[0x7f][0xffffffb4]KZ[0x4][0x1e][0xffffffa9][0xffffffb4][0x10]TRi[0x11][0xffffffd8]$[0xffffffd2]b#4?-6N[0xffffffbd][0xffffffd2]"j[0xffffff94]N[0xb]eU:-[0xffffffa2]d[0xffffffc9][0xffffffb4][0xffffffd8][0xffffff9d][0xffffffcb][0xffffffa5][0xffffffc5][0xffffffae][0xffffffe0]Ki1[0xffffffdc][0xffffffde]Z[0xc][0xfffffffe][0xffffffad][0xffffffc5]pxk1[0xffffffd8][0xffffffb7][0x16][0xffffff83]{k1[0xffffffac][0xffffffde]Z[0x4][0x1e][0xffffffa9][0xffffffb4][0x10]TRi[0x11][0xffffffd8]$[0xffffffd2]b[0xffffffd0]o-[0xffffff86][0xfffffff3][[0xffffff8b][0xffffffa8]Q:-[0xffffff94]U[0xffffffe9][0xffffffb4][0xffffff88][0xffffff92]%[0xffffffd3]bw.[0xffffff97][0x16][0xffffffbb][0xffffff82]/[0xffffffa5][0xffffffc5]jfi[0xffffffb1][0x1a][0xffffff9e][0x16][0xfffffff7]#[0xfffffff0]i[0xfffffff1]q[0x8]*-[0xffffffee][0xffffff8f][0xffffffa7][0xffffffd2][0xffffffe2][0xfffffffd][0xffffffd1].i[0x11]x[0xffffffa4][0xffffffd2]BPI[0xffffffa5]E`[0xffffff93]H[0xffffff8b][0xffffff8d][0xffffffd0][0xfffffffc][0xffffffb4][0xffffffd8]8[0xfffffff5]J[0xffffff8b][0xffffffa8]Q:-[0xffffff94]U[0xffffffe9][0xffffffb4][0xffffff88][0xffffff92]%[0xffffffd3]bw.[0xffffff97][0x16][0xffffffbb][0xffffff82]/[0xffffffa5][0xffffffc5]q[0x1c]fmq?[0x11][0x1e][0x17]og[0xffffffe0][0xffffffeb][0xffffffe2][0xffffffdb])[0xffffffa8][0xffffffbc]x{>[0xffffffd5][0x17][0x1f][0xffffffcf]v[0x9][0xffffff8c][0x8]%U[0x18][\n]"
[DEBUG] http-outgoing-1 << "M*1"[0xffffffa0]Dc[0xffffffec][0xffffff98][0xffffffe6]G[0xffffffc6][0xe][0xffffffab]We[0x8][0xffffffa1][0xffffffd2][0xffffff99]![0xfffffffd]Jw[0xffffff86][0xffffffd0]-[0x19][0x1a][0xffffffc1][0xffffffbe]\i[0x4][0x19]_K[0xffffff8d]b7[0xffffff8d]Z[0xc][0xffffffc6]Q[0xffffff8b][0xffffffc5]<j[0xffffff81][0x7]R[0xb]8[0xffffff91]Z[0xffffffbc]FR[0x3][0xffffff94]Xj[0x8]4[0xffffffb1][0xffffffd4][0x8][0xffffff80]"[0xffffffa9]Q[0xfffffff0][0xffffffb1][0xffffffd4]b=[0xffffff97][0x1a][0xffffff85][0xffffff8a][0xffffffa7][0xffffff86][0xfffffff2]+[0xffffff9e][0x1a]Q[0xffffffb7]hj[0xffffffec][0xfffffff6][0x5]Sc[0xffffff97][0xfffffff1]+[0xffffffa9]Q[0xffffffdf][0xffffffff])E,[0xfffffff6]>[0xffffff8e]U[0xffffffd3]C[0xffffffe3][0xfffffff3]<Tf|9[0x1][0x16][0x19][0xffffffdb][0x19][0xffffff92][0x13][0xffffffe3][0xffffffcb][0xffffffd3][0xffffff93][0x3][0xffffffe3][0xffffffd7]O[0xffffff86][0xfffffff3][0xffffffe2])[0xffffff8a][0xffffffc9]q[0xfffffff1][0x3] [0xffffff93][0xffffffd3][0xffffffe2])[0xffffff96][0xffffff89]a[0xfffffff1][0x4][0xffffffce][0xffffffb4][0xffffffac]x[0xffffff82][0xffffffa8]ET<[0xffffff97]'[0xffffff94][0x14]?r)[0x14][0x14][0xffffffcf][0xffffffd5][\n]"
[DEBUG] http-outgoing-1 << "[0xffffffe4][0xffffffc4]3[0xffffffd3][0xffffffa6][0xffffffc7][0xffffffc4]3[0xfffffff1]^J[0xffffff89]n[0xffffff96][0x12][0x1d]O[0xffffff89]n[0xffffff90][0x12][0x1d]M[0xffffff89][0xffffff8e][0xffffffa5]DwJ[0xffffff89][0x1d]E*%"[0xffffff90]TJ[0xffffffec]X[0x12])[0xffffffd1][0xffffffe1][0xffffff94][0xffffffe8][0xffffffc6])[0x11][0xffffffe4]I[0xffffffa7][0xffffff84]p)[0xffffff9d][0x12]A[0xffffffad]dJt[0xffffff97][0xffffff94][0xffffffe8]?[0xffffff9d][0x12]U[0xffffffbd][0xffffff95][0xffffffa8][0xffffffb3]P)Q[0xfffffff1][0xffffffb7][0x12][0xffffffd5][0xffffffe0][0xffffffad]D[0xffffff8d][0xffffffe9][0xffffff9c][0x8]x[0xffffffc5][0xffffffde]JT[0xffffffa7][0xffffffb7][0x12][0x11]E&%[0x14][0xffffff90]LJD,[0xfffffff3]Sb[0xffffff87]3;%vD[0xffffff9d]RB[0xffffffc8][0xffffff93]M[0x9][0xffffffe9]R6%[0xffffff84]Z[0xffffffb9][0xffffff94][0x8][0xffffffa6][0xffffffa5]R"[0xffffff88][0xfffffff7]BJt[0xffffff91][0x12][0xffffffe5]V[0x6][0xffffff95][0x12][0x1d]O[0xffffff89]n[0xffffff90][0x12]=[0xfffffff2][0xffffff9e][0x8]x[0xffffffc7]R[0xffffffa2];[0xffffffa5]DD[0xffffff91]I[0x9][0x5]$[0xffffff93][0x12][0x11][0xffffffcb][0xfffffffc][0xffffff94][0xffffffd8][0xffffffe1][0xffffffcc]N[0xffffff89][0x1d]Q[0xffffffa7][0xffffff94][0x10][0xfffffff2]dSB[0xffffffba][0xffffff94]M[0x9][0xffffffa1]V.%[0xffffff82]i[0xffffffa9][0xffffff94][0x8][0xffffffe2][0xffffffbd][0xffffff90][0x12]S[0xffffffa5][0xffffffc4][0x1a][0x7][0xffffff95][0x12][0x13]O[0xffffff89]i[0xffffff90][0x12]3[0xfffffff2][0xffffff9e][0x8][0xfffffff8][0xffffffc4]Rb:[0xffffffa5]DD[0xffffff91]I[0x9][0x5]$[0xffffff93][0x12][0x11][0xffffffcb][0xfffffffc][0xffffff94][0xffffffd8][0xffffffe1][0xffffffcc]N[0xffffff89][0x1d]Q[0xffffffa7][0xffffff94][0x10][0xfffffff2]dSB[0xffffffba][0xffffff94]M[0x9][0xffffffa1]V.%[0xffffff82]i[0xffffffa9][0xffffff94][0x8][0xffffffe2][0xffffffbd][0xffffff90][0x12]K[0xffffffa4]D-}Q)[0xffffffb1][0xfffffff0][0xffffff94]X[0x6])[0xffffffb1]"[0xffffffef][0xffffff89][0xffffff80]/,%[0xffffff96]SJD[0x14][0xffffff99][0xffffff94]P@2)[0x11][0xffffffb1][0xffffffcc]O[0xffffff89][0x1d][0xffffffce][0xffffffec][0xffffff94][0xffffffd8][0x11]uJ[0x9]!O6%[0xffffffa4]K[0xffffffd9][0xffffff94][0x10]j[0xffffffe5]R"[0xffffff98][0xffffff96]J[0xffffff89] [0xffffffde]K)Q[0xffffffcc]R[0xffffffa2][0xffffffe0])Q[0xc]R[0xffffffa2][0xffffffa0])Q[0xffffffb0][0xffffff94](N)[0xffffffb1][0xffffffa3]H[0xffffffa5]D[0x4][0xffffff92]J[0xffffff89][0x1d]K"%[\n]"
[DEBUG] http-outgoing-1 << "[0xffffff9c][0x12][0xffffffc5]8%[0xffffff82]<[0xffffffe9][0xffffff94][0x10].[0xffffffa5]S"[0xffffffa8][0xffffff95]L[0xffffff89][0xffffffe2][0xffffff92][0x12][0xffffffe5]gS[0xffffffe2][0xffffffbc][0xffffffa9][0xffffffb7][0x12][0x3][0xffffffbb]v[0xfffffff9]v[0x1e]6%[0x1e]'[0xffffff80]S[0xffffffe2][0xfffffffb][0x19][0xffffff90][0xffffff94]x<[0x1d]I[0xffffff89]oO[0xffffffb6]H[0x9][0xffffff81]"[0xffffff92][0x12][0x12]H$%[0x4][0xffffff96][0xffffffe9])[0x11][0xffffffe0]LN[0xffffff89][0xffffff80][0xffffffa8]QJ(y[0xffffffa2])[0xffffffa1]][0xffffff8a][0xffffffa6][0xffffff84]R+[0xffffff96][0x12][0xffffffd1][0xffffffb4]PJD[0xfffffff1]^H[0xffffff89]C[0xffffffa5][0xffffffc4]<[0x1b][0xffffff95][0x12][0x7][0xffffff9e][0x12][0xffffff87]AJ[0x1c][0xffffff91][0xfffffff7]D[0xffffffc0][0xf],%[0xe][0xffffffa7][0xffffff94][0xffffff88](2)[0xffffffa1][0xffffff80]dR"b[0xffffff99][0xffffff9f][0x12];[0xffffff9c][0xffffffd9])[0xffffffb1]#[0xffffffea][0xffffff94][0x12]B[0xffffff9e]lJH[0xffffff97][0xffffffb2])![0xffffffd4][0xffffffca][0xffffffa5]D0-[0xffffff95][0x12]A[0xffffffbc][0x17]RB[0xffffffad][0xffffffa8]j[0xfffffff5]F[0xfffffffd][0xffffffc0]q[0xffffffe2]+[0xffffffaa]N[0xffffff83][0x15]U[0xffffffa7][0xffffffd8][0xffffffa3][0xffffff92][0x8]8[0xffffffb6][0xffffffa2][0xffffffea][0xc][0xffffff9b]R[0xffffffc8][0xffffff94]0YQ%[0xffffff81]dR[0xffffffc2]`EU[0xffffff80]3;%[0xffffff8c]WT)y[0xffffffb2])[0xffffffe1][0xffffffb7][0xffffffa2]J[0xffffffa9][0xffffff95]K[0x9][0xffffff97][0x15]UQ[0xffffffbc][0xffffff97]R"[0xffffffde][0xffffff95]`S[0x2][0xffffffbe]+[0xfffffff1]8[0x1][0xffffff9f][0x12][0xffffffe0]][0xffffff89][0xffffffc7][0xffffffd3][0xffffffa9][0xffffff94][0xfffffff0][0xffffffb9]+!P[0xffffffa4]R[0xffffffc2][0xffffffe4][0xffffffae][0xffffff84][0xffffffc0][0xffffff92]H[0x9][0xfffffff4][0xffffffae]D@[0xffffffd4]+%[0xffffffbc][0xffffffee]Jh[0xffffff97][0xffffffd2])[0xffffffe1]sW"[0xffffff9a][0xffffff96]K[0xffffff89][0xffffff9f][0xffffffbf]+Q[0xffffffd5][[0xffffff89]vv*%*[0xfffffffe]V[0xffffffa2][0x1a][0xffffffbc][0xffffff95][0xffffffa8]1[0xffffff9d][0x13][0x1][0xffffffaf][0xffffffd8][[0xffffff89][0xffffffea][0xfffffff4]V"[0xffffffa2][0xffffffc8][0xffffffa4][0xffffff84][0x2][0xffffff92]I[0xffffff89][0xffffff88]e~J[0xffffffec]pf[0xffffffa7][0xffffffc4][0xffffff8e][0xffffffa8]SJ[0x8]y[0xffffffb2])!][0xffffffca][0xffffffa6][0xffffff84]P+[0xffffff97][0x12][0xffffffc1][0xffffffb4]TJ[0x4][0xfffffff1]^H[0xffffff89][0xffffffa6]Rb[0xffffffce]F[0xffffffa5]D[0xffffffc3]S[0xffffffa2][0x19][0xffffffa4]D[0xffffff8b][0xffffffbc]'[0x2][0xffffffde][0xffffffb0][0xffffff94]hN)[0x11]QdRB[0x1][0xffffffc9][0xffffffa4]D[0xffffffc4]2?%v8[0xffffffb3]SbG[0xffffffd4])%[0xffffff84]<[0xffffffd9][0xffffff94][0xffffff90].eSB[0xffffffa8][0xffffff95]K[0xffffff89]`Z*%[0xffffff82]x/[0xffffffa4][0xffffff84][0xffffffda]v[0xffffffd9]o%[0xffffffff][0xffffffbb][0xffffffa1][0xffffff9f][0xffffffe7][0xffffff81]S[0xffffffc2]`[0xffffffdb][0xffffffe5])V[0xffffffb2]%[0x2][0xffffff8e]m[0xffffffbb]<[0xffffffc3][0xffffffd2]52%L[0xffffffb6]]J [0xffffff99][0xffffff94]0[0xffffffd8]v[0x19][0xffffffe0][0xffffffcc]N[0x9][0xffffffe3]m[0xffffff97]J[0xffffff9e]lJ[0xfffffff8]m[0xffffffbb]Tj[0xffffffe5]R[0xffffffc2]e[0xffffffdb]e[0x14][0xffffffef][0xffffff85][0xffffff94][0x18]*%[0xffffffda]A-[0xffffffce]~;[0xf][0xffffff9c][0x12][0xffffffc3] %F[0xffffffe4]=[0x11][0xfffffff0][0xffffff81][0xffffffa5][0xffffffc4]pJ[0xffffff89][0xffffff88]"[0xffffff93][0x12][\n]"
[DEBUG] http-outgoing-1 << "H&%"[0xffffff96][0xfffffff9])[0xffffffb1][0xffffffc3][0xffffff99][0xffffff9d][0x12];[0xffffffa2]N)![0xffffffe4][0xffffffc9][0xffffffa6][0xffffff84]t)[0xffffff9b][0x12]B[0xffffffad]\J[0x4][0xffffffd3]R)[0x11][0xffffffc4]{!%N[0xffffff95][0x12][0x1d][Q[0xfffffff5]v[0x1e]8%N[0xffffff83][0xffffff94]8#[0xffffffef][0xffffff89][0xffffff80][0xffffff9f]XJ[0xffffff9c]N)[0x11]QdRB[0x1][0xffffffc9][0xffffffa4]D[0xffffffc4]2?%v8[0xffffffb3]SbG[0xffffffd4])%[0xffffff84]<[0xffffffd9][0xffffff94][0xffffff90].eSB[0xffffffa8][0xffffff95]K[0xffffff89]`Z*%[0xffffff82]x/[0xffffffa4][0xffffff84][0xfffffffa][0x6]G[0xffffff9f][0xffffff93][0xfffffffa][0x6][0xffffffc7][0xffffff89][0x7f][0xffffff83][0xffffffe3]4[0xfffffff8][0x6][0xffffffc7])[0x16][0xffffffc5]'[0x2][0xffffff8e]}[0xffffff83][0xffffffe3][0xc][0xffffffab][0xffffffe0][0xffffffc9][0xffffff94]0[0xfffffff9][0x6][0xffffff87][0x4][0xffffff92]I[0x9][0xffffff83]op[0x4]8[0xffffffb3]S[0xffffffc2][0xfffffff8][0x1b][0x1c]J[0xffffff9e]lJ[0xfffffff8]}[0xffffff83]C[0xffffffa9][0xffffff95]K[0x9][0xffffff97]opD[0xfffffff1]^H[0x9][0xfffffff5][\r][0xffffff8e][0xffffffbe]*[0xffffffb6][0xffffffed][0x12][0xffffffff][0x6][0xffffffc7]i[0xfffffff0][\r][0xffffff8e]S,[0xffffff8a]O[0x4][0x1c][0xfffffffb][0x6][0xffffffc7][0x19]V[0xffffffc1][0xffffff93])a[0xfffffff2][\r][0xe][0x9]$[0xffffff93][0x12][0x6][0xffffffdf][0xffffffe0][0x8]pf[0xffffffa7][0xffffff84][0xfffffff1]78[0xffffff94]<[0xffffffd9][0xffffff94][0xfffffff0][0xfffffffb][0x6][0xffffff87]R+[0xffffff97][0x12].[0xffffffdf][0xffffffe0][0xffffff88][0xffffffe2]}=%[0xffffffa6]Z[0xffffff9c][0xffffffdd][0xffffffd7][0xffffffa0][0xffffffee]JL|q[0xfffffff6]4X[0xffffff9c]=[0xffffffc5]v[0xffffffd7]<[0xffffffc0]'[0xffffffb6]8{[0xffffff86][0xfffffffd][0xffffffad]`J[0x8][0x14][0xffffff91][0xffffff94][0xffffff90]@")![0xffffffb0]LO[0xffffff89][0x0]grJ[0x4]D[0xffffff8d]RB[0xffffffc9][0x13]M[0x9][0xffffffed]R4%[0xffffff94]Z[0xffffffb1][0xffffff94][0xffffff88][0xffffffa6][0xffffff85]R"[0xffffff8a][0xfffffff7]BJ[0xffffffa8][0xffffffc5][0xffffffd9]}-j[0xffffffaf][0xffffffc4][0xffffffc4][0x17]gO[0xffffff83][0xffffffc5][0xffffffd9]SlwM[0x4][0x1c][[0xffffff9c]=[0xffffffc3][0xfffffffe]V2%L[0x16]gK [0xffffff99][0xffffff94]0X[0xffffff9c][0x1d][0xffffffe0][0xffffffcc]N[0x9][0xffffffe3][0xffffffc5][0xffffffd9]J[0xffffff9e]lJ[0xfffffff8]-[0xffffffce]Vj[0xffffffe5]R[0xffffffc2]eqv[0x14][0xffffffef][0xffffff85][0xffffff94][0xffffffa8]"%[0xffffffc6][0xffffffb1]*[0xffffff95][0x12][0x15]O[0xffffff89]j[0xffffff90][0x12]5[0xfffffff2][0xffffff9e][0x8]x[0xffffffc5]R[0xffffffa2]:[0xffffffa5]DD[0xffffff91]I[0x9][0x5]$[0xffffff93][0x12][0x11][0xffffffcb][0xfffffffc][0xffffff94][0xffffffd8][0xffffffe1][0xffffffcc]N[0xffffff89][0x1d]Q[0xffffffa7][0xffffff94][0x10][0xfffffff2]dSB[0xffffffba][0xffffff94]M[0x9][0xffffffa1]V.%[0xffffff82]i[0xffffffa9][0xffffff94][0x8][0xffffffe2][0xffffffbd][0xffffff90][0x12]jE[0xffffffd5][0xffffffe8]cR)[0xffffff81][0xffffffaf][0xffffffa8][0xffffff9a][0x6]+[0xffffffaa][0xffffffa6][0xffffffd8][0xffffffa3][0xffffff92][0x8]8[0xffffffb6][0xffffffa2]j[0xffffff86]M)dJ[0xffffff98][0xffffffac][0xffffffa8][0xffffff92]@2)a[0xffffffb0][0xffffffa2]*[0xffffffc0][0xffffff99][0xffffff9d][0x12][0xffffffc6]+[0xffffffaa][0xffffff94]<[0xffffffd9][0xffffff94][0xfffffff0][Q[0xffffffa5][0xffffffd4][0xffffffca][0xffffffa5][0xffffff84][0xffffffcb][0xffffff8a][0xffffffaa]([0xffffffde][0xb])[0xffffffa1]VT[0xffffff8d][0xffffffb3]`)[0xffffff81][0xffffffaf][0xffffffa8][0xffffff9a][0x6]+[0xffffffaa][0xffffffa6][0xffffffd8][0xffffffa3][0xffffff92][0x8]8[0xffffffb6][0xffffffa2]j[0xffffff86]M)dJ[0xffffff98][0xffffffac][0xffffffa8][0xffffff92]@2)a[0xffffffb0][0xffffffa2]*[0xffffffc0][0xffffff99][0xffffff9d][0x12][0xffffffc6]+[0xffffffaa][0xffffff94]<[0xffffffd9][0xffffff94][0xfffffff0][Q[0xffffffa5][0xffffffd4][0xffffffca][0xffffffa5][0xffffff84][0xffffffcb][0xffffff8a][0xffffffaa]([0xffffffde][0xb])[0xffffffa1]VT[0xffffff9d]G[0xffffffc3]~[0xffffffe0][0xffffffc0]WTM[0xffffff83][0x15]US[0xffffffec]QI[0x4][0x1c][Q5[0xffffffc3][0xffffffa6][0x14]2%LVTI [0xffffff99][0xffffff94]0XQ[0x15][0xffffffe0][0xffffffcc]N[0x9][0xffffffe3][0x15]UJ[0xffffff9e]lJ[0xfffffff8][0xffffffad][0xffffffa8]Rj[0xffffffe5]R[0xffffffc2]eEU[0x14][0xffffffef][0xffffff85][0xffffff94]P+[0xffffffaa][0xffffffce]z`)[0xffffff81][0xffffffaf][0xffffffa8][0xffffff9a][0x6]+[0xffffffaa][0xffffffa6][0xffffffd8][0xffffffa3][0xffffff92][0x8]8[0xffffffb6][0xffffffa2]j[0xffffff86]M)dJ[0xffffff98][0xffffffac][0xffffffa8][0xffffff92]@2)a[0xffffffb0][0xffffffa2]*[0xffffffc0][0xffffff99][0xffffff9d][0x12][0xffffffc6]+[0xffffffaa][0xffffff94]<[0xffffffd9][0xffffff94][0xfffffff0][Q[0xffffffa5][0xffffffd4][0xffffffca][0xffffffa5][0xffffff84][0xffffffcb][0xffffff8a][0xffffffaa]([0xffffffde][0xb])[0xffffffa1]VT[0xffffff9d]'[0xffffffb6]8{[0xffffffe2]+[0xffffffaa][0xffffffa6][0xffffffc1][0xffffff8a][0xffffffaa])[0xfffffff6][0xffffffa8]$[0x2][0xffffff8e][0xffffffad][0xffffffa8][0xffffff9a]aS[\n]"
[DEBUG] http-outgoing-1 << "[0xffffff99][0x12]&+[0xffffffaa]$[0xffffff90]LJ[0x18][0xffffffac][0xffffffa8][\n]"
[DEBUG] http-outgoing-1 << "pf[0xffffffa7][0xffffff84][0xfffffff1][0xffffff8a]*%O6%[0xfffffffc]VT)[0xffffffb5]r)[0xffffffe1][0xffffffb2][0xffffffa2]*[0xffffff8a][0xfffffff7]BJ[0xffffffa8][0x15]U[0xffffffe7][0xffffffba]a)[0xffffff81][0xffffffaf][0xffffffa8][0xffffff9a][0x6]+[0xffffffaa][0xffffffa6][0xffffffd8][0xffffffa3][0xffffff92][0x8]8[0xffffffb6][0xffffffa2]j[0xffffff86]M)dJ[0xffffff98][0xffffffac][0xffffffa8][0xffffff92]@2)a[0xffffffb0][0xffffffa2]*[0xffffffc0][0xffffff99][0xffffff9d][0x12][0xffffffc6]+[0xffffffaa][0xffffff94]<[0xffffffd9][0xffffff94][0xfffffff0][Q[0xffffffa5][0xffffffd4][0xffffffca][0xffffffa5][0xffffff84][0xffffffcb][0xffffff8a][0xffffffaa]([0xffffffde][0xffffffd7]Sb[0xffffffa9][0x15]U[0xffffffb3][0x1e][\r]J[0xffffff89][0xffffff85][0xffffffaf][0xffffffa8]Z[0x6]+[0xffffffaa][0xffffff96][0xffffffd8][0xffffffa3][0xffffff92][0x7][0xfffffff8][0xffffffc2]VT[0xffffffad][0xffffffb0])[0x5]L[0x9][0xffffff81]"[0xffffff92][0x12][0x12]H$%[0x4][0xffffff96][0xffffffe9])[0x11][0xffffffe0]LN[0xffffff89][0xffffff80][0xffffffa8]QJ(y[0xffffffa2])[0xffffffa1]][0xffffff8a][0xffffffa6][0xffffff84]R+[0xffffff96][0x12][0xffffffd1][0xffffffb4]PJD[0xfffffff1]^H[0x9][0xffffffb5][0xffffffa2]j[0xffffffb6]B[0xffffffdd][0xffffff95]X[0xfffffff8][0xffffff8a][0xffffffaa]e[0xffffffb0][0xffffffa2]j[0xffffff89]=*[0xffffff89][0xffffff80]c+[0xffffffaa]V[0xffffffd8][0xffffff94]B[0xffffffa6][0xffffff84][0xffffffc9][0xffffff8a]*[0x9]$[0xffffff93][0x12][0x6]+[0xffffffaa][0x2][0xffffff9c][0xffffffd9])a[0xffffffbc][0xffffffa2]J[0xffffffc9][0xffffff93]M[0x9][0xffffffbf][0x15]UJ[0xffffffad]\J[0xffffffb8][0xffffffac][0xffffffa8][0xffffff8a][0xffffffe2][0xffffffbd][0xffffff90][0x12]E[0xffffffa5][0xffffffc4]l[0xffffffd4][0xf][0x1c]o[0xffffffe7][0xffffff81]S[0xffffffa2][0x18][0xffffffa4]D[0xffffff89][0xffffffbc]'[0x2]^[0xffffffb0][0xffffff94](N)[0x11]QdRB[0x1][0xffffffc9][0xffffffa4]D[0xffffffc4]2?%v8[0xffffffb3]SbG[0xffffffd4])%[0xffffff84]<[0xffffffd9][0xffffff94][0xffffff90].eSB[0xffffffa8][0xffffff95]K[0xffffff89]`Z*%[0xffffff82]x/[0xffffffa4]D[0xffffff95])1[0xffffffb1][0xffffff94][0xffffffa8]xJT[0xffffff83][0xffffff94][0xffffffa8][0xffffff91][0xfffffff7]D[0xffffffc0]+[0xffffff96][0x12][0xffffffd5])%"[0xffffff8a]LJ( [0xffffff99][0xffffff94][0xffffff88]X[0xffffffe6][0xffffffa7][0xffffffc4][0xe]gvJ[0xffffffec][0xffffff88]:[0xffffffa5][0xffffff84][0xffffff90]'[0xffffff9b][0x12][0xffffffd2][0xffffffa5]lJ[0x8][0xffffffb5]r)[0x11]LK[0xffffffa5]D[0x10][0xffffffef][0xffffff85][0xffffff94]P[0xffffffdb].[0xffffffe7]*[0xffffff85]J[0x9]|[0xffffffdb][0xffffffe5]2[0xffffffd8]v[0xffffffb9][0xffffffc4]J[0xffffffb6]D[0xffffffc0][0xffffffb1]m[0xffffff97]+,]#S[0xffffffc2]d[0xffffffdb][0xffffffa5][0x4][0xffffff92]I[0x9][0xffffff83]m[0xffffff97][0x1][0xffffffce][0xffffffec][0xffffff94]0[0xffffffde]v[0xffffffa9][0xffffffe4][0xffffffc9][0xffffffa6][0xffffff84][0xffffffdf][0xffffffb6]K[0xffffffa5]V.%\[0xffffffb6]]F[0xfffffff1]^H[0x9][0xffffffb5][0xffffffed]r[0xffffffae]~P)[0xffffff81]o[0xffffffbb]\[0x6][0xffffffdb].[0xffffff97]X[0xffffffc9][0xffffff96][0x8]8[0xffffffb6][0xffffffed]r[0xffffff85][0xffffffa5]kdJ[0xffffff98]l[0xffffffbb][0xffffff94]@2)a[0xffffffb0][0xffffffed]2[0xffffffc0][0xffffff99][0xffffff9d][0x12][0xffffffc6][0xffffffdb].[0xffffff95]<[0xffffffd9][0xffffff94][0xfffffff0][0xffffffdb]v[0xffffffa9][0xffffffd4][0xffffffca][0xffffffa5][0xffffff84][0xffffffcb][0xffffffb6][0xffffffcb]([0xffffffde][0xb])[0xffffffa1][0xffffffb6]][0xffffffae][0xffffffdb][0xffffffed][0xffffffa4]R[0x2][0xffffffdf]v[0xffffffb9][0xc][0xffffffb6]].[0xffffffb1][0xffffff92]-[0x11]pl[0xffffffdb][0xffffffe5][\n]"
[DEBUG] http-outgoing-1 << "K[0xffffffd7][0xffffffc8][0xffffff94]0[0xffffffd9]v)[0xffffff81]dR[0xffffffc2]`[0xffffffdb]e[0xffffff80]3;%[0xffffff8c][0xffffffb7]]*y[0xffffffb2])[0xffffffe1][0xffffffb7][0xffffffed]R[0xffffffa9][0xffffff95]K[0x9][0xffffff97]m[0xffffff97]Q[0xffffffbc][0x17]RBm[0xffffffbb]\G[0xffffffa7][0xffffffbe][0xffffffc1][0xffffffb1][0xfffffff0]m[0xffffff97][0xffffffcb]`[0xffffffdb][0xffffffe5][0x12]+[0xffffffd9][0x12][0x1][0xffffffc7][0xffffffb6]][0xffffffae][0xffffffb0]t[0xffffff8d]L[0x9][0xffffff93]m[0xffffff97][0x12]H&%[0xc][0xffffffb6]][0x6]8[0xffffffb3]S[0xffffffc2]x[0xffffffdb][0xffffffa5][0xffffff92]'[0xffffff9b][0x12]~[0xffffffdb].[0xffffff95]Z[0xffffffb9][0xffffff94]p[0xffffffd9]v[0x19][0xffffffc5]{)%[0xffffff8a]YJ[0x14]<%[0xffffff8a]AJ[0x14]4%[\n]"
[DEBUG] http-outgoing-1 << "[0xffffff96][0x12][0xffffffc5])%v[0x14][0xffffffa9][0xffffff94][0xffffff88]@R)[0xffffffb1]cI[0xffffffa4]D[0xffffff81]S[0xffffffa2][0x18][0xffffffa7]D[0xffffff90]'[0xffffff9d][0x12][0xffffffc2][0xffffffa5]tJ[0x4][0xffffffb5][0xffffff92])Q\R[0xffffffa2][0xfffffffc]tJ[0xffffffa8][0xffffffc5][0xffffffd9]kTl[0xffffffaf][0x4][0xffffffbe]8{[0x19],[0xffffffce]^b[0xffffffbb]k"[0xffffffe0][0xffffffd8][0xffffffe2][0xffffffec][0x15][0xfffffff6][0xffffffb7][0xffffff92])a[0xffffffb2]8[[0x2][0xffffffc9][0xffffffa4][0xffffff84][0xffffffc1][0xffffffe2][0xffffffec][0x0]gvJ[0x18]/[0xffffffce]V[0xfffffff2]dS[0xffffffc2]oq[0xffffffb6]R+[0xffffff97][0x12].[0xffffff8b][0xffffffb3][0xffffffa3]x/[0xffffffa4][0xffffff84]Z[0xffffff9c][0xffffffbd][0xffffffe6][0xffffff81][0xffffffdd][0xffffff95][0xffffffc0][0x17]g/[0xffffff83][0xffffffc5][0xffffffd9]KlwM[0x4][0x1c][[0xffffff9c][0xffffffbd][0xffffffc2][0xfffffffe]V2%L[0x16]gK [0xffffff99][0xffffff94]0X[0xffffff9c][0x1d][0xffffffe0][0xffffffcc]N[0x9][0xffffffe3][0xffffffc5][0xffffffd9]J[0xffffff9e]lJ[0xfffffff8]-[0xffffffce]Vj[0xffffffe5]R[0xffffffc2]eqv[0x14][0xffffffef][0xffffffcb])Qo[0xffffffb7][0xfffffff8][0x3][0xffffffc7][0xffffffb8][0xffffffdd][0xffffffa8]m[0xffffff97][0xffffff8f][0xfffffff3][0xffffffa0])[0xfffffff1]~[0x2]6%>[0xffffffcf]@[0xffffffa4][0xffffffc4][0xfffffffb][0xffffffd3][0xffffff89][0xffffff94][0xfffffff8][0xfffffffe]d[0xffffff87][0xffffff94]P([0x12])[0xffffffa1][0xffffff81]$RBa[0xffffff99][0xffffff9d][0x12][0x11][0xffffffce][0xffffffdc][0xffffff94][0xffffff88][0xffffff88][0xfffffffa][0xffffffa4][0xffffff84][0xffffff94]'[0xffffff99][0x12]O\J[0xffffffa6][0xffffff84]T+[0xffffff95][0x12][0xffffffc2][0xffffffb4]LJ[0x8][0xfffffff1]^J[0xffffff89]j[0xffffff96][0x12][0x15]O[0xffffff89]j[0xffffff90][0x12][0x15]M[0xffffff89][0xffffff8a][0xffffffa5]DuJ[0xffffff89][0x1d]E*%"[0xffffff90]TJ[0xffffffec]X[0x12])Q[0xffffffe1][0xffffff94][0xffffffa8][0xffffffc6])[0x11][0xffffffe4]I[0xffffffa7][0xffffff84]p)[0xffffff9d][0x12]A[0xffffffad]dJT[0xffffff97][0xffffff94][0xffffffa8]?[0xffffff9d][0x12][0xffffffe2][0x1b][0x1c][0xffffffe3][0xffffffd6][0xffffffa8][0xffffffcf]y=[0xffffffce][0x3][0xffffffa7][0x4][0xffffffff][\r][0xffffff8e][0xffffffcf]30)A}[0xffffff83][0xffffffe3][0xfffffffb][0xffffff93]=R[0xffffffc2][0xffffffe3][0x1b][0x1c][0x1a]H&%[0xfffffff8]opD8[0xffffffb3]S[0xffffffc2][0xfffffff7][0x1b][0x1c]R[0xffffff9e]lJ[0xffffffd8]}[0xffffff83]C[0xffffffaa][0xffffff95]K[0x9][0xffffff93]op[0x8][0xfffffff1]^J[0x9][0xfffffff1][0x3][0x7][0xffffff9a][0x12][0xfffffff4][0xf][0x1c][0xffffff87][0xffffffc1][0xf][0x1c]G|[0xb][0xffffff97][\n]"
[DEBUG] http-outgoing-1 << "8[0xfffffff5][0x3][0xffffffc7][0xffffffe1][0xfffffff4][0x3]GD[0xffffff91]J[0x9][0xffffff97][0x1f]8"[0xffffff96]DJ[0xffffffb0]?p[0xffffffec][0xffffff88]z[0xffffffa5][0xffffff84][0xffffffd9][0xf][0x1c][0xffffffd2][0xffffffa5]tJ[0x18][0xfffffffd][0xffffffc0][0x11]L[0xffffffcb][0xffffffa5][0xffffffc4][0xffffffcf][0xffffffff][0xffffffc0]!VT[0xffffff8d]c-[0xffffffe8][0x1b][0x1c][0xffffff8f][0xfffffff3][0xffffffc0])[0xffffffc1][0xffffffaf][0xffffffa8][0xfffffffa]<[0x3][0xffffff93][0x12][0xffffffd4][0xffffff8a][0xffffffaa][0xffffffef]O[0xfffffff6]H[0x9][0xffffff8f][0x15]U[0x1a]H&%[0xfffffff8][0x15]U[0x11][0xffffffce][0xffffffec][0xffffff94][0xfffffff0]]Q%[0xffffffe5][0xffffffc9][0xffffffa6][0xffffff84][0xffffffdd][0xffffff8a]*[0xffffffa9]V.%LVT[0x9][0xfffffff1]^J[0xffffff89][0xfffffff8]V[0xffffff82]M[0x9][0xfffffffa][0xffffffad][0xffffffc4]0x+1b:[0xffffffa7][0x2]N[0xffffffbd][0xffffff95][0x18]No%"[0xffffff8a]TJ[0xffffffb8][0xffffffbc][0xffffff95][0xffffff88]X[0x12])[0xffffffc1][0xffffffbe][0xffffff95][0xffffffd8][0x11][0xfffffff5]J[0x9][0xffffffb3][0xffffffb7][0x12][0xffffffd2][0xffffffa5]tJ[0x18][0xffffffbd][0xffffff95][0x8][0xffffffa6][0xffffffe5]R[0xffffffe2][0xffffffe7][0xffffffdf]J[0xffffff88]m[0xffffff97][0xffffffa3][0xffffffdc]f[0xffffffa3]R[0xffffff82][0xffffffde]v[0xfffffff9]~[0x2]:%[0xffffffc8]m[0xffffff97][0xffffffef]OgR[0xffffffc2]h[0xffffffdb][0xffffffa5]B[0xffffff91]I[0x9][0xffffff97]m[0xffffff97][\n]"
[DEBUG] http-outgoing-1 << "[0xffffffcb][0xfffffffc][0xffffff94]`[0xffffffb7]]FD[0xffffff9d]R[0xffffffc2]l[0xffffffdb][0xffffffe5][0x13][0xffffff97][0xffffffb2])a[0xffffffb4][0xffffffed]R[0xffffff98][0xffffff96]J[0xffffff89][0xffffff9f][0xffffffdf]vYobE[0xffffffd5]([0xfffffff7][0xffffffff]K[0xffffffa5][0x4][0xffffffbd][0xffffffa2][0xffffffea][0xfffffffd][0x4]tJ[0xffffff90]+[0xffffffaa][0xffffffde][0xffffff9f][0xffffffce][0xffffffa4][0xffffff84][0xffffffd1][0xffffff8a]*[0xffffff85]"[0xffffff93][0x12].+[0xffffffaa][0x14][0xffffff96][0xfffffff9])[0xffffffc1][0xffffffae][0xffffffa8][0xffffff8a][0xffffff88]:[0xffffffa5][0xffffff84][0xffffffd9][0xffffff8a][0xffffffaa]'.eS[0xffffffc2]hE[0xffffff95]0-[0xffffff95][0x12]?[0xffffffbf][0xffffffa2][0xffffffaa][0xffffffde][0xffffffc4][0xffffff8a][0xffffffaa]{J[0xc][0xffffffe8][0xffffffcb][0xffffffa0][0xffffff8f][0xfffffff3][0xffffffc0])[0xffffffc1][0xffffffaf][0xffffffa8][0xfffffffa]<[0x3][0xffffff93][0x12][0xffffffd4][0xffffff8a][0xffffffaa][0xffffffef]O[0xfffffff6]H[0x9][0xffffff8f][0x15]U[0x1a]H&%[0xfffffff8][0x15]U[0x11][0xffffffce][0xffffffec][0xffffff94][0xfffffff0]]Q%[0xffffffe5][0xffffffc9][0xffffffa6][0xffffff84][0xffffffdd][0xffffff8a]*[0xffffffa9]V.%LVT[0x9][0xfffffff1][0xffffffbe][0xffffff9e][0x12][0xffffffc7]M[0xffffffa6][0xffffffc4]ZPJ[0xffffffbc][0xffffff9d][0xffffff87]M[0xffffff89][0xffffffc7][0x9][0xffffffe0][0xffffff94][0xfffffff8]~[0x6]$%[0x1e]OGR[0xffffffe2][0xffffffdb][0xffffff93]-RB[0xffffffa0][0xffffff88][0xffffffa4][0xffffff84][0x4][0x12]I[0x9][0xffffff81]ezJ[0x4]8[0xffffff93]S" j[0xffffff94][0x12]J[0xffffff9e]hJh[0xffffff97][0xffffffa2])[0xffffffa1][0xffffffd4][0xffffff8a][0xffffffa5]D4-[0xffffff94][0x12]Q[0xffffffbc][0x17]RB[0xffffffed][0xffffff95]([0xfffffff5][0xffffffa4][0xffffffde]J[0x1c][0xfffffff8]^[0xffffff89][0xffffffc3]`[0xffffffaf][0xffffffc4]![0xffffff86][0xffffff9f][0x13][0x1][0xffffffc7][0xfffffff6]J[0x1c]a[0xffffffbc][0xffffff99]L[0x9][0xffffff93][0xffffffbd][0x12][0x12]H&%[0xc][0xfffffff6]J[0x4]8[0xffffffb3]S[0xffffffc2]x[0xffffffaf][0xffffff84][0xffffff92]'[0xffffff9b][0x12]~{%[0xffffff94]Z[0xffffffb9][0xffffff94]p[0xffffffd9]+[0x11][0xffffffc5]{!%[0xffffff8a]J[0xffffff89]~[0xffffffa3][0xffffffee]J[0xffffffbc][0xffffff9d][0x7]N[0xffffff89]b[0xffffff90][0x12]%[0xfffffff2][0xffffff9e][0x8]x[0xffffffc1]R[0xffffffa2]8[0xffffffa5]DD[0xffffff91]I[0x9][0x5]$[0xffffff93][0x12][0x11][0xffffffcb][0xfffffffc][0xffffff94][0xffffffd8][0xffffffe1][0xffffffcc]N[0xffffff89][0x1d]Q[0xffffffa7][0xffffff94][0x10][0xfffffff2]dSB[0xffffffba][0xffffff94]M[0x9][0xffffffa1]V.%[0xffffff82]i[0xffffffa9][0xffffff94][0x8][0xffffffe2][0xffffffbd][0xffffff94][0x12]q[0x18][0xffffff94]M[0x9]x[0x18][0xfffffff4]q[0x2]>%[0xffffffc0]a[0xffffffd0][0xffffffc7][0xffffffd3][0xffffffa9][0xffffff94][0xfffffff0][0x19][0x6][0x15](R)a2[0xc]*[0xffffffb0]$R[0x2][0x1d][0x6][\r][0xffffff88]z[0xffffffa5][0xffffff84][0xffffffd7]0[0xffffffa8]v)[0xffffff9d][0x12]>[0xffffffc3][0xffffffa0][0xffffffd1][0xffffffb4]\J[0xfffffffc][0xfffffff4]0[0xffffffe8][0xfffffffd][0xffffff9f][0xffffffd1][0xffffffcc]R[0xffffffa2][0xffffffe1])[0xffffffd1][0xc]R[0xffffffa2][0xffffffa1])[0xffffffd1][0xffffffb0][0xffffff94]hN)[0xffffffb1][0xffffffa3]H[0xffffffa5]D[0x4][0xffffff92]J[0xffffff89][0x1d]K"%[0x1a][0xffffff9c][0x12][0xffffffcd]8%[0xffffff82]<[0xffffffe9][0xffffff94][0x10].[0xffffffa5]S"[0xffffffa8][0xffffff95]L[0xffffff89][0xffffffe6][0xffffff92][0x12][0xffffffed][0xffffffef][0xffffff90][0x12][0xffffff87][0xffffffdb]/[0x1c][0x7][0xffffffff][0x13][0xffffffc7][0xfffffffd][0x8]|M|[0x1c][0xffffff82][0xffffffca][0xffffff89][0xffffff83][0xfffffffb][0xffffff95][0xffffffe3][0xffffffb0][0xfffffffa][0xffffff99]#[0xfffffff0]H[0x15][0xffffff85][0xffffffa0][0xffffff92]J[0xffffff8a][0xffffffc0]&[0xffffffd1][0x14][0x7][0xfffffffd]S[0xffffffc7][0xffffffe1][0xfffffffc][G[0xffffffd4]([0xffffff9d][0x15][0xffffffca][0xffffffaa]tWD[0xffffffc9][0xffffff92]a[0xffffffb1];[0xffffff97]+[0xffffff8b]][0xffffffc1][0xffffff97][0xffffffd2][0xffffffa2][0xffffffd8][0xfffffffd][0xffffffe2]a[0xfffffff0][0xffffff93][0xffffff87][0xffffffc5]o[0x1e][0xfffffff0][0xffffff8f][0x1e][0xffffffe0][0xffffffaf][0x1e]^?{[0xffffffd8][0xfffffffc][0xffffffee]a[0xfffffff4][0xffffffc3][0xffffff87][0xffffffc5]/[0x1f][0xfffffff8]O[0x1f][0xffffffd6][0xffffffbf]}[0xfffffff8][0xfffffffd][0xfffffff8][0xffffffe1][0xfffffff8][0xffffffeb][0xffffff87][0xffffffd7][0xffffffcf][0x1f]>[0xffffffbf][0x7f][0xfffffffc]=~[0x0])[0xffffffd3]--&[0xffffff9f][0x16][0xffffffd3]!-&[0xffffff9b][0x16][0xffffff93]K[0xffffff8b]i[0xffffff95][0x16];[0xffffff8f]XZD*[0xffffffb1][0xffffffb4][0xffffffd8][0xffffffd9]D[0xffffffd2]b[0xffffffd2]i1[0xffffff9d][0xffffffd3]"h[0x14]O[0xb]aU<-[0xffffff82]d[0xffffffd1][0xffffffb4][0xffffff98]6i1[0xffffffff][0xe]i[0xffffffd1][0xffffff86]YZ[0xffffffb4][0xffffff81][0xffffffa7][0xffffffc5][0xfffffffd][0x8]|Z|[0x1c][0xffffff82]J[0xffffff8b][0xfffffffb][0xffffffe3][0xffffffa9][0xffffffb4]x[0x7f][0xffffffb4]KZ[0x4][0x1e][0xffffffa9][0xffffffb4][0x10]TRi[0x11][0xffffffd8]$[0xffffffd2]b#4?-6N[0xffffffbd][0xffffffd2]"j[0xffffff94]N[0xb]eU:-[0xffffffa2]d[0xffffffc9][0xffffffb4][0xffffffd8][0xffffff9d][0xffffffcb][0xffffffa5][0xffffffc5][0xffffffae][0xffffffe0]Ki[0xffffffd1][0xffffffdd][0xffffffde]Zt[0xfffffffe][0xffffffad]Ewxk[0xffffffd1][0xffffffd9][0xffffffb7][0x16][0xffffff9d]{k[0xffffffd1][0xffffffad][0xffffffde]Z[0x4][0x1e][0xffffffa9][0xffffffb4][0x10]TRi[0x11][0xffffffd8]$[0xffffffd2][0xffffffa2][0xffffffd3]o-[0xffffffba][0xfffffff3][[0xffffff8b][0xffffffa8]Q:-[0xffffff94]U[0xffffffe9][0xffffffb4][0xffffff88][0xffffff92]%[0xffffffd3]bw.[0xffffff97][0x16][0xffffffbb][0xffffff82]/[0xffffffa5][0xffffffc5]t{k1[0xfffffff9][0xffffffb7][0x16][0xffffffd3][0xffffffe1][0xffffffad][0xffffffc5]d[0xffffffdf]ZL[0xffffffee][0xffffffad][0xffffffc5][0xffffffb4]zk[0x11]x[0xffffffa4][0xffffffd2]BPI[0xffffffa5]E`[0xffffff93]H[0xffffff8b]I[0xffffffbf][0xffffffb5][0xffffff98][0xffffffce]o-[0xffffffa2]F[0xffffffe9][0xffffffb4]PV[0xffffffa5][0xffffffd3]"J[0xffffff96]L[0xffffff8b][0xffffffdd][0xffffffb9]\Z[0xffffffec][\n]"
[DEBUG] http-outgoing-1 << "[0xffffffbe][0xffffff94][0x16][0xffffffc7][0xffffffad][0xffffff9b][0xffffffb5][0xffffffc5][0xfffffffd]Dx\[0xffffffbc][0xffffff9d][0xffffff81][0xffffffaf][0xffffff8b]o[0xffffffa7][0xffffffa0][0xfffffff2][0xffffffe2][0xffffffed][0xfffffff9]T_|<[0xffffffdb]%0"[0xffffff94]Ta(4[0xffffffa9][0xffffffc4][0xffffff88][0xffffff80][0x12][0xffffff8d][0xffffffb1]c[0xffffff9a][0x1f][0x19];[0xffffffac]^[0xffffff95]![0xffffff84]Jg[0xffffff86][0xfffffff4]+[0xffffffdd][0x19]B[0xffffffb7]dh[0x4][0xfffffffb]r[0xffffffa5][0x11]d|-5[0xffffffec]FF[0xe][0xffffff83][0xffffff99][0xffffff91][0xffffffc3]bh[0xffffffe4][0xffffff88][0x17][0xffffff9a]sa[0x7][0xffffffc7]F[0xe][0xffffffaf][0xffffffb9][0xffffff91][0x8]%[0xffffff96][0x1a]F[0xffffff93]#[0x11]P$5[0xfffffff0][0xffffffd9][0xffffff91][0x1d]V[0xffffffb3][0xffffffd4][0xfffffff0][0xffffff9b][0x1e][0xffffff91]~[0xffffffc5]S[0xffffffc3]k~$[0xffffffd8][0x17]L[0xffffff8d][0xffffff9f][0xffffff99] i[0xffffff8f][0x7f]J[0xffffffe9]b[0xffffffb1]w[0xffffffef][0xffffffeb]L[0xf][0xffffff8d][0xffffffcf][0xfffffff3]P[0xffffff99][0xfffffff1][0xffffffe5][0x4]XdlgHN[0xffffff8c]/OO[0xe][0xffffff8c]_?[0x19][0xffffffce][0xffffff8b][0xffffffa7](&[0xffffffc7][0xffffffc5][0xf][0xffffff80]LN[0xffffff8b][0xffffffa7]X&[0xffffff86][0xffffffc5][0x13]8[0xffffffd3][0xffffffb2][0xffffffe2][0x9][0xffffffa2][0x16]Q[0xfffffff1]\[0xffffff9e]PR[0xfffffffc][0xffffffc8][0xffffffa5]PP<W+[0xffffff90][0x13][0xffffffcf]L[0xffffff9b][0x1e][0x13][0xffffffcf][0xffffffc4]{!%[0xffffff86]J[0xffffff89]qb)1[0xfffffff0][0xffffff94][0x18][0x6])1"[0xffffffef][0xffffff89][0xffffff80][0xf],%[0xffffff86]SJD[0x14][0xffffff99][0xffffff94]P@2)[0x11][0xffffffb1][0xffffffcc]O[0xffffff89][0x1d][0xffffffce][0xffffffec][0xffffff94][0xffffffd8][0x11]uJ[0x9]!O6%[0xffffffa4]K[0xffffffd9][0xffffff94][0x10]j[0xffffffe5]R"[0xffffff98][0xffffff96]J[0xffffff89] [0xffffffde][0xb])1EJ[0xffffff8c][0xffffffba]*[0xffffff95][0x12][0x13]O[0xffffff89]i[0xffffff90][0x12]3[0xfffffff2][0xffffff9e][0x8][0xfffffff8][0xffffffc4]Rb:[0xffffffa5]DD[0xffffff91]I[0x9][0x5]$[0xffffff93][0x12][0x11][0xffffffcb][0xfffffffc][0xffffff94][0xffffffd8][0xffffffe1][0xffffffcc]N[0xffffff89][0x1d]Q[0xffffffa7][0xffffff94][0x10][0xfffffff2]dSB[0xffffffba][0xffffff94]M[0x9][0xffffffa1]V.%[0xffffff82]i[0xffffffa9][0xffffff94][0x8][0xffffffe2][0xffffffbd][0xffffff90][0x12]K[0xffffffa5][0xffffffc4][0xffffffd9][0x17][0xffffff95][0x12][0xb]O[0xffffff89]e[0xffffff90][0x12]+[0xfffffff2][0xffffff9e][0x8][0xfffffff8][0xffffffc2]Rb9[0xffffffa5]DD[0xffffff91]I[0x9][0x5]$[0xffffff93][0x12][0x11][0xffffffcb][0xfffffffc][0xffffff94][0xffffffd8][0xffffffe1][0xffffffcc]N[0xffffff89][0x1d]Q[0xffffffa7][0xffffff94][0x10][0xfffffff2]dSB[0xffffffba][0xffffff94]M[0x9][0xffffffa1]V.%[0xffffff82]i[0xffffffa9][0xffffff94][0x8][0xffffffe2]}=%[0xffffffea]M[0xffffffa5][0xffffffc4][0x1a][0x13]J[0xffffff89][0xffffffb7][0xfffffff3][0xffffffb0])[0xfffffff1]8[0x1][0xffffff9c][0x12][0xffffffdf][0xffffffcf][0xffffff80][0xffffffa4][0xffffffc4][0xffffffe3][0xffffffe9]HJ|{[0xffffffb2]EJ[0x8][0x14][0xffffff91][0xffffff94][0xffffff90]@")![0xffffffb0]LO[0xffffff89][0x0]grJ[0x4]D[0xffffff8d]RB[0xffffffc9][0x13]M[0x9][0xffffffed]R4%[0xffffff94]Z[0xffffffb1][0xffffff94][0xffffff88][0xffffffa6][0xffffff85]R"[0xffffff8a][0xfffffff7]BJ[0x1c]"%[0xffffffce]cRo%[0xffffffde][0xffffffce][0x3][0xffffffa7][0xffffffc4]a[0xffffff90][0x12]G[0xffffffe4]=[0x11][0xfffffff0][0x3]K[0xffffff89][0xffffffc3])%"[0xffffff8a]LJ( [0xffffff99][0xffffff94][0xffffff88]X[0xffffffe6][0xffffffa7][0xffffffc4][0xe]gvJ[0xffffffec][0xffffff88]:[0xffffffa5][0xffffff84][0xffffff90]'[0xffffff9b][0x12][0xffffffd2][0xffffffa5]lJ[0x8][0xffffffb5]r)[0x11]LK[0xffffffa5]D[0x10][0xffffffef][0xffffff85][0xffffff94](*%[0xffffffea][0xffffffec]TJ[0x14]<%[0xffffff8a]AJ[0xffffff94][0xffffffc8]{"[0xffffffe0][0x5]K[0xffffff89][0xffffffe2][0xffffff94][0x12][0x11]E&%[0x14][0xffffff90]LJD,[0xfffffff3]Sb[0xffffff87]3;%vD[0xffffff9d]RB[0xffffffc8][0xffffff93]M[0x9][0xffffffe9]R6%[0xffffff84]Z[0xffffffb9][0xffffff94][0x8][0xffffffa6][0xffffffa5]R"[0xffffff88][0xfffffff7]BJT[0xffffff95][0x12][0xffffff8d]K[0xffffff89][0xffffff8a][0xffffffa7]D5H[0xffffff89][0x1a]yO[0x4][0xffffffbc]b)Q[0xffffff9d]R"[0xffffffa2][0xffffffc8][0xffffffa4][0xffffff84][0x2][0xffffff92]I[0xffffff89][0xffffff88]e~J[0xffffffec]pf[0xffffffa7][0xffffffc4][0xffffff8e][0xffffffa8]SJ[0x8]y[0xffffffb2])!][0xffffffca][0xffffffa6][0xffffff84]P+[0xffffff97][0x12][0xffffffc1][0xffffffb4]TJ[0x4][0xfffffff1]^H[0xffffff89][0xffffffa6]R[0xffffffa2][0xffffff97][0x1b][0xffffff95][0x12][\r]O[0xffffff89]f[0xffffff90][0x12]-[0xfffffff2][0xffffff9e][0x8]x[0xffffffc3]R[0xffffffa2]9[0xffffffa5]DD[0xffffff91]I[0x9][0x5]$[0xffffff93][0x12][0x11][0xffffffcb][0xfffffffc][0xffffff94][0xffffffd8][0xffffffe1][0xffffffcc]N[0xffffff89][0x1d]Q[0xffffffa7][0xffffff94][0x10][0xfffffff2]dSB[0xffffffba][0xffffff94]M[0x9][0xffffffa1]V.%[0xffffff82]i[0xffffffa9][0xffffff94][0x8][0xffffffe2][0xffffffbd][0xffffff90][0x12]jE[0xffffffd5][0xffffffd9]G[0xffffffa1]R[0x2]_QU[\r]VTU[0xffffffb1]G%[0x11]plEU[\r][0xffffff9b]R[0xffffffc8][0xffffff94]0YQ%[0xffffff81]dR[0xffffffc2]`EU[0xffffff80]3;%[0xffffff8c]WT)y[0xffffffb2])[0xffffffe1][0xffffffb7][0xffffffa2]J[0xffffffa9][0xffffff95]K[0x9][0xffffff97][0x15]UQ[0xffffffbc][0x17]RB[0xffffffad][0xffffffa8]:[0xfffffffb][0xffffffc2][0xffffffae]][0xffffffe2]+[0xffffffaa][0xffffffaa][0xffffffc1][0xffffff8a][0xffffffaa]*[0xfffffff6][0xffffffa8]$[0x2][0xffffff8e][0xffffffad][0xffffffa8][0xffffffaa]aS[\n]"
[DEBUG] http-outgoing-1 << "[0xffffff99][0x12]&+[0xffffffaa]$[0xffffff90]LJ[0x18][0xffffffac][0xffffffa8][\n]"
[DEBUG] http-outgoing-1 << "pf[0xffffffa7][0xffffff84][0xfffffff1][0xffffff8a]*%O6%[0xfffffffc]VT)[0xffffffb5]r)[0xffffffe1][0xffffffb2][0xffffffa2]*[0xffffff8a][0xfffffff7]BJ[0xffffff9c]*%F[0xffffffc3][0xffffffde]J[0xffffff9c]xJ[0xffffff9c][0x6])qF[0xffffffde][0x13][0x1]?[0xffffffb1][0xffffff94]8[0xffffff9d]R"[0xffffffa2][0xffffffc8][0xffffffa4][0xffffff84][0x2][0xffffff92]I[0xffffff89][0xffffff88]e~J[0xffffffec]pf[0xffffffa7][0xffffffc4][0xffffff8e][0xffffffa8]SJ[0x8]y[0xffffffb2])!][0xffffffca][0xffffffa6][0xffffff84]P+[0xffffff97][0x12][0xffffffc1][0xffffffb4]TJ[0x4][0xfffffff1]^H[0x9][0xffffffb5][0xffffffed][0xfffffff2]<[0x17][0xffffffb6]W[0x2][0xffffffdf]vY[\r][0xffffffb6]]V[0xffffffb1][0xffffff92]-[0x11]pl[0xffffffdb]e[\r]K[0xffffffd7][0xffffffc8][0xffffff94]0[0xffffffd9]v)[0xffffff81]dR[0xffffffc2]`[0xffffffdb]e[0xffffff80]3;%[0xffffff8c][0xffffffb7]]*y[0xffffffb2])[0xffffffe1][0xffffffb7][0xffffffed]R[0xffffffa9][0xffffff95]K[0x9][0xffffff97]m[0xffffff97]Q[0xffffffbc][0x17]RBm[0xffffffbb][0xffffff9c]G[0xffffffc5][0xffffffde]J[0xffffffe0][0xffffffdb].[0xffffffab][0xffffffc1][0xffffffb6][0xffffffcb]*V[0xffffffb2]%[0x2][0xffffff8e]m[0xffffffbb][0xffffffac]a[0xffffffe9][0x1a][0xffffff99][0x12]&[0xffffffdb].%[0xffffff90]LJ[0x18]l[0xffffffbb][0xc]pf[0xffffffa7][0xffffff84][0xfffffff1][0xffffffb6]K%O6%[0xfffffffc][0xffffffb6]]*[0xffffffb5]r)[0xffffffe1][0xffffffb2][0xffffffed]2[0xffffff8a][0xfffffff7][0xfffffff5][0xffffff94]hjE[0xffffffd5][0x1c]7*%[0x1a][0xffffffbe][0xffffffa2][0xffffffaa][0x19][0xffffffac][0xffffffa8]jb[0xffffff8f]J[0x1e][0xffffffe0][\r][Q[0xffffffd5][0xffffffc2][0xffffffa6][0x14]0%[0x4][0xffffff8a]HJH [0xffffff91][0xffffff94][0x10]X[0xffffffa6][0xffffffa7]D[0xffffff80]39%[0x2][0xffffffa2]F)[0xffffffa1][0xffffffe4][0xffffff89][0xffffffa6][0xffffff84]v)[0xffffff9a][0x12]J[0xffffffad]XJD[0xffffffd3]B)[0x11][0xffffffc5]{!%[0xffffffca]/%[0xffffffa6][0xffffffc4][0xffffffea][0x7][0xffffff95][0x12][0xfffffff7][0xfffffff3][0xffffffc0])[0xfffffff1]v[0x2]:%[0xffffffbe][0xffffff9d][0xffffff81]I[0xffffff89][0xffffffb7][0xffffffa7]3)[0xfffffff1][0xfffffff1]d[0xffffff8f][0xffffff94][0xffffff88](2)[0xffffffa1][0xffffff80]dR"b[0xffffff99][0xffffff9f][0x12];[0xffffff9c][0xffffffd9])[0xffffffb1]#[0xffffffea][0xffffff94][0x12]B[0xffffff9e]lJH[0xffffff97][0xffffffb2])![0xffffffd4][0xffffffca][0xffffffa5]D0-[0xffffff95][0x12]A[0xffffffbc][0xffffff97]R[0xffffffa2][0xffffff9a][0xffffffa5]D[0xffffffc5]S[0xffffffa2][0x1a][0xffffffa4]DES[0xffffffa2]b)Q[0xffffff9d]RbG[0xffffff91]J[0xffffff89][0x8]$[0xffffff95][0x12];[0xffffff96]DJT8%[0xffffffaa]qJ[0x4]y[0xffffffd2])!\J[0xffffffa7]DP+[0xffffff99][0x12][0xffffffd5]%%[0xffffffea]O[0xffffffa7][0xffffff84][0xffffffda]v[0xffffffb9][0xffffffea][0xffffffa0][0xffffffb6]]6|[0xffffffdb]e3[0xffffffd8]v[0xffffffd9][0xffffffc4]J[0xffffffb6]D[0xffffffc0][0xffffffb1]m[0xffffff97]-,]#S[0xffffffc2]d[0xffffffdb][0xffffffa5][0x4][0xffffff92]I[0x9][0xffffff83]m[0xffffff97][0x1][0xffffffce][0xffffffec][0xffffff94]0[0xffffffde]v[0xffffffa9][0xffffffe4][0xffffffc9][0xffffffa6][0xffffff84][0xffffffdf][0xffffffb6]K[0xffffffa5]V.%\[0xffffffb6]]F[0xfffffff1]^H[0xffffff89][0xffffffa6]R[0xffffffa2][0xffffff9d]'[0xffffff95][0x12][\r]O[0xffffff89]f[0xffffff90][0x12]-[0xfffffff2][0xffffff9e][0x8]x[0xffffffc3]R[0xffffffa2]9[0xffffffa5]DD[0xffffff91]I[0x9][0x5]$[0xffffff93][0x12][0x11][0xffffffcb][0xfffffffc][0xffffff94][0xffffffd8][0xffffffe1][0xffffffcc]N[0xffffff89][0x1d]Q[0xffffffa7][0xffffff94][0x10][0xfffffff2]dSB[0xffffffba][0xffffff94]M[0x9][0xffffffa1]V.%[0xffffff82]i[0xffffffa9][0xffffff94][0x8][0xffffffe2][0xffffffbd][0xffffff90][0x12]j[0xffffffdb][0xffffffe5]Z[0xffffffe7][0xffffffa0]R[0x2][0xffffffdf]v[0xffffffd9][0xc][0xffffffb6]]6[0xffffffb1][0xffffff92]-[0x11]pl[0xffffffdb]e[0xb]K[0xffffffd7][0xffffffc8][0xffffff94]0[0xffffffd9]v)[0xffffff81]dR[0xffffffc2]`[0xffffffdb]e[0xffffff80]3;%[0xffffff8c][0xffffffb7]]*y[0xffffffb2])[0xffffffe1][0xffffffb7][0xffffffed]R[0xffffffa9][0xffffff95]K[0x9][0xffffff97]m[0xffffff97]Q[0xffffffbc][0x17]RBl[0xffffffbb]<o[0xffffffdc]0h[0xffffffc3][0xffffffb7]]6[0xffffff83]m[0xffffff97]M[0xffffffac]dK[0x4][0x1c][0xffffffdb]v[0xffffffd9][0xffffffc2][0xffffffd2]52%L[0xffffffb6]]J [0xffffff99][0xffffff94]0[0xffffffd8]v[0x19][0xffffffe0][0xffffffcc]N[0x9][0xffffffe3]m[0xffffff97]J[0xffffff9e]lJ[0xfffffff8]m[0xffffffbb]Tj[0xffffffe5]R[0xffffffc2]e[0xffffffdb]e[0x14][0xffffffef][0xffffff85][0xffffff94][0x10][0xffffffdb].[0xffffffcf][?[0xffffffa8][0x15]U[\r][0xffffffdf]v[0xffffffd9][0xc][0xffffffb6]]6[0xffffffb1][0xffffff92]-[0x11]pl[0xffffffdb]e[0xb]K[0xffffffd7][0xffffffc8][0xffffff94]0[0xffffffd9]v)[0xffffff81]dR[0xffffffc2]`[0xffffffdb]e[0xffffff80]3;%[0xffffff8c][0xffffffb7]]*y[0xffffffb2])[0xffffffe1][0xffffffb7][0xffffffed]R[0xffffffa9][0xffffff95]K[0x9][0xffffff97]m[0xffffff97]Q[0xffffffbc][0x17]RBl[0xffffffbb]<o[0xffffff83]K[0x9]|[0xffffffdb]e3[0xffffffd8]v[0xffffffd9][0xffffffc4]J[0xffffffb6]D[0xffffffc0][0xffffffb1]m[0xffffff97]-,]#S[0xffffffc2]d[0xffffffdb][0xffffffa5][0x4][0xffffff92]I[0x9][0xffffff83]m[0xffffff97][0x1][0xffffffce][0xffffffec][0xffffff94]0[0xffffffde]v[0xffffffa9][0xffffffe4][0xffffffc9][0xffffffa6][0xffffff84][0xffffffdf][0xffffffb6]K[0xffffffa5]V.%\[0xffffffb6]]F[0xfffffff1]^H[0x9][0xffffffb1][0xffffffed][0xfffffff2][0xffffff9e][0x12][0x3]K[0x9]|[0xffffffdb]e3[0xffffffd8]v[0xffffffd9][0xffffffc4]J[0xffffffb6]D[0xffffffc0][0xffffffb1]m[0xffffff97]-,]#S[0xffffffc2]d[0xffffffdb][0xffffffa5][0x4][0xffffff92]I[0x9][0xffffff83]m[0xffffff97][0x1][0xffffffce][0xffffffec][0xffffff94]0[0xffffffde]v[0xffffffa9][0xffffffe4][0xffffffc9][0xffffffa6][0xffffff84][0xffffffdf][0xffffffb6]K[0xffffffa5]V.%\[0xffffffb6]]F[0xfffffff1][0xffffffbe][0xffffff9e][0x12][0xfffffffd][0xffffffa6]R[0xffffffe2][0x1e][0x13]PJ[0xffffffbc][0xffffff9d][0xffffff87]M[0xffffff89][0xffffffc7][0x9][0xffffffe0][0xffffff94][0xfffffff8]~[0x6]$%[0x1e]OGR[0xffffffe2][0xffffffdb][0xffffff93]-RB[0xffffffa0][0xffffff88][0xffffffa4][0xffffff84][0x4][0x12]I[0x9][0xffffff81]ezJ[0x4]8[0xffffff93]S" j[0xffffff94][0x12]J[0xffffff9e]hJh[0xffffff97][0xffffffa2])[0xffffffa1][0xffffffd4][0xffffff8a][0xffffffa5]D4-[0xffffff94][0x12]Q[0xffffffbc][0x17]RB,[0xffffffce][0xffffffbe][0xffffffa7][0xffffffc4][0xffffffe3][0xffffff98]HJ[0xffffffe0][0xffffff8b][0xffffffb3][0xffffffbb][0xffffffc1][0xffffffe2][0xffffffec].[0xffffffb6][0xffffffbb]&[0x2][0xffffff8e]-[0xffffffce][0xffffffee]a[0x7f]+[0xffffff99][0x12]&[0xffffff8b][0xffffffb3]%[0xffffff90]LJ[0x18],[0xffffffce][0xe]pf[0xffffffa7][0xffffff84][0xfffffff1][0xffffffe2]l%O6%[0xfffffffc][0x16]g+[0xffffffb5]r)[0xffffffe1][0xffffffb2]8;[0xffffff8a][0xfffffff7]BJ[0xffffff94]_[0xffffff8e][0xffffff98][0x12][0xffffffab][0xffffffdf][0xffffffa8][0xffffff94][0xffffffb8][0xffffff9f][0x7]N[0xffffff89][0xffffffb7][0x13][0xffffffd0])[0xfffffff1][0xffffffed][0xc]LJ[0xffffffbc]=[0xffffff9d]I[0xffffff89][0xffffff8f]'{[0xffffffa4]DD[0xffffff91]I[0x9][0x5]$[0xffffff93][0x12][0x11][0xffffffcb][0xfffffffc][0xffffff94][0xffffffd8][0xffffffe1][0xffffffcc]N[0xffffff89][0x1d]Q[0xffffffa7][0xffffff94][0x10][0xfffffff2]dSB[0xffffffba][0xffffff94]M[0x9][0xffffffa1]V.%[0xffffff82]i[0xffffffa9][0xffffff94][0x8][0xffffffe2][0xffffffbd][0xffffff90][0x12]b[0xffffffdb][0xffffffe5]y[0xffffffd4]Bm[0xffffffbb][0xffffffec][0xfffffff8][0xffffffb6][0xffffffcb]n[0xffffffb0][0xffffffed][0xffffffb2][0xffffff8b][0xffffff95]l[0xffffff89][0xffffff80]c[0xffffffdb].{X[0xffffffba]F[0xffffffa6][0xffffff84][0xffffffc9][0xffffffb6]K[0x9]$[0xffffff93][0x12][0x6][0xffffffdb].[0x3][0xffffff9c][0xffffffd9])a[0xffffffbc][0xffffffed]R[0xffffffc9][0xffffff93]M[0x9][0xffffffbf]m[0xffffff97]J[0xffffffad]\J[0xffffffb8]l[0xffffffbb][0xffffff8c][0xffffffe2][0xffffffbd][0xffffff90][0x12]M[0xffffffa5]D?[0x1a][0xffffff95][0x12][\r]O[0xffffff89]f[0xffffff90][0x12]-[0xfffffff2][0xffffff9e][0x8]x[0xffffffc3]R[0xffffffa2]9[0xffffffa5]DD[0xffffff91]I[0x9][0x5]$[0xffffff93][0x12][0x11][0xffffffcb][0xfffffffc][0xffffff94][0xffffffd8][0xffffffe1][0xffffffcc]N[0xffffff89][0x1d]Q[0xffffffa7][0xffffff94][0x10][0xfffffff2]dSB[0xffffffba][0xffffff94]M[0x9][0xffffffa1]V.%[0xffffff82]i[0xffffffa9][0xffffff94][0x8][0xffffffe2][0xffffffbd][0xffffff90][0x12]b[0xffffffdb][0xffffffe5]y[0xffffffcc][0xffffffb9][0xffffffa8][0xffffff94][0xffffffc0][0xffffffb7]]v[0xffffff83]m[0xffffff97]][0xffffffac]dK[0x4][0x1c][0xffffffdb]v[0xffffffd9][0xffffffc3][0xffffffd2]52%L[0xffffffb6]]J [0xffffff99][0xffffff94]0[0xffffffd8]v[0x19][0xffffffe0][0xffffffcc]N[0x9][0xffffffe3]m[0xffffff97]J[0xffffff9e]lJ[0xfffffff8]m[0xffffffbb]Tj[0xffffffe5]R[0xffffffc2]e[0xffffffdb]e[0x14][0xffffffef][0xffffff85][0xffffff94]P[0xffffffdb].[0xffffffcb]q[0xffffffa3][0xffffffbe][0xffffffc1][0xffffffd1][0xfffffff1]m[0xffffff97][0xffffffdd]`[0xffffffdb]e[0x17]+[0xffffffd9][0x12][0x1][0xffffffc7][0xffffffb6]][0xfffffff6][0xffffffb0]t[0xffffff8d]L[0x9][0xffffff93]m[0xffffff97][0x12]H&%[0xc][0xffffffb6]][0x6]8[0xffffffb3]S[0xffffffc2]x[0xffffffdb][0xffffffa5][0xffffff92]'[0xffffff9b][0x12]~[0xffffffdb].[0xffffff95]Z[0xffffffb9][0xffffff94]p[0xffffffd9]v[0x19][0xffffffc5]{)%[0xffffff8a]YJ[0x14]<%[0xffffff8a]AJ[0x14]4%[\n]"
[DEBUG] http-outgoing-1 << "[0xffffff96][0x12][0xffffffc5])%v[0x14][0xffffffa9][0xffffff94][0xffffff88]@R)[0xffffffb1]cI[0xffffffa4]D[0xffffff81]S[0xffffffa2][0x18][0xffffffa7]D[0xffffff90]'[0xffffff9d][0x12][0xffffffc2][0xffffffa5]tJ[0x4][0xffffffb5][0xffffff92])Q\R[0xffffffa2][0xfffffffc]tJ[0xffffffa8][0xffffffc5][0xffffffd9][0xffffffa5][0xffffffd7]F[0xffffffa5][0x4][0xffffffbe]8[0xffffffbb][0x1b],[0xffffffce][0xffffffee]b[0xffffffbb]k"[0xffffffe0][0xffffffd8][0xffffffe2][0xffffffec][0x1e][0xfffffff6][0xffffffb7][0xffffff92])a[0xffffffb2]8[[0x2][0xffffffc9][0xffffffa4][0xffffff84][0xffffffc1][0xffffffe2][0xffffffec][0x0]gvJ[0x18]/[0xffffffce]V[0xfffffff2]dS[0xffffffc2]oq[0xffffffb6]R+[0xffffff97][0x12].[0xffffff8b][0xffffffb3][0xffffffa3]x/[0xffffffa4][0xffffff84]Z[0xffffff9c]}[0xffffffff]?[0xffffff85]J[0x9]|qv7X[0xffffff9c][0xffffffdd][0xffffffc5]v[0xffffffd7]D[0xffffffc0][0xffffffb1][0xffffffc5][0xffffffd9]=[0xffffffec]o%S[0xffffffc2]dq[0xffffffb6][0x4][0xffffff92]I[0x9][0xffffff83][0xffffffc5][0xffffffd9][0x1][0xffffffce][0xffffffec][0xffffff94]0^[0xffffff9c][0xffffffad][0xffffffe4][0xffffffc9][0xffffffa6][0xffffff84][0xffffffdf][0xffffffe2]l[0xffffffa5]V.%\[0x16]gG[0xfffffff1]^H[0x9][0xffffffb5]8[0xffffffbb][0x1e][0xffffffd8]G[0xffffffc6];[0xffffffbe]8[0xffffffbb][0x1b],[0xffffffce][0xffffffee]b[0xffffffbb]k"[0xffffffe0][0xffffffd8][0xffffffe2][0xffffffec][0x1e][0xfffffff6][0xffffffb7][0xffffff92])a[0xffffffb2]8[[0x2][0xffffffc9][0xffffffa4][0xffffff84][0xffffffc1][0xffffffe2][0xffffffec][0x0]gvJ[0x18]/[0xffffffce]V[0xfffffff2]dS[0xffffffc2]oq[0xffffffb6]R+[0xffffff97][0x12].[0xffffff8b][0xffffffb3][0xffffffa3]x_O[0xffffff89][0xffffffa1][0x16]g[0xffffffd7][0xffffffda][0xffffffa9][0xffffffbd][0x12][0x3]_[0xffffff9c]=[0xc][0x16]g[0xf][0xffffffb1][0xffffffdd]5[0xf][0xfffffff0][0xffffff81]-[0xffffffce][0x1e]a[0x7f]+[0xffffff98][0x12][0x2]E$%$[0xffffff90]HJ[0x8],[0xffffffd3]S"[0xffffffc0][0xffffff99][0xffffff9c][0x12][0x1]Q[0xffffffa3][0xffffff94]P[0xfffffff2]DSB[0xffffffbb][0x14]M[0x9][0xffffffa5]V,%[0xffffffa2]i[0xffffffa1][0xffffff94][0xffffff88][0xffffffe2][0xffffffbd][0xffffff90][0x12]jqv=[0xffffffb1]m[0xffffff97][0x3]_[0xffffff9c]=[0xc][0x16]g[0xf][0xffffffb1][0xffffffdd]5[0x11]plq[0xfffffff6][0x8][0xfffffffb][[0xffffffc9][0xffffff94]0Y[0xffffff9c]-[0xffffff81]dR[0xffffffc2]`qv[0xffffff80]3;%[0xffffff8c][0x17]g+y[0xffffffb2])[0xffffffe1][0xffffffb7]8[[0xffffffa9][0xffffff95]K[0x9][0xffffff97][0xffffffc5][0xffffffd9]Q[0xffffffbc][0x17]R[0xffffffa2][0xffffffa8][0xffffff94][0xffffff98][0xffffffd8]G[0xffffffc6][0xffffffdf][0xffffffce][0x3][0xffffffa7]D1H[0xffffff89][0x12]yO[0x4][0xffffffbc]`)Q[0xffffff9c]R"[0xffffffa2][0xffffffc8][0xffffffa4][0xffffff84][0x2][0xffffff92]I[0xffffff89][0xffffffff][0xffffff9f][0xffffffb9]{][0xffffff95]\G[0xffffff93]0|GCJ[0xffffffb6]e[0xffffffeb][0xfffffffe]ol[0xffffffd6][0xffffffa1][0xe][0xffffffbb][0x15][0xffffff91][0x1b]J[0xffffffb5][0xfffffff9][0xffffffde][0xffffffa0][0x7f][0xc][0xfffffff4]@[0xffffffa5]i[0xffffff82][0xffffffe0][0xffffffc1][0xffffffcb][\n]"
[DEBUG] http-outgoing-1 << "i,[0xffffffeb])[0xffffffb1][0xffffff86][0xffffffb3][0xffffff9a][0x12]kD[0xffffff93](a[0xffffffca][0xffffff93][0xffffffa5][0xffffff84][0xffffffed]R[0xffffff96][0x12][0xffffffa6]Z9JH[0xffffffd3]R[0xffffff94][0xffffff90][0xffffffe2][0xffffffdd][0xffffffa0][0xffffff84][0x1b][0xffffffce]>[0x1e][0xffffffec][0xffffff92][0xfffffff1][0xffffff81][0xf]g[0xffffff8f][0xffffff80][0xffffffe1][0xffffffec]a[0xffffffd6]][0xb][0x3][0xffffff8e][\r]g[0xf][0xffffffd9]o%)[0x11]2[0xffffff9c]m[0x3][0xffffffc9]P"`8[[0xffffffc2]YM[0xffffff89][0xffffffe0][0xffffffe1]lW[0xffffff9e],%[0xfffffff2][0xffffff86][0xffffffb3]][0xffffffb5]r[0xffffff94]H[0x19][0xffffffce][0xffffffd6][0xffffffe2][0xffffffdd][0xffffffa0][0xffffffc4][0xffffffe9](1[0x1b][0xfffffff6][0x7][0xffffff8e][0x13][0xffffffa7][0xffffffc4][0x19]@[0xffffff89]S[0xfffffff3]^[0x18][0xfffffff0][0x13][0xffffffa3][0xffffffc4][0xffffff99]D[0x9][0xffffff8d]"C[0x9][0x17]H[0xffffff86][0x12][0x1a][0xffffffcb]zJ[0xffffffac][0xffffffe1][0xffffffac][0xffffffa6][0xffffffc4][0x1a][0xffffffd1]$J[0xffffff98][0xfffffff2]d)a[0xffffffbb][0xffffff94][0xffffffa5][0xffffff84]"
[DEBUG] http-outgoing-1 << "[0xffffffa9]V[0xffffff8e][0x12][0xffffffd2][0xffffffb4][0x14]%[0xffffffa4]x7([0xffffffe1][0xffffff86][0xffffffb3][0xffffff8f]9[0xffffffa8][0x13][0x1c][0x3][0x1f][0xffffffce][0x1e][0x1][0xffffffc3][0xffffffd9][0xffffffc3][0xffffffac][0xffffffbb][0x16][0x6][0x1c][0x1b][0xffffffce][0x1e][0xffffffb2][0xffffffdf]JR"d8[0xffffffdb][0x6][0xffffff92][0xffffffa1]D[0xffffffc0]p[0xffffffb6][0xffffff84][0xffffffb3][0xffffff9a][0x12][0xffffffc1][0xffffffc3][0xffffffd9][0xffffffae]<YJ[0xffffffe4][\r]g[0xffffffbb]j[0xffffffe5]([0xffffff91]2[0xffffff9c][0xffffffad][0xffffffc5][0xffffffbb]A[0x9]7[0xffffff9c]}[0xffffffb6][0x17][0xfffffff6][0x7][0xe]|8{[0x4][0xc]g[0xf][0xffffffb3][0xffffffee]Z[0x18]pl8{[0xffffffc8]~+I[0xffffff89][0xffffff90][0xffffffe1]l[0x1b]H[0xffffff86][0x12][0x1][0xffffffc3][0xffffffd9][0x12][0xffffffce]jJ[0x4][0xf]g[0xffffffbb][0xfffffff2]d)[0xffffff91]7[0xffffff9c][0xffffffed][0xffffffaa][0xffffff95][0xffffffa3]D[0xffffffca]p[0xffffffb6][0x16][0xffffffef][0x16]%z[0x18]%[0xffffffe0][0xffffffe1][0xffffffec][0x11]0[0xffffff9c]=[0xffffffcc][0xffffffba]ki[0xffffffc0][0xffffffa1][0xffffffe1][0xffffffec]![0xfffffffb][0xffffffad],%"[0xffffff86][0xffffffb3]m )J[0xffffffe0][0xffffffc3][0xffffffd9][0x12][0xffffffce]zJ[0xffffffc4][0xe]g[0xffffffbb][0xfffffff2][0xffffffa4])[0xffffff91]6[0xffffff9c][0xffffffed][0xffffffaa][0xffffff95][0xffffffa4]D[0xffffffc6]p[0xffffffb6][0x16][0xffffffef][0x6]%[0xffffffdc]p[0xfffffff6]y[0xffffff9d][0xffffffd4][0xffffffda][0xffffffe5][0xffffffc0][0xffffff87][0xffffffb3]G[0xffffffc0]p[0xfffffff6]0[0xffffffeb][0xffffffae][0xffffff85][0x1][0xffffffc7][0xffffff86][0xffffffb3][0xffffff87][0xffffffec][0xffffffb7][0xffffff92][0xffffff94][0x8][0x19][0xffffffce][0xffffffb6][0xffffff81]d([0x11]0[0xffffff9c]-[0xffffffe1][0xffffffac][0xffffffa6]D[0xfffffff0]p[0xffffffb6]+O[0xffffff96][0x12]y[0xffffffc3][0xffffffd9][0xffffffae]Z9J[0xffffffa4][0xc]gk[0xfffffff1]nQ[0xffffffc2][0xffffffbc][0xffffff95]@)A[0xffffffbf][0xffffff95][0xffffffb8][0x3][0xffffffde]J[0xffffffdc]J[0xffffffe7][0xffffffd2][0xffffff80]So%[0xffffffee][0xffffffa4][0xffffffb7][0x12][0x1a]E[0xffffff8a][0x12])o%4[0xffffff96][0x4]%[0xffffffd8][0xffffffb7][0x12]kD[0xffffffb3]([0x11][0xfffffff6]V[0xffffffc2]v)M[0xffffff89][0xffffffa0][0xffffffb7][0x12][0xffffffd2][0xffffffb4][0x1c]%[0xfffffffe][0xffffff8b][0xffffffb7][0x12]O[0x18]%[0x1e][0xffffff9c][0x12]O[0x0]%[0x1e][0xffffff94][0x12][0xf]F[0xffffff89]'[0xffffff89][0x12]k[0x14])Jh )J[0xffffffac][0xffffffb1]$([0xfffffff1][0xffffffc0][0xffffff94]x[0xffffff82])![0xffffffe5]IS[0xffffffc2]t)M[0x9][0xffffffa9]V[0xffffff92][0x12]O[\n]"
[DEBUG] http-outgoing-1 << "%[0xffffff9e][0xffffffff][0xffffff80][0x12]}[0xffffff86]Y[0xffffffa2]O[0x1c][0x13][0x1f][0xffffff8f][0xffffffc0]k[0xffffffe2][0xffffffc7]CP[0xffffff9c][0xfffffff8][0xfffffff8]y[0xffffffca][0x13][0xffffffdf]?[0xffffff9d][0x2][\n]"
[DEBUG] http-outgoing-1 << "[0xffffffc9]#%[\n]"
[DEBUG] http-outgoing-1 << "[0xffffff93]J[0xffffff8a][0x14][0xffffff92]M[0xffffffc2][0x14]KB[0xffffffeb]Q[0xffffffb1][0xffffffe4]4K[0x15]Z[0xffffffa3]4+\[0xffffffab][0xffffffd2][0xffffffae][0xffffffd0][0xffffff92]%a[0xffffffb1]v.'[0xffffff8b][0xffffffb5][0xffffff82][0xffffffb7]hq[0xffffffa6][0xffffffd1][0xffffffe2][0xffffffe4]iq&[0xffffffd0][0xffffffe2]diqr[0xffffffb4]8[0xffffffa3]h!y[0xffffffa4]haRI[0xffffffd1]B[0xffffffb2]I[0xffffffd0][0xffffffe2][0xffffffa4]iq&[0xffffffd3]Bk[0xffffff94][0xffffffa6][0xffffff85]kU[0xffffff9a][0x16]Z[0xffffffb2]$-[0xffffffd6][0xffffffce][0xffffffe5]h[0xffffffb1]V[0xfffffff0][0x16]-F[0xffffffda]w[0xffffff99][0xffffff83][0xffffffff]0[0xfffffff3][0xffffffe3][0x11]xZ[0xfffffffc]x[0x8][0xffffff8a][0x16][0xffffff83][0xfffffffb]6sD}[0xffffff9c])y[0xffffffa4]haRI[0xffffffd1]B[0xffffffb2]I[0xffffffd0]b[0xffffffd0][0x1f]h[0xffffff8e][0xffffffe4]/4[0xffffffb5]FiZ[0xffffffb8]V[0xffffffa5]i[0xffffffa1]%K[0xffffffd2]b[0xffffffed]\[0xffffff8e][0x16]k[0x5]o[0xffffffd1][0xffffffe2]N[0xfffffffb][0xffffffb8][0xffffffe2][0xffffffe6][0xffffffbf][0xffffffae][0xffffffb8][0x13]>[0xffffffaf][0xffffffb8][0xffffffd9][0xffffffef]+n[0xffffffee][0x3][0xffffff8b];[0xffffffea][0xb][0xb][0xffffffc9]#E[0xb][0xffffff93]J[0xffffff8a][0x16][0xffffff92]M[0xffffff82][0x16]7[0xfffffffd][0xffffff95][0xffffffc5][0xffffff9d][0xfffffffc][0xffffff99][0xffffff85][0xffffffd6](M[0xb][0xffffffd7][0xffffffaa]4-[0xffffffb4]dIZ[0xffffffac][0xffffff9d][0xffffffcb][0xffffffd1]b[0xffffffad][0xffffffe0]-Z[0xffffffcc][0x16]F[0xffffff8b][0xffffffd9]pZ|<[0x2]O[0xffffff8b][0x1f][0xf]A[0xffffffd1][0xffffffe2][0xffffffe3][0xffffffe7])Z|[0xffffffff]t[\n]"
[DEBUG] http-outgoing-1 << "-$[0xffffff8f][0x14]-L*)ZH6[0x9]Z,[0x9][0xffffffad][0xffffffa7][0xffffffc5][0xffffff92][0xffffffd3],Zh[0xffffff8d][0xffffffd2][0xffffffb4]p[0xffffffad]J[0xffffffd3]BK[0xffffff96][0xffffffa4][0xffffffc5][0xffffffda][0xffffffb9][0x1c]-[0xffffffd6][\n]"
[DEBUG] http-outgoing-1 << "[0xffffffde][0xffffffa2]E[0xffffffbb][0xffffffae]0[|<[0x11][0xffffff8e][0xffffff8b][0xffffffcf]g[0xffffffe0]u[0xfffffff1][0xfffffff3])(^|[0xfffffffe]>[0xffffffe5][0xffffff8b][0x1f][0xffffffbf][0xffffff9d][0x2][0xc][\r]%%[0xc][0x17]M[0xffffff8a][0x18][0x1a]P[0xffffffc2][0x18]kL[0xffffffeb][0xffffff91][0xffffffb1][0xffffff86]5K[0x19][0xffffffa6]Pif[0xffffffd8]~[0xffffffa5][0xffffff9d]a[0xffffffea][0xffffff96][0xffffff84][0xffffff86][0xffffffb4]/'[\r])[0xffffffe3]-j[0xfffffff4]W[0xffffffda]k[0xffffff8c][0xffffff8f]'[0xffffffc2][0xffffffa9][0xfffffff1][0xfffffff9][0xc]<5~>[0x5]E[0xffffff8d][0xffffffcf][0xffffffdf][0xffffffa7][0xffffffa8][0xfffffff1][0xffffffe3][0xffffffb7]S[0xffffffa8][0xffffffa1][0xffffffa1][0xffffffa4][0xffffffa8][0xffffffe1][0xffffffa2]IQC[0x3]JPc[0xffffff8d]i=5[0xffffffd6][0xffffffb0]fQ[0xffffffc3][0x14]*M[\r][0xffffffdb][0xffffffaf]45L[0xffffffdd][0xffffff92][0xffffffd4][0xffffff90][0xfffffff6][0xffffffe5][0xffffffa8]!e[0xffffffbc]I[0xffffff8d];[0xffffff8e][0x1a]w[0x0]5[0xffffffee][0x8]j[0xffffffdc]05n[0xffffff90][0x1a]w[0x16]5[0xffffffd6]Pr[0xffffffd4][0xffffffd0]hr[0xffffffd4]X[0x3][0xffffffca]P[0xffffffe3][0xffffffc6][0xffffffa9]qGSC[\n]"
[DEBUG] http-outgoing-1 << "[0xffffff95][0xffffffa7][0xffffff86][0xffffffe9]W[0xffffff9e][0x1a]R[0xffffffb7],5[0xffffffee][0x1c]j[0xffffffdc][0xfffffffb][0xffffffd4][0xffffffb8][0xffffffbe][0xffffffff][0xffffff95][0xffffffc7][0xc]}_[0xffffffc7][0xffffffd5][0xffffffca][0xffffffa1][0xfffffff1][0xfffffffb]y(f[0xfffffffc][0xffffffe3][0x9]0d,[0xffffffcf]PL[0xffffff8c][0x7f][0xfffffffc]z10[0xfffffffe][0xfffffff7][0xffffff97]a^[0xffffffbc][0xffffff8d]b1.[0xfffffffe]%[0xffffff90][0xffffffc5][0xffffffb4]x[0x1b][0xffffffcb]BX[0xffffffbc][0x9]g[0x19]+[0xffffffde]D4[0x2][0x15][0xffffffef][0xffffffcb][0x13]"[0xffffffc5][0xffffffbf]u)[0x4][0xffffff8a][0xfffffff7][0xffffffd5][\n]"
[DEBUG] http-outgoing-1 << "p[0xffffffe2]][0xffffffd3][0xffffff96]c[0xffffffe2]][0xfffffff1]nQ[0xffffffa2][0xffffff87]Q[0x2][0x1b][0xfffffffa][0xfffffffe][0xffffffc7][0x13][0xfffffff0][0xffffff94]@[0xffffff86][0xffffffbe][0xffffffff][0xfffffff1][0xffffffeb][0x14]%[0x12][0xffffff86][0xffffffbe][0xffffffdf]F[0xffffff91][0xffffffa2][0x4]>[0xfffffff4][0xfffffffd]6[0xffffff96][0x4]%[0xffffffa0][0xffffffa1][0xffffffef]7[0x11][0xffffffcd][0xffffffa2]D[0xffffffca][0xffffffd0][0xfffffff7][0xffffffbf]u)M[0xffffff89][0xffffff84][0xffffffa1][0xffffffef]wM[0xffffffcb]Q[0xffffffe2]/[0xffffff86][0xffffffbe][0x7f][0xfffffffc][0x1b][0xffffffd3][0xffffffbd][0xffffff95][0xffffffb8][0xe][0xffffff8c][0x12][0x13][0x7f]+1[0x3][0xffffffde]JL[0xffffffa5]sa[0xffffffc0]'[0xfffffff6]Vb&[0xffffffbd][0xffffff95][0xffffffd0](2[0xffffff94]p[0xffffff81]d([0xffffffa1][0xffffffb1][0xffffffac][0xffffffa7][0xffffffc4][0x1a][0xffffffce]jJ[0xffffffac][0x11]M[0xffffffa2][0xffffff84])O[0xffffff96][0x12][0xffffffb6]KYJ[0xffffff98]j[0xffffffe5](!MKQB[0xffffff8a][0xfffffff7][0xffffffcf])q[0xffffffbf][0x1c]%[0xffffffe6]=!J|>[0xf]K[0xffffff89][0xffffffaf]'[0xffffff80])[0xfffffff1][0xffffffeb][0x19][0x10]J|[0xfffffffd]:B[0xffffff89][0xffffff9f][0xffffffbf][0x1c]A[0x9][0x13]E[0xffffff84][0x12]6[0xffffff90][0x8]%L,[0xffffffcb])![0xffffffe1],[0xffffffa6][0xffffff84]D4[0xffffff88][0x12][0xffffffae]<QJ[0xfffffff8].E)[0xffffffe1][0xffffffaa][0x15][0xffffffa3][0xffffff84]6-D[0x9]-[0xffffffde][\r]J4C[0xffffff89][0xffffffd1][0xffffffc6]CQ[0xffffffa2][0xffffffe1][0xffffff94]h[0x1][0xffffff94]h[0xffffff9a][0xfffffff7][0xffffffc2][0xffffff80]7[0xffffff8c][0x12]-[0xffffff89][0x12][0x1a]E[0xffffff86][0x12].[0xffffff90][0xc]%4[0xffffff96][0xfffffff5][0xffffff94]X[0xffffffc3]YM[0xffffff89]5[0xffffffa2]I[0xffffff94]0[0xffffffe5][0xffffffc9]R[0xffffffc2]v)K[0x9]S[0xffffffad][0x1c]%[0xffffffa4]i)JH[0xfffffff1]nP[0xffffffa2];J[0xffffff8c][0xfffffff3][0xffffffa4]([0xffffffd1]qJ[0xfffffff4][0x0]Jt[0xffffffcd]{a[0xffffffc0];F[0xffffff89][0xffffff9e]D[0x9][0xffffff8d]"C[0x9][0x17]H[0xffffff86][0x12][0x1a][0xffffffcb]zJ[0xffffffac][0xffffffe1][0xffffffac][0xffffffa6][0xffffffc4][0x1a][0xffffffd1]$J[0xffffff98][0xfffffff2]d)a[0xffffffbb][0xffffff94][0xffffffa5][0xffffff84][0xffffffa9]V[0xffffff8e][0x12][0xffffffd2][0xffffffb4][0x14]%[0xffffffa4]x7(q8J<[0xffffffe7][0xffffffa0](q[0xffffffe0][0xffffff94]8[0x2](qh[0xffffffde][0xb][0x3]~`[0xffffff94]8[0xffffff92]([0xffffffa1]Qd([0xffffffe1][0x2][0xffffffc9]PBcYO[0xffffff89]5[0xffffff9c][0xffffffd5][0xffffff94]X#[0xffffff9a]D[0x9]S[0xffffff9e],%l[0xffffff97][0xffffffb2][0xffffff94]0[0xffffffd5][0xffffffca]QB[0xffffff9a][0xffffff96][0xffffffa2][0xffffff84][0x14][0xffffffef][0x6]%NC[0xffffff89][0xffffffbb][0xffffffbf]^[0x14]%N[0xffffff9c][0x12]g[0x0]%N[0xffffffcd]{a[0xffffffc0]O[0xffffff8c][0x12]g[0x12]%4[0xffffff8a][0xc]%\ [0x19]Jh,[0xffffffeb])[0xffffffb1][0xffffff86][0xffffffb3][0xffffff9a][0x12]kD[0xffffff93](a[0xffffffca][0xffffff93][0xffffffa5][0xffffff84][0xffffffed]R[0xffffff96][0x12][0xffffffa6]Z9JH[0xffffffd3]R[0xffffff94][0xffffff90][0xffffffe2][0xffffffdd][0xffffffa0][0xffffffc4]e)1[0xffffffb0][0xffffffb7][0x12][0x17]N[0xffffff89]+[0xffffff80][0x12][0xffffff97][0xffffffe6][0xffffffbd]0[0xffffffe0][0x17]F[0xffffff89]+[0xffffff89][0x12][0x1a]E[0xffffff86][0x12].[0xffffff90][0xc]%4[0xffffff96][0xfffffff5][0xffffff94]X[0xffffffc3]YM[0xffffff89]5[0xffffffa2]I[0xffffff94]0[0xffffffe5][0xffffffc9]R[0xffffffc2]v)K[0x9]S[0xffffffad][0x1c]%[0xffffffa4]i)JH[0xfffffff1]nPb8J[0x1c][0x1d];[0xffffffc1]1pJ[0xffffff8c][0x0]J[0xc][0xffffffcd]{a[0xffffffc0][0x7]F[0xffffff89][0xffffff91]D[0x9][0xffffff8d]"C[0x9][0x17]H[0xffffff86][0x12][0x1a][0xffffffcb]zJ[0xffffffac][0xffffffe1][0xffffffac][0xffffffa6][0xffffffc4][0x1a][0xffffffd1]$J[0xffffff98][0xfffffff2]d)a[0xffffffbb][0xffffff94][0xffffffa5][0xffffff84][0xffffffa9]V[0xffffff8e][0x12][0xffffffd2][0xffffffb4][0x14]%[0xffffffa4]x7(q[J[0xffffffdc][0xffffff9d][0xffffffa2][0xffffffc4][0xffffff8d]S[0xffffffe2][0xe][0xffffffa0][0xffffffc4][0xffffffad]y/[0xc][0xfffffff8][0xffffff8d]Q[0xffffffe2]N[0xffffffa2][0xffffff84]F[0xffffff91][0xffffffa1][0xffffff84][0xb]$C[0x9][0xffffff8d]e=%[0xffffffd6]pVSb[0xffffff8d]h[0x12]%Ly[0xffffffb2][0xffffff94][0xffffffb0]][0xffffffca]R[0xffffffc2]T+G[0x9]iZ[0xffffff8a][0x12]R[0xffffffbc][0x1b][0xffffff94]p[0xffffffc3][0xffffffd9][0xfffffff7]y`[0xffffff94][0xffffffc0][0xffffff87][0xffffffb3][0xffffffef][0xffffff80][0xffffffe1][0xffffffec][0xffffffdb][0xffffffac][0xffffffbb][0x16][0x6][0x1c][0x1b][0xffffffce][0xffffffbe]e[0xffffffbf][0xffffff95][0xffffffa4]D[0xffffffc8]p[0xffffffb6][\r]$C[0xffffff89][0xffffff80][0xffffffe1]l[0x9]g5%[0xffffff82][0xffffff87][0xffffffb3]]y[0xffffffb2][0xffffff94][0xffffffc8][0x1b][0xffffffce]v[0xffffffd5][0xffffffca]Q"e8[[0xffffff8b]w[0xffffff83][0x12]n[0xffffffed][0xfffffff2][0xffffffbe][0xffffffbe][0x1e][0x13][0xffffffa1][0x4][0xffffffbe]vy[0x7][0xffffffac]][0xffffffde]f[0xffffff92][0xffffffad]0[0xffffffe0][0xffffffd8][0xffffffda][0xffffffe5]-[0xffffffa3]k$%B[0xffffffd6].m [0x19]J[0x4][0xffffffac]]J8[0xffffffab])[0x11][0xffffffbc]v[0xffffffe9][0xffffffca][0xffffff93][0xffffffa5]D[0xffffffde][0xffffffda][0xffffffa5][0xffffffab]V[0xffffff8e][0x12])k[0xffffff97]Z[0xffffffbc][[0xffffff94]8[0xffffffc2](q[0xffffffe0][0xffffff94]8[0x2](q[0xffffffa0][0xffffff94]80J[0x1c]I[0xffffff94]X[0xffffffa3]HQB[0x3]IQb[0xffffff8d]%A[0xffffff89][0x3][0xffffffa6][0xffffffc4][0x11]L[0x9])O[0xffffff9a][0x12][0xffffffa6]KiJH[0xffffffb5][0xffffff92][0xffffff94]8R(q[0xfffffffc]-%[0x1e][0xffffffb7]v[0xfffffff9][0xffffff9c][0xfffffff3][0xffffff80]([0xfffffff1][0xffffffe0]k[0xffffff97]O[0xffffffc0][0xffffffda][0xffffffe5]c&[0xffffffd9][0xffffffea][0x2][0xfffffffe]`k[0xffffff97][0xffffff8f][0xffffff8c][0xffffffae][0xffffff81][0xffffff94]0QD(a[0x3][0xffffff89]P[0xffffffc2][0xffffffc4][0xffffffb2][0xffffff9c][0x12][0x12][0xffffffce]bJHD[0xffffff83]([0xffffffe1][0xffffffca][0x13][0xffffffa5][0xffffff84][0xffffffef]R[0xffffff94][0x12][0xffffffae]Z1Jh[0xffffffd3]B[0xffffff94][0xffffffd0][0xffffffe2][0xffffffdd][0xffffffa0][0xffffff84][[0xffffffbb]|[0xffffffc6][0xffffff83]Q[0x2]_[0xffffffbb]|[0x2][0xffffffd6].[0x1f]3[0xffffffc9]V[0x18]pl[0xffffffed][0xfffffff2][0xffffff91][0xffffffd1]5[0xffffff92][0x12]!k[0xffffff97]6[0xffffff90][0xc]%[0x2][0xffffffd6].%[0xffffff9c][0xffffffd5][0xffffff94][0x8]^[0xffffffbb]t[0xffffffe5][0xffffffc9]R"o[0xffffffed][0xffffffd2]U+G[0xffffff89][0xffffff94][0xffffffb5]K-[0xffffffde][\r]J[0xffffffb8][0xffffffb5][0xffffffcb]g[0xffffffbe][0xffffffa8][0xffffff9b]A[0x1f]|[0xffffffed][0xfffffff2][0x9]X[0xffffffbb]|[0xffffffcc]$[a[0xffffffc0][0xffffffb1][0xffffffb5][0xffffffcb]GF[0xffffffd7]HJ[0xffffff84][0xffffffac]][0xffffffda]@2[0xffffff94][0x8]X[0xffffffbb][0xffffff94]pVS"x[0xffffffed][0xffffffd2][0xffffff95]'K[0xffffff89][0xffffffbc][0xffffffb5]KW[0xffffffad][0x1c]%R[0xffffffd6].[0xffffffb5]x7([0xffffffe1][0xffffffd6].g?[0xffffffb1][0xffffffb7][0x12][0xfffffff8][0xffffffda][0xffffffe5][0x13][0xffffffb0]v[0xfffffff9][0xffffff98]I[0xffffffb6][0xffffffc2][0xffffff80]ck[0xffffff97][0xffffff8f][0xffffff8c][0xffffffae][0xffffff91][0xffffff94][0x8]Y[0xffffffbb][0xffffffb4][0xffffff81]d([0x11][0xffffffb0]v)[0xffffffe1][0xffffffac][0xffffffa6]D[0xfffffff0][0xffffffda][0xffffffa5]+O[0xffffff96][0x12]yk[0xffffff97][0xffffffae]Z9J[0xffffffa4][0xffffffac]]j[0xfffffff1]nP[0xffffffe2]r[0xffffff94][0xffffffb8][0x6]5Q[0xfffffff5][0xfffffff9]<0%[0xffffffae][0x0]J\[0xffffff9a][0xfffffff7][0xffffffc2][0xffffff80]_[0x18]%[0xffffffae]$Jh[0x14][0x19]J[0xffffffb8]@2[0xffffff94][0xffffffd0]X[0xffffffd6]Sb[\r]g5%[0xffffffd6][0xffffff88]&Q[0xffffffc2][0xffffff94]'K[0x9][0xffffffdb][0xffffffa5],%L[0xffffffb5]r[0xffffff94][0xffffff90][0xffffffa6][0xffffffa5](![0xffffffc5][0xffffffbb]A[0x9][0xffffffb7]v9[0xffffffe7][0xffffffbc])J[0xffffffe0]k[0xffffff97]O[0xffffffc0][0xffffffda][0xffffffe5]c&[0xffffffd9][\n]"
[DEBUG] http-outgoing-1 << "[0x3][0xffffff8e][0xffffffad]]]]><![CDATA[>2[0xffffffba]FR"d[0xffffffed][0xffffffd2][0x6][0xffffff92][0xffffffa1]D[0xffffffc0][0xffffffda][0xffffffa5][0xffffff84][0xffffffb3][0xffffff9a][0x12][0xffffffc1]k[0xffffff97][0xffffffae]<YJ[0xffffffe4][0xffffffad]][0xffffffba]j[0xffffffe5]([0xffffff91][0xffffffb2]v[0xffffffa9][0xffffffc5][0xffffffbb]A[0x9][0xffffffb3]v[0xfffffff9][0xffffffbc][0xffffffda][0xffffff81][0xfffffffd][0xffffff81][0x3]_[0xffffffbb]|[0x2][0xffffffd6].[0x1f]3[0xffffffc9]V[0x18]pl[0xffffffed][0xfffffff2][0xffffff91][0xffffffd1]5[0xffffff92][0x12]!k[0xffffff97]6[0xffffff90][0xc]%[0x2][0xffffffd6].%[0xffffff9c][0xffffffd5][0xffffff94][0x8]^[0xffffffbb]t[0xffffffe5][0xffffffc9]R"o[0xffffffed][0xffffffd2]U+G[0xffffff89][0xffffff94][0xffffffb5]K-[0xffffffde][\r]J[0xffffff98][0xffffffb5][0xffffffcb][0xffffffe7]u[0xffffff9e][0xf]E[0x9]|[0xffffffed][0xfffffff2][0x9]X[0xffffffbb]|[0xffffffcc]$[a[0xffffffc0][0xffffffb1][0xffffffb5][0xffffffcb]GF[0xffffffd7]HJ[0xffffff84][0xffffffac]][0xffffffda]@2[0xffffff94][0x8]X[0xffffffbb][0xffffff94]pVS"x[0xffffffed][0xffffffd2][0xffffff95]'K[0xffffff89][0xffffffbc][0xffffffb5]KW[0xffffffad][0x1c]%R[0xffffffd6].[0xffffffb5]x7(a[0xffffffd6].[0xffffff9f][0xffffffd7][0xffffffd5][0xffffffb1][0x13][0x1c][0xfffffff8][0xffffffda][0xffffffe5][0x13][0xffffffb0]v[0xfffffff9][0xffffff98]I[0xffffffb6][0xffffffc2][0xffffff80]ck[0xffffff97][0xffffff8f][0xffffff8c][0xffffffae][0xffffff91][0xffffff94][0x8]Y[0xffffffbb][0xffffffb4][0xffffff81]d([0x11][0xffffffb0]v)[0xffffffe1][0xffffffac][0xffffffa6]D[0xfffffff0][0xffffffda][0xffffffa5]+O[0xffffff96][0x12]yk[0xffffff97][0xffffffae]Z9J[0xffffffa4][0xffffffac]]j[0xfffffff1][0xfffffffe]9%[0xffffffe6][0xffffffcb]Rbt[0xffffff88][0x12][0xffffff9f][0xffffffcf][0xffffffc3]R[0xffffffe2][0xffffffeb][0x9]`J[0xfffffffc]z[0x6][0xffffff84][0x12]_[0xffffffbf][0xffffff8e]P[0xffffffe2][0xffffffe7]/GP[0xffffffc2]D[0x11][0xffffffa1][0xffffff84][\r]$B[0x9][0x13][0xffffffcb]rJH8[0xffffff8b])![0x11][\r][0xffffffa2][0xffffff84]+O[0xffffff94][0x12][0xffffffbe]KQJ[0xffffffb8]j[0xffffffc5]([0xffffffa1]M[0xb]QB[0xffffff8b]w[0xffffff83][0x12]f[0xffffffed][0xfffffff2][0xffffff83][0x12][0xfffffff3][0xffffffa4]([0xffffff81][0xffffffaf]][0xffffffce][0xffffff80][0xffffffb5][0xffffffcb]i&[0xffffffd9][\n]"
[DEBUG] http-outgoing-1 << "[0x3][0xffffff8e][0xffffffad]]N[0x19]]#)[0x11][0xffffffb2]vi[0x3][0xffffffc9]P"`[0xffffffed]R[0xffffffc2]YM[0xffffff89][0xffffffe0][0xffffffb5]KW[0xffffff9e],%[0xfffffff2][0xffffffd6].][0xffffffb5]r[0xffffff94]HY[0xffffffbb][0xffffffd4][0xffffffe2][0xffffffdd][0xffffffa0][0xffffff84]Y[0xffffffbb]|^[0x3][0xfffffffb][0xffffffec]r[0xffffffe2]k[0xffffff97]3`[0xffffffed]r[0xffffff9a]I[0xffffffb6][0xffffffc2][0xffffff80]ck[0xffffff97]SF[0xffffffd7]HJ[0xffffff84][0xffffffac]][0xffffffda]@2[0xffffff94][0x8]X[0xffffffbb][0xffffff94]pVS"x[0xffffffed][0xffffffd2][0xffffff95]'K[0xffffff89][0xffffffbc][0xffffffb5]KW[0xffffffad][0x1c]%R[0xffffffd6].[0xffffffb5]x7(a[0xffffffd6].?([0xffffff81][0x1d][0x6][0xffffff9d][0xfffffff8][0xffffffda][0xffffffe5][0xc]X[0xffffffbb][0xffffff9c]f[0xffffff92][0xffffffad]0[0xffffffe0][0xffffffd8][0xffffffda][0xffffffe5][0xffffff94][0xffffffd1]5[0xffffff92][0x12]!k[0xffffff97]6[0xffffff90][0xc]%[0x2][0xffffffd6].%[0xffffff9c][0xffffffd5][0xffffff94][0x8]^[0xffffffbb]t[0xffffffe5][0xffffffc9]R"o[0xffffffed][0xffffffd2]U+G[0xffffff89][0xffffff94][0xffffffb5]K-[0xffffffde][\r]J[0xffffff98][0xffffffb5][0xffffffcb][0xffffffe7]5O[0xffffff8c][0x12][0xfffffff8][0xffffffda][0xffffffe5][0xc]X[0xffffffbb][0xffffff9c]f[0xffffff92][0xffffffad]0[0xffffffe0][0xffffffd8][0xffffffda][0xffffffe5][0xffffff94][0xffffffd1]5[0xffffff92][0x12]!k[0xffffff97]6[0xffffff90][0xc]%[0x2][0xffffffd6].%[0xffffff9c][0xffffffd5][0xffffff94][0x8]^[0xffffffbb]t[0xffffffe5][0xffffffc9]R"o[0xffffffed][0xffffffd2]U+G[0xffffff89][0xffffff94][0xffffffb5]K-[0xffffffde][\r]J\[0xffffff86][0x12][0xffffffad][0xffffffbd][0x6]E[0xffffff89][0xb][0xffffffa7][0xffffffc4][0x15]@[0xffffff89]K[0xfffffff3]^[0x18][0xfffffff0][0xb][0xffffffa3][0xffffffc4][0xffffff95]D[0x9][0xffffff8d]"C[0x9][0x17]H[0xffffff86][0x12][0x1a][0xffffffcb]zJ[0xffffffac][0xffffffe1][0xffffffac][0xffffffa6][0xffffffc4][0x1a][0xffffffd1]$J[0xffffff98][0xfffffff2]d)a[0xffffffbb][0xffffff94][0xffffffa5][0xffffff84][0xffffffa9]V[0xffffff8e][0x12][0xffffffd2][0xffffffb4][0x14]%[0xffffffa4]x7(a[0xffffffd6].[0xffffff9f]vM[0xffffffea]0[0xffffffe8][0xffffffc4][0xffffffd7].g[0xffffffc0][0xffffffda][0xffffffe5]4[0xffffff93]l[0xffffff85][0x1][0xffffffc7][0xffffffd6].[0xffffffa7][0xffffff8c][0xffffffae][0xffffff91][0xffffff94][0x8]Y[0xffffffbb][0xffffffb4][0xffffff81]d([0x11][0xffffffb0]v)[0xffffffe1][0xffffffac][0xffffffa6]D[0xfffffff0][0xffffffda][0xffffffa5]+O[0xffffff96][0x12]yk[0xffffff97][0xffffffae]Z9J[0xffffffa4][0xffffffac]]j[0xfffffff1]nQ[0xffffffe2][0x8][0xffffffa3][0xffffffc4][0xffffff81]S[0xffffffe2][0x8][0xffffffa0][0xffffffc4][0xffffff81]R[0xffffffe2][0xffffffc0](q$Qb[0xffffff8d]"E[0x9][\r]$E[0xffffff89]5[0xffffff96][0x4]%[0xe][0xffffff98][0x12]G0%[0xffffffa4]<iJ[0xffffff98].[0xffffffa5])![0xffffffd5]JR[0xffffffe2]H[0xffffffa1][0xffffffc4][0xfffffff1][0xffffffd7][0xffffff94]p[0xffffffc3][0xffffffd9][0xffffffed][0xffffffbe][0xffffffb0]?p[0xffffffe0][0xffffffc3][0xffffffd9]3`8{[0xffffff9a]u[0xffffffd7][0xffffffc2][0xffffff80]c[0xffffffc3][0xffffffd9]S[0xfffffff6][IJ[0xffffff84][0xc]g[0xffffffdb]@2[0xffffff94][0x8][0x18][0xffffffce][0xffffff96]pVS"x8[0xffffffdb][0xffffff95]'K[0xffffff89][0xffffffbc][0xffffffe1]lW[0xffffffad][0x1c]%R[0xffffff86][0xffffffb3][0xffffffb5]x7([0xffffffe1][0xffffff86][0xffffffb3]{[0xffffffef][0xffffffd8]aP|8{[0x6][0xc]gO[0xffffffb3][0xffffffee]Z[0x18]pl8{[0xffffffca]~+I[0xffffff89][0xffffff90][0xffffffe1]l[0x1b]H[0xffffff86][0x12][0x1][0xffffffc3][0xffffffd9][0x12][0xffffffce]jJ[0x4][0xf]g[0xffffffbb][0xfffffff2]d)[0xffffff91]7[0xffffff9c][0xffffffed][0xffffffaa][0xffffff95][0xffffffa3]D[0xffffffca]p[0xffffffb6][0x16][0xffffffef][0x6]%[0xffffffdc]pv?[0x1b][0xfffffff6]V[0x2][0x1f][0xffffffce][0xffffff9e][0x1][0xffffffc3][0xffffffd9][0xffffffd3][0xffffffac][0xffffffbb][0x16][0x6][0x1c][0x1b][0xffffffce][0xffffff9e][0xffffffb2][0xffffffdf]JR"d8[0xffffffdb][0x6][0xffffff92][0xffffffa1]D[0xffffffc0]p[0xffffffb6][0xffffff84][0xffffffb3][0xffffff9a][0x12][0xffffffc1][0xffffffc3][0xffffffd9][0xffffffae]<YJ[0xffffffe4][\r]g[0xffffffbb]j[0xffffffe5]([0xffffff91]2[0xffffff9c][0xffffffad][0xffffffc5][0xfffffffb][0xffffffc7][0xffffff94]8_n8[0xffffffbb]?Og([0xfffffff1][0xfffffff5]<(%[0xffffffbe][0xffffff9f][0xffffff80][0xffffffa5][0xffffffc4][0xffffffef]g ([0xfffffff1][0xfffffffd][0xffffffeb][0x4]%~[0xfffffffd]r[0x2]%\[0x14][0x9]J[0xfffffff8]@[0x12][0xffffff94]p[0xffffffb1][0xffffffac][0xffffffa6][0xffffff84][0xffffff86][0xffffffb3][0xffffff96][0x12][0x1a][0xffffffd1][0x1c]J[0xffffffd8][0xfffffff2]$)[0xfffffff1][0xffffffa6]KIJ[0xffffffd8]j[0xffffffa5](a[0xffffff9a][0xffffff96][0xffffffa1][0xffffff84])[0xffffffde][\r]J[0xffffffb8][0xffffffe1][0xffffffec][0xffffffe3][0xffffffd5][0xffffffa1]][0xffffff89][0xffffffaf][0xffffffe7][0xffffff81])[0xffffffc1][0xf]g[0xffffffff]~[0x6][0xffffff86][0x12][0xffffffd4]p[0xfffffff6][0xffffffaf]_[0xffffffce][0xffffffa0]D[0xffffffc6]p[0xffffffb6][0xf]$C[0x9]~8[[0xffffffc3]YM[0xffffff89][0xffffffdc][0xffffffe1]l[[0xffffff9e],%[0xffffffe2][0xffffff86][0xffffffb3]m[0xffffffb5]r[0xffffff94][0x8][0x19][0xffffffce]6[0xffffffc5][0xffffffbb]A[0x9]7[0xffffff9c]}[0xffffff9c]7t[0xffffff82][0xffffffe3][0xffffffeb]y`J[0xfffffff0][0xffffffc3][0xffffffd9][0xffffffbf][0xffffff9f][0xffffff81][0xffffffa1][0x4]5[0xffffff9c][0xfffffffd][0xffffffeb][0xffffff97]3([0xffffff91]1[0xffffff9c][0xffffffed][0x3][0xffffffc9]P[0xffffff82][0x1f][0xffffffce][0xffffffd6]pVS"w8[0xffffffdb][0xffffff96]'K[0xffffff89][0xffffffb8][0xffffffe1]l[[0xffffffad][0x1c]%B[0xffffff86][0xffffffb3]M[0xfffffff1]nP[0xffffffc2][\r]g[0x1f][0xffffffd7]}R[0xffffff94][0xffffffa0][0xffffff87][0xffffffb3][0xffffffbf][0xffffff9f][0xffffff80][0xffffffa6][0x4]9[0xffffff9c][0xfffffffd][0xfffffffd][0xffffffeb][0xc]%[0xffffff82][0xffffff86][0xffffffb3]][0x14][0x19]J[0xffffffa4][0xc]g[0xffffffbb]X[0xffffffd6]S[0xffffff82][0x1d][0xffffffce][0xffffffd6][0xffffff88]&Q"l8[0xfffffffb]M[0xffffff97][0xffffffb2][0xffffff94][0x8][0x1a][0xffffffce]6MKQ[0xffffffe2][0xffffffef][0xffffff87][0xffffffb3][0xffffffcf][0xffffff97][0x1b][0xffffffce]>[0xffffffc6]kR[0xffffff94][0xffffffa0][0xffffff87][0xffffffb3][0xffffffbf][0xffffff9f][0xffffff80][0xffffffa6][0x4]9[0xffffff9c][0xfffffffd][0xfffffffd][0xffffffeb][0xc]%[0xffffff82][0xffffff86][0xffffffb3]][0x14][0x19]J[0xffffffa4][0xc]g[0xffffffbb]X[0xffffffd6]S[0xffffff82][0x1d][0xffffffce][0xffffffd6][0xffffff88]&Q"l8[0xfffffffb]M[0xffffff97][0xffffffb2][0xffffff94][0x8][0x1a][0xffffffce]6MKQ[0xffffffe2][0xffffffef][0xffffff87][0xffffffb3][0xffffffcf][0xffffffd7]e)[0xffffffd1]^[0x14]%.[0xffffff9c][0x12]W[0x0]%.[0xffffffcd]{a[0xffffffc0]/[0xffffff8c][0x12]W[0x12]%4[0xffffff8a][0xc]%\ [0x19]Jh,[0xffffffeb])[0xffffffb1][0xffffff86][0xffffffb3][0xffffff9a][0x12]kD[0xffffff93](a[0xffffffca][0xffffff93][0xffffffa5][0xffffff84][0xffffffed]R[0xffffff96][0x12][0xffffffa6]Z9JH[0xffffffd3]R[0xffffff94][0xffffff90][0xffffffe2][0xffffffdd][0xffffffa0][0xffffff84][0x1b][0xffffffce]>[0xffffffc6][0xffffffc4](A[0xf]g[0x7f]?[0x1]M[0x9]r8[0xfffffffb][0xfffffffb][0xffffffd7][0x19]J[0x4][\r]g[0xffffffbb](2[0xffffff94]H[0x19][0xffffffce]v[0xffffffb1][0xffffffac][0xffffffa7][0x4];[0xffffff9c][0xffffffad][0x11]M[0xffffffa2]D[0xffffffd8]p[0xfffffff6][0xffffff9b].e)[0x11]4[0xffffff9c]m[0xffffff9a][0xffffff96][0xffffffa2][0xffffffc4][0xffffffdf][0xf]g[0xffffff9f]/[0xffffffb7]vy<[\r][0xffffff9a][0xffffffa8][0xfffffffa]z[0x1e][0xffffff98][0x12][0xfffffffc][0xffffffda][0xffffffe5][0xffffffef]g`(A[0xffffffad]][0xfffffffe][0xfffffffa][0xffffffe5][0xc]Jd[0xffffffac]][0xfffffffa]@2[0xffffff94][0xffffffe0][0xffffffd7].5[0xffffff9c][0xffffffd5][0xffffff94][0xffffffc8]][0xffffffbb][0xffffffb4][0xffffffe5][0xffffffc9]R"n[0xffffffed][0xffffffd2]V+G[0xffffff89][0xffffff90][0xffffffb5]KS[0xffffffbc][0x1b][0xffffff94]pk[0xffffff97]g;[0xffffffb1][0xffffffb7][0x12][0xfffffff4][0xffffffda][0xffffffe5][0xfffffff7][0x13][0xffffffd0][0xffffff94] [0xffffffd7].[0xffffffbf][0x7f][0xffffff9d][0xffffffa1]D[0xffffffd0][0xffffffda][0xffffffa5][0xffffff8b]"C[0xffffff89][0xffffff94][0xffffffb5]K[0x17][0xffffffcb]zJ[0xffffffb0]k[0xffffff97][0x1a][0xffffffd1]$J[0xffffff84][0xffffffad]][0xffffffbe][0xffffffe9]R[0xffffff96][0x12]Ak[0xffffff97][0xffffffa6]i)J[0xfffffffc][0xfffffffd][0xffffffda][0xffffffe5][0xfffffff9]rk[0xffffff97][0xffffffe7][0xfffffff9][0xffffffc2][0xe][0xffffff83][0xffffffd2]k[0xffffff97][0xffffffdf]O@S[0xffffff82]\[0xffffffbb][0xfffffffc][0xfffffffe]u[0xffffff86][0x12]Ak[0xffffff97].[0xffffff8a][0xc]%R[0xffffffd6].],[0xffffffeb])[0xffffffc1][0xffffffae]]jD[0xffffff93]([0x11][0xffffffb6]v[0xfffffff9][0xffffffa6]KYJ[0x4][0xffffffad]][0xffffff9a][0xffffffa6][0xffffffa5]([0xfffffff1][0x1f][0xffffffac]]6[0xffffffb7]vy[0xffffffde][0xffffffe3][0xffffff81]([0xffffffd1][0xfffffff0][0xffffffb5][0xffffffcb][0x16][0xffffffb0]v[0xffffffd9][0xffffffcc]$[][0xffffffc0][0x1b][0xffffffb6]v[0xffffffd9]dt[\r][0xffffffa4][0xffffff84][0xffffff89]"B[0x9][0x1b]H[0xffffff84][0x12]&[0xffffff96][0xffffffe5][0xffffff94][0xffffff90]p[0x16]SB"[0x1a]D[0x9]W[0xffffff9e](%|[0xffffff97][0xffffffa2][0xffffff94]p[0xffffffd5][0xffffff8a]QB[0xffffff9b][0x16][0xffffffa2][0xffffff84][0x16][0xffffffef][0x6]%[0xffffff9a][0xffffffb9]d[0xfffffffc]z][0xffffffd4][0x1f]8>[0xffffff9f][0x7][0xffffffa6]D[0xffffffc3]/[0x19][0xffffffff][0xfffffffd][0xc][0xc]%[0x1a]t[0xffffffc9][0xfffffff8][0xffffffaf]_[0xffffffce][0xffffffa0][0xffffff84]F[0xffffff91][0xffffffa1][0xffffff84][0xb]$C[0x9][0xffffff8d]e=%[0xffffffd6]pVSb[0xffffff8d]h[0x12]%Ly[0xffffffb2][0xffffff94][0xffffffb0]][0xffffffca]R[0xffffffc2]T+G[0x9]iZ[0xffffff8a][0x12]R[0xffffffbc][0x1b][0xffffff94]pk[0xffffff97][0xffffffd7][0xffffffd9][0xffffffa8][0xffffffe1][0xffffffec][0xffffff86][0xffffffaf]][0xffffffb6][0xffffff80][0xffffffb5][0xffffffcb]f&[0xffffffd9][\n]"
[DEBUG] http-outgoing-1 << "[0x3][0xffffff8e][0xffffffad]]6[0x19]]#)[0x11][0xffffffb2]vi[0x3][0xffffffc9]P"`[0xffffffed]R[0xffffffc2]YM[0xffffff89][0xffffffe0][0xffffffb5]KW[0xffffff9e],%[0xfffffff2][0xffffffd6].][0xffffffb5]r[0xffffff94]HY[0xffffffbb][0xffffffd4][0xffffffe2][0xffffffdd][0xffffffa0][0xffffff84][[0xffffffbb][0xffffffbc][0xffffffee][0xffffffb3]S[0xffffff94][0xffffffc0][0xffffffd7].[[0xffffffc0][0xffffffda]e3[0xffffff93]l[0xffffff85][0x1][0xffffffc7][0xffffffd6].[0xffffff9b][0xffffff8c][0xffffffae][0xffffff91][0xffffff94][0x8]Y[0xffffffbb][0xffffffb4][0xffffff81]d([0x11][0xffffffb0]v)[0xffffffe1][0xffffffac][0xffffffa6]D[0xfffffff0][0xffffffda][0xffffffa5]+O[0xffffff96][0x12]yk[0xffffff97][0xffffffae]Z9J[0xffffffa4][0xffffffac]]j[0xfffffff1]nP[0xffffffc2][0xffffffad]][0xffffff8e][0xffffffd7][0xffffff85]Q[0x2]_[0xffffffbb]l[0x1]k[0xffffff97][0xffffffcd]L[0xffffffb2][0x15][0x6][0x1c][[0xffffffbb]l2[0xffffffba]FR"d[0xffffffed][0xffffffd2][0x6][0xffffff92][0xffffffa1]D[0xffffffc0][0xffffffda][0xffffffa5][0xffffff84][0xffffffb3][0xffffff9a][0x12][0xffffffc1]k[0xffffff97][0xffffffae]<YJ[0xffffffe4][0xffffffad]][0xffffffba]j[0xffffffe5]([0xffffff91][0xffffffb2]v[0xffffffa9][0xffffffc5][0xffffffbb]A[0xffffff89][0xffffffcb]Q[0xffffffe2][0xffffffec][0xffffffd8]g[0xffffff97][0x17]N[0xffffff89]+[0xffffff80][0x12][0xffffff97][0xffffffe6][0xffffffbd]0[0xffffffe0][0x17]F[0xffffff89]+[0xffffff89][0x12][0x1a]E[0xffffff86][0x12].[0xffffff90][0xc]%4[0xffffff96][0xfffffff5][0xffffff94]X[0xffffffc3]YM[0xffffff89]5[0xffffffa2]I[0xffffff94]0[0xffffffe5][0xffffffc9]R[0xffffffc2]v)K[0x9]S[0xffffffad][0x1c]%[0xffffffa4]i)JH[0xfffffff1]nP[0xffffffc2][0xffffffad]][0xffffff8e][0xfffffffb]<)J[0xffffffe0]k[0xffffff97]-`[0xffffffed][0xffffffb2][0xffffff99]I[0xffffffb6][0xffffffc2][0xffffff80]ck[0xffffff97]MF[0xffffffd7]HJ[0xffffff84][0xffffffac]][0xffffffda]@2[0xffffff94][0x8]X[0xffffffbb][0xffffff94]pVS"x[0xffffffed][0xffffffd2][0xffffff95]'K[0xffffff89][0xffffffbc][0xffffffb5]KW[0xffffffad][0x1c]%R[0xffffffd6].[0xffffffb5]x7([0xffffffe1][0xffffffd6].[0xffffffc7][0xffffffbc][0xffffffb0][0xffffffcf].[0xfffffff1][0xffffffb5][0xffffffcb][0x16][0xffffffb0]v[0xffffffd9][0xffffffcc]$[a[0xffffffc0][0xffffffb1][0xffffffb5][0xffffffcb]&[0xffffffa3]k$%B[0xffffffd6].m [0x19]J[0x4][0xffffffac]]J8[0xffffffab])[0x11][0xffffffbc]v[0xffffffe9][0xffffffca][0xffffff93][0xffffffa5]D[0xffffffde][0xffffffda][0xffffffa5][0xffffffab]V[0xffffff8e][0x12])k[0xffffff97]Z[0xffffffbc][0x1b][0xffffff94]pk[0xffffff97][0xfffffff7][0xffffffab]ao%[0xfffffff0][0xffffffb5][0xffffffcb][0x16][0xffffffb0]v[0xffffffd9][0xffffffcc]$[a[0xffffffc0][0xffffffb1][0xffffffb5][0xffffffcb]&[0xffffffa3]k$%B[0xffffffd6].m [0x19]J[0x4][0xffffffac]]J8[0xffffffab])[0x11][0xffffffbc]v[0xffffffe9][0xffffffca][0xffffff93][0xffffffa5]D[0xffffffde][0xffffffda][0xffffffa5][0xffffffab]V[0xffffff8e][0x12])k[0xffffff97]Z[0xffffffbc][0x1b][0xffffff94]pk[0xffffff97]7[0xffffffb8]+[0xffffff81][0xffffffaf]][0xffffffb6][0xffffff80][0xffffffb5][0xffffffcb]f&[0xffffffd9][\n]"
[DEBUG] http-outgoing-1 << "[0x3][0xffffff8e][0xffffffad]]6[0x19]]#)[0x11][0xffffffb2]vi[0x3][0xffffffc9]P"`[0xffffffed]R[0xffffffc2]YM[0xffffff89][0xffffffe0][0xffffffb5]KW[0xffffff9e],%[0xfffffff2][0xffffffd6].][0xffffffb5]r[0xffffff94]HY[0xffffffbb][0xffffffd4][0xffffffe2][0xfffffffd]sJt[0xffffffb7]vy[0xffffffb7][0x17]E[0xffffff89][0xffffff8e][0xffffffaf]][0xfffffff6][0xffffff80][0xffffffb5][0xffffffcb]n&[0xffffffd9][0xffffffea][0x2][0xffffffde][0xffffffb1][0xffffffb5][0xffffffcb].[0xffffffa3]k %L[0x14][0x11]J[0xffffffd8]@"[0xffffff94]0[0xffffffb1],[0xffffffa7][0xffffff84][0xffffff84][0xffffffb3][0xffffff98][0x12][0x12][0xffffffd1] J[0xffffffb8][0xfffffff2]D)[0xffffffe1][0xffffffbb][0x14][0xffffffa5][0xffffff84][0xffffffab]V[0xffffff8c][0x12][0xffffffda][0xffffffb4][0x10]%[0xffffffb4]x[0xffffffb7]([0xffffffa1]k[0xffffff97],%[0xffffffe0][0xffffffb5][0xffffffcb][0xffffffaf]'[0xffffffe0])[0x1][0xffffffae]]~[0xfffffffd]:E[0xffffff89][0xffffff9c][0xffffffb5]K[0x13]E[0xffffff8a][0x12]!k[0xffffff97]&[0xffffff96][0x4]%[0xffffffd0][0xffffffb5]K[0xffffff89]h[0x16]%[0xffffffb2][0xffffffd6].}[0xffffff97][0xffffffd2][0xffffff94][0xffffffc8]Y[0xffffffbb][0xffffffd4][0xffffffa6][0xffffffe5]([0xfffffff1][0xffffffd7]k[0xffffff97][0xffffffbd][0xffffffb9][0xffffffb7][0x12][0xffffffbd]_[0x14]%[0x1a][0xfffffffe]V[0xffffffa2][0x5][0xffffffbc][0xffffff95]hJ[0xffffffe7][0xffffffc2][0xffffff80]7[0xffffffec][0xffffffad]DKz+[0xffffffa1]Qd([0xffffffe1][0x2][0xffffffc9]PBcYO[0xffffff89]5[0xffffff9c][0xffffffd5][0xffffff94]X#[0xffffff9a]D[0x9]S[0xffffff9e],%l[0xffffff97][0xffffffb2][0xffffff94]0[0xffffffd5][0xffffffca]QB[0xffffff9a][0xffffff96][0xffffffa2][0xffffff84][0x14][0xffffffef][0x6]%[0xffffffdc]p[0xfffffff6]}_[0xffffffd4][0xffffffcd][0xffffffa0][0x1d][0x1f][0xffffffce][0xffffffee][0x1][0xffffffc3][0xffffffd9][0xffffffdd][0xffffffac][0xffffffbb][0x16][0x6][0x1c][0x1b][0xffffffce][0xffffffee][0xffffffb2][0xffffffdf]JR"d8[0xffffffdb][0x6][0xffffff92][0xffffffa1]D[0xffffffc0]p[0xffffffb6][0xffffff84][0xffffffb3][0xffffff9a][0x12][0xffffffc1][0xffffffc3][0xffffffd9][0xffffffae]<YJ[0xffffffe4][\r]g[0xffffffbb]j[0xffffffe5]([0xffffff91]2[0xffffff9c][0xffffffad][0xffffffc5][0xffffffbb]E[0x9][0xfffffff3][0x7][0xe][0xffffff94][0x12][0xfffffff4][0x1f]8z[0xffffffc0][0x1f]8[0xffffffba][0xffffffbe][0xffffff85]+[\r]8[0xfffffff5][0x7][0xffffff8e][0xffffff9e][0xfffffff4][0x7][0xe][0xffffff8d]"E[0xffffff89][0xffffff94]?ph,[0x9]J[0xffffffb0][0x7f][0xffffffe0]X#[0xffffff9a]E[0xffffff89][0xffffffb0]?p[0xffffffd8].[0xffffffa5])[0x11][0xfffffff4][0x7][0xe]iZ[0xffffff8e][0x12][0x7f][0xffffffff][0x7][0xffffff8e][0xfffffffe][0x7f]g[0x18]%N[0xffffff9c][0x12]g[0x0]%N[0xffffff94][0x12]'F[0xffffff89]3[0xffffff89][0x12]k[0x14])Jh )J[0xffffffac][0xffffffb1]$(q[0xffffffc2][0xffffff94]8[0xffffff83])![0xffffffe5]IS[0xffffffc2]t)M[0x9][0xffffffa9]V[0xffffff92][0x12]g[\n]"
[DEBUG] http-outgoing-1 << "%[0xffffffce][0xffffffff][0xffffff80][0x12]-[0xffffffcd][0x12][0xffffff8d][0xffffffc7]DK[0xffffffd0]Dc9[0xffffffd1]8O[0xffffffb4](PH[0x1e])Q[0xffffff98]TR[0xffffffa4][0xffffff90]l[0x12][0xffffffa6]h4*Z[0xffffffb2]*[0xffffffb4]FiV[0xffffffb8]V[0xffffffa5]][0xffffffa1]%K[0xffffffc2]b[0xffffffed]\N[0x16]k[0x5]o[0xffffffd1][0xffffffa2][0xffffff8f]0Z[0xfffffff4][0xffffff81][0xffffffd3][0xffffffe2][0xffffffe3][0x11]xZ[0xfffffffc]x[0x8][0xffffff8a][0x16][0x1f]?O[0xffffffd1][0xffffffe2][0xfffffffb][0xffffffa7]Sh!y[0xffffffa4]haRI[0xffffffd1]B[0xffffffb2]I[0xffffffd0]bIh=-[0xffffff96][0xffffff9c]f[0xffffffd1]Bk[0xffffff94][0xffffffa6][0xffffff85]kU[0xffffff9a][0x16]Z[0xffffffb2]$-[0xffffffd6][0xffffffce][0xffffffe5]h[0xffffffb1]V[0xfffffff0][0x16]-[0xffffffce][0x16]F[0xffffff8b][0xffffffb3][0xffffffe1][0xffffffb4][0xfffffff8]x[0x4][0xffffff9e][0x16]?[0x1e][0xffffff82][0xffffffa2][0xffffffc5][0xffffffc7][0xffffffcf]S[0xffffffb4][0xfffffff8][0xfffffffe][0xffffffe9][0x14]ZH[0x1e])Z[0xffffff98]TR[0xffffffb4][0xffffff90]l[0x12][0xffffffb4]X[0x12]ZO[0xffffff8b]%[0xffffffa7]Y[0xffffffb4][0xffffffd0][0x1a][0xffffffa5]i[0xffffffe1]Z[0xffffff95][0xffffffa6][0xffffff85][0xffffff96],I[0xffffff8b][0xffffffb5]s9Z[0xffffffac][0x15][0xffffffbc]E[0xffffff8b][0xffffff91]v[0xffffffe4]c[0xfffffff0]g>>[0x1e][0xffffff81][0xffffffa7][0xffffffc5][0xffffff8f][0xffffff87][0xffffffa0]h1[0xffffffb8]c[0x1f]#[0xffffffea][0xffffffdc][0xffffff87][0xffffffe4][0xffffff91][0xffffffa2][0xffffff85]I%E[0xb][0xffffffc9]&A[0xffffff8b]A[0xffffff9f][0xfffffffd][0x18][0xffffffc9][0xffffff87]?[0xffffffb4]FiZ[0xffffffb8]V[0xffffffa5]i[0xffffffa1]%K[0xffffffd2]b[0xffffffed]\[0xffffff8e][0x16]k[0x5]o[0xffffffd1][0xffffffe2]N[0xfffffffb][0xffffff83][0xffffffc8][0xffffffcd][0xffffffff]A[0xffffffe4]N[0xfffffff8][0xffffff83][0xffffffc8][0xffffffcd][0xfffffffe]A[0xffffffe4][0xffffffe6][0xfffffffe] rG[0xfffffffd]AD[0xfffffff2]H[0xffffffd1][0xffffffc2][0xffffffa4][0xffffff92][0xffffffa2][0xffffff85]d[0xffffff93][0xffffffa0][0xffffffc5]M[0xffffffff]A[0xffffffe4]N[0xfffffffe][0xffffff83][0xffffff88][0xffffffd6](M[0xb][0xffffffd7][0xffffffaa]4-[0xffffffb4]dIZ[0xffffffac][0xffffff9d][0xffffffcb][0xffffffd1]b[0xffffffad][0xffffffe0]=Z<i[0xffffffb4]xxZ<[0x9][0xffffffb4]xXZ<[0x1c]-[0xffffff9e](Z[0xffffffac]y[0xffffffc4]h[0xffffffa1][0xffffffa9][0xffffffc4]h[0xffffffb1]f[0x13][0xffffffa1][0xffffffc5]C[0xffffffd3][0xffffffe2]I[0xffffffa6][0xffffff85][0xffffffd4](N[0xb][0xffffffd3][0xffffffaa]8-[0xffffffa4]dQZ<1[0xffffffb4]x[0xfffffffe][0x3]Z[0xffffffb4][0xffffffb8][0xffffff8f]-Z[0xffffffc0][0xffffffd7][0x16]-[0xffffffe2]s[0xffffff8b][0xffffffa6][0x7f][\n]"
[DEBUG] http-outgoing-1 << ",[0xffffff8d]z[0x3]?[0xffffffb8]hY_\h()a[0xffffffb8]hR[0xffffffc4][0xffffffd0][0xffffff80][0x12][0xffffffc6]XcZ[0xffffff8f][0xffffff8c]5[0xffffffac]Y[0xffffffca]0[0xffffff85]J3[0xffffffc3][0xfffffff6]+[0xffffffed][0xc]S[0xffffffb7]$4[0xffffffa4]}9iH[0x19][0xffffffff][0x9]5[0xffffffc6][0xfffffff7][0xffffffbf]r[0xffffff98][0xffffffb5][0xffffffcd][0xffffffe7]l[0xffffffb3][0x1c][0x1a][0xffffffbf][0xffffff9f][0xffffff87]b[0xffffffc6]?[0xffffff9e][0x0]C[0xffffffc6][0xfffffff2][0xc][0xffffffc5][0xffffffc4][0xfffffff8][0xffffffc7][0xffffffaf][0x17][0x3][0xffffffe3][0x7f][0x7f][0x19][0xffffffe6][0xffffffc5][0xffffffdb]([0x16][0xffffffe3][0xffffffe2]_[0x2]YL[0xffffff8b][0xffffffb7][0xffffffb1],[0xffffff84][0xffffffc5][0xffffff9b]p[0xffffff96][0xffffffb1][0xffffffe2]MD#P[0xfffffff1][0xffffffbe]<!R[0xfffffffc][[0xffffff97]B[0xffffffa0]x_[0xffffffad][0x0]'[0xffffffde]5m9&[0xffffffde][0x15][0xffffffef][0x16]%z[0x18]%:N[0xffffff89][0x1e]@[0xffffff89][0xffffff8e]R[0xffffffa2]c[0xffffff94][0xffffffe8]I[0xffffff94]X[0xffffffa3]HQB[0x3]IQb[0xffffff8d]%A[0xffffff89][0xe]S[0xffffffa2][0x7]SB[0xffffffca][0xffffff93][0xffffffa6][0xffffff84][0xffffffe9]R[0xffffff9a][0x12]R[0xffffffad]$%z[\n]"
[DEBUG] http-outgoing-1 << "%[0xfffffffa]_S[0xffffffe2]to%[0xffffffc6][0xffffffe8][0x14]%N[0xfffffffc][0xffffffad][0xffffffc4][0x19][0xfffffff0]V[0xffffffe2]T:[0x17][0x6][0xfffffffc][0xffffffc4][0xffffffde]J[0xffffff9c]Io%4[0xffffff8a][0xc]%\ [0x19]Jh,[0xffffffeb])[0xffffffb1][0xffffff86][0xffffffb3][0xffffff9a][0x12]kD[0xffffff93](a[0xffffffca][0xffffff93][0xffffffa5][0xffffff84][0xffffffed]R[0xffffff96][0x12][0xffffffa6]Z9JH[0xffffffd3]R[0xffffff94][0xffffff90][0xffffffe2][0xfffffffd]sJ[0x1c]C)1[[0x7f]Q[0xffffff94][0xfffffff8]|[0x1e][0xffffff96][0x12]_O[0x0]S[0xffffffe2][0xffffffd7]3 [0xffffff94][0xfffffff8][0xfffffffa]u[0xffffff84][0x12]?[0x7f]9[0xffffff82][0x12]&[0xffffff8a][0x8]%l [0x11]J[0xffffff98]X[0xffffff96]SB[0xffffffc2]YL[0x9][0xffffff89]h[0x10]%\y[0xffffffa2][0xffffff94][0xfffffff0]][0xffffff8a]R[0xffffffc2]U+F[0x9]mZ[0xffffff88][0x12]Z[0xffffffbc][0x1b][0xffffff94][0xffffffb8][0x1d]%[0xffffffce][0xffffffeb][0xffffffa1](q[0xffffffe3][0xffffff94][0xffffffb8][0x3](qk[0xffffffde][0xb][0x3]~c[0xffffff94][0xffffffb8][0xffffff93]([0xffffffa1]Qd([0xffffffe1][0x2][0xffffffc9]PBcYO[0xffffff89]5[0xffffff9c][0xffffffd5][0xffffff94]X#[0xffffff9a]D[0x9]S[0xffffff9e],%l[0xffffff97][0xffffffb2][0xffffff94]0[0xffffffd5][0xffffffca]QB[0xffffff9a][0xffffff96][0xffffffa2][0xffffff84][0x14][0xffffffef][0x16]%[0xffffffe4][[0x9][0xffffff98][0x12][0xfffffff0][0xffffffb7][0x12]_O[0xffffffc0]S[0x2][0xfffffffc]V[0xffffffe2][0xffffffeb][0xffffffd7])J[0xffffffe4]|+a[0xffffffa2]HQ"[0xffffffe4][[0x9][0x13]K[0xffffff82][0x12][0xffffffe8][0xffffffb7][0x12][0x12][0xffffffd1],Jd}+[0xffffffe1][0xffffffbb][0xffffff94][0xffffffa6]D[0xffffffce][0xffffffb7][0x12][0xffffffda][0xffffffb4][0x1c]%[0xfffffffe][0xfffffffa][[0xffffff89][0xffffffe3]qo%[0xffffff9e]vS[0xffffff94]x[0xfffffff0][0xffffffb7][0x12]O[0xffffffc0][[0xffffff89]G[0xffffffe9]\[0x18][0xfffffff0][0x7]{+[0xfffffff1]$[0xffffffbd][0xffffff95][0xffffffd0](2[0xffffff94]p[0xffffff81]d([0xffffffa1][0xffffffb1][0xffffffac][0xffffffa7][0xffffffc4][0x1a][0xffffffce]jJ[0xffffffac][0x11]M[0xffffffa2][0xffffff84])O[0xffffff96][0x12][0xffffffb6]KYJ[0xffffff98]j[0xffffffe5](!MKQB[0xffffff8a]w[0xffffff8b][0x12][0xffffffe6][0xffffffad][0x4]J[0x9][0xfffffffa][0xffffffad][0xffffffc4][0x13][0xfffffff0]V[0xffffffe2]Q:[0xffffff97][0x6][0xffffff9c]z+[0xfffffff1]$[0xffffffbd][0xffffff95][0xffffffd0](R[0xffffff94]Hy+[0xffffffa1][0xffffffb1]$([0xffffffc1][0xffffffbe][0xffffff95]X#[0xffffff9a]E[0xffffff89][0xffffffb0][0xffffffb7][0x12][0xffffffb6]KiJ[0x4][0xffffffbd][0xffffff95][0xffffff90][0xffffffa6][0xffffffe5]([0xfffffff1][0xfffffff7]o%[0xffffffa6]y+[0xffffffd1][0xffffffdb][0xffffffd7]=[0x1f][0x8]%&[0xfffffffe]Vb[0x6][0xffffffbc][0xffffff95][0xffffff98]J[0xffffffe7][0xffffffc2][0xffffff80]O[0xffffffec][0xffffffad][0xffffffc4]Lz+[0xffffffa1]Qd([0xffffffe1][0x2][0xffffffc9]PBcYO[0xffffff89]5[0xffffff9c][0xffffffd5][0xffffff94]X#[0xffffff9a]D[0x9]S[0xffffff9e],%l[0xffffff97][0xffffffb2][0xffffff94]0[0xffffffd5][0xffffffca]QB[0xffffff9a][0xffffff96][0xffffffa2][0xffffff84][0x14][0xffffffef][0xffffff9f]S[0xffffffe2]|9J[0x1c][0xf]u[0xffffff82][0xffffffe3][0xfffffff3]yXJ|=[0x1]L[0xffffff89]_[0xffffffcf][0xffffff80]P[0xffffffe2][0xffffffeb][0xffffffd7][0x11]J[0xfffffffc][0xfffffffc][0xffffffe5][0x8]J[0xffffff98]("[0xffffff94][0xffffffb0][0xffffff81]D(abYN[0x9][0x9]g1%$[0xffffffa2]A[0xffffff94]p[0xffffffe5][0xffffff89]R[0xffffffc2]w)J[0x9]W[0xffffffad][0x18]%[0xffffffb4]i!Jh[0xfffffff1]nP[0xffffffa2]9J[0xffffffdc][0x17][0xfffffff5][0x7][0xffffff8e][0xffffffcf][0xffffffe7][0xffffff81])[0xffffffd1][0x2]([0xffffffd1]4[0xffffffef][0xffffff85][0x1]o[0x18]%Z[0x12]%4[0xffffff8a][0xc]%\ [0x19]Jh,[0xffffffeb])[0xffffffb1][0xffffff86][0xffffffb3][0xffffff9a][0x12]kD[0xffffff93](a[0xffffffca][0xffffff93][0xffffffa5][0xffffff84][0xffffffed]R[0xffffff96][0x12][0xffffffa6]Z9JH[0xffffffd3]R[0xffffff94][0xffffff90][0xffffffe2][0xffffffdd][0xffffffa0]Dw[0xffffff94][0xffffff98][0xffffffd7]EQ[0xffffffa2][0xffffffe3][0xffffff94][0xffffffe8][0x1][0xffffff94][0xffffffe8][0xffffff9a][0xfffffff7][0xffffffc2][0xffffff80]w[0xffffff8c][0x12]=[0xffffff89][0x12][0x1a]E[0xffffff86][0x12].[0xffffff90][0xc]%4[0xffffff96][0xfffffff5][0xffffff94]X[0xffffffc3]YM[0xffffff89]5[0xffffffa2]I[0xffffff94]0[0xffffffe5][0xffffffc9]R[0xffffffc2]v)K[0x9]S[0xffffffad][0x1c]%[0xffffffa4]i)JH[0xfffffff1]nP[0xffffffc2][0xffffffdc][0xffffffc1]1[0xffffff8f][0xffffffa3][0xffffff9f][0x14]%[0xfffffff0];8[0xffffffce][0xffffff80];8N3[0x14]_[0x18]p[0xffffffec][0xe][0xffffff8e]S[0xffffffa6][0xffffffe0]IJ[0xffffff84][0xffffffdc][0xffffffc1]a[0x3][0xffffffc9]P"[0xffffffe0][0xe][0xe][0x9]g5%[0xffffff82][0xffffffef][0xffffffe0]p[0xffffffe5][0xffffffc9]R"[0xffffffef][0xe][0xe]W[0xffffffad][0x1c]%R[0xffffffee][0xffffffe0][0xffffffd0][0xffffffe2][0xffffffdd][0xffffffa0][0xffffff84][0x19][0xffffffce][0xfffffffe][0xffffffa0][0xffffffc4][0x1c][0x14]%[0xfffffff0][0xffffffe1][0xffffffec]3`8[0xfffffffb]4[0xffffffeb][0xffffffae][0xffffff85][0x1][0xffffffc7][0xffffff86][0xffffffb3]O[0xffffffd9]o%)[0x11]2[0xffffff9c]m[0x3][0xffffffc9]P"`8[[0xffffffc2]YM[0xffffff89][0xffffffe0][0xffffffe1]lW[0xffffff9e],%[0xfffffff2][0xffffff86][0xffffffb3]][0xffffffb5]r[0xffffff94]H[0x19][0xffffffce][0xffffffd6][0xffffffe2][0xffffffdd][0xffffffa0][0xffffffc4][0xffffffe5](q[0x1e][0xfffffff5]W[0xffffff90][0xffffffff]~[0x1e][0xffffff98][0x12]W[0x0]%.[0xffffffcd]{a[0xffffffc0]/[0xffffff8c][0x12]W[0x12]%4[0xffffff8a][0xc]%\ [0x19]Jh,[0xffffffeb])[0xffffffb1][0xffffff86][0xffffffb3][0xffffff9a][0x12]kD[0xffffff93](a[0xffffffca][0xffffff93][0xffffffa5][0xffffff84][0xffffffed]R[0xffffff96][0x12][0xffffffa6]Z9JH[0xffffffd3]R[0xffffff94][0xffffff90][0xffffffe2][0xffffffdd][0xffffffa0][0xffffffc4][0xffffffb0][0xffffff94][0xffffffb8][0xffffffa9][0xffffffc3][0xffffffa0][0xffffff9f][0xffffffcf][0x3]Sb[0x4]Pbh[0xffffffde][0xb][0x3]>0J[0xffffff8c]$Jh[0x14][0x19]J[0xffffffb8]@2[0xffffff94][0xffffffd0]X[0xffffffd6]Sb[\r]g5%[0xffffffd6][0xffffff88]&Q[0xffffffc2][0xffffff94]'K[0x9][0xffffffdb][0xffffffa5],%L[0xffffffb5]r[0xffffff94][0xffffff90][0xffffffa6][0xffffffa5](![0xffffffc5][0xffffffbb]A[0x9]w[0x7][0xffffffc7]qN[0xffffff8c][0x12][0xfffffff8][0x1d][0x1c]g[0xffffffc0][0x1d][0x1c][0xffffffa7][0x19][0xffffff8a]/[0xc]8v[0x7][0xffffffc7])S[0xfffffff0]$%B[0xffffffee][0xffffffe0][0xffffffb0][0xffffff81]d([0x11]p[0x7][0xffffff87][0xffffff84][0xffffffb3][0xffffff9a][0x12][0xffffffc1]wp[0xffffffb8][0xfffffff2]d)[0xffffff91]w[0x7][0xffffff87][0xffffffab]V[0xffffff8e][0x12])wph[0xfffffff1]nP[0xffffffc2][\r]g[0x1f][0xffffffa3]M[0xffffff8a][0x12][0xfffffff8]p[0xfffffff6][0x19]0[0xffffff9c]}[0xffffff9a]u[0xffffffd7][0xffffffc2][0xffffff80]c[0xffffffc3][0xffffffd9][0xffffffa7][0xffffffec][0xffffffb7][0xffffff92][0xffffff94][0x8][0x19][0xffffffce][0xffffffb6][0xffffff81]d([0x11]0[0xffffff9c]-[0xffffffe1][0xffffffac][0xffffffa6]D[0xfffffff0]p[0xffffffb6]+O[0xffffff96][0x12]y[0xffffffc3][0xffffffd9][0xffffffae]Z9J[0xffffffa4][0xc]gk[0xfffffff1]nP[0xffffffc2][0xffffffad]][0x1e][0xffffffcf][0xffffff83]}v[0xffffff89][0xffffffaf]][0xffffff9e][0x1]k[0xffffff97][0xffffffa7][0xffffff99]d+[0xc]8[0xffffffb6]vy[0xffffffca][0xffffffe8][0x1a]I[0xffffff89][0xffffff90][0xffffffb5]K[0x1b]H[0xffffff86][0x12][0x1]k[0xffffff97][0x12][0xffffffce]jJ[0x4][0xffffffaf]][0xffffffba][0xfffffff2]d)[0xffffff91][0xffffffb7]v[0xffffffe9][0xffffffaa][0xffffff95][0xffffffa3]D[0xffffffca][0xffffffda][0xffffffa5][0x16][0xffffffef][0xffffff9f]S[0xffffffe2][0x1a][0xffffff86][0x12][0xffffffd7][0xfffffff3]P[0x13]U[0xffffff9f][0xffffffcf][0xffffffc3]R[0xffffffe2][0xffffffeb][0x9]`J[0xfffffffc]z[0x6][0xffffff84][0x12]_[0xffffffbf][0xffffff8e]P[0xffffffe2][0xffffffe7]/GP[0xffffffc2]D[0x11][0xffffffa1][0xffffff84][\r]$B[0x9][0x13][0xffffffcb]rJH8[0xffffff8b])![0x11][\r][0xffffffa2][0xffffff84]+O[0xffffff94][0x12][0xffffffbe]KQJ[0xffffffb8]j[0xffffffc5]([0xffffffa1]M[0xb]QB[0xffffff8b]w[0xffffff83][0x12][0xffffffee][[0xffffff89][0xfffffff1]:[0xffffffa8]o%.[0xfffffffc][[0xffffff89]+[0xffffffe0][[0xffffff89][0xffffffcb][0xfffffffc]A[0xffffffaf]0[0xffffffe0][0xffffffd8][0xffffffb7][0x12][0xffffff97][0xfffffffc][0xffffffc9][0xffffff8e][0xffffffa4]D[0xffffffc8][0xffffffb7][0x12]6[0xffffff90][0xc]%[0x2][0xffffffbe][0xffffff95][0xffffff90]pVS"[0xfffffff8][[0x9]W[0xffffff9e],%[0xfffffff2][0xffffffbe][0xffffff95]p[0xffffffd5][0xffffffca]Q"[0xffffffe5][[0x9]-[0xffffffde][\r]J[0xffffffb8]o%>[0xfffffffe]k[0xffffffea][[0xffffff89][0xb][0xffffffff]V[0xffffffe2][\n]"
[DEBUG] http-outgoing-1 << "[0xfffffff8]V[0xffffffe2]2[0x7f][0xffffffd0]+[0xc]8[0xfffffff6][0xffffffad][0xffffffc4]%[0x7f][0xffffffb2]#)[0x11][0xfffffff2][0xffffffad][0xffffff84][\r]$C[0xffffff89][0xffffff80]o%$[0xffffff9c][0xffffffd5][0xffffff94][0x8][0xfffffffe]V[0xffffffc2][0xffffff95]'K[0xffffff89][0xffffffbc]o%\[0xffffffb5]r[0xffffff94]H[0xfffffff9]VB[0xffffff8b][0xfffffff7][0xffffffcf])1[0xffffffdc]u^[0xffffffe3]z[0xffffffa8][0xffffffe1][0xffffffec][0xffffff81]_[0xffffffe7]5[0x2][0xffffffae][0xfffffff3][0x1a][0xffffffe6][0xffffffce][0xffffff99][0xffffffba][0xffffff80][0xf][0xffffffec]:[0xffffffaf]![0xffffffb7][0xffffffca][0xffffff80][0xffffff94]0QD(a[0x3][0xffffff89]P[0xffffffc2][0xffffffc4][0xffffffb2][0xffffff9c][0x12][0x12][0xffffffce]bJHD[0xffffff83]([0xffffffe1][0xffffffca][0x13][0xffffffa5][0xffffff84][0xffffffef]R[0xffffff94][0x12][0xffffffae]Z1Jh[0xffffffd3]B[0xffffff94][0xffffffd0][0xffffffe2][0xffffffdd][0xffffffa0][0xffffff84][0xffffffbb][0xffffffce]k[0xc]l8{[0xffffffe0][0xffffffd7]y[0xffffff8d][0xffffff80][0xffffffeb][0xffffffbc][0xffffff86][0xffffffb9]s[0xffffffa6]0[0xffffffe0][0xffffffd8]u^Cn[0xffffff95]!)[0x11]r[0xffffff9d][0xffffff97][\r]$C[0xffffff89][0xffffff80][0xffffffeb][0xffffffbc]$[0xffffff9c][0xffffffd5][0xffffff94][0x8][0xffffffbe][0xffffffce][0xffffffcb][0xffffff95]'K[0xffffff89][0xffffffbc][0xffffffeb][0xffffffbc]\[0xffffffb5]r[0xffffff94]H[0xffffffb9][0xffffffce]K[0xffffff8b]w[0xffffff83][0x12][0xffffffee]:[0xffffffaf]1[0xffffffee]NQ[0x2][0xffffffbf][0xffffffce]k[0x4]\[0xffffffe7]5[0xffffffcc][0xffffff9d]3[0xffffff85][0x1][0xffffffc7][0xffffffae][0xfffffff3][0x1a]r[0xffffffab][0xc]I[0xffffff89][0xffffff90][0xffffffeb][0xffffffbc]l [0x19]J[0x4]\[0xffffffe7]%[0xffffffe1][0xffffffac][0xffffffa6]D[0xfffffff0]u^[0xffffffae]<YJ[0xffffffe4]][0xffffffe7][0xffffffe5][0xffffffaa][0xffffff95][0xffffffa3]D[0xffffffca]u^Z[0xffffffbc][0x1b][0xffffff94]p[0xffffffd7]y[0xffffff8d][0xfffffffb][0xffffffc6][0xfffffffe][0xffffffc0][0xffffff81]_[0xffffffe7]5[0x2][0xffffffae][0xfffffff3][0x1a][0xffffffe6][0xffffffce][0xffffff99][0xffffffc2][0xffffff80]c[0xffffffd7]y[\r][0xffffffb9]U[0xffffff86][0xffffffa4]D[0xffffffc8]u^6[0xffffff90][0xc]%[0x2][0xffffffae][0xfffffff3][0xffffff92]pVS"[0xfffffff8]:/W[0xffffff9e],%[0xfffffff2][0xffffffae][0xfffffff3]r[0xffffffd5][0xffffffca]Q"[0xffffffe5]:/-[0xffffffde][\r]J[0xffffffb8][0xffffffeb][0xffffffbc][0xffffffee]~`[0xffffff94][0xffffffc0][0xffffffaf][0xfffffff3][0x1a][0x1][0xffffffd7]y[\r]s[0xffffffe7]La[0xffffffc0][0xffffffb1][0xffffffeb][0xffffffbc][0xffffff86][0xffffffdc]*CR"[0xffffffe4]:/[0x1b]H[0xffffff86][0x12][0x1][0xffffffd7]yI8[0xffffffab])[0x11]|[0xffffff9d][0xffffff97]+O[0xffffff96][0x12]y[0xffffffd7]y[0xffffffb9]j[0xffffffe5]([0xffffff91]r[0xffffff9d][0xffffff97][0x16][0xffffffef][0x6]%[0xffffffdc]u^[0xfffffff7][0xffffffc9]Q[0x2][0xffffffbf][0xffffffce]k[0x4]\[0xffffffe7]5[0xffffffcc][0xffffff9d]3[0xffffff85][0x1][0xffffffc7][0xffffffae][0xfffffff3][0x1a]r[0xffffffab][0xc]I[0xffffff89][0xffffff90][0xffffffeb][0xffffffbc]l [0x19]J[0x4]\[0xffffffe7]%[0xffffffe1][0xffffffac][0xffffffa6]D[0xfffffff0]u^[0xffffffae]<YJ[0xffffffe4]][0xffffffe7][0xffffffe5][0xffffffaa][0xffffff95][0xffffffa3]D[0xffffffca]u^Z[0xffffffbc][[0xffffff94][0xffffffe8]a[0xffffff94][0xffffffe8]8%z[0x0]%:J[0xffffff89][0xffffff8e]Q[0xffffffa2]'Qb[0xffffff8d]"E[0x9][\r]$E[0xffffff89]5[0xffffff96][0x4]%:L[0xffffff89][0x1e]L[0x9])O[0xffffff9a][0x12][0xffffffa6]KiJH[0xffffffb5][0xffffff92][0xffffff94][0xffffffe8])[0xffffff94][0xffffffe8][0x7f]M[0xffffff89][0xffffffe1][0xffffffde]J<_[0xffffff8f][0xffffff89]Pb[0xffffffe0]o%F[0xffffffc0][[0xffffff89][0xffffffa1]t.[0xc][0xfffffff8][0xffffffc0][0xffffffde]J[0xffffff8c][0xffffffa4][0xffffffb7][0x12][0x1a]E[0xffffff86][0x12].[0xffffff90][0xc]%4[0xffffff96][0xfffffff5][0xffffff94]X[0xffffffc3]YM[0xffffff89]5[0xffffffa2]I[0xffffff94]0[0xffffffe5][0xffffffc9]R[0xffffffc2]v)K[0x9]S[0xffffffad][0x1c]%[0xffffffa4]i)JH[0xfffffff1]nP[0xffffffc2][0xffffffad]]]]><![CDATA[>[0xffffffaf][0x13];[0xffffffc1][0xffffff81][0xffffffaf]][0xffffff8e][0xffffff80][0xffffffb5][0xffffffcb]a&[0xffffffd9][\n]"
[DEBUG] http-outgoing-1 << "[0x3][0xffffff8e][0xffffffad]][0xe][0x19]]#)[0x11][0xffffffb2]vi[0x3][0xffffffc9]P"`[0xffffffed]R[0xffffffc2]YM[0xffffff89][0xffffffe0][0xffffffb5]KW[0xffffff9e],%[0xfffffff2][0xffffffd6].][0xffffffb5]r[0xffffff94]HY[0xffffffbb][0xffffffd4][0xffffffe2][0xffffffdd][0xffffffa2][0xffffff84][0xfffffffe][0xffffff81][0xffffff83][0xffffffa5][0x4][0xfffffffd][0x7][0xffffff8e];[0xffffffe0][0xf][0x1c][0xffffffb7][0xffffffbe][0xffffff85]+[\r]8[0xfffffff5][0x7][0xffffff8e];[0xffffffe9][0xf][0x1c][0x1a]E[0xffffff8a][0x12])[0x7f][0xffffffe0][0xffffffd0]X[0x12][0xffffff94]`[0xffffffff][0xffffffc0][0xffffffb1]F4[0xffffff8b][0x12]a[0x7f][0xffffffe0][0xffffffb0]]JS"[0xffffffe8][0xf][0x1c][0xffffffd2][0xffffffb4][0x1c]%[0xfffffffe][0xfffffffe][0xf][0x1c]n8[0xfffffffb]9[0xf][0xffffffea]f[0xffffffd0][0xffffff81][0xf]g[0xffffff8f][0xffffff80][0xffffffe1][0xffffffec]a[0xffffffd6]][0xb][0x3][0xffffff8e][\r]g[0xf][0xffffffd9]o%)[0x11]2[0xffffff9c]m[0x3][0xffffffc9]P"`8[[0xffffffc2]YM[0xffffff89][0xffffffe0][0xffffffe1]lW[0xffffff9e],%[0xfffffff2][0xffffff86][0xffffffb3]][0xffffffb5]r[0xffffff94]H[0x19][0xffffffce][0xffffffd6][0xffffffe2][0xffffffdd][0xffffffa2][0xffffff84]y+[0xffffff81]R[0xffffff82]~+[0xfffffff1][0x4][0xffffffbc][0xffffff95]x[0xffffff94][0xffffffce][0xffffffa5][0x1][0xffffffa7][0xffffffde]J<Io%4[0xffffff8a][0x14]%R[0xffffffde]Jh,[0x9]J[0xffffffb0]o%[0xffffffd6][0xffffff88]fQ"[0xffffffec][0xffffffad][0xffffff84][0xffffffed]R[0xffffff9a][0x12]Ao%[0xffffffa4]i9J[0xfffffffc][0xfffffffd][[0xffffff89][0xffffffe9][0xffffffde]J\[0xffffffe3][0xffffffa1](1[0xfffffff1][0xffffffb7][0x12][0xffffffd3]I[0xffffffba]8[0xffffffef]S[0xffffffe9]\[0x18][0xfffffff0][0xffffff89][0xffffffbd][0xffffff95][0xffffff98]Io%4[0xffffff8a][0xc]%\ [0x19]Jh,[0xffffffeb])[0xffffffb1][0xffffff86][0xffffffb3][0xffffff9a][0x12]kD[0xffffff93](a[0xffffffca][0xffffff93][0xffffffa5][0xffffff84][0xffffffed]R[0xffffff96][0x12][0xffffffa6]Z9JH[0xffffffd3]R[0xffffff94][0xffffff90][0xffffffe2][0xffffffdd][0xffffffa2][0xffffff84]y+[0xffffff81]R[0xffffff82]~+1[0x3][0xffffffde]JL[0xffffffa5]si[0xffffffc0][0xffffffa9][0xffffffb7][0x12]3[0xffffffe9][0xffffffad][0xffffff84]F[0xffffff91][0xffffffa2]D[0xffffffca][[0x9][0xffffff8d]%A[0x9][0xfffffff6][0xffffffad][0xffffffc4][0x1a][0xffffffd1],J[0xffffff84][0xffffffbd][0xffffff95][0xffffffb0]]JS"[0xffffffe8][0xffffffad][0xffffff84]4-G[0xffffff89][0xffffffbf]~+q[0xffffffbb][0xffffff9b]A[0xffffffe7][0xffffffab][0xffffffbf] J[0xffffffdc][0xfffffff8][0xffffffcd][0xffffffa0]w[0xffffffc0][0xffffffcd][0xffffffa0][0xffffffb7][0xffffffb9][0xffffffbe][0xffffffae].[0xffffffe0]7v3[0xffffffe8]-[0x17][0xffffffd4][0xffffff81][0xffffff94]0QD(a[0x3][0xffffff89]P[0xffffffc2][0xffffffc4][0xffffffb2][0xffffff9c][0x12][0x12][0xffffffce]bJHD[0xffffff83]([0xffffffe1][0xffffffca][0x13][0xffffffa5][0xffffff84][0xffffffef]R[0xffffff94][0x12][0xffffffae]Z1Jh[0xffffffd3]B[0xffffff94][0xffffffd0][0xffffffe2][0xffffffdd][0xffffffa0][0xffffff84][0xffffffbb][0x19]t[0xffffffb6]6)J[0xffffffe0]7[0xffffff83][0xffffffde][0x1]7[0xffffff83][0xffffffde][0xffffffe6][0xfffffffa][0xffffffba][0xffffffc2][0xffffff80]c7[0xffffff83][0xffffffde]rA[0x1d]I[0xffffff89][0xffffff90][0xffffff9b]Am [0x19]J[0x4][0xffffffdc][0xc]*[0xffffffe1][0xffffffac][0xffffffa6]D[0xfffffff0][0xffffffcd][0xffffffa0][0xffffffae]<YJ[0xffffffe4][0xffffffdd][0xc][0xffffffea][0xffffffaa][0xffffff95][0xffffffa3]D[0xffffffca][0xffffffcd][0xffffffa0]Z[0xffffffbc][0x1b][0xffffff94]p7[0xffffff83][0xffffffce][0xffffff8f][0xffffffff][0xffffff9e][0xffffffa2][0x4]~3[0xffffffe8][0x1d]p3[0xffffffe8]m[0xffffffae][0xffffffaf]+[0xc]8v3[0xffffffe8]-[0x17][0xffffffd4][0xffffff91][0xffffff94][0x8][0xffffffb9][0x19][0xffffffd4][0x6][0xffffff92][0xffffffa1]D[0xffffffc0][0xffffffcd][0xffffffa0][0x12][0xffffffce]jJ[0x4][0xffffffdf][0xc][0xffffffea][0xffffffca][0xffffff93][0xffffffa5]D[0xffffffde][0xffffffcd][0xffffffa0][0xffffffae]Z9J[0xffffffa4][0xffffffdc][0xc][0xffffffaa][0xffffffc5][0xffffffbb]A[0x9]w3[0xffffffe8][0xffffffbc][0xffffffb9][0xffffffb7][0x12][0xfffffff8][0xffffffcd][0xffffffa0]w[0xffffffc0][0xffffffcd][0xffffffa0][0xffffffb7][0xffffffb9][0xffffffbe][0xffffffae]0[0xffffffe0][0xffffffd8][0xffffffcd][0xffffffa0][0xffffffb7]\PGR"[0xffffffe4]fP[0x1b]H[0xffffff86][0x12][0x1]7[0xffffff83]J8[0xffffffab])[0x11]|3[0xffffffa8]+O[0xffffff96][0x12]y7[0xffffff83][0xffffffba]j[0xffffffe5]([0xffffff91]r3[0xffffffa8][0x16][0xffffffef][0x6]%[0xffffffdc][0xffffffcd][0xffffffa0][0xfffffff3][0xffffffbe]1J[0xffffffe0]7[0xffffff83][0xffffffde][0x1]7[0xffffff83][0xffffffde][0xffffffe6][0xfffffffa][0xffffffba][0xffffffc2][0xffffff80]c7[0xffffff83][0xffffffde]rA[0x1d]I[0xffffff89][0xffffff90][0xffffff9b]Am [0x19]J[0x4][0xffffffdc][0xc]*[0xffffffe1][0xffffffac][0xffffffa6]D[0xfffffff0][0xffffffcd][0xffffffa0][0xffffffae]<YJ[0xffffffe4][0xffffffdd][0xc][0xffffffea][0xffffffaa][0xffffff95][0xffffffa3]D[0xffffffca][0xffffffcd][0xffffffa0]Z[0xffffffbc][0x1b][0xffffff94]p7[0xffffff83][0xffffffce][0xffffffe7]uP[0xffffff94][0xffffffc0]o[0x6][0xffffffbd][0x3]n[0x6][0xffffffbd][0xffffffcd][0xfffffff5]u[0xffffff85][0x1][0xffffffc7]n[0x6][0xffffffbd][0xffffffe5][0xffffff82]:[0xffffff92][0x12]!7[0xffffff83][0xffffffda]@2[0xffffff94][0x8][0xffffffb8][0x19]T[0xffffffc2]YM[0xffffff89][0xffffffe0][0xffffff9b]A]y[0xffffffb2][0xffffff94][0xffffffc8][0xffffffbb][0x19][0xffffffd4]U+G[0xffffff89][0xffffff94][0xffffff9b]A[0xffffffb5]x7([0xffffffe1][0xffffffee][0xffffffe0][0xfffffff8][0xffffffb0][0x4][0xfffffff6]V[0x2][0xffffffbf][0xffffff83][0xffffffe3][0xe][0xffffffb8][0xffffff83][0xffffffe3]6C[0xfffffff1][0xffffff85][0x1][0xffffffc7][0xffffffee][0xffffffe0][0xffffffb8]e[\n]"
[DEBUG] http-outgoing-1 << "[0xffffff9e][0xffffffa4]D[0xffffffc8][0x1d][0x1c]6[0xffffff90][0xc]%[0x2][0xffffffee][0xffffffe0][0xffffff90]pVS"[0xfffffff8][0xe][0xe]W[0xffffff9e],%[0xfffffff2][0xffffffee][0xffffffe0]p[0xffffffd5][0xffffffca]Q"[0xffffffe5][0xe][0xe]-[0xffffffde]-J[0x1c]a[0xffffff94]8pJ[0x1c][0x1][0xffffff94]8PJ[0x1c][0x18]"
[DEBUG] http-outgoing-1 << "%[0xffffff8e]$J[0xffffffac]Q[0xffffffa4]([0xffffffa1][0xffffff81][0xffffffa4]([0xffffffb1][0xffffffc6][0xffffff92][0xffffffa0][0xffffffc4][0x1]S[0xffffffe2][0x8][0xffffffa6][0xffffff84][0xffffff94]'M[0x9][0xffffffd3][0xffffffa5]4%[0xffffffa4]ZIJ[0x1c])[0xffffff94]8[0xfffffffe][0xffffff9a][0x12]z[0x7][0xffffffc7][0xfffffff1]z[0x1d][\r][0xfffffffb][0x3][0x7]~[0x7][0xffffffc7][0x1d]p[0x7][0xffffffc7]m[0xffffff86][0xffffffe2][0xb][0x3][0xffffff8e][0xffffffdd][0xffffffc1]q[0xffffffcb][0x14]<I[0xffffff89][0xffffff90];8l [0x19]J[0x4][0xffffffdc][0xffffffc1]![0xffffffe1][0xffffffac][0xffffffa6]D[0xfffffff0][0x1d][0x1c][0xffffffae]<YJ[0xffffffe4][0xffffffdd][0xffffffc1][0xffffffe1][0xffffffaa][0xffffff95][0xffffffa3]D[0xffffffca][0x1d][0x1c]Z[0xffffffbc][[0xffffff94]X[0xffffffd7].iJ[0xffffffc0]k[0xffffff97]w[0xffffffc0][0x1d][0x1c][0xffffffb7][0x19][0xffffff8a]/[\r]8[0xffffffb4]vy[0xffffffcb][0x14]<K[0xffffff89][0xffffff88][0xffffffb5]K[0x1b]H[0xffffff8a][0x12][0xfffffff8][0xffffffda][0xffffffa5][0xffffff84][0xffffffb3][0xffffff9e][0x12][0xffffffb1]k[0xffffff97][0xffffffae]<iJ[0xffffffa4][0xffffffad]][0xffffffba]j%)[0xffffff91][0xffffffb1]v[0xffffffa9][0xffffffc5][0xffffffbb]E[0xffffff89];[0xffffff8c][0x12]7N[0xffffff89];[0xffffff80][0x12]7J[0xffffff89][0x1b][0xffffffa3][0xffffffc4][0xffffff9d]D[0xffffff89]5[0xffffff8a][0x14]%4[0xffffff90][0x14]%[0xffffffd6]X[0x12][0xffffff94][0xffffffb8]aJ[0xffffffdc][0xffffffc1][0xffffff94][0xffffff90][0xfffffff2][0xffffffa4])a[0xffffffba][0xffffff94][0xffffffa6][0xffffff84]T+I[0xffffff89];[0xffffff85][0x12][0xfffffff7][0x7f]@[0xffffff89][0xffffff96]f[0xffffff89][0xffffffc6]c[0xffffffa2]%h[0xffffffa2][0xffffffb1][0xffffff9c]h[0xffffff9c]'Z[0x14]($[0xffffff8f][0xffffff94](L*)RH6[0x9]S4[0x1a][0x15]-Y[0x15]Z[0xffffffa3]4+\[0xffffffab][0xffffffd2][0xffffffae][0xffffffd0][0xffffff92]%a[0xffffffb1]v.'[0xffffff8b][0xffffffb5][0xffffff82][0xffffffb7]h[0xffffffd1]G[0x18]-[0xfffffffa][0xffffffc0]i[0xfffffff1][0xfffffff1][0x8]<-~<[0x4]E[0xffffff8b][0xffffff8f][0xffffff9f][0xffffffa7]h[0xfffffff1][0xfffffffd][0xffffffd3])[0xffffffb4][0xffffff90]<R[0xffffffb4]0[0xffffffa9][0xffffffa4]h![0xffffffd9]$h[0xffffffb1]$[0xffffffb4][0xffffff9e][0x16]KN[0xffffffb3]h[0xffffffa1]5J[0xffffffd3][0xffffffc2][0xffffffb5]*M[0xb]-Y[0xffffff92][0x16]k[0xffffffe7]r[0xffffffb4]X+x[0xffffff8b][0x16]G[0x1a]-[0xe][0xffffff9e][0x16]G[0x2]-[0xe][0xffffff96][0x16][0x7]G[0xffffff8b]#[0xffffff8a][0x16][0xffffff92]G[0xffffff8a][0x16]&[0xffffff95][0x14]-$[0xffffff9b][0x4]-[0xe][0xffffff9a][0x16]G2-[0xffffffb4]FiZ[0xffffffb8]V[0xffffffa5]i[0xffffffa1]%K[0xffffffd2]b[0xffffffed]\[0xffffff8e][0x16]k[0x5]o[0xffffffd1][0xffffffe2][0xffffffba][0xffffffc2]hq]8->[0x1e][0xffffff81][0xffffffa7][0xffffffc5][0xffffff8f][0xffffff87][0xffffffa0]h[0xfffffff1][0xfffffff1][0xfffffff3][0x14]-[0xffffffbe][0x7f]:[0xffffff85][0x16][0xffffff92]G[0xffffff8a][0x16]&[0xffffff95][0x14]-$[0xffffff9b][0x4]-[0xffffff96][0xffffff84][0xffffffd6][0xffffffd3]b[0xffffffc9]i[0x16]-[0xffffffb4]FiZ[0xffffffb8]V[0xffffffa5]i[0xffffffa1]%K[0xffffffd2]b[0xffffffed]\[0xffffff8e][0x16]k[0x5]o[0xffffffd1]b[0xffffffb4]0Z[0xffffff8c][0xffffff86][0xffffffd3][0xffffffe2][0xffffffe3][0x11]xZ[0xfffffffc]x[0x8][0xffffff8a][0x16][0x1f]?O[0xffffffd1][0xffffffe2][0xfffffffb][0xffffffa7]Sh!y[0xffffffa4]haRI[0xffffffd1]B[0xffffffb2]I[0xffffffd0]bIh=-[0xffffff96][0xffffff9c]f[0xffffffd1]Bk[0xffffff94][0xffffffa6][0xffffff85]kU[0xffffff9a][0x16]Z[0xffffffb2]$-[0xffffffd6][0xffffffce][0xffffffe5]h[0xffffffb1]V[0xfffffff0][0x1e]-[0xffffffd2]N[0xffffff97][0xe][0xfffffffe]x[0xffffffe9]H8_:[0xffffffd8][0x3][0xffffffa6][0xffffff83];a:[0xffffffa2][0xffffff8e][0xffffff98]J[0x1e]1Z[0xffffffe4][0x1c]2[0xffffff95]l"[0xffffffb4][0xffffffa0][0xffffff8f][0xffffff99][0xffffff8e][0xffffffe4]s[0xffffffa6]Z[0xffffffa3]8-[0x2]O[0xffffff9a]j[0xffffffc9][0xffffffa2][0xffffffb4][0xffffff88]9k[0xffffffba]V[0xfffffff0][0x1e]-[0xffffffd6]9M[0xffffff9c][0x16][0xfffffff4][0xffffff9e][0xffffffe6][0xffffffd7]#[0x4][0xffffffd0][0xffffff82]\[0xffffffd4][0xfffffffc][0xfffffffa]y[0xffffff8c][0x16]A[0xffffff9b][0xffffff9a]&[0xffffff8f][0x18]-RV5M6[0x11]Z[0xffffffb0][0xffffffbb][0xffffff9a][0xffffff92][0xffffffd3]0Z[0xffffff84]-k[0xfffffffa]V[0xffffffc5]i[0x11][0xffffffb4][0xffffffad][0xffffffa9][0xffffff9d][0xb][0xffffffd2][0xffffffe2][0xffffffbf]X[0xffffffd7]lqGDZ[0xffffffc0][0x19][0xffffff91][0x16]qH[0xffffffa4][0xffffffe9][0x7][0xffffffcc][0xffffffa5]Qo[0xffffffe0]1[0xffffff91][0xffffff96]uNDCI[0x9][0xffffffc3]E[0xffffff93]"[0xffffff86][0x6][0xffffff94]0[0xffffffc6][0x1a][0xffffffd3]zd[0xffffffac]a[0xffffffcd]R[0xffffff86])T[0xffffff9a][0x19][0xffffffb6]_ig[0xffffff98][0xffffffba]%[0xffffffa1]![0xffffffed][0xffffffcb]IC[0xffffffca]x[0xffffff93][0x1a]qC[0x17]=`[0xffffffe9][0xffffffa2]GL]tx[0xffffffeb][0xffffffa2][0xffffff83]c[0x17]=k[0xffffffed]BB[0xffffffc9]Q#h[0xffffffef]B[0x2][0xffffffca]P[0x3]_[0xffffffbc][0xffffffe8][0xffffffd1][0xffffff93][0x17]Z[0xffffffa8]<5[0x12]G/[0xffffffb4]nYj[0xffffffe4][0xffffffcc]^[0xffffffac]e[0xffffffbc]G[0xffffff8d]'[0xffffffed]c[0xffffff8c][0xffffff8f]'[0xffffffe2][0xffffffa9][0xfffffff1]$|[0xffffff8e][0xfffffff1][0xfffffff3])0j<[0xffffffdc][0x7][0x19]?~;[0xffffff86][0x1a][0x12]J[0xffffff8c][0x1a]&[0xffffff9a][0x18]5$[0xffffffa0][0x8]5[0x1e][0xfffffffa][0xffffffab][0xffffff8c]5[0xffffffac]a[0xffffffd4][0xffffffd0]B[0xffffffc5][0xffffffa9][0xffffffe1][0xfffffffa][0x15][0xffffffa7][0xffffff86][0xffffffd6]-J[0xffffff8d][0xffffffb5]}Aj[0xffffffac]e[0xfffffffc]'[0xffffffd4][0xffffffb8][0xffffffbf][0xfffffffe][0xffffff95][0xffffffe7]0[0xffffffd7][0xffffff93][0xfffffff5][0xffffffd7][0xfffffffd][0xffffff94]C[0xffffffe3][0xfffffff7][0xfffffff3]P[0xffffffcc][0xfffffff8][0xffffffc7][0x13]`[0xffffffc8]X[0xffffff9e][0xffffffa1][0xffffff98][0x18][0xffffffff][0xfffffff8][0xfffffff5]b`[0xfffffffc][0xffffffef]/[0xffffffc3][0xffffffbc]x[0x1b][0xffffffc5]b\[0xfffffffc]K [0xffffff8b]i[0xfffffff1]6[0xffffff96][0xffffff85][0xffffffb0]x[0x13][0xffffffce]2V[0xffffffbc][0xffffff89]h[0x4]*[0xffffffde][0xffffff97]'D[0xffffff8a][0x7f][0xffffffeb]R[0x8][0x14][0xffffffef][0xffffffab][0x15][0xffffffe0][0xffffffc4][0xffffffbb][0xffffffa6]-[0xffffffc7][0xffffffc4][0xffffffbb][0xffffffe2][0xffffffdd][0xffffffa0][0xffffffc4][0xffffffe9](q\'E[0xffffff89][0x13][0xffffffa7][0xffffffc4][0x19]@[0xffffff89]S[0xfffffff3]^[0x18][0xfffffff0][0x13][0xffffffa3][0xffffffc4][0xffffff99]D[0x9][0xffffff8d]"C[0x9][0x17]H[0xffffff86][0x12][0x1a][0xffffffcb]zJ[0xffffffac][0xffffffe1][0xffffffac][0xffffffa6][0xffffffc4][0x1a][0xffffffd1]$J[0xffffff98][0xfffffff2]d)a[0xffffffbb][0xffffff94][0xffffffa5][0xffffff84][0xffffffa9]V[0xffffff8e][0x12][0xffffffd2][0xffffffb4][0x14]%[0xffffffa4]x7(q9J\[0xffffffbd]Q[0xffffff94][0xffffffb8]pJ\[0x1][0xffffff94][0xffffffb8]4[0xffffffef][0xffffff85][0x1][0xffffffbf]0J\I[0xffffff94][0xffffffd0](2[0xffffff94]p[0xffffff81]d([0xffffffa1][0xffffffb1][0xffffffac][0xffffffa7][0xffffffc4][0x1a][0xffffffce]jJ[0xffffffac][0x11]M[0xffffffa2][0xffffff84])O[0xffffff96][0x12][0xffffffb6]KYJ[0xffffff98]j[0xffffffe5](!MKQB[0xffffff8a]w[0xffffff83][0x12][0xffffffc3]Qb~-t"[0xffffff94][0x18]8%F[0x0]%[0xffffff86][0xffffffe6][0xffffffbd]0[0xffffffe0][0x3][0xffffffa3][0xffffffc4]H[0xffffffa2][0xffffff84]F[0xffffff91][0xffffffa1][0xffffff84][0xb]$C[0x9][0xffffff8d]e=%[0xffffffd6]pVSb[0xffffff8d]h[0x12]%Ly[0xffffffb2][0xffffff94][0xffffffb0]][0xffffffca]R[0xffffffc2]T+G[0x9]iZ[0xffffff8a][0x12]R[0xffffffbc][0x1b][0xffffff94][0xffffffb8][\r]%>[0xffffffff]CQ[0xffffffe2][0xffffffc6])q[0x7]P[0xffffffe2][0xffffffd6][0xffffffbc][0x17][0x6][0xfffffffc][0xffffffc6](q'QB[0xffffffa3][0xffffffc8]P[0xffffffc2][0x5][0xffffff92][0xffffffa1][0xffffff84][0xffffffc6][0xffffffb2][0xffffff9e][0x12]k8[0xffffffab])[0xffffffb1]F4[0xffffff89][0x12][0xffffffa6]<YJ[0xffffffd8].e)a[0xffffffaa][0xffffff95][0xffffffa3][0xffffff84]4-E[0x9])[0xffffffde][\r]J<[0xffffff96][0x12][0xffffffcf]IQ[0xffffffe2][0xffffffc1])[0xfffffff1][0x4]P[0xffffffe2][0xffffffd1][0xffffffbc][0x17][0x6][0xfffffffc][0xffffffc1]([0xfffffff1]$QB[0xffffffa3][0xffffffc8]P[0xffffffc2][0x5][0xffffff92][0xffffffa1][0xffffff84][0xffffffc6][0xffffffb2][0xffffff9e][0x12]k8[0xffffffab])[0xffffffb1]F4[0xffffff89][0x12][0xffffffa6]<YJ[0xffffffd8].e)a[0xffffffaa][0xffffff95][0xffffffa3][0xffffff84]4-E[0x9])[0xffffffde][\r]JLG[0xffffff89][0xffffffc6][0xffffffbd][0xffffff95][0xffffff98]8%f[0x0]%[0xffffffa6][0xffffffe6][0xffffffbd]0[0xffffffe0][0x13][0xffffffa3][0xffffffc4]L[0xffffffa2][0xffffff84]F[0xffffff91][0xffffffa1][0xffffff84][0xb]$C[0x9][0xffffff8d]e=%[0xffffffd6]pVSb[0xffffff8d]h[0x12]%Ly[0xffffffb2][0xffffff94][0xffffffb0]][0xffffffca]R[0xffffffc2]T+G[0x9]iZ[0xffffff8a][0x12]R[0xffffffbc][0x7f]N[0xffffff89][0xfffffff9][0xffffffb2][0xffffff94][0xffffffb8]'D[0xffffff89][0xffffffcf][0xffffffe7]a)[0xfffffff1][0xfffffff5][0x4]0%~=[0x3]B[0xffffff89][0xffffffaf]_G([0xfffffff1][0xfffffff3][0xffffff97]#(a[0xffffffa2][0xffffff88]P[0xffffffc2][0x6][0x12][0xffffffa1][0xffffff84][0xffffff89]e9%$[0xffffff9c][0xffffffc5][0xffffff94][0xffffff90][0xffffff88][0x6]Q[0xffffffc2][0xffffff95]'J[0x9][0xffffffdf][0xffffffa5](%\[0xffffffb5]b[0xffffff94][0xffffffd0][0xffffffa6][0xffffff85]([0xffffffa1][0xffffffc5][0xffffffbb]A[0xffffff89][0xffffffe6]([0xffffffd1][0x1f][0xffffffea][0xffffffad][0xffffffc4][0xffffffe7][0xfffffff3][0xffffffc0][0xffffff94]h[0x1][0xffffff94]h[0xffffff9a][0xfffffff7][0xffffffc2][0xffffff80]7[0xffffff8c][0x12]-[0xffffff89][0x12][0x1a]E[0xffffff86][0x12].[0xffffff90][0xc]%4[0xffffff96][0xfffffff5][0xffffff94]X[0xffffffc3]YM[0xffffff89]5[0xffffffa2]I[0xffffff94]0[0xffffffe5][0xffffffc9]R[0xffffffc2]v)K[0x9]S[0xffffffad][0x1c]%[0xffffffa4]i)JH[0xfffffff1]nP[0xffffffa2];J\'[0xfffffff6]V[0xffffffa2][0xffffffe3][0xffffff94][0xffffffe8][0x1][0xffffff94][0xffffffe8][0xffffff9a][0xfffffff7][0xffffffc2][0xffffff80]w[0xffffff8c][0x12]=[0xffffff89][0x12][0x1a]E[0xffffff86][0x12].[0xffffff90][0xc]%4[0xffffff96][0xfffffff5][0xffffff94]X[0xffffffc3]YM[0xffffff89]5[0xffffffa2]I[0xffffff94]0[0xffffffe5][0xffffffc9]R[0xffffffc2]v)K[0x9]S[0xffffffad][0x1c]%[0xffffffa4]i)JH[0xfffffff1]nP[0xffffffc2][0xffffffad]][0x1e]w[0xffffffc3]([0xffffff81][0xffffffaf]][0xffffffce][0xffffff80][0xffffffb5][0xffffffcb]i&[0xffffffd9][\n]"
[DEBUG] http-outgoing-1 << "[0x3][0xffffff8e][0xffffffad]]N[0x19]]#)[0x11][0xffffffb2]vi[0x3][0xffffffc9]P"`[0xffffffed]R[0xffffffc2]YM[0xffffff89][0xffffffe0][0xffffffb5]KW[0xffffff9e],%[0xfffffff2][0xffffffd6].][0xffffffb5]r[0xffffff94]HY[0xffffffbb][0xffffffd4][0xffffffe2][0xffffffdd][0xffffffa2]D[0xf][0xffffffa3][0x4]v?[0xffffffc7]?[0xffffff9e][0xffffff80][0xffffffa7][0x4]r7[0xffffffc7]?~[0xffffff9d][0xffffffa2]D[0xffffffc2][0xffffffbd][0x1c]o[0xffffffa3]HQ[0x2][0xffffffbf][0xffffff93][0xffffffe3]m,[0x9]J@[0xfffffff7]q[0xffffffbc][0xffffff89]h[0x16]%R[0xffffffee][0xffffffe2][0xfffffff8][0xffffffb7].[0xffffffa5])[0xffffff91]p[0xf][0xffffffc7][0xffffffbb][0xffffffa6][0xffffffe5]([0xfffffff1][0xffffffd7]wpL7[0xffffff9c]}[0xfffffff6][0x17][0xffffffb5]v9[0xfffffff1][0xffffffe1][0xffffffec][0x19]0[0xffffff9c]=[0xffffffcd][0xffffffba]ka[0xffffffc0][0xffffffb1][0xffffffe1][0xffffffec])[0xfffffffb][0xffffffad]$%B[0xffffff86][0xffffffb3]m [0x19]J[0x4][0xc]gK8[0xffffffab])[0x11]<[0xffffff9c][0xffffffed][0xffffffca][0xffffff93][0xffffffa5]D[0xffffffde]p[0xffffffb6][0xffffffab]V[0xffffff8e][0x12])[0xffffffc3][0xffffffd9]Z[0xffffffbc][0x1b][0xffffff94]p[0xffffffc3][0xffffffd9][0xffffffe7]1n[0xffffff8a][0x12][0xfffffff8]p[0xfffffff6][0xc][0x18][0xffffffce][0xffffff9e]f[0xffffffdd][0xffffffb5]0[0xffffffe0][0xffffffd8]p[0xfffffff6][0xffffff94][0xfffffffd]V[0xffffff92][0x12]![0xffffffc3][0xffffffd9]6[0xffffff90][0xc]%[0x2][0xffffff86][0xffffffb3]%[0xffffff9c][0xffffffd5][0xffffff94][0x8][0x1e][0xffffffce]v[0xffffffe5][0xffffffc9]R"o8[0xffffffdb]U+G[0xffffff89][0xffffff94][0xffffffe1]l-[0xffffffde][\r]J[0xffffffb8][0xffffffe1][0xffffffec][0xfffffff3][0xffffffee][0xffffffd4]p[0xfffffff6][0xffffffc4][0xffffff87][0xffffffb3]g[0xffffffc0]p[0xfffffff6]4[0xffffffeb][0xffffffae][0xffffff85][0x1][0xffffffc7][0xffffff86][0xffffffb3][0xffffffa7][0xffffffec][0xffffffb7][0xffffff92][0xffffff94][0x8][0x19][0xffffffce][0xffffffb6][0xffffff81]d([0x11]0[0xffffff9c]-[0xffffffe1][0xffffffac][0xffffffa6]D[0xfffffff0]p[0xffffffb6]+O[0xffffff96][0x12]y[0xffffffc3][0xffffffd9][0xffffffae]Z9J[0xffffffa4][0xc]gk[0xfffffff1]nP[0xffffffe2]6[0xffffff94][0xffffffb8]^[0xf][0xfffffff6][0x7][0xffffff8e][0x1b][0xffffffa7][0xffffffc4][0x1d]@[0xffffff89][[0xfffffff3]^[0x18][0xfffffff0][0x1b][0xffffffa3][0xffffffc4][0xffffff9d]D[0x9][0xffffff8d]"C[0x9][0x17]H[0xffffff86][0x12][0x1a][0xffffffcb]zJ[0xffffffac][0xffffffe1][0xffffffac][0xffffffa6][0xffffffc4][0x1a][0xffffffd1]$J[0xffffff98][0xfffffff2]d)a[0xffffffbb][0xffffff94][0xffffffa5][0xffffff84][0xffffffa9]V[0xffffff8e][0x12][0xffffffd2][0xffffffb4][0x14]%[0xffffffa4]x7([0xfffffff1][0xfffffffc][0xffffffdf][0xffffffa1][0xffffff94]8[0xffffffda]CQ[0xffffffe2][0xffffffe3]y`J|>[0x1]M[0xffffff89][0xffffff9f][0xffffffcf][0xffffffc0]P[0xffffffe2][0xfffffff3][0xffffffd7][0x19]J[0xfffffffc][0xfffffff8][0xffffffe5][0xc]Jh[0x14][0x19]J[0xffffffb8]@2[0xffffff94][0xffffffd0]X[0xffffffd6]Sb[\r]g5%[0xffffffd6][0xffffff88]&Q[0xffffffc2][0xffffff94]'K[0x9][0xffffffdb][0xffffffa5],%L[0xffffffb5]r[0xffffff94][0xffffff90][0xffffffa6][0xffffffa5](![0xffffffc5][0xffffffbb]A[0xffffff89]iNp\[0xffffffe3][0xffffffee][0x14]%&~[0xffffff82]c[0x6][0xffffff9c][0xffffffe0][0xffffff98][0xfffffffa][0xffffff99]qa[0xffffffc0]'v[0xffffff82]c&[0xffffff9d][0xffffffe0][0xffffffd0](2[0xffffff94]p[0xffffff81]d([0xffffffa1][0xffffffb1][0xffffffac][0xffffffa7][0xffffffc4][0x1a][0xffffffce]jJ[0xffffffac][0x11]M[0xffffffa2][0xffffff84])O[0xffffff96][0x12][0xffffffb6]KYJ[0xffffff98]j[0xffffffe5](!MKQB[0xffffff8a]w[0xffffff8b][0x12]g[0x18]%N[0xffffff9c][0x12]g[0x0]%N[0xffffff94][0x12]'F[0xffffff89]3[0xffffff89][0x12]k[0x14])Jh )J[0xffffffac][0xffffffb1]$(q[0xffffffc2][0xffffff94]8[0xffffff83])![0xffffffe5]IS[0xffffffc2]t)M[0x9][0xffffffa9]V[0xffffff92][0x12]g[\n]"
[DEBUG] http-outgoing-1 << "%[0xffffffce][0xffffffbf][0xffffffa4][0xffffffc4][0xfffffff5]rwp[0xffffff8c][0xffffffd7][0x1][0xffffffed]J|=[0xf]J[0xffffff89][0xffffffef]'`)[0xfffffff1][0xfffffffb][0x19][0x8]J|[0xffffffff]:A[0xffffff89]_[0xffffffbf][0xffffff9c]@[0x9][0x17]E[0xffffff82][0x12]>[0xffffff90][0x4]%\,[0xffffffab])[0xffffffa1][0xffffffe1][0xffffffac][0xffffffa5][0xffffff84]F4[0xffffff87][0x12][0xffffffb6]<IJ[0xffffffbc][0xffffffe9]R[0xffffff92][0x12][0xffffffb6]Z)J[0xffffff98][0xffffffa6]e(a[0xffffff8a]w[0xffffff83][0x12][0xffffffee][0xe][0xffffff8e][0xfffffff1][0xffffff9a][0xffffffd0][0x1d][0x1c]_[0xffffffcf][0x3]S[0xffffff82][0xffffffbf][0xffffff83][0xffffffe3][0xfffffff7]30[0xffffff94][0xffffffa0][0xffffffee][0xffffffe0][0xfffffff8][0xfffffff5][0xffffffcb][0x19][0xffffff94][0xffffffc8][0xffffffb8][0xffffff83][0xffffffc3][0x7][0xffffff92][0xffffffa1][0x4][0x7f][0x7][0xffffff87][0xffffff86][0xffffffb3][0xffffff9a][0x12][0xffffffb9]wp[0xffffffd8][0xfffffff2]d)[0x11]w[0x7][0xffffff87][0xffffffad]V[0xffffff8e][0x12]!wp[0xffffff98][0xffffffe2][0xffffffdd][0xffffffa0][0xffffffc4][0xffffffed](qS[0xffffff9f]]~=[0xf]L[0xffffff89];[0xffffff80][0x12][0xffffffb7][0xffffffe6][0xffffffbd]0[0xffffffe0]7F[0xffffff89];[0xffffff89][0x12][0x1a]E[0xffffff86][0x12].[0xffffff90][0xc]%4[0xffffff96][0xfffffff5][0xffffff94]X[0xffffffc3]YM[0xffffff89]5[0xffffffa2]I[0xffffff94]0[0xffffffe5][0xffffffc9]R[0xffffffc2]v)K[0x9]S[0xffffffad][0x1c]%[0xffffffa4]i)JH[0xfffffff1]nP[0xffffffe2]1[0xffffff94][0xffffffb8][0xffffffdb][0xffffffc0][0xffffffde]J<8%[0xffffff9e][0x0]J<[0xffffff9a][0xfffffff7][0xffffffc2][0xffffff80]?[0x18]%[0xffffff9e]$Jh[0x14][0x19]J[0xffffffb8]@2[0xffffff94][0xffffffd0]X[0xffffffd6]Sb[\r]g5%[0xffffffd6][0xffffff88]&Q[0xffffffc2][0xffffff94]'K[0x9][0xffffffdb][0xffffffa5],%L[0xffffffb5]r[0xffffff94][0xffffff90][0xffffffa6][0xffffffa5](![0xffffffc5][0xffffffbb]A[0xffffff89][0xffffffe9](q[0xc][0xffffffe8][0xffffffb3][0xffffffcb][0xffffffaf][0xffffffe7][0xffffff81])1[0x3](15[0xffffffef][0xffffff85][0x1][0xffffff9f][0x18]%f[0x12]%4[0xffffff8a][0xc]%\ [0x19]Jh,[0xffffffeb])[0xffffffb1][0xffffff86][0xffffffb3][0xffffff9a][0x12]kD[0xffffff93](a[0xffffffca][0xffffff93][0xffffffa5][0xffffff84][0xffffffed]R[0xffffff96][0x12][0xffffffa6]Z9JH[0xffffffd3]R[0xffffff94][0xffffff90][0xffffffe2][0xfffffffd]sJ4[0xfffffff7][0xffffffd9][0xffffffe5][0xfffffffd][0x1c][0xffffffd4][[0xffffff89][0xffffff86][0x7f]v[0xffffffd9][0x2]>[0xffffffbb]l[0xffffffe6][0xffffffdb][0xffffffa0][0xffffffba][0xffffff80]7[0xffffffec][0xffffffb3][0xffffffcb]&_[0xffffffff][0xffffff80][0xffffff94]0QD(a[0x3][0xffffff89]P[0xffffffc2][0xffffffc4][0xffffffb2][0xffffff9c][0x12][0x12][0xffffffce]bJHD[0xffffff83]([0xffffffe1][0xffffffca][0x13][0xffffffa5][0xffffff84][0xffffffef]R[0xffffff94][0x12][0xffffffae]Z1Jh[0xffffffd3]B[0xffffff94][0xffffffd0][0xffffffe2][0xffffffdd][0xffffffa2][0xffffffc4][0x19]F[0x9][0xfffffff6]0[0xffffffe8][0xfffffff7][0x13][0xfffffff0][0xffffff94][0xffffffe0][0xe][0xffffff83]~[0xffffffff]:E[0xffffff89][0xffffff98][0xffffffc3][0xffffffa0].[0xffffff8a][0x14]%2[0xe][0xffffff83][0xffffffba]X[0x12][0xffffff94] [0xf][0xffffff83]jD[0xffffffb3]([0x11]u[0x18][0xfffffff4]M[0xffffff97][0xffffffd2][0xffffff94][0xffffff88]9[0xc]j[0xffffff9a][0xffffff96][0xffffffa3][0xffffffc4]_[0x1f][0x6]m[0xffffffee][0x4][0xffffffc7]=[0xffffffb1]o%[0x1a]~[0xffffff82][0xffffffa3][0x5][0xffffff9c][0xffffffe0]h[0xffffffe6]3[0xffffffe3][0xffffffc2][0xffffff80]c'8[0xffffff9a]|HLR"[0xffffffe4][0x4][0xffffff87][\r]$C[0xffffff89][0xffffff80][0x13][0x1c][0x12][0xffffffce]jJ[0x4][0xffffff9f][0xffffffe0]p[0xffffffe5][0xffffffc9]R"[0xffffffef][0x4][0xffffff87][0xffffffab]V[0xffffff8e][0x12])'8[0xffffffb4]x7([0xffffffd1][\r]%[0xffffff9e][0xffffffb3]Q[0xffffffdf]J|>[0xf]L[0xffffff89][0x1e]@[0xffffff89][0xffffffae]y/[0xc]x[0xffffffc7]([0xffffffd1][0xffffff93]([0xffffffa1]Qd([0xffffffe1][0x2][0xffffffc9]PBcYO[0xffffff89]5[0xffffff9c][0xffffffd5][0xffffff94]X#[0xffffff9a]D[0x9]S[0xffffff9e],%l[0xffffff97][0xffffffb2][0xffffff94]0[0xffffffd5][0xffffffca]QB[0xffffff9a][0xffffff96][0xffffffa2][0xffffff84][0x14][0xffffffef][0x6]%[0xffffffdc]%[0xffffffe3][0xfffffff3][0xfffffff5][0xffffffa2][0xe][0xffffff83]6[0xfffffffa][0xffffff92][0xfffffff1][0xffffffef]'[0xffffffa0])A^2[0xfffffffe][0xfffffffd][0xffffffeb][0xc]%[0xffffff82].[0x19]wQd([0xffffff91]r[0xffffffc9][0xffffffb8][0xffffff8b]e=%[0xffffffd8]K[0xffffffc6]5[0xffffffa2]I[0xffffff94][0x8][0xffffffbb]d[0xfffffffc]M[0xffffff97][0xffffffb2][0xffffff94][0x8][0xffffffba]d[0xffffffdc]4-E[0xffffff89][0xffffffbf][0xffffffbf]d[0xfffffffc]j[0xffffffee][0xffffff92][0xfffffff1][0xfffffff9][0x1a][0x18]%[0xffffffe8]K[0xffffffc6][0xffffffbf][0xffffff9f][0xffffff80][0xffffffa6][0x4]y[0xffffffc9][0xfffffff8][0xfffffff7][0xffffffaf]3[0xffffff94][0x8][0xffffffba]d[0xffffffdc]E[0xffffff91][0xffffffa1]D[0xffffffca]%[0xffffffe3].[0xffffff96][0xfffffff5][0xffffff94]`/[0x19][0xffffffd7][0xffffff88]&Q"[0xffffffec][0xffffff92][0xfffffff1]7][0xffffffca]R"[0xffffffe8][0xffffff92]q[0xffffffd3][0xffffffb4][0x14]%[0xfffffffe][0xfffffffe][0xffffff92][0xfffffff1][0xffffffab][0xffffffdd][0xffffff8e][0x12][0xffffffed][0xffffffbc])J[0xffffffdc]8%[0xffffffee][0x0]J[0xffffffdc][0xffffff9a][0xfffffff7][0xffffffc2][0xffffff80][0xffffffdf][0x18]%[0xffffffee]$Jh[0x14][0x19]J[0xffffffb8]@2[0xffffff94][0xffffffd0]X[0xffffffd6]Sb[\r]g5%[0xffffffd6][0xffffff88]&Q[0xffffffc2][0xffffff94]'K[0x9][0xffffffdb][0xffffffa5],%L[0xffffffb5]r[0xffffff94][0xffffff90][0xffffffa6][0xffffffa5](![0xffffffc5][0xffffffbb]A[0xffffff89][0xffffffc7][0xffffffdc][0xc]:[0xfffffffb]<)J<[0xfffffff0][0xffffffcd][0xffffffa0][0xffffffdf]O@S[0xffffffe2][0xffffffd1][0xffffffeb][0xffffffeb][\n]"
[DEBUG] http-outgoing-1 << "[0x3][0xfffffffe]@7[0xffffff83][0xfffffffe][0xfffffffa][0xffffffe5][0xc]Jh[0x14][0x19]J[0xffffffb8]@2[0xffffff94][0xffffffd0]X[0xffffffd6]Sb[\r]g5%[0xffffffd6][0xffffff88]&Q[0xffffffc2][0xffffff94]'K[0x9][0xffffffdb][0xffffffa5],%L[0xffffffb5]r[0xffffff94][0xffffff90][0xffffffa6][0xffffffa5](![0xffffffc5][0xffffffbb]A[0x9]7Q5[0xffffffef][0xffffffb3]Q[0xffffff94][0xffffffc0]'[0xffffffaa]Z[0xffffffc0]DU3;*[0xffffff85][0x1][0xffffffc7]&[0xffffffaa][0xffffff9a],[0xffffffa5][0xffffff90][0xffffff94][0x8][0xffffff99][0xffffffa8][0xffffffb2][0xffffff81]d([0x11]0Q%[0xffffffe1][0xffffffac][0xffffffa6]D[0xfffffff0]D[0xffffff95]+O[0xffffff96][0x12]y[0x13]U[0xffffffae]Z9J[0xffffffa4]LTi[0xfffffff1][0xfffffffe]9%[0xffffffba][0xffffff9b][0xffffffa8][0xffffff9a][0xffffffcf]C[0x1d][0x6][0xffffffed][0xfffffff8]DU[0xf][0xffffff98][0xffffffa8][0xffffffea]fG[0xffffffa5].[0xffffffe0][0x1d][0xffffff9b][0xffffffa8][0xffffffea][0xffffffb2][0xffffff94][0x2]R[0xffffffc2]D[0x11][0xffffffa1][0xffffff84][\r]$B[0x9][0x13][0xffffffcb]rJH8[0xffffff8b])![0x11][\r][0xffffffa2][0xffffff84]+O[0xffffff94][0x12][0xffffffbe]KQJ[0xffffffb8]j[0xffffffc5]([0xffffffa1]M[0xb]QB[0xffffff8b]w[0xffffff83][0x12]fW[0xffffffa2][0xffffffbd][0xffffffda][0xffffffa0][0xffffffbe][0xffffff95][0xffffffe8][0xfffffff8][0xffffffae]D[0xf][0xffffffd8][0xffffff95][0xffffffe8][0xffffffe6][0xfffffff0]sa[0xffffffc0][0xffffffb1]][0xffffff89].[0xffffffc7][0xffffff9b]IJ[0xffffff84][0xffffffec]J[0xffffffd8]@2[0xffffff94][0x8][0xffffffd8][0xffffff95][0xffffff90]pVS"xW[0xffffffc2][0xffffff95]'K[0xffffff89][0xffffffbc]][0x9]W[0xffffffad][0x1c]%Rv%[0xffffffb4]x7(av%[0xffffffda][0xffffffeb]zN[0xffffff8a][0x12][0xfffffff8][0xffffffae]D[0xf][0xffffffd8][0xffffff95][0xffffffe8][0xffffffe6][0xfffffff0]sa[0xffffffc0][0xffffffb1]][0xffffff89].[0xffffffc7][0xffffff9b]IJ[0xffffff84][0xffffffec]J[0xffffffd8]@2[0xffffff94][0x8][0xffffffd8][0xffffff95][0xffffff90]pVS"xW[0xffffffc2][0xffffff95]'K[0xffffff89][0xffffffbc]][0x9]W[0xffffffad][0x1c]%Rv%[0xffffffb4]x7(q8J[0xffffffcc][0xffffff89][0xfffffffd][0xffffff81][0xffffffe3][0xffffffc0])q[0x4]P[0xffffffe2][0xffffffd0][0xffffffbc][0x17][0x6][0xfffffffc][0xffffffc0](q$QB[0xffffffa3][0xffffffc8]P[0xffffffc2][0x5][0xffffff92][0xffffffa1][0xffffff84][0xffffffc6][0xffffffb2][0xffffff9e][0x12]k8[0xffffffab])[0xffffffb1]F4[0xffffff89][0x12][0xffffffa6]<YJ[0xffffffd8].e)a[0xffffffaa][0xffffff95][0xffffffa3][0xffffff84]4-E[0x9])[0xffffffde]-J[0xffffff9c]a[0xffffff94][0xffffff80][0xffffffef][0xffffffe0][0xfffffff8]z[0x2][0xffffff9e][0x12][0xffffffe0][0x1d][0x1c]_[0xffffffbf]NQ"[0xffffffe7][0xe][0xe][0x13]E[0xffffff8a][0x12]!wp[0xffffff98]X[0x12][0xffffff94]@[0xffffffef][0xffffffe0][0xffffff90][0xffffff88]fQ"[0xffffffeb][0xe][0xe][0xffffffdf][0xffffffa5]4%r[0xffffffee][0xffffffe0][0xffffffd0][0xffffffa6][0xffffffe5]([0xfffffff1][0xffffffd7]wp[0xfffffff4][0xffffffd3][0xffffffbc][0xffffff95]h[0xffffffbd]c[0xffffff94]8[0xfffffff1][0xffffffb7][0x12]g[0xffffffc0][[0xffffff89]S[0xffffffe9]\[0x18][0xfffffff0][0x13]{+q&[0xffffffbd][0xffffff95][0xffffffd0](2[0xffffff94]p[0xffffff81]d([0xffffffa1][0xffffffb1][0xffffffac][0xffffffa7][0xffffffc4][0x1a][0xffffffce]jJ[0xffffffac][0x11]M[0xffffffa2][0xffffff84])O[0xffffff96][0x12][0xffffffb6]KYJ[0xffffff98]j[0xffffffe5](!MKQB[0xffffff8a]w[0xffffff83][0x12]f[0xffffffed][0xffffffb2][0xffffffb5]y[0xffffff9c][0x14]%[0xfffffff0][0xffffffb5][0xffffffcb][0x1e][0xffffffb0]v[0xffffffd9][0xffffffcd]$[a[0xffffffc0][0xffffffb1][0xffffffb5][0xffffffcb].[0xffffffa3]k$%B[0xffffffd6].m [0x19]J[0x4][0xffffffac]]J8[0xffffffab])[0x11][0xffffffbc]v[0xffffffe9][0xffffffca][0xffffff93][0xffffffa5]D[0xffffffde][0xffffffda][0xffffffa5][0xffffffab]V[0xffffff8e][0x12])k[0xffffff97]Z[0xffffffbc][0x7f]N[0xffffff89][0xffffffc3][0xffffff9d][0xffffffe0][0xffffffe8][0xffffffd7]M[0xffffff9d][0xffffffe0]8[0xfffffff0][0x13][0x1c]G[0xffffffc0][0x9][0xffffff8e][0xffffffc3]|f\[0x17][0xfffffff0][0x3];[0xffffffc1]q[0xffffffc8][0xffffff87][0xffffffc4] %L[0x14][0x11]J[0xffffffd8]@"[0xffffff94]0[0xffffffb1],[0xffffffa7][0xffffff84][0xffffff84][0xffffffb3][0xffffff98][0x12][0x12][0xffffffd1] J[0xffffffb8][0xfffffff2]D)[0xffffffe1][0xffffffbb][0x14][0xffffffa5][0xffffff84][0xffffffab]V[0xffffff8c][0x12][0xffffffda][0xffffffb4][0x10]%[0xffffffb4]x7([0xffffffe1]Np[0xfffffff4][0xfffffffb][0xffffffc0]([0xffffff81][0xffffff9f][0xffffffe0]8[0x2]Np[0x1c][0xffffffe6]3[0xffffffe3][0xffffffc2][0xffffff80]c'8[0xe][0xfffffff9][0xffffff90][0xffffff98][0xffffffa4]D[0xffffffc8][0x9][0xe][0x1b]H[0xffffff86][0x12][0x1]'8$[0xffffff9c][0xffffffd5][0xffffff94][0x8]>[0xffffffc1][0xffffffe1][0xffffffca][0xffffff93][0xffffffa5]D[0xffffffde][0x9][0xe]W[0xffffffad][0x1c]%RNph[0xfffffff1]nP[0xffffffc2][0xffffff9d][0xffffffe0]8[0xffffffda][0xffffffa0][0xffffffd6].[0xf][0xfffffffc][0x4][0xffffffc7][0x11]p[0xffffff82][0xffffffe3]0[0xffffff9f][0x19][0x17][0x6][0x1c];[0xffffffc1]q[0xffffffc8][0xffffff87][0xffffffc4]$%BNp[0xffffffd8]@2[0xffffff94][0x8]8[0xffffffc1]![0xffffffe1][0xffffffac][0xffffffa6]D[0xfffffff0][0x9][0xe]W[0xffffff9e],%[0xfffffff2]Np[0xffffffb8]j[0xffffffe5]([0xffffff91]r[0xffffff82]C[0xffffff8b]w[0xffffff8b][0x12]=[0xffffff8c][0x12][0xfffffff0][0x1d][0x1c]_O[0xffffffc0]S[0x2][0xffffffbc][0xffffff83][0xffffffe3][0xffffffeb][0xffffffd7])J[0xffffffe4][0xffffffdc][0xffffffc1]a[0xffffffa2]HQ"[0xffffffe4][0xe][0xe][0x13]K[0xffffff82][0x12][0xffffffe8][0x1d][0x1c][0x12][0xffffffd1],Jd[0xffffffdd][0xffffffc1][0xffffffe1][0xffffffbb][0xffffff94][0xffffffa6]D[0xffffffce][0x1d][0x1c][0xffffffda][0xffffffb4][0x1c]%[0xfffffffe][0xfffffffa][0xe][0xffffff8e][0xffffffc3][0x1d][0x6]e)[0x1][0x1f][0x6]=[0x2][0xe][0xffffff83][0x1e][0xffffffe6][0xffffffc4]Ri[0xffffffc0][0xffffffa1][0xffffffc3][0xffffffa0][0xffffff87][0xffffff9c]Ib)[0x11]q[0x18][0xffffffd4][0x6][0xffffff92][0xffffffa2][0x4]~[0x18]T[0xffffffc2]YO[0xffffff89][0xffffffd8][0xffffffc3][0xffffffa0][0xffffffae]<iJ[0xffffffa4][0x1d][0x6]u[0xffffffd5]JR"[0xffffffe3]0[0xffffffa8][0x16][0xffffffef][0x16]%[0xffffffda][0x1d]f[0xffffff89]v[0xffffffe3][0xffffff98][0xfffffff8]x[0x4]^[0x13]?[0x1e][0xffffff82][0xffffffe2][0xffffffc4][0xffffffc7][0xffffffcf]S[0xffffff9e][0xfffffff8][0xfffffffe][0xffffffe9][0x14]PH[0x1e])Q[0xffffff98]TR[0xffffffa4][0xffffff90]l[0x12][0xffffffa6]X[0x12]Z[0xffffff8f][0xffffff8a]%[0xffffffa7]Y[0xffffffaa][0xffffffd0][0x1a][0xffffffa5]Y[0xffffffe1]Z[0xffffff95]v[0xffffff85][0xffffff96],[0x9][0xffffff8b][0xffffffb5]s9Y[0xffffffac][0x15][0xffffffbc]E[0xffffff8b]>[0xffffffc2]h[0xffffffd1][0x7]N[0xffffff8b][0xffffff8f]G[0xffffffe0]i[0xfffffff1][0xffffffe3]!(Z|[0xfffffffc]<E[0xffffff8b][0xffffffef][0xffffff9f]N[0xffffffa1][0xffffff85][0xffffffe4][0xffffff91][0xffffffa2][0xffffff85]I%E[0xb][0xffffffc9]&A[0xffffff8b]%[0xffffffa1][0xfffffff5][0xffffffb4]Xr[0xffffff9a]E[0xb][0xffffffad]Q[0xffffff9a][0x16][0xffffffae]UiZh[0xffffffc9][0xffffff92][0xffffffb4]X;[0xffffff97][0xffffffa3][0xffffffc5]Z[0xffffffc1][[0xffffffb4]8[0xffffff8f]0Z[0xffffff9c][0x7]N[0xffffff8b][0xffffff8f]G[0xffffffe0]i[0xfffffff1][0xffffffe3]!(Z|[0xfffffffc]<E[0xffffff8b][0xffffffef][0xffffff9f]N[0xffffffa1][0xffffff85][0xffffffe4][0xffffff91][0xffffffa2][0xffffff85]I%E[0xb][0xffffffc9]&A[0xffffff8b]%[0xffffffa1][0xfffffff5][0xffffffb4]Xr[0xffffff9a]E[0xb][0xffffffad]Q[0xffffff9a][0x16][0xffffffae]UiZh[0xffffffc9][0xffffff92][0xffffffb4]X;[0xffffff97][0xffffffa3][0xffffffc5]Z[0xffffffc1][[0xffffffb4][0xffffffb8][0xffffffd2][0xfffffffe] r[0xfffffff1][0x7f][0x10][0xffffffb9][0x12][0xfffffffe] r[0xffffffb1][0x7f][0x10][0xffffffb9][0xffffffb8]?[0xffffff88]\Q[0x7f][0x10][0xffffff91]<R[0xffffffb4]0[0xffffffa9][0xffffffa4]h![0xffffffd9]$hq[0xffffffd1][0x7f][0x10][0xffffffb9][0xffffff92][0xffffffff] [0xffffffa2]5J[0xffffffd3][0xffffffc2][0xffffffb5]*M[0xb]-Y[0xffffff92][0x16]k[0xffffffe7]r[0xffffffb4]X+x[0xffffff8b][0x16]w[0xffffffda][0x11][0xffffff90][0xffffff9b]?[0x3]r'[0x1c][0x2][0xffffffb9][0xffffffd9]S 7w[0xc][0xffffffe4][0xffffff8e]:[0x7]"y[0xffffffa4]haRI[0xffffffd1]B[0xffffffb2]I[0xffffffd0][0xffffffe2][0xffffffa6][0xffffffcf][0xffffff82][0xffffffdc][0xffffffc9][0xffffff87]A[0xffffffb4]FiZ[0xffffffb8]V[0xffffffa5]i[0xffffffa1]%K[0xffffffd2]b[0xffffffed]\[0xffffff8e][0x16]k[0x5]o[0xffffffd1][0xffffffe2]y[0xffffffc2]h[0xfffffff1]<8->[0x1e][0xffffff81][0xffffffa7][0xffffffc5][0xffffff8f][0xffffff87][0xffffffa0]h[0xfffffff1][0xfffffff1][0xfffffff3][0x14]-[0xffffffbe][0x7f]:[0xffffff85][0x16][0xffffff92]G[0xffffff8a][0x16]&[0xffffff95][0x14]-$[0xffffff9b][0x4]-[0xffffff96][0xffffff84][0xffffffd6][0xffffffd3]b[0xffffffc9]i[0x16]-[0xffffffb4]FiZ[0xffffffb8]V[0xffffffa5]i[0xffffffa1]%K[0xffffffd2]b[0xffffffed]\[0xffffff8e][0x16]k[0x5]o[0xffffffd1]b[0xffffffce]0Z[0xffffffcc][0xffffff89][0xffffffd3][0xffffffe2][0xffffffe3][0x11]xZ[0xfffffffc]x[0x8][0xffffff8a][0x16][0x1f]?O[0xffffffd1][0xffffffe2][0xfffffffb][0xffffffa7]Sh!y[0xffffffa4]haRI[0xffffffd1]B[0xffffffb2]I[0xffffffd0]bIh=-[0xffffff96][0xffffff9c]f[0xffffffd1]Bk[0xffffff94][0xffffffa6][0xffffff85]kU[0xffffff9a][0x16]Z[0xffffffb2]$-[0xffffffd6][0xffffffce][0xffffffe5]h[0xffffffb1]V[0xfffffff0][0x16]-ZK[0xffffffb3][0xffffffc5][0xffffffc7][0x13][0xffffffe1][0xffffffb8][0xfffffff8]|[0x6]^[0x17]?[0xffffff9f][0xffffff82][0xffffffe2][0xffffffc5][0xffffffe7][0xffffffef]S[0xffffffbe][0xfffffff8][0xfffffff1][0xffffffdb])[0xffffffc0][0xffffffd0]PR[0xffffffc2]p[0xffffffd1][0xffffffa4][0xffffff88][0xffffffa1][0x1]%[0xffffff8c][0xffffffb1][0xffffffc6][0xffffffb4][0x1e][0x19]kX[0xffffffb3][0xffffff94]a[\n]"
[DEBUG] http-outgoing-1 << "[0xffffff95]f[0xffffff86][0xffffffed]W[0xffffffda][0x19][0xffffffa6]nIhH[0xfffffffb]r[0xffffffd2][0xffffff90]2[0xfffffffe][0x13]j<[0xffffffdf][0xffffffff][0xffffff8a][0xffffffbb][0xfffffff4][0xfffffffc][0xffffffb8][0xffffffaf]Q[0xe][0xffffff8d][0xffffffdf][0xffffffcf]C1[0xffffffe3][0x1f]O[0xffffff80]!cy[0xffffff86]bb[0xfffffffc][0xffffffe3][0xffffffd7][0xffffff8b][0xffffff81][0xfffffff1][0xffffffbf][0xffffffbf][0xc][0xfffffff3][0xffffffe2]m[0x14][0xffffff8b]q[0xfffffff1]/[0xffffff81],[0xffffffa6][0xffffffc5][0xffffffdb]X[0x16][0xffffffc2][0xffffffe2]M8[0xffffffcb]X[0xfffffff1]&[0xffffffa2][0x11][0xffffffa8]x_[0xffffff9e][0x10])[0xfffffffe][0xffffffad]K!P[0xffffffbc][0xffffffaf]V[0xffffff80][0x13][0xffffffef][0xffffff9a][0xffffffb6][0x1c][0x13][0xffffffef][0xffffff8a]w[0xffffff83][0x12][0xffffff8f][0xffffffa1][0xffffffc4][0xfffffff5]z][0x14]%[0x1e][0xffffff9c][0x12]O[0x0]%[0x1e][0xffffffcd]{a[0xffffffc0][0x1f][0xffffff8c][0x12]O[0x12]%4[0xffffff8a][0xc]%\ [0x19]Jh,[0xffffffeb])[0xffffffb1][0xffffff86][0xffffffb3][0xffffff9a][0x12]kD[0xffffff93](a[0xffffffca][0xffffff93][0xffffffa5][0xffffff84][0xffffffed]R[0xffffff96][0x12][0xffffffa6]Z9JH[0xffffffd3]R[0xffffff94][0xffffff90][0xffffffe2][0xffffffdd][0xffffffa0][0xffffffc4]t[0xffffff94]h[0xfffffff3]EQb[0xffffffe2][0xffffff94][0xffffff98][0x1][0xffffff94][0xffffff98][0xffffff9a][0xfffffff7][0xffffffc2][0xffffff80]O[0xffffff8c][0x12]3[0xffffff89][0x12][0x1a]E[0xffffff86][0x12].[0xffffff90][0xc]%4[0xffffff96][0xfffffff5][0xffffff94]X[0xffffffc3]YM[0xffffff89]5[0xffffffa2]I[0xffffff94]0[0xffffffe5][0xffffffc9]R[0xffffffc2]v)K[0x9]S[0xffffffad][0x1c]%[0xffffffa4]i)JH[0xfffffff1][0xfffffffe]9%[0xffffffce][0xffffff97][0xffffffa3][0xffffffc4][0xfffffff5]5[0xffffff93]EP[0xffffffe2][0xfffffff3]yXJ|=[0x1]L[0xffffff89]_[0xffffffcf][0xffffff80]P[0xffffffe2][0xffffffeb][0xffffffd7][0x11]J[0xfffffffc][0xfffffffc][0xffffffe5][0x8]J[0xffffff98]("[0xffffff94][0xffffffb0][0xffffff81]D(abYN[0x9][0x9]g1%$[0xffffffa2]A[0xffffff94]p[0xffffffe5][0xffffff89]R[0xffffffc2]w)J[0x9]W[0xffffffad][0x18]%[0xffffffb4]i!Jh[0xfffffff1]nP[0xffffffa2]9J[0xffffff8c][0xffffffd6])J4[0xffffff9c][0x12]-[0xffffff80][0x12]M[0xfffffff3]^[0x18][0xfffffff0][0xffffff86]Q[0xffffffa2]%QB[0xffffffa3][0xffffffc8]P[0xffffffc2][0x5][0xffffff92][0xffffffa1][0xffffff84][0xffffffc6][0xffffffb2][0xffffff9e][0x12]k8[0xffffffab])[0xffffffb1]F4[0xffffff89][0x12][0xffffffa6]<YJ[0xffffffd8].e)a[0xffffffaa][0xffffff95][0xffffffa3][0xffffff84]4-E[0x9])[0xffffffde][\r]JtG[0xffffff89]{bo%:N[0xffffff89][0x1e]@[0xffffff89][0xffffffae]y/[0xc]x[0xffffffc7]([0xffffffd1][0xffffff93]([0xffffffa1]Qd([0xffffffe1][0x2][0xffffffc9]PBcYO[0xffffff89]5[0xffffff9c][0xffffffd5][0xffffff94]X#[0xffffff9a]D[0x9]S[0xffffff9e],%l[0xffffff97][0xffffffb2][0xffffff94]0[0xffffffd5][0xffffffca]QB[0xffffff9a][0xffffff96][0xffffffa2][0xffffff84][0x14][0xffffffef][0x6]%[0xe]C[0xffffff89][0xffffffd1]_[0xffffffd4][0x9][0xffffff8e][0xffffffcf][0xffffffe7][0xffffff81])q[0x4]P[0xffffffe2][0xffffffd0][0xffffffbc][0x17][0x6][0xfffffffc][0xffffffc0](q$QB[0xffffffa3][0xffffffc8]P[0xffffffc2][0x5][0xffffff92][0xffffffa1][0xffffff84][0xffffffc6][0xffffffb2][0xffffff9e][0x12]k8[0xffffffab])[0xffffffb1]F4[0xffffff89][0x12][0xffffffa6]<YJ[0xffffffd8].e)a[0xffffffaa][0xffffff95][0xffffffa3][0xffffff84]4-E[0x9])[0xffffffde][\r]J[0xffffffb8][0xffffffc3][0xffffffa0][0xffffffe3]l[0xffffffd4]g[0xffffff97]'~[0x18][0xfffffff4][0xc]8[0xc]z[0xffffff9a][0x13]K[0xffffff85][0x1][0xffffffc7][0xe][0xffffff83][0xffffff9e]r&[0xffffff89][0xffffffa4]D[0xffffffc8]aP[0x1b]H[0xffffff86][0x12][0x1][0xffffff87]A%[0xffffff9c][0xffffffd5][0xffffff94][0x8]>[0xc][0xffffffea][0xffffffca][0xffffff93][0xffffffa5]D[0xffffffde]aPW[0xffffffad][0x1c]%R[0xe][0xffffff83]j[0xfffffff1]nP[0xffffffe2]1[0xffffff94][0xffffffb8][0xffffff8f][0x3][0xffffffa3][0xffffffc4][0xffffff83]S[0xffffffe2][0x9][0xffffffa0][0xffffffc4][0xffffffa3]y/[0xc][0xfffffff8][0xffffff83]Q[0xffffffe2]I[0xffffffa2][0xffffff84]F[0xffffff91][0xffffffa1][0xffffff84][0xb]$C[0x9][0xffffff8d]e=%[0xffffffd6]pVSb[0xffffff8d]h[0x12]%Ly[0xffffffb2][0xffffff94][0xffffffb0]][0xffffffca]R[0xffffffc2]T+G[0x9]iZ[0xffffff8a][0x12]R[0xffffffbc][0x7f]N[0xffffff89][0xffffffcb][0xffffff9d][0xffffffe0][0xffffffb8][0xffffff9f]I}vy[0xffffffe1]'8[0xffffffae][0xffffff80][0x13][0x1c][0xffffff97][0xfffffff9][0xffffffcc][0xffffffb8].[0xffffffe0][0x17]v[0xffffff82][0xffffffe3][0xffffff92][0xf][0xffffff89]AJ[0xffffff98]("[0xffffff94][0xffffffb0][0xffffff81]D(abYN[0x9][0x9]g1%$[0xffffffa2]A[0xffffff94]p[0xffffffe5][0xffffff89]R[0xffffffc2]w)J[0x9]W[0xffffffad][0x18]%[0xffffffb4]i!Jh[0xfffffff1]nP[0xffffffc2][0xffffff9d][0xffffffe0]x[0xfffffffa]qS[0xffffff94][0xffffffc0]Op\[0x1]'8.[0xfffffff3][0xffffff99]qa[0xffffffc0][0xffffffb1][0x13][0x1c][0xffffff97]|HLR"[0xffffffe4][0x4][0xffffff87][\r]$C[0xffffff89][0xffffff80][0x13][0x1c][0x12][0xffffffce]jJ[0x4][0xffffff9f][0xffffffe0]p[0xffffffe5][0xffffffc9]R"[0xffffffef][0x4][0xffffff87][0xffffffab]V[0xffffff8e][0x12])'8[0xffffffb4]x7([0xffffffe1]Np<[0xfffffffd][0xffffffeb]J0[0xffffff84][0x12][0xfffffff8][0x9][0xffffff8e]+[0xffffffe0][0x4][0xffffffc7]e>3.[0xc]8v[0xffffff82][0xffffffe3][0xffffff92][0xf][0xffffff89]IJ[0xffffff84][0xffffff9c][0xffffffe0][0xffffffb0][0xffffff81]d([0x11]p[0xffffff82]C[0xffffffc2]YM[0xffffff89][0xffffffe0][0x13][0x1c][0xffffffae]<YJ[0xffffffe4][0xffffff9d][0xffffffe0]p[0xffffffd5][0xffffffca]Q"[0xffffffe5][0x4][0xffffff87][0x16][0xffffffef][0x6]%[0xffffffdc][0x9][0xffffff8e][0xffffffe7]xa[0x7f][0xffffffe0][0xffffffc0]Op\[0x1]'8.[0xfffffff3][0xffffff99]qa[0xffffffc0][0xffffffb1][0x13][0x1c][0xffffff97]|HLR"[0xffffffe4][0x4][0xffffff87][\r]$C[0xffffff89][0xffffff80][0x13][0x1c][0x12][0xffffffce]jJ[0x4][0xffffff9f][0xffffffe0]p[0xffffffe5][0xffffffc9]R"[0xffffffef][0x4][0xffffff87][0xffffffab]V[0xffffff8e][0x12])'8[0xffffffb4]x7([0xffffffe1]Np<[0xffffffc7][0xffffff81]Q[0x2]?[0xffffffc1]q[0x5][0xffffff9c][0xffffffe0][0xffffffb8][0xffffffcc]g[0xffffffc6][0xffffff85][0x1][0xffffffc7]Np\[0xfffffff2]!1I[0xffffff89][0xffffff90][0x13][0x1c]6[0xffffff90][0xc]%[0x2]NpH8[0xffffffab])[0x11]|[0xffffff82][0xffffffc3][0xffffff95]'K[0xffffff89][0xffffffbc][0x13][0x1c][0xffffffae]Z9J[0xffffffa4][0xffffff9c][0xffffffe0][0xffffffd0][0xffffffe2][0xffffffdd][0xffffffa0][0xffffffc4]e)[0xffffffc1][0xfffffffd][0xffffff81][0xffffffe3][0xffffffc2])q[0x5]P[0xffffffe2][0xffffffd2][0xffffffbc][0x17][0x6][0xfffffffc][0xffffffc2](q%QB[0xffffffa3][0xffffffc8]P[0xffffffc2][0x5][0xffffff92][0xffffffa1][0xffffff84][0xffffffc6][0xffffffb2][0xffffff9e][0x12]k8[0xffffffab])[0xffffffb1]F4[0xffffff89][0x12][0xffffffa6]<YJ[0xffffffd8].e)a[0xffffffaa][0xffffff95][0xffffffa3][0xffffff84]4-E[0x9])[0xffffffde]-J[0xfffffff4]0Jt[0xffffff9c][0x12]=[0xffffff80][0x12][0x1d][0xffffffa5]D[0xffffffc7]([0xffffffd1][0xffffff93]([0xffffffb1]F[0xffffff91][0xffffffa2][0xffffff84][0x6][0xffffff92][0xffffffa2][0xffffffc4][0x1a]K[0xffffff82][0x12][0x1d][0xffffffa6]D[0xf][0xffffffa6][0xffffff84][0xffffff94]'M[0x9][0xffffffd3][0xffffffa5]4%[0xffffffa4]ZIJ[0xfffffff4][0x14]J[0xfffffff4][0xffffffbf][0xffffffa6][0xffffffc4]p[0xffffff94][0xffffffb8][0xffffffce][0xffffff87][0xffffffa2][0xffffffc4][0xffffffc0])1[0x2](14[0xffffffef][0xffffff85][0x1][0x1f][0x18]%F[0x12]%4[0xffffff8a][0xc]%\ [0x19]Jh,[0xffffffeb])[0xffffffb1][0xffffff86][0xffffffb3][0xffffff9a][0x12]kD[0xffffff93](a[0xffffffca][0xffffff93][0xffffffa5][0xffffff84][0xffffffed]R[0xffffff96][0x12][0xffffffa6]Z9JH[0xffffffd3]R[0xffffff94][0xffffff90][0xffffffe2][0xffffffdd][0xffffffa0][0xffffff84][0xffffffbb]d|[0xffffff8e][0x3][0xffffffa3][0x4]~[0xffffffc9][0xfffffff8][0x15]p[0xffffffc9][0xfffffff8]en[0xffffffc2]-[0xc]8v[0xffffffc9][0xfffffff8]%w[0xffffffdd][0xffffff92][0xffffff94][0x8][0xffffffb9]d[0xffffffdc][0x6][0xffffff92][0xffffffa1]D[0xffffffc0]%[0xffffffe3][0x12][0xffffffce]jJ[0x4]_2[0xffffffee][0xffffffca][0xffffff93][0xffffffa5]D[0xffffffde]%[0xffffffe3][0xffffffae]Z9J[0xffffffa4]\2[0xffffffae][0xffffffc5][0xfffffffb][0xffffffe7][0xffffff94][0x18]n[0xffffffa2]j[0xffffffde][0xffffff9d]Z[0xffffffbb][0x1c][0xfffffff8]D[0xffffffd5][0x8][0xffffff98][0xffffffa8][0x1a]fG[0xffffffa5].[0xffffffe0][0x3][0xffffff9b][0xffffffa8][0x1a][0xffffffb2][0xffffff94][0x2]R[0xffffffc2]D[0x11][0xffffffa1][0xffffff84][\r]$B[0x9][0x13][0xffffffcb]rJH8[0xffffff8b])![0x11][\r][0xffffffa2][0xffffff84]+O[0xffffff94][0x12][0xffffffbe]KQJ[0xffffffb8]j[0xffffffc5]([0xffffffa1]M[0xb]QB[0xffffff8b]w[0xffffff83][0x12]fW[0xffffffa2][0xffffffbf][0xffffffb8][0xffffffe1][0xffffffec][0xffffff81][0xffffffef]J[0xffffff8c][0xffffff80]][0xffffff89]a[0xe]?[0x17][0x6][0x1c][0xffffffdb][0xffffff95][0x18]r[0xffffffbc][0xffffff99][0xffffffa4]D[0xffffffc8][0xffffffae][0xffffff84][\r]$C[0xffffff89][0xffffff80]][0x9][0x9]g5%[0xffffff82]w%\y[0xffffffb2][0xffffff94][0xffffffc8][0xffffffdb][0xffffff95]p[0xffffffd5][0xffffffca]Q"eWB[0xffffff8b]w[0xffffff83][0x12][0xffffffe6]0h[0x7f][0xffffffcd][0xffffffa3]Q[0xffffff94][0xffffffc0][0xf][0xffffff83][0xffffff8e][0xffffff80][0xffffffc3][0xffffffa0][0xffffffc3][0xffffff9c]X*[0xc]8v[0x18]t[0xffffffc8][0xffffff99]$[0xffffff92][0x12]![0xffffff87]Am [0x19]J[0x4][0x1c][0x6][0xffffff95]pVS"[0xfffffff8]0[0xffffffa8]+O[0xffffff96][0x12]y[0xffffff87]A][0xffffffb5]r[0xffffff94]H9[0xc][0xffffffaa][0xffffffc5][0xffffffbb]A[0x9]s[0x18][0xffffffb4][0xffffffb7]>1J[0xffffffe0][0xffffff87]AG[0xffffffc0]a[0xffffffd0]aN,[0x15][0x6][0x1c];[0xc]:[0xffffffe4]L[0x12]I[0xffffff89][0xffffff90][0xffffffc3][0xffffffa0]6[0xffffff90][0xc]%[0x2][0xe][0xffffff83]J8[0xffffffab])[0x11]|[0x18][0xffffffd4][0xffffff95]'K[0xffffff89][0xffffffbc][0xffffffc3][0xffffffa0][0xffffffae]Z9J[0xffffffa4][0x1c][0x6][0xffffffd5][0xffffffe2][0xffffffdd][0xffffffa0][0xffffffc4][0xffffffed](qL[0xffffffea][0xffffffb3][0xffffffcb][0xffffffcf][0xffffffe7][0xffffff81])q[0x7]P[0xffffffe2][0xffffffd6][0xffffffbc][0x17][0x6][0xfffffffc][0xffffffc6](q'QB[0xffffffa3][0xffffffc8]P[0xffffffc2][0x5][0xffffff92][0xffffffa1][0xffffff84][0xffffffc6][0xffffffb2][0xffffff9e][0x12]k8[0xffffffab])[0xffffffb1]F4[0xffffff89][0x12][0xffffffa6]<YJ[0xffffffd8].e)a[0xffffffaa][0xffffff95][0xffffffa3][0xffffff84]4-E[0x9])[0xffffffde][\r]J<[0xffffff8e][0x12]'v[0xffffff9d][0xffffffd7][0xffffffe7][0xfffffff3][0xffffffc0][0xffffff94]x[0x2]([0xfffffff1]h[0xffffffde][0xb][0x3][0xfffffffe]`[0xffffff94]x[0xffffff92]([0xffffffa1]Qd([0xffffffe1][0x2][0xffffffc9]PBcYO[0xffffff89]5[0xffffff9c][0xffffffd5][0xffffff94]X#[0xffffff9a]D[0x9]S[0xffffff9e],%l[0xffffff97][0xffffffb2][0xffffff94]0[0xffffffd5][0xffffffca]QB[0xffffff9a][0xffffff96][0xffffffa2][0xffffff84][0x14][0xffffffef][0xffffff9f]S[0xffffffe2]6'8z[0x1b][0xffffffd7][0x9]Q[0xffffffe2][0xffffffc6]Op[0xffffffdc][0x1]'8n[0xfffffff3][0xffffff99]q][0xffffffc0]o[0xffffffec][0x4][0xffffffc7]-[0x1f][0x12][0xffffff83][0xffffff94]0QD(a[0x3][0xffffff89]P[0xffffffc2][0xffffffc4][0xffffffb2][0xffffff9c][0x12][0x12][0xffffffce]bJHD[0xffffff83]([0xffffffe1][0xffffffca][0x13][0xffffffa5][0xffffff84][0xffffffef]R[0xffffff94][0x12][0xffffffae]Z1Jh[0xffffffd3]B[0xffffff94][0xffffffd0][0xffffffe2][0xffffffdd][0xffffffa0][0xffffff84][0xffffffb9]d[0xffffffbc][0xffffffb7]yQo%n[0xfffffffc][0xffffff92][0xfffffff1];[0xffffffe0][0xffffff92][0xfffffff1][0xffffffdb][0xffffffdc][0xffffff84][[0x18]p[0xffffffec][0xffffff92][0xfffffff1][[0xffffffee][0xffffffba]%)[0x11]r[0xffffffc9][0xffffffb8][\r]$C[0xffffff89][0xffffff80]K[0xffffffc6]%[0xffffff9c][0xffffffd5][0xffffff94][0x8][0xffffffbe]d[0xffffffdc][0xffffff95]'K[0xffffff89][0xffffffbc]K[0xffffffc6]][0xffffffb5]r[0xffffff94]H[0xffffffb9]d\[0xffffff8b]w[0xffffff83][0x12][0xffffffee]0ho[0x17][0xfffffff5][0xffffffd9][0xffffffe5][0xffffff8d][0x1f][0x6][0xffffffbd][0x3][0xe][0xffffff83][0xffffffde][0xffffffe6][0xffffffc4]Ra[0xffffffc0][0xffffffb1][0xffffffc3][0xffffffa0][0xffffffb7][0xffffff9c]I")[0x11]r[0x18][0xffffffd4][0x6][0xffffff92][0xffffffa1]D[0xffffffc0]aP[0x9]g5%[0xffffff82][0xf][0xffffff83][0xffffffba][0xfffffff2]d)[0xffffff91]w[0x18][0xffffffd4]U+G[0xffffff89][0xffffff94][0xffffffc3][0xffffffa0]Z[0xffffffbc][0x1b][0xffffff94]0[0xffffff97][0xffffff8c][0xfffffff7]~a[0x13]U7~[0xffffffc9][0xfffffff8][0x1d]p[0xffffffc9][0xfffffff8]mn[0xffffffc2]-[0xc]8v[0xffffffc9][0xfffffff8]-w[0xffffffdd][0xffffff92][0xffffff94][0x8][0xffffffb9]d[0xffffffdc][0x6][0xffffff92][0xffffffa1]D[0xffffffc0]%[0xffffffe3][0x12][0xffffffce]jJ[0x4]_2[0xffffffee][0xffffffca][0xffffff93][0xffffffa5]D[0xffffffde]%[0xffffffe3][0xffffffae]Z9J[0xffffffa4]\2[0xffffffae][0xffffffc5][0xffffffbb]A[0x9][0xffffffb7]+[0xffffffd1]o[0xffffffec][0xe][0xffffff8e][0x1b][0xffffffdf][0xffffff95][0xffffffb8][0x3]v%ns[0xfffffff8][0xffffffb9]0[0xffffffe0][0xffffffd8][0xffffffae][0xffffffc4]-[0xffffffc7][0xffffff9b]IJ[0xffffff84][0xffffffec]J[0xffffffd8]@2[0xffffff94][0x8][0xffffffd8][0xffffff95][0xffffff90]pVS"xW[0xffffffc2][0xffffff95]'K[0xffffff89][0xffffffbc]][0x9]W[0xffffffad][0x1c]%Rv%[0xffffffb4]x7([0xffffffe1]v%[0xffffff8e]vbo%[0xfffffff0]][0xffffff89];`W[0xffffffe2]6[0xffffff87][0xffffff9f][0xb][0x3][0xffffff8e][0xffffffed]J[0xffffffdc]r[0xffffffbc][0xffffff99][0xffffffa4]D[0xffffffc8][0xffffffae][0xffffff84][\r]$C[0xffffff89][0xffffff80]][0x9][0x9]g5%[0xffffff82]w%\y[0xffffffb2][0xffffff94][0xffffffc8][0xffffffdb][0xffffff95]p[0xffffffd5][0xffffffca]Q"eWB[0xffffff8b]w[0xffffff83][0x12][0xffffffc3]Q[0xffffffe2]h[0xffffffd8]g[0xffffff97][0x3][0xffffffa7][0xffffffc4][0x8][0xffffffa0][0xffffffc4][0xffffffd0][0xffffffbc][0x17][0x6]|`[0xffffff94][0x18]I[0xffffff94][0xffffffd0](2[0xffffff94]p[0xffffff81]d([0xffffffa1][0xffffffb1][0xffffffac][0xffffffa7][0xffffffc4][0x1a][0xffffffce]jJ[0xffffffac][0x11]M[0xffffffa2][0xffffff84])O[0xffffff96][0x12][0xffffffb6]KYJ[0xffffff98]j[0xffffffe5](!MKQB[0xffffff8a]w[0xffffff83][0x12]n[0xffffffa2][0xffffffea][0xffffffb8][0x1a][0xfffffff6][0xffffffd9]%>Qu[0x7]LT[0xffffffdd]fG[0xffffffa5]0[0xffffffe0][0xffffffd8]D[0xffffffd5]-K)$%B&[0xffffffaa]l [0x19]J[0x4]LTI8[0xffffffab])[0x11]<Q[0xffffffe5][0xffffffca][0xffffff93][0xffffffa5]D[0xffffffde]D[0xffffff95][0xffffffab]V[0xffffff8e][0x12])[0x13]UZ[0xffffffbc][0x1b][0xffffff94]x[0x1c]%[0xffffffc6][0xffffff83][0xfffffffd][0xffffff81][0xffffffe3][0xffffffc1])[0xfffffff1][0x4]P[0xffffffe2][0xffffffd1][0xffffffbc][0x17][0x6][0xfffffffc][0xffffffc1]([0xfffffff1]$QB[0xffffffa3][0xffffffc8]P[0xffffffc2][0x5][0xffffff92][0xffffffa1][0xffffff84][0xffffffc6][0xffffffb2][0xffffff9e][0x12]k8[0xffffffab])[0xffffffb1]F4[0xffffff89][0x12][0xffffffa6]<YJ[0xffffffd8].e)a[0xffffffaa][0xffffff95][0xffffffa3][0xffffff84]4-E[0x9])[0xffffffde][\r]JLG[0xffffff89][0xffffffa7]M[0xffffff8a][0x12][0x13][0xffffffa7][0xffffffc4]t[0xfffffff1]/[0xffffffce][0xfffffffb][0xffffffd4][0xffffffbc][0x17][0x6]|b[0xffffff94][0xffffff98]I[0xffffff94][0xffffffd0](2[0xffffff94]p[0xffffff81]d([0xffffffa1][0xffffffb1][0xffffffac][0xffffffa7][0xffffffc4][0x1a][0xffffffce]jJ[0xffffffac][0x11]M[0xffffffa2][0xffffff84])O[0xffffff96][0x12][0xffffffb6]KYJ[0xffffff98]j[0xffffffe5](!MKQB[0xffffff8a][0xfffffff7][0xffffffcf])[0xfffffff1][0xffffffb8][0xffffffb5][0xffffffcb][0xffffffe3][0xffffffb9][0x7]D[0xffffff89][0x7]_[0xffffffbb]|[0x2][0xffffffd6].[0x1f]3[0xffffffc9]V[0x17][0xfffffff0][0x7][[0xffffffbb]|dt[\r][0xffffffa4][0xffffff84][0xffffff89]"B[0x9][0x1b]H[0xffffff84][0x12]&[0xffffff96][0xffffffe5][0xffffff94][0xffffff90]p[0x16]SB"[0x1a]D[0x9]W[0xffffff9e](%|[0xffffff97][0xffffffa2][0xffffff94]p[0xffffffd5][0xffffff8a]QB[0xffffff9b][0x16][0xffffffa2][0xffffff84][0x16][0xffffffef][0x6]%[0xffffffdc][0xffffffda][0xffffffe5]1;[0xfffffff5][0xffffffad][0xffffffc4][0xffffff83][0xffffffaf]]]]><![CDATA[>[0x1]k[0xffffff97][0xffffff8f][0xffffff99]d+[0xc]8[0xffffffb6]v[0xfffffff9][0xffffffc8][0xffffffe8][0x1a]I[0xffffff89][0xffffff90][0xffffffb5]K[0x1b]H[0xffffff86][0x12][0x1]k[0xffffff97][0x12][0xffffffce]jJ[0x4][0xffffffaf]][0xffffffba][0xfffffff2]d)[0xffffff91][0xffffffb7]v[0xffffffe9][0xffffffaa][0xffffff95][0xffffffa3]D[0xffffffca][0xffffffda][0xffffffa5][0x16][0xffffffef][0x6]%[0xffffffdc][0xffffffda][0xffffffe5]1[0xffffffb1];8[0x1e]|[0xffffffed][0xfffffff2][0x9]X[0xffffffbb]|[0xffffffcc]$[a[0xffffffc0][0xffffffb1][0xffffffb5][0xffffffcb]GF[0xffffffd7]HJ[0xffffff84][0xffffffac]][0xffffffda]@2[0xffffff94][0x8]X[0xffffffbb][0xffffff94]pVS"x[0xffffffed][0xffffffd2][0xffffff95]'K[0xffffff89][0xffffffbc][0xffffffb5]KW[0xffffffad][0x1c]%R[0xffffffd6].[0xffffffb5]x7([0xffffffe1][0xffffffd6].[0xffffff8f]9[0xffffffb1]?p[0xffffffe0]k[0xffffff97]O[0xffffffc0][0xffffffda][0xffffffe5]c&[0xffffffd9][\n]"
[DEBUG] http-outgoing-1 << "[0x3][0xffffff8e][0xffffffad]]]]><![CDATA[>2[0xffffffba]FR"d[0xffffffed][0xffffffd2][0x6][0xffffff92][0xffffffa1]D[0xffffffc0][0xffffffda][0xffffffa5][0xffffff84][0xffffffb3][0xffffff9a][0x12][0xffffffc1]k[0xffffff97][0xffffffae]<YJ[0xffffffe4][0xffffffad]][0xffffffba]j[0xffffffe5]([0xffffff91][0xffffffb2]v[0xffffffa9][0xffffffc5][0xffffffbb]A[0x9]7Qu[0xffffff9e][0xffffffdc][[0x9]|[0xffffffa2][0xffffffea][0x9][0xffffff98][0xffffffa8]z[0xffffffcc][0xffffff8e]Ja[0xffffffc0][0xffffffb1][0xffffff89][0xffffffaa]G[0xffffff96]RHJ[0xffffff84]LT[0xffffffd9]@2[0xffffff94][0x8][0xffffff98][0xffffffa8][0xffffff92]pVS"x[0xffffffa2][0xffffffca][0xffffff95]'K[0xffffff89][0xffffffbc][0xffffff89]*W[0xffffffad][0x1c]%R&[0xffffffaa][0xffffffb4]x7([0xffffffe1]v%[0xffffffae][0xffffff8f][0xffffffff]P[0xffffff94][0xffffffc0]w%[0xffffff9e][0xffffff80]][0xffffff89][0xffffffc7][0x1c]~.[0xc]8[0xffffffb6]+[0xfffffff1][0xffffffc8][0xfffffff1]f[0xffffff92][0x12]![0xffffffbb][0x12]6[0xffffff90][0xc]%[0x2]v%$[0xffffff9c][0xffffffd5][0xffffff94][0x8][0xffffffde][0xffffff95]p[0xffffffe5][0xffffffc9]R"oW[0xffffffc2]U+G[0xffffff89][0xffffff94]][0x9]-[0xffffffde][\r]J<[0xffffff8e][0x12][0xffffffe7][0xffffff89][0xffffffbd][0xffffff95]xpJ<[0x1][0xffffff94]x4[0xffffffef][0xffffff85][0x1][0x7f]0J<I[0xffffff94][0xffffffd0](2[0xffffff94]p[0xffffff81]d([0xffffffa1][0xffffffb1][0xffffffac][0xffffffa7][0xffffffc4][0x1a][0xffffffce]jJ[0xffffffac][0x11]M[0xffffffa2][0xffffff84])O[0xffffff96][0x12][0xffffffb6]KYJ[0xffffff98]j[0xffffffe5](!MKQB[0xffffff8a]w[0xffffff83][0x12]nW[0xffffffe2][0xffffffba][0xffffffdb]AQ[0x2][0xffffffdf][0xffffff95]x[0x2]v%[0x1e]s[0xfffffff8][0xffffffb9]0[0xffffffe0][0xffffffd8][0xffffffae][0xffffffc4]#[0xffffffc7][0xffffff9b]IJ[0xffffff84][0xffffffec]J[0xffffffd8]@2[0xffffff94][0x8][0xffffffd8][0xffffff95][0xffffff90]pVS"xW[0xffffffc2][0xffffff95]'K[0xffffff89][0xffffffbc]][0x9]W[0xffffffad][0x1c]%Rv%[0xffffffb4]x[0xffffffff][0xffffff9c][0x12][0xffffffd3][0x1d][0x6][0x1d][0xffffffe7]CQb[0xffffffe2][0xffffff87]Ag[0xffffffc0]a[0xffffffd0]iN,[0xffffffd5][0x5]|b[0xffffff87]A[0xffffffa7][0xffffff9c]I[0x2])a[0xffffffa2][0xffffff88]P[0xffffffc2][0x6][0x12][0xffffffa1][0xffffff84][0xffffff89]e9%$[0xffffff9c][0xffffffc5][0xffffff94][0xffffff90][0xffffff88][0x6]Q[0xffffffc2][0xffffff95]'J[0x9][0xffffffdf][0xffffffa5](%\[0xffffffb5]b[0xffffff94][0xffffffd0][0xffffffa6][0xffffff85]([0xffffffa1][0xffffffc5][0xffffffbb]A[0x9]w[0x18]t[0xffffffdc][0x7][0xfffffff5][0xffffffad][0xffffffc4][0xffffffc4][0xf][0xffffff83][0xffffffce][0xffffff80][0xffffffc3][0xffffffa0][0xffffffd3][0xffffff9c]X*[0xc]8v[0x18]t[0xffffffca][0xffffff99]$[0xffffff92][0x12]![0xffffff87]Am [0x19]J[0x4][0x1c][0x6][0xffffff95]pVS"[0xfffffff8]0[0xffffffa8]+O[0xffffff96][0x12]y[0xffffff87]A][0xffffffb5]r[0xffffff94]H9[0xc][0xffffffaa][0xffffffc5][0xffffffbb]A[0xffffff89][0xffffffd3]P[0xffffffe2]n[0xffffffe3][0xffffffa2](q[0xffffffe2][0xffffff94]8][0xfffffffc][0xffffff8b][0xfffffff3]~j[0xffffffde][0xb][0x3]~b[0xffffff94]8[0xffffff93]([0xffffffa1]Qd([0xffffffe1][0x2][0xffffffc9]PBcYO[0xffffff89]5[0xffffff9c][0xffffffd5][0xffffff94]X#[0xffffff9a]D[0x9]S[0xffffff9e],%l[0xffffff97][0xffffffb2][0xffffff94]0[0xffffffd5][0xffffffca]QB[0xffffff9a][0xffffff96][0xffffffa2][0xffffff84][0x14][0xffffffef][0x6]%[0xffffffdc]a[0xffffffd0][0xffffffbb][0xffffffbf]0J[0xffffffe0][0xffffff87]Ag[0xffffffc0]a[0xffffffd0]iN,[0x15][0x6][0x1c];[0xc]:[0xffffffe5]L[0x12]I[0xffffff89][0xffffff90][0xffffffc3][0xffffffa0]6[0xffffff90][0xc]%[0x2][0xe][0xffffff83]J8[0xffffffab])[0x11]|[0x18][0xffffffd4][0xffffff95]'K[0xffffff89][0xffffffbc][0xffffffc3][0xffffffa0][0xffffffae]Z9J[0xffffffa4][0x1c][0x6][0xffffffd5][0xffffffe2][0xffffffdd][0xffffffa0][0xffffffc4][0xffffffb0][0xffffff94][0xffffffb8]0J[0xc][0xffffff9c][0x12][0xffffffc3][0xffffffc5][0xffffffbf]8[0xffffffef]C[0xfffffff3]^[0x18][0xfffffff0][0xffffff81]Qb$QB[0xffffffa3][0xffffffc8]P[0xffffffc2][0x5][0xffffff92][0xffffffa1][0xffffff84][0xffffffc6][0xffffffb2][0xffffff9e][0x12]k8[0xffffffab])[0xffffffb1]F4[0xffffff89][0x12][0xffffffa6]<YJ[0xffffffd8].e)a[0xffffffaa][0xffffff95][0xffffffa3][0xffffff84]4-E[0x9])[0xffffffde][\r]J[0xffffffb8]][0xffffff89][0xfffffffb]xQk[0xffffff97][0x13][0xffffffdf][0xffffff95][0xffffff98][0x1][0xffffffbb][0x12][0xffffffd3][0x1c]~.[0xc]8[0xffffffb6]+1[0xffffffe5]x3I[0xffffff89][0xffffff90]][0x9][0x1b]H[0xffffff86][0x12][0x1][0xffffffbb][0x12][0x12][0xffffffce]jJ[0x4][0xffffffef]J[0xffffffb8][0xfffffff2]d)[0xffffff91][0xffffffb7]+[0xffffffe1][0xffffffaa][0xffffff95][0xffffffa3]D[0xffffffca][0xffffffae][0xffffff84][0x16][0xffffffef][0x6]%[0xffffffdc]a[0xffffffd0]{v[0xffffffec][0xffffffb3]K[0xfffffffc]0[0xffffffe8][0xc]8[0xc]:[0xffffffcd][0xffffff89][0xffffffa5][0xffffffc2][0xffffff80]c[0xffffff87]A[0xffffffa7][0xffffff9c]I")[0x11]r[0x18][0xffffffd4][0x6][0xffffff92][0xffffffa1]D[0xffffffc0]aP[0x9]g5%[0xffffff82][0xf][0xffffff83][0xffffffba][0xfffffff2]d)[0xffffff91]w[0x18][0xffffffd4]U+G[0xffffff89][0xffffff94][0xffffffc3][0xffffffa0]Z[0xffffffbc][0x7f]L[0xffffff89][0xfffffff1]r[0xffffff97][0xffffff8c]?[0xffffff8d][0xffffffa2][0xffffffc4][0xffffffd7][0xfffffff3][0xffffffa0][0xffffff94][0xfffffff8]~[0x2][0xffffff96][0x12][0xffffffbf][0xffffff9f][0xffffff81][0xffffffa0][0xffffffc4][0xfffffff7][0xffffffaf][0x13][0xffffff94][0xfffffff8][0xfffffff5][0xffffffcb][0x9][0xffffff94]pQ$([0xffffffe1][0x3]IP[0xffffffc2][0xffffffc5][0xffffffb2][0xffffff9a][0x12][0x1a][0xffffffce]ZJhDs(a[0xffffffcb][0xffffff93][0xffffffa4][0xffffffc4][0xffffff9b].%)a[0xffffffab][0xffffff95][0xffffffa2][0xffffff84]iZ[0xffffff86][0x12][0xffffffa6]x7([0xffffffe1]v%[0xffffff9e]k>[0x14]%[0xffffffe8]][0xffffff89][0xffffffef]'[0xffffffa0])A[0xffffffee]J|[0xffffffff]:C[0xffffff89][0xffffffa0]][0x9][0x17]E[0xffffff86][0x12])[0xffffffbb][0x12].[0xffffff96][0xfffffff5][0xffffff94]`w%4[0xffffffa2]I[0xffffff94][0x8][0xffffffdb][0xffffff95]x[0xffffffd3][0xffffffa5],%[0xffffff82]v%L[0xffffffd3]R[0xffffff94][0xfffffff8][0xfffffffb]][0xffffff89][0xffffffcf][0x7f][0xffffffa3][0xffffff87]Q[0xffffffa2][0xffffffe3][0xffffff94][0xffffffe8][0x1][0xffffff94][0xffffffe8](%:F[0xffffff89][0xffffff9e]D[0xffffff89]5[0xffffff8a][0x14]%4[0xffffff90][0x14]%[0xffffffd6]X[0x12][0xffffff94][0xffffffe8]0%z0%[0xffffffa4]<iJ[0xffffff98].[0xffffffa5])![0xffffffd5]JR[0xffffffa2][0xffffffa7]P[0xffffffa2][0xffffffff]5%[0xffffffdc]D[0xffffffd5][0xfffffff3][0xfffffff4][0xffffff93][0xffffffa2][0x4]=Q[0xfffffff5][0xfffffffd][0x4]4%[0xffffffc8][0xffffff89][0xffffffaa][0xffffffef]_g([0x11]4Q[0xffffffe5][0xffffffa2][0xffffffc8]P"e[0xffffffa2][0xffffffca][0xffffffc5][0xffffffb2][0xffffff9e][0x12][0xffffffec]D[0xffffff95]F4[0xffffff89][0x12]a[0x13]Uo[0xffffffba][0xffffff94][0xffffffa5]D[0xffffffd0]D[0xffffff95]iZ[0xffffff8a][0x12][0x7f]?Q[0xfffffff5][0xfffffff9]o[0xffffff98][0xffffffb7][0x12](%[0xffffffe8][0xffffffb7][0x12]=[0xffffffe0][0xffffffad]DW:[0xffffff97][0x6][0xffffff9c]z+[0xffffffd1][0xffffff93][0xffffffde]Jh[0x14])J[0xffffffa4][0xffffffbc][0xffffff95][0xffffffd0]X[0x12][0xffffff94]`[0xffffffdf]J[0xffffffac][0x11][0xffffffcd][0xffffffa2]D[0xffffffd8][[0x9][0xffffffdb][0xffffffa5]4%[0xffffff82][0xffffffde]JH[0xffffffd3]r[0xffffff94][0xfffffff8][0xfffffffb][0xffffffb7][0x12][0xffffff87]y+1[0xfffffffb][0xfffffffd][0xffffffa2](q[0xffffffe0]o%[0xffffff8e][0xffffff80][0xffffffb7][0x12][0xffffff87][0xffffffd2][0xffffffb9]0[0xffffffe0][0x7][0xfffffff6]V[0xffffffe2]Hz+[0xffffffa1]Qd([0xffffffe1][0x2][0xffffffc9]PBcYO[0xffffff89]5[0xffffff9c][0xffffffd5][0xffffff94]X#[0xffffff9a]D[0x9]S[0xffffff9e],%l[0xffffff97][0xffffffb2][0xffffff94]0[0xffffffd5][0xffffffca]QB[0xffffff9a][0xffffff96][0xffffffa2][0xffffff84][0x14][0xffffffef][0x6]%[0xffffffdc]p[0xfffffff6]<G[0xffffffa3](A[0xf]g[0x7f]?[0x1]M[0x9]r8[0xfffffffb][0xfffffffb][0xffffffd7][0x19]J[0x4][\r]g[0xffffffbb](2[0xffffff94]H[0x19][0xffffffce]v[0xffffffb1][0xffffffac][0xffffffa7][0x4];[0xffffff9c][0xffffffad][0x11]M[0xffffffa2]D[0xffffffd8]p[0xfffffff6][0xffffff9b].e)[0x11]4[0xffffff9c]m[0xffffff9a][0xffffff96][0xffffffa2][0xffffffc4][0xffffffdf][0xf]g[0xffffff8f][0xffffff97][0x1b][0xffffffce][0xffffff9e]cBk[0xffffff97]_[0xffffffcf][0x3]S[0xffffff82][0x1f][0xffffffce][0xfffffffe][0xfffffffd][0xc][0xc]%[0xffffffa8][0xffffffe1][0xffffffec]_[0xffffffbf]"
[DEBUG] http-outgoing-1 << "[0xffffff9c]A[0xffffff89][0xffffff8c][0xffffffe1]l[0x1f]H[0xffffff86][0x12][0xfffffffc]p[0xffffffb6][0xffffff86][0xffffffb3][0xffffff9a][0x12][0xffffffb9][0xffffffc3][0xffffffd9][0xffffffb6]<YJ[0xffffffc4][\r]g[0xffffffdb]j[0xffffffe5]([0x11]2[0xffffff9c]m[0xffffff8a]w[0xffffff8b][0x12][0xfffffffa][0xffffffad][0x4]K[0x9][0xfffffffa][[0xffffff89]+[0xffffffe0][[0xffffff89]K[0xffffffff][0xffffffa0]W[0x1a]p[0xffffffea][[0xffffff89]+[0xffffffe9][[0x9][0xffffff8d]"E[0xffffff89][0xffffff94]o%4[0xffffff96][0x4]%[0xffffffd8]o%[0xffffffd6][0xffffff88]fQ"[0xffffffec][[0x9][0xffffffdb][0xffffffa5]4%[0xffffff82][0xffffffbe][0xffffff95][0xffffff90][0xffffffa6][0xffffffe5]([0xfffffff1][0xfffffff7][0xffffffdf]J[0xffffff98];8[0xffffff8e]W[0xffffffa7][0xffffff86][0xffffffb3][0xffffffbf][0xffffff9e][0x7][0xffffffa6][0x4][0x7f][0x7][0xffffffc7][0xffffffef]g`(A[0xffffffdd][0xffffffc1][0xfffffff1][0xffffffeb][0xffffff97]3([0xffffff91]q[0x7][0xffffff87][0xf]$C[0x9][0xfffffffe][0xe][0xe][\r]g5%r[0xffffffef][0xffffffe0][0xffffffb0][0xffffffe5][0xffffffc9]R"[0xffffffee][0xe][0xe][[0xffffffad][0x1c]%B[0xffffffee][0xffffffe0]0[0xffffffc5][0xffffffbb]A[0x9]s[0x7][0xffffffc7][0xfffffff1][0xffffffba][0xffffff9e][0xffffff93][0xffffffa2][0x4]}[0x7][0xffffffc7][0xfffffff7][0x13][0xffffffd0][0xffffff94] [0xffffffef][0xffffffe0][0xfffffff8][0xfffffffe]u[0xffffff86][0x12]Awp[0xffffffb8](2[0xffffff94]H[0xffffffb9][0xffffff83][0xffffffc3][0xffffffc5][0xffffffb2][0xffffff9e][0x12][0xffffffec][0x1d][0x1c][0x1a][0xffffffd1]$J[0xffffff84][0xffffffdd][0xffffffc1][0xfffffff1][0xffffffa6]KYJ[0x4][0xffffffdd][0xffffffc1]a[0xffffff9a][0xffffff96][0xffffffa2][0xffffffc4][0xffffffdf][0xffffffdf][0xffffffc1]1^[0xffffff8f][0xffffffa3][0xffffffc4][0xfffffffd][0xffffff9a][0x14]%[0x1e][0xffffff9c][0x12]O[0x0]%[0x1e][0xffffffcd]{a[0xffffffc0][0x1f][0xffffff8c][0x12]O[0x12]%4[0xffffff8a][0xc]%\ [0x19]Jh,[0xffffffeb])[0xffffffb1][0xffffff86][0xffffffb3][0xffffff9a][0x12]kD[0xffffff93](a[0xffffffca][0xffffff93][0xffffffa5][0xffffff84][0xffffffed]R[0xffffff96][0x12][0xffffffa6]Z9JH[0xffffffd3]R[0xffffff94][0xffffff90][0xffffffe2][0xffffffdd][0xffffffa0][0xffffff84][0xffffffb9][0xffffffce][0xffffffeb][0xffffff83][0x12][0xffffffd7]MQ[0xffffff82][0xffffffbe][0xffffffce][0xffffffeb][0xfffffffb][0x9]hJ[0xffffff90][0xffffffd7]y}[0xffffffff]:C[0xffffff89][0xffffffa0][0xffffffeb][0xffffffbc]\[0x14][0x19]J[0xffffffa4]\[0xffffffe7][0xffffffe5]bYO[0x9][0xfffffff6]:/[0xffffff8d]h[0x12]%[0xffffffc2][0xffffffae][0xfffffff3]z[0xffffffd3][0xffffffa5],%[0xffffff82][0xffffffae][0xfffffff3]2MKQ[0xffffffe2]?[0xffffffb8][0xffffffce][0xffffffab][0xffffff99][0xffffffeb][0xffffffbc][0xffffff8e][0xffffffd7][0xfffffff3]: J4[0xfffffffc]:[0xffffffaf][0x16]p[0xffffff9d]W3w[0xffffffce][0xffffffd4][0x5][0xffffffbc]a[0xffffffd7]y5[0xffffffb9]U[0x6][0xffffffa4][0xffffff84][0xffffff89]"B[0x9][0x1b]H[0xffffff84][0x12]&[0xffffff96][0xffffffe5][0xffffff94][0xffffff90]p[0x16]SB"[0x1a]D[0x9]W[0xffffff9e](%|[0xffffff97][0xffffffa2][0xffffff94]p[0xffffffd5][0xffffff8a]QB[0xffffff9b][0x16][0xffffffa2][0xffffff84][0x16][0xffffffef][0x6]%[0xffffffcc]u^[0x1f][0xffffff94][0x18][0xffffffd4]DU[0xffffffc3][0xffffffaf][0xfffffff3]j[0x1][0xffffffd7]y5s[0xffffffe7]La[0xffffffc0][0xffffffb1][0xffffffeb][0xffffffbc][0xffffff9a][0xffffffdc]*CR"[0xffffffe4]:/[0x1b]H[0xffffff86][0x12][0x1][0xffffffd7]yI8[0xffffffab])[0x11]|[0xffffff9d][0xffffff97]+O[0xffffff96][0x12]y[0xffffffd7]y[0xffffffb9]j[0xffffffe5]([0xffffff91]r[0xffffff9d][0xffffff97][0x16][0xffffffef][0x6]%[0xffffffcc][0x1d][0x1c]G{[0xffffffbd][0xffffffa8]?p4[0xfffffffc][0xe][0xffffff8e][0x16]p[0x7]G3C[0xfffffff1][0xffffff85][0x1][0xffffffc7][0xffffffee][0xffffffe0]h2[0x5]OR"[0xffffffe4][0xe][0xe][0x1b]H[0xffffff86][0x12][0x1]wpH8[0xffffffab])[0x11]|[0x7][0xffffff87]+O[0xffffff96][0x12]ywp[0xffffffb8]j[0xffffffe5]([0xffffff91]r[0x7][0xffffff87][0x16][0xffffffef][0x6]%[0xffffffcc]p[0xfffffff6][0xffffffd1][0xffffffce][0xffffff87][0xffffffba][0x19][0xffffffb4][0xffffffe1][0xffffffc3][0xffffffd9]-`8[0xffffffbb][0xffffff99]u[0xffffffd7][0xffffffc2][0xffffff80]c[0xffffffc3][0xffffffd9]M[0xfffffff6][IJ[0xffffff84][0xc]g[0xffffffdb]@2[0xffffff94][0x8][0x18][0xffffffce][0xffffff96]pVS"x8[0xffffffdb][0xffffff95]'K[0xffffff89][0xffffffbc][0xffffffe1]lW[0xffffffad][0x1c]%R[0xffffff86][0xffffffb3][0xffffffb5]x[0xffffffb7](q[0xffffff85]Q[0xffffffe2][0xffffffc2])q[0x5]P[0xffffffe2]B)qa[0xffffff94][0xffffffb8][0xffffff92]([0xffffffb1]F[0xffffff91][0xffffffa2][0xffffff84][0x6][0xffffff92][0xffffffa2][0xffffffc4][0x1a]K[0xffffff82][0x12][0x17]L[0xffffff89]+[0xffffff98][0x12]R[0xffffff9e]4%L[0xffffff97][0xffffffd2][0xffffff94][0xffffff90]j%)q[0xffffffa5]P[0xffffffe2][0xfffffffa][0xf]([0xffffffd1][0xffffff9e]0K[0xffffffb4][0x7][0xffffffc7][0xffffffc4][0xffffffc7]#[0xfffffff0][0xffffff9a][0xfffffff8][0xfffffff1][0x10][0x14]'>~[0xffffff9e][0xfffffff2][0xffffffc4][0xfffffff7]O[0xffffffa7][0xffffff80]B[0xfffffff2]H[0xffffff89][0xffffffc2][0xffffffa4][0xffffff92]"[0xffffff85]d[0xffffff93]0[0xffffffc5][0xffffff92][0xffffffd0]zT,9[0xffffffcd]R[0xffffff85][0xffffffd6]([0xffffffcd][\n]"
[DEBUG] http-outgoing-1 << "[0xffffffd7][0xffffffaa][0xffffffb4]+[0xffffffb4]dIX[0xffffffac][0xffffff9d][0xffffffcb][0xffffffc9]b[0xffffffad][0xffffffe0]-Z[0x1c]#[0xffffff8c][0x16][0xffffffc7][0xffffffc0]i[0xfffffff1][0xfffffff1][0x8]<-~<[0x4]E[0xffffff8b][0xffffff8f][0xffffff9f][0xffffffa7]h[0xfffffff1][0xfffffffd][0xffffffd3])[0xffffffb4][0xffffff90]<R[0xffffffb4]0[0xffffffa9][0xffffffa4]h![0xffffffd9]$h[0xffffffb1]$[0xffffffb4][0xffffff9e][0x16]KN[0xffffffb3]h[0xffffffa1]5J[0xffffffd3][0xffffffc2][0xffffffb5]*M[0xb]-Y[0xffffff92][0x16]k[0xffffffe7]r[0xffffffb4]X+x[0xffffff8b][0x16]_[0xffffffcb][0xffffff97]I[0xffffffb4]xN[0xffffff9c][0x16][0x1f][0xffffff8f][0xffffffc0][0xffffffd3][0xffffffe2][0xffffffc7]CP[0xffffffb4][0xfffffff8][0xfffffff8]y[0xffffff8a][0x16][0xffffffdf]?[0xffffff9d]B[0xb][0xffffffc9]#E[0xb][0xffffff93]J[0xffffff8a][0x16][0xffffff92]M[0xffffff82][0x16]KB[0xffffffeb]i[0xffffffb1][0xffffffe4]4[0xffffff8b][0x16]Z[0xffffffa3]4-\[0xffffffab][0xffffffd2][0xffffffb4][0xffffffd0][0xffffff92]%i[0xffffffb1]v.G[0xffffff8b][0xffffffb5][0xffffff82][0xfffffff7]h[0xffffff91][0xfffffff6][0xffffffd6][0xffffffe2][0xffffffe1][0xffffffdf]Z<[0x9]o-[0x1e][0xfffffff6][0xffffffad][0xffffffc5][0xffffffc3][0xffffffbd][0xffffffb5]x[0xffffffa2][0xffffffde]ZH[0x1e]1Z[0xffffffe4][0xffffffbc][0xffffffb5][0xffffff90]l"[0xffffffb4][0xffffffa0][0xffffffdf]Z<[0xffffffc9]o-[0xffffffb4]FqZ[0x4][0xffffffbe][0xffffffb5][0xffffffd0][0xffffff92]Ei[0x11][0xfffffff3][0xffffffd6]b[0xffffffad][0xffffffe0]-Z[0xffffffb4]6[0xffffffc3]l[0xfffffff1][0xfffffff1]D8.>[0xffffff9f][0xffffff81][0xffffffd7][0xffffffc5][0xffffffcf][0xffffffa7][0xffffffa0]x[0xfffffff1][0xfffffff9][0xfffffffb][0xffffff94]/~[0xfffffffc]v[\n]"
[DEBUG] http-outgoing-1 << "04[0xffffff94][0xffffff94]0\4)bh@[0x9]c[0xffffffac]1[0xffffffad]G[0xffffffc6][0x1a][0xffffffd6],e[0xffffff98]B[0xffffffa5][0xffffff99]a[0xfffffffb][0xffffff95]v[0xffffff86][0xffffffa9][[0x12][0x1a][0xffffffd2][0xffffffbe][0xffffff9c]4[0xffffffa4][0xffffff8c][0xfffffff7][0xffffffa8]q[0xffffffdc]i[0xffffffd4]8n[0xffffff9e][0x1a][0x1f][0xffffffcf][0x10]@[0xffffff8d][0x1f]O[0xffffff81]Q[0xffffffe3][0xffffffe3][0xfffffff7]1j|[0xffffffff]v[0xc]5$[0xffffff94][0x18]5L41jH@[0x11]j,1[0x5][0xffffffa8][0xffffffb1][0xffffff84]5[0xffffff8c][0x1a]Z[0xffffffa8]85\[0xffffffbf][0xffffffe2][0xffffffd4][0xffffffd0][0xffffffba]E[0xffffffa9][0xffffffb1][0xffffffb6]/H[0xffffff8d][0xffffffb5][0xffffff8c][0xffffffff][0xffffff84][0x1a][0xfffffff3][0xfffffffb]_9[0xffffffcd][0xffffffae]E[0x7f][0x1][0xffffffd7][0xffffff89][0xfffffffd]~[0x1e][0xffffff8a][0x19][0xffffffff]x[0x2][0xc][0x19][0xffffffcb]3[0x14][0x13][0xffffffe3][0x1f][0xffffffbf]^[0xc][0xffffff8c][0xffffffff][0xfffffffd]e[0xffffff98][0x17]o[0xffffffa3]X[0xffffff8c][0xffffff8b][0x7f][0x9]d1-[0xffffffde][0xffffffc6][0xffffffb2][0x10][0x16]o[0xffffffc2]Y[0xffffffc6][0xffffff8a]7[0x11][0xffffff8d]@[0xffffffc5][0xfffffffb][0xfffffff2][0xffffff84]H[0xfffffff1]o][\n]"
[DEBUG] http-outgoing-1 << "[0xffffff81][0xffffffe2]}[0xffffffb5][0x2][0xffffff9c]x[0xffffffd7][0xffffffb4][0xffffffe5][0xffffff98]xW[0xffffffbc][[0xffffff94]8[0xffffffc2](q[0xffffffe0][0xffffff94]8[0x2](q[0xffffffa0][0xffffff94]80J[0x1c]I[0xffffff94]X[0xffffffa3]HQB[0x3]IQb[0xffffff8d]%A[0xffffff89][0x3][0xffffffa6][0xffffffc4][0x11]L[0x9])O[0xffffff9a][0x12][0xffffffa6]KiJH[0xffffffb5][0xffffff92][0xffffff94]8R(q[0xfffffffc]5%.[0xfffffff7]V[0xffffffa2][0xffffffcf]AQ[0xffffffe2][0xffffffc2][0xffffffdf]J\[0x1]o%.[0xffffffa5]sa[0xffffffc0]/[0xffffffec][0xffffffad][0xffffffc4][0xffffff95][0xfffffff4]VB[0xffffffa3][0xffffffc8]P[0xffffffc2][0x5][0xffffff92][0xffffffa1][0xffffff84][0xffffffc6][0xffffffb2][0xffffff9e][0x12]k8[0xffffffab])[0xffffffb1]F4[0xffffff89][0x12][0xffffffa6]<YJ[0xffffffd8].e)a[0xffffffaa][0xffffff95][0xffffffa3][0xffffff84]4-E[0x9])[0xffffffde][\r]J[0xc]G[0xffffff89][0xffffffbb][0xffffffd5][0xffffffdf]L[0xfffffffa][0xfffffffb]y`J[0xffffff8c][0x0]J[0xc][0xffffffcd]{a[0xffffffc0][0x7]F[0xffffff89][0xffffff91]D[0x9][0xffffff8d]"C[0x9][0x17]H[0xffffff86][0x12][0x1a][0xffffffcb]zJ[0xffffffac][0xffffffe1][0xffffffac][0xffffffa6][0xffffffc4][0x1a][0xffffffd1]$J[0xffffff98][0xfffffff2]d)a[0xffffffbb][0xffffff94][0xffffffa5][0xffffff84][0xffffffa9]V[0xffffff8e][0x12][0xffffffd2][0xffffffb4][0x14]%[0xffffffa4]x7(q;JL[0xffffff8e][0x12]7N[0xffffff89];[0xffffff80][0x12][0xffffffb7][0xffffffe6][0xffffffbd]0[0xffffffe0]7F[0xffffff89];[0xffffff89][0x12][0x1a]E[0xffffff86][0x12].[0xffffff90][0xc]%4[0xffffff96][0xfffffff5][0xffffff94]X[0xffffffc3]YM[0xffffff89]5[0xffffffa2]I[0xffffff94]0[0xffffffe5][0xffffffc9]R[0xffffffc2]v)K[0x9]S[0xffffffad][0x1c]%[0xffffffa4]i)JH[0xfffffff1]nP[0xffffffe2]1[0xffffff94][0xfffffff8][0xffffffc0]D[0xfffffffd][0xfffffff9][0xffffff8e][0xffffffdf][0xffffffcf][0x3]S[0xffffffe2][0x9][0xffffffa0][0xffffffc4][0xffffffa3]y/[0xc][0xfffffff8][0xffffff83]Q[0xffffffe2]I[0xffffffa2][0xffffff84]F[0xffffff91][0xffffffa1][0xffffff84][0xb]$C[0x9][0xffffff8d]e=%[0xffffffd6]pVSb[0xffffff8d]h[0x12]%Ly[0xffffffb2][0xffffff94][0xffffffb0]][0xffffffca]R[0xffffffc2]T+G[0x9]iZ[0xffffff8a][0x12]R[0xffffffbc][0x1b][0xffffff94][0xffffff98][0xffffff8e][0x12][0x17]G[0xffffff89][0xffffff89]Sb[0x6]Pbj[0xffffffde][0xb][0x3]>1J[0xffffffcc]$Jh[0x14][0x19]J[0xffffffb8]@2[0xffffff94][0xffffffd0]X[0xffffffd6]Sb[\r]g5%[0xffffffd6][0xffffff88]&Q[0xffffffc2][0xffffff94]'K[0x9][0xffffffdb][0xffffffa5],%L[0xffffffb5]r[0xffffff94][0xffffff90][0xffffffa6][0xffffffa5](![0xffffffc5][0xfffffffb][0xffffffe7][0xffffff94][0xffffffe8]/G[0xffffff89]g[0xffffffbc] J|>[0xf]K[0xffffff89][0xffffffaf]'[0xffffff80])[0xfffffff1][0xffffffeb][0x19][0x10]J|[0xfffffffd]:B[0xffffff89][0xffffff9f][0xffffffbf][0x1c]A[0x9][0x13]E[0xffffff84][0x12]6[0xffffff90][0x8]%L,[0xffffffcb])![0xffffffe1],[0xffffffa6][0xffffff84]D4[0xffffff88][0x12][0xffffffae]<QJ[0xfffffff8].E)[0xffffffe1][0xffffffaa][0x15][0xffffffa3][0xffffff84]6-D[0x9]-[0xffffffde][\r]JtG[0xffffff89]y7[0xffffff8a][0x12][0x1d][0xffffffa7]D[0xf][0xffffffa0]D[0xffffffd7][0xffffffbc][0x17][0x6][0xffffffbc]c[0xffffff94][0xffffffe8]I[0xffffff94][0xffffffd0](2[0xffffff94]p[0xffffff81]d([0xffffffa1][0xffffffb1][0xffffffac][0xffffffa7][0xffffffc4][0x1a][0xffffffce]jJ[0xffffffac][0x11]M[0xffffffa2][0xffffff84])O[0xffffff96][0x12][0xffffffb6]KYJ[0xffffff98]j[0xffffffe5](!MKQB[0xffffff8a]w[0xffffff83][0x12][0xffffff87][0xffffffa5][0xffffffc4][0xffffffbc](J[0x1c]8%[0xffffff8e][0x0]J[0x1c][0xffffff9a][0xfffffff7][0xffffffc2][0xffffff80][0x1f][0x18]%[0xffffff8e]$Jh[0x14][0x19]J[0xffffffb8]@2[0xffffff94][0xffffffd0]X[0xffffffd6]Sb[\r]g5%[0xffffffd6][0xffffff88]&Q[0xffffffc2][0xffffff94]'K[0x9][0xffffffdb][0xffffffa5],%L[0xffffffb5]r[0xffffff94][0xffffff90][0xffffffa6][0xffffffa5](![0xffffffc5][0xffffffbb]A[0x9][0xffffffb7]vy[0xffffffbe][0x6][0xfffffff5][0xffffffad]D[0xffffffc7][0xffffffd7].{[0xffffffc0][0xffffffda]e7[0xffffff93]l[0xffffff85][0x1][0xffffffc7][0xffffffd6].[0xffffffbb][0xffffff8c][0xffffffae][0xffffff91][0xffffff94][0x8]Y[0xffffffbb][0xffffffb4][0xffffff81]d([0x11][0xffffffb0]v)[0xffffffe1][0xffffffac][0xffffffa6]D[0xfffffff0][0xffffffda][0xffffffa5]+O[0xffffff96][0x12]yk[0xffffff97][0xffffffae]Z9J[0xffffffa4][0xffffffac]]j[0xfffffff1]nP[0xffffffc2]MT[0xffffff9d][0xfffffffd]E[0x1d][0x6][0xffffffed][0xfffffff8]DU[0xf][0xffffff98][0xffffffa8][0xffffffea]fG[0xffffffa5]0[0xffffffe0][0xffffffd8]DU[0xffffff97][0xffffffa5][0x14][0xffffff92][0x12]![0x13]U6[0xffffff90][0xc]%[0x2]&[0xffffffaa]$[0xffffff9c][0xffffffd5][0xffffff94][0x8][0xffffff9e][0xffffffa8]r[0xffffffe5][0xffffffc9]R"o[0xffffffa2][0xffffffca]U+G[0xffffff89][0xffffff94][0xffffff89]*-[0xffffffde][\r]J[0xffffffb8][0xffffff89][0xffffffaa][0xfffffff3][0x1a][0xffffff9d][0xffffffa2][0x4]>Q[0xffffffd5][0x3]&[0xffffffaa][0xffffffba][0xffffffd9]Q)[0xc]86Q[0xffffffd5]e)[0xffffff85][0xffffffa4]D[0xffffffc8]D[0xffffff95][\r]$C[0xffffff89][0xffffff80][0xffffff89]*[0x9]g5%[0xffffff82]'[0xffffffaa]\y[0xffffffb2][0xffffff94][0xffffffc8][0xffffff9b][0xffffffa8]r[0xffffffd5][0xffffffca]Q"e[0xffffffa2]J[0xffffff8b]w[0xffffff83][0x12]nW[0xffffffe2][0xffffffea]/[0xffffffec][[0x9]|W[0xffffffa2][0x7][0xffffffec]Jts[0xfffffff8][0xffffffb9]0[0xffffffe0][0xffffffd8][0xffffffae]D[0xffffff97][0xffffffe3][0xffffffcd]$%Bv%l [0x19]J[0x4][0xffffffec]JH8[0xffffffab])[0x11][0xffffffbc]+[0xffffffe1][0xffffffca][0xffffff93][0xffffffa5]D[0xffffffde][0xffffffae][0xffffff84][0xffffffab]V[0xffffff8e][0x12])[0xffffffbb][0x12]Z[0xffffffbc][[0xffffff94][0xffffffd0][0xffffffeb][0xffffffbc]XJ[0xffffffc0][0xffffffd7]y}=[0x1]O[0x9][0xfffffff0]:[0xffffffaf][0xffffffaf]_[0xffffffa7]([0xffffff91]s[0xffffff9d][0xffffff97][0xffffff89]"E[0xffffff89][0xffffff90][0xffffffeb][0xffffffbc]L,[0x9]J[0xffffffa0][0xffffffd7]yID[0xffffffb3]([0xffffff91]u[0xffffff9d][0xffffff97][0xffffffef]R[0xffffff9a][0x12]9[0xffffffd7]yi[0xffffffd3]r[0xffffff94][0xfffffff8][0xffffffeb][0xffffffeb][0xffffffbc]>[0xffffffff][0xffffff8f]R[0xffffffe2]x[0xffffffb0]?pL[0xfffffffc][0xffffffad][0xffffffc4][0xc]x+1[0xffffff95][0xffffffce][0xffffff85][0x1][0xffffff9f][0xffffffd8][[0xffffff89][0xffffff99][0xfffffff4]VB[0xffffffa3][0xffffffc8]P[0xffffffc2][0x5][0xffffff92][0xffffffa1][0xffffff84][0xffffffc6][0xffffffb2][0xffffff9e][0x12]k8[0xffffffab])[0xffffffb1]F4[0xffffff89][0x12][0xffffffa6]<YJ[0xffffffd8].e)a[0xffffffaa][0xffffff95][0xffffffa3][0xffffff84]4-E[0x9])[0xffffffde]?[0xffffffa7][0xffffffc4][0xffffffe1]&[0xffffffaa][0xffffffae][0xfffffffb]9!J[0x1c][0xfffffff8]D[0xffffffd5][0x11]0Qu[0xffffff98][0x1d][0xffffff95][0xffffffba][0xffffff80][0x1f][0xffffffd8]D[0xffffffd5]!K) %L[0x14][0x11]J[0xffffffd8]@"[0xffffff94]0[0xffffffb1],[0xffffffa7][0xffffff84][0xffffff84][0xffffffb3][0xffffff98][0x12][0x12][0xffffffd1] J[0xffffffb8][0xfffffff2]D)[0xffffffe1][0xffffffbb][0x14][0xffffffa5][0xffffff84][0xffffffab]V[0xffffff8c][0x12][0xffffffda][0xffffffb4][0x10]%[0xffffffb4]x7([0xffffffe1]&[0xffffffaa][0xffffffc6][0xfffffff1]P[0xffffff87]A[0xf]|[0xffffffa2][0xffffffea][0x8][0xffffff98][0xffffffa8]:[0xffffffcc][0xffffff8e]Ja[0xffffffc0][0xffffffb1][0xffffff89][0xffffffaa]C[0xffffff96]RHJ[0xffffff84]LT[0xffffffd9]@2[0xffffff94][0x8][0xffffff98][0xffffffa8][0xffffff92]pVS"x[0xffffffa2][0xffffffca][0xffffff95]'K[0xffffff89][0xffffffbc][0xffffff89]*W[0xffffffad][0x1c]%R&[0xffffffaa][0xffffffb4]x7([0xffffffe1]&[0xffffffaa][0xffffffc6][0xfffffff5][0xffffffa2][0xffffff86][0xffffffb3][0xf]|[0xffffffa2][0xffffffea][0x8][0xffffff98][0xffffffa8]:[0xffffffcc][0xffffff8e]Ja[0xffffffc0][0xffffffb1][0xffffff89][0xffffffaa]C[0xffffff96]RHJ[0xffffff84]LT[0xffffffd9]@2[0xffffff94][0x8][0xffffff98][0xffffffa8][0xffffff92]pVS"x[0xffffffa2][0xffffffca][0xffffff95]'K[0xffffff89][0xffffffbc][0xffffff89]*W[0xffffffad][0x1c]%R&[0xffffffaa][0xffffffb4]x7([0xffffffe1]&[0xffffffaa][0xffffffc6]l'E[0x9]|[0xffffffa2][0xffffffea][0x8][0xffffff98][0xffffffa8]:[0xffffffcc][0xffffff8e]Ja[0xffffffc0][0xffffffb1][0xffffff89][0xffffffaa]C[0xffffff96]RHJ[0xffffff84]LT[0xffffffd9]@2[0xffffff94][0x8][0xffffff98][0xffffffa8][0xffffff92]pVS"x[0xffffffa2][0xffffffca][0xffffff95]'K[0xffffff89][0xffffffbc][0xffffff89]*W[0xffffffad][0x1c]%R&[0xffffffaa][0xffffffb4]x7([0xffffffe1]&[0xffffffaa][0xffffffc6][0xffffffbc][0xffffffa9][0xffffffcf].[0xf]|[0xffffffa2][0xffffffea][0x8][0xffffff98][0xffffffa8]:[0xffffffcc][0xffffff8e]Ja[0xffffffc0][0xffffffb1][0xffffff89][0xffffffaa]C[0xffffff96]RHJ[0xffffff84]LT[0xffffffd9]@2[0xffffff94][0x8][0xffffff98][0xffffffa8][0xffffff92]pVS"x[0xffffffa2][0xffffffca][0xffffff95]'K[0xffffff89][0xffffffbc][0xffffff89]*W[0xffffffad][0x1c]%R&[0xffffffaa][0xffffffb4]x7(q[0x1b]J[0xffffffdc][0xffffffaf][0xffffff8b][0xffffffba][0xffffffce][0xffffffeb][0xfffffff3]y`J[0xffffffdc][0x1][0xffffff94][0xffffffb8]5[0xffffffef][0xffffff85][0x1][0xffffffbf]1J[0xffffffdc]I[0xffffff94][0xffffffd0](2[0xffffff94]p[0xffffff81]d([0xffffffa1][0xffffffb1][0xffffffac][0xffffffa7][0xffffffc4][0x1a][0xffffffce]jJ[0xffffffac][0x11]M[0xffffffa2][0xffffff84])O[0xffffff96][0x12][0xffffffb6]KYJ[0xffffff98]j[0xffffffe5](!MKQB[0xffffff8a]w[0xffffff83][0x12]n[0xffffffa2][0xffffffea]n[\r][0xfffffffb]V[0x2][0xffffff9f][0xffffffa8]:[0x2]&[0xffffffaa][0xe][0xffffffb3][0xffffffa3]R[0x18]pl[0xffffffa2][0xffffffea][0xffffff90][0xffffffa5][0x14][0xffffff92][0x12]![0x13]U6[0xffffff90][0xc]%[0x2]&[0xffffffaa]$[0xffffff9c][0xffffffd5][0xffffff94][0x8][0xffffff9e][0xffffffa8]r[0xffffffe5][0xffffffc9]R"o[0xffffffa2][0xffffffca]U+G[0xffffff89][0xffffff94][0xffffff89]*-[0xffffffde][\r]JLG[0xffffff89]~[0xffffff9f][0x14]%&N[0xffffff89][0x19]@[0xffffff89][0xffffffa9]y/[0xc][0xfffffff8][0xffffffc4](1[0xffffff93]([0xffffffa1]Qd([0xffffffe1][0x2][0xffffffc9]PBcYO[0xffffff89]5[0xffffff9c][0xffffffd5][0xffffff94]X#[0xffffff9a]D[0x9]S[0xffffff9e],%l[0xffffff97][0xffffffb2][0xffffff94]0[0xffffffd5][0xffffffca]QB[0xffffff9a][0xffffff96][0xffffffa2][0xffffff84][0x14][0xffffffef][0xffffff9f]S[0xffffffe2]t[0xffffffbb][0x12][0xfffffff7][0xffffff85][0xffffffed]J[0xffffff9c][0xfffffff8][0xffffffae][0xffffffc4][0x19][0xffffffb0]+q[0xffffff9a][0xffffffc3][0xffffffcf]u[0x1]?[0xffffffb1]][0xffffff89]S[0xffffff8e]7[0xffffff83][0xffffff94]0QD(a[0x3][0xffffff89]P[0xffffffc2][0xffffffc4][0xffffffb2][0xffffff9c][0x12][0x12][0xffffffce]bJHD[0xffffff83]([0xffffffe1][0xffffffca][0x13][0xffffffa5][0xffffff84][0xffffffef]R[0xffffff94][0x12][0xffffffae]Z1Jh[0xffffffd3]B[0xffffff94][0xffffffd0][0xffffffe2][0xffffffdd][0xffffffa0][0xffffff84][0xffffffdb][0xffffff95]xz[0xffffff9b][0x14]%[0xfffffff0]][0xffffff89]3`W[0xffffffe2]4[0xffffff87][0xffffff9f][0xb][0x3][0xffffff8e][0xffffffed]J[0xffffff9c]r[0xffffffbc][0xffffff99][0xffffffa4]D[0xffffffc8][0xffffffae][0xffffff84][\r]$C[0xffffff89][0xffffff80]][0x9][0x9]g5%[0xffffff82]w%\y[0xffffffb2][0xffffff94][0xffffffc8][0xffffffdb][0xffffff95]p[0xffffffd5][0xffffffca]Q"eWB[0xffffff8b]w[0xffffff83][0x12]nW[0xffffffe2]9[0xf][0xffffff8c][0x12][0xfffffff8][0xffffffae][0xffffffc4][0x19][0xffffffb0]+q[0xffffff9a][0xffffffc3][0xffffffcf][0xffffff85][0x1][0xffffffc7]v%N9[0xffffffde]LR"dW[0xffffffc2][0x6][0xffffff92][0xffffffa1]D[0xffffffc0][0xffffffae][0xffffff84][0xffffff84][0xffffffb3][0xffffff9a][0x12][0xffffffc1][0xffffffbb][0x12][0xffffffae]<YJ[0xffffffe4][0xffffffed]J[0xffffffb8]j[0xffffffe5]([0xffffff91][0xffffffb2]+[0xffffffa1][0xffffffc5][0xffffffbb]E[0xffffff89][0x1e]F[0xffffff89][0xffffff8e]S[0xffffffa2][0x7]P[0xffffffa2][0xffffffa3][0xffffff94][0xffffffe8][0x18]%z[0x12]%[0xffffffd6](R[0xffffff94][0xffffffd0]@R[0xffffff94]XcIP[0xffffffa2][0xffffffc3][0xffffff94][0xffffffe8][0xffffffc1][0xffffff94][0xffffff90][0xfffffff2][0xffffffa4])a[0xffffffba][0xffffff94][0xffffffa6][0xffffff84]T+I[0xffffff89][0xffffff9e]B[0xffffff89][0xfffffffe][0xffffffd7][0xffffff94]p[0x13]U[0xffffffcf][0xffffffd3]o[0xffffff8a][0x12][0xfffffff8]D[0xffffffd5][0x19]0Qu[0xffffff9a][0x1d][0xffffff95][0xffffffc2][0xffffff80]c[0x13]U[0xffffffa7],[0xffffffa5][0xffffff90][0xffffff94][0x8][0xffffff99][0xffffffa8][0xffffffb2][0xffffff81]d([0x11]0Q%[0xffffffe1][0xffffffac][0xffffffa6]D[0xfffffff0]D[0xffffff95]+O[0xffffff96][0x12]y[0x13]U[0xffffffae]Z9J[0xffffffa4]LTi[0xfffffff1]nP[0xffffffc2]MT[0xffffffcd]W?)J[0xffffffe0][0x13]Ug[0xffffffc0]D[0xffffffd5]ivT[\n]"
[DEBUG] http-outgoing-1 << "[0x3][0xffffff8e]MT[0xffffff9d][0xffffffb2][0xffffff94]BR"d[0xffffffa2][0xffffffca][0x6][0xffffff92][0xffffffa1]D[0xffffffc0]D[0xffffff95][0xffffff84][0xffffffb3][0xffffff9a][0x12][0xffffffc1][0x13]U[0xffffffae]<YJ[0xffffffe4]MT[0xffffffb9]j[0xffffffe5]([0xffffff91]2Q[0xffffffa5][0xffffffc5][0xffffffbb]A[0xffffff89][0xffffffe1](q[0xfffffff6]AQb[0xffffffe0][0xffffff94][0x18][0x1][0xffffff94][0x18][0xffffff9a][0xfffffff7][0xffffffc2][0xffffff80][0xf][0xffffff8c][0x12]#[0xffffff89][0x12][0x1a]E[0xffffff86][0x12].[0xffffff90][0xc]%4[0xffffff96][0xfffffff5][0xffffff94]X[0xffffffc3]YM[0xffffff89]5[0xffffffa2]I[0xffffff94]0[0xffffffe5][0xffffffc9]R[0xffffffc2]v)K[0x9]S[0xffffffad][0x1c]%[0xffffffa4]i)JH[0xfffffff1]nP[0xffffffc2][0xffffffad]][0xffffffce][0xffffffd1][0xffffffb0]?p[0xffffffe0]k[0xffffff97]g[0xffffffc0][0xffffffda][0xffffffe5]i&[0xffffffd9][\n]"
[DEBUG] http-outgoing-1 << "[0x3][0xffffff8e][0xffffffad]][0xffffff9e]2[0xffffffba]FR"d[0xffffffed][0xffffffd2][0x6][0xffffff92][0xffffffa1]D[0xffffffc0][0xffffffda][0xffffffa5][0xffffff84][0xffffffb3][0xffffff9a][0x12][0xffffffc1]k[0xffffff97][0xffffffae]<YJ[0xffffffe4][0xffffffad]][0xffffffba]j[0xffffffe5]([0xffffff91][0xffffffb2]v[0xffffffa9][0xffffffc5][0xffffffbb]A[0x9][0xffffffb7]v9[0xffffffe7][0xffffffc4]([0xffffff81][0xffffffaf]][0xffffff9e][0x1]k[0xffffff97][0xffffffa7][0xffffff99]d+[0xc]8[0xffffffb6]vy[0xffffffca][0xffffffe8][0x1a]I[0xffffff89][0xffffff90][0xffffffb5]K[0x1b]H[0xffffff86][0x12][0x1]k[0xffffff97][0x12][0xffffffce]jJ[0x4][0xffffffaf]][0xffffffba][0xfffffff2]d)[0xffffff91][0xffffffb7]v[0xffffffe9][0xffffffaa][0xffffff95][0xffffffa3]D[0xffffffca][0xffffffda][0xffffffa5][0x16][0xffffffef][0x6]%[0xffffffa6]R[0xffffffe2]|[0xffffffbd][0xffffffc6]AQb[0xffffffe2][0xffffff94][0xffffff98][0x1][0xffffff94][0xffffff98][0xffffff9a][0xfffffff7][0xffffffc2][0xffffff80]O[0xffffff8c][0x12]3[0xffffff89][0x12][0x1a]E[0xffffff86][0x12].[0xffffff90][0xc]%4[0xffffff96][0xfffffff5][0xffffff94]X[0xffffffc3]YM[0xffffff89]5[0xffffffa2]I[0xffffff94]0[0xffffffe5][0xffffffc9]R[0xffffffc2]v)K[0x9]S[0xffffffad][0x1c]%[0xffffffa4]i)JH[0xfffffff1][0xfffffffe]9%.[0xffffffb3]vy[0xffffffbe][0xffffffda][0xffffff8b]:[0xc]z[0xffffffe1]k[0xffffff97]W[0xffffffc0][0xffffffda][0xffffffe5]e&[0xffffffd9][0xffffffea][0x2]~ak[0xffffff97][0xffffff97][0xffffff8c][0xffffffae][0xffffff81][0xffffff94]0QD(a[0x3][0xffffff89]P[0xffffffc2][0xffffffc4][0xffffffb2][0xffffff9c][0x12][0x12][0xffffffce]bJHD[0xffffff83]([0xffffffe1][0xffffffca][0x13][0xffffffa5][0xffffff84][0xffffffef]R[0xffffff94][0x12][0xffffffae]Z1Jh[0xffffffd3]B[0xffffff94][0xffffffd0][0xffffffe2][0xffffffdd][0xffffffa0]D[0xffffffb3][0xffffff94][0x18][0xffffff9d][0xffffffa2]D[0xffffffc3])[0xffffffd1][0x2]([0xffffffd1]4[0xffffffef][0xffffff85][0x1]o[0x18]%Z[0x12]%4[0xffffff8a][0xc]%\ [0x19]Jh,[0xffffffeb])[0xffffffb1][0xffffff86][0xffffffb3][0xffffff9a][0x12]kD[0xffffff93](a[0xffffffca][0xffffff93][0xffffffa5][0xffffff84][0xffffffed]R[0xffffff96][0x12][0xffffffa6]Z9JH[0xffffffd3]R[0xffffff94][0xffffff90][0xffffffe2][0xffffffdd][0xffffffa0][0xffffff84][0x19][0xffffffce]>_[0xffffffdc]p[0xfffffff6][0xffffff85][0xf]g_[0x1][0xffffffc3][0xffffffd9][0xffffff97]Yw-[0xc]86[0xffffff9c]}[0xffffffc9]~+I[0xffffff89][0xffffff90][0xffffffe1]l[0x1b]H[0xffffff86][0x12][0x1][0xffffffc3][0xffffffd9][0x12][0xffffffce]jJ[0x4][0xf]g[0xffffffbb][0xfffffff2]d)[0xffffff91]7[0xffffff9c][0xffffffed][0xffffffaa][0xffffff95][0xffffffa3]D[0xffffffca]p[0xffffffb6][0x16][0xffffffef][0x6]%[0xffffffcc]p[0xfffffff6][0xfffffff9]:[0x6]u[0x18][0xfffffff4][0xffffffc2][0xffffff87][0xffffffb3][0xffffffaf][0xffffff80][0xffffffe1][0xffffffec][0xffffffcb][0xffffffac][0xffffffbb][0x16][0x6][0x1c][0x1b][0xffffffce][0xffffffbe]d[0xffffffbf][0xffffff95][0xffffffa4]D[0xffffffc8]p[0xffffffb6][\r]$C[0xffffff89][0xffffff80][0xffffffe1]l[0x9]g5%[0xffffff82][0xffffff87][0xffffffb3]]y[0xffffffb2][0xffffff94][0xffffffc8][0x1b][0xffffffce]v[0xffffffd5][0xffffffca]Q"e8[[0xffffff8b]w[0xffffff83][0x12]f[0xffffffed][0xfffffff2]|[0xffffffdd][0x17]u[0xffffff82][0xffffffe3][0xffffffc2][0xffffffd7].[0xffffffaf][0xffffff80][0xffffffb5][0xffffffcb][0xffffffcb]L[0xffffffb2][0x15][0x6][0x1c][[0xffffffbb][0xffffffbc]dt[0xffffff8d][0xffffffa4]D[0xffffffc8][0xffffffda][0xffffffa5][\r]$C[0xffffff89][0xffffff80][0xffffffb5]K[0x9]g5%[0xffffff82][0xffffffd7].]y[0xffffffb2][0xffffff94][0xffffffc8][[0xffffffbb]t[0xffffffd5][0xffffffca]Q"e[0xffffffed]R[0xffffff8b]w[0xffffff83][0x12]f[0xffffffa2][0xffffffea]l[0xffffffe7][0xffffff8b]:[0xffffffc1]q[0xffffffe1][0x13]UW[0xffffffc0]D[0xffffffd5]evT[\n]"
[DEBUG] http-outgoing-1 << "[0x3][0xffffff8e]MT][0xffffffb2][0xffffff94]BR"d[0xffffffa2][0xffffffca][0x6][0xffffff92][0xffffffa1]D[0xffffffc0]D[0xffffff95][0xffffff84][0xffffffb3][0xffffff9a][0x12][0xffffffc1][0x13]U[0xffffffae]<YJ[0xffffffe4]MT[0xffffffb9]j[0xffffffe5]([0xffffff91]2Q[0xffffffa5][0xffffffc5][0xffffffbb]A[0x9]3Qu[0xffffffb6][0xffffffeb]>)J[0xffffffe0][0x13]UW[0xffffffc0]D[0xffffffd5]evT[\n]"
[DEBUG] http-outgoing-1 << "[0x3][0xffffff8e]MT][0xffffffb2][0xffffff94]BR"d[0xffffffa2][0xffffffca][0x6][0xffffff92][0xffffffa1]D[0xffffffc0]D[0xffffff95][0xffffff84][0xffffffb3][0xffffff9a][0x12][0xffffffc1][0x13]U[0xffffffae]<YJ[0xffffffe4]MT[0xffffffb9]j[0xffffffe5]([0xffffff91]2Q[0xffffffa5][0xffffffc5][0xffffffbb]A[0x9]3Qu[0xfffffff6][0xffffffd7][0xfffffff3]P[0xffffff94][0xffffffc0]'[0xffffffaa][0xffffffae][0xffffff80][0xffffff89][0xffffffaa][0xffffffcb][0xffffffec][0xffffffa8][0x14][0x6][0x1c][0xffffff9b][0xffffffa8][0xffffffba]d)[0xffffff85][0xffffffa4]D[0xffffffc8]D[0xffffff95][\r]$C[0xffffff89][0xffffff80][0xffffff89]*[0x9]g5%[0xffffff82]'[0xffffffaa]\y[0xffffffb2][0xffffff94][0xffffffc8][0xffffff9b][0xffffffa8]r[0xffffffd5][0xffffffca]Q"e[0xffffffa2]J[0xffffff8b]w[0xffffff83][0x12][0xffffffd3]Q[0xffffffa2][0xffffff9f]/[0xffffff8a][0x12][0x13][0xffffffa7][0xffffffc4][0xc][0xffffffa0][0xffffffc4][0xffffffd4][0xffffffbc][0x17][0x6]|b[0xffffff94][0xffffff98]I[0xffffff94][0xffffffd0](2[0xffffff94]p[0xffffff81]d([0xffffffa1][0xffffffb1][0xffffffac][0xffffffa7][0xffffffc4][0x1a][0xffffffce]jJ[0xffffffac][0x11]M[0xffffffa2][0xffffff84])O[0xffffff96][0x12][0xffffffb6]KYJ[0xffffff98]j[0xffffffe5](!MKQB[0xffffff8a][0xfffffff7][0xffffffcf])1[0xffffffdc]DU[0x1f][0xffffff9d][0xffffffa2][0xffffffc4][0xffffffc0]'[0xffffffaa]F[0xffffffc0]D[0xffffffd5]0;*u[0x1][0x1f][0xffffffd8]D[0xffffffd5][0xffffff90][0xffffffa5][0x14][0xffffff90][0x12]&[0xffffff8a][0x8]%l [0x11]J[0xffffff98]X[0xffffff96]SB[0xffffffc2]YL[0x9][0xffffff89]h[0x10]%\y[0xffffffa2][0xffffff94][0xfffffff0]][0xffffff8a]R[0xffffffc2]U+F[0x9]mZ[0xffffff88][0x12]Z[0xffffffbc][0x1b][0xffffff94]p[0x13]U[0xfffffffd]>[0xffffffa9][0xffffffcf].[0x7]>Q5[0x2]&[0xffffffaa][0xffffff86][0xffffffd9]Q)[0xc]86Q5d)[0xffffff85][0xffffffa4]D[0xffffffc8]D[0xffffff95][\r]$C[0xffffff89][0xffffff80][0xffffff89]*[0x9]g5%[0xffffff82]'[0xffffffaa]\y[0xffffffb2][0xffffff94][0xffffffc8][0xffffff9b][0xffffffa8]r[0xffffffd5][0xffffffca]Q"e[0xffffffa2]J[0xffffff8b]w[0xffffff83][0x12]n[0xffffffa2][0xffffffea]h[0x7][0xfffffff5][0xffffffad][0xffffffc4][0xffffffc0]'[0xffffffaa]F[0xffffffc0]D[0xffffffd5]0;*[0xffffff85][0x1][0xffffffc7]&[0xffffffaa][0xffffff86],[0xffffffa5][0xffffff90][0xffffff94][0x8][0xffffff99][0xffffffa8][0xffffffb2][0xffffff81]d([0x11]0Q%[0xffffffe1][0xffffffac][0xffffffa6]D[0xfffffff0]D[0xffffff95]+O[0xffffff96][0x12]y[0x13]U[0xffffffae]Z9J[0xffffffa4]LTi[0xfffffff1]nP[0xffffffc2]MT[0x1d][0xffffffdc][0xffffffda][0xffffffe5][0xffffffc0]'[0xffffffaa]F[0xffffffc0]D[0xffffffd5]0;*[0xffffff85][0x1][0xffffffc7]&[0xffffffaa][0xffffff86],[0xffffffa5][0xffffff90][0xffffff94][0x8][0xffffff99][0xffffffa8][0xffffffb2][0xffffff81]d([0x11]0Q%[0xffffffe1][0xffffffac][0xffffffa6]D[0xfffffff0]D[0xffffff95]+O[0xffffff96][0x12]y[0x13]U[0xffffffae]Z9J[0xffffffa4]LTi[0xfffffff1]nP[0xffffffc2]MT[0x1d][0xfffffffd]<)J[0xffffffe0][0x13]U#`[0xffffffa2]j[0xffffff98][0x1d][0xffffff95][0xffffffc2][0xffffff80]c[0x13]UC[0xffffff96]RHJ[0xffffff84]LT[0xffffffd9]@2[0xffffff94][0x8][0xffffff98][0xffffffa8][0xffffff92]pVS"x[0xffffffa2][0xffffffca][0xffffff95]'K[0xffffff89][0xffffffbc][0xffffff89]*W[0xffffffad][0x1c]%R&[0xffffffaa][0xffffffb4]x7(qYJ[0xffffffdc][0xffffffd8][0xffffffb7][0x12][0x17]N[0xffffff89]+[0xffffff80][0x12][0xffffff97][0xffffffe6][0xffffffbd]0[0xffffffe0][0x17]F[0xffffff89]+[0xffffff89][0x12][0x1a]E[0xffffff86][0x12].[0xffffff90][0xc]%4[0xffffff96][0xfffffff5][0xffffff94]X[0xffffffc3]YM[0xffffff89]5[0xffffffa2]I[0xffffff94]0[0xffffffe5][0xffffffc9]R[0xffffffc2]v)K[0x9]S[0xffffffad][0x1c]%[0xffffffa4]i)JH[0xfffffff1]nP[0xffffffc2][0xffffffad]][0x1e]G[0xffffffeb][0x14]%[0xfffffff0][0xffffffb5][0xffffffcb][0x11][0xffffffb0]v9[0xffffffcc]$[a[0xffffffc0][0xffffffb1][0xffffffb5][0xffffffcb]![0xffffffa3]k$%B[0xffffffd6].m [0x19]J[0x4][0xffffffac]]J8[0xffffffab])[0x11][0xffffffbc]v[0xffffffe9][0xffffffca][0xffffff93][0xffffffa5]D[0xffffffde][0xffffffda][0xffffffa5][0xffffffab]V[0xffffff8e][0x12])k[0xffffff97]Z[0xffffffbc][0x1b][0xffffff94]pk[0xffffff97][0xffffffc7][0xffffff89]][0xffffffe7]5[0xfffffff0][0xffffffb5][0xffffffcb][0x11][0xffffffb0]v9[0xffffffcc]$[a[0xffffffc0][0xffffffb1][0xffffffb5][0xffffffcb]![0xffffffa3]k$%B[0xffffffd6].m [0x19]J[0x4][0xffffffac]]J8[0xffffffab])[0x11][0xffffffbc]v[0xffffffe9][0xffffffca][0xffffff93][0xffffffa5]D[0xffffffde][0xffffffda][0xffffffa5][0xffffffab]V[0xffffff8e][0x12])k[0xffffff97]Z[0xffffffbc][0x1b][0xffffff94]pk[0xffffff97][0xffffffc7]3[0xffffffb0][0xffffffcf].[0xfffffff1][0xffffffb5][0xffffffcb][0x11][0xffffffb0]v9[0xffffffcc]$[a[0xffffffc0][0xffffffb1][0xffffffb5][0xffffffcb]![0xffffffa3]k$%B[0xffffffd6].m [0x19]J[0x4][0xffffffac]]J8[0xffffffab])[0x11][0xffffffbc]v[0xffffffe9][0xffffffca][0xffffff93][0xffffffa5]D[0xffffffde][0xffffffda][0xffffffa5][0xffffffab]V[0xffffff8e][0x12])k[0xffffff97]Z[0xffffffbc][[0xffffff94][0x18]a[0xffffff94][0x18]8%F[0x0]%[0x6]J[0xffffff89][0xffffff81]Qb$Qb[0xffffff8d]"E[0x9][\r]$E[0xffffff89]5[0xffffff96][0x4]%[0x6]L[0xffffff89][0x11]L[0x9])O[0xffffff9a][0x12][0xffffffa6]KiJH[0xffffffb5][0xffffff92][0xffffff94][0x18])[0xffffff94][0x18][0xffffffff][0x1]%f[0x18]%&N[0xffffff89][0x19]@[0xffffff89][0xffffff89]Rbb[0xffffff94][0xffffff98]I[0xffffff94]X[0xffffffa3]HQB[0x3]IQb[0xffffff8d]%A[0xffffff89][0x9]Sb[0x6]SB[0xffffffca][0xffffff93][0xffffffa6][0xffffff84][0xffffffe9]R[0xffffff9a][0x12]R[0xffffffad]$%f[\n]"
[DEBUG] http-outgoing-1 << "%[0xffffffe6][0x7f]@[0xffffff89][0xffffffaf]O,[0xffffff93],[0xffffffd1]:[0xffffff8e][0xffffff89][0xffffff8f]G[0xffffffe0]5[0xfffffff1][0xffffffe3]!(N|[0xfffffffc]<[0xffffffe5][0xffffff89][0xffffffef][0xffffff9f]N[0x1][0xffffff85][0xffffffe4][0xffffff91][0x12][0xffffff85]I%E[\n]"
[DEBUG] http-outgoing-1 << "[0xffffffc9]&a[0xffffff8a]%[0xffffffa1][0xfffffff5][0xffffffa8]Xr[0xffffff9a][0xffffffa5][\n]"
[DEBUG] http-outgoing-1 << "[0xffffffad]Q[0xffffff9a][0x15][0xffffffae]UiWh[0xffffffc9][0xffffff92][0xffffffb0]X;[0xffffff97][0xffffff93][0xffffffc5]Z[0xffffffc1][[0xffffffb4][0xffffffe8]i[0xffffffb4][0xffffffe8]<-z[0x2]-:K[0xffffff8b][0xffffffce][0xffffffd1][0xffffffa2]G[0xffffffd1]B[0xfffffff2]H[0xffffffd1][0xffffffc2][0xffffffa4][0xffffff92][0xffffffa2][0xffffff85]d[0xffffff93][0xffffffa0]E[0xffffffa7]i[0xffffffd1][0xffffff93]i[0xffffffa1]5J[0xffffffd3][0xffffffc2][0xffffffb5]*M[0xb]-Y[0xffffff92][0x16]k[0xffffffe7]r[0xffffffb4]X+x[0xffffff8f][0x16]i[0x7f][0x1][0xffffffe9][0xfffffffc][0xffffff9f]@z[0xffffffc2][0xffffffdf]@:[0xfffffffb]G[0xffffff90][0xffffffce][0xfffffffd][0x15][0xffffffa4]G[0xfffffffd][0x19]D[0xfffffff2][0xffffff88][0xffffffd1]"[0xffffffe7][0xf]![0xffffff92]M[0xffffff84][0x16][0xfffffff4][0xffffff9f]Bz[0xfffffff2][0xffffffdf]B[0xffffffb4]FqZ[0x4][0xfffffffe]5DK[0x16][0xffffffa5]E[0xffffffcc][0xffffffdf]C[0xffffffd6][\n]"
[DEBUG] http-outgoing-1 << "[0xffffffde][0xffffffa2][0xffffffc5][0xffffff99][0xfffffff6][0xffffffd6][0xffffffe2][0xffffffe4][0xffffffdf]Z[0xffffff9c][0x9]o-N[0xfffffff6][0xffffffad][0xffffffc5][0xffffffc9][0xffffffbd][0xffffffb5]8[0xffffffa3][0xffffffde]ZH[0x1e])Z[0xffffff98]TR[0xffffffb4][0xffffff90]l[0x12][0xffffffb4]8[0xffffffe9][0xffffffb7][0x16]g[0xfffffff2][[0xb][0xffffffad]Q[0xffffff9a][0x16][0xffffffae]UiZh[0xffffffc9][0xffffff92][0xffffffb4]X;[0xffffff97][0xffffffa3][0xffffffc5]Z[0xffffffc1][[0xffffffb4][0xffffffb8][0xffffff9e]0Z\[0xf]N[0xffffff8b][0xffffff8f]G[0xffffffe0]i[0xfffffff1][0xffffffe3]!(Z|[0xfffffffc]<E[0xffffff8b][0xffffffef][0xffffff9f]N[0xffffffa1][0xffffff85][0xffffffe4][0xffffff91][0xffffffa2][0xffffff85]I%E[0xb][0xffffffc9]&A[0xffffff8b]%[0xffffffa1][0xfffffff5][0xffffffb4]Xr[0xffffff9a]E[0xb][0xffffffad]Q[0xffffff9a][0x16][0xffffffae]UiZh[0xffffffc9][0xffffff92][0xffffffb4]X;[0xffffff97][0xffffffa3][0xffffffc5]Z[0xffffffc1][[0xffffffb4][0xffffffb8][0xffffffd3][0xffffff86]*n~[0xffffffa9][0xffffffe2][0xffffffe3][0x11]xZ[0xfffffffc]x[0x8][0xffffff8a][0x16]77VqG[0xffffffad]UH[0x1e])Z[0xffffff98]TR[0xffffffb4][0xffffff90]l[0x12][0xffffffb4][0xffffffb8][0xffffffe9][0xffffffc5][0xffffff8a];y[0xffffffb2]Bk[0xffffff94][0xffffffa6][0xffffff85]kU[0xffffff9a][0x16]Z[0xffffffb2]$-[0xffffffd6][0xffffffce][0xffffffe5]h[0xffffffb1]V[0xfffffff0][0x1e]-Z[0x1a]-[0x1a]O[0xffffff8b][0xffffff96]@[0xffffff8b][0xffffffc6][0xffffffd2][0xffffffa2]q[0xffffffb4]hQ[0xffffffb4]X[0xfffffff3][0xffffff88][0xffffffd1]BS[0xffffff89][0xffffffd1]b[0xffffffcd]&B[0xffffff8b]F[0xffffffd3][0xffffffa2]%[0xffffffd3]Bj[0x14][0xffffffa7][0xffffff85]iU[0xffffff9c][0x16]R[0xffffffb2](-Z[0xc]-[0xffffffda][0x7f]@[0xffffff8b]'[0xffffffed]3[0xffffffce][0xffffff87][0xffffffff][0xffffff8c][0xfffffff3]I[0xfffffff8][0xffffff8c][0xfffffff3]a?[0xffffffe3]|[0xffffffb8][0xffffffcf]8[0xffffff9f][0xffffffa8][0xffffffcf]8%[0xffffff8f][0x14]-L*)ZH6[0x9]Z<[0xfffffff4]g[0xffffff9c]O[0xfffffff2]g[0xffffff9c]Z[0xffffffa3]4-\[0xffffffab][0xffffffd2][0xffffffb4][0xffffffd0][0xffffff92]%i[0xffffffb1]v.G[0xffffff8b][0xffffffb5][0xffffff82][0xffffffb7]h1[0xffffffd3][0xffffffde]ZL[0xfffffffe][0xffffffad][0xffffffc5]Lxk1[0xffffffd9][0xffffffb7][0x16][0xffffff93]{k1[0xffffffa3][0xffffffde]ZH[0x1e])Z[0xffffff98]TR[0xffffffb4][0xffffff90]l[0x12][0xffffffb4][0xffffff98][0xfffffff4][[0xffffff8b][0xffffff99][0xfffffffc][0xffffffd6]Bk[0xffffff94][0xffffffa6][0xffffff85]kU[0xffffff9a][0x16]Z[0xffffffb2]$-[0xffffffd6][0xffffffce][0xffffffe5]h[0xffffffb1]V[0xfffffff0][0x16]-[0xffffffda]+[0xffffffed]c[0xffffff8b][0xffffff8f]'[0xffffffc2]q[0xfffffff1][0xfffffff9][0xc][0xffffffbc].~>[0x5][0xffffffc5][0xffffff8b][0xffffffcf][0xffffffdf][0xffffffa7]|[0xfffffff1][0xffffffe3][0xffffffb7]S[0xffffff80][0xffffffa1][0xffffffa1][0xffffffa4][0xffffff84][0xffffffe1][0xffffffa2]I[0x11]C[0x3]J[0x18]c[0xffffff8d]i=2[0xffffffd6][0xffffffb0]f)[0xffffffc3][0x14]*[0xffffffcd][0xc][0xffffffdb][0xffffffaf][0xffffffb4]3L[0xffffffdd][0xffffff92][0xffffffd0][0xffffff90][0xfffffff6][0xffffffe5][0xffffffa4]!e[0xfffffffc][0x7][0xffffffd4]8^[0xffffffdf][0xffffffff][0xffffffca]4[0xffffffd7][0xffffff8f][0xffffff9d][0xffffffd7][0xffffffd9][0xffffffaa][0xffffffa1][0xfffffff1][0xffffff8f][0xffffffe7][0xffffff81][0xffffff98][0xfffffff1][0xffffffcf]'[0xffffffa0][0xffffff90][0xffffffb1]>C-1[0xfffffffe][0xfffffff9][0xffffffeb][0xffffffb5][0xffffffc0]X~[0xffffff99][0xffffffe5][0xffffffc5][0xfffffffb]([0xffffffd6][0xffffffe2][0xffffffe2][0xffffffdf][0x2]YK[0xffffff8b][0xfffffff7][0xffffffb1][0xffffffac][0xffffff83][0xffffffc5][0xffffffbb]pV[0xffffffb1][0xffffffe2]]D[0x13]P[0xfffffff1]/[0xffffffe5][0xffffffc9][0xffffff90][0xffffffe2]_[0xffffffbb][0xffffff94][0x1][0xffffffc5][0xffffffbf]Tk='[0xffffffde]6m5&[0xffffffde][0x16][0xffffffef][0x16]%t[0xffffffd6][0xffffff82][0xffffffa5][0x4][0xffffffb5]j[0xfffffff1][0xffffffcf]'[0xffffffe0])AlZ[0xfffffffc][0xfffffff3][0xffffffd7])J[0x4],Z[0xffffffbc][0xffffff8f]"E[0x9]z[0xffffffcf][0xffffffe2]},[0x9]J0k[0x16][0xffffffef]"[0xffffff9a]E[0xffffff89][0xffffff90]-[0xffffff8b][0x7f][0xffffffed]R[0xffffff9a][0x12][0x1]K[0x16]o[0xffffff9b][0xffffff96][0xffffffa3][0xffffffc4][0xfffffffe][0xffffff8e][0xffffffc5][0xffffff8f][0x7f][0xffffffe3]~[0xffffffb9][0xffffffb7][0x12][0xfffffff7]q@[0xffffff94][0xfffffff8]|[0x1e][0xffffff96][0x12]_O[0x0]S[0xffffffe2][0xffffffd7]3 [0xffffff94][0xfffffff8][0xfffffffa]u[0xffffff84][0x12]?[0x7f]9[0xffffff82][0x12]&[0xffffff8a][0x8]%l [0x11]J[0xffffff98]X[0xffffff96]SB[0xffffffc2]YL[0x9][0xffffff89]h[0x10]%\y[0xffffffa2][0xffffff94][0xfffffff0]][0xffffff8a]R[0xffffffc2]U+F[0x9]mZ[0xffffff88][0x12]Z[0xffffffbc][0x1b][0xffffff94][0xffffffb8][\r]%[0xffffffc6][0xfffffff1][0xffffffb5]e[0xffffff81]P[0xffffffe2][0xffffffc6])q[0x7]P[0xffffffe2][0xffffffd6][0xffffffbc][0x17][0x6][0xfffffffc][0xffffffc6](q'QB[0xffffffa3][0xffffffc8]P[0xffffffc2][0x5][0xffffff92][0xffffffa1][0xffffff84][0xffffffc6][0xffffffb2][0xffffff9e][0x12]k8[0xffffffab])[0xffffffb1]F4[0xffffff89][0x12][0xffffffa6]<YJ[0xffffffd8].e)a[0xffffffaa][0xffffff95][0xffffffa3][0xffffff84]4-E[0x9])[0xffffffde][\r]J<[0xffffff8e][0x12]g;)J<8%[0xffffff9e][0x0]J<[0xffffff9a][0xfffffff7][0xffffffc2][0xffffff80]?[0x18]%[0xffffff9e]$Jh[0x14][0x19]J[0xffffffb8]@2[0xffffff94][0xffffffd0]X[0xffffffd6]Sb[\r]g5%[0xffffffd6][0xffffff88]&Q[0xffffffc2][0xffffff94]'K[0x9][0xffffffdb][0xffffffa5],%L[0xffffffb5]r[0xffffff94][0xffffff90][0xffffffa6][0xffffffa5](![0xffffffc5][0xfffffffb][0xffffffe7][0xffffff94]x^[0xffffff8e][0x12]ct[0xffffff88][0x12][0xffffff9f][0xffffffcf][0xffffffc3]R[0xffffffe2][0xffffffeb][0x9]`J[0xfffffffc]z[0x6][0xffffff84][0x12]_[0xffffffbf][0xffffff8e]P[0xffffffe2][0xffffffe7]/GP[0xffffffc2]D[0x11][0xffffffa1][0xffffff84][\r]$B[0x9][0x13][0xffffffcb]rJH8[0xffffff8b])![0x11][\r][0xffffffa2][0xffffff84]+O[0xffffff94][0x12][0xffffffbe]KQJ[0xffffffb8]j[0xffffffc5]([0xffffffa1]M[0xb]QB[0xffffff8b]w[0xffffff83][0x12][0xffffffcd]P[0xffffffe2]~[0xffffffcd]AQ[0xffffffa2][0xffffffe1][0xffffff94]h[0x1][0xffffff94]h[0xffffff9a][0xfffffff7][0xffffffc2][0xffffff80]7[0xffffff8c][0x12]-[0xffffff89][0x12][0x1a]E[0xffffff86][0x12].[0xffffff90][0xc]%4[0xffffff96][0xfffffff5][0xffffff94]X[0xffffffc3]YM[0xffffff89]5[0xffffffa2]I[0xffffff94]0[0xffffffe5][0xffffffc9]R[0xffffffc2]v)K[0x9]S[0xffffffad][0x1c]%[0xffffffa4]i)JH[0xfffffff1]nP[0xffffffa2];J[0x1c][0xffffff8d][0xfffffffa]V[0xffffffe2][0xfffffff3]y`J[0xfffffff4][0x0]Jt[0xffffffcd]{a[0xffffffc0];F[0xffffff89][0xffffff9e]D[0x9][0xffffff8d]"C[0x9][0x17]H[0xffffff86][0x12][0x1a][0xffffffcb]zJ[0xffffffac][0xffffffe1][0xffffffac][0xffffffa6][0xffffffc4][0x1a][0xffffffd1]$J[0xffffff98][0xfffffff2]d)a[0xffffffbb][0xffffff94][0xffffffa5][0xffffff84][0xffffffa9]V[0xffffff8e][0x12][0xffffffd2][0xffffffb4][0x14]%[0xffffffa4]x[0xffffffb7]([0xffffffa1][0xffffff87]AYJ[0xffffffc0][0xffffff87]A[0xffffffbf][0xffffff9e][0xffffff80][0xffffffa7][0x4]x[0x18][0xfffffff4][0xffffffeb][0xffffffd7])J[0xffffffe4][0x1c][0x6]5Q[0xffffffa4]([0x11]r[0x18][0xffffffd4][0xffffffc4][0xffffff92][0xffffffa0][0x4]z[0x18]T"[0xffffff9a]E[0xffffff89][0xffffffac][0xffffffc3][0xffffffa0][0xffffffbe]KiJ[0xffffffe4][0x1c][0x6][0xffffffd5][0xffffffa6][0xffffffe5]([0xfffffff1][0xffffffd7][0xffffff87]A[0xffffff9f][0xffffffc3]Q[0xffffffe2][0xffffffea][0xffffffd8][0xffffffb7][0x12][0x7]N[0xffffff89]#[0xffffff80][0x12][0xffffff87][0xffffffe6][0xffffffbd]0[0xffffffe0][0x7]F[0xffffff89]#[0xffffff89][0x12][0x1a]E[0xffffff86][0x12].[0xffffff90][0xc]%4[0xffffff96][0xfffffff5][0xffffff94]X[0xffffffc3]YM[0xffffff89]5[0xffffffa2]I[0xffffff94]0[0xffffffe5][0xffffffc9]R[0xffffffc2]v)K[0x9]S[0xffffffad][0x1c]%[0xffffffa4]i)JH[0xfffffff1]nP[0xffffffe2]t[0x7f][0xffffffe0][0xffffff98][0xffffff83][0xffffffda][0xffffff95][0xfffffff8]|[0x1e][0xffffff98][0x12]g[0xffffffc0][0x1f]8N}[0xb]W[0x18][0xfffffff0][0x13][0xfffffffb][0x3][0xffffffc7][0xffffff99][0xfffffff4][0x7][0xe][0xffffff8d]"C[0x9][0x17]H[0xffffff86][0x12][0x1a][0xffffffcb]zJ[0xffffffac][0xffffffe1][0xffffffac][0xffffffa6][0xffffffc4][0x1a][0xffffffd1]$J[0xffffff98][0xfffffff2]d)a[0xffffffbb][0xffffff94][0xffffffa5][0xffffff84][0xffffffa9]V[0xffffff8e][0x12][0xffffffd2][0xffffffb4][0x14]%[0xffffffa4]x7(q[0x19]J<[0xffffffc7][0xffffffc4](q[0xffffffe1][0xffffff94][0xffffffb8][0x2](qi[0xffffffde][0xb][0x3]~a[0xffffff94][0xffffffb8][0xffffff92]([0xffffffa1]Qd([0xffffffe1][0x2][0xffffffc9]PBcYO[0xffffff89]5[0xffffff9c][0xffffffd5][0xffffff94]X#[0xffffff9a]D[0x9]S[0xffffff9e],%l[0xffffff97][0xffffffb2][0xffffff94]0[0xffffffd5][0xffffffca]QB[0xffffff9a][0xffffff96][0xffffffa2][0xffffff84][0x14][0xffffffef][0x6]%[0xffffffc6][0xffffffff][0xffffff9d]J[0xffffff89]kb[0x7f][0xffffffe0][0xfffffff8]x[0x1e][0xffffff98][0x12][0xffffff9f]O@S[0xffffffe2][0xffffffe7]30[0xffffff94][0xfffffff8][0xfffffffc]u[0xffffff86][0x12]?~9[0xffffff83][0x12][0x1a]E[0xffffff86][0x12].[0xffffff90][0xc]%4[0xffffff96][0xfffffff5][0xffffff94]X[0xffffffc3]YM[0xffffff89]5[0xffffffa2]I[0xffffff94]0[0xffffffe5][0xffffffc9]R[0xffffffc2]v)K[0x9]S[0xffffffad][0x1c]%[0xffffffa4]i)JH[0xfffffff1]nP[0xffffffc2][0xffffffad]][0xffffffce][0x17]6Q[0xfffffff5][0xffffffe0]k[0xffffff97]O[0xffffffc0][0xffffffda][0xffffffe5]c&[0xffffffd9][\n]"
[DEBUG] http-outgoing-1 << "[0x3][0xffffff8e][0xffffffad]]]]><![CDATA[>2[0xffffffba]FR"d[0xffffffed][0xffffffd2][0x6][0xffffff92][0xffffffa1]D[0xffffffc0][0xffffffda][0xffffffa5][0xffffff84][0xffffffb3][0xffffff9a][0x12][0xffffffc1]k[0xffffff97][0xffffffae]<YJ[0xffffffe4][0xffffffad]][0xffffffba]j[0xffffffe5]([0xffffff91][0xffffffb2]v[0xffffffa9][0xffffffc5][0xffffffbb]A[0x9][0xffffffb7]v9[0xffffffdb]E][0xffffffe7][0xfffffff5][0xffffffe0]k[0xffffff97]O[0xffffffc0][0xffffffda][0xffffffe5]c&[0xffffffd9][\n]"
[DEBUG] http-outgoing-1 << "[0x3][0xffffff8e][0xffffffad]]]]><![CDATA[>2[0xffffffba]FR"d[0xffffffed][0xffffffd2][0x6][0xffffff92][0xffffffa1]D[0xffffffc0][0xffffffda][0xffffffa5][0xffffff84][0xffffffb3][0xffffff9a][0x12][0xffffffc1]k[0xffffff97][0xffffffae]<YJ[0xffffffe4][0xffffffad]][0xffffffba]j[0xffffffe5]([0xffffff91][0xffffffb2]v[0xffffffa9][0xffffffc5][0xffffffbb]A[0x9]w[0xffffffc9][0xfffffff8][0xffffffbc]^[0xffffffd8][[0x9][0xfffffffc][0xffffff92][0xfffffff1]'[0xffffffe0][0xffffff92][0xfffffff1][0xffffffc7][0xffffffdc][0xffffff84][[0x18]p[0xffffffec][0xffffff92][0xfffffff1]G[0xffffffee][0xffffffba]%)[0x11]r[0xffffffc9][0xffffffb8][\r]$C[0xffffff89][0xffffff80]K[0xffffffc6]%[0xffffff9c][0xffffffd5][0xffffff94][0x8][0xffffffbe]d[0xffffffdc][0xffffff95]'K[0xffffff89][0xffffffbc]K[0xffffffc6]][0xffffffb5]r[0xffffff94]H[0xffffffb9]d\[0xffffff8b][0xfffffff7][0xffffffcf])1_[0xffffff96][0x12][0xffffff83]Z[0xffffffbb][0xfffffffc]|[0x1e][0xffffff96][0x12]_O[0x0]S[0xffffffe2][0xffffffd7]3 [0xffffff94][0xfffffff8][0xfffffffa]u[0xffffff84][0x12]?[0x7f]9[0xffffff82][0x12]&[0xffffff8a][0x8]%l [0x11]J[0xffffff98]X[0xffffff96]SB[0xffffffc2]YL[0x9][0xffffff89]h[0x10]%\y[0xffffffa2][0xffffff94][0xfffffff0]][0xffffff8a]R[0xffffffc2]U+F[0x9]mZ[0xffffff88][0x12]Z[0xffffffbc][0x1b][0xffffff94]pk[0xffffff97]s[0x1c][0x17]E[0x9]|[0xffffffed]r[0x6][0xffffffac]]N3[0xffffffc9]V[0x18]pl[0xffffffed]r[0xffffffca][0xffffffe8][0x1a]I[0xffffff89][0xffffff90][0xffffffb5]K[0x1b]H[0xffffff86][0x12][0x1]k[0xffffff97][0x12][0xffffffce]jJ[0x4][0xffffffaf]][0xffffffba][0xfffffff2]d)[0xffffff91][0xffffffb7]v[0xffffffe9][0xffffffaa][0xffffff95][0xffffffa3]D[0xffffffca][0xffffffda][0xffffffa5][0x16][0xffffffef][0x6]%[0xe]K[0xffffff89][0x7]{+q[0xffffffe0][0xffffff94]8[0x2](qh[0xffffffde][0xb][0x3]~`[0xffffff94]8[0xffffff92]([0xffffffa1]Qd([0xffffffe1][0x2][0xffffffc9]PBcYO[0xffffff89]5[0xffffff9c][0xffffffd5][0xffffff94]X#[0xffffff9a]D[0x9]S[0xffffff9e],%l[0xffffff97][0xffffffb2][0xffffff94]0[0xffffffd5][0xffffffca]QB[0xffffff9a][0xffffff96][0xffffffa2][0xffffff84][0x14][0xffffffef][0x6]%[0xffffffdc]D[0xffffffd5]|[0xfffffffa]CQ[0x2][0xffffff9f][0xffffffa8][0xffffff9a][0x1][0x13]U[0xffffffd3][0xffffffec][0xffffffa8][0x14][0x6][0x1c][0xffffff9b][0xffffffa8][0xffffff9a][0xffffffb2][0xffffff94]BR"d[0xffffffa2][0xffffffca][0x6][0xffffff92][0xffffffa1]D[0xffffffc0]D[0xffffff95][0xffffff84][0xffffffb3][0xffffff9a][0x12][0xffffffc1][0x13]U[0xffffffae]<YJ[0xffffffe4]MT[0xffffffb9]j[0xffffffe5]([0xffffff91]2Q[0xffffffa5][0xffffffc5][0xffffffbb]A[0x9]7Q5[0xffffffb9][0xffffffb5][0xffffffcb][0xffffff89]OT[0xffffffcd][0xffffff80][0xffffff89][0xffffffaa]ivT[\n]"
[DEBUG] http-outgoing-1 << "[0x3][0xffffff8e]MTMYJ!)[0x11]2Qe[0x3][0xffffffc9]P"`[0xffffffa2]J[0xffffffc2]YM[0xffffff89][0xffffffe0][0xffffff89]*W[0xffffff9e],%[0xfffffff2]&[0xffffffaa]\[0xffffffb5]r[0xffffff94]H[0xffffff99][0xffffffa8][0xffffffd2][0xffffffe2][0xffffffdd][0xffffffa0][0xffffffc4]PJ\[0xffffffaf][0xffffffd6][0xffffffa9][0xffffffc3][0xffffffa0][0xffffff9f][0xffffffcf][0x3]Sb[0x4]Pbh[0xffffffde][0xb][0x3]>0J[0xffffff8c]$Jh[0x14][0x19]J[0xffffffb8]@2[0xffffff94][0xffffffd0]X[0xffffffd6]Sb[\r]g5%[0xffffffd6][0xffffff88]&Q[0xffffffc2][0xffffff94]'K[0x9][0xffffffdb][0xffffffa5],%L[0xffffffb5]r[0xffffff94][0xffffff90][0xffffffa6][0xffffffa5](![0xffffffc5][0xffffffbb]A[0x9]3Qu[0xffffffbd][0xffffffae]sR[0xffffff94][0xffffffc0]'[0xffffffaa]f[0xffffffc0]D[0xffffffd5]4;*[0xffffff85][0x1][0xffffffc7]&[0xffffffaa][0xffffffa6],[0xffffffa5][0xffffff90][0xffffff94][0x8][0xffffff99][0xffffffa8][0xffffffb2][0xffffff81]d([0x11]0Q%[0xffffffe1][0xffffffac][0xffffffa6]D[0xfffffff0]D[0xffffff95]+O[0xffffff96][0x12]y[0x13]U[0xffffffae]Z9J[0xffffffa4]LTi[0xfffffff1]nP[0xffffffc2]LT][0xffffffaf][0xffffffbb]c'8[0xfffffff0][0xffffff89][0xffffffaa][0x19]0Q5[0xffffffcd][0xffffff8e]Ja[0xffffffc0][0xffffffb1][0xffffff89][0xffffffaa])K)$%B&[0xffffffaa]l [0x19]J[0x4]LTI8[0xffffffab])[0x11]<Q[0xffffffe5][0xffffffca][0xffffff93][0xffffffa5]D[0xffffffde]D[0xffffff95][0xffffffab]V[0xffffff8e][0x12])[0x13]UZ[0xffffffbc][0x1b][0xffffff94]0[0x13]UWk[0xfffffffd][0xffffffa6]([0xffffff81]OT[0xffffffcd][0xffffff80][0xffffff89][0xffffffaa]ivT[\n]"
[DEBUG] http-outgoing-1 << "[0x3][0xffffff8e]MTMYJ!)[0x11]2Qe[0x3][0xffffffc9]P"`[0xffffffa2]J[0xffffffc2]YM[0xffffff89][0xffffffe0][0xffffff89]*W[0xffffff9e],%[0xfffffff2]&[0xffffffaa]\[0xffffffb5]r[0xffffff94]H[0xffffff99][0xffffffa8][0xffffffd2][0xffffffe2][0xffffffdd][0xffffffa2]D[0xf][0xffffffa3]D[0xffffffc7])[0xffffffd1][0x3]([0xffffffd1]QJt[0xffffff8c][0x12]=[0xffffff89][0x12]k[0x14])Jh )J[0xffffffac][0xffffffb1]$([0xffffffd1]aJ[0xfffffff4]`JHy[0xffffffd2][0xffffff94]0]JSB[0xffffffaa][0xffffff95][0xffffffa4]DO[0xffffffa1]D[0xffffffff][0xf](q[0xffffff84]Q[0xffffffe2][0xffffffc0])q[0x4]P[0xffffffe2]@)q`[0xffffff94]8[0xffffff92]([0xffffffb1]F[0xffffff91][0xffffffa2][0xffffff84][0x6][0xffffff92][0xffffffa2][0xffffffc4][0x1a]K[0xffffff82][0x12][0x7]L[0xffffff89]#[0xffffff98][0x12]R[0xffffff9e]4%L[0xffffff97][0xffffffd2][0xffffff94][0xffffff90]j%)q[0xffffffa4]P[0xffffffe2][0xfffffff8]KJ[0xffffffdc][0xffffffaf][0xffffff97][0xfffffffb][0x3][0xffffffc7][0xfffffff1]@'8[0xffffffbe][0xffffff9e][0x7][0xffffffa5][0xffffffc4][0xfffffff7][0x13][0xffffffb0][0xffffff94][0xfffffff8][0xfffffffd][0xc][0x4]%[0xffffffbe][0x7f][0xffffff9d][0xffffffa0][0xffffffc4][0xffffffaf]_N[0xffffffa0][0xffffff84][0xffffff8b]"A[0x9][0x1f]H[0xffffff82][0x12].[0xffffff96][0xffffffd5][0xffffff94][0xffffffd0]p[0xffffffd6]RB#[0xffffff9a]C[0x9][[0xffffff9e]$%[0xffffffde]t)I[0x9][[0xffffffad][0x14]%L[0xffffffd3]2[0xffffff94]0[0xffffffc5][0xffffffbb]A[0xffffff89][0xffffffe6]([0xfffffff1]P[0xffffff9f]]~=[0xf]L[0xffffff89][0x16]@[0xffffff89][0xffffffa6]y/[0xc]x[0xffffffc3]([0xffffffd1][0xffffff92]([0xffffffa1]Qd([0xffffffe1][0x2][0xffffffc9]PBcYO[0xffffff89]5[0xffffff9c][0xffffffd5][0xffffff94]X#[0xffffff9a]D[0x9]S[0xffffff9e],%l[0xffffff97][0xffffffb2][0xffffff94]0[0xffffffd5][0xffffffca]QB[0xffffff9a][0xffffff96][0xffffffa2][0xffffff84][0x14][0xffffffef][0x6]%[0xffffffcc][0x1d][0x1c]W[0xffffff9b][0xffffffd4][0xffffffda][0xffffffe5][0xffffffd7][0xfffffff3][0xffffffc0][0xffffff94][0xffffffe0][0xffffffef][0xffffffe0][0xfffffff8][0xfffffffd][0xc][0xc]%[0xffffffa8];8~[0xfffffffd]r[0x6]%2[0xffffffee][0xffffffe0][0xfffffff0][0xffffff81]d([0xffffffc1][0xffffffdf][0xffffffc1][0xffffffa1][0xffffffe1][0xffffffac][0xffffffa6]D[0xffffffee][0x1d][0x1c][0xffffffb6]<YJ[0xffffffc4][0xffffffdd][0xffffffc1]a[0xffffffab][0xffffff95][0xffffffa3]D[0xffffffc8][0x1d][0x1c][0xffffffa6]x7(a[0xffffffee][0xffffffe0][0xffffffb8][0xfffffffa]1O[0xffffff8a][0x12][0xfffffff4][0x1d][0x1c][0xffffffdf]O@S[0xffffff82][0xffffffbc][0xffffff83][0xffffffe3][0xfffffffb][0xffffffd7][0x19]J[0x4][0xffffffdd][0xffffffc1][0xffffffe1][0xffffffa2][0xffffffc8]P"[0xffffffe5][0xe][0xe][0x17][0xffffffcb]zJ[0xffffffb0]wphD[0xffffff93]([0x11]v[0x7][0xffffffc7][0xffffff9b].e)[0x11]t[0x7][0xffffff87]iZ[0xffffff8a][0x12][0x7f][0x7f][0x7][0xffffffc7][0xfffffffd]2wp\[0xfffffffd]<[0xffffffa0][0xffffffcf].[0xffffffbf][0xffffff9e][0x7][0xffffffa6][0x4][0x7f][0x7][0xffffffc7][0xffffffef]g`(A[0xffffffdd][0xffffffc1][0xfffffff1][0xffffffeb][0xffffff97]3([0xffffff91]q[0x7][0xffffff87][0xf]$C[0x9][0xfffffffe][0xe][0xe][\r]g5%r[0xffffffef][0xffffffe0][0xffffffb0][0xffffffe5][0xffffffc9]R"[0xffffffee][0xe][0xe][[0xffffffad][0x1c]%B[0xffffffee][0xffffffe0]0[0xffffffc5][0xffffffbb]A[0x9]s[0x7][0xffffffc7][0x7]%n[0xffffffec][[0x9][0xfffffffa][0xe][0xffffff8e][0xffffffef]'[0xffffffa0])A[0xffffffde][0xffffffc1][0xfffffff1][0xfffffffd][0xffffffeb][0xc]%[0xffffff82][0xffffffee][0xffffffe0]pQd([0xffffff91]r[0x7][0xffffff87][0xffffff8b]e=%[0xffffffd8];84[0xffffffa2]I[0xffffff94][0x8][0xffffffbb][0xffffff83][0xffffffe3]M[0xffffff97][0xffffffb2][0xffffff94][0x8][0xffffffba][0xffffff83][0xffffffc3]4-E[0xffffff89][0xffffffbf][0xffffffbf][0xffffff83][0xffffffe3]~[0xffffffb9];8[0xfffffffa]9[0xffffffb1]o%[0xffffffe8];8[0xffffffbe][0xffffff9f][0xffffff80][0xffffffa6][0x4]y[0x7][0xffffffc7][0xfffffff7][0xffffffaf]3[0xffffff94][0x8][0xffffffba][0xffffff83][0xffffffc3]E[0xffffff91][0xffffffa1]D[0xffffffca][0x1d][0x1c].[0xffffff96][0xfffffff5][0xffffff94]`[0xffffffef][0xffffffe0][0xffffffd0][0xffffff88]&Q"[0xffffffec][0xe][0xffffff8e]7][0xffffffca]R"[0xffffffe8][0xe][0xe][0xffffffd3][0xffffffb4][0x14]%[0xfffffffe][0xfffffffe][0xe][0xffffff8e][0xfffffffb][0xffffffe5][0xffffffee][0xffffffe0][0xffffffe8][0xffffffd7][0x9][0xffffffdd][0xc][0xfffffffa][0xfffffff5]<0%[0xfffffff8];8~?[0x3]C[0x9][0xffffffea][0xe][0xffffff8e]_[0xffffffbf][0xffffff9c]A[0xffffff89][0xffffff8c];8| [0x19]J[0xfffffff0]wph8[0xffffffab])[0xffffff91]{[0x7][0xffffff87]-O[0xffffff96][0x12]qwp[0xffffffd8]j[0xffffffe5]([0x11]r[0x7][0xffffff87])[0xffffffde][\r]J[0xffffffb8];8[0xfffffffa][0xffffff98][0xffffff9d][0xffffffa2][0x4]}[0x7][0xffffffc7][0xfffffff7][0x13][0xffffffd0][0xffffff94] [0xffffffef][0xffffffe0][0xfffffff8][0xfffffffe]u[0xffffff86][0x12]Awp[0xffffffb8](2[0xffffff94]H[0xffffffb9][0xffffff83][0xffffffc3][0xffffffc5][0xffffffb2][0xffffff9e][0x12][0xffffffec][0x1d][0x1c][0x1a][0xffffffd1]$J[0xffffff84][0xffffffdd][0xffffffc1][0xfffffff1][0xffffffa6]KYJ[0x4][0xffffffdd][0xffffffc1]a[0xffffff9a][0xffffff96][0xffffffa2][0xffffffc4][0xffffffdf][0xffffffdf][0xffffffc1]q[0xffffffbf][0xffffffdc][0x1d][0x1c][0xffffffc7]k`[0xffffff9f]][0xffffffd2]wp|?[0x1]M[0x9][0xfffffff2][0xe][0xffffff8e][0xffffffef]_g([0x11]t[0x7][0xffffff87][0xffffff8b]"C[0xffffff89][0xffffff94];8\,[0xffffffeb])[0xffffffc1][0xffffffde][0xffffffc1][0xffffffa1][0x11]M[0xffffffa2]D[0xffffffd8][0x1d][0x1c]o[0xffffffba][0xffffff94][0xffffffa5]D[0xffffffd0][0x1d][0x1c][0xffffffa6]i)J[0xfffffffc][0xfffffffd][0x1d][0x1c]w{9J[0xfffffff4][0xfffffffb][0xffffff84]([0xfffffff1][0xfffffff9]<,%[0xffffffbe][0xffffff9e][0x0][0xffffffa6][0xffffffc4][0xffffffaf]g@([0xfffffff1][0xfffffff5][0xffffffeb][0x8]%~[0xfffffffe]r[0x4]%L[0x14][0x11]J[0xffffffd8]@"[0xffffff94]0[0xffffffb1],[0xffffffa7][0xffffff84][0xffffff84][0xffffffb3][0xffffff98][0x12][0x12][0xffffffd1] J[0xffffffb8][0xfffffff2]D)[0xffffffe1][0xffffffbb][0x14][0xffffffa5][0xffffff84][0xffffffab]V[0xffffff8c][0x12][0xffffffda][0xffffffb4][0x10]%[0xffffffb4]x7([0xffffffe1]v%[0xffffffce]6[0xffffffa8][0xffffffe1][0xffffffec][0xffffff86][0xffffffef]J[0xffffffb4][0xffffff80]][0xffffff89]f[0xe]?[0x17][0x6][0x1c][0xffffffdb][0xffffff95]hr[0xffffffbc][0xffffff99][0xffffffa4]D[0xffffffc8][0xffffffae][0xffffff84][\r]$C[0xffffff89][0xffffff80]][0x9][0x9]g5%[0xffffff82]w%\y[0xffffffb2][0xffffff94][0xffffffc8][0xffffffdb][0xffffff95]p[0xffffffd5][0xffffffca]Q"eWB[0xffffff8b]w[0xffffff83][0x12]nW[0xffffffe2]<[0x1e][0xffffffea][0xf][0x1c][\r][0xffffffdf][0xffffff95]h[0x1][0xffffffbb][0x12][0xffffffcd][0x1c]~.[0xc]8[0xffffffb6]+[0xffffffd1][0xffffffe4]x3I[0xffffff89][0xffffff90]][0x9][0x1b]H[0xffffff86][0x12][0x1][0xffffffbb][0x12][0x12][0xffffffce]jJ[0x4][0xffffffef]J[0xffffffb8][0xfffffff2]d)[0xffffff91][0xffffffb7]+[0xffffffe1][0xffffffaa][0xffffff95][0xffffffa3]D[0xffffffca][0xffffffae][0xffffff84][0x16][0xffffffef][0x6]%[0xffffffdc][0xffffffae][0xffffffc4]98J[0xffffffe0][0xffffffbb][0x12]-`W[0xffffffa2][0xffffff99][0xffffffc3][0xffffffcf][0xffffff85][0x1][0xffffffc7]v%[0xffffff9a][0x1c]o&)[0x11][0xffffffb2]+a[0x3][0xffffffc9]P"`WB[0xffffffc2]YM[0xffffff89][0xffffffe0]][0x9]W[0xffffff9e],%[0xfffffff2]v%\[0xffffffb5]r[0xffffff94]H[0xffffffd9][0xffffff95][0xffffffd0][0xffffffe2][0xffffffdd][0xffffffa0][0xffffff84][0xfffffffb][0xffffffec][0xfffffff2][0x1a][0xffffff9d]:[0xc][0xffffffda][0xfffffff0][0xffffffcf].[[0xffffffc0]g[0xffffff97][0xffffffcd]|[0x1b]T[0x18]p[0xffffffec][0xffffffb3][0xffffffcb]&_[0xffffffff][0xffffff90][0xffffff94][0x8][0xfffffff9][0xffffffec][0xffffffd2][0x6][0xffffff92][0xffffffa1]D[0xffffffc0]g[0xffffff97][0x12][0xffffffce]jJ[0x4][0x7f]v[0xffffffe9][0xffffffca][0xffffff93][0xffffffa5]D[0xffffffde]g[0xffffff97][0xffffffae]Z9J[0xffffffa4]|v[0xffffffa9][0xffffffc5][0xfffffffb][0xffffffe7][0xffffff94][0xffffffe8]/K[0x9]lW[0xffffffe2][0xfffffff3]yXJ|=[0x1]L[0xffffff89]_[0xffffffcf][0xffffff80]P[0xffffffe2][0xffffffeb][0xffffffd7][0x11]J[0xfffffffc][0xfffffffc][0xffffffe5][0x8]J[0xffffff98]("[0xffffff94][0xffffffb0][0xffffff81]D(abYN[0x9][0x9]g1%$[0xffffffa2]A[0xffffff94]p[0xffffffe5][0xffffff89]R[0xffffffc2]w)J[0x9]W[0xffffffad][0x18]%[0xffffffb4]i!Jh[0xfffffff1]nP[0xffffffc2][0xffffffdd][0xc]z=[0xfffffffd][0xffffffa4]([0xffffff81][0xffffffdf][0xc][0xffffffda][0x3]n"
[DEBUG] http-outgoing-1 << "[0x6][0xffffffed][0xffffffe6][0xfffffffa][0xffffffba][0xffffffc2][0xffffff80]c7[0xffffff83]v[0xffffffb9][0xffffffa0][0xffffff8e][0xffffffa4]D[0xffffffc8][0xffffffcd][0xffffffa0]6[0xffffff90][0xc]%[0x2]n[0x6][0xffffff95]pVS"[0xfffffff8]fPW[0xffffff9e],%[0xfffffff2]n[0x6]u[0xffffffd5][0xffffffca]Q"[0xffffffe5]fP-[0xffffffde][\r]J[0x1c][0xffffffff]w[\n]"
[DEBUG] http-outgoing-1 << "%[0xffffffc6][0xffffffab]ao%>[0xffffff9e][0x7][0xffffffa6][0xffffffc4][0xffffffe7][0x13][0xffffffd0][0xffffff94][0xfffffff8][0xfffffff9][0xc][0xc]%>[0x7f][0xffffff9d][0xffffffa1][0xffffffc4][0xffffff8f]_[0xffffffce][0xffffffa0][0xffffff84]F[0xffffff91][0xffffffa1][0xffffff84][0xb]$C[0x9][0xffffff8d]e=%[0xffffffd6]pVSb[0xffffff8d]h[0x12]%Ly[0xffffffb2][0xffffff94][0xffffffb0]][0xffffffca]R[0xffffffc2]T+G[0x9]iZ[0xffffff8a][0x12]R[0xffffffbc][[0xffffff94][0x18]a[0xffffff94][0x18]8%F[0x0]%[0x6]J[0xffffff89][0xffffff81]Qb$Qb[0xffffff8d]"E[0x9][\r]$E[0xffffff89]5[0xffffff96][0x4]%[0x6]L[0xffffff89][0x11]L[0x9])O[0xffffff9a][0x12][0xffffffa6]KiJH[0xffffffb5][0xffffff92][0xffffff94][0x18])[0xffffff94][0x18][0xffffffff][0x1]%[0xffffffda][0xc][0xffffffb3]D[0xffffff9b]8&>[0x1e][0xffffff81][0xffffffd7][0xffffffc4][0xffffff8f][0xffffff87][0xffffffa0]8[0xfffffff1][0xfffffff1][0xfffffff3][0xffffff94]'[0xffffffbe][0x7f]:[0x5][0x14][0xffffff92]GJ[0x14]&[0xffffff95][0x14])$[0xffffff9b][0xffffff84])[0xffffff96][0xffffff84][0xffffffd6][0xffffffa3]b[0xffffffc9]i[0xffffff96]*[0xffffffb4]FiV[0xffffffb8]V[0xffffffa5]][0xffffffa1]%K[0xffffffc2]b[0xffffffed]\N[0x16]k[0x5]o[0xffffffd1][0xffffffe2]ha[0xffffffb4]8[0x1a]N[0xffffff8b][0xffffff8f]G[0xffffffe0]i[0xfffffff1][0xffffffe3]!(Z|[0xfffffffc]<E[0xffffff8b][0xffffffef][0xffffff9f]N[0xffffffa1][0xffffff85][0xffffffe4][0xffffff91][0xffffffa2][0xffffff85]I%E[0xb][0xffffffc9]&A[0xffffff8b]%[0xffffffa1][0xfffffff5][0xffffffb4]Xr[0xffffff9a]E[0xb][0xffffffad]Q[0xffffff9a][0x16][0xffffffae]UiZh[0xffffffc9][0xffffff92][0xffffffb4]X;[0xffffff97][0xffffffa3][0xffffffc5]Z[0xffffffc1][[0xffffffb4]8[0xffffffcf]0Z[0xffffff9c][0x1]_SD|N[0x1][0x7f]O[0x1]~P[0xffffff91][0xfffffff5]EE[0xffffffcc]'[0x15]A[0xffffffdf]TD|T[0xffffff81][0x7f]U[0x11][0xfffffffd]YE[0xffffffde]w[0x15][0xffffff89][0x1f]Vd}Y[0xffffff91][0xfffffff3]i[0xffffffc5][0x7f][0xfffffff1]m[0xffffffc5][0xfffffff5][0xffffff84][0xffffffd1][0xffffffe2]zpZ|<[0x2]O[0xffffff8b][0x1f][0xf]A[0xffffffd1][0xffffffe2][0xffffffe3][0xffffffe7])Z|[0xffffffff]t[\n]"
[DEBUG] http-outgoing-1 << "-$[0xffffff8f][0x14]-L*)ZH6[0x9]Z,[0x9][0xffffffad][0xffffffa7][0xffffffc5][0xffffff92][0xffffffd3],Zh[0xffffff8d][0xffffffd2][0xffffffb4]p[0xffffffad]J[0xffffffd3]BK[0xffffff96][0xffffffa4][0xffffffc5][0xffffffda][0xffffffb9][0x1c]-[0xffffffd6][\n]"
[DEBUG] http-outgoing-1 << "[0xffffffde][0xffffffa2][0xffffffc5]H[0xfffffffb][0xffffffd6]b[0xfffffff0][0xffffffdf]Z[0xffffff8c][0xffffff84]o-[0x6][0xfffffffb][0xffffffad][0xffffffc5][0xffffffe0][0xffffffbe][0xffffffb5][0x18]Q[0xffffffdf]ZH[0x1e])Z[0xffffff98]TR[0xffffffb4][0xffffff90]l[0x12][0xffffffb4][0x18][0xfffffff4][0xffffffb7][0x16]#[0xfffffff9][[0xb][0xffffffad]Q[0xffffff9a][0x16][0xffffffae]UiZh[0xffffffc9][0xffffff92][0xffffffb4]X;[0xffffff97][0xffffffa3][0xffffffc5]Z[0xffffffc1][[0xffffffb4][0xffffff98]i[0xffffffdf]ZL[0xfffffffe][[0xffffff8b][0xffffff99][0xfffffff0][0xffffffad][0xffffffc5]d[0xffffffbf][0xffffffb5][0xffffff98][0xffffffdc][0xffffffb7][0x16]3[0xffffffea][[0xb][0xffffffc9]#E[0xb][0xffffff93]J[0xffffff8a][0x16][0xffffff92]M[0xffffff82][0x16][0xffffff93][0xfffffffe][0xffffffd6]b&[0x7f]k[0xffffffa1]5J[0xffffffd3][0xffffffc2][0xffffffb5]*M[0xb]-Y[0xffffff92][0x16]k[0xffffffe7]r[0xffffffb4]X+x[0xffffff8f][0x16]G[0x1a]-[0xe][0xffffff9e][0x16]G[0x2]-[0xe][0xffffff96][0x16][0x7]G[0xffffff8b]#[0xffffff8a][0x16]k[0x1e]1Zh*1Z[0xffffffac][0xffffffd9]Dhq[0xffffffd0][0xffffffb4]8[0xffffff92]i!5[0xffffff8a][0xffffffd3][0xffffffc2][0xffffffb4]*N[0xb])Y[0xffffff94][0x16]G[0xc]-[0xffffff8e][0xffffffff][0xffffff80][0x16][0xffffffad][0xffffffa5]-Y|<[0x11][0xffffff8e][0xffffff8b][0xffffffcf]g[0xffffffe0]u[0xfffffff1][0xfffffff3])(^|[0xfffffffe]>[0xffffffe5][0xffffff8b][0x1f][0xffffffbf][0xffffff9d][0x2][0xc][\r]%%[0xc][0x17]M[0xffffff8a][0x18][0x1a]P[0xffffffc2][0x18]kL[0xffffffeb][0xffffff91][0xffffffb1][0xffffff86]5K[0x19][0xffffffa6]Pif[0xffffffd8]~[0xffffffa5][0xffffff9d]a[0xffffffea][0xffffff96][0xffffff84][0xffffff86][0xffffffb4]/'[\r])[0xffffffe3]?[0xffffffa1]F[0xfffffffb][0xfffffffe]W[0xffffffdc][0xffffffa5][0xffffffe7][0xffffffe3]~[0xfffffff5]rh[0xfffffffc]~[0x1e][0xffffff8a][0x19][0xffffffff]x[0x2][0xc][0x19][0xffffffcb]3[0x14][0x13][0xffffffe3][0x1f][0xffffffbf]^[0xc][0xffffff8c][0xffffffff][0xfffffffd]e[0xffffff98][0x17]o[0xffffffa3]X[0xffffff8c][0xffffff8b][0x7f][0x9]d1-[0xffffffde][0xffffffc6][0xffffffb2][0x10][0x16]o[0xffffffc2]Y[0xffffffc6][0xffffff8a]7[0x11][0xffffff8d]@[0xffffffc5][0xfffffffb][0xfffffff2][0xffffff84]H[0xfffffff1]o][\n]"
[DEBUG] http-outgoing-1 << "[0xffffff81][0xffffffe2]}[0xffffffb5][0x2][0xffffff9c]x[0xffffffd7][0xffffffb4][0xffffffe5][0xffffff98]xW[0xffffffbc][0x1b][0xffffff94]p[0xffffff97][0xffffff9e][0xffffff8f]9[0x1f][0xffffff8a][0x12][0xffffffe0][0xffffffa5][0xffffffe7][0xffffffff]x[0x2][0xffffff9a][0x12][0xffffffd0][0xffffffa5][0xffffffe7][0xffffffff][0xfffffff8]u[0xffffff86][0x12][0x19][0xffffff97][0xffffff9e][0xffffffbf][0xffffff8d]"C[0xffffff89][0xffffff80]K[0xffffffcf][0xffffffdf][0xffffffc6][0xffffffb2][0xffffff9e][0x12][0xffffffd8][0xffffffa5][0xffffffe7]o"[0xffffff9a]D[0xffffff89][0xffffff9c]K[0xffffffcf][0xffffffff][0xffffffad]KYJd\z[0xfffffffe][0xffffffae]i)J[0xfffffffc][0xffffffd5][0xffffffa5][0xffffffe7]?[0xfffffffe][0xffffff8d]a(q[0x1f]W[0xffffffa3](1pJ[0xffffff8c][0x0]J[0xc][0xffffffcd]{a[0xffffffc0][0x7]F[0xffffff89][0xffffff91]D[0x9][0xffffff8d]"C[0x9][0x17]H[0xffffff86][0x12][0x1a][0xffffffcb]zJ[0xffffffac][0xffffffe1][0xffffffac][0xffffffa6][0xffffffc4][0x1a][0xffffffd1]$J[0xffffff98][0xfffffff2]d)a[0xffffffbb][0xffffff94][0xffffffa5][0xffffff84][0xffffffa9]V[0xffffff8e][0x12][0xffffffd2][0xffffffb4][0x14]%[0xffffffa4]x7(q;J\[0xfffffffd]EQ[0xffffffe2][0xffffffc6])q[0x7]P[0xffffffe2][0xffffffd6][0xffffffbc][0x17][0x6][0xfffffffc][0xffffffc6](q'QB[0xffffffa3][0xffffffc8]P[0xffffffc2][0x5][0xffffff92][0xffffffa1][0xffffff84][0xffffffc6][0xffffffb2][0xffffff9e][0x12]k8[0xffffffab])[0xffffffb1]F4[0xffffff89][0x12][0xffffffa6]<YJ[0xffffffd8].e)a[0xffffffaa][0xffffff95][0xffffffa3][0xffffff84]4-E[0x9])[0xffffffde][\r]J<[0xffffff8e][0x12][0xffffffb3]O[0xffffff8a][0x12][0xf]N[0xffffff89]'[0xffffff80][0x12][0xffffff8f][0xffffffe6][0xffffffbd]0[0xffffffe0][0xf]F[0xffffff89]'[0xffffff89][0x12][0x1a]E[0xffffff86][0x12].[0xffffff90][0xc]%4[0xffffff96][0xfffffff5][0xffffff94]X[0xffffffc3]YM[0xffffff89]5[0xffffffa2]I[0xffffff94]0[0xffffffe5][0xffffffc9]R[0xffffffc2]v)K[0x9]S[0xffffffad][0x1c]%[0xffffffa4]i)JH[0xfffffff1]nPb[0x1a]J<[0xffffffed][0xffffffc0][0xfffffffe][0xffffffc0]1qJ[0xffffffcc][0x0]JL[0xffffffcd]{a[0xffffffc0]'F[0xffffff89][0xffffff99]D[0x9][0xffffff8d]"C[0x9][0x17]H[0xffffff86][0x12][0x1a][0xffffffcb]zJ[0xffffffac][0xffffffe1][0xffffffac][0xffffffa6][0xffffffc4][0x1a][0xffffffd1]$J[0xffffff98][0xfffffff2]d)a[0xffffffbb][0xffffff94][0xffffffa5][0xffffff84][0xffffffa9]V[0xffffff8e][0x12][0xffffffd2][0xffffffb4][0x14]%[0xffffffa4]x[0xffffffff][0xffffff9c][0x12][0xffffff9f][0xffffffc7]A[0xffffff94][0x12][0xffffffe7][0xffffffa4][0xfffffffe][0xffffffc0][0xfffffff1][0xfffffff9]<,%[0xffffffbe][0xffffff9e][0x0][0xffffffa6][0xffffffc4][0xffffffaf]g@([0xfffffff1][0xfffffff5][0xffffffeb][0x8]%~[0xfffffffe]r[0x4]%L[0x14][0x11]J[0xffffffd8]@"[0xffffff94]0[0xffffffb1],[0xffffffa7][0xffffff84][0xffffff84][0xffffffb3][0xffffff98][0x12][0x12][0xffffffd1] J[0xffffffb8][0xfffffff2]D)[0xffffffe1][0xffffffbb][0x14][0xffffffa5][0xffffff84][0xffffffab]V[0xffffff8c][0x12][0xffffffda][0xffffffb4][0x10]%[0xffffffb4]x7([0xffffffd1][0x1c]%[0xffffffae][0xffffffaf])[\n]"
[DEBUG] http-outgoing-1 << "[0xffffff84][0x12][\r][0xffffffa7]D[0xb][0xffffffa0]D[0xffffffd3][0xffffffbc][0x17][0x6][0xffffffbc]a[0xffffff94]hI[0xffffff94][0xffffffd0](2[0xffffff94]p[0xffffff81]d([0xffffffa1][0xffffffb1][0xffffffac][0xffffffa7][0xffffffc4][0x1a][0xffffffce]jJ[0xffffffac][0x11]M[0xffffffa2][0xffffff84])O[0xffffff96][0x12][0xffffffb6]KYJ[0xffffff98]j[0xffffffe5](!MKQB[0xffffff8a]w[0xffffff83][0x12][0xffffffdd]R[0xffffffe2][0xffffffc1]([0xffffffd1]qJ[0xfffffff4][0x0]Jt[0xffffffcd]{a[0xffffffc0];F[0xffffff89][0xffffff9e]D[0x9][0xffffff8d]"C[0x9][0x17]H[0xffffff86][0x12][0x1a][0xffffffcb]zJ[0xffffffac][0xffffffe1][0xffffffac][0xffffffa6][0xffffffc4][0x1a][0xffffffd1]$J[0xffffff98][0xfffffff2]d)a[0xffffffbb][0xffffff94][0xffffffa5][0xffffff84][0xffffffa9]V[0xffffff8e][0x12][0xffffffd2][0xffffffb4][0x14]%[0xffffffa4]x7(q8J[0xffffff8c]^[0xffffffbf][0xffffff85][0xfffffff9][0xfffffffb]y`J[0x1c][0x1][0xffffff94]84[0xffffffef][0xffffff85][0x1]?0J[0x1c]I[0xffffff94][0xffffffd0](2[0xffffff94]p[0xffffff81]d([0xffffffa1][0xffffffb1][0xffffffac][0xffffffa7][0xffffffc4][0x1a][0xffffffce]jJ[0xffffffac][0x11]M[0xffffffa2][0xffffff84])O[0xffffff96][0x12][0xffffffb6]KYJ[0xffffff98]j[0xffffffe5](!MKQB[0xffffff8a]w[0xffffff83][0x12]n[0xffffffed][0xfffffff2][0x19][0xffffff83]Z[0xffffffbb]<[0xfffffff0][0xffffffb5][0xffffffcb]#`[0xffffffed][0xfffffff2]0[0xffffff93]l[0xffffff85][0x1][0xffffffc7][0xffffffd6].[0xf][0x19]]#)[0x11][0xffffffb2]vi[0x3][0xffffffc9]P"`[0xffffffed]R[0xffffffc2]YM[0xffffff89][0xffffffe0][0xffffffb5]KW[0xffffff9e],%[0xfffffff2][0xffffffd6].][0xffffffb5]r[0xffffff94]HY[0xffffffbb][0xffffffd4][0xffffffe2][0xffffffdd][0xffffffa0][0xffffff84][[0xffffffbb]|[0xffffffee][0xffffff8e][0xfffffffd][0xffffff81][0x3]_[0xffffffbb]<[0x2][0xffffffd6].[0xf]3[0xffffffc9]V[0x18]pl[0xffffffed][0xfffffff2][0xffffff90][0xffffffd1]5[0xffffff92][0x12]!k[0xffffff97]6[0xffffff90][0xc]%[0x2][0xffffffd6].%[0xffffff9c][0xffffffd5][0xffffff94][0x8]^[0xffffffbb]t[0xffffffe5][0xffffffc9]R"o[0xffffffed][0xffffffd2]U+G[0xffffff89][0xffffff94][0xffffffb5]K-[0xffffffde][\r]J[0xffffffb8][0xffffffb5][0xffffffcb][0xffffffe7]y[0xffffffb0][0xffffffb7][0x12][0xfffffff8][0xffffffda][0xffffffe5][0x11][0xffffffb0]vy[0xffffff98]I[0xffffffb6][0xffffffc2][0xffffff80]ck[0xffffff97][0xffffff87][0xffffff8c][0xffffffae][0xffffff91][0xffffff94][0x8]Y[0xffffffbb][0xffffffb4][0xffffff81]d([0x11][0xffffffb0]v)[0xffffffe1][0xffffffac][0xffffffa6]D[0xfffffff0][0xffffffda][0xffffffa5]+O[0xffffff96][0x12]yk[0xffffff97][0xffffffae]Z9J[0xffffffa4][0xffffffac]]j[0xfffffff1]nP[0xffffffc2]MT[0xffffffcd]1[0xffffffb1][0xffffffb7][0x12][0xfffffff8]D[0xffffffd5][0x11]0Qu[0xffffff98][0x1d][0xffffff95][0xffffffc2][0xffffff80]c[0x13]U[0xffffff87],[0xffffffa5][0xffffff90][0xffffff94][0x8][0xffffff99][0xffffffa8][0xffffffb2][0xffffff81]d([0x11]0Q%[0xffffffe1][0xffffffac][0xffffffa6]D[0xfffffff0]D[0xffffff95]+O[0xffffff96][0x12]y[0x13]U[0xffffffae]Z9J[0xffffffa4]LTi[0xfffffff1]nP[0xffffffc2]MT[0xffffffcd][0xfffffff9][0xffffffa2][0xffffffae][0xfffffff3]:[0xfffffff0][0xffffff89][0xffffffaa]#`[0xffffffa2][0xffffffea]0;*[0xffffff85][0x1][0xffffffc7]&[0xffffffaa][0xe]YJ!)[0x11]2Qe[0x3][0xffffffc9]P"`[0xffffffa2]J[0xffffffc2]YM[0xffffff89][0xffffffe0][0xffffff89]*W[0xffffff9e],%[0xfffffff2]&[0xffffffaa]\[0xffffffb5]r[0xffffff94]H[0xffffff99][0xffffffa8][0xffffffd2][0xffffffe2][0xfffffffd]sJ[0xffffff9c]f[0xffffffa2]j[0xffffffbc][0xfffffffa]E[0xffffff9d][0xffffffe0]8[0xfffffff1][0xffffff89][0xffffffaa]3`[0xffffffa2][0xffffffea]4;*u[0x1]?[0xffffffb1][0xffffff89][0xffffffaa]S[0xffffff96]R@J[0xffffff98]("[0xffffff94][0xffffffb0][0xffffff81]D(abYN[0x9][0x9]g1%$[0xffffffa2]A[0xffffff94]p[0xffffffe5][0xffffff89]R[0xffffffc2]w)J[0x9]W[0xffffffad][0x18]%[0xffffffb4]i!Jh[0xfffffff1]nP[0xffffffa2]9J[0xffffff9c][0xfffffff3][0xffffffa2]([0xffffffd1]pJ[0xffffffb4][0x0]J4[0xffffffcd]{a[0xffffffc0][0x1b]F[0xffffff89][0xffffff96]D[0x9][0xffffff8d]"C[0x9][0x17]H[0xffffff86][0x12][0x1a][0xffffffcb]zJ[0xffffffac][0xffffffe1][0xffffffac][0xffffffa6][0xffffffc4][0x1a][0xffffffd1]$J[0xffffff98][0xfffffff2]d)a[0xffffffbb][0xffffff94][0xffffffa5][0xffffff84][0xffffffa9]V[0xffffff8e][0x12][0xffffffd2][0xffffffb4][0x14]%[0xffffffa4]x7(a&[0xffffffaa][0xffffffc6]k[0xffffffbe][0xffffffa8][0xffffffcf].O|[0xffffffa2][0xffffffea][0xc][0xffffff98][0xffffffa8]:[0xffffffcd][0xffffff8e]Ja[0xffffffc0][0xffffffb1][0xffffff89][0xffffffaa]S[0xffffff96]RHJ[0xffffff84]LT[0xffffffd9]@2[0xffffff94][0x8][0xffffff98][0xffffffa8][0xffffff92]pVS"x[0xffffffa2][0xffffffca][0xffffff95]'K[0xffffff89][0xffffffbc][0xffffff89]*W[0xffffffad][0x1c]%R&[0xffffffaa][0xffffffb4]x7(a&[0xffffffaa]F{awp[0xffffff9c][0xfffffff8]D[0xffffffd5][0x19]0Qu[0xffffff9a][0x1d][0xffffff95][0xffffffc2][0xffffff80]c[0x13]U[0xffffffa7],[0xffffffa5][0xffffff90][0xffffff94][0x8][0xffffff99][0xffffffa8][0xffffffb2][0xffffff81]d([0x11]0Q%[0xffffffe1][0xffffffac][0xffffffa6]D[0xfffffff0]D[0xffffff95]+O[0xffffff96][0x12]y[0x13]U[0xffffffae]Z9J[0xffffffa4]LTi[0xfffffff1]nQ[0xffffffa2][0xffffff87]Q[0xffffffa2][0xffffffe3][0xffffff94][0xffffffe8][0x1][0xffffff94][0xffffffe8](%:F[0xffffff89][0xffffff9e]D[0xffffff89]5[0xffffff8a][0x14]%4[0xffffff90][0x14]%[0xffffffd6]X[0x12][0xffffff94][0xffffffe8]0%z0%[0xffffffa4]<iJ[0xffffff98].[0xffffffa5])![0xffffffd5]JR[0xffffffa2][0xffffffa7]P[0xffffffa2][0xffffffff]5%[0xffffffcc][0xffffffda][0xffffffe5]h[0xffffffe7]uS[0xffffff94][0xffffffc0][0xffffffd7].[0xffffffcf][0xffffff80][0xffffffb5][0xffffffcb][0xffffffd3]L[0xffffffb2][0x15][0x6][0x1c][[0xffffffbb]<et[0xffffff8d][0xffffffa4]D[0xffffffc8][0xffffffda][0xffffffa5][\r]$C[0xffffff89][0xffffff80][0xffffffb5]K[0x9]g5%[0xffffff82][0xffffffd7].]y[0xffffffb2][0xffffff94][0xffffffc8][[0xffffffbb]t[0xffffffd5][0xffffffca]Q"e[0xffffffed]R[0xffffff8b]w[0xffffff83][0x12]f[0xffffffed]r[0xffffffb4][0xffffffab]ao%[0xfffffff0][0xffffffb5][0xffffffcb]3`[0xffffffed][0xfffffff2]4[0xffffff93]l[0xffffff85][0x1][0xffffffc7][0xffffffd6].O[0x19]]#)[0x11][0xffffffb2]vi[0x3][0xffffffc9]P"`[0xffffffed]R[0xffffffc2]YM[0xffffff89][0xffffffe0][0xffffffb5]KW[0xffffff9e],%[0xfffffff2][0xffffffd6].][0xffffffb5]r[0xffffff94]HY[0xffffffbb][0xffffffd4][0xffffffe2][0xffffffdd][0xffffffa0][0xffffff84]Y[0xffffffbb][0xfffffffc][0xffffffa0][0xffffffc4]E[0xffffffed]J[0xffffff9c][0xfffffff8][0xffffffda][0xffffffe5][0x19][0xffffffb0]vy[0xffffff9a]I[0xffffffb6][0xffffffc2][0xffffff80]ck[0xffffff97][0xffffffa7][0xffffff8c][0xffffffae][0xffffff91][0xffffff94][0x8]Y[0xffffffbb][0xffffffb4][0xffffff81]d([0x11][0xffffffb0]v)[0xffffffe1][0xffffffac][0xffffffa6]D[0xfffffff0][0xffffffda][0xffffffa5]+O[0xffffff96][0x12]yk[0xffffff97][0xffffffae]Z9J[0xffffffa4][0xffffffac]]j[0xfffffff1]nP[0xffffffe2][0xffffffb6][0xffffff94]x0J[0xffffffdc]8%[0xffffffee][0x0]J[0xffffffdc][0xffffff9a][0xfffffff7][0xffffffc2][0xffffff80][0xffffffdf][0x18]%[0xffffffee]$Jh[0x14][0x19]J[0xffffffb8]@2[0xffffff94][0xffffffd0]X[0xffffffd6]Sb[\r]g5%[0xffffffd6][0xffffff88]&Q[0xffffffc2][0xffffff94]'K[0x9][0xffffffdb][0xffffffa5],%L[0xffffffb5]r[0xffffff94][0xffffff90][0xffffffa6][0xffffffa5](![0xffffffc5][0xffffffbb]A[0x9]3[0xffffff9c]=[0xffffffda][0xffffffe8][0xffffff93][0xffffffa2][0x4]>[0xffffff9c]}[0x6][0xc]g[0xffffff9f]f[0xffffffdd][0xffffffb5]0[0xffffffe0][0xffffffd8]p[0xfffffff6])[0xfffffffb][0xffffffad]$%B[0xffffff86][0xffffffb3]m [0x19]J[0x4][0xc]gK8[0xffffffab])[0x11]<[0xffffff9c][0xffffffed][0xffffffca][0xffffff93][0xffffffa5]D[0xffffffde]p[0xffffffb6][0xffffffab]V[0xffffff8e][0x12])[0xffffffc3][0xffffffd9]Z[0xffffffbc][0x1b][0xffffff94]0[0xffffffc3][0xffffffd9][0xffffffa3][0xffffffdd][0x7][0xffffffb6]v[0xffffff89][0xf]g[0xffffff9f][0x1][0xffffffc3][0xffffffd9][0xffffffa7]Yw-[0xc]86[0xffffff9c]}[0xffffffca]~+I[0xffffff89][0xffffff90][0xffffffe1]l[0x1b]H[0xffffff86][0x12][0x1][0xffffffc3][0xffffffd9][0x12][0xffffffce]jJ[0x4][0xf]g[0xffffffbb][0xfffffff2]d)[0xffffff91]7[0xffffff9c][0xffffffed][0xffffffaa][0xffffff95][0xffffffa3]D[0xffffffca]p[0xffffffb6][0x16][0xffffffef][0xffffff9f]S[0xffffffe2]r[0xffffffc3][0xffffffd9][0xffffffbd][0xffffffb5][0x13][0xffffffa2][0xffffffc4][0xffffff85][0xf]g_[0x1][0xffffffc3][0xffffffd9][0xffffff97]Yw[0xffffffad][0xb][0xfffffff8][0xffffff85][\r]g_[0xffffffb2][0xffffffdf][\n]"
[DEBUG] http-outgoing-1 << "R[0xffffffc2]D[0x11][0xffffffa1][0xffffff84][\r]$B[0x9][0x13][0xffffffcb]rJH8[0xffffff8b])![0x11][\r][0xffffffa2][0xffffff84]+O[0xffffff94][0x12][0xffffffbe]KQJ[0xffffffb8]j[0xffffffc5]([0xffffffa1]M[0xb]QB[0xffffff8b]w[0xffffff83][0x12][0xffffffcd]Q[0xffffffa2][0xf][0xffffffea]0[0xffffffe8][0xffffffe7][0xfffffff3][0xffffffc0][0xffffff94]h[0x1][0xffffff94]h[0xffffff9a][0xfffffff7][0xffffffc2][0xffffff80]7[0xffffff8c][0x12]-[0xffffff89][0x12][0x1a]E[0xffffff86][0x12].[0xffffff90][0xc]%4[0xffffff96][0xfffffff5][0xffffff94]X[0xffffffc3]YM[0xffffff89]5[0xffffffa2]I[0xffffff94]0[0xffffffe5][0xffffffc9]R[0xffffffc2]v)K[0x9]S[0xffffffad][0x1c]%[0xffffffa4]i)JH[0xfffffff1]nP[0xffffffc2][\r]g[0xfffffff7][0xfffffffb][0xffffffa6][0xffffffee][0xffffffe0][0xffffffb8][0xfffffff0][0xffffffe1][0xffffffec]+`8[0xfffffffb]2[0xffffffeb][0xffffffae][0xffffff85][0x1][0xffffffc7][0xffffff86][0xffffffb3]/[0xffffffd9]o%)[0x11]2[0xffffff9c]m[0x3][0xffffffc9]P"`8[[0xffffffc2]YM[0xffffff89][0xffffffe0][0xffffffe1]lW[0xffffff9e],%[0xfffffff2][0xffffff86][0xffffffb3]][0xffffffb5]r[0xffffff94]H[0x19][0xffffffce][0xffffffd6][0xffffffe2][0xffffffdd][0xffffffa0][0xffffff84][0x1b][0xffffffce]>^/[0xffffffea][0xffffffb3][0xffffffcb][0xb][0x1f][0xffffffce][0xffffffbe][0x2][0xffffff86][0xffffffb3]/[0xffffffb3][0xffffffee]Z[0x18]pl8[0xfffffffb][0xffffff92][0xfffffffd]V[0xffffff92][0x12]![0xffffffc3][0xffffffd9]6[0xffffff90][0xc]%[0x2][0xffffff86][0xffffffb3]%[0xffffff9c][0xffffffd5][0xffffff94][0x8][0x1e][0xffffffce]v[0xffffffe5][0xffffffc9]R"o8[0xffffffdb]U+G[0xffffff89][0xffffff94][0xffffffe1]l-[0xffffffde][\r]J[0xffffffb8][0xffffffb5][0xffffffcb][0xffffffe3]|Q[0xffffff87]A/|[0xffffffed][0xfffffff2][\n]"
[DEBUG] http-outgoing-1 << "X[0xffffffbb][0xffffffbc][0xffffffcc]$[a[0xffffffc0][0xffffffb1][0xffffffb5][0xffffffcb]KF[0xffffffd7]HJ[0xffffff84][0xffffffac]][0xffffffda]@2[0xffffff94][0x8]X[0xffffffbb][0xffffff94]pVS"x[0xffffffed][0xffffffd2][0xffffff95]'K[0xffffff89][0xffffffbc][0xffffffb5]KW[0xffffffad][0x1c]%R[0xffffffd6].[0xffffffb5]x7([0xffffffe1][0xffffffd6].[0xffffff8f][0xffffffc1]Q[0x2]_[0xffffffbb][0xffffffbc][0x2][0xffffffd6]./3[0xffffffc9]V[0x18]pl[0xffffffed][0xfffffff2][0xffffff92][0xffffffd1]5[0xffffff92][0x12]!k[0xffffff97]6[0xffffff90][0xc]%[0x2][0xffffffd6].%[0xffffff9c][0xffffffd5][0xffffff94][0x8]^[0xffffffbb]t[0xffffffe5][0xffffffc9]R"o[0xffffffed][0xffffffd2]U+G[0xffffff89][0xffffff94][0xffffffb5]K-[0xffffffde][\r]J[0xffffffb8][0xffffffb5][0xffffffcb]c[0xffffffde][0xffffffd8][0x1f]8[0xfffffff0][0xffffffb5][0xffffffcb]+`[0xffffffed][0xfffffff2]2[0xffffff93]l[0xffffff85][0x1][0xffffffc7][0xffffffd6]./[0x19]]#)[0x11][0xffffffb2]vi[0x3][0xffffffc9]P"`[0xffffffed]R[0xffffffc2]YM[0xffffff89][0xffffffe0][0xffffffb5]KW[0xffffff9e],%[0xfffffff2][0xffffffd6].][0xffffffb5]r[0xffffff94]HY[0xffffffbb][0xffffffd4][0xffffffe2][0xffffffdd][0xffffffa0][0xffffff84][[0xffffffbb]<[0xffffffdb][0xffffffec][0x14]%[0xfffffff0][0xffffffb5][0xffffffcb]+`[0xffffffed][0xfffffff2]2[0xffffff93]l[0xffffff85][0x1][0xffffffc7][0xffffffd6]./[0x19]]#)[0x11][0xffffffb2]vi[0x3][0xffffffc9]P"`[0xffffffed]R[0xffffffc2]YM[0xffffff89][0xffffffe0][0xffffffb5]KW[0xffffff9e],%[0xfffffff2][0xffffffd6].][0xffffffb5]r[0xffffff94]HY[0xffffffbb][0xffffffd4][0xffffffe2][0xffffffdd][0xffffffa0][0xffffff84][[0xffffffbb]<[0xffffffcf]W[0xffffffa3]([0xffffff81][0xffffffaf]]^[0x1]k[0xffffff97][0xffffff97][0xffffff99]d+[0xc]8[0xffffffb6]vy[0xffffffc9][0xffffffe8][0x1a]I[0xffffff89][0xffffff90][0xffffffb5]K[0x1b]H[0xffffff86][0x12][0x1]k[0xffffff97][0x12][0xffffffce]jJ[0x4][0xffffffaf]][0xffffffba][0xfffffff2]d)[0xffffff91][0xffffffb7]v[0xffffffe9][0xffffffaa][0xffffff95][0xffffffa3]D[0xffffffca][0xffffffda][0xffffffa5][0x16][0xffffffef][0x6]%[0xffffffdc][0xffffffda][0xffffffe5]yM[0xffffff8c][0x12][0xfffffff8][0xffffffda][0xffffffe5][0x15][0xffffffb0]vy[0xffffff99]I[0xffffffb6][0xffffffc2][0xffffff80]ck[0xffffff97][0xffffff97][0xffffff8c][0xffffffae][0xffffff91][0xffffff94][0x8]Y[0xffffffbb][0xffffffb4][0xffffff81]d([0x11][0xffffffb0]v)[0xffffffe1][0xffffffac][0xffffffa6]D[0xfffffff0][0xffffffda][0xffffffa5]+O[0xffffff96][0x12]yk[0xffffff97][0xffffffae]Z9J[0xffffffa4][0xffffffac]]j[0xfffffff1][0xfffffffe]9%[0xffffff86][[0xffffffbb]<[0xffffffc7]I}+1[0xfffffff0][0xffffffb5][0xffffffcb][0x11][0xffffffb0]v9[0xffffffcc]$[][0xffffffc0][0x7][0xffffffb6]v9dt[\r][0xffffffa4][0xffffff84][0xffffff89]"B[0x9][0x1b]H[0xffffff84][0x12]&[0xffffff96][0xffffffe5][0xffffff94][0xffffff90]p[0x16]SB"[0x1a]D[0x9]W[0xffffff9e](%|[0xffffff97][0xffffffa2][0xffffff94]p[0xffffffd5][0xffffff8a]QB[0xffffff9b][0x16][0xffffffa2][0xffffff84][0x16][0xffffffef][0x6]%[0xffffff9a][0xffffffa5][0xffffffc4][0xffffff83]Q[0xffffffa2][0xffffffe1][0xffffff94]h[0x1][0xffffff94]h[0xffffff9a][0xfffffff7][0xffffffc2][0xffffff80]7[0xffffff8c][0x12]-[0xffffff89][0x12][0x1a]E[0xffffff86][0x12].[0xffffff90][0xc]%4[0xffffff96][0xfffffff5][0xffffff94]X[0xffffffc3]YM[0xffffff89]5[0xffffffa2]I[0xffffff94]0[0xffffffe5][0xffffffc9]R[0xffffffc2]v)K[0x9]S[0xffffffad][0x1c]%[0xffffffa4]i)JH[0xfffffff1]nP[0xffffffc2][0xffffffad]][0xffffff9e][0xfffffff7]A[\r]g[0xf]|[0xffffffed]r[0x4][0xffffffac]][0xe]3[0xffffffc9]V[0x18]pl[0xffffffed]r[0xffffffc8][0xffffffe8][0x1a]I[0xffffff89][0xffffff90][0xffffffb5]K[0x1b]H[0xffffff86][0x12][0x1]k[0xffffff97][0x12][0xffffffce]jJ[0x4][0xffffffaf]][0xffffffba][0xfffffff2]d)[0xffffff91][0xffffffb7]v[0xffffffe9][0xffffffaa][0xffffff95][0xffffffa3]D[0xffffffca][0xffffffda][0xffffffa5][0x16][0xffffffef][0x6]%[0xffffffdc][0xffffffda][0xffffffe5]9_'E[0x9]|[0xffffffed]r[0x4][0xffffffac]][0xe]3[0xffffffc9]V[0x18]pl[0xffffffed]r[0xffffffc8][0xffffffe8][0x1a]I[0xffffff89][0xffffff90][0xffffffb5]K[0x1b]H[0xffffff86][0x12][0x1]k[0xffffff97][0x12][0xffffffce]jJ[0x4][0xffffffaf]][0xffffffba][0xfffffff2]d)[0xffffff91][0xffffffb7]v[0xffffffe9][0xffffffaa][0xffffff95][0xffffffa3]D[0xffffffca][0xffffffda][0xffffffa5][0x16][0xffffffef][0x6]%[0xffffffdc][0xffffffda][0xffffffe5][0xffffffd5][0x1f][0xffffffea][0xffffffb3][0xffffffcb][0xffffff81][0xffffffaf]][0xffffff8e][0xffffff80][0xffffffb5][0xffffffcb]a&[0xffffffd9][\n]"
[DEBUG] http-outgoing-1 << "[0x3][0xffffff8e][0xffffffad]][0xe][0x19]]#)[0x11][0xffffffb2]vi[0x3][0xffffffc9]P"`[0xffffffed]R[0xffffffc2]YM[0xffffff89][0xffffffe0][0xffffffb5]KW[0xffffff9e],%[0xfffffff2][0xffffffd6].][0xffffffb5]r[0xffffff94]HY[0xffffffbb][0xffffffd4][0xffffffe2][0xffffffdd][0xffffffa0][0xffffff84][[0xffffffbb][0xffffffbc][0xffffffae][0xfffffffe][0xffffffa2]([0xffffff81][0xffffffaf]][0xffffff8e][0xffffff80][0xffffffb5][0xffffffcb]a&[0xffffffd9][\n]"
[DEBUG] http-outgoing-1 << "[0x3][0xffffff8e][0xffffffad]][0xe][0x19]]#)[0x11][0xffffffb2]vi[0x3][0xffffffc9]P"`[0xffffffed]R[0xffffffc2]YM[0xffffff89][0xffffffe0][0xffffffb5]KW[0xffffff9e],%[0xfffffff2][0xffffffd6].][0xffffffb5]r[0xffffff94]HY[0xffffffbb][0xffffffd4][0xffffffe2][0xffffffdd][0xffffffa0][0xffffff84][[0xffffffbb][0xffffffbc]&G[0x9]|[0xffffffed]r[0x4][0xffffffac]][0xe]3[0xffffffc9]V[0x18]pl[0xffffffed]r[0xffffffc8][0xffffffe8][0x1a]I[0xffffff89][0xffffff90][0xffffffb5]K[0x1b]H[0xffffff86][0x12][0x1]k[0xffffff97][0x12][0xffffffce]jJ[0x4][0xffffffaf]][0xffffffba][0xfffffff2]d)[0xffffff91][0xffffffb7]v[0xffffffe9][0xffffffaa][0xffffff95][0xffffffa3]D[0xffffffca][0xffffffda][0xffffffa5][0x16][0xffffffef][0x6]%[0xffffffdc][0xffffffda][0xffffffe5]h[0x1c]%[0xfffffff0][0xffffffb5][0xffffffcb][0x11][0xffffffb0]v9[0xffffffcc]$[a[0xffffffc0][0xffffffb1][0xffffffb5][0xffffffcb]![0xffffffa3]k$%B[0xffffffd6].m [0x19]J[0x4][0xffffffac]]J8[0xffffffab])[0x11][0xffffffbc]v[0xffffffe9][0xffffffca][0xffffff93][0xffffffa5]D[0xffffffde][0xffffffda][0xffffffa5][0xffffffab]V[0xffffff8e][0x12])k[0xffffff97]Z[0xffffffbc][0x1b][0xffffff94]pk[0xffffff97][0xffffffe3][0xffffffba][0x7]E[0x9]|[0xffffffed]r[0x4][0xffffffac]][0xe]3[0xffffffc9]V[0x18]pl[0xffffffed]r[0xffffffc8][0xffffffe8][0x1a]I[0xffffff89][0xffffff90][0xffffffb5]K[0x1b]H[0xffffff86][0x12][0x1]k[0xffffff97][0x12][0xffffffce]jJ[0x4][0xffffffaf]][0xffffffba][0xfffffff2]d)[0xffffff91][0xffffffb7]v[0xffffffe9][0xffffffaa][0xffffff95][0xffffffa3]D[0xffffffca][0xffffffda][0xffffffa5][0x16][0xffffffef][0x16]%[0xffffffce]0J[0xffffff9c]8%[0xffffffce][0x0]J[0xffffff9c](%N[0xffffff8c][0x12]g[0x12]%[0xffffffd6](R[0xffffff94][0xffffffd0]@R[0xffffff94]XcIP[0xffffffe2][0xffffff84])q[0x6]SB[0xffffffca][0xffffff93][0xffffffa6][0xffffff84][0xffffffe9]R[0xffffff9a][0x12]R[0xffffffad]$%[0xffffffce][0x14]J[0xffffff9c][0x7f]M[0x9]7[0xffffff9c]=n[0xffffffec]f[0xffffffd0][0xffffff81][0xf]g[0xffffff8f][0xffffff80][0xffffffe1][0xffffffec]a[0xffffffd6]][0xb][0x3][0xffffff8e][\r]g[0xf][0xffffffd9]o%)[0x11]2[0xffffff9c]m[0x3][0xffffffc9]P"`8[[0xffffffc2]YM[0xffffff89][0xffffffe0][0xffffffe1]lW[0xffffff9e],%[0xfffffff2][0xffffff86][0xffffffb3]][0xffffffb5]r[0xffffff94]H[0x19][0xffffffce][0xffffffd6][0xffffffe2][0xfffffffd]sJ[0xffffffdc]n8[0xfffffffb][0xffffffee][0x17]E[0xffffff89][0x1b][0x1f][0xffffffce][0xffffffbe][0x3][0xffffff86][0xffffffb3]o[0xffffffb3][0xffffffee]Z[0x17][0xfffffff0][0x1b][0x1b][0xffffffce][0xffffffbe]e[0xffffffbf][0x15][0xffffffa4][0xffffff84][0xffffff89]"B[0x9][0x1b]H[0xffffff84][0x12]&[0xffffff96][0xffffffe5][0xffffff94][0xffffff90]p[0x16]SB"[0x1a]D[0x9]W[0xffffff9e](%|[0xffffff97][0xffffffa2][0xffffff94]p[0xffffffd5][0xffffff8a]QB[0xffffff9b][0x16][0xffffffa2][0xffffff84][0x16][0xffffffef][0x6]%[0xffffffdc][0xffffffda][0xffffffe5][0xfffffffd]`[0xffffffbb][0x12]7[0xffffffbe]vy[0x7][0xffffffac]][0xffffffde]f[0xffffff92][0xffffffad]0[0xffffffe0][0xffffffd8][0xffffffda][0xffffffe5]-[0xffffffa3]k$%B[0xffffffd6].m [0x19]J[0x4][0xffffffac]]J8[0xffffffab])[0x11][0xffffffbc]v[0xffffffe9][0xffffffca][0xffffff93][0xffffffa5]D[0xffffffde][0xffffffda][0xffffffa5][0xffffffab]V[0xffffff8e][0x12])k[0xffffff97]Z[0xffffffbc][0x1b][0xffffff94]p[0x13]U[0xfffffff7][0xffffff9c][0xffffffd4][0x9][0xffffff8e][0x1b][0xffffff9f][0xffffffa8][0xffffffba][0x3]&[0xffffffaa]n[0xffffffb3][0xffffffa3]R[0x18]pl[0xffffffa2][0xffffffea][0xffffff96][0xffffffa5][0x14][0xffffff92][0x12]![0x13]U6[0xffffff90][0xc]%[0x2]&[0xffffffaa]$[0xffffff9c][0xffffffd5][0xffffff94][0x8][0xffffff9e][0xffffffa8]r[0xffffffe5][0xffffffc9]R"o[0xffffffa2][0xffffffca]U+G[0xffffff89][0xffffff94][0xffffff89]*-[0xffffffde][\r]J[0xffffffb8][0xffffff89][0xffffffaa][0xffffffe7]u[0x1e][0x14]%[0xfffffff0][0xffffff89][0xffffffaa];`[0xffffffa2][0xffffffea]6;*[0xffffff85][0x1][0xffffffc7]&[0xffffffaa]nYJ!)[0x11]2Qe[0x3][0xffffffc9]P"`[0xffffffa2]J[0xffffffc2]YM[0xffffff89][0xffffffe0][0xffffff89]*W[0xffffff9e],%[0xfffffff2]&[0xffffffaa]\[0xffffffb5]r[0xffffff94]H[0xffffff99][0xffffffa8][0xffffffd2][0xffffffe2][0xffffffdd][0xffffffa0][0xffffff84][0xffffff9b][0xffffffa8]z^[0x13][0xfffffffb][0x3][0x7]>Qu[0x7]LT[0xffffffdd]fG[0xffffffa5]0[0xffffffe0][0xffffffd8]D[0xffffffd5]-K)$%B&[0xffffffaa]l [0x19]J[0x4]LTI8[0xffffffab])[0x11]<Q[0xffffffe5][0xffffffca][0xffffff93][0xffffffa5]D[0xffffffde]D[0xffffff95][0xffffffab]V[0xffffff8e][0x12])[0x13]UZ[0xffffffbc][0x1b][0xffffff94]p[0x13]UOo[0x17]E[0x9]|[0xffffffa2][0xffffffea][0xe][0xffffff98][0xffffffa8][0xffffffba][0xffffffcd][0xffffff8e]Ja[0xffffffc0][0xffffffb1][0xffffff89][0xffffffaa][[0xffffff96]RHJ[0xffffff84]LT[0xffffffd9]@2[0xffffff94][0x8][0xffffff98][0xffffffa8][0xffffff92]pVS"x[0xffffffa2][0xffffffca][0xffffff95]'K[0xffffff89][0xffffffbc][0xffffff89]*W[0xffffffad][0x1c]%R&[0xffffffaa][0xffffffb4]x[0xffffffb7]([0xffffffd1][0xffffffc3]([0xffffffd1]qJ[0xfffffff4][0x0]Jt[0xffffff94][0x12][0x1d][0xffffffa3]DO[0xffffffa2][0xffffffc4][0x1a]E[0xffffff8a][0x12][0x1a]H[0xffffff8a][0x12]k,[0x9]Jt[0xffffff98][0x12]=[0xffffff98][0x12]R[0xffffff9e]4%L[0xffffff97][0xffffffd2][0xffffff94][0xffffff90]j%)[0xffffffd1]S([0xffffffd1][0xffffffff][0xffffff9a][0x12]n[0xffffffed][0xfffffff2][0xffffffb9]:v[0x18][0x14]_[0xffffffbb][0xffffffbc][0x3][0xffffffd6].o3[0xffffffc9]V[0x18]pl[0xffffffed][0xfffffff2][0xffffff96][0xffffffd1]5[0xffffff92][0x12]!k[0xffffff97]6[0xffffff90][0xc]%[0x2][0xffffffd6].%[0xffffff9c][0xffffffd5][0xffffff94][0x8]^[0xffffffbb]t[0xffffffe5][0xffffffc9]R"o[0xffffffed][0xffffffd2]U+G[0xffffff89][0xffffff94][0xffffffb5]K-[0xffffffde]-J[0xffffff98][0xffffffb7][0x12](%[0xffffffe8][0xffffffb7][0x12]O[0xffffffc0][[0xffffff89]G[0xffffffe9]\[0x1a]p[0xffffffea][0xffffffad][0xffffffc4][0xffffff93][0xfffffff4]VB[0xffffffa3]HQ"[0xffffffe5][0xffffffad][0xffffff84][0xffffffc6][0xffffff92][0xffffffa0][0x4][0xfffffffb]Vb[0xffffff8d]h[0x16]%[0xffffffc2][0xffffffde]J[0xffffffd8].[0xffffffa5])[0x11][0xfffffff4]VB[0xffffff9a][0xffffff96][0xffffffa3][0xffffffc4][0x7f][0xfffffff1]V[0xffffffe2][0x8][0xffffffa3][0xffffffc4][0xffffff81]S[0xffffffe2][0x8][0xffffffa0][0xffffffc4][0xffffff81]R[0xffffffe2][0xffffffc0](q$Qb[0xffffff8d]"E[0x9][\r]$E[0xffffff89]5[0xffffff96][0x4]%[0xe][0xffffff98][0x12]G0%[0xffffffa4]<iJ[0xffffff98].[0xffffffa5])![0xffffffd5]JR[0xffffffe2]H[0xffffffa1][0xffffffc4][0xfffffff1][0x1f]P[0xffffffa2][0xffffffa5]Y[0xffffffa2][0xfffffff1][0xffffff98]h[0x9][0xffffff9a]h,'[0x1a][0xffffffe7][0xffffff89][0x16][0x5][\n]"
[DEBUG] http-outgoing-1 << "[0xffffffc9]#%[\n]"
[DEBUG] http-outgoing-1 << "[0xffffff93]J[0xffffff8a][0x14][0xffffff92]M[0xffffffc2][0x14][0xffffff8d]FEKV[0xffffff85][0xffffffd6]([0xffffffcd][\n]"
[DEBUG] http-outgoing-1 << "[0xffffffd7][0xffffffaa][0xffffffb4]+[0xffffffb4]dIX[0xffffffac][0xffffff9d][0xffffffcb][0xffffffc9]b[0xffffffad][0xffffffe0]-Z[0xfffffff4]3[0xffffff8c][0x16][0x1d][0xffffffbe][0xffffffe0][0xffffffeb][0xfffffffb][0x11]xZt[0xfffffff0][0xffffff8a][0xffffffaf][0xffffffef][0xffffff9f][0xffffffa7]h[0xffffffd1]s.[0xfffffff9]ry[0xffffffa4]haRI[0xffffffd1]B[0xffffffb2]I[0xffffffd0][0xffffffa2][0xffffffa3][0x17]}iN[0xffffffb3]h[0xffffffa1]5J[0xffffffd3][0xffffffc2][0xffffffb5]*M[0xb]-Y[0xffffff92][0x16]k[0xffffffe7]r[0xffffffb4]X+x[0xffffff8b][0x16]G[0xffffffda][[0xffffff8b][0xffffff83][0x7f]kq$[0xffffffbc][0xffffffb5]8[0xffffffd8][0xffffffb7][0x16][0x7][0xfffffff7][0xffffffd6][0xffffffe2][0xffffff88]zk!y[0xffffffa4]haRI[0xffffffd1]B[0xffffffb2]I[0xffffffd0][0xffffffe2][0xffffffa0][0xffffffdf]Z[0x1c][0xffffffc9]o-[0xffffffb4]FiZ[0xffffffb8]V[0xffffffa5]i[0xffffffa1]%K[0xffffffd2]b[0xffffffed]\[0xffffff8e][0x16]k[0x5]o[0xffffffd1]b[0xffffffcc]0Z[0xffffff8c][0xffffff89][0xffffffd3][0xffffffe2][0xffffffe3][0x11]xZ[0xfffffffc]x[0x8][0xffffff8a][0x16][0x1f]?O[0xffffffd1][0xffffffe2][0xfffffffb][0xffffffa7]Sh!y[0xffffffa4]haRI[0xffffffd1]B[0xffffffb2]I[0xffffffd0]bIh=-[0xffffff96][0xffffff9c]f[0xffffffd1]Bk[0xffffff94][0xffffffa6][0xffffff85]kU[0xffffff9a][0x16]Z[0xffffffb2]$-[0xffffffd6][0xffffffce][0xffffffe5]h[0xffffffb1]V[0xfffffff0][0x16]-[0xffffff9e]+[0xffffff8c][0x16][0xffffffcf][0xffffff85][0xffffffd3][0xffffffe2][0xffffffe3][0x11]xZ[0xfffffffc]x[0x8][0xffffff8a][0x16][0x1f]?O[0xffffffd1][0xffffffe2][0xfffffffb][0xffffffa7]Sh!y[0xffffffa4]haRI[0xffffffd1]B[0xffffffb2]I[0xffffffd0]bIh=-[0xffffff96][0xffffff9c]f[0xffffffd1]Bk[0xffffff94][0xffffffa6][0xffffff85]kU[0xffffff9a][0x16]Z[0xffffffb2]$-[0xffffffd6][0xffffffce][0xffffffe5]h[0xffffffb1]V[0xfffffff0][0x1e]-[0xffffffee]4Z[0xffffffdc]<-[0xffffffee][0x4]Z[0xffffffdc],-n[0xffffff8e][0x16]w[0x14]-[0xffffffd6]<b[0xffffffb4][0xffffffd0]Tb[0xffffffb4]X[0xffffffb3][0xffffff89][0xffffffd0][0xffffffe2][0xffffffa6]iq'[0xffffffd3]Bj[0x14][0xffffffa7][0xffffff85]iU[0xffffff9c][0x16]R[0xffffffb2](-[0xffffffee][0x18]Z[0xffffffdc][0xffffffff][0x1]-[0xffffffda][0xffffffeb][0x9][0xffffffb3][0xffffffc5][0xffffffc7][0x13][0xffffffe1][0xffffffb8][0xfffffff8]|[0x6]^[0x17]?[0xffffff9f][0xffffff82][0xffffffe2][0xffffffc5][0xffffffe7][0xffffffef]S[0xffffffbe][0xfffffff8][0xfffffff1][0xffffffdb])[0xffffffc0][0xffffffd0]PR[0xffffffc2]p[0xffffffd1][0xffffffa4][0xffffff88][0xffffffa1][0x1]%[0xffffff8c][0xffffffb1][0xffffffc6][0xffffffb4][0x1e][0x19]kX[0xffffffb3][0xffffff94]a[\n]"
[DEBUG] http-outgoing-1 << "[0xffffff95]f[0xffffff86][0xffffffed]W[0xffffffda][0x19][0xffffffa6]nIhH[0xfffffffb]r[0xffffffd2][0xffffff90]2[0xffffffde][0xffffffa2]F[0x7f][0xffffff9d]a[0xffffffd4][0xfffffff8]x"[0xffffff9c][0x1a][0xffffff9f][0xffffffcf][0xffffffc0]S[0xffffffe3][0xffffffe7]SP[0xffffffd4][0xfffffff8][0xfffffffc]}[0xffffff8a][0x1a]?~;[0xffffff85][0x1a][0x1a]J[0xffffff8a][0x1a].[0xffffff9a][0x14]54[0xffffffa0][0x4]5[0xffffffd6][0xffffff98][0xffffffd6]Sc[\r]k[0x16]5L[0xffffffa1][0xffffffd2][0xffffffd4][0xffffffb0][0xfffffffd]JS[0xffffffc3][0xffffffd4]-I[\r]i_[0xffffff8e][0x1a]R[0xffffffc6]{[0xffffffd4][0x18]q[0xffffffd4][0x18][0x1][0xffffffd4][0x18][0x11][0xffffffd4][0x18]05[0x6]H[0xffffff8d][0xffffff91]E[\r][0x9]%F[\r][0x13]M[0xffffff8c][0x1a][0x12]P[0xffffff84][0x1a][0x3][0xffffffa7][0xffffffc6][0xffffff88][0xffffffa6][0xffffff86][0x16]*N[\r][0xffffffd7][0xffffffaf]85[0xffffffb4]nQj[0xffffffac][0xffffffed][0xb]Rc-[0xffffffe3]?[0xffffffa1]F[0xffffffff][0xfffffffe]W[0xffffffa6][0xffffffb9]Cd[0xffffffb6][0xfffffff3]([0xffffff87][0xffffffc6][0xffffffef][0xffffffe7][0xffffffa1][0xffffff98][0xfffffff1][0xffffff8f]'[0xffffffc0][0xffffff90][0xffffffb1]<C11[0xfffffffe][0xfffffff1][0xffffffeb][0xffffffc5][0xffffffc0][0xfffffff8][0xffffffdf]_[0xffffff86]y[0xfffffff1]6[0xffffff8a][0xffffffc5][0xffffffb8][0xfffffff8][0xffffff97]@[0x16][0xffffffd3][0xffffffe2]m,[0xb]a[0xfffffff1]&[0xffffff9c]e[0xffffffac]x[0x13][0xffffffd1][0x8]T[0xffffffbc]/O[0xffffff88][0x14][0xffffffff][0xffffffd6][0xffffffa5][0x10]([0xffffffde]W+[0xffffffc0][0xffffff89]wM[[0xffffff8e][0xffffff89]w[0xffffffc5][0xfffffffb][0xffffffe7][0xffffff94]x^[0xffffff8e][0x12][0xffffffc7]qC[0xffffff94][0xfffffff8]|[0x1e][0xffffff96][0x12]_O[0x0]S[0xffffffe2][0xffffffd7]3 [0xffffff94][0xfffffff8][0xfffffffa]u[0xffffff84][0x12]?[0x7f]9[0xffffff82][0x12]&[0xffffff8a][0x8]%l [0x11]J[0xffffff98]X[0xffffff96]SB[0xffffffc2]YL[0x9][0xffffff89]h[0x10]%\y[0xffffffa2][0xffffff94][0xfffffff0]][0xffffff8a]R[0xffffffc2]U+F[0x9]mZ[0xffffff88][0x12]Z[0xffffffbc][0x1b][0xffffff94]h[0xffffff8e][0x12][0xfffffff7][0xffffff89]Q[0xffffffa2][0xffffffe1][0xffffff94]h[0x1][0xffffff94]h[0xffffff9a][0xfffffff7][0xffffffc2][0xffffff80]7[0xffffff8c][0x12]-[0xffffff89][0x12][0x1a]E[0xffffff86][0x12].[0xffffff90][0xc]%4[0xffffff96][0xfffffff5][0xffffff94]X[0xffffffc3]YM[0xffffff89]5[0xffffffa2]I[0xffffff94]0[0xffffffe5][0xffffffc9]R[0xffffffc2]v)K[0x9]S[0xffffffad][0x1c]%[0xffffffa4]i)JH[0xfffffff1]nP[0xffffffe2]PJ[0xffffffdc][0xffffffaf][0xffffffe3][0xffffffa6][0xfffffffe][0xffffffc0][0xfffffff1][0xfffffff9]<0%[0xffffff8e][0x0]J[0x1c][0xffffff9a][0xfffffff7][0xffffffc2][0xffffff80][0x1f][0x18]%[0xffffff8e]$Jh[0x14][0x19]J[0xffffffb8]@2[0xffffff94][0xffffffd0]X[0xffffffd6]Sb[\r]g5%[0xffffffd6][0xffffff88]&Q[0xffffffc2][0xffffff94]'K[0x9][0xffffffdb][0xffffffa5],%L[0xffffffb5]r[0xffffff94][0xffffff90][0xffffffa6][0xffffffa5](![0xffffffc5][0xffffffbb]A[0xffffff89][0xffffffd3]Q[0xffffffe2][0xfffffffa][0xfffffffa][0xffffffdf][0xb][0xffffffa1][0xffffffc4][0xffffff89]S[0xffffffe2][0xc][0xffffffa0][0xffffffc4][0xffffffa9]y/[0xc][0xfffffff8][0xffffff89]Q[0xffffffe2]L[0xffffffa2][0xffffff84]F[0xffffff91][0xffffffa1][0xffffff84][0xb]$C[0x9][0xffffff8d]e=%[0xffffffd6]pVSb[0xffffff8d]h[0x12]%Ly[0xffffffb2][0xffffff94][0xffffffb0]][0xffffffca]R[0xffffffc2]T+G[0x9]iZ[0xffffff8a][0x12]R[0xffffffbc][0x1b][0xffffff94][0xffffffb8][0x1c]%[0xffffffe6]qR[0xffffff94][0xffffffb8]pJ\[0x1][0xffffff94][0xffffffb8]4[0xffffffef][0xffffff85][0x1][0xffffffbf]0J\I[0xffffff94][0xffffffd0](2[0xffffff94]p[0xffffff81]d([0xffffffa1][0xffffffb1][0xffffffac][0xffffffa7][0xffffffc4][0x1a][0xffffffce]jJ[0xffffffac][0x11]M[0xffffffa2][0xffffff84])O[0xffffff96][0x12][0xffffffb6]KYJ[0xffffff98]j[0xffffffe5](!MKQB[0xffffff8a]w[0xffffff83][0x12][0xffffffc3]Rbb[0xffffff94][0x18]8%F[0x0]%[0xffffff86][0xffffffe6][0xffffffbd]0[0xffffffe0][0x3][0xffffffa3][0xffffffc4]H[0xffffffa2][0xffffff84]F[0xffffff91][0xffffffa1][0xffffff84][0xb]$C[0x9][0xffffff8d]e=%[0xffffffd6]pVSb[0xffffff8d]h[0x12]%Ly[0xffffffb2][0xffffff94][0xffffffb0]][0xffffffca]R[0xffffffc2]T+G[0x9]iZ[0xffffff8a][0x12]R[0xffffffbc][0x1b][0xffffff94][0xffffffb8][\r]%[0xffffffda]k[0xc][0xffffff8a][0x12]7N[0xffffff89];[0xffffff80][0x12][0xffffffb7][0xffffffe6][0xffffffbd]0[0xffffffe0]7F[0xffffff89];[0xffffff89][0x12][0x1a]E[0xffffff86][0x12].[0xffffff90][0xc]%4[0xffffff96][0xfffffff5][0xffffff94]X[0xffffffc3]YM[0xffffff89]5[0xffffffa2]I[0xffffff94]0[0xffffffe5][0xffffffc9]R[0xffffffc2]v)K[0x9]S[0xffffffad][0x1c]%[0xffffffa4]i)JH[0xfffffff1]nP[0xffffffe2]q[0xffffff94]h[\r][0xfffffffb]V[0xffffffe2][0xffffffc1])[0xfffffff1][0x4]P[0xffffffe2][0xffffffd1][0xffffffbc][0x17][0x6][0xfffffffc][0xffffffc1]([0xfffffff1]$QB[0xffffffa3][0xffffffc8]P[0xffffffc2][0x5][0xffffff92][0xffffffa1][0xffffff84][0xffffffc6][0xffffffb2][0xffffff9e][0x12]k8[0xffffffab])[0xffffffb1]F4[0xffffff89][0x12][0xffffffa6]<YJ[0xffffffd8].e)a[0xffffffaa][0xffffff95][0xffffffa3][0xffffff84]4-E[0x9])[0xffffffde][\r]J[0xffffff98][0xffffff89][0xffffffaa][0xf]Jpo%[0xfffffff0][0xffffff89][0xffffffaa]'`[0xffffffa2][0xffffffea]1;*[0xffffff85][0x1][0xffffffc7]&[0xffffffaa][0x1e]YJ!)[0x11]2Qe[0x3][0xffffffc9]P"`[0xffffffa2]J[0xffffffc2]YM[0xffffff89][0xffffffe0][0xffffff89]*W[0xffffff9e],%[0xfffffff2]&[0xffffffaa]\[0xffffffb5]r[0xffffff94]H[0xffffff99][0xffffffa8][0xffffffd2][0xffffffe2][0xfffffffd]sJL3Qu[0x7f][0xfffffffc]?O[0xffffff88][0x12][0x13][0xffffff9f][0xffffffa8][0xffffff9a][0x1][0x13]U[0xffffffd3][0xffffffec][0xffffffa8][0xffffffd4][0x5]|b[0x13]US[0xffffff96]R@J[0xffffff98]("[0xffffff94][0xffffffb0][0xffffff81]D(abYN[0x9][0x9]g1%$[0xffffffa2]A[0xffffff94]p[0xffffffe5][0xffffff89]R[0xffffffc2]w)J[0x9]W[0xffffffad][0x18]%[0xffffffb4]i!Jh[0xfffffff1]nP[0xffffffc2]LT[0xffffffdd][0xffffffed]~[0xffffffa8][0xffffff89][0xffffffaa][0xffffff89]OT[0xffffffcd][0xffffff80][0xffffff89][0xffffffaa]ivT[\n]"
[DEBUG] http-outgoing-1 << "[0x3][0xffffff8e]MTMYJ!)[0x11]2Qe[0x3][0xffffffc9]P"`[0xffffffa2]J[0xffffffc2]YM[0xffffff89][0xffffffe0][0xffffff89]*W[0xffffff9e],%[0xfffffff2]&[0xffffffaa]\[0xffffffb5]r[0xffffff94]H[0xffffff99][0xffffffa8][0xffffffd2][0xffffffe2][0xffffffdd][0xffffffa0]Dw[0xffffff94][0xffffff98]O[0xffffffa3]([0xffffffd1]qJ[0xfffffff4][0x0]Jt[0xffffffcd]{a[0xffffffc0];F[0xffffff89][0xffffff9e]D[0x9][0xffffff8d]"C[0x9][0x17]H[0xffffff86][0x12][0x1a][0xffffffcb]zJ[0xffffffac][0xffffffe1][0xffffffac][0xffffffa6][0xffffffc4][0x1a][0xffffffd1]$J[0xffffff98][0xfffffff2]d)a[0xffffffbb][0xffffff94][0xffffffa5][0xffffff84][0xffffffa9]V[0xffffff8e][0x12][0xffffffd2][0xffffffb4][0x14]%[0xffffffa4]x7([0xffffffe1][0xffffffd6].[0xfffffffb]y[0xffffff9e][0x14]%[0xfffffff0][0xffffffb5][0xffffffcb][0x19][0xffffffb0]v9[0xffffffcd]$[a[0xffffffc0][0xffffffb1][0xffffffb5][0xffffffcb])[0xffffffa3]k$%B[0xffffffd6].m [0x19]J[0x4][0xffffffac]]J8[0xffffffab])[0x11][0xffffffbc]v[0xffffffe9][0xffffffca][0xffffff93][0xffffffa5]D[0xffffffde][0xffffffda][0xffffffa5][0xffffffab]V[0xffffff8e][0x12])k[0xffffff97]Z[0xffffffbc][[0xffffff94][0xffffffe8]a[0xffffff94][0xffffffe8]8%z[0x0]%:J[0xffffff89][0xffffff8e]Q[0xffffffa2]'Qb[0xffffff8d]"E[0x9][\r]$E[0xffffff89]5[0xffffff96][0x4]%:L[0xffffff89][0x1e]L[0x9])O[0xffffff9a][0x12][0xffffffa6]KiJH[0xffffffb5][0xffffff92][0xffffff94][0xffffffe8])[0xffffff94][0xffffffe8][0x7f]M[0x9]7[0xffffff9c][0xffffffdd][0xffffffaf][0xffffff8b]:[0xc]:[0xfffffff1][0xffffffe1][0xffffffec][0x19]0[0xffffff9c]=[0xffffffcd][0xffffffba]ka[0xffffffc0][0xffffffb1][0xffffffe1][0xffffffec])[0xfffffffb][0xffffffad]$%B[0xffffff86][0xffffffb3]m [0x19]J[0x4][0xc]gK8[0xffffffab])[0x11]<[0xffffff9c][0xffffffed][0xffffffca][0xffffff93][0xffffffa5]D[0xffffffde]p[0xffffffb6][0xffffffab]V[0xffffff8e][0x12])[0xffffffc3][0xffffffd9]Z[0xffffffbc][[0xffffff94]0o%PJ[0xffffffd0]o%[0xffffffce][0xffffff80][0xffffffb7][0x12][0xffffffa7][0xffffffd2][0xffffffb9]4[0xffffffe0][0xffffffd4][[0xffffff89]3[0xffffffe9][0xffffffad][0xffffff84]F[0xffffff91][0xffffffa2]D[0xffffffca][[0x9][0xffffff8d]%A[0x9][0xfffffff6][0xffffffad][0xffffffc4][0x1a][0xffffffd1],J[0xffffff84][0xffffffbd][0xffffff95][0xffffffb0]]JS"[0xffffffe8][0xffffffad][0xffffff84]4-G[0xffffff89][0xffffffbf][0x7f]+[0xffffffe1][0xffffffd6].[0xffffff8f][0xfffffff1]L[0xffffff8a][0x12][0xfffffff8][0xffffffda][0xffffffe5][0xc]X[0xffffffbb][0xffffff9c]f[0xffffff92][0xffffffad]0[0xffffffe0][0xffffffd8][0xffffffda][0xffffffe5][0xffffff94][0xffffffd1]5[0xffffff92][0x12]!k[0xffffff97]6[0xffffff90][0xc]%[0x2][0xffffffd6].%[0xffffff9c][0xffffffd5][0xffffff94][0x8]^[0xffffffbb]t[0xffffffe5][0xffffffc9]R"o[0xffffffed][0xffffffd2]U+G[0xffffff89][0xffffff94][0xffffffb5]K-[0xffffffde][\r]J[0xffffffb8][0xffffffb5][0xffffffcb][0xffffffe3][0xffffffb9].[0xffffff8a][0x12][0xfffffff8][0xffffffda][0xffffffe5][0xc]X[0xffffffbb][0xffffff9c]f[0xffffff92][0xffffffad]0[0xffffffe0][0xffffffd8][0xffffffda][0xffffffe5][0xffffff94][0xffffffd1]5[0xffffff92][0x12]!k[0xffffff97]6[0xffffff90][0xc]%[0x2][0xffffffd6].%[0xffffff9c][0xffffffd5][0xffffff94][0x8]^[0xffffffbb]t[0xffffffe5][0xffffffc9]R"o[0xffffffed][0xffffffd2]U+G[0xffffff89][0xffffff94][0xffffffb5]K-[0xffffffde][\r]J[0xffffffb8][0xffffffb5][0xffffffcb][0xffffffb3][0x1f][0xffffffd4][0xffffffda][0xffffffe5][0xffffffc4][0xffffffd7].g[0xffffffc0][0xffffffda][0xffffffe5]4[0xffffff93]l[0xffffff85][0x1][0xffffffc7][0xffffffd6].[0xffffffa7][0xffffff8c][0xffffffae][0xffffff91][0xffffff94][0x8]Y[0xffffffbb][0xffffffb4][0xffffff81]d([0x11][0xffffffb0]v)[0xffffffe1][0xffffffac][0xffffffa6]D[0xfffffff0][0xffffffda][0xffffffa5]+O[0xffffff96][0x12]yk[0xffffff97][0xffffffae]Z9J[0xffffffa4][0xffffffac]]j[0xfffffff1][0xfffffffe]1%[0xffffff9e][0xffffff97][[0xffffffbb]<;5Q[0xfffffff5][0xfffffff5]<(%[0xffffffbe][0xffffff9f][0xffffff80][0xffffffa5][0xffffffc4][0xffffffef]g ([0xfffffff1][0xfffffffd][0xffffffeb][0x4]%~[0xfffffffd]r[0x2]%\[0x14][0x9]J[0xfffffff8]@[0x12][0xffffff94]p[0xffffffb1][0xffffffac][0xffffffa6][0xffffff84][0xffffff86][0xffffffb3][0xffffff96][0x12][0x1a][0xffffffd1][0x1c]J[0xffffffd8][0xfffffff2]$)[0xfffffff1][0xffffffa6]KIJ[0xffffffd8]j[0xffffffa5](a[0xffffff9a][0xffffff96][0xffffffa1][0xffffff84])[0xffffffde][\r]J[0xffffffb8][0xffffffb5][0xffffffcb][0xfffffff3]8[0xffffffa1][0xffffffcf].[0xffffffbf][0xffffff9e][0x7][0xffffffa6][0x4][0xffffffbf]v[0xfffffff9][0xfffffffb][0x19][0x18]JPk[0xffffff97][0xffffffbf]~9[0xffffff83][0x12][0x19]k[0xffffff97]>[0xffffff90][0xc]%[0xfffffff8][0xffffffb5]K[\r]g5%r[0xffffffd7].my[0xffffffb2][0xffffff94][0xffffff88][[0xffffffbb][0xffffffb4][0xffffffd5][0xffffffca]Q"d[0xffffffed][0xffffffd2][0x14][0xffffffef][0x6]%[0xffffffba][0xffffffa5][0x4][0xfffffff7]V[0xffffffa2][0xffffffe3][0xffffff94][0xffffffe8][0x1][0xffffff94][0xffffffe8][0xffffff9a][0xfffffff7][0xffffffc2][0xffffff80]w[0xffffff8c][0x12]=[0xffffff89][0x12][0x1a]E[0xffffff86][0x12].[0xffffff90][0xc]%4[0xffffff96][0xfffffff5][0xffffff94]X[0xffffffc3]YM[0xffffff89]5[0xffffffa2]I[0xffffff94]0[0xffffffe5][0xffffffc9]R[0xffffffc2]v)K[0x9]S[0xffffffad][0x1c]%[0xffffffa4]i)JH[0xfffffff1]nP[0xffffffc2][0xffffffad]][0xffffff9e][0xffffffe7][0x1][0xffffff9d][0xffffffe0][0xfffffff8]z[0x1e][0xffffff98][0x12][0xfffffffc][0xffffffda][0xffffffe5][0xffffffef]g`(A[0xffffffad]][0xfffffffe][0xfffffffa][0xffffffe5][0xc]Jd[0xffffffac]][0xfffffffa]@2[0xffffff94][0xffffffe0][0xffffffd7].5[0xffffff9c][0xffffffd5][0xffffff94][0xffffffc8]][0xffffffbb][0xffffffb4][0xffffffe5][0xffffffc9]R"n[0xffffffed][0xffffffd2]V+G[0xffffff89][0xffffff90][0xffffffb5]KS[0xffffffbc][[0xffffff94]ha[0xffffff94]h8%Z[0x0]%[0x1a]J[0xffffff89][0xffffff86]Q[0xffffffa2]%Qb[0xffffff8d]"E[0x9][\r]$E[0xffffff89]5[0xffffff96][0x4]%[0x1a]L[0xffffff89][0x16]L[0x9])O[0xffffff9a][0x12][0xffffffa6]KiJH[0xffffffb5][0xffffff92][0xffffff94]h)[0xffffff94]h[0x7f]M[0x9][0xffffffb7]vy^[0xffffffcf]AQ[0xffffff82]^[0xffffffbb][0xfffffffc]~[0x2][0xffffff9a][0x12][0xffffffe4][0xffffffda][0xffffffe5][0xfffffff7][0xffffffaf]3[0xffffff94][0x8]Z[0xffffffbb]tQd([0xffffff91][0xffffffb2]v[0xffffffe9]bYO[0x9]v[0xffffffed]R#[0xffffff9a]D[0xffffff89][0xffffffb0][0xffffffb5][0xffffffcb]7][0xffffffca]R"h[0xffffffed][0xffffffd2]4-E[0xffffff89][0xffffffbf]_[0xffffffbb]|^[0xffffff97][0xffffffa1][0xffffffc4][0xfffffff5]z[0xffffffbd](J\8%[0xffffffae][0x0]J\[0xffffff9a][0xfffffff7][0xffffffc2][0xffffff80]_[0x18]%[0xffffffae]$Jh[0x14][0x19]J[0xffffffb8]@2[0xffffff94][0xffffffd0]X[0xffffffd6]Sb[\r]g5%[0xffffffd6][0xffffff88]&Q[0xffffffc2][0xffffff94]'K[0x9][0xffffffdb][0xffffffa5],%L[0xffffffb5]r[0xffffff94][0xffffff90][0xffffffa6][0xffffffa5](![0xffffffc5][0xffffffbb]A[0xffffff89][0xffffffe1]([0xffffffd1].[0xffffffec][0xffffffb3][0xffffffcb][0xffffff81]Sb[0x4]Pbh[0xffffffde][0xb][0x3]>0J[0xffffff8c]$Jh[0x14][0x19]J[0xffffffb8]@2[0xffffff94][0xffffffd0]X[0xffffffd6]Sb[\r]g5%[0xffffffd6][0xffffff88]&Q[0xffffffc2][0xffffff94]'K[0x9][0xffffffdb][0xffffffa5],%L[0xffffffb5]r[0xffffff94][0xffffff90][0xffffffa6][0xffffffa5](![0xffffffc5][0xffffffbb]A[0x9]7[0xffffff9c]}[0xffffff8d][0x3];[0xc]J[0xf]g[0x7f]?[0x1]M[0x9]r8[0xfffffffb][0xfffffffb][0xffffffd7][0x19]J[0x4][\r]g[0xffffffbb](2[0xffffff94]H[0x19][0xffffffce]v[0xffffffb1][0xffffffac][0xffffffa7][0x4];[0xffffff9c][0xffffffad][0x11]M[0xffffffa2]D[0xffffffd8]p[0xfffffff6][0xffffff9b].e)[0x11]4[0xffffff9c]m[0xffffff9a][0xffffff96][0xffffffa2][0xffffffc4][0xffffffdf][0xf]g?/7[0xffffff9c]}}[0xfffffffc][0xffffffd3][0x14]%[0xffffffe8][0xffffffe1][0xffffffec][0xffffffef]'[0xffffffa0])A[0xe]g[0x7f][0xffffffff]:C[0xffffff89][0xffffffa0][0xffffffe1]l[0x17]E[0xffffff86][0x12])[0xffffffc3][0xffffffd9].[0xffffff96][0xfffffff5][0xffffff94]`[0xffffff87][0xffffffb3]5[0xffffffa2]I[0xffffff94][0x8][0x1b][0xffffffce]~[0xffffffd3][0xffffffa5],%[0xffffff82][0xffffff86][0xffffffb3]M[0xffffffd3]R[0xffffff94][0xfffffff8][0xfffffffb][0xffffffe1][0xffffffec][0xffffffe7][0xffffffe5][0xffffff86][0xffffffb3][0xffffffc7][0xffffffab]?[0x14]%[0xffffffe8][0xffffffe1][0xffffffec][0xffffffef]'[0xffffffa0])A[0xe]g[0x7f][0xffffffff]:C[0xffffff89][0xffffffa0][0xffffffe1]l[0x17]E[0xffffff86][0x12])[0xffffffc3][0xffffffd9].[0xffffff96][0xfffffff5][0xffffff94]`[0xffffff87][0xffffffb3]5[0xffffffa2]I[0xffffff94][0x8][0x1b][0xffffffce]~[0xffffffd3][0xffffffa5],%[0xffffff82][0xffffff86][0xffffffb3]M[0xffffffd3]R[0xffffff94][0xfffffff8][0xf][0xffffff86][0xffffffb3][0xffffff9b][0x1b][0xffffffce][0x1e]}4[0xffffff88][0x12][\r][0x1f][0xffffffce]n[0x1][0xffffffc3][0xffffffd9][0xffffffcd][0xffffffac][0xffffffbb][0xffffffd6][0x5][0xffffffbc]a[0xffffffc3][0xffffffd9]M[0xfffffff6][AJ[0xffffff98]("[0xffffff94][0xffffffb0][0xffffff81]D(abYN[0x9][0x9]g1%$[0xffffffa2]A[0xffffff94]p[0xffffffe5][0xffffff89]R[0xffffffc2]w)J[0x9]W[0xffffffad][0x18]%[0xffffffb4]i!Jh[0xfffffff1]nP[0xffffffc2][\r]g[0xffffff8f][0xffffffbb]A[0xffffffd7]y}=[0xf]L[0xffffff89][0xffffff80][0xffffffe1][0xffffffec]f[0xffffffd6]][0xb][0x3][0xffffff8e][\r]g7[0xffffffd9]o%)[0x11]2[0xffffff9c]m[0x3][0xffffffc9]P"`8[[0xffffffc2]YM[0xffffff89][0xffffffe0][0xffffffe1]lW[0xffffff9e],%[0xfffffff2][0xffffff86][0xffffffb3]][0xffffffb5]r[0xffffff94]H[0x19][0xffffffce][0xffffffd6][0xffffffe2][0xffffffdd][0xffffffa2]D[0xf][0xffffffa3]D[0xffffffc7])[0xffffffd1][0x3]([0xffffffd1]QJt[0xffffff8c][0x12]=[0xffffff89][0x12]k[0x14])Jh )J[0xffffffac][0xffffffb1]$([0xffffffd1]aJ[0xfffffff4]`JHy[0xffffffd2][0xffffff94]0]JSB[0xffffffaa][0xffffff95][0xffffffa4]DO[0xffffffa1]D[0xffffffff]kJt[0xfffffff7]V[0xffffffe2]91Jt[0xfffffffc][0xffffffad]D[0xf]x+[0xffffffd1][0xffffff95][0xffffffce][0xffffff85][0x1][0xffffffef][0xffffffd8][[0xffffff89][0xffffff9e][0xfffffff4]VB[0xffffffa3][0xffffffc8]P[0xffffffc2][0x5][0xffffff92][0xffffffa1][0xffffff84][0xffffffc6][0xffffffb2][0xffffff9e][0x12]k8[0xffffffab])[0xffffffb1]F4[0xffffff89][0x12][0xffffffa6]<YJ[0xffffffd8].e)a[0xffffffaa][0xffffff95][0xffffffa3][0xffffff84]4-E[0x9])[0xffffffde][\r]J[0xffffffb8];8[0xffffffee][0xffffffde][0xffffffa8][0xffffffc3][0xffffffa0][\r][0xffffffbf][0xffffff83][0xffffffa3][0x5][0xffffffdc][0xffffffc1][0xffffffd1][0xffffffcc]P|a[0xffffffc0][0xffffffb1];8[0xffffff9a]L[0xffffffc1][0xffffff93][0xffffff94][0x8][0xffffffb9][0xffffff83][0xffffffc3][0x6][0xffffff92][0xffffffa1]D[0xffffffc0][0x1d][0x1c][0x12][0xffffffce]jJ[0x4][0xffffffdf][0xffffffc1][0xffffffe1][0xffffffca][0xffffff93][0xffffffa5]D[0xffffffde][0x1d][0x1c][0xffffffae]Z9J[0xffffffa4][0xffffffdc][0xffffffc1][0xffffffa1][0xffffffc5][0xffffffbb]A[0x9]7[0xffffff9c]}[0xfffffff7][0x7]{+[0xffffff81][0xf]g[0xffffffb7][0xffffff80][0xffffffe1][0xffffffec]f[0xffffffd6]][0xb][0x3][0xffffff8e][\r]g7[0xffffffd9]o%)[0x11]2[0xffffff9c]m[0x3][0xffffffc9]P"`8[[0xffffffc2]YM[0xffffff89][0xffffffe0][0xffffffe1]lW[0xffffff9e],%[0xfffffff2][0xffffff86][0xffffffb3]][0xffffffb5]r[0xffffff94]H[0x19][0xffffffce][0xffffffd6][0xffffffe2][0xffffffdd][0xffffffa0][0xffffff84][0x1b][0xffffffce][0xffffffbe][0xf][0xffffffee][0xf][0x1c][0xfffffff8]pv[0xb][0x18][0xffffffce]nf[0xffffffdd][0xffffffb5]0[0xffffffe0][0xffffffd8]pv[0xffffff93][0xfffffffd]V[0xffffff92][0x12]![0xffffffc3][0xffffffd9]6[0xffffff90][0xc]%[0x2][0xffffff86][0xffffffb3]%[0xffffff9c][0xffffffd5][0xffffff94][0x8][0x1e][0xffffffce]v[0xffffffe5][0xffffffc9]R"o8[0xffffffdb]U+G[0xffffff89][0xffffff94][0xffffffe1]l-[0xffffffde][\r]J[0xffffffb8][0xffffffe1][0xffffffec][0xfffffffb][0xffffff98][0xffffffd4]u^[\r][0x1f][0xffffffce]n[0x1][0xffffffc3][0xffffffd9][0xffffffcd][0xffffffac][0xffffffbb][0x16][0x6][0x1c][0x1b][0xffffffce]n[0xffffffb2][0xffffffdf]JR"d8[0xffffffdb][0x6][0xffffff92][0xffffffa1]D[0xffffffc0]p[0xffffffb6][0xffffff84][0xffffffb3][0xffffff9a][0x12][0xffffffc1][0xffffffc3][0xffffffd9][0xffffffae]<YJ[0xffffffe4][\r]g[0xffffffbb]j[0xffffffe5]([0xffffff91]2[0xffffff9c][0xffffffad][0xffffffc5][0xffffffbb]A[0x9]7[0xffffff9c]}[0xffffff9f]'u[0xffffff9d]W[0xffffffc3][0xffffff87][0xffffffb3][[0xffffffc0]pv3[0xffffffeb][0xffffffae][0xffffff85][0x1][0xffffffc7][0xffffff86][0xffffffb3][0xffffff9b][0xffffffec][0xffffffb7][0xffffff92][0xffffff94][0x8][0x19][0xffffffce][0xffffffb6][0xffffff81]d([0x11]0[0xffffff9c]-[0xffffffe1][0xffffffac][0xffffffa6]D[0xfffffff0]p[0xffffffb6]+O[0xffffff96][0x12]y[0xffffffc3][0xffffffd9][0xffffffae]Z9J[0xffffffa4][0xc]gk[0xfffffff1][0xfffffffe]9%[0xffffffba][0xffffff9b][0xffffffa8]z^[0xf]5Q[0xffffffd5][0xfffffff1][0xffffff89][0xffffffaa][0x1e]0Q[0xffffffd5][0xffffffcd][0xffffff8e]J][0xffffffc0];6Q[0xffffffd5]e)[0x5][0xffffffa4][0xffffff84][0xffffff89]"B[0x9][0x1b]H[0xffffff84][0x12]&[0xffffff96][0xffffffe5][0xffffff94][0xffffff90]p[0x16]SB"[0x1a]D[0x9]W[0xffffff9e](%|[0xffffff97][0xffffffa2][0xffffff94]p[0xffffffd5][0xffffff8a]QB[0xffffff9b][0x16][0xffffffa2][0xffffff84][0x16][0xffffffef][0x6]%[0xffffffdc]D[0xffffffd5][0xffffffd3][0xffffffe7][0xffffffa4]([0xffffff81]OT[0xfffffff5][0xffffff80][0xffffff89][0xffffffaa]nvT[\n]"
[DEBUG] http-outgoing-1 << "[0x3][0xffffff8e]MTuYJ!)[0x11]2Qe[0x3][0xffffffc9]P"`[0xffffffa2]J[0xffffffc2]YM[0xffffff89][0xffffffe0][0xffffff89]*W[0xffffff9e],%[0xfffffff2]&[0xffffffaa]\[0xffffffb5]r[0xffffff94]H[0xffffff99][0xffffffa8][0xffffffd2][0xffffffe2][0xffffffdd][0xffffffa2][0xffffff84]NT[0xffffffb1][0xffffff94][0xffffff80]'[0xffffffaa]z[0xffffffc0]DU7;*[0xffffffa5][0x1][0xffffff87]&[0xffffffaa][0xffffffba],[0xffffffa5][0xffffffb0][0xffffff94][0xffffff88][0xffffff98][0xffffffa8][0xffffffb2][0xffffff81][0xffffffa4]([0xffffff81]OTI8[0xffffffeb])[0x11];Q[0xffffffe5][0xffffffca][0xffffff93][0xffffffa6]D[0xffffffda]D[0xffffff95][0xffffffab]V[0xffffff92][0x12][0x19][0x13]UZ[0xffffffbc][0x1b][0xffffff94]p[0xffffffbb][0x12][0xffffffcf][0xffffffc4][0xe][0xffffff83]v|W[0xffffffa2][0x7][0xffffffec]Jts[0xfffffff8][0xffffffb9]0[0xffffffe0][0xffffffd8][0xffffffae]D[0xffffff97][0xffffffe3][0xffffffcd]$%Bv%l [0x19]J[0x4][0xffffffec]JH8[0xffffffab])[0x11][0xffffffbc]+[0xffffffe1][0xffffffca][0xffffff93][0xffffffa5]D[0xffffffde][0xffffffae][0xffffff84][0xffffffab]V[0xffffff8e][0x12])[0xffffffbb][0x12]Z[0xffffffbc][0x1b][0xffffff94]p[0xffffffbb][0x12][0xfffffff3][0xffffffec][0xffffffd8][[0x9]|W[0xffffffa2][0x7][0xffffffec]Jts[0xfffffff8][0xffffffb9]0[0xffffffe0][0xffffffd8][0xffffffae]D[0xffffff97][0xffffffe3][0xffffffcd]$%Bv%l [0x19]J[0x4][0xffffffec]JH8[0xffffffab])[0x11][0xffffffbc]+[0xffffffe1][0xffffffca][0xffffff93][0xffffffa5]D[0xffffffde][0xffffffae][0xffffff84][0xffffffab]V[0xffffff8e][0x12])[0xffffffbb][0x12]Z[0xffffffbc][0x1b][0xffffff94]0[0xffffff87]A[0xffffff9f]Wk7E[0x9][0xfffffffc]0h[0xf]8[0xc][0xffffffda][0xffffffcd][0xffffff89][0xffffffa5][0xffffffc2][0xffffff80]c[0xffffff87]A[0xffffffbb][0xffffff9c]I")[0x11]r[0x18][0xffffffd4][0x6][0xffffff92][0xffffffa1]D[0xffffffc0]aP[0x9]g5%[0xffffff82][0xf][0xffffff83][0xffffffba][0xfffffff2]d)[0xffffff91]w[0x18][0xffffffd4]U+G[0xffffff89][0xffffff94][0xffffffc3][0xffffffa0]Z[0xffffffbc][0x1b][0xffffff94]0[0xffffff87]A[0xffffff9f][0xffffffd7]qu[0xffffff8a][0x12][0xfffffff8]a[0xffffffd0][0x1e]p[0x18][0xffffffb4][0xffffff9b][0x13]K[0xffffff85][0x1][0xffffffc7][0xe][0xffffff83]v9[0xffffff93]DR"[0xffffffe4]0[0xffffffa8][\r]$C[0xffffff89][0xffffff80][0xffffffc3][0xffffffa0][0x12][0xffffffce]jJ[0x4][0x1f][0x6]u[0xffffffe5][0xffffffc9]R"[0xffffffef]0[0xffffffa8][0xffffffab]V[0xffffff8e][0x12])[0xffffff87]A[0xffffffb5]x7([0xfffffff1]8J[0xffffffdc][0xfffffff7]CQ[0xffffffe2][0xffffffc1])[0xfffffff1][0x4]P[0xffffffe2][0xffffffd1][0xffffffbc][0x17][0x6][0xfffffffc][0xffffffc1]([0xfffffff1]$QB[0xffffffa3][0xffffffc8]P[0xffffffc2][0x5][0xffffff92][0xffffffa1][0xffffff84][0xffffffc6][0xffffffb2][0xffffff9e][0x12]k8[0xffffffab])[0xffffffb1]F4[0xffffff89][0x12][0xffffffa6]<YJ[0xffffffd8].e)a[0xffffffaa][0xffffff95][0xffffffa3][0xffffff84]4-E[0x9])[0xffffffde][\r]JLG[0xffffff89][0xffffffe7][0xffffffc4]v%&N[0xffffff89][0x19]@[0xffffff89][0xffffffa9]y/[0xc][0xfffffff8][0xffffffc4](1[0xffffff93]([0xffffffa1]Qd([0xffffffe1][0x2][0xffffffc9]PBcYO[0xffffff89]5[0xffffff9c][0xffffffd5]"
[DEBUG] http-outgoing-1 << "[0xffffff94]X#[0xffffff9a]D[0x9]S[0xffffff9e],%l[0xffffff97][0xffffffb2][0xffffff94]0[0xffffffd5][0xffffffca]QB[0xffffff9a][0xffffff96][0xffffffa2][0xffffff84][0x14][0xffffffef][0xffffff9f]S[0xffffffe2]0[0x13]U[0x1f][0xffffff94][0xffffff98][0xffffffd4][0xffffffda][0xffffffe5][0xffffff81]OT[0x1d][0x1][0x13]U[0xffffff87][0xffffffd9]Q[0xffffffa9][0xb][0xfffffff8][0xffffff81]MT[0x1d][0xffffffb2][0xffffff94][0x2]R[0xffffffc2]D[0x11][0xffffffa1][0xffffff84][\r]$B[0x9][0x13][0xffffffcb]rJH8[0xffffff8b])![0x11][\r][0xffffffa2][0xffffff84]+O[0xffffff94][0x12][0xffffffbe]KQJ[0xffffffb8]j[0xffffffc5]([0xffffffa1]M[0xb]QB[0xffffff8b]w[0xffffff83][0x12][0xffffffdd]P[0xffffffa2][0xffffffbd][0x1a]F[0xffffff89][0xffffff8e]S[0xffffffa2][0x7]P[0xffffffa2]k[0xffffffde][0xb][0x3][0xffffffde]1J[0xfffffff4]$Jh[0x14][0x19]J[0xffffffb8]@2[0xffffff94][0xffffffd0]X[0xffffffd6]Sb[\r]g5%[0xffffffd6][0xffffff88]&Q[0xffffffc2][0xffffff94]'K[0x9][0xffffffdb][0xffffffa5],%L[0xffffffb5]r[0xffffff94][0xffffff90][0xffffffa6][0xffffffa5](![0xffffffc5][0xffffffbb]A[0x9][0xffffffb3]+[0xfffffff1][0xffffffff][0xffffffcd][0xffffffdd]Y[0xffffffae][0xffffffe4]H[0xffffffda][0xffffff83][0xffffffe9][0xfffffffb]^[0xffffffcc][0xf][0xffffffb7]A[0xffffffd3]bz)[0xffffffbd][0xfffffff7]>CdF[0xffffff94][0xffffff91][0x1e]@X$[0xffffffbe][0xffffff97]5[0xffffffa0].[\n]"
[DEBUG] http-outgoing-1 << "8[0x12][0x12][0x4][0xfffffff1]@.[0xffffffd1][0xffffffee][0xffffffd6][0xffffffbe]n[0x13][0xffffffa1][0x4][0xffffffbe]+1[0x2]v%[0xffffff86][0xfffffff9][0xfffffff8][0xffffffb9]0[0xffffffe0][0xffffffd8][0xffffffae][0xffffffc4][0xffffff90][0xffffffcf][0xffffff9b]IJ[0xffffff84][0xffffffec]J[0xffffffd8]@2[0xffffff94][0x8][0xffffffd8][0xffffff95][0xffffff90]pVS"xW[0xffffffc2][0xffffff95]'K[0xffffff89][0xffffffbc]][0x9]W[0xffffffad][0x1c]%Rv%[0xffffffb4]x7(av%[0xffffffee]v[0xffffff9c][0xffffffd4][0xffffffbb][0x12][0x3][0xffffffdf][0xffffff95][0x18][0x1][0xffffffbb][0x12][0xffffffc3]|[0xfffffffc]\[0x18]plWb[0xffffffc8][0xffffffe7][0xffffffcd]$%Bv%l [0x19]J[0x4][0xffffffec]JH8[0xffffffab])[0x11][0xffffffbc]+[0xffffffe1][0xffffffca][0xffffff93][0xffffffa5]D[0xffffffde][0xffffffae][0xffffff84][0xffffffab]V[0xffffff8e][0x12])[0xffffffbb][0x12]Z[0xffffffbc][[0xffffff94][0x18]a[0xffffff94][0x18]8%F[0x0]%[0x6]J[0xffffff89][0xffffff81]Qb$Qb[0xffffff8d]"E[0x9][\r]$E[0xffffff89]5[0xffffff96][0x4]%[0x6]L[0xffffff89][0x11]L[0x9])O[0xffffff9a][0x12][0xffffffa6]KiJH[0xffffffb5][0xffffff92][0xffffff94][0x18])[0xffffff94][0x18][0xffffffff][0x1]%[0xffffffce]0J[0xffffff9c]8%[0xffffffce][0x0]J[0xffffff9c](%N[0xffffff8c][0x12]g[0x12]%[0xffffffd6](R[0xffffff94][0xffffffd0]@R[0xffffff94]XcIP[0xffffffe2][0xffffff84])q[0x6]SB[0xffffffca][0xffffff93][0xffffffa6][0xffffff84][0xffffffe9]R[0xffffff9a][0x12]R[0xffffffad]$%[0xffffffce][0x14]J[0xffffff9c][0xffffffff][0x1]%[0xffffffda][0x11]f[0xffffff89]v[0xffffffe0][0xffffff98][0xfffffff8][0xffffffb8][0x5]^[0x13]?n[0xffffff82][0xffffffe2][0xffffffc4][0xffffffc7][0xffffffe5])O|_:[0x5][0x14][0xffffff92]GJ[0x14]&[0xffffff95][0x14])$[0xffffff9b][0xffffff84])[0xffffff96][0xffffff84][0xffffffd6][0xffffffa3]b[0xffffffc9]i[0xffffff96]*[0xffffffb4]FiV[0xffffffb8]V[0xffffffa5]][0xffffffa1]%K[0xffffffc2]b[0xffffffed]\N[0x16]k[0x5]o[0xffffffd1][0xffffffe2][0xffffffeb][0xffffff9f]N[0x12]-[0x6]|V[0xffffffe8][0xfffffff7]-[0xfffffff0][0xffffffb4][0x18][0xffffffe0]i[0xffffffa1][0xffffffdf][0xffffff97][0xffffffa7]h1r[0xffffffce][0xb]uy[0xffffffa4]haRI[0xffffffd1]B[0xffffffb2]I[0xffffffd0]b[0xffffffa0]g[0xffffff86]jN[0xffffffb3]h[0xffffffa1]5J[0xffffffd3][0xffffffc2][0xffffffb5]*M[0xb]-Y[0xffffff92][0x16]k[0xffffffe7]r[0xffffffb4]X+x[0xffffff8b][0x16]3[0xffffffed][0x17][0xffffff90][0xffffffc9][0xffffffff][0x4]2[0x13]~[0x3][0xffffff99][0xffffffec][0xffffff8f] [0xffffff93][0xfffffffb][0x15]dF[0xfffffffd][0xc]"y[0xffffffa4]haRI[0xffffffd1]B[0xffffffb2]I[0xffffffd0]b[0xffffffd2]?[0xffffff85][0xffffffcc][0xffffffe4][0xffffffdf]B[0xffffffb4]FiZ[0xffffffb8]V[0xffffffa5]i[0xffffffa1]%K[0xffffffd2]b[0xffffffed]\[0xffffff8e][0x16]k[0x5]o[0xffffffd1][0xffffffe2][0xffffffb8][0xffffffc2]hq\8->n[0xffffff81][0xffffffa7][0xffffffc5][0xffffff8f][0xffffff9b][0xffffffa0]h[0xfffffff1]qy[0xffffff8a][0x16][0xffffffdf][0xffffff97]N[0xffffffa1][0xffffff85][0xffffffe4][0xffffff91][0xffffffa2][0xffffff85]I%E[0xb][0xffffffc9]&A[0xffffff8b]%[0xffffffa1][0xfffffff5][0xffffffb4]Xr[0xffffff9a]E[0xb][0xffffffad]Q[0xffffff9a][0x16][0xffffffae]UiZh[0xffffffc9][0xffffff92][0xffffffb4]X;[0xffffff97][0xffffffa3][0xffffffc5]Z[0xffffffc1][[0xffffffb4][0xffffffb8][0xffffffd3]>[0x1][0xffffffb9][0xfffffff9]o@[0xffffffee][0xffffff84][0xffffff8f]@n[0xfffffff6]+[0xffffff90][0xffffff9b][0xfffffffb][0xc][0xffffffe4][0xffffff8e][0xfffffffa][0xe]D[0xfffffff2]H[0xffffffd1][0xffffffc2][0xffffffa4][0xffffff92][0xffffffa2][0xffffff85]d[0xffffff93][0xffffffa0][0xffffffc5]M[0x7f][0xb]r'[0x7f][0xc][0xffffffa2]5J[0xffffffd3][0xffffffc2][0xffffffb5]*M[0xb]-Y[0xffffff92][0x16]k[0xffffffe7]r[0xffffffb4]X+x[0xffffff8b][0x16][0xffffffad][0xffffffa5]-U|[0xffffffdc][0x11][0xffffff8e][0xffffff8b][0xffffffcf]{[0xffffffe0]u[0xfffffff1][0xffffffcf]]P[0xffffffbc][0xfffffff8][0xffffffbc]>[0xffffffe5][0xffffff8b][0x1f][0xffffffd7]N[0x1][0xffffff86][0xffffff86][0xffffff92][0x12][0xffffff86][0xffffff8b]&E[0xc][\r](a[0xffffff8c]5[0xffffffa6][0xfffffff5][0xffffffc8]X[0xffffffc3][0xffffff9a][0xffffffa5][0xc]S[0xffffffa8]43l[0xffffffbf][0xffffffd2][0xffffffce]0uKBC[0xffffffda][0xffffff97][0xffffff93][0xffffff86][0xffffff94][0xfffffff1]&5Z[0x1c]5Z[0x0]5Z[0x4]5[0x1a]L[0xffffff8d][0x6]R[0xffffffa3]eQc[\r]%G[\r][0xffffff8d]&G[0xffffff8d]5[0xffffffa0][0xc]5[0x1a]N[0xffffff8d][0x16]M[\r])T[0xffffff9e][0x1a][0xffffffa6]_yjH[0xffffffdd][0xffffffb2][0xffffffd4]h9[0xffffffd4]h[0xffffffff][0x5]5[0xffffff8e]'[0xffffff8d][0x1a][0xffffffc7][0xffffffc3]S[0xffffffe3][0xffffffe3][0x1e][0x2][0xffffffa8][0xfffffff1][0xffffffe3].0j|\[0x1f][0xffffffa3][0xffffffc6][0xfffffff7][0xffffffb5]c[0xffffffa8]![0xffffffa1][0xffffffc4][0xffffffa8]a[0xffffffa2][0xffffff89]QC[0x2][0xffffff8a]Pc[0xffffff89])@[0xffffff8d]%[0xffffffac]a[0xffffffd4][0xffffffd0]B[0xffffffc5][0xffffffa9][0xffffffe1][0xfffffffa][0x15][0xffffffa7][0xffffff86][0xffffffd6]-J[0xffffff8d][0xffffffb5]}Aj[0xffffffac]e[0xfffffffc]'[0xffffffd4][0x18][0xffffffdf][0x7f][0xffffffe5]0C[0xffffffdf][0xffffffbd][0xffffffbd][0xffffff8e]rh[0xfffffffc][0xffffffbc][0x1f][0xffffff8a][0x19][0xffffffbf][0xffffffdc][0x1][0xffffff86][0xffffff8c][0xffffffe5][0x1e][0xffffff8a][0xffffff89][0xfffffff1][0xffffffcb][0xffffffd5][0xffffff8b][0xffffff81][0xfffffff1][0xffffffbf]W[0xffffff86]y[0xfffffff1]6[0xffffff8a][0xffffffc5][0xffffffb8][0xfffffff8]M [0xffffff8b]i[0xfffffff1]6[0xffffff96][0xffffff85][0xffffffb0]x[0x13][0xffffffce]2V[0xffffffbc][0xffffff89]h[0x4]*[0xffffffde][0xffffff97]'D[0xffffff8a][0xffffffdf]u)[0x4][0xffffff8a][0xfffffff7][0xffffffd5][\n]"
[DEBUG] http-outgoing-1 << "p[0xffffffe2]][0xffffffd3][0xffffff96]c[0xffffffe2]][0xfffffff1]nQB[0xffffffdf][0xfffffff2]d)[0xffffff81][0xffffffbd][0xffffffe4][0xfffffff9][0xffffffcb][0x1d][0xfffffff0][0xffffff94]@^[0xfffffff1][0xfffffffc][0xffffffe5][0xffffffea][0x14]%[0x12]^[0xfffffff0]|[0x1b]E[0xffffff8a][0x12][0xfffffff8][0xffffffeb][0xffffff9d]ocIP[0x2]z[0xffffffb9][0xfffffff3]MD[0xffffffb3]([0xffffff91][0xfffffff2]j[0xffffffe7][0xffffffef][0xffffffba][0xffffff94][0xffffffa6]D[0xffffffc2][0xffffff8b][0xffffff9d][0xffffffef][0xffffff9a][0xffffff96][0xffffffa3][0xffffffc4]_[0xffffffbc][0xffffffd6][0xfffffff9][0xffffffe3]o[0xffffff9c][0xffffffee][0xffffffa9][0xffffffc4]u[0xffffffde][0x14]%N[0xfffffffc][0xffffffa9][0xffffffc4][0x19][0xfffffff0]T[0xffffffe2]T:[0x17][0x6][0xfffffffc][0xffffffc4][0xffffff9e]J[0xffffff9c]IO%4[0xffffff8a][0xc]%\ [0x19]Jh,[0xffffffeb])[0xffffffb1][0xffffff86][0xffffffb3][0xffffff9a][0x12]kD[0xffffff93](a[0xffffffca][0xffffff93][0xffffffa5][0xffffff84][0xffffffed]R[0xffffff96][0x12][0xffffffa6]Z9JH[0xffffffd3]R[0xffffff94][0xffffff90][0xffffffe2][0xffffffdd][0xffffffa0][0xffffffc4][0xffffffe5]([0xfffffff1][0x0]oR[0xfffffffc][0xffffffbc][0x1f][0xffffff98][0x12]W[0x0]%.[0xffffffcd]{a[0xffffffc0]/[0xffffff8c][0x12]W[0x12]%4[0xffffff8a][0xc]%\ [0x19]Jh,[0xffffffeb])[0xffffffb1][0xffffff86][0xffffffb3][0xffffff9a][0x12]kD[0xffffff93](a[0xffffffca][0xffffff93][0xffffffa5][0xffffff84][0xffffffed]R[0xffffff96][0x12][0xffffffa6]Z9JH[0xffffffd3]R[0xffffff94][0xffffff90][0xffffffe2][0xffffffdd][0xffffffa0][0xffffffc4]m(1[0xffffffc6][0xfffffffd]P[0xffffff94][0xffffffb8]qJ[0xffffffdc][0x1][0xffffff94][0xffffffb8]5[0xffffffef][0xffffff85][0x1][0xffffffbf]1J[0xffffffdc]I[0xffffff94][0xffffffd0](2[0xffffff94]p[0xffffff81]d([0xffffffa1][0xffffffb1][0xffffffac][0xffffffa7][0xffffffc4][0x1a][0xffffffce]jJ[0xffffffac][0x11]M[0xffffffa2][0xffffff84])O[0xffffff96][0x12][0xffffffb6]KYJ[0xffffff98]j[0xffffffe5](!MKQB[0xffffff8a][0xfffffff7][0xffffffcf])1_[0xffffff8e][0x12][0xffffffcf]|A[0xffffff94][0xfffffff8][0xffffffbc][0x1f][0xffffff96][0x12]_w[0x0]S[0xffffffe2][0xffffffdf]{@([0xfffffff1]uu[0xffffff84][0x12][0xffffffff]\9[0xffffff82][0x12]&[0xffffff8a][0x8]%l [0x11]J[0xffffff98]X[0xffffff96]SB[0xffffffc2]YL[0x9][0xffffff89]h[0x10]%\y[0xffffffa2][0xffffff94][0xfffffff0]][0xffffff8a]R[0xffffffc2]U+F[0x9]mZ[0xffffff88][0x12]Z[0xffffffbc][0x1b][0xffffff94]h[0xffffff86][0x12][0xfffffff3][0xfffffff5][0x1a][0x14]%[0x1a]N[0xffffff89][0x16]@[0xffffff89][0xffffffa6]y/[0xc]x[0xffffffc3]([0xffffffd1][0xffffff92]([0xffffffa1]Qd([0xffffffe1][0x2][0xffffffc9]PBcYO[0xffffff89]5[0xffffff9c][0xffffffd5][0xffffff94]X#[0xffffff9a]D[0x9]S[0xffffff9e],%l[0xffffff97][0xffffffb2][0xffffff94]0[0xffffffd5][0xffffffca]QB[0xffffff9a][0xffffff96][0xffffffa2][0xffffff84][0x14][0xffffffef][0x6]%[0xffffffba][0xffffffa5][0xffffffc4][0xffffffd1])Jt[0xffffff9c][0x12]=[0xffffff80][0x12]][0xfffffff3]^[0x18][0xfffffff0][0xffffff8e]Q[0xffffffa2]'QB[0xffffffa3][0xffffffc8]P[0xffffffc2][0x5][0xffffff92][0xffffffa1][0xffffff84][0xffffffc6][0xffffffb2][0xffffff9e][0x12]k8[0xffffffab])[0xffffffb1]F4[0xffffff89][0x12][0xffffffa6]<YJ[0xffffffd8].e)a[0xffffffaa][0xffffff95][0xffffffa3][0xffffff84]4-E[0x9])[0xffffffde][\r]J[0xc]K[0xffffff89][0xffffff8b]zW[0xffffffe2][0xfffffff3]~`J[0xffffff8c][0x0]J[0xc][0xffffffcd]{a[0xffffffc0][0x7]F[0xffffff89][0xffffff91]D[0x9][0xffffff8d]"C[0x9][0x17]H[0xffffff86][0x12][0x1a][0xffffffcb]zJ[0xffffffac][0xffffffe1][0xffffffac][0xffffffa6][0xffffffc4][0x1a][0xffffffd1]$J[0xffffff98][0xfffffff2]d)a[0xffffffbb][0xffffff94][0xffffffa5][0xffffff84][0xffffffa9]V[0xffffff8e][0x12][0xffffffd2][0xffffffb4][0x14]%[0xffffffa4]x7(1[0x1d]%[0xffffffda][0xffffffbc](JL[0xffffff9c][0x12]3[0xffffff80][0x12]S[0xfffffff3]^[0x18][0xfffffff0][0xffffff89]Qb&QB[0xffffffa3][0xffffffc8]P[0xffffffc2][0x5][0xffffff92][0xffffffa1][0xffffff84][0xffffffc6][0xffffffb2][0xffffff9e][0x12]k8[0xffffffab])[0xffffffb1]F4[0xffffff89][0x12][0xffffffa6]<YJ[0xffffffd8].e)a[0xffffffaa][0xffffff95][0xffffffa3][0xffffff84]4-E[0x9])[0xffffffde][\r]J[0xffffffb8][0xffffff8f]A[0xffffffe7]3[0xffffffb0][0xffffffd7].[0xfffffff1][0xffffff8f]Ag[0xffffffc0][0xffffffc7][0xffffffa0][0xffffffd3]|[0xffffffb1]T[0x18]p[0xffffffec]c[0xffffffd0])[0xffffffdf]$[0xffffff91][0xffffff94][0x8][0xfffffff9][0x18][0xffffffd4][0x6][0xffffff92][0xffffffa1]D[0xffffffc0][0xffffffc7][0xffffffa0][0x12][0xffffffce]jJ[0x4][0x7f][0xc][0xffffffea][0xffffffca][0xffffff93][0xffffffa5]D[0xffffffde][0xffffffc7][0xffffffa0][0xffffffae]Z9J[0xffffffa4]|[0xc][0xffffffaa][0xffffffc5][0xffffffbb]E[0xffffff89][0x1e]F[0xffffff89][0xffffff8e]S[0xffffffa2][0x7]P[0xffffffa2][0xffffffa3][0xffffff94][0xffffffe8][0x18]%z[0x12]%[0xffffffd6](R[0xffffff94][0xffffffd0]@R[0xffffff94]XcIP[0xffffffa2][0xffffffc3][0xffffff94][0xffffffe8][0xffffffc1][0xffffff94][0xffffff90][0xfffffff2][0xffffffa4])a[0xffffffba][0xffffff94][0xffffffa6][0xffffff84]T+I[0xffffff89][0xffffff9e]B[0xffffff89][0xfffffffe][0xffffffd7][0xffffff94]p[0xffffffbb][0x12][0xffffffc7]h[0xffffffd4]p[0xfffffff6][0xffffffc4]w%f[0xffffffc0][0xffffffae][0xffffffc4]4[0x1f]?[0x17][0x6][0x1c][0xffffffdb][0xffffff95][0xffffff98][0xfffffff2]y3I[0xffffff89][0xffffff90]][0x9][0x1b]H[0xffffff86][0x12][0x1][0xffffffbb][0x12][0x12][0xffffffce]jJ[0x4][0xffffffef]J[0xffffffb8][0xfffffff2]d)[0xffffff91][0xffffffb7]+[0xffffffe1][0xffffffaa][0xffffff95][0xffffffa3]D[0xffffffca][0xffffffae][0xffffff84][0x16][0xffffffef][0xffffff9f]S[0xffffffe2]p[0xffffffbb][0x12][0xffffffe7][0xffffffab]S_p[0x1c][0xfffffff8][0xffffffae][0xffffffc4][0x11][0xffffffb0]+q[0xffffff98][0xffffff8f][0xffffff9f][0xffffffeb][0x2]~`[0xffffffbb][0x12][0xffffff87]|[0xffffffde][0xc]R[0xffffffc2]D[0x11][0xffffffa1][0xffffff84][\r]$B[0x9][0x13][0xffffffcb]rJH8[0xffffff8b])![0x11][\r][0xffffffa2][0xffffff84]+O[0xffffff94][0x12][0xffffffbe]KQJ[0xffffffb8]j[0xffffffc5]([0xffffffa1]M[0xb]QB[0xffffff8b]w[0xffffff83][0x12]nW[0xffffffe2][0xffffffec][0xffffff8d]z[0xffffffed][0xfffffff2][0xffffffc0]w%[0xffffff8e][0xffffff80]][0xffffff89][0xffffffc3]|[0xfffffffc]\[0x18]plW[0xffffffe2][0xffffff90][0xffffffcf][0xffffff9b]IJ[0xffffff84][0xffffffec]J[0xffffffd8]@2[0xffffff94][0x8][0xffffffd8][0xffffff95][0xffffff90]pVS"xW[0xffffffc2][0xffffff95]'K[0xffffff89][0xffffffbc]][0x9]W[0xffffffad][0x1c]%Rv%[0xffffffb4]x7([0xffffffe1]v%[0xffffffce][0xfffffff3][0xffffff85]=[0xffffff95][0xffffffc0]w%[0xffffff8e][0xffffff80]][0xffffff89][0xffffffc3]|[0xfffffffc]\[0x18]plW[0xffffffe2][0xffffff90][0xffffffcf][0xffffff9b]IJ[0xffffff84][0xffffffec]J[0xffffffd8]@2[0xffffff94][0x8][0xffffffd8][0xffffff95][0xffffff90]pVS"xW[0xffffffc2][0xffffff95]'K[0xffffff89][0xffffffbc]][0x9]W[0xffffffad][0x1c]%Rv%[0xffffffb4]x7(1[0x1c]%[0xffffffae]{R[0xffffff94][0x18]8%F[0x0]%[0xffffff86][0xffffffe6][0xffffffbd]0[0xffffffe0][0x3][0xffffffa3][0xffffffc4]H[0xffffffa2][0xffffff84]F[0xffffff91][0xffffffa1][0xffffff84][0xb]$C[0x9][0xffffff8d]e=%[0xffffffd6]pVSb[0xffffff8d]h[0x12]%Ly[0xffffffb2][0xffffff94][0xffffffb0]][0xffffffca]R[0xffffffc2]T+G[0x9]iZ[0xffffff8a][0x12]R[0xffffffbc][0x1b][0xffffff94]p[0xffffffbb][0x12]W[0x7f]Q[0xffffffaf]][0x1e][0xfffffff8][0xffffffae][0xffffffc4][0x11][0xffffffb0]+q[0xffffff98][0xffffff8f][0xffffff9f][0xb][0x3][0xffffff8e][0xffffffed]J[0x1c][0xfffffff2]y3I[0xffffff89][0xffffff90]][0x9][0x1b]H[0xffffff86][0x12][0x1][0xffffffbb][0x12][0x12][0xffffffce]jJ[0x4][0xffffffef]J[0xffffffb8][0xfffffff2]d)[0xffffff91][0xffffffb7]+[0xffffffe1][0xffffffaa][0xffffff95][0xffffffa3]D[0xffffffca][0xffffffae][0xffffff84][0x16][0xffffffef][0x6]%[0xe]K[0xffffff89][0x13]{*q[0xffffffe0][0xffffff94]8[0x2](qh[0xffffffde][0xb][0x3]~`[0xffffff94]8[0xffffff92]([0xffffffa1]Qd([0xffffffe1][0x2][0xffffffc9]PBcYO[0xffffff89]5[0xffffff9c][0xffffffd5][0xffffff94]X#[0xffffff9a]D[0x9]S[0xffffff9e],%l[0xffffff97][0xffffffb2][0xffffff94]0[0xffffffd5][0xffffffca]QB[0xffffff9a][0xffffff96][0xffffffa2][0xffffff84][0x14][0xffffffef][0x6]%NG[0xffffff89][0xfffffff1][0xffffffa2][0xffffff86][0xffffffb3]?[0xffffffef][0x7][0xffffffa6][0xffffffc4][0x19]@[0xffffff89]S[0xfffffff3]^[0x18][0xfffffff0][0x13][0xffffffa3][0xffffffc4][0xffffff99]D[0x9][0xffffff8d]"C[0x9][0x17]H[0xffffff86][0x12][0x1a][0xffffffcb]zJ[0xffffffac][0xffffffe1][0xffffffac][0xffffffa6][0xffffffc4][0x1a][0xffffffd1]$J[0xffffff98][0xfffffff2]d)a[0xffffffbb][0xffffff94][0xffffffa5][0xffffff84][0xffffffa9]V[0xffffff8e][0x12][0xffffffd2][0xffffffb4][0x14]%[0xffffffa4]x7([0xffffffe1][0xffffffd6].[0xffffffaf]q`_p[0xffffffe0]k[0xffffff97]G[0xffffffc0][0xffffffda][0xffffffe5]a&[0xffffffd9][\n]"
[DEBUG] http-outgoing-1 << "[0x3][0xffffff8e][0xffffffad]][0x1e]2[0xffffffba]FR"d[0xffffffed][0xffffffd2][0x6][0xffffff92][0xffffffa1]D[0xffffffc0][0xffffffda][0xffffffa5][0xffffff84][0xffffffb3][0xffffff9a][0x12][0xffffffc1]k[0xffffff97][0xffffffae]<YJ[0xffffffe4][0xffffffad]][0xffffffba]j[0xffffffe5]([0xffffff91][0xffffffb2]v[0xffffffa9][0xffffffc5][0xffffffbb]A[0x9]7QuMl[0xffffffa2][0xffffffea][0xffffffc0]'[0xffffffaa][0xffffff8e][0xffffff80][0xffffff89][0xffffffaa][0xffffffc3][0xffffffec][0xffffffa8][0x14][0x6][0x1c][0xffffff9b][0xffffffa8]:d)[0xffffff85][0xffffffa4]D[0xffffffc8]D[0xffffff95][\r]$C[0xffffff89][0xffffff80][0xffffff89]*[0x9]g5%[0xffffff82]'[0xffffffaa]\y[0xffffffb2][0xffffff94][0xffffffc8][0xffffff9b][0xffffffa8]r[0xffffffd5][0xffffffca]Q"e[0xffffffa2]J[0xffffff8b]w[0xffffff83][0x12][0xffffff8f][0xffffffa3][0xffffffc4][0xffffffc1]}[0xffffffc1][0xfffffff1][0xffffffe0][0xffffff94]x[0x2]([0xfffffff1]h[0xffffffde][0xb][0x3][0xfffffffe]`[0xffffff94]x[0xffffff92]([0xffffffa1]Qd([0xffffffe1][0x2][0xffffffc9]PBcYO[0xffffff89]5[0xffffff9c][0xffffffd5][0xffffff94]X#[0xffffff9a]D[0x9]S[0xffffff9e],%l[0xffffff97][0xffffffb2][0xffffff94]0[0xffffffd5][0xffffffca]QB[0xffffff9a][0xffffff96][0xffffffa2][0xffffff84][0x14][0xffffffef][0xffffff9f]S[0xffffffe2]tk[0xffffff97][0xffffffd7][0xfffffff3]4[0xffffff88][0x12]'[0xffffffbe]vy[0x6][0xffffffac]][0xffffff9e]f[0xffffff92][0xffffffad].[0xffffffe0]'[0xffffffb6]vy[0xffffffca][0xffffffe8][0x1a]H[0x9][0x13]E[0xffffff84][0x12]6[0xffffff90][0x8]%L,[0xffffffcb])![0xffffffe1],[0xffffffa6][0xffffff84]D4[0xffffff88][0x12][0xffffffae]<QJ[0xfffffff8].E)[0xffffffe1][0xffffffaa][0x15][0xffffffa3][0xffffff84]6-D[0x9]-[0xffffffde][\r]J[0xffffffb8][0xffffffb5][0xffffffcb][0xffffffbb]7j[0xffffffa2][0xffffffea][0xffffffc4][0xffffffd7].[0xffffffcf][0xffffff80][0xffffffb5][0xffffffcb][0xffffffd3]L[0xffffffb2][0x15][0x6][0x1c][[0xffffffbb]<et[0xffffff8d][0xffffffa4]D[0xffffffc8][0xffffffda][0xffffffa5][\r]$C[0xffffff89][0xffffff80][0xffffffb5]K[0x9]g5%[0xffffff82][0xffffffd7].]y[0xffffffb2][0xffffff94][0xffffffc8][[0xffffffbb]t[0xffffffd5][0xffffffca]Q"e[0xffffffed]R[0xffffff8b]w[0xffffff83][0x12]n[0xffffffed][0xfffffff2]>[0xffffffb8][0xffffffa7][0x12][0xfffffff8][0xffffffda][0xffffffe5][0x19][0xffffffb0]vy[0xffffff9a]I[0xffffffb6][0xffffffc2][0xffffff80]ck[0xffffff97][0xffffffa7][0xffffff8c][0xffffffae][0xffffff91][0xffffff94][0x8]Y[0xffffffbb][0xffffffb4][0xffffff81]d([0x11][0xffffffb0]v)[0xffffffe1][0xffffffac][0xffffffa6]D[0xfffffff0][0xffffffda][0xffffffa5]+O[0xffffff96][0x12]yk[0xffffff97][0xffffffae]Z9J[0xffffffa4][0xffffffac]]j[0xfffffff1]nPb8J[0xffffffdc][0xffffffaf][0xffffff9b][0xffffffa2][0xffffffc4][0xffffffc0])1[0x2](14[0xffffffef][0xffffff85][0x1][0x1f][0x18]%F[0x12]%4[0xffffff8a][0xc]%\ [0x19]Jh,[0xffffffeb])[0xffffffb1][0xffffff86][0xffffffb3][0xffffff9a][0x12]kD[0xffffff93](a[0xffffffca][0xffffff93][0xffffffa5][0xffffff84][0xffffffed]R[0xffffff96][0x12][0xffffffa6]Z9JH[0xffffffd3]R[0xffffff94][0xffffff90][0xffffffe2][0xffffffdd][0xffffffa0][0xffffff84][[0xffffffbb]|[0xffffffda]E}[0xffffffc1]q[0xffffffe2]k[0xffffff97]g[0xffffffc0][0xffffffda][0xffffffe5]i&[0xffffffd9][\n]"
[DEBUG] http-outgoing-1 << "[0x3][0xffffff8e][0xffffffad]][0xffffff9e]2[0xffffffba]FR"d[0xffffffed][0xffffffd2][0x6][0xffffff92][0xffffffa1]D[0xffffffc0][0xffffffda][0xffffffa5][0xffffff84][0xffffffb3][0xffffff9a][0x12][0xffffffc1]k[0xffffff97][0xffffffae]<YJ[0xffffffe4][0xffffffad]][0xffffffba]j[0xffffffe5]([0xffffff91][0xffffffb2]v[0xffffffa9][0xffffffc5][0xffffffbb]A[0x9][0xffffffb7]v[0xfffffff9][0xffffff8c][0x1b]{*[0xffffff81][0xffffffaf]][0xffffff9e][0x1]k[0xffffff97][0xffffffa7][0xffffff99]d+[0xc]8[0xffffffb6]vy[0xffffffca][0xffffffe8][0x1a]I[0xffffff89][0xffffff90][0xffffffb5]K[0x1b]H[0xffffff86][0x12][0x1]k[0xffffff97][0x12][0xffffffce]jJ[0x4][0xffffffaf]][0xffffffba][0xfffffff2]d)[0xffffff91][0xffffffb7]v[0xffffffe9][0xffffffaa][0xffffff95][0xffffffa3]D[0xffffffca][0xffffffda][0xffffffa5][0x16][0xffffffef][0x6]%[0xffffffdc][0xffffffda][0xffffffe5]s[0xffffffbe]&E[0x9]|[0xffffffed][0xfffffff2][0xc]X[0xffffffbb]<[0xffffffcd]$[a[0xffffffc0][0xffffffb1][0xffffffb5][0xffffffcb]SF[0xffffffd7]HJ[0xffffff84][0xffffffac]][0xffffffda]@2[0xffffff94][0x8]X[0xffffffbb][0xffffff94]pVS"x[0xffffffed][0xffffffd2][0xffffff95]'K[0xffffff89][0xffffffbc][0xffffffb5]KW[0xffffffad][0x1c]%R[0xffffffd6].[0xffffffb5]x7([0xffffffe1]&[0xffffffaa][0xffffff9e][0xfffffffb][0xffffffa6][0xffffffd6].O|[0xffffffa2][0xffffffea][0xc][0xffffff98][0xffffffa8]:[0xffffffcd][0xffffff8e]Ja[0xffffffc0][0xffffffb1][0xffffff89][0xffffffaa]S[0xffffff96]RHJ[0xffffff84]LT[0xffffffd9]@2[0xffffff94][0x8][0xffffff98][0xffffffa8][0xffffff92]pVS"x[0xffffffa2][0xffffffca][0xffffff95]'K[0xffffff89][0xffffffbc][0xffffff89]*W[0xffffffad][0x1c]%R&[0xffffffaa][0xffffffb4]x7([0xffffffe1]&[0xffffffaa][0xffffff9e][0xffffffe7][0xffffffc2]>[0x6][0xffffffc5]'[0xffffffaa][0xffffffce][0xffffff80][0xffffff89][0xffffffaa][0xffffffd3][0xffffffec][0xffffffa8][0x14][0x6][0x1c][0xffffff9b][0xffffffa8]:e)[0xffffff85][0xffffffa4]D[0xffffffc8]D[0xffffff95][\r]$C[0xffffff89][0xffffff80][0xffffff89]*[0x9]g5%[0xffffff82]'[0xffffffaa]\y[0xffffffb2][0xffffff94][0xffffffc8][0xffffff9b][0xffffffa8]r[0xffffffd5][0xffffffca]Q"e[0xffffffa2]J[0xffffff8b][0xfffffff7][0xffffffcf])q[0xffffff99][0xffffff89][0xffffffaa][0xffffffe7][0xfffffff5][0x1a][0x14]%.|[0xffffffa2][0xffffffea][\n]"
[DEBUG] http-outgoing-1 << "[0xffffff98][0xffffffa8][0xffffffba][0xffffffcc][0xffffff8e]J][0xffffffc0]/l[0xffffffa2][0xffffffea][0xffffff92][0xffffffa5][0x14][0xffffff90][0x12]&[0xffffff8a][0x8]%l [0x11]J[0xffffff98]X[0xffffff96]SB[0xffffffc2]YL[0x9][0xffffff89]h[0x10]%\y[0xffffffa2][0xffffff94][0xfffffff0]][0xffffff8a]R[0xffffffc2]U+F[0x9]mZ[0xffffff88][0x12]Z[0xffffffbc][0x1b][0xffffff94]0[0x13]U[0x1f][0xffffff94][0xffffffb8][0xffffffa8][0xffffff93]A/|[0xffffffa2][0xffffffea][\n]"
[DEBUG] http-outgoing-1 << "[0xffffff98][0xffffffa8][0xffffffba][0xffffffcc][0xffffff8e]Ja[0xffffffc0][0xffffffb1][0xffffff89][0xffffffaa]K[0xffffff96]RHJ[0xffffff84]LT[0xffffffd9]@2[0xffffff94][0x8][0xffffff98][0xffffffa8][0xffffff92]pVS"x[0xffffffa2][0xffffffca][0xffffff95]'K[0xffffff89][0xffffffbc][0xffffff89]*W[0xffffffad][0x1c]%R&[0xffffffaa][0xffffffb4]x7(a&[0xffffffaa][0xffffff9e]W[0x1b][0xffffffd4]D[0xffffffd5][0xffffff85]OT][0x1][0x13]U[0xffffff97][0xffffffd9]Q)[0xc]86Qu[0xffffffc9]R[\n]"
[DEBUG] http-outgoing-1 << "I[0xffffff89][0xffffff90][0xffffff89]*[0x1b]H[0xffffff86][0x12][0x1][0x13]U[0x12][0xffffffce]jJ[0x4]OT[0xffffffb9][0xfffffff2]d)[0xffffff91]7Q[0xffffffe5][0xffffffaa][0xffffff95][0xffffffa3]D[0xffffffca]D[0xffffff95][0x16][0xffffffef][0x6]%[0xffffff86][0xffffffa3]D[0x7f][0xffffffb0][0xffffffa7][0x12][0x3][0xffffffa7][0xffffffc4][0x8][0xffffffa0][0xffffffc4][0xffffffd0][0xffffffbc][0x17][0x6]|`[0xffffff94][0x18]I[0xffffff94][0xffffffd0](2[0xffffff94]p[0xffffff81]d([0xffffffa1][0xffffffb1][0xffffffac][0xffffffa7][0xffffffc4][0x1a][0xffffffce]jJ[0xffffffac][0x11]M[0xffffffa2][0xffffff84])O[0xffffff96][0x12][0xffffffb6]KYJ[0xffffff98]j[0xffffffe5](!MKQB[0xffffff8a]w[0xffffff83][0x12]f[0xffffffa2][0xffffffea]y]'[0xfffffff6]T[0x2][0xffffff9f][0xffffffa8][0xffffffba][0x2]&[0xffffffaa].[0xffffffb3][0xffffffa3]R[0x18]pl[0xffffffa2][0xffffffea][0xffffff92][0xffffffa5][0x14][0xffffff92][0x12]![0x13]U6[0xffffff90][0xc]%[0x2]&[0xffffffaa]$[0xffffff9c][0xffffffd5][0xffffff94][0x8][0xffffff9e][0xffffffa8]r[0xffffffe5][0xffffffc9]R"o[0xffffffa2][0xffffffca]U+G[0xffffff89][0xffffff94][0xffffff89]*-[0xffffffde]-J[0xfffffff4]0Jt[0xffffff9c][0x12]=[0xffffff80][0x12][0x1d][0xffffffa5]D[0xffffffc7]([0xffffffd1][0xffffff93]([0xffffffb1]F[0xffffff91][0xffffffa2][0xffffff84][0x6][0xffffff92][0xffffffa2][0xffffffc4][0x1a]K[0xffffff82][0x12][0x1d][0xffffffa6]D[0xf][0xffffffa6][0xffffff84][0xffffff94]'M[0x9][0xffffffd3][0xffffffa5]4%[0xffffffa4]ZIJ[0xfffffff4][0x14]J[0xfffffff4][0xffffffbf][0xffffffa6][0xffffff84]Y[0xffffffbb]|^[0xffffffdc][0xffffffc7][0xffffffa0][0x17][0xffffffbe]vy[0x5][0xffffffac]]^f[0xffffff92][0xffffffad]0[0xffffffe0][0xffffffd8][0xffffffda][0xffffffe5]%[0xffffffa3]k$%B[0xffffffd6].m [0x19]J[0x4][0xffffffac]]J8[0xffffffab])[0x11][0xffffffbc]v[0xffffffe9][0xffffffca][0xffffff93][0xffffffa5]D[0xffffffde][0xffffffda][0xffffffa5][0xffffffab]V[0xffffff8e][0x12])k[0xffffff97]Z[0xffffffbc][0x1b][0xffffff94]0k[0xffffff97]O[0xffffff9b][0x1d]{*[0xffffff81][0xffffffaf]]^[0x1]k[0xffffff97][0xffffff97][0xffffff99]d+[0xc]8[0xffffffb6]vy[0xffffffc9][0xffffffe8][0x1a]I[0xffffff89][0xffffff90][0xffffffb5]K[0x1b]H[0xffffff86][0x12][0x1]k[0xffffff97][0x12][0xffffffce]jJ[0x4][0xffffffaf]][0xffffffba][0xfffffff2]d)[0xffffff91][0xffffffb7]v[0xffffffe9][0xffffffaa][0xffffff95][0xffffffa3]D[0xffffffca][0xffffffda][0xffffffa5][0x16][0xffffffef][0x16]%f[0x18]%&N[0xffffff89][0x19]@[0xffffff89][0xffffff89]Rbb[0xffffff94][0xffffff98]I[0xffffff94]X[0xffffffa3]HQB[0x3]IQb[0xffffff8d]%A[0xffffff89][0x9]Sb[0x6]SB[0xffffffca][0xffffff93][0xffffffa6][0xffffff84][0xffffffe9]R[0xffffff9a][0x12]R[0xffffffad]$%f[\n]"
[DEBUG] http-outgoing-1 << "%[0xffffffe6]_S[0xffffffe2]rO%[0xffffffce]1)J\[0xfffffff8]S[0xffffff89]+[0xffffffe0][0xffffffa9][0xffffffc4][0xffffffa5]t.[0xc][0xfffffff8][0xffffff85]=[0xffffff95][0xffffffb8][0xffffff92][0xffffff9e]Jh[0x14][0x19]J[0xffffffb8]@2[0xffffff94][0xffffffd0]X[0xffffffd6]Sb[\r]g5%[0xffffffd6][0xffffff88]&Q[0xffffffc2][0xffffff94]'K[0x9][0xffffffdb][0xffffffa5],%L[0xffffffb5]r[0xffffff94][0xffffff90][0xffffffa6][0xffffffa5](![0xffffffc5][0xffffffbb]A[0x9]s[0x6][0xffffffc7][0xffffffd3]_[0xffffff83]:d[0xfffffffc][0xffffffc2][0xffffffcf][0xffffffe0][0xffffffb8][0x2][0xffffffce][0xffffffe0][0xffffffb8][0xffffffcc]P|a[0xffffffc0][0xffffffb1]38.[0xffffff99][0xffffff82]')[0x11]r[0x6][0xffffff87][\r]$C[0xffffff89][0xffffff80]38$[0xffffff9c][0xffffffd5][0xffffff94][0x8]>[0xffffff83][0xffffffc3][0xffffff95]'K[0xffffff89][0xffffffbc]38\[0xffffffb5]r[0xffffff94]H9[0xffffff83]C[0xffffff8b]w[0xffffff83][0x12][0xffffffe6][0xc][0xffffff8e][0xffffffa7][0x7f][0xfffffffc][0xffffff97][0xffffffa2][0x4]~[0x6][0xffffffc7][0x15]p[0x6][0xffffffc7]e[0xffffff86][0xffffffe2][0xb][0x3][0xffffff8e][0xffffff9d][0xffffffc1]q[0xffffffc9][0x14]<I[0xffffff89][0xffffff90]38l [0x19]J[0x4][0xffffff9c][0xffffffc1]![0xffffffe1][0xffffffac][0xffffffa6]D[0xfffffff0][0x19][0x1c][0xffffffae]<YJ[0xffffffe4][0xffffff9d][0xffffffc1][0xffffffe1][0xffffffaa][0xffffff95][0xffffffa3]D[0xffffffca][0x19][0x1c]Z[0xffffffbc][0x7f]N[0xffffff89][0xffffffdb][0xffffff9d][0xffffffc1][0xffffffd1][0xffffffcf][0xffffff87]zW[0xffffffe2][0xffffffc6][0xffffffcf][0xffffffe0][0xffffffb8][0x3][0xffffffce][0xffffffe0][0xffffffb8][0xffffffcd]P|][0xffffffc0]o[0xffffffec][0xc][0xffffff8e][[0xffffffa6][0xffffffe0]AJ[0xffffff98]("[0xffffff94][0xffffffb0][0xffffff81]D(abYN[0x9][0x9]g1%$[0xffffffa2]A[0xffffff94]p[0xffffffe5][0xffffff89]R[0xffffffc2]w)J[0x9]W[0xffffffad][0x18]%[0xffffffb4]i!Jh[0xfffffff1]nP[0xffffffc2][0xffffff9d][0xffffffc1][0xffffffd1][0xffffffef][0xffffff9b][0xfffffffa][0x18][0xfffffff4][0xffffffc6][0xffffffcf][0xffffffe0][0xffffffb8][0x3][0xffffffce][0xffffffe0][0xffffffb8][0xffffffcd]P|a[0xffffffc0][0xffffffb1]38n[0xffffff99][0xffffff82]')[0x11]r[0x6][0xffffff87][\r]$C[0xffffff89][0xffffff80]38$[0xffffff9c][0xffffffd5][0xffffff94][0x8]>[0xffffff83][0xffffffc3][0xffffff95]'K[0xffffff89][0xffffffbc]38\[0xffffffb5]r[0xffffff94]H9[0xffffff83]C[0xffffff8b]w[0xffffff83][0x12][0xffffffee][0xc][0xffffff8e][0xffffffd1][0xffffffaf]IQ[0x2]?[0xffffff83][0xffffffe3][0xe]8[0xffffff83][0xffffffe3]6C[0xfffffff1][0xffffff85][0x1][0xffffffc7][0xffffffce][0xffffffe0][0xffffffb8]e[\n]"
[DEBUG] http-outgoing-1 << "[0xffffff9e][0xffffffa4]D[0xffffffc8][0x19][0x1c]6[0xffffff90][0xc]%[0x2][0xffffffce][0xffffffe0][0xffffff90]pVS"[0xfffffff8][0xc][0xe]W[0xffffff9e],%[0xfffffff2][0xffffffce][0xffffffe0]p[0xffffffd5][0xffffffca]Q"[0xffffffe5][0xc][0xe]-[0xffffffde][\r]J[0xffffffb8][0xffffffe1][0xffffffec]1n[0xffffffec][0x7][0xe]|8[0xfffffffb][0xe][0x18][0xffffffce][0xffffffbe][0xffffffcd][0xffffffba]ka[0xffffffc0][0xffffffb1][0xffffffe1][0xffffffec][[0xfffffff6][IJ[0xffffff84][0xc]g[0xffffffdb]@2[0xffffff94][0x8][0x18][0xffffffce][0xffffff96]pVS"x8[0xffffffdb][0xffffff95]'K[0xffffff89][0xffffffbc][0xffffffe1]lW[0xffffffad][0x1c]%R[0xffffff86][0xffffffb3][0xffffffb5]x7([0xffffffe1][0xffffffd6].[0xffffffc7]l7E[0x9]|[0xffffffed][0xfffffff2][0xe]X[0xffffffbb][0xffffffbc][0xffffffcd]$[a[0xffffffc0][0xffffffb1][0xffffffb5][0xffffffcb][F[0xffffffd7]HJ[0xffffff84][0xffffffac]][0xffffffda]@2[0xffffff94][0x8]X[0xffffffbb][0xffffff94]pVS"x[0xffffffed][0xffffffd2][0xffffff95]'K[0xffffff89][0xffffffbc][0xffffffb5]KW[0xffffffad][0x1c]%R[0xffffffd6].[0xffffffb5]x7([0xffffffe1][0xffffffd6].[0xffffffc7]<[0xffffffb0]w%[0xfffffff0][0xffffffb5][0xffffffcb];`[0xffffffed][0xfffffff2]6[0xffffff93]l[0xffffff85][0x1][0xffffffc7][0xffffffd6].o[0x19]]#)[0x11][0xffffffb2]vi[0x3][0xffffffc9]P"`[0xffffffed]R[0xffffffc2]YM[0xffffff89][0xffffffe0][0xffffffb5]KW[0xffffff9e],%[0xfffffff2][0xffffffd6].][0xffffffb5]r[0xffffff94]HY[0xffffffbb][0xffffffd4][0xffffffe2][0xffffffdd][0xffffffa0][0xffffff84][0xffffff9b][0xffffffa8][0x1a][0xffffffe7][0xb][0xfffffffb][0xffffff81][0x3][0xffffff9f][0xffffffa8][0xffffffba][0x3]&[0xffffffaa]n[0xffffffb3][0xffffffa3]R[0x18]pl[0xffffffa2][0xffffffea][0xffffff96][0xffffffa5][0x14][0xffffff92][0x12]![0x13]U6[0xffffff90][0xc]%[0x2]&[0xffffffaa]$[0xffffff9c][0xffffffd5][0xffffff94][0x8][0xffffff9e][0xffffffa8]r[0xffffffe5][0xffffffc9]R"o[0xffffffa2][0xffffffca]U+G[0xffffff89][0xffffff94][0xffffff89]*-[0xffffffde]-J[0xffffffcc]0J[0xffffffc0][0xffffffc3][0xffffffd9]_w[0xffffffc0]S[0x2][0x1c][0xffffffce][0xfffffffe][0xffffffba]:E[0xffffff89][0xffffff9c][0xffffffe1]l[0x13]E[0xffffff8a][0x12]![0xffffffc3][0xffffffd9]&[0xffffff96][0x4]%[0xffffffd0][0xffffffe1]l[0xffffff89]h[0x16]%[0xffffffb2][0xffffff86][0xffffffb3]}[0xffffff97][0xffffffd2][0xffffff94][0xffffffc8][0x19][0xffffffce][0xffffffd6][0xffffffa6][0xffffffe5]([0xfffffff1][0xffffffd7][0xffffffc3][0xffffffd9][0xffffffb7][[0xffffffbb][0xffffff9c][0xffffffc7][0xffffffb8](J[0xffffffe0]k[0xffffff97]w[0xffffffc0][0xffffffda][0xffffffe5]m&[0xffffffd9][\n]"
[DEBUG] http-outgoing-1 << "[0x3][0xffffff8e][0xffffffad]][0xffffffde]2[0xffffffba]FR"d[0xffffffed][0xffffffd2][0x6][0xffffff92][0xffffffa1]D[0xffffffc0][0xffffffda][0xffffffa5][0xffffff84][0xffffffb3][0xffffff9a][0x12][0xffffffc1]k[0xffffff97][0xffffffae]<YJ[0xffffffe4][0xffffffad]][0xffffffba]j[0xffffffe5]([0xffffff91][0xffffffb2]v[0xffffffa9][0xffffffc5][0xffffffbb]E[0xffffff89][0x1e]F[0xffffff89][0xffffff8e]S[0xffffffa2][0x7]P[0xffffffa2][0xffffffa3][0xffffff94][0xffffffe8][0x18]%z[0x12]%[0xffffffd6](R[0xffffff94][0xffffffd0]@R[0xffffff94]XcIP[0xffffffa2][0xffffffc3][0xffffff94][0xffffffe8][0xffffffc1][0xffffff94][0xffffff90][0xfffffff2][0xffffffa4])a[0xffffffba][0xffffff94][0xffffffa6][0xffffff84]T+I[0xffffff89][0xffffff9e]B[0xffffff89][0xfffffffe][0xffffffb7][0xffffff94]x[0xffffffdc]D[0xffffffd5][0xffffffd1]_[0x3][0xffffffa2][0xffffffc4][0xffffff83]OT=[0x1][0x13]U[0xffffff8f][0xffffffd9]Q[0xffffffa9][0xb][0xfffffff8][0xffffff83]MT=[0xffffffb2][0xffffff94][0x2]R[0xffffffc2]D[0x11][0xffffffa1][0xffffff84][\r]$B[0x9][0x13][0xffffffcb]rJH8[0xffffff8b])![0x11][\r][0xffffffa2][0xffffff84]+O[0xffffff94][0x12][0xffffffbe]KQJ[0xffffffb8]j[0xffffffc5]([0xffffffa1]M[0xb]QB[0xffffff8b]w[0xffffff83][0x12][0xffffffc3]Q[0xffffffe2][0xffffffea][0xffffff93][0xffffffa2][0xffffffc4][0xffffffc0])1[0x2](14[0xffffffef][0xffffff85][0x1][0x1f][0x18]%F[0x12]%4[0xffffff8a][0xc]%\ [0x19]Jh,[0xffffffeb])[0xffffffb1][0xffffff86][0xffffffb3][0xffffff9a][0x12]kD[0xffffff93](a[0xffffffca][0xffffff93][0xffffffa5][0xffffff84][0xffffffed]R[0xffffff96][0x12][0xffffffa6]Z9JH[0xffffffd3]R[0xffffff94][0xffffff90][0xffffffe2][0xffffffdd][0xffffffa0][0xffffff84][0xffffffdb][0xffffff95]8[0xfffffffb]}R[0xffffff94][0xffffffc0]w%[0xffffff9e][0xffffff80]][0xffffff89][0xffffffc7]|[0xfffffffc]\[0x18]plW[0xffffffe2][0xffffff91][0xffffffcf][0xffffff9b]IJ[0xffffff84][0xffffffec]J[0xffffffd8]@2[0xffffff94][0x8][0xffffffd8][0xffffff95][0xffffff90]pVS"xW[0xffffffc2][0xffffff95]'K[0xffffff89][0xffffffbc]][0x9]W[0xffffffad][0x1c]%Rv%[0xffffffb4]x7([0xffffffe1]v%[0xffffffce]q`O%[0xfffffff0]][0xffffff89]'`W[0xffffffe2]1[0x1f]?[0x17][0x6][0x1c][0xffffffdb][0xffffff95]x[0xffffffe4][0xfffffff3]f[0xffffff92][0x12]![0xffffffbb][0x12]6[0xffffff90][0xc]%[0x2]v%$[0xffffff9c][0xffffffd5][0xffffff94][0x8][0xffffffde][0xffffff95]p[0xffffffe5][0xffffffc9]R"oW[0xffffffc2]U+G[0xffffff89][0xffffff94]][0x9]-[0xffffffde][\r]J[0xffffffb8]][0xffffff89]s6[0xffffff8c][0x12][0xfffffff8][0xffffffae][0xffffffc4][0x13][0xffffffb0]+[0xfffffff1][0xffffff98][0xffffff8f][0xffffff9f][0xb][0x3][0xffffff8e][0xffffffed]J<[0xfffffff2]y3I[0xffffff89][0xffffff90]][0x9][0x1b]H[0xffffff86][0x12][0x1][0xffffffbb][0x12][0x12][0xffffffce]jJ[0x4][0xffffffef]J[0xffffffb8][0xfffffff2]d)[0xffffff91][0xffffffb7]+[0xffffffe1][0xffffffaa][0xffffff95][0xffffffa3]D[0xffffffca][0xffffffae][0xffffff84][0x16][0xffffffef][0x6]%[0xffffffdc][0xffffffc7][0xffffffa0][0xffffffe7]<[0x1e][0xffffff8a][0x12][0xfffffff8][0xffffffc7][0xffffffa0]O[0xffffffc0][0xffffffc7][0xffffffa0][0xffffff8f][0xfffffff9]b[0xffffffa9]0[0xffffffe0][0xffffffd8][0xffffffc7][0xffffffa0][0xffffff8f]|[0xffffff93]DR"[0xffffffe4]cP[0x1b]H[0xffffff86][0x12][0x1][0x1f][0xffffff83]J8[0xffffffab])[0x11][0xfffffffc]1[0xffffffa8]+O[0xffffff96][0x12]y[0x1f][0xffffff83][0xffffffba]j[0xffffffe5]([0xffffff91][0xfffffff2]1[0xffffffa8][0x16][0xffffffef][0x6]%[0x1e]G[0xffffff89][0xffffffa3][0xffffffbd](J<8%[0xffffff9e][0x0]J<[0xffffff9a][0xfffffff7][0xffffffc2][0xffffff80]?[0x18]%[0xffffff9e]$Jh[0x14][0x19]J[0xffffffb8]@2[0xffffff94][0xffffffd0]X[0xffffffd6]Sb[\r]g5%[0xffffffd6][0xffffff88]&Q[0xffffffc2][0xffffff94]'K[0x9][0xffffffdb][0xffffffa5],%L[0xffffffb5]r[0xffffff94][0xffffff90][0xffffffa6][0xffffffa5](![0xffffffc5][0xfffffffb][0xffffffc7][0xffffff94]x^/G[0xffffff89][0xffffff93]z*[0xfffffff1]u?(%[0xffffffbe][0xffffffef][0xffffff80][0xffffffa5][0xffffffc4][0xffffffcf]{ ([0xfffffff1]}u[0xffffff82][0x12][0xffffffff]^9[0xffffff81][0x12].[0xffffff8a][0x4]%| [0x9]J[0xffffffb8]XVSB[0xffffffc3]YK[0x9][0xffffff8d]h[0xe]%ly[0xffffff92][0xffffff94]x[0xffffffd3][0xffffffa5]$%l[0xffffffb5]R[0xffffff94]0M[0xffffffcb]P[0xffffffc2][0x14][0xffffffef][0x6]%[0xffffffdc][0xffffffae][0xffffffc4][0xfffffff9]<[0x7]E[0x9]zW[0xffffffe2][0xfffffffb][0xe]hJ[0xffffff90][0xffffffbb][0x12][0xffffffdf]Wg([0x11][0xffffffb4]+[0xffffffe1][0xffffffa2][0xffffffc8]P"eW[0xffffffc2][0xffffffc5][0xffffffb2][0xffffff9e][0x12][0xffffffec][0xffffffae][0xffffff84]F4[0xffffff89][0x12]a[0xffffffbb][0x12]o[0xffffffba][0xffffff94][0xffffffa5]D[0xffffffd0][0xffffffae][0xffffff84]iZ[0xffffff8a][0x12][0x7f][0xffffffbf]+[0xfffffff1][0xffffffbc][0xffffffba][0xffffffa1][0xffffffc4][0xffffffd5]O[0xffffffe8][0xc][0xffffff8e][0xffffffaf][0xfffffffb][0xffffff81])[0xffffffd1][0x3]([0xffffffd1]5[0xffffffef][0xffffff85][0x1][0xffffffef][0x18]%z[0x12]%4[0xffffff8a][0xc]%\ [0x19]Jh,[0xffffffeb])[0xffffffb1][0xffffff86][0xffffffb3][0xffffff9a][0x12]kD[0xffffff93](a[0xffffffca][0xffffff93][0xffffffa5][0xffffff84][0xffffffed]R[0xffffff96][0x12][0xffffffa6]Z9JH[0xffffffd3]R[0xffffff94][0xffffff90][0xffffffe2][0xffffffdd][0xffffffa0][0xffffffc4]p[0xffffff94][0x18][0xffffffc7]MQb[0xffffffe0][0xffffff94][0x18][0x1][0xffffff94][0x18][0xffffff9a][0xfffffff7][0xffffffc2][0xffffff80][0xf][0xffffff8c][0x12]#[0xffffff89][0x12][0x1a]E[0xffffff86][0x12].[0xffffff90][0xc]%4[0xffffff96][0xfffffff5][0xffffff94]X[0xffffffc3]YM[0xffffff89]5[0xffffffa2]I[0xffffff94]0[0xffffffe5][0xffffffc9]R[0xffffffc2]v)K[0x9]S[0xffffffad][0x1c]%[0xffffffa4]i)JH[0xfffffff1]nPb:J<[0xffffffad]S[0xffffff94][0xffffff98]8%f[0x0]%[0xffffffa6][0xffffffe6][0xffffffbd]0[0xffffffe0][0x13][0xffffffa3][0xffffffc4]L[0xffffffa2][0xffffff84]F[0xffffff91][0xffffffa1][0xffffff84][0xb]$C[0x9][0xffffff8d]e=%[0xffffffd6]pVSb[0xffffff8d]h[0x12]%Ly[0xffffffb2][0xffffff94][0xffffffb0]][0xffffffca]R[0xffffffc2]T+G[0x9]iZ[0xffffff8a][0x12]R[0xffffffbc][0x1b][0xffffff94]pk[0xffffff97]w{[0xffffffb0][0x1f]8[0xffffffe8][0xffffffb5][0xffffffcb][0xffffffef];[0xffffffa0])A[0xffffffae]]~_[0xffffff9d][0xffffffa1]D[0xffffffd0][0xffffffda][0xffffffa5][0xffffff8b]"C[0xffffff89][0xffffff94][0xffffffb5]K[0x17][0xffffffcb]zJ[0xffffffb0]k[0xffffff97][0x1a][0xffffffd1]$J[0xffffff84][0xffffffad]][0xffffffbe][0xffffffe9]R[0xffffff96][0x12]Ak[0xffffff97][0xffffffa6]i)J[0xfffffffc][0xfffffffd][0xffffffda][0xffffffe5][0xfffffff3]rk[0xffffff97][0xfffffff7]1[0xffffffa1][0xffffff8f]A[0xffffffbf][0xffffffee][0x7][0xffffffa6][0x4][0xffffffbf]v[0xfffffff9][0xfffffff3][0x1e][0x18]JPk[0xffffff97][0xffffffff]^9[0xffffff83][0x12][0x19]k[0xffffff97]>[0xffffff90][0xc]%[0xfffffff8][0xffffffb5]K[\r]g5%r[0xffffffd7].my[0xffffffb2][0xffffff94][0xffffff88][[0xffffffbb][0xffffffb4][0xffffffd5][0xffffffca]Q"d[0xffffffed][0xffffffd2][0x14][0xffffffef][0x6]%[0xffffffdc][0xffffffda][0xffffffe5][0xfffffffd]<[0xffffff93][0xffffffa2][0x4][0xffffffbd]v[0xfffffff9]}[0x7]4%[0xffffffc8][0xffffffb5][0xffffffcb][0xffffffef][0xffffffab]3[0xffffff94][0x8]Z[0xffffffbb]tQd([0xffffff91][0xffffffb2]v[0xffffffe9]bYO[0x9]v[0xffffffed]R#[0xffffff9a]D[0xffffff89][0xffffffb0][0xffffffb5][0xffffffcb]7][0xffffffca]R"h[0xffffffed][0xffffffd2]4-E[0xffffff89][0xffffffbf]_[0xffffffbb]|^n[0xffffffa2][0xffffffea][0x19]7t[0xffffffc8][0xfffffff8][0xffffffd7][0xfffffffd][0xffffffc0][0xffffff94][0xffffffe0]'[0xffffffaa]~[0xffffffde][0x3]C[0x9]j[0xffffffa2][0xffffffea][0xffffffdf]+gP"c[0xffffffa2][0xffffffca][0x7][0xffffff92][0xffffffa1][0x4]?Q[0xffffffa5][0xffffffe1][0xffffffac][0xffffffa6]D[0xffffffee]D[0xffffff95]-O[0xffffff96][0x12]q[0x13]U[0xffffffb6]Z9J[0xffffff84]LT[0xffffff99][0xffffffe2][0xfffffffd]sJ4[0xffffffb7]+[0xfffffff1][0x1c][0x17][0xfffffff5][0x3]G[0xffffffc3]w%Z[0xffffffc0][0xffffffae]D3[0x1f]?[0xffffffd7][0x5][0xffffffbc]a[0xffffffbb][0x12]M>o[0x6])a[0xffffffa2][0xffffff88]P[0xffffffc2][0x6][0x12][0xffffffa1][0xffffff84][0xffffff89]e9%$[0xffffff9c][0xffffffc5][0xffffff94][0xffffff90][0xffffff88][0x6]Q[0xffffffc2][0xffffff95]'J[0x9][0xffffffdf][0xffffffa5](%\[0xffffffb5]b[0xffffff94][0xffffffd0][0xffffffa6][0xffffff85]([0xffffffa1][0xffffffc5][0xffffffbb]A[0x9][0xffffffb7]+[0xfffffff1][0xffffff9c][0xffffffd4]p[0xfffffff6][0xffffffd7][0xfffffffd][0xffffffc0][0xffffff94][0x8][0xffffffd8][0xffffff95]h[0xffffffe6][0xffffffe3][0xffffffe7][0xffffffc2][0xffffff80]c[0xffffffbb][0x12]M>o&)[0x11][0xffffffb2]+a[0x3][0xffffffc9]P"`WB[0xffffffc2]YM[0xffffff89][0xffffffe0]][0x9]W[0xffffff9e],%[0xfffffff2]v%\[0xffffffb5]r[0xffffff94]H[0xffffffd9][0xffffff95][0xffffffd0][0xffffffe2][0xffffffdd][0xffffffa0][0xffffffc4][0xffffffb0][0xffffff94][0xffffffc0][0xffffff86][0xffffffb3]?[0xffffffef][0x7][0xffffffa6][0xffffffc4][0x8][0xffffffa0][0xffffffc4][0xffffffd0][0xffffffbc][0x17][0x6]|`[0xffffff94][0x18]I[0xffffff94][0xffffffd0](2[0xffffff94]p[0xffffff81]d([0xffffffa1][0xffffffb1][0xffffffac][0xffffffa7][0xffffffc4][0x1a][0xffffffce]jJ[0xffffffac][0x11]M[0xffffffa2][0xffffff84])O[0xffffff96][0x12][0xffffffb6]KYJ[0xffffff98]j[0xffffffe5](!MKQB[0xffffff8a]w[0xffffff83][0x12]nW[0xffffffe2][0xffffffb9][0xe][0xffffffec][0xffffffa9][0x4][0xffffffbe]+[0xffffffd1][0x2]v%[0xffffff9a][0xfffffff9][0xfffffff8][0xffffffb9]0[0xffffffe0][0xffffffd8][0xffffffae]D[0xffffff93][0xffffffcf][0xffffff9b]IJ[0xffffff84][0xffffffec]J[0xffffffd8]@2[0xffffff94][0x8][0xffffffd8][0xffffff95][0xffffff90]pVS"xW[0xffffffc2][0xffffff95]'K[0xffffff89][0xffffffbc]][0x9]W[0xffffffad][0x1c]%Rv%[0xffffffb4]x7([0xffffffe1]v%>[0x7f][0xffffffe1][0xffffffa0]([0xffffff81][0xffffffef]J[0xffffffb4][0xffffff80]][0xffffff89]f>~.[0xc]8[0xffffffb6]+[0xffffffd1][0xffffffe4][0xfffffff3]f[0xffffff92][0x12]![0xffffffbb][0x12]6[0xffffff90][0xc]%[0x2]v%$[0xffffff9c][0xffffffd5][0xffffff94][0x8][0xffffffde][0xffffff95]p[0xffffffe5][0xffffffc9]R"oW[0xffffffc2]U+G[0xffffff89][0xffffff94]][0x9]-[0xffffffde][\r]J[0xffffffe8][0xffffffae][0xffffffc4]|[0xffffffbd]^[0x7][0xfffffff5][0x5]G[0xffffffc3]w%Z[0xffffffc0][0xffffffae]D3[0x1f]?[0x17][0x6][0x1c][0xffffffdb][0xffffff95]h[0xfffffff2]y3I[0xffffff89][0xffffff90]][0x9][0x1b]H[0xffffff86][0x12][0x1][0xffffffbb][0x12][0x12][0xffffffce]jJ[0x4][0xffffffef]J[0xffffffb8][0xfffffff2]d)[0xffffff91][0xffffffb7]+[0xffffffe1][0xffffffaa][0xffffff95][0xffffffa3]D[0xffffffca][0xffffffae][0xffffff84][0x16][0xffffffef][0x6]%tW[0xffffffe2][0xffffff83][0x12][0xffffff8d]{[0xffffffed][0x12][0xffffffdf][0xffffff95]h[0x1][0xffffffbb][0x12][0xffffffcd]|[0xfffffffc]\[0x18]plW[0xffffffa2][0xffffffc9][0xffffffe7][0xffffffcd]$%Bv%l [0x19]J[0x4][0xffffffec]JH8[0xffffffab])[0x11][0xffffffbc]+[0xffffffe1][0xffffffca][0xffffff93][0xffffffa5]D[0xffffffde][0xffffffae][0xffffff84][0xffffffab]V[0xffffff8e][0x12])[0xffffffbb][0x12]Z[0xffffffbc][0x1b][0xffffff94][0xffffffb8]-%N[0xffffffea]8[0xffffffaf][0xffffffcf][0xfffffffb][0xffffff81])q[0x7]P[0xffffffe2][0xffffffd6][0xffffffbc][0x17][0x6][0xfffffffc][0xffffffc6](q'QB[0xffffffa3][0xffffffc8]P[0xffffffc2][0x5][0xffffff92][0xffffffa1][0xffffff84][0xffffffc6][0xffffffb2][0xffffff9e][0x12]k8[0xffffffab])[0xffffffb1]F4[0xffffff89][0x12][0xffffffa6]<YJ[0xffffffd8].e)a[0xffffffaa][0xffffff95][0xffffffa3][0xffffff84]4-E[0x9])[0xffffffde][\r]J[0xffffffe8]D[0xffffffd5][0x7]%z[0xffffffc7][0xffffffde][0xffffff95][0xffffffc0]'[0xffffffaa]Z[0xffffffc0]DU3;*[0xffffff85][0x1][0xffffffc7]&[0xffffffaa][0xffffff9a],[0xffffffa5][0xffffff90][0xffffff94][0x8][0xffffff99][0xffffffa8][0xffffffb2][0xffffff81]d([0x11]0Q%[0xffffffe1][0xffffffac][0xffffffa6]D[0xfffffff0]D[0xffffff95]+O[0xffffff96][0x12]y[0x13]U[0xffffffae]Z9J[0xffffffa4]LTi[0xfffffff1][0xfffffffe]9%[0xfffffffa][0xffffffcb]R[0xffffffe2][0xffffffa2]>[0x6][0xfffffffd][0xffffffbc][0x1f][0xffffff96][0x12]_w[0x0]S[0xffffffe2][0xffffffdf]{@([0xfffffff1]uu[0xffffff84][0x12][0xffffffff]\9[0xffffff82][0x12]&[0xffffff8a][0x8]%l [0x11]J[0xffffff98]X[0xffffff96]SB[0xffffffc2]YL[0x9][0xffffff89]h[0x10]%\y[0xffffffa2][0xffffff94][0xfffffff0]][0xffffff8a]R[0xffffffc2]U+F[0x9]mZ[0xffffff88][0x12]Z[0xffffffbc][0x1b][0xffffff94][0xffffffd0][0xffffffb5][0xffffffcb][0xf]JL[0xffffffec]][0xffffff89][0xffffff8e][0xffffffaf]][0xfffffff6][0xffffff80][0xffffffb5][0xffffffcb]n&[0xffffffd9][\n]"
[DEBUG] http-outgoing-1 << "[0x3][0xffffff8e][0xffffffad]]v[0x19]]#)[0x11][0xffffffb2]vi[0x3][0xffffffc9]P"`[0xffffffed]R[0xffffffc2]YM[0xffffff89][0xffffffe0][0xffffffb5]KW[0xffffff9e],%[0xfffffff2][0xffffffd6].][0xffffffb5]r[0xffffff94]HY[0xffffffbb][0xffffffd4][0xffffffe2][0xffffffdd][0xffffffa0][0xffffff84][0xffffffae]]~R[0xffffffe2][0xffffffa6][0xffffffde][0xffffff95][0xffffffe8][0xfffffff8][0xffffffda]e[0xf]X[0xffffffbb][0xffffffec]f[0xffffff92][0xffffffad]0[0xffffffe0][0xffffffd8][0xffffffda]e[0xffffff97][0xffffffd1]5[0xffffff92][0x12]!k[0xffffff97]6[0xffffff90][0xc]%[0x2][0xffffffd6].%[0xffffff9c][0xffffffd5][0xffffff94][0x8]^[0xffffffbb]t[0xffffffe5][0xffffffc9]R"o[0xffffffed][0xffffffd2]U+G[0xffffff89][0xffffff94][0xffffffb5]K-[0xffffffde][\r]J[0xc]G[0xffffff89][0xffffffb3]S[0x1f][0xffffff83]~[0xffffffde][0xf]L[0xffffff89][0x11]@[0xffffff89][0xffffffa1]y/[0xc][0xfffffff8][0xffffffc0](1[0xffffff92]([0xffffffa1]Qd([0xffffffe1][0x2][0xffffffc9]PBcYO[0xffffff89]5[0xffffff9c][0xffffffd5][0xffffff94]X#[0xffffff9a]D[0x9]S[0xffffff9e],%l[0xffffff97][0xffffffb2][0xffffff94]0[0xffffffd5][0xffffffca]QB[0xffffff9a][0xffffff96][0xffffffa2][0xffffff84][0x14][0xffffffef][0x6]%t[0xffffffa2][0xffffffea][0xffffff83][0x12][0xffffffd7][0xffffffc0][0xffffff9e]J[0xffffffe0][0x13]U=`[0xffffffa2][0xffffffaa][0xffffff9b][0x1d][0xffffff95][0xffffffc2][0xffffff80]c[0x13]U][0xffffff96]RHJ[0xffffff84]LT[0xffffffd9]@2[0xffffff94][0x8][0xffffff98][0xffffffa8][0xffffff92]pVS"x[0xffffffa2][0xffffffca][0xffffff95]'K[0xffffff89][0xffffffbc][0xffffff89]*W[0xffffffad][0x1c]%R&[0xffffffaa][0xffffffb4]x7(a'[0xffffffaa][0xffffffae][0xfffffffb][0xffffffa4]([0xffffff81]OT[0xfffffff5][0xffffff80][0xffffff89][0xffffffaa]nvT[\n]"
[DEBUG] http-outgoing-1 << "[0x3][0xffffff8e]MTuYJ!)[0x11]2Qe[0x3][0xffffffc9]P"`[0xffffffa2]J[0xffffffc2]YM[0xffffff89][0xffffffe0][0xffffff89]*W[0xffffff9e],%[0xfffffff2]&[0xffffffaa]\[0xffffffb5]r[0xffffff94]H[0xffffff99][0xffffffa8][0xffffffd2][0xffffffe2][0xffffffdd][0xffffffa0][0xffffff84][0xffffff9d][0xffffffa8][0xffffffba][0x7][0xfffffff5]1h[0xffffffc7]'[0xffffffaa]z[0xffffffc0]DU7;*[0xffffff85][0x1][0xffffffc7]&[0xffffffaa][0xffffffba],[0xffffffa5][0xffffff90][0xffffff94][0x8][0xffffff99][0xffffffa8][0xffffffb2][0xffffff81]d([0x11]0Q%[0xffffffe1][0xffffffac][0xffffffa6]D[0xfffffff0]D[0xffffff95]+O[0xffffff96][0x12]y[0x13]U[0xffffffae]Z9J[0xffffffa4]LTi[0xfffffff1]nP[0xffffffc2]NT=[\r]{*[0xffffff81]OT[0xfffffff5][0xffffff80][0xffffff89][0xffffffaa]nvT[\n]"
[DEBUG] http-outgoing-1 << "[0x3][0xffffff8e]MTuYJ!)[0x11]2Qe[0x3][0xffffffc9]P"`[0xffffffa2]J[0xffffffc2]YM[0xffffff89][0xffffffe0][0xffffff89]*W[0xffffff9e],%[0xfffffff2]&[0xffffffaa]\[0xffffffb5]r[0xffffff94]H[0xffffff99][0xffffffa8][0xffffffd2][0xffffffe2][0xffffffdd][0xffffffa0][0xffffff84][0xffffff9b][0xffffffa8]j/[0xffffffee]cP|[0xffffffa2][0xffffffaa][0x7]LTu[0xffffffb3][0xffffffa3]R[0x18]pl[0xffffffa2][0xffffffaa][0xffffffcb]R[\n]"
[DEBUG] http-outgoing-1 << "I[0xffffff89][0xffffff90][0xffffff89]*[0x1b]H[0xffffff86][0x12][0x1][0x13]U[0x12][0xffffffce]jJ[0x4]OT[0xffffffb9][0xfffffff2]d)[0xffffff91]7Q[0xffffffe5][0xffffffaa][0xffffff95][0xffffffa3]D[0xffffffca]D[0xffffff95][0x16][0xffffffef][0xffffff9f]Sb[0xffffffb8][0xffffff89][0xffffffaa][0xffffffd6]:[0xfffffff5]Tb[0xffffffe0][0x13]U#`[0xffffffa2]j[0xffffff98][0x1d][0xffffff95][0xffffffba][0xffffff80][0xf]l[0xffffffa2]j[0xffffffc8]R[\n]"
[DEBUG] http-outgoing-1 << "H[0x9][0x13]E[0xffffff84][0x12]6[0xffffff90][0x8]%L,[0xffffffcb])![0xffffffe1],[0xffffffa6][0xffffff84]D4[0xffffff88][0x12][0xffffffae]<QJ[0xfffffff8].E)[0xffffffe1][0xffffffaa][0x15][0xffffffa3][0xffffff84]6-D[0x9]-[0xffffffde][\r]J[0xffffffb8][0xffffff89][0xffffffaa][0xffffffd6][0xffffffee][0xffffff83][0xffffffa2][0x4]>Q5[0x2]&[0xffffffaa][0xffffff86][0xffffffd9]Q)[0xc]86Q5d)[0xffffff85][0xffffffa4]D[0xffffffc8]D[0xffffff95][\r]$C[0xffffff89][0xffffff80][0xffffff89]*[0x9]g5%[0xffffff82]'[0xffffffaa]\y[0xffffffb2][0xffffff94][0xffffffc8][0xffffff9b][0xffffffa8]r[0xffffffd5][0xffffffca]Q"e[0xffffffa2]J[0xffffff8b]w[0xffffff83][0x12]n[0xffffffa2][0xffffffaa][0xfffffff5][0xffffffd9])J[0xffffffe0][0x13]U#`[0xffffffa2]j[0xffffff98][0x1d][0xffffff95][0xffffffc2][0xffffff80]c[0x13]UC[0xffffff96]RHJ[0xffffff84]LT[0xffffffd9]@2[0xffffff94][0x8][0xffffff98][0xffffffa8][0xffffff92]pVS"x[0xffffffa2][0xffffffca][0xffffff95]'K[0xffffff89][0xffffffbc][0xffffff89]*W[0xffffffad][0x1c]%R&[0xffffffaa][0xffffffb4]x7(1,%[0x1e]j[0xffffffa2][0xffffffea][0xfffffff3][0x7f]`J[0xffffff8c][0x0]J[0xc][0xffffffcd]{a[0xffffffc0][0x7]F[0xffffff89][0xffffff91]D[0x9][0xffffff8d]"C[0x9][0x17]H[0xffffff86][0x12][0x1a][0xffffffcb]zJ[0xffffffac][0xffffffe1][0xffffffac][0xffffffa6][0xffffffc4][0x1a][0xffffffd1]$J[0xffffff98][0xfffffff2]d)a[0xffffffbb][0xffffff94][0xffffffa5][0xffffff84][0xffffffa9]V[0xffffff8e][0x12][0xffffffd2][0xffffffb4][0x14]%[0xffffffa4]x7([0xffffffe1]&[0xffffffaa][0xffffffda]yR[0x1f][0xffffff83][0xe]|[0xffffffa2]j[0x4]LT[\r][0xffffffb3][0xffffffa3]R[0x18]pl[0xffffffa2]j[0xffffffc8]R[\n]"
[DEBUG] http-outgoing-1 << "I[0xffffff89][0xffffff90][0xffffff89]*[0x1b]H[0xffffff86][0x12][0x1][0x13]U[0x12][0xffffffce]jJ[0x4]OT[0xffffffb9][0xfffffff2]d)[0xffffff91]7Q[0xffffffe5][0xffffffaa][0xffffff95][0xffffffa3]D[0xffffffca]D[0xffffff95][0x16][0xffffffef][0x6]%[0xffffffdc]DU[0xffffffbb]_[0x18]%[0xfffffff0][0xffffff89][0xffffffaa][0x11]0Q5[0xffffffcc][0xffffff8e]Ja[0xffffffc0][0xffffffb1][0xffffff89][0xffffffaa]!K)$%B&[0xffffffaa]l [0x19]J[0x4]LTI8[0xffffffab])[0x11]<Q[0xffffffe5][0xffffffca][0xffffff93][0xffffffa5]D[0xffffffde]D[0xffffff95][0xffffffab]V[0xffffff8e][0x12])[0x13]UZ[0xffffffbc][0x1b][0xffffff94]p[0x13]U[0xfffffffd][0xffffffd5][0xffffffb1][0xffffffd7].[0xfffffff1][0xffffff89][0xffffffaa][0x11]0Q5[0xffffffcc][0xffffff8e]Ja[0xffffffc0][0xffffffb1][0xffffff89][0xffffffaa]!K)$%B&[0xffffffaa]l [0x19]J[0x4]LTI8[0xffffffab])[0x11]<Q[0xffffffe5][0xffffffca][0xffffff93][0xffffffa5]D[0xffffffde]D[0xffffff95][0xffffffab]V[0xffffff8e][0x12])[0x13]UZ[0xffffffbc][0x1b][0xffffff94]p[0x13]U[0xfffffffd]u?[0x14]%[0xfffffff0][0xffffff89][0xffffffaa][0x11]0Q5[0xffffffcc][0xffffff8e]Ja[0xffffffc0][0xffffffb1][0xffffff89][0xffffffaa]!K)$%B&[0xffffffaa]l [0x19]J[0x4]LTI8[0xffffffab])[0x11]<Q[0xffffffe5][0xffffffca][0xffffff93][0xffffffa5]D[0xffffffde]D[0xffffff95][0xffffffab]V[0xffffff8e][0x12])[0x13]UZ[0xffffffbc][0x1b][0xffffff94]p[0x13]U[0xffffffbd]M[0xffffff8c][0x12][0xfffffff8]D[0xffffffd5][0x8][0xffffff98][0xffffffa8][0x1a]fG[0xffffffa5]0[0xffffffe0][0xffffffd8]D[0xffffffd5][0xffffff90][0xffffffa5][0x14][0xffffff92][0x12]![0x13]U6[0xffffff90][0xc]%[0x2]&[0xffffffaa]$[0xffffff9c][0xffffffd5][0xffffff94][0x8][0xffffff9e][0xffffffa8]r[0xffffffe5][0xffffffc9]R"o[0xffffffa2][0xffffffca]U+G[0xffffff89][0xffffff94][0xffffff89]*-[0xffffffde]?[0xffffffa7][0xffffffc4]t[0x13]U[0xffffffbd]=[0xffffffd4]D[0xffffffd5][0xffffffc4]'[0xffffffaa]f[0xffffffc0]D[0xffffffd5]4;*u[0x1][0xffffff9f][0xffffffd8]D[0xffffffd5][0xffffff94][0xffffffa5][0x14][0xffffff90][0x12]&[0xffffff8a][0x8]%l [0x11]J[0xffffff98]X[0xffffff96]SB[0xffffffc2]YL[0x9][0xffffff89]h[0x10]%\y[0xffffffa2][0xffffff94][0xfffffff0]][0xffffff8a]R[0xffffffc2]U+F[0x9]mZ[0xffffff88][0x12]Z[0xffffffbc][0x1b][0xffffff94]p[0x13]U[0xffffffbd]cO%&>Q5[0x3]&[0xffffffaa][0xffffffa6][0xffffffd9]Q)[0xc]86Q5e)[0xffffff85][0xffffffa4]D[0xffffffc8]D[0xffffff95][\r]$C[0xffffff89][0xffffff80][0xffffff89]*[0x9]g5%[0xffffff82]'[0xffffffaa]\y[0xffffffb2][0xffffff94][0xffffffc8][0xffffff9b][0xffffffa8]r[0xffffffd5][0xffffffca]Q"e[0xffffffa2]J[0xffffff8b]w[0xffffff83][0x12]n[0xffffffa2][0xffffffaa][0xffffff8f][0xffffff83][0xffffffda][0xffffff95][0xffffff98][0xfffffff8]D[0xffffffd5][0xc][0xffffff98][0xffffffa8][0xffffff9a]fG[0xffffffa5]0[0xffffffe0][0xffffffd8]D[0xffffffd5][0xffffff94][0xffffffa5][0x14][0xffffff92][0x12]![0x13]U6[0xffffff90][0xc]%[0x2]&[0xffffffaa]$[0xffffff9c][0xffffffd5][0xffffff94][0x8][0xffffff9e][0xffffffa8]r[0xffffffe5][0xffffffc9]R"o[0xffffffa2][0xffffffca]U+G[0xffffff89][0xffffff94][0xffffff89]*-[0xffffffde][\r]J[0xc]G[0xffffff89][0xffffffeb][0xffffffbc])J[0xc][0xffffff9c][0x12]#[0xffffff80][0x12]C[0xfffffff3]^[0x18][0xfffffff0][0xffffff81]Qb$QB[0xffffffa3][0xffffffc8]P[0xffffffc2][0x5][0xffffff92][0xffffffa1][0xffffff84][0xffffffc6][0xffffffb2][0xffffff9e][0x12]k8[0xffffffab])[0xffffffb1]F4[0xffffff89][0x12][0xffffffa6]<YJ[0xffffffd8].e)a[0xffffffaa][0xffffff95][0xffffffa3][0xffffff84]4-E[0x9])[0xffffffde]-J[0xfffffff4]0Jt[0xffffff9c][0x12]=[0xffffff80][0x12][0x1d][0xffffffa5]D[0xffffffc7]([0xffffffd1][0xffffff93]([0xffffffb1]F[0xffffff91][0xffffffa2][0xffffff84][0x6][0xffffff92][0xffffffa2][0xffffffc4][0x1a]K[0xffffff82][0x12][0x1d][0xffffffa6]D[0xf][0xffffffa6][0xffffff84][0xffffff94]'M[0x9][0xffffffd3][0xffffffa5]4%[0xffffffa4]ZIJ[0xfffffff4][0x14]J[0xfffffff4][0xffffffff][0xffffff80][0x12]g[0x18]%N[0xffffff9c][0x12]g[0x0]%N[0xffffff94][0x12]'F[0xffffff89]3[0xffffff89][0x12]k[0x14])Jh )J[0xffffffac][0xffffffb1]$(q[0xffffffc2][0xffffff94]8[0xffffff83])![0xffffffe5]IS[0xffffffc2]t)M[0x9][0xffffffa9]V[0xffffff92][0x12]g[\n]"
[DEBUG] http-outgoing-1 << "%[0xffffffce][0xffffffff][0xffffff80][0x12]-[0xffffffcd][0x12][0xffffff8d][0xffffffc7]DK[0xffffffd0]Dc9[0xffffffd1]8O[0xffffffb4](PH[0x1e])Q[0xffffff98]TR[0xffffffa4][0xffffff90]l[0x12][0xffffffa6]h4*Z[0xffffffb2]*[0xffffffb4]FiV[0xffffffb8]V[0xffffffa5]][0xffffffa1]%K[0xffffffc2]b[0xffffffed]\N[0x16]k[0x5]o[0xffffffd1][0xffffffa2]_a[0xffffffb4][0xffffffe8][0x17]N[0xffffff8b][0xffffff8f][[0xffffffe0]i[0xfffffff1][0xffffffe3]&(Z|\[0xffffff9e][0xffffffa2][0xffffffc5][0xfffffff7][0xffffffa5]Sh!y[0xffffffa4]haRI[0xffffffd1]B[0xffffffb2]I[0xffffffd0]bIh=-[0xffffff96][0xffffff9c]f[0xffffffd1]Bk[0xffffff94][0xffffffa6][0xffffff85]kU[0xffffff9a][0x16]Z[0xffffffb2]$-[0xffffffd6][0xffffffce][0xffffffe5]h[0xffffffb1]V[0xfffffff0][0x16]-[0xffffffc6][0x11]F[0xffffff8b]q[0xffffffe0][0xffffffb4][0xfffffff8][0xffffffb8][0x5][0xffffff9e][0x16]?n[0xffffff82][0xffffffa2][0xffffffc5][0xffffffc7][0xffffffe5])Z|_:[0xffffff85][0x16][0xffffff92]G[0xffffff8a][0x16]&[0xffffff95][0x14]-$[0xffffff9b][0x4]-[0xffffff96][0xffffff84][0xffffffd6][0xffffffd3]b[0xffffffc9]i[0x16]-[0xffffffb4]FiZ[0xffffffb8]V[0xffffffa5]i[0xffffffa1]%K[0xffffffd2]b[0xffffffed]\[0xffffff8e][0x16]k[0x5]o[0xffffffd1][0xffffffe2][0xffffffeb]C[0xffffffd1]$Z[0x1c][0x3][0xffffffa7][0xffffffc5][0xffffffc7]-[0xfffffff0][0xffffffb4][0xfffffff8]q[0x13][0x14]->.O[0xffffffd1][0xffffffe2][0xfffffffb][0xffffffd2])[0xffffffb4][0xffffff90]<R[0xffffffb4]0[0xffffffa9][0xffffffa4]h![0xffffffd9]$h[0xffffffb1]$[0xffffffb4][0xffffff9e][0x16]KN[0xffffffb3]h[0xffffffa1]5J[0xffffffd3][0xffffffc2][0xffffffb5]*M[0xb]-Y[0xffffff92][0x16]k[0xffffffe7]r[0xffffffb4]X+x[0xffffff8b][0x16][0xffffffcf][0x1d]F[0xffffff8b][0xffffffe7][0xffffffc6]i[0xfffffff1]q[0xb]<-~[0xffffffdc][0x4]E[0xffffff8b][0xffffff8f][0xffffffcb]S[0xffffffb4][0xfffffff8][0xffffffbe]t[\n]"
[DEBUG] http-outgoing-1 << "-$[0xffffff8f][0x14]-L*)ZH6[0x9]Z,[0x9][0xffffffad][0xffffffa7][0xffffffc5][0xffffff92][0xffffffd3],Zh[0xffffff8d][0xffffffd2][0xffffffb4]p[0xffffffad]J[0xffffffd3]BK[0xffffff96][0xffffffa4][0xffffffc5][0xffffffda][0xffffffb9][0x1c]-[0xffffffd6][\n]"
[DEBUG] http-outgoing-1 << "[0xffffffde][0xffffffa2]E[0xffffffeb]q[0xffffffef]q[0xfffffff6][0xffffff80][0x17]9{[0xffffffc4][0xffffff9b][0xffffff9c][0x1d]~[0xffffff95][0xffffffb3][0xffffff83][0xffffffef]r[0xfffffff6][0xffffffac][0xffffff97]9%[0xffffff94][0xffffff94]0\4)bh@[0x9]c[0xffffffac]1[0xffffffad]G[0xffffffc6][0x1a][0xffffffd6],e[0xffffff98]B[0xffffffa5][0xffffff99]a[0xfffffffb][0xffffff95]v[0xffffff86][0xffffffa9][[0x12][0x1a][0xffffffd2][0xffffffbe][0xffffff9c]4[0xffffffa4][0xffffff8c]7[0xffffffa9][0xffffff91][0xfffffff6]^g[0xb]x[0xffffffb1][0xffffffb3]E[0xffffffbc][0xffffffd9][0xffffffd9][0xfffffff4][0xffffffad][0xffffffa3][0xffffffe2][0xffffffb0]s[0xffffffef]v[0xffffffb6][0xffffffac][0xffffff97];5[0xffffff94][0x1c]5r^[0xffffffef][0xffffffd4][0xffffff80]2[0xffffffd4][0xffffffa0]_[0xfffffff0]"
[DEBUG] http-outgoing-1 << "\[0xffffffc3][0xffffff9a]F[0xffffff8d][0xffffffb8]W<m[0xffffffbf][0xfffffff2][0xffffffd4][0xffffff88]z[0xffffffc9]S[0xffffffda][0xffffff97][0xffffffa4][0xffffffc6][0x7f][0xfffffff1][0xffffff9a]g[0xffffff9b]-[0xffffff8d][0x1a][0xffffffb3][0xfffffff1][0xffffffd4][0xfffffff8][0xffffffb8][0xffffff87][0x0]j[0xfffffffc][0xffffffb8][0xb][0xffffff8c][0x1a][0x1f][0xffffffd7][0xffffffc7][0xffffffa8][0xfffffff1]}[0xffffffed][0x18]jH(1j[0xffffff98]hb[0xffffffd4][0xffffff90][0xffffff80]"[0xffffffd4]Xb[\n]"
[DEBUG] http-outgoing-1 << "Pc[0x9]k[0x18]5[0xffffffb4]Pqj[0xffffffb8]~[0xffffffc5][0xffffffa9][0xffffffa1]u[0xffffff8b]Rcm_[0xffffff90][0x1a]k[0x19][0xffffffff][0x9]5[0xffffffe6][0xfffffff7]_[0xffffff99]f[0xffffffe8]{[0xfffffff4][0xffffffab][0xfffffffe][0xffffffcc][0xffffff90][0xffffff9f][0xfffffff7]C1[0xffffffe3][0xffffff97];[0xffffffc0][0xffffff90][0xffffffb1][0xffffffdc]C11~[0xffffffb9]z10[0xfffffffe][0xfffffff7][0xffffffca]0/[0xffffffde]F[0xffffffb1][0x18][0x17][0xffffffbf][0x9]d1-[0xffffffde][0xffffffc6][0xffffffb2][0x10][0x16]o[0xffffffc2]Y[0xffffffc6][0xffffff8a]7[0x11][0xffffff8d]@[0xffffffc5][0xfffffffb][0xfffffff2][0xffffff84]H[0xfffffff1][0xffffffbb].[0xffffff85]@[0xfffffff1][0xffffffbe]Z[0x1]N[0xffffffbc]k[0xffffffda]rL[0xffffffbc]+[0xffffffde]-J[0xfffffff4]0J`C[0xffffffdf][0xffffffbf][0xffffffdc][0x1]O[0x9]d[0xffffffe8][0xfffffffb][0xffffff97][0xffffffab]S[0xffffff94]H[0x18][0xfffffffa]~[0x1b]E[0xffffff8a][0x12][0xfffffff8][0xffffffd0][0xfffffff7][0xffffffdb]X[0x12][0xffffff94][0xffffff80][0xffffff86][0xffffffbe][0xffffffdf]D4[0xffffff8b][0x12])C[0xffffffdf][0xffffffbf][0xffffffeb]R[0xffffff9a][0x12][0x9]C[0xffffffdf][0xffffffef][0xffffff9a][0xffffff96][0xffffffa3][0xffffffc4]_[0xc]}[0xffffffff][0xfffffff8][0x1b][0xffffff87]{*q[0xffffffb4][0xfffffffa]C[0xffffffd1][0x7f][0xffffffde][0xf]L[0xffffff89]#[0xffffffe0][0xffffffa9][0xffffffc4][0xffffffa1]t.[0xc][0xfffffff8][0xffffff81]=[0xffffff95]8[0xffffff92][0xffffff9e]Jh[0x14][0x19]J[0xffffffb8]@2[0xffffff94][0xffffffd0]X[0xffffffd6]Sb[\r]g5%[0xffffffd6][0xffffff88]&Q[0xffffffc2][0xffffff94]'K[0x9][0xffffffdb][0xffffffa5],%L[0xffffffb5]r[0xffffff94][0xffffff90][0xffffffa6][0xffffffa5](![0xffffffc5][0xffffffbb]E[0x9][0xfffffff3]T[0x2][0xffffffa5][0x4][0xfffffffd]T[0xffffffe2][0x8]x*q([0xffffff9d]K[0x3]N=[0xffffff95]8[0xffffff92][0xffffff9e]Jh[0x14])J[0xffffffa4]<[0xffffff95][0xffffffd0]X[0x12][0xffffff94]`[0xffffff9f]J[0xffffffac][0x11][0xffffffcd][0xffffffa2]D[0xffffffd8]S[0x9][0xffffffdb][0xffffffa5]4%[0xffffff82][0xffffff9e]JH[0xffffffd3]r[0xffffff94][0xfffffff8][0xfffffffb][0xffffffa7][0x12][0xffffffa7]{*[0xfffffff1][0xffffff9c][0x7]E[0xffffff89][0x13][0x7f]*q[0x6]<[0xffffff95]8[0xffffff95][0xffffffce][0xffffff85][0x1]?[0xffffffb1][0xffffffa7][0x12]g[0xffffffd2]S[0x9][0xffffff8d]"C[0x9][0x17]H[0xffffff86][0x12][0x1a][0xffffffcb]zJ[0xffffffac][0xffffffe1][0xffffffac][0xffffffa6][0xffffffc4][0x1a][0xffffffd1]$J[0xffffff98][0xfffffff2]d)a[0xffffffbb][0xffffff94][0xffffffa5][0xffffff84][0xffffffa9]V[0xffffff8e][0x12][0xffffffd2][0xffffffb4][0x14]%[0xffffffa4]x7(q[0x19]J[0xffffffcc][0xffffffd6][0x1b]E[0xffffff89][0xb][0xffffffa7][0xffffffc4][0x15]@[0xffffff89]K[0xfffffff3]^[0x18][0xfffffff0][0xb][0xffffffa3][0xffffffc4][0xffffff95]D[0x9][0xffffff8d]"C[0x9][0x17]H[0xffffff86][0x12][0x1a][0xffffffcb]zJ[0xffffffac][0xffffffe1][0xffffffac][0xffffffa6][0xffffffc4][0x1a][0xffffffd1]$J[0xffffff98][0xfffffff2]d)a[0xffffffbb][0xffffff94][0xffffffa5][0xffffff84][0xffffffa9]V[0xffffff8e][0x12][0xffffffd2][0xffffffb4][0x14]%[0xffffffa4]x7(q;J[0x1c][0x7][0xfffffff6][0x3][0xffffffc7][0xffffff8d]S[0xffffffe2][0xe][0xffffffa0][0xffffffc4][0xffffffad]y/[0xc][0xfffffff8][0xffffff8d]Q[0xffffffe2]N[0xffffffa2][0xffffff84]F[0xffffff91][0xffffffa1][0xffffff84][0xb]$C[0x9][0xffffff8d]e=%[0xffffffd6]pVSb[0xffffff8d]h[0x12]%Ly[0xffffffb2][0xffffff94][0xffffffb0]][0xffffffca]R[0xffffffc2]T+G[0x9]iZ[0xffffff8a][0x12]R[0xffffffbc][0x1b][0xffffff94]x[0x1c]%[0xffffffae]9)J<8%[0xffffff9e][0x0]J<[0xffffff9a][0xfffffff7][0xffffffc2][0xffffff80]?[0x18]%[0xffffff9e]$Jh[0x14][0x19]J[0xffffffb8]@2[0xffffff94][0xffffffd0]X[0xffffffd6]Sb[\r]g5%[0xffffffd6][0xffffff88]&Q[0xffffffc2][0xffffff94]'K[0x9][0xffffffdb][0xffffffa5],%L[0xffffffb5]r[0xffffff94][0xffffff90][0xffffffa6][0xffffffa5](![0xffffffc5][0xfffffffb][0xffffffe7][0xffffff94]8^[0xffffff86][0x12][0xffffffc7][0xffffffeb][0xffffffb8] J|[0xffffffde][0xf]K[0xffffff89][0xffffffaf];[0xffffff80])[0xfffffff1][0xffffffef]= [0xffffff94][0xfffffff8][0xffffffba]:B[0xffffff89][0x7f][0xffffffae][0x1c]A[0x9][0x13]E[0xffffff84][0x12]6[0xffffff90][0x8]%L,[0xffffffcb])![0xffffffe1],[0xffffffa6][0xffffff84]D4[0xffffff88][0x12][0xffffffae]<QJ[0xfffffff8].E)[0xffffffe1][0xffffffaa][0x15][0xffffffa3][0xffffff84]6-D[0x9]-[0xffffffde][\r]JtG[0xffffff89][0xffffffde][0xffffffeb][0xffffffb7]0[0x7f][0xffffffde][0xf]L[0xffffff89][0x1e]@[0xffffff89][0xffffffae]y/[0xc]x[0xffffffc7]([0xffffffd1][0xffffff93]([0xffffffa1]Qd([0xffffffe1][0x2][0xffffffc9]PBcYO[0xffffff89]5[0xffffff9c][0xffffffd5][0xffffff94]X#[0xffffff9a]D[0x9]S[0xffffff9e],%l[0xffffff97][0xffffffb2][0xffffff94]0[0xffffffd5][0xffffffca]QB[0xffffff9a][0xffffff96][0xffffffa2][0xffffff84][0x14][0xffffffef][0x6]%[0xffffff86][0xffffffa5][0x4]0[0xffffffab][0xfffffffd][0xfffffff3]~`J[0xffffff8c][0x0]J[0xc][0xffffffcd]{a[0xffffffc0][0x7]F[0xffffff89][0xffffff91]D[0x9][0xffffff8d]"C[0x9][0x17]H[0xffffff86][0x12][0x1a][0xffffffcb]zJ[0xffffffac][0xffffffe1][0xffffffac][0xffffffa6][0xffffffc4][0x1a][0xffffffd1]$J[0xffffff98][0xfffffff2]d)a[0xffffffbb][0xffffff94][0xffffffa5][0xffffff84][0xffffffa9]V[0xffffff8e][0x12][0xffffffd2][0xffffffb4][0x14]%[0xffffffa4]x7(1[0x1d]%[0xffffffc6][0xfffffff1][0xffffffa2](1qJ[0xffffffcc][0x0]JL[0xffffffcd]{a[0xffffffc0]'F[0xffffff89][0xffffff99]D[0x9][0xffffff8d]"C[0x9][0x17]H[0xffffff86][0x12][0x1a][0xffffffcb]zJ[0xffffffac][0xffffffe1][0xffffffac][0xffffffa6][0xffffffc4][0x1a][0xffffffd1]$J[0xffffff98][0xfffffff2]d)a[0xffffffbb][0xffffff94][0xffffffa5][0xffffff84][0xffffffa9]V[0xffffff8e][0x12][0xffffffd2][0xffffffb4][0x14]%[0xffffffa4]x7([0xffffffe1][0xffffffd6].[0xffffff8f]yc[0xffffffef]J[0xffffffe0]k[0xffffff97]G[0xffffffc0][0xffffffda][0xffffffe5]a&[0xffffffd9][\n]"
[DEBUG] http-outgoing-1 << "[0x3][0xffffff8e][0xffffffad]][0x1e]2[0xffffffba]FR"d[0xffffffed][0xffffffd2][0x6][0xffffff92][0xffffffa1]D[0xffffffc0][0xffffffda][0xffffffa5][0xffffff84][0xffffffb3][0xffffff9a][0x12][0xffffffc1]k[0xffffff97][0xffffffae]<YJ[0xffffffe4][0xffffffad]][0xffffffba]j[0xffffffe5]([0xffffff91][0xffffffb2]v[0xffffffa9][0xffffffc5][0xffffffbb]A[0x9]7Qu[0xffffffdc][0xffffffdc]k[0xffffff97][0xfffffff8]D[0xffffffd5][0x11]0Qu[0xffffff98][0x1d][0xffffff95][0xffffffc2][0xffffff80]c[0x13]U[0xffffff87],[0xffffffa5][0xffffff90][0xffffff94][0x8][0xffffff99][0xffffffa8][0xffffffb2][0xffffff81]d([0x11]0Q%[0xffffffe1][0xffffffac][0xffffffa6]D[0xfffffff0]D[0xffffff95]+O[0xffffff96][0x12]y[0x13]U[0xffffffae]Z9J[0xffffffa4]LTi[0xfffffff1]nP[0xffffffc2]MT[0xffffff9d][0xffffffaf][0xfffffff3][0xffffffa4]([0xffffff81]OT[0x1d][0x1][0x13]U[0xffffff87][0xffffffd9]Q)[0xc]86Qu[0xffffffc8]R[\n]"
[DEBUG] http-outgoing-1 << "I[0xffffff89][0xffffff90][0xffffff89]*[0x1b]H[0xffffff86][0x12][0x1][0x13]U[0x12][0xffffffce]jJ[0x4]OT[0xffffffb9][0xfffffff2]d)[0xffffff91]7Q[0xffffffe5][0xffffffaa][0xffffff95][0xffffffa3]D[0xffffffca]D[0xffffff95][0x16][0xffffffef][0x6]%[0xffffffdc]D[0xffffffd5]9/[0xffffffec][0xffffffa9][0x4]>Qu[0x4]LT[0x1d]fG[0xffffffa5]0[0xffffffe0][0xffffffd8]D[0xffffffd5]!K)$%B&[0xffffffaa]l [0x19]J[0x4]LTI8[0xffffffab])[0x11]<Q[0xffffffe5][0xffffffca][0xffffff93][0xffffffa5]D[0xffffffde]D[0xffffff95][0xffffffab]V[0xffffff8e][0x12])[0x13]UZ[0xffffffbc][[0xffffff94][0xffffffe8]a[0xffffff94][0xffffff80][0xffffff8f][0xfffffff3][0xfffffffa][0xffffffba][0x3][0xffffff9e][0x12][0xffffffe0]q^_W[0xffffffa7]([0xffffff91]s[0xffffff9c][0xffffff97][0xffffff89]"E[0xffffff89][0xffffff90][0xffffffe3][0xffffffbc]L,[0x9]J[0xffffffa0][0xffffffc7]yID[0xffffffb3]([0xffffff91]u[0xffffff9c][0xffffff97][0xffffffef]R[0xffffff9a][0x12]9[0xffffffc7]yi[0xffffffd3]r[0xffffff94][0xfffffff8][0xffffffeb][0xffffffe3][0xffffffbc]N7Qu[0xffffffbd][0xffffffee][0xe]Q[0xffffffe2][0xffffffc4]'[0xffffffaa][0xffffffce][0xffffff80][0xffffff89][0xffffffaa][0xffffffd3][0xffffffec][0xffffffa8][0xffffffd4][0x5][0xfffffffc][0xffffffc4]&[0xffffffaa]NYJ[0x1])a[0xffffffa2][0xffffff88]P[0xffffffc2][0x6][0x12][0xffffffa1][0xffffff84][0xffffff89]e9%$[0xffffff9c][0xffffffc5][0xffffff94][0xffffff90][0xffffff88][0x6]Q[0xffffffc2][0xffffff95]'J[0x9][0xffffffdf][0xffffffa5](%\[0xffffffb5]b[0xffffff94][0xffffffd0][0xffffffa6][0xffffff85]([0xffffffa1][0xffffffc5][0xffffffbb]A[0xffffff89][0xffffffe6]([0xffffffd1]/[0xffffffea]d[0xffffffd0][0xffffffcf][0xfffffffb][0xffffff81])[0xffffffd1][0x2]([0xffffffd1]4[0xffffffef][0xffffff85][0x1]o[0x18]%Z[0x12]%4[0xffffff8a][0xc]%\ [0x19]Jh,[0xffffffeb])[0xffffffb1][0xffffff86][0xffffffb3][0xffffff9a][0x12]kD[0xffffff93](a[0xffffffca][0xffffff93][0xffffffa5][0xffffff84][0xffffffed]R[0xffffff96][0x12][0xffffffa6]Z9JH[0xffffffd3]R[0xffffff94][0xffffff90][0xffffffe2][0xffffffdd][0xffffffa0][0xffffff84][[0xffffffbb][0xffffffbc][0xffffffce][0x7]{*[0xffffff81][0xffffffaf]][0xffffff9e][0x1]k[0xffffff97][0xffffffa7][0xffffff99]d+[0xc]8[0xffffffb6]vy[0xffffffca][0xffffffe8][0x1a]I[0xffffff89][0xffffff90][0xffffffb5]K[0x1b]H[0xffffff86][0x12][0x1]k[0xffffff97][0x12][0xffffffce]jJ[0x4][0xffffffaf]][0xffffffba][0xfffffff2]d)[0xffffff91][0xffffffb7]v[0xffffffe9][0xffffffaa][0xffffff95][0xffffffa3]D[0xffffffca][0xffffffda][0xffffffa5][0x16][0xffffffef][0x6]%[0xffffffdc][0xffffffda][0xffffffe5]u[0xffffffdf][0xffffffd8]S[0x9]|[0xffffffed][0xfffffff2][0xc]X[0xffffffbb]<[0xffffffcd]$[a[0xffffffc0][0xffffffb1][0xffffffb5][0xffffffcb]SF[0xffffffd7]HJ[0xffffff84][0xffffffac]][0xffffffda]@2[0xffffff94][0x8]X[0xffffffbb][0xffffff94]pVS"x[0xffffffed][0xffffffd2][0xffffff95]'K[0xffffff89][0xffffffbc][0xffffffb5]KW[0xffffffad][0x1c]%R[0xffffffd6].[0xffffffb5]x7(1[\r]%[0xffffffee]~Q[0x1f][0xffffff83]~[0xffffffde][0xf]L[0xffffff89][0x19]@[0xffffff89][0xffffffa9]y/[0xc][0xfffffff8][0xffffffc4](1[0xffffff93]([0xffffffa1]Qd([0xffffffe1][0x2][0xffffffc9]PBcYO[0xffffff89]5[0xffffff9c][0xffffffd5][0xffffff94]X#[0xffffff9a]D[0x9]S[0xffffff9e],%l[0xffffff97][0xffffffb2][0xffffff94]0[0xffffffd5][0xffffffca]QB[0xffffff9a][0xffffff96][0xffffffa2][0xffffff84][0x14][0xffffffef][0x6]%[0xffffffdc]D[0xffffffd5]=[0xffffffb8][0x1f]8[0xfffffff0][0xffffff89][0xffffffaa]3`[0xffffffa2][0xffffffea]4;*[0xffffff85][0x1][0xffffffc7]&[0xffffffaa]NYJ!)[0x11]2Qe[0x3][0xffffffc9]P"`[0xffffffa2]J[0xffffffc2]YM[0xffffff89][0xffffffe0][0xffffff89]*W[0xffffff9e],%[0xfffffff2]&[0xffffffaa]\[0xffffffb5]r[0xffffff94]H[0xffffff99][0xffffffa8][0xffffffd2][0xffffffe2][0xffffffdd][0xffffffa0][0xffffff84][0xffffff9b][0xffffffa8][0xffffffba][0xffffffe7][0xffffffc0]~[0xffffffe0][0xffffffc0]'[0xffffffaa][0xffffffce][0xffffff80][0xffffff89][0xffffffaa][0xffffffd3][0xffffffec][0xffffffa8][0x14][0x6][0x1c][0xffffff9b][0xffffffa8]:e)[0xffffff85][0xffffffa4]D[0xffffffc8]D[0xffffff95][\r]$C[0xffffff89][0xffffff80][0xffffff89]*[0x9]g5%[0xffffff82]'[0xffffffaa]\y[0xffffffb2][0xffffff94][0xffffffc8][0xffffff9b][0xffffffa8]r[0xffffffd5][0xffffffca]Q"e[0xffffffa2]J[0xffffff8b]w[0xffffff83][0x12]n[0xffffffa2][0xffffffea][0xffffff9e]O[0xffffffa3]([0xffffff81]OT[0xffffff9d][0x1][0x13]U[0xffffffa7][0xffffffd9]Q)[0xc]86Qu[0xffffffca]R[\n]"
[DEBUG] http-outgoing-1 << "I[0xffffff89][0xffffff90][0xffffff89]*[0x1b]H[0xffffff86][0x12][0x1][0x13]U[0x12][0xffffffce]jJ[0x4]OT[0xffffffb9][0xfffffff2]d)[0xffffff91]7Q[0xffffffe5][0xffffffaa][0xffffff95][0xffffffa3]D[0xffffffca]D[0xffffff95][0x16][0xffffffef][0xffffff9f]S[0xffffffe2]r[0xffffffbb][0x12][0xfffffff7]=(J\[0xfffffff8][0xffffffae][0xffffffc4][0x15][0xffffffb0]+q[0xffffff99][0xffffff8f][0xffffff9f][0xffffffeb][0x2]~a[0xffffffbb][0x12][0xffffff97]|[0xffffffde][0xc]R[0xffffffc2]D[0x11][0xffffffa1][0xffffff84][\r]$B[0x9][0x13][0xffffffcb]rJH8[0xffffff8b])![0x11][\r][0xffffffa2][0xffffff84]+O[0xffffff94][0x12][0xffffffbe]KQJ[0xffffffb8]j[0xffffffc5]([0xffffffa1]M[0xb]QB[0xffffff8b]w[0xffffff8b][0x12]=[0xffffff8c][0x12][0xfffffff0][0xffffffda][0xffffffe5][0xffffffd7][0x1d][0xfffffff0][0xffffff94][0x0][0xffffffd7].[0xffffffbf][0xffffffae]NQ"g[0xffffffed][0xffffffd2]D[0xffffff91][0xffffffa2]D[0xffffffc8][0xffffffda][0xffffffa5][0xffffff89]%A[0x9]t[0xffffffed]R"[0xffffff9a]E[0xffffff89][0xffffffac][0xffffffb5]K[0xffffffdf][0xffffffa5]4%r[0xffffffd6].[0xffffffb5]i9J[0xfffffffc][0xfffffff5][0xffffffda][0xffffffe5][0xffffffd5][0x1c]%[0xffffff9e][0xfffffff3][0xffffffa6]([0xffffffd1]pJ[0xffffffb4][0x0]J4[0xffffffcd]{a[0xffffffc0][0x1b]F[0xffffff89][0xffffff96]D[0x9][0xffffff8d]"C[0x9][0x17]H[0xffffff86][0x12][0x1a][0xffffffcb]zJ[0xffffffac][0xffffffe1][0xffffffac][0xffffffa6][0xffffffc4][0x1a][0xffffffd1]$J[0xffffff98][0xfffffff2]d)a[0xffffffbb][0xffffff94][0xffffffa5][0xffffff84][0xffffffa9]V[0xffffff8e][0x12][0xffffffd2][0xffffffb4][0x14]%[0xffffffa4]x7(1[0xffffffcd][0xf][0x1c][0xffffffcf][0xffffffdd][0x6]E[0xffffff89][0xffffff89][0xffffffff][0xffffffc0]1[0x3]~[0xffffffe0][0xffffff98][0xfffffffa][0x14][0xffffffae]0[0xffffffe0][0x13][0xfffffffb][0xffffff81]c&[0xfffffffd][0xffffffc0][0xffffffa1]Qd([0xffffffe1][0x2][0xffffffc9]PBcYO[0xffffff89]5[0xffffff9c][0xffffffd5][0xffffff94]X#[0xffffff9a]D[0x9]S[0xffffff9e],%l[0xffffff97][0xffffffb2][0xffffff94]0[0xffffffd5][0xffffffca]QB[0xffffff9a][0xffffff96][0xffffffa2][0xffffff84][0x14][0xffffffef][0x16]%F[0x18]%[0x6]N[0xffffff89][0x11]@[0xffffff89][0xffffff81]Rb`[0xffffff94][0x18]I[0xffffff94]X[0xffffffa3]HQB[0x3]IQb[0xffffff8d]%A[0xffffff89][0x1]Sb[0x4]SB[0xffffffca][0xffffff93][0xffffffa6][0xffffff84][0xffffffe9]R[0xffffff9a][0x12]R[0xffffffad]$%F[\n]"
[DEBUG] http-outgoing-1 << "%[0xffffffc6]_S[0xffffffe2][0xffffffd0][0xffffffa7][0x12][0xffffffed][0xffffffd5][0xffffffb0][0xffffffb5][0xffffffcb][0xffffffcf][0xfffffffb][0xffffff81])q[0x4]<[0xffffff95]8[0xffffff94][0xffffffce][0xffffff85][0x1]?[0xffffffb0][0xffffffa7][0x12]G[0xffffffd2]S[0x9][0xffffff8d]"C[0x9][0x17]H[0xffffff86][0x12][0x1a][0xffffffcb]zJ[0xffffffac][0xffffffe1][0xffffffac][0xffffffa6][0xffffffc4][0x1a][0xffffffd1]$J[0xffffff98][0xfffffff2]d)a[0xffffffbb][0xffffff94][0xffffffa5][0xffffff84][0xffffffa9]V[0xffffff8e][0x12][0xffffffd2][0xffffffb4][0x14]%[0xffffffa4]x7(a&[0xffffffaa][0xffffffda][0xffffffeb][0xffffffbc][0xffffffa8][0xffffff89][0xffffffaa][0xb][0xffffff9f][0xffffffa8][0xffffffba][0x2]&[0xffffffaa].[0xffffffb3][0xffffffa3]R[0x18]pl[0xffffffa2][0xffffffea][0xffffff92][0xffffffa5][0x14][0xffffff92][0x12]![0x13]U6[0xffffff90][0xc]%[0x2]&[0xffffffaa]$[0xffffff9c][0xffffffd5][0xffffff94][0x8][0xffffff9e][0xffffffa8]r[0xffffffe5][0xffffffc9]R"o[0xffffffa2][0xffffffca]U+G[0xffffff89][0xffffff94][0xffffff89]*-[0xffffffde][\r]J[0xffffff98][0xffffff89][0xffffffaa][0xfffffff6][0xffffffba][0xffffffb1]][0xffffff89][0xb][0xffffff9f][0xffffffa8][0xffffffba][0x2]&[0xffffffaa].[0xffffffb3][0xffffffa3]R[0x18]pl[0xffffffa2][0xffffffea][0xffffff92][0xffffffa5][0x14][0xffffff92][0x12]![0x13]U6[0xffffff90][0xc]%[0x2]&[0xffffffaa]$[0xffffff9c][0xffffffd5][0xffffff94][0x8][0xffffff9e][0xffffffa8]r[0xffffffe5][0xffffffc9]R"o[0xffffffa2][0xffffffca]U+G[0xffffff89][0xffffff94][0xffffff89]*-[0xffffffde][\r]J[0xffffff98][0xffffff89][0xffffffaa][0xffffffd6][0xfffffffa][0xffffffc4]([0xffffff81]OT][0x1][0x13]U[0xffffff97][0xffffffd9]Q)[0xc]86Qu[0xffffffc9]R[\n]"
[DEBUG] http-outgoing-1 << "I[0xffffff89][0xffffff90][0xffffff89]*[0x1b]H[0xffffff86][0x12][0x1][0x13]U[0x12][0xffffffce]jJ[0x4]OT[0xffffffb9][0xfffffff2]d)[0xffffff91]7Q[0xffffffe5][0xffffffaa][0xffffff95][0xffffffa3]D[0xffffffca]D[0xffffff95][0x16][0xffffffef][0x6]%[0x1e]G[0xffffff89][0xffffffd1][0x1f][0xffffff8a][0x12][0xf]N[0xffffff89]'[0xffffff80][0x12][0xffffff8f][0xffffffe6][0xffffffbd]0[0xffffffe0][0xf]F[0xffffff89]'[0xffffff89][0x12][0x1a]E[0xffffff86][0x12].[0xffffff90][0xc]%4[0xffffff96][0xfffffff5][0xffffff94]X[0xffffffc3]YM[0xffffff89]5[0xffffffa2]I[0xffffff94]0[0xffffffe5][0xffffffc9]R[0xffffffc2]v)K[0x9]S[0xffffffad][0x1c]%[0xffffffa4]i)JH[0xfffffff1][0xfffffffe]9%n[0xffffffb3]v[0xfffffff9]A[0xffffff89][0xffffff8b][0xfffffffa][0xffffff82][0xffffffe3][0xffffffc6][0xffffffd7].[0xffffffef][0xffffff80][0xffffffb5][0xffffffcb][0xffffffdb]L[0xffffffb2][0xffffffd5][0x5][0xfffffffc][0xffffffc6][0xffffffd6].o[0x19]][0x3])a[0xffffffa2][0xffffff88]P[0xffffffc2][0x6][0x12][0xffffffa1][0xffffff84][0xffffff89]e9%$[0xffffff9c][0xffffffc5][0xffffff94][0xffffff90][0xffffff88][0x6]Q[0xffffffc2][0xffffff95]'J[0x9][0xffffffdf][0xffffffa5](%\[0xffffffb5]b[0xffffff94][0xffffffd0][0xffffffa6][0xffffff85]([0xffffffa1][0xffffffc5][0xffffffbb]A[0xffffff89][0xffffffe6](1[0xffffffdb][0xffffff8b][0xffffffa2]D[0xffffffc3])[0xffffffd1][0x2]([0xffffffd1]4[0xffffffef][0xffffff85][0x1]o[0x18]%Z[0x12]%4[0xffffff8a][0xc]%\ [0x19]Jh,[0xffffffeb])[0xffffffb1][0xffffff86][0xffffffb3][0xffffff9a][0x12]kD[0xffffff93](a[0xffffffca][0xffffff93][0xffffffa5][0xffffff84][0xffffffed]R[0xffffff96][0x12][0xffffffa6]Z9JH[0xffffffd3]R[0xffffff94][0xffffff90][0xffffffe2][0xffffffdd][0xffffffa0]D[0xffffffb7][0xffffff94][0xffffffc0][0xffffffd6].?[0xffffffef][0x7][0xffffffa6]D[0xf][0xffffffa0]D[0xffffffd7][0xffffffbc][0x17][0x6][0xffffffbc]c[0xffffff94][0xffffffe8]I[0xffffff94][0xffffffd0](2[0xffffff94]p[0xffffff81]d([0xffffffa1][0xffffffb1][0xffffffac][0xffffffa7][0xffffffc4][0x1a][0xffffffce]jJ[0xffffffac][0x11]M[0xffffffa2][0xffffff84])O[0xffffff96][0x12][0xffffffb6]KYJ[0xffffff98]j[0xffffffe5](!MKQB[0xffffff8a]w[0xffffff83][0x12][0xffffffc3]Q[0xffffffe2]|Q[0xffffffaf]]~[0xffffffde][0xf]L[0xffffff89][0x11]@[0xffffff89][0xffffffa1]y/[0xc][0xfffffff8][0xffffffc0](1[0xffffff92]([0xffffffa1]Qd([0xffffffe1][0x2][0xffffffc9]PBcYO[0xffffff89]5[0xffffff9c][0xffffffd5][0xffffff94]X#[0xffffff9a]D[0x9]S[0xffffff9e],%l[0xffffff97][0xffffffb2][0xffffff94]0[0xffffffd5][0xffffffca]QB[0xffffff9a][0xffffff96][0xffffffa2][0xffffff84][0x14][0xffffffef][0x6]%[0xffffffa6][0xffffffa5][0xffffffc4][0xffffff85][0xfffffffd][0xffffffc0]1qJ[0xffffffcc][0x0]JL[0xffffffcd]{a[0xffffffc0]'F[0xffffff89][0xffffff99]D[0x9][0xffffff8d]"C[0x9][0x17]H[0xffffff86][0x12][0x1a][0xffffffcb]zJ[0xffffffac][0xffffffe1][0xffffffac][0xffffffa6][0xffffffc4][0x1a][0xffffffd1]$J[0xffffff98][0xfffffff2]d)a[0xffffffbb][0xffffff94][0xffffffa5][0xffffff84][0xffffffa9]V[0xffffff8e][0x12][0xffffffd2][0xffffffb4][0x14]%[0xffffffa4]x7([0xffffffe1][0xffffffd6].{[0xffffffbb][0xffffffa9]/8n|[0xffffffed][0xfffffff2][0xe]X[0xffffffbb][0xffffffbc][0xffffffcd]$[a[0xffffffc0][0xffffffb1][0xffffffb5][0xffffffcb][F[0xffffffd7]HJ[0xffffff84][0xffffffac]][0xffffffda]@2[0xffffff94][0x8]X[0xffffffbb][0xffffff94]pVS"x[0xffffffed][0xffffffd2][0xffffff95]'K[0xffffff89][0xffffffbc][0xffffffb5]KW[0xffffffad][0x1c]%R[0xffffffd6].[0xffffffb5]x7([0xffffffe1]&[0xffffffaa][0xfffffffa]}a[0xffffff94][0xffffffc0]'[0xffffffaa][0xffffffee][0xffffff80][0xffffff89][0xffffffaa][0xffffffdb][0xffffffec][0xffffffa8][0x14][0x6][0x1c][0xffffff9b][0xffffffa8][0xffffffba]e)[0xffffff85][0xffffffa4]D[0xffffffc8]D[0xffffff95][\r]$C[0xffffff89][0xffffff80][0xffffff89]*[0x9]g5%[0xffffff82]'[0xffffffaa]\y[0xffffffb2][0xffffff94][0xffffffc8][0xffffff9b][0xffffffa8]r[0xffffffd5][0xffffffca]Q"e[0xffffffa2]J[0xffffff8b]w[0xffffff83][0x12]n[0xffffffa2]j[0xfffffff4][0xb]{W[0x2][0xffffff9f][0xffffffa8][0xffffffba][0x3]&[0xffffffaa]n[0xffffffb3][0xffffffa3]R[0x18]pl[0xffffffa2][0xffffffea][0xffffff96][0xffffffa5][0x14][0xffffff92][0x12]![0x13]U6[0xffffff90][0xc]%[0x2]&[0xffffffaa]$[0xffffff9c][0xffffffd5][0xffffff94][0x8][0xffffff9e][0xffffffa8]r[0xffffffe5][0xffffffc9]R"o[0xffffffa2][0xffffffca]U+G[0xffffff89][0xffffff94][0xffffff89]*-[0xffffffde]-J[0xfffffff4]0Jt[0xffffff9c][0x12]=[0xffffff80][0x12][0x1d][0xffffffa5]D[0xffffffc7]([0xffffffd1][0xffffff93]([0xffffffb1]F[0xffffff91][0xffffffa2][0xffffff84][0x6][0xffffff92][0xffffffa2][0xffffffc4][0x1a]K[0xffffff82][0x12][0x1d][0xffffffa6]D[0xf][0xffffffa6][0xffffff84][0xffffff94]'M[0x9][0xffffffd3][0xffffffa5]4%[0xffffffa4]ZIJ[0xfffffff4][0x14]J[0xfffffff4][0xffffffbf][0xffffffa6][0xffffff84][[0xffffffbb][0x1c]sR'[0xffffff83][0xffffffde][0xfffffff8][0xffffffda][0xffffffe5][0x1d][0xffffffb0]vy[0xffffff9b]I[0xffffffb6][0xffffffc2][0xffffff80]ck[0xffffff97][0xffffffb7][0xffffff8c][0xffffffae][0xffffff91][0xffffff94][0x8]Y[0xffffffbb][0xffffffb4][0xffffff81]d([0x11][0xffffffb0]v)[0xffffffe1][0xffffffac][0xffffffa6]D[0xfffffff0][0xffffffda][0xffffffa5]+O[0xffffff96][0x12]yk[0xffffff97][0xffffffae]Z9J[0xffffffa4][0xffffffac]]j[0xfffffff1][0xfffffffe]9%[0x1e][0xffffffb7]v9[0xffffffee][0xffffff9b][0xfffffffa][0xffffff82][0xffffffe3][0xffffffc1][0xffffffd7].[0xffffff9f][0xffffff80][0xffffffb5][0xffffffcb][0xffffffc7]L[0xffffffb2][0xffffffd5][0x5][0xfffffffc][0xffffffc1][0xffffffd6].[0x1f][0x19]][0x3])a[0xffffffa2][0xffffff88]P[0xffffffc2][0x6][0x12][0xffffffa1][0xffffff84][0xffffff89]e9%$[0xffffff9c][0xffffffc5][0xffffff94][0xffffff90][0xffffff88][0x6]Q[0xffffffc2][0xffffff95]'J[0x9][0xffffffdf][0xffffffa5](%\[0xffffffb5]b[0xffffff94][0xffffffd0][0xffffffa6][0xffffff85]([0xffffffa1][0xffffffc5][0xffffffbb]E[0x9][0xfffffff3][0x3][0x7]J[0x9][0xfffffff8][0x7][0xffffff8e][0xffffffaf];[0xffffffe0])[0x1][0xfffffffe][0xffffffc0][0xfffffff1]uu[0xffffff8a][0x12]9?p[0xffffff98](R[0xffffff94][0x8][0xfffffff9][0xffffff81][0xffffffc3][0xffffffc4][0xffffff92][0xffffffa0][0x4][0xfffffffa][0x3][0xffffff87]D4[0xffffff8b][0x12]Y?p[0xfffffff8].[0xffffffa5])[0xffffff91][0xfffffff3][0x3][0xffffff87]6-G[0xffffff89][0xffffffbf][0xfffffffe][0xffffff81][0xffffffe3]q[0xffffffc3][0xffffffd9][0xfffffff3]ut[0xffffff8a][0x12][0xfffffff8]p[0xfffffff6][0x13]0[0xffffff9c][0xfffffffd][0xffffff98]u[0xffffffd7][0xffffffc2][0xffffff80]c[0xffffffc3][0xffffffd9][0xffffff8f][0xffffffec][0xffffffb7][0xffffff92][0xffffff94][0x8][0x19][0xffffffce][0xffffffb6][0xffffff81]d([0x11]0[0xffffff9c]-[0xffffffe1][0xffffffac][0xffffffa6]D[0xfffffff0]p[0xffffffb6]+O[0xffffff96][0x12]y[0xffffffc3][0xffffffd9][0xffffffae]Z9J[0xffffffa4][0xc]gk[0xfffffff1]nP[0xffffffc2][\r]g[0xffffffcf][0xffffff8f][0xffffffff]P[0xffffff94][0xffffffc0][0xffffff87][0xffffffb3][0xffffff9f][0xffffff80][0xffffffe1][0xffffffec][0xffffffc7][0xffffffac][0xffffffbb][0x16][0x6][0x1c][0x1b][0xffffffce]~d[0xffffffbf][0xffffff95][0xffffffa4]D[0xffffffc8]p[0xffffffb6][\r]$C[0xffffff89][0xffffff80][0xffffffe1]l[0x9]g5%[0xffffff82][0xffffff87][0xffffffb3]]y[0xffffffb2][0xffffff94][0xffffffc8][0x1b][0xffffffce]v[0xffffffd5][0xffffffca]Q"e8[[0xffffff8b]w[0xffffff83][0x12]n8{[0x1e][0x17][0xfffffff6]T[0x2][0x1f][0xffffffce]~[0x2][0xffffff86][0xffffffb3][0x1f][0xffffffb3][0xffffffee]Z[0x18]pl8[0xfffffffb][0xffffff91][0xfffffffd]V[0xffffff92][0x12]![0xffffffc3][0xffffffd9]6[0xffffff90][0xc]%[0x2][0xffffff86][0xffffffb3]%[0xffffff9c][0xffffffd5][0xffffff94][0x8][0x1e][0xffffffce]v[0xffffffe5][0xffffffc9]R"o8[0xffffffdb]U+G[0xffffff89][0xffffff94][0xffffffe1]l-[0xffffffde][\r]JLG[0xffffff89][0xffffff93]{*1qJ[0xffffffcc][0x0]JL[0xffffffcd]{a[0xffffffc0]'F[0xffffff89][0xffffff99]D[0x9][0xffffff8d]"C[0x9][0x17]H[0xffffff86][0x12][0x1a][0xffffffcb]zJ[0xffffffac][0xffffffe1][0xffffffac][0xffffffa6][0xffffffc4][0x1a][0xffffffd1]$J[0xffffff98][0xfffffff2]d)a[0xffffffbb][0xffffff94][0xffffffa5][0xffffff84][0xffffffa9]V[0xffffff8e][0x12][0xffffffd2][0xffffffb4][0x14]%[0xffffffa4]x7([0xffffffe1][0xffffff86][0xffffffb3][0xffffffe7]yb[0xffffffaf]][0xffffffe2][0xffffffc3][0xffffffd9]O[0xffffffc0]p[0xfffffff6]c[0xffffffd6]][0xb][0x3][0xffffff8e][\r]g?[0xffffffb2][0xffffffdf]JR"d8[0xffffffdb][0x6][0xffffff92][0xffffffa1]D[0xffffffc0]p[0xffffffb6][0xffffff84][0xffffffb3][0xffffff9a][0x12][0xffffffc1][0xffffffc3][0xffffffd9][0xffffffae]<YJ[0xffffffe4][\r]g[0xffffffbb]j[0xffffffe5]([0xffffff91]2[0xffffff9c][0xffffffad][0xffffffc5][0xffffffbb]A[0xffffff89][0xffffffd3]Q[0xffffffe2]zQ[0xffffffc3][0xffffffd9][0xffffff9f][0xfffffff7][0x3]S[0xffffffe2][0xc][0xffffffa0][0xffffffc4][0xffffffa9]y/[0xc][0xfffffff8][0xffffff89]Q[0xffffffe2]L[0xffffffa2][0xffffff84]F[0xffffff91][0xffffffa1][0xffffff84][0xb]$C[0x9][0xffffff8d]e=%[0xffffffd6]pVSb[0xffffff8d]h[0x12]%Ly[0xffffffb2][0xffffff94][0xffffffb0]][0xffffffca]R[0xffffffc2]T+G[0x9]iZ[0xffffff8a][0x12]R[0xffffffbc][0x1b][0xffffff94]pgp[0xffffffcc][0xffffffbb]Q[0x13]U[0xf]~[0x6][0xffffffc7][0x13]p[0x6][0xffffffc7]c[0xffffff86][0xffffffe2][0xb][0x3][0xffffff8e][0xffffff9d][0xffffffc1][0xfffffff1][0xffffffc8][0x14]<I[0xffffff89][0xffffff90]38l [0x19]J[0x4][0xffffff9c][0xffffffc1]![0xffffffe1][0xffffffac][0xffffffa6]D[0xfffffff0][0x19][0x1c][0xffffffae]<YJ[0xffffffe4][0xffffff9d][0xffffffc1][0xffffffe1][0xffffffaa][0xffffff95][0xffffffa3]D[0xffffffca][0x19][0x1c]Z[0xffffffbc][0x1b][0xffffff94]pgp[0x1c]c\[0x14]%[0xfffffff0]38[0xffffff9e][0xffffff80]38[0x1e]3[0x14]_[0x18]p[0xffffffec][0xc][0xffffff8e]G[0xffffffa6][0xffffffe0]IJ[0xffffff84][0xffffff9c][0xffffffc1]a[0x3][0xffffffc9]P"[0xffffffe0][0xc][0xe][0x9]g5%[0xffffff82][0xffffffcf][0xffffffe0]p[0xffffffe5][0xffffffc9]R"[0xffffffef][0xc][0xe]W[0xffffffad][0x1c]%R[0xffffffce][0xffffffe0][0xffffffd0][0xffffffe2][0xffffffdd][0xffffffa2][0xffffff84]NT[0xffffffb1][0xffffff94][0xffffffa0]'[0xffffffaa][0x2][0xffffffce][0xffffffe0]x[0xffffffcc]P|i[0xffffffc0][0xffffffa9][0xffffff89][0xffffffaa][0xffffffa4]38L[0x14])J[0xffffffa4]LT[0x5][0xffffff9c][0xffffffc1]![0xffffffe1][0xffffffac][0xffffffa7]D[0xffffffee]DU[0xffffffda][0x19][0x1c][0xffffffbe]KiJ[0x4]MT[0xffffffa5][0xffffff9c][0xffffffc1][0xffffffa1][0xffffffc5][0xffffffbb]E[0xffffff89][0x11]F[0xffffff89][0xffffff81]Sb[0x4]Pb[0xffffffa0][0xffffff94][0x18][0x18]%F[0x12]%[0xffffffd6](R[0xffffff94][0xffffffd0]@R[0xffffff94]XcIPb[0xffffffc0][0xffffff94][0x18][0xffffffc1][0xffffff94][0xffffff90][0xfffffff2][0xffffffa4])a[0xffffffba][0xffffff94][0xffffffa6][0xffffff84]T+I[0xffffff89][0xffffff91]B[0xffffff89][0xfffffff1][0x1f]P[0xffffffe2][0x8][0xffffffa3][0xffffffc4][0xffffff81]S[0xffffffe2][0x8][0xffffffa0][0xffffffc4][0xffffff81]R[0xffffffe2][0xffffffc0](q$Qb[0xffffff8d]"E[0x9][\r]$E[0xffffff89]5[0xffffff96][0x4]%[0xe][0xffffff98][0x12]G0%[0xffffffa4]<iJ[0xffffff98].[0xffffffa5])![0xffffffd5]JR[0xffffffe2]H[0xffffffa1][0xffffffc4][0xfffffff1][0x1f]P[0xffffffa2][0xffffffa5]Y[0xffffffa2][0xfffffff1][0xffffff98]h[0x9][0xffffff9a]h,'[0x1a][0xffffffe7][0xffffff89][0x16][0x5][\n]"
[DEBUG] http-outgoing-1 << "[0xffffffc9]#%[\n]"
[DEBUG] http-outgoing-1 << "[0xffffff93]J[0xffffff8a][0x14][0xffffff92]M[0xffffffc2][0x14][0xffffff8d]FEKV[0xffffff85][0xffffffd6]([0xffffffcd][\n]"
[DEBUG] http-outgoing-1 << "[0xffffffd7][0xffffffaa][0xffffffb4]+[0xffffffb4]dIX[0xffffffac][0xffffff9d][0xffffffcb][0xffffffc9]b[0xffffffad][0xffffffe0]-Z[0xfffffff4][0xffffffb4]_<:[0xffffffff][0xffffff93]GO[0xfffffff8][0xffffffcd][0xffffffa3][0xffffffb3]?zt[0xffffffee]W[0xffffff8f][0x1e][0xfffffff5][0xffffffb3][0xffffff87][0xffffffe4][0xffffff91][0xffffffa2][0xffffff85]I%E[0xb][0xffffffc9]&A[0xffffff8b]N[0xffffffff][0xfffffff4][0xffffffd1][0xffffff93][0x7f][0xfffffffb][0xffffffd0][0x1a][0xffffffa5]i[0xffffffe1]Z[0xffffff95][0xffffffa6][0xffffff85][0xffffff96],I[0xffffff8b][0xffffffb5]s9Z[0xffffffac][0x15][0xffffffbc]E[0xffffff8b][0xffffff91][0xfffffff6][0xffffffd4]b[0xfffffff0]O-F[0xffffffc2]S[0xffffff8b][0xffffffc1]>[0xffffffb5][0x18][0xffffffdc]S[0xffffff8b][0x11][0xfffffff5][0xffffffd4]B[0xfffffff2]H[0xffffffd1][0xffffffc2][0xffffffa4][0xffffff92][0xffffffa2][0xffffff85]d[0xffffff93][0xffffffa0][0xffffffc5][0xffffffa0][0xffffff9f]Z[0xffffff8c][0xffffffe4][0xffffffa7][0x16]Z[0xffffffa3]4-\[0xffffffab][0xffffffd2][0xffffffb4][0xffffffd0][0xffffff92]%i[0xffffffb1]v.G[0xffffff8b][0xffffffb5][0xffffff82][0xffffffb7]hq[0xffffffdf]a[0xffffffb4][0xffffffb8]o[0xffffff9c][0x16][0x1f][0xffffffb7][0xffffffc0][0xffffffd3][0xffffffe2][0xffffffc7]MP[0xffffffb4][0xfffffff8][0xffffffb8]<E[0xffffff8b][0xffffffef]K[0xffffffa7][0xffffffd0]B[0xfffffff2]H[0xffffffd1][0xffffffc2][0xffffffa4][0xffffff92][0xffffffa2][0xffffff85]d[0xffffff93][0xffffffa0][0xffffffc5][0xffffff92][0xffffffd0]zZ,9[0xffffffcd][0xffffffa2][0xffffff85][0xffffffd6](M[0xb][0xffffffd7][0xffffffaa]4-[0xffffffb4]dIZ[0xffffffac][0xffffff9d][0xffffffcb][0xffffffd1]b[0xffffffad][0xffffffe0]-Z<i[0xffffffc3][0x14][0xf][0xffffffbf]L[0xfffffff1]q[0xb]<-~[0xffffffdc][0x4]E[0xffffff8b][0xffffff87][0x1b][0xffffffa7]x[0xffffffa2][0xffffffd6])$[0xffffff8f][0x14]-L*)ZH6[0x9]Z<[0xfffffff4]B[0xffffffc5][0xffffff93]<Q[0xffffffa1]5J[0xffffffd3][0xffffffc2][0xffffffb5]*M[0xb]-Y[0xffffff92][0x16]k[0xffffffe7]r[0xffffffb4]X+x[0xffffff8b][0x16][0xffffffed]L[0xfffffffb]E[0xffffffe4][0xffffffe3][0xffffff8e]p\|[0xffffffde][0x3][0xffffffaf][0xffffff8b][0x7f][0xffffffee][0xffffff82][0xffffffe2][0xffffffc5][0xffffffe7][0xfffffff5])_[0xfffffffc][0xffffffb8]v[\n]"
[DEBUG] http-outgoing-1 << "04[0xffffff94][0xffffff94]0\4)bh@[0x9]c[0xffffffac]1[0xffffffad]G[0xffffffc6][0x1a][0xffffffd6],e[0xffffff98]B[0xffffffa5][0xffffff99]a[0xfffffffb][0xffffff95]v[0xffffff86][0xffffffa9][[0x12][0x1a][0xffffffd2][0xffffffbe][0xffffff9c]4[0xffffffa4][0xffffff8c][0xffffffff][0xffffff84][0x1a][0xffffffc7][0xfffffff7]_y[0xffffffdc][0xffffffba][0xffffffe6][\r][0xffffff9c]D[0xfffffffa][0xfffffff3]~(f[0xfffffffc]r[0x7][0x18]2[0xffffff96]{(&[0xffffffc6]/W/[0x6][0xffffffc6][0xffffffff]^[0x19][0xffffffe6][0xffffffc5][0xffffffdb]([0x16][0xffffffe3][0xffffffe2]7[0xffffff81],[0xffffffa6][0xffffffc5][0xffffffdb]X[0x16][0xffffffc2][0xffffffe2]M8[0xffffffcb]X[0xfffffff1]&[0xffffffa2][0x11][0xffffffa8]x_[0xffffff9e][0x10])~[0xffffffd7][0xffffffa5][0x10]([0xffffffde]W+[0xffffffc0][0xffffff89]wM[[0xffffff8e][0xffffff89]w[0xffffffc5][0xffffffbb]E[0x9][0xffffffb3][0xffffffae][0xffffff89]R[0x2][[0xffffffd7][0xfffffffc][0xffffffe5][0xe]xJ [0xffffffeb][0xffffff9a][0xffffffbf]\[0xffffff9d][0xffffffa2]D[0xffffffc2][0xffffffba][0xffffffe6][0xffffffdb](R[0xffffff94][0xffffffc0][0xffffffd7]5[0xffffffdf][0xffffffc6][0xffffff92][0xffffffa0][0x4][0xffffffb4][0xffffffae][0xfffffff9]&[0xffffffa2]Y[0xffffff94]HY[0xffffffd7][0xfffffffc]][0xffffff97][0xffffffd2][0xffffff94]HX[0xffffffd7]|[0xffffffd7][0xffffffb4][0x1c]%[0xfffffffe]b][0xfffffff3][0xfffffff3]o\[0xffffffaf][0xffffffd7][0xffffffcb]<[0xffffff95]8[0xffffffdb][0xffffffa8]?[0xffffffd4][0xfffffffc][0xffffffe7][0xfffffffd][0xffffff90][0xffffff94][0xfffffff8]q[0x7](%~[0xffffffb9][0x7][0xffffff80][0x12]?[0xffffffae][0xe]P[0xffffffe2][0xffffffe7][0xffffff95][0x3](a[0xffffffa3][0x8]P[0xffffffe2]M [0x1]J[0xffffffd8]X[0x16]S[0xffffffc2][0xffffff84][0xffffffb3][0xffffff94][0x12]&[0xffffffa2]1[0xffffff94][0xfffffff0][0xffffffe5][0x9]R[0xffffffe2]][0xffffff97][0xffffff82][0xffffff94][0xfffffff0][0xffffffd5][\n]"
[DEBUG] http-outgoing-1 << "Q[0xffffffc2]5-B[0x9]W[0xffffffbc][0x1b][0xffffff94][0xffffffe8][0xffffff8e][0x12][0x1f]L[0xffffffa1]([0xffffffd1]qJ[0xfffffff4][0x0]Jt[0xffffffcd]{a[0xffffffc0];F[0xffffff89][0xffffff9e]D[0x9][0xffffff8d]"C[0x9][0x17]H[0xffffff86][0x12][0x1a][0xffffffcb]zJ[0xffffffac][0xffffffe1][0xffffffac][0xffffffa6][0xffffffc4][0x1a][0xffffffd1]$J[0xffffff98][0xfffffff2]d)a[0xffffffbb][0xffffff94][0xffffffa5][0xffffff84][0xffffffa9]V[0xffffff8e][0x12][0xffffffd2][0xffffffb4][0x14]%[0xffffffa4]x7(1[0xc]%[0xffffffae][0xfffffff6][0xffffffaa][0x7f])[0xfffffff3][0xffffffe7][0xfffffffd][0xffffffc0][0xffffff94][0x18][0x1][0xffffff94][0x18][0xffffff9a][0xfffffff7][0xffffffc2][0xffffff80][0xf][0xffffff8c][0x12]#[0xffffff89][0x12][0x1a]E[0xffffff86][0x12].[0xffffff90][0xc]%4[0xffffff96][0xfffffff5][0xffffff94]X[0xffffffc3]YM[0xffffff89]5[0xffffffa2]I[0xffffff94]0[0xffffffe5][0xffffffc9]R[0xffffffc2]v)K[0x9]S[0xffffffad][0x1c]%[0xffffffa4]i)JH[0xfffffff1]nPb:J[0xfffffff4][0x7][0xffffffa3][0xffffffc4][0xffffffc4])1[0x3](15[0xffffffef][0xffffff85][0x1][0xffffff9f][0x18]%f[0x12]%4[0xffffff8a][0xc]%\ [0x19]Jh,[0xffffffeb])[0xffffffb1][0xffffff86][0xffffffb3][0xffffff9a][0x12]kD[0xffffff93](a[0xffffffca][0xffffff93][0xffffffa5][0xffffff84][0xffffffed]R[0xffffff96][0x12][0xffffffa6]Z9JH[0xffffffd3]R[0xffffff94][0xffffff90][0xffffffe2][0xffffffdd][0xffffffa0][0xffffffc4][0xffffffe1](q[0xffffffde][0xffffff8d][0xffffffa2][0xffffffc4][0xffffff81]S[0xffffffe2][0x8][0xffffffa0][0xffffffc4][0xffffffa1]y/[0xc][0xfffffff8][0xffffff81]Q[0xffffffe2]H[0xffffffa2][0xffffff84]F[0xffffff91][0xffffffa1][0xffffff84][0xb]$C[0x9][0xffffff8d]e=%[0xffffffd6]pVSb[0xffffff8d]h[0x12]%Ly[0xffffffb2][0xffffff94][0xffffffb0]][0xffffffca]R[0xffffffc2]T+G[0x9]iZ[0xffffff8a][0x12]R[0xffffffbc][0x1b][0xffffff94]8[0x1d]%>,AQ[0xffffffe2][0xffffffc4])q[0x6]P[0xffffffe2][0xffffffd4][0xffffffbc][0x17][0x6][0xfffffffc][0xffffffc4](q&QB[0xffffffa3][0xffffffc8]P[0xffffffc2][0x5][0xffffff92][0xffffffa1][0xffffff84][0xffffffc6][0xffffffb2][0xffffff9e][0x12]k8[0xffffffab])[0xffffffb1]F4[0xffffff89][0x12][0xffffffa6]<YJ[0xffffffd8].e)a[0xffffffaa][0xffffff95][0xffffffa3][0xffffff84]4-E[0x9])[0xffffffde][\r]J\[0xffffff8e][0x12]w?)J\8%[0xffffffae][0x0]J\[0xffffff9a][0xfffffff7][0xffffffc2][0xffffff80]_[0x18]%[0xffffffae]$Jh[0x14][0x19]J[0xffffffb8]@2[0xffffff94][0xffffffd0]X[0xffffffd6]Sb[\r]g5%[0xffffffd6][0xffffff88]&Q[0xffffffc2][0xffffff94]'K[0x9][0xffffffdb][0xffffffa5],%L[0xffffffb5]r[0xffffff94][0xffffff90][0xffffffa6][0xffffffa5](![0xffffffc5][0xffffffbb]A[0xffffff89][0xffffffdb]R[0xffffffe2][0xffffffee][0x14]%n[0xffffff9c][0x12]w[0x0]%n[0xffffffcd]{a[0xffffffc0]o[0xffffff8c][0x12]w[0x12]%4[0xffffff8a][0xc]%\ [0x19]Jh,[0xffffffeb])[0xffffffb1][0xffffff86][0xffffffb3][0xffffff9a][0x12]kD[0xffffff93](a[0xffffffca][0xffffff93][0xffffffa5][0xffffff84][0xffffffed]R[0xffffff96][0x12][0xffffffa6]Z9JH[0xffffffd3]R[0xffffff94][0xffffff90][0xffffffe2][0xffffffdd][0xffffffa0][0xffffff84][[0xffffffbb][0xffffffbc][0xffffff9e][0xffffff89]=[0xffffff95][0xffffff80][0xffffffd7].[0x7f][0xffffffdc][0x1]M[0x9]p[0xffffffed][0xfffffff2][0xffffffc7][0xffffffd5][0x19]J[0xffffffe4][0xffffffac]][0xffffffda](2[0xffffff94][0x8]Y[0xffffffbb][0xffffffb4][0xffffffb1][0xffffffac][0xffffffa7][0x4][0xffffffba]vi"[0xffffff9a]D[0xffffff89][0xffffffac][0xffffffb5][0xffffffcb]w][0xffffffca]R"g[0xffffffed][0xffffffd2]5-E[0xffffff89][0xffffffbf]^[0xffffffbb][0xffffffbc]^[0xffffffcd]MT[0xffffffdd][0xffffffaf][0xffffff9b][0xffffff9a][0xffffffa8]j[0xfffffff8]DU[0xb][0xffffff98][0xffffffa8]jfG[0xffffffa5].[0xffffffe0][\r][0xffffff9b][0xffffffa8]j[0xffffffb2][0xffffff94][0x2]R[0xffffffc2]D[0x11][0xffffffa1][0xffffff84][\r]$B[0x9][0x13][0xffffffcb]rJH8[0xffffff8b])![0x11][\r][0xffffffa2][0xffffff84]+O[0xffffff94][0x12][0xffffffbe]KQJ[0xffffffb8]j[0xffffffc5]([0xffffffa1]M[0xb]QB[0xffffff8b]w[0xffffff8b][0x12]=[0xffffff8c][0x12][0xffffffe8]p[0xfffffff6][0xffffff8f];[0xffffffe0])[0xffffff81][\r]g[0xffffffff][0xffffffb8]:E[0xffffff89][0xffffff94][0xffffffe1]l[0x1b]E[0xffffff8a][0x12][0x11][0xffffffc3][0xffffffd9]6[0xffffff96][0x4]%[0xffffffc0][0xffffffe1]l[0x13][0xffffffd1],J$[\r]g[0xffffffbf][0xffffffeb]R[0xffffff9a][0x12])[0xffffffc3][0xffffffd9][0xffffffae]i9J[0xfffffffc][0xfffffff5]pvk[0xffffffee][0xffffffa9][0xffffffc4][0x1c][0xffffff83][0xffffffa2]D[0xffffffc3][0xffffff9f]J[0xffffffb4][0xffffff80][0xffffffa7][0x12]M[0xffffffe9]\[0x18][0xfffffff0][0xffffff86]=[0xffffff95]hIO%4[0xffffff8a][0xc]%\ [0x19]Jh,[0xffffffeb])[0xffffffb1][0xffffff86][0xffffffb3][0xffffff9a][0x12]kD[0xffffff93](a[0xffffffca][0xffffff93][0xffffffa5][0xffffff84][0xffffffed]R[0xffffff96][0x12][0xffffffa6]Z9JH[0xffffffd3]R[0xffffff94][0xffffff90][0xffffffe2][0xffffffdd][0xffffffa0][0xffffff84][0x1b][0xffffffce][0xffffffbe][0xffffffcf][0x17]F[0x9]|8[0xffffffbb][0x5][0xc]g7[0xffffffb3][0xffffffee]Z[0x18]pl8[0xffffffbb][0xffffffc9]~+I[0xffffff89][0xffffff90][0xffffffe1]l[0x1b]H[0xffffff86][0x12][0x1][0xffffffc3][0xffffffd9][0x12][0xffffffce]jJ[0x4][0xf]g[0xffffffbb][0xfffffff2]d)[0xffffff91]7[0xffffff9c][0xffffffed][0xffffffaa][0xffffff95][0xffffffa3]D[0xffffffca]p[0xffffffb6][0x16][0xffffffef][0x16]%f[0x18]%&N[0xffffff89][0x19]@[0xffffff89][0xffffff89]Rbb[0xffffff94][0xffffff98]I[0xffffff94]X[0xffffffa3]HQB[0x3]IQb[0xffffff8d]%A[0xffffff89][0x9]Sb[0x6]SB[0xffffffca][0xffffff93][0xffffffa6][0xffffff84][0xffffffe9]R[0xffffff9a][0x12]R[0xffffffad]$%f[\n]"
[DEBUG] http-outgoing-1 << "%[0xffffffe6]_S[0xffffffc2][0xffffff9d][0xffffffc1][0xfffffff1][0xffffffbc]&F[0x9][0xfffffffc][0xc][0xffffff8e][0x16]p[0x6]G3C[0xfffffff1][0xffffff85][0x1][0xffffffc7][0xffffffce][0xffffffe0]h2[0x5]OR"[0xffffffe4][0xc][0xe][0x1b]H[0xffffff86][0x12][0x1]gpH8[0xffffffab])[0x11]|[0x6][0xffffff87]+O[0xffffff96][0x12]ygp[0xffffffb8]j[0xffffffe5]([0xffffff91]r[0x6][0xffffff87][0x16][0xffffffef][0x16]%[0xfffffff4][0xffffffb5]K[0xffffff96][0x12][0xfffffff4]k[0xffffff97]#[0xffffffe0][0xffffffb5][0xffffffcb][0xffffffa1][0xffffffef][0x6][0xffffff95][0x6][0xffffff9c]z[0xffffffed]r$[0xffffffbd]v[0xffffffa9]Q[0xffffffa4]([0xffffff91][0xfffffff2][0xffffffda][0xffffffa5][0xffffffc6][0xffffff92][0xffffffa0][0x4][0xfffffffb][0xffffffda][0xffffffe5][0x1a][0xffffffd1],J[0xffffff84][0xffffffbd]vi[0xffffffbb][0xffffff94][0xffffffa6]D[0xffffffd0]k[0xffffff97][0xffffffd2][0xffffffb4][0x1c]%[0xfffffffe][0xfffffffe][0xffffffb5]Kw[0xffffff9c][0xffffffd7][0xffffffd3]9J[0xffffffe0][0xffffffc7]y[0xffffffb5][0xffffff80][0xffffffe3][0xffffffbc][0xffffff9a]9s[0xffffffa6]0[0xffffffe0][0xffffffd8]q^MN[0xffffff95]!)[0x11]r[0xffffff9c][0xffffff97][\r]$C[0xffffff89][0xffffff80][0xffffffe3][0xffffffbc]$[0xffffff9c][0xffffffd5][0xffffff94][0x8]>[0xffffffce][0xffffffcb][0xffffff95]'K[0xffffff89][0xffffffbc][0xffffffe3][0xffffffbc]\[0xffffffb5]r[0xffffff94]H9[0xffffffce]K[0xffffff8b]w[0xffffff83][0x12][0xffffff87][0xffffffa3][0xffffffc4][0xffffffc0][0xffffffce][0xffffffe0][0xfffffff8][0xffffffbc][0x1f][0xffffff98][0x12]G[0x0]%[0xe][0xffffffcd]{a[0xffffffc0][0xf][0xffffff8c][0x12]G[0x12]%4[0xffffff8a][0xc]%\ [0x19]Jh,[0xffffffeb])[0xffffffb1][0xffffff86][0xffffffb3][0xffffff9a][0x12]kD[0xffffff93](a[0xffffffca][0xffffff93][0xffffffa5][0xffffff84][0xffffffed]R[0xffffff96][0x12][0xffffffa6]Z9JH[0xffffffd3]R[0xffffff94][0xffffff90][0xffffffe2][0xffffffdd][0xffffffa0][0xffffff84];[0xffffffce][0xffffffeb][0xffffffb9][0xffffffce][0xffffff87][0xffffffa2][0x4]~[0xffffff9c]W[0xb]8[0xffffffce][0xffffffab][0xffffff99]3g[\n]"
[DEBUG] http-outgoing-1 << "[0x3][0xffffff8e][0x1d][0xffffffe7][0xffffffd5][0xffffffe4]T[0x19][0xffffff92][0x12]![0xffffffc7]y[0xffffffd9]@2[0xffffff94][0x8]8[0xffffffce]K[0xffffffc2]YM[0xffffff89][0xffffffe0][0xffffffe3][0xffffffbc]\y[0xffffffb2][0xffffff94][0xffffffc8];[0xffffffce][0xffffffcb]U+G[0xffffff89][0xffffff94][0xffffffe3][0xffffffbc][0xffffffb4]x7(a[0xffffff8e][0xfffffff3][0xffffffea][0x1f]H[0xffffffb9](J[0xffffffe0][0xffffffc7]y[0xffffffb5][0xffffff80][0xffffffe3][0xffffffbc][0xffffff9a]9s[0xffffffa6]0[0xffffffe0][0xffffffd8]q^MN[0xffffff95]!)[0x11]r[0xffffff9c][0xffffff97][\r]$C[0xffffff89][0xffffff80][0xffffffe3][0xffffffbc]$[0xffffff9c][0xffffffd5][0xffffff94][0x8]>[0xffffffce][0xffffffcb][0xffffff95]'K[0xffffff89][0xffffffbc][0xffffffe3][0xffffffbc]\[0xffffffb5]r[0xffffff94]H9[0xffffffce]K[0xffffff8b]w[0xffffff83][0x12][0xffffffe6]8[0xffffffaf][0xfffffffe][0xffffff9a][0x7][0xfffffff6]T[0x2]?[0xffffffce][0xffffffab][0x5][0x1c][0xffffffe7][0xffffffd5][0xffffffcc][0xffffff99]3[0xffffff85][0x1][0xffffffc7][0xffffff8e][0xfffffff3]jr[0xffffffaa][0xc]I[0xffffff89][0xffffff90][0xffffffe3][0xffffffbc]l [0x19]J[0x4][0x1c][0xffffffe7]%[0xffffffe1][0xffffffac][0xffffffa6]D[0xfffffff0]q^[0xffffffae]<YJ[0xffffffe4][0x1d][0xffffffe7][0xffffffe5][0xffffffaa][0xffffff95][0xffffffa3]D[0xffffffca]q^Z[0xffffffbc][0x1b][0xffffff94]0[0xffffffc7]y[0xfffffff5][0xffffffd7]uM[0xffffff8a][0x12][0xfffffff8]q^-[0xffffffe0]8[0xffffffaf]f[0xffffffce][0xffffff9c])[0xc]8v[0xffffff9c]W[0xffffff93]SeHJ[0xffffff84][0x1c][0xffffffe7]e[0x3][0xffffffc9]P"[0xffffffe0]8/[0x9]g5%[0xffffff82][0xffffff8f][0xfffffff3]r[0xffffffe5][0xffffffc9]R"[0xffffffef]8/W[0xffffffad][0x1c]%R[0xffffff8e][0xfffffff3][0xffffffd2][0xffffffe2][0xfffffffd]sJts[0xffffff9c]W[0x7f][0xffffffdd][0xffffff83]z[0xffffffed][0xffffffb2][0xffffffe3][0xffffffc7]y[0xfffffff5][0xffffff80][0xffffffe3][0xffffffbc][0xffffffba]9s[0xffffffa6].[0xffffffe0][0x1d];[0xffffffce][0xffffffab][0xffffffcb][0xffffffa9]2 %L[0x14][0x11]J[0xffffffd8]@"[0xffffff94]0[0xffffffb1],[0xffffffa7][0xffffff84][0xffffff84][0xffffffb3][0xffffff98][0x12][0x12][0xffffffd1] J[0xffffffb8][0xfffffff2]D)[0xffffffe1][0xffffffbb][0x14][0xffffffa5][0xffffff84][0xffffffab]V[0xffffff8c][0x12][0xffffffda][0xffffffb4][0x10]%[0xffffffb4]x7(a[0xffffffce][0xffffffe0][0xffffffe8][0xffffffad]u[0xffffffea][0x7][0xffffff8e][0xffffff8e][0xffffff9f][0xffffffc1][0xffffffd1][0x3][0xffffffce][0xffffffe0][0xffffffe8]f([0xffffffbe]0[0xffffffe0][0xffffffd8][0x19][0x1c]][0xffffffa6][0xffffffe0]IJ[0xffffff84][0xffffff9c][0xffffffc1]a[0x3][0xffffffc9]P"[0xffffffe0][0xc][0xe][0x9]g5%[0xffffff82][0xffffffcf][0xffffffe0]p[0xffffffe5][0xffffffc9]R"[0xffffffef][0xc][0xe]W[0xffffffad][0x1c]%R[0xffffffce][0xffffffe0][0xffffffd0][0xffffffe2][0xffffffdd][0xffffffa0][0xffffff84]9[0xffffff83][0xffffffa3][0x7f][0xfffffffc][0xffffff9f][0x7]E[0x9][0xfffffffc][0xc][0xffffff8e][0x1e]p[0x6]G7C[0xfffffff1][0xffffff85][0x1][0xffffffc7][0xffffffce][0xffffffe0][0xffffffe8]2[0x5]OR"[0xffffffe4][0xc][0xe][0x1b]H[0xffffff86][0x12][0x1]gpH8[0xffffffab])[0x11]|[0x6][0xffffff87]+O[0xffffff96][0x12]ygp[0xffffffb8]j[0xffffffe5]([0xffffff91]r[0x6][0xffffff87][0x16][0xffffffef][0x6]%[0xffffffcc]pvo[0xffffffd7][0xffffffc0]([0xffffff81][0xf]g[0xfffffff7][0xffffff80][0xffffffe1][0xffffffec]n[0xffffffd6]][0xb][0x3][0xffffff8e][\r]gw[0xffffffd9]o%)[0x11]2[0xffffff9c]m[0x3][0xffffffc9]P"`8[[0xffffffc2]YM[0xffffff89][0xffffffe0][0xffffffe1]lW[0xffffff9e],%[0xfffffff2][0xffffff86][0xffffffb3]][0xffffffb5]r[0xffffff94]H[0x19][0xffffffce][0xffffffd6][0xffffffe2][0xffffffdd][0xffffffa0][0xffffff84]Y[0xffffffbb][0xffffffec][0xffffffed]ya?p[0xffffffe0]k[0xffffff97]=`[0xffffffed][0xffffffb2][0xffffff9b]I[0xffffffb6][0xffffffc2][0xffffff80]ck[0xffffff97]]F[0xffffffd7]HJ[0xffffff84][0xffffffac]][0xffffffda]@2[0xffffff94][0x8]X[0xffffffbb][0xffffff94]pVS"x[0xffffffed][0xffffffd2][0xffffff95]'K[0xffffff89][0xffffffbc][0xffffffb5]KW[0xffffffad][0x1c]%R[0xffffffd6].[0xffffffb5]x7(q[0x18]J[0xfffffff4][0xffffff81][0xffffff9d][0xc][0xfffffffa]y?0%[0xffffff8e][0x0]J[0x1c][0xffffff9a][0xfffffff7][0xffffffc2][0xffffff80][0x1f][0x18]%[0xffffff8e]$Jh[0x14][0x19]J[0xffffffb8]@2[0xffffff94][0xffffffd0]X[0xffffffd6]Sb[\r]g5%[0xffffffd6][0xffffff88]&Q[0xffffffc2][0xffffff94]'K[0x9][0xffffffdb][0xffffffa5],%L[0xffffffb5]r[0xffffff94][0xffffff90][0xffffffa6][0xffffffa5](![0xffffffc5][0xffffffbb]A[0x9][0xffffffb3]v[0xffffffd9][0xfffffffb][0xffffffbc];E[0x9]|[0xffffffed][0xffffffb2][0x7][0xffffffac]]v3[0xffffffc9]V[0x18]pl[0xffffffed][0xffffffb2][0xffffffcb][0xffffffe8][0x1a]I[0xffffff89][0xffffff90][0xffffffb5]K[0x1b]H[0xffffff86][0x12][0x1]k[0xffffff97][0x12][0xffffffce]jJ[0x4][0xffffffaf]][0xffffffba][0xfffffff2]d)[0xffffff91][0xffffffb7]v[0xffffffe9][0xffffffaa][0xffffff95][0xffffffa3]D[0xffffffca][0xffffffda][0xffffffa5][0x16][0xffffffef][0x6]%[0xffffffdc]D[0xffffffd5]x=/[0xffffff8a][0x12][0xfffffff8]DU[0xf][0xffffff98][0xffffffa8][0xffffffea]fG[0xffffffa5]0[0xffffffe0][0xffffffd8]DU[0xffffff97][0xffffffa5][0x14][0xffffff92][0x12]![0x13]U6[0xffffff90][0xc]%[0x2]&[0xffffffaa]$[0xffffff9c][0xffffffd5][0xffffff94][0x8][0xffffff9e][0xffffffa8]r[0xffffffe5][0xffffffc9]R"o[0xffffffa2][0xffffffca]U+G[0xffffff89][0xffffff94][0xffffff89]*-[0xffffffde][\r]J[0xffffffb8][0xffffff89][0xffffffaa]1[0xffffff9f][0xffffff93][0xffffffa2][0x4]>Q[0xffffffd5][0x3]&[0xffffffaa][0xffffffba][0xffffffd9]Q)[0xc]86Q[0xffffffd5]e)[0xffffff85][0xffffffa4]D[0xffffffc8]D[0xffffff95][\r]$C[0xffffff89][0xffffff80][0xffffff89]*[0x9]g5%[0xffffff82]'[0xffffffaa]\y[0xffffffb2][0xffffff94][0xffffffc8][0xffffff9b][0xffffffa8]r[0xffffffd5][0xffffffca]Q"e[0xffffffa2]J[0xffffff8b][0xfffffff7][0xffffffcf])1[0xffffffdc]D[0xffffffd5]8[0xffffffae][0x6]Qb[0xffffffe0][0x13]U#`[0xffffffa2]j[0xffffff98][0x1d][0xffffff95][0xffffffba][0xffffff80][0xf]l[0xffffffa2]j[0xffffffc8]R[\n]"
[DEBUG] http-outgoing-1 << "H[0x9][0x13]E[0xffffff84][0x12]6[0xffffff90][0x8]%L,[0xffffffcb])![0xffffffe1],[0xffffffa6][0xffffff84]D4[0xffffff88][0x12][0xffffffae]<QJ[0xfffffff8].E)[0xffffffe1][0xffffffaa][0x15][0xffffffa3][0xffffff84]6-D[0x9]-[0xffffffde][\r]J[0xffffffb8][0xffffff89][0xffffffaa]q[0xe][0xffffffea][0x7][0xffffff8e][0xffffff81]OT[0xffffff8d][0xffffff80][0xffffff89][0xffffffaa]avT[\n]"
[DEBUG] http-outgoing-1 << "[0x3][0xffffff8e]MT[\r]YJ!)[0x11]2Qe[0x3][0xffffffc9]P"`[0xffffffa2]J[0xffffffc2]YM[0xffffff89][0xffffffe0][0xffffff89]*W[0xffffff9e],%[0xfffffff2]&[0xffffffaa]\[0xffffffb5]r[0xffffff94]H[0xffffff99][0xffffffa8][0xffffffd2][0xffffffe2][0xffffffdd][0xffffffa0][0xffffff84][0xffffff9b][0xffffffa8][0x1a][0xffffffe7]E}[0xc]:[0xfffffff0][0xffffff89][0xffffffaa][0x11]0Q5[0xffffffcc][0xffffff8e]Ja[0xffffffc0][0xffffffb1][0xffffff89][0xffffffaa]!K)$%B&[0xffffffaa]l [0x19]J[0x4]LTI8[0xffffffab])[0x11]<Q[0xffffffe5][0xffffffca][0xffffff93][0xffffffa5]D[0xffffffde]D[0xffffff95][0xffffffab]V[0xffffff8e][0x12])[0x13]UZ[0xffffffbc][0x1b][0xffffff94]p[0x13]U[0xffffffe3][0x1a][0xffffffd4][0xffffffbb][0x12][0x3][0xffffff9f][0xffffffa8][0x1a][0x1][0x13]U[0xffffffc3][0xffffffec][0xffffffa8][0x14][0x6][0x1c][0xffffff9b][0xffffffa8][0x1a][0xffffffb2][0xffffff94]BR"d[0xffffffa2][0xffffffca][0x6][0xffffff92][0xffffffa1]D[0xffffffc0]D[0xffffff95][0xffffff84][0xffffffb3][0xffffff9a][0x12][0xffffffc1][0x13]U[0xffffffae]<YJ[0xffffffe4]MT[0xffffffb9]j[0xffffffe5]([0xffffff91]2Q[0xffffffa5][0xffffffc5][0xffffffbb]A[0x9]7Q5[0xffffffee][0x3][0xfffffffb][0xffffff81][0x3][0xffffff9f][0xffffffa8][0x1a][0x1][0x13]U[0xffffffc3][0xffffffec][0xffffffa8][0x14][0x6][0x1c][0xffffff9b][0xffffffa8][0x1a][0xffffffb2][0xffffff94]BR"d[0xffffffa2][0xffffffca][0x6][0xffffff92][0xffffffa1]D[0xffffffc0]D[0xffffff95][0xffffff84][0xffffffb3][0xffffff9a][0x12][0xffffffc1][0x13]U[0xffffffae]<YJ[0xffffffe4]MT[0xffffffb9]j[0xffffffe5]([0xffffff91]2Q[0xffffffa5][0xffffffc5][0xffffffbb]A[0xffffff89][0xffffffc3]P[0xffffffe2][0xffffffe3][0xffffffdf][0xffffffd8]S[0xffffff89][0x3][0xffffffa7][0xffffffc4][0x11]@[0xffffff89]C[0xfffffff3]^[0x18][0xfffffff0][0x3][0xffffffa3][0xffffffc4][0xffffff91]D[0x9][0xffffff8d]"C[0x9][0x17]H[0xffffff86][0x12][0x1a][0xffffffcb]zJ[0xffffffac][0xffffffe1][0xffffffac][0xffffffa6][0xffffffc4][0x1a][0xffffffd1]$J[0xffffff98][0xfffffff2]d)a[0xffffffbb][0xffffff94][0xffffffa5][0xffffff84][0xffffffa9]V[0xffffff8e][0x12][0xffffffd2][0xffffffb4][0x14]%[0xffffffa4]x7([0xffffffe1]&[0xffffffaa][0xffffffe6][0xffffff9c][0xffffffd8][0x17][0x1c][0xfffffff8]D[0xffffffd5][0x8][0xffffff98][0xffffffa8][0x1a]fG[0xffffffa5]0[0xffffffe0][0xffffffd8]D[0xffffffd5][0xffffff90][0xffffffa5][0x14][0xffffff92][0x12]![0x13]U6[0xffffff90][0xc]%[0x2]&[0xffffffaa]$[0xffffff9c][0xffffffd5][0xffffff94][0x8][0xffffff9e][0xffffffa8]r[0xffffffe5][0xffffffc9]R"o[0xffffffa2][0xffffffca]U+G[0xffffff89][0xffffff94][0xffffff89]*-[0xffffffde][\r]J\[0xffffff8e][0x12]O[0xffffff9b][0x14]%.[0xffffff9c][0x12]W[0x0]%.[0xffffffcd]{a[0xffffffc0]/[0xffffff8c][0x12]W[0x12]%4[0xffffff8a][0xc]%\ [0x19]Jh,[0xffffffeb])[0xffffffb1][0xffffff86][0xffffffb3][0xffffff9a][0x12]kD[0xffffff93](a[0xffffffca][0xffffff93][0xffffffa5][0xffffff84][0xffffffed]R[0xffffff96][0x12][0xffffffa6]Z9JH[0xffffffd3]R[0xffffff94][0xffffff90][0xffffffe2][0xffffffdd][0xffffffa0][0xffffff84][[0xffffffbb]<[0xffffffda][0xb][0xffffffa3][0x4][0xffffffbe]v9[0x2][0xffffffd6].[0xffffff87][0xffffff99]d+[0xc]8[0xffffffb6]v9dt[0xffffff8d][0xffffffa4]D[0xffffffc8][0xffffffda][0xffffffa5][\r]$C[0xffffff89][0xffffff80][0xffffffb5]K[0x9]g5%[0xffffff82][0xffffffd7].]y[0xffffffb2][0xffffff94][0xffffffc8][[0xffffffbb]t[0xffffffd5][0xffffffca]Q"e[0xffffffed]R[0xffffff8b]w[0xffffff83][0x12]n[0xffffffed][0xfffffff2]8^[0xffffffd8][0xffffffbb][0x12][0xfffffff8][0xffffffda][0xffffffe5][0x8]X[0xffffffbb][0x1c]f[0xffffff92][0xffffffad]0[0xffffffe0][0xffffffd8][0xffffffda][0xffffffe5][0xffffff90][0xffffffd1]5[0xffffff92][0x12]!k[0xffffff97]6[0xffffff90][0xc]%[0x2][0xffffffd6].%[0xffffff9c][0xffffffd5][0xffffff94][0x8]^[0xffffffbb]t[0xffffffe5][0xffffffc9]R"o[0xffffffed][0xffffffd2]U+G[0xffffff89][0xffffff94][0xffffffb5]K-[0xffffffde]?[0xffffffa7][0xffffffc4]tk[0xffffff97][0xffffffc7][0xfffffff9][0xffffffdc][0x10]%&[0xffffffbe]v9[0x3][0xffffffd6].[0xffffffa7][0xffffff99]d[0xffffffab][0xb][0xfffffff8][0xffffffc4][0xffffffd6].[0xffffffa7][0xffffff8c][0xffffffae][0xffffff81][0xffffff94]0QD(a[0x3][0xffffff89]P[0xffffffc2][0xffffffc4][0xffffffb2][0xffffff9c][0x12][0x12][0xffffffce]bJHD[0xffffff83]([0xffffffe1][0xffffffca][0x13][0xffffffa5][0xffffff84][0xffffffef]R[0xffffff94][0x12][0xffffffae]Z1Jh[0xffffffd3]B[0xffffff94][0xffffffd0][0xffffffe2][0xffffffdd][0xffffffa0]D[0xfffffffb][0xffffffbf].[0xffffff94]8_'u[0xffffffc8][0xfffffff8][0xffffffe7][0xfffffffd][0xffffffc0][0xffffff94][0xfffffff8][0xffffffbc][0x3][0xffffff9a][0x12][0xffffffff][0xffffffdc][0x3]C[0xffffff89][0xffffffcf][0xffffffab]3[0xffffff94][0xfffffff8]q[0xffffffe5][0xc]Jh[0x14][0x19]J[0xffffffb8]@2[0xffffff94][0xffffffd0]X[0xffffffd6]Sb[\r]g5%[0xffffffd6][0xffffff88]&Q[0xffffffc2][0xffffff94]'K[0x9][0xffffffdb][0xffffffa5],%L[0xffffffb5]r[0xffffff94][0xffffff90][0xffffffa6][0xffffffa5](![0xffffffc5][0xffffffbb]A[0x9][0xffffffb7]vy[0xfffffff6][0xffffff9b][0xfffffffa][0xffffff82]c[0xffffffe2]k[0xffffff97]3`[0xffffffed]r[0xffffff9a]I[0xffffffb6][0xffffffc2][0xffffff80]ck[0xffffff97]SF[0xffffffd7]HJ[0xffffff84][0xffffffac]][0xffffffda]@2[0xffffff94][0x8]X[0xffffffbb][0xffffff94]pVS"x[0xffffffed][0xffffffd2][0xffffff95]'K[0xffffff89][0xffffffbc][0xffffffb5]KW[0xffffffad][0x1c]%R[0xffffffd6].[0xffffffb5]x7([0xffffffe1][0xffffffd6].[0xffffffcf][0xfffffff3][0xffffffc0][0xffffff9e]J[0xffffffe0]k[0xffffff97]3`[0xffffffed]r[0xffffff9a]I[0xffffffb6][0xffffffc2][0xffffff80]ck[0xffffff97]SF[0xffffffd7]HJ[0xffffff84][0xffffffac]][0xffffffda]@2[0xffffff94][0x8]X[0xffffffbb][0xffffff94]pVS"x[0xffffffed][0xffffffd2][0xffffff95]'K[0xffffff89][0xffffffbc][0xffffffb5]KW[0xffffffad][0x1c]%R[0xffffffd6].[0xffffffb5]x7([0xffffffe1][0xffffffd6].[0xffffffcf]kPgpL|[0xffffffed]r[0x6][0xffffffac]]N3[0xffffffc9]V[0x18]pl[0xffffffed]r[0xffffffca][0xffffffe8][0x1a]I[0xffffff89][0xffffff90][0xffffffb5]K[0x1b]H[0xffffff86][0x12][0x1]k[0xffffff97][0x12][0xffffffce]jJ[0x4][0xffffffaf]][0xffffffba][0xfffffff2]d)[0xffffff91][0xffffffb7]v[0xffffffe9][0xffffffaa][0xffffff95][0xffffffa3]D[0xffffffca][0xffffffda][0xffffffa5][0x16][0xffffffef][0x6]%[0xe]K[0xffffff89]{R[0xffffff94]8pJ[0x1c][0x1][0xffffff94]84[0xffffffef][0xffffff85][0x1]?0J[0x1c]I[0xffffff94][0xffffffd0](2[0xffffff94]p[0xffffff81]d([0xffffffa1][0xffffffb1][0xffffffac][0xffffffa7][0xffffffc4][0x1a][0xffffffce]jJ[0xffffffac][0x11]M[0xffffffa2][0xffffff84])O[0xffffff96][0x12][0xffffffb6]KYJ[0xffffff98]j[0xffffffe5](!MKQB[0xffffff8a]w[0xffffff83][0x12]n[0xffffffed][0xfffffff2][0xffffffbc][0xffffffbf][0xfffffffe]y![0xffffff94][0xffffffc0][0xffffffd7].g[0xffffffc0][0xffffffda][0xffffffe5]4[0xffffff93]l[0xffffff85][0x1][0xffffffc7][0xffffffd6].[0xffffffa7][0xffffff8c][0xffffffae][0xffffff91][0xffffff94][0x8]Y[0xffffffbb][0xffffffb4][0xffffff81]d([0x11][0xffffffb0]v)[0xffffffe1][0xffffffac][0xffffffa6]D[0xfffffff0][0xffffffda][0xffffffa5]+O[0xffffff96][0x12]yk[0xffffff97][0xffffffae]Z9J[0xffffffa4][0xffffffac]]j[0xfffffff1]nP[0xffffffc2][0xffffffad]][0xffffff9e][0xffffffcf][0xb][0xffffffa3][0x4][0xffffffbe]v9[0x3][0xffffffd6].[0xffffffa7][0xffffff99]d+[0xc]8[0xffffffb6]v9et[0xffffff8d][0xffffffa4]D[0xffffffc8][0xffffffda][0xffffffa5][\r]$C[0xffffff89][0xffffff80][0xffffffb5]K[0x9]g5%[0xffffff82][0xffffffd7].]y[0xffffffb2][0xffffff94][0xffffffc8][[0xffffffbb]t[0xffffffd5][0xffffffca]Q"e[0xffffffed]R[0xffffff8b]w[0xffffff83][0x12]n[0xffffffed][0xfffffff2]z[0xffffffdd][0xffffffd8][0xffffffae][0x4][0xffffffbe]v9[0x3][0xffffffd6].[0xffffffa7][0xffffff99]d+[0xc]8[0xffffffb6]v9et[0xffffff8d][0xffffffa4]D[0xffffffc8][0xffffffda][0xffffffa5][\r]$C[0xffffff89][0xffffff80][0xffffffb5]K[0x9]g5%[0xffffff82][0xffffffd7].]y[0xffffffb2][0xffffff94][0xffffffc8][[0xffffffbb]t[0xffffffd5][0xffffffca]Q"e[0xffffffed]R[0xffffff8b]w[0xffffff83][0x12]n[0xffffffed][0xfffffff2][0xffffffea]'[0xfffffff6]T[0x2]_[0xffffffbb][0xffffff9c][0x1]k[0xffffff97][0xffffffd3]L[0xffffffb2][0x15][0x6][0x1c][[0xffffffbb][0xffffff9c]2[0xffffffba]FR"d[0xffffffed][0xffffffd2][0x6][0xffffff92][0xffffffa1]D[0xffffffc0][0xffffffda][0xffffffa5][0xffffff84][0xffffffb3][0xffffff9a][0x12][0xffffffc1]k[0xffffff97][0xffffffae]<YJ[0xffffffe4][0xffffffad]][0xffffffba]j[0xffffffe5]([0xffffff91][0xffffffb2]v[0xffffffa9][0xffffffc5][0xffffffbb]E[0xffffff89][0x11]F[0xffffff89][0xffffff81]Sb[0x4]Pb[0xffffffa0][0xffffff94][0x18][0x18]%F[0x12]%[0xffffffd6](R[0xffffff94][0xffffffd0]@R[0xffffff94]XcIPb[0xffffffc0][0xffffff94][0x18][0xffffffc1][0xffffff94][0xffffff90][0xfffffff2][0xffffffa4])a[0xffffffba][0xffffff94][0xffffffa6][0xffffff84]T+I[0xffffff89][0xffffff91]B[0xffffff89][0xfffffff1][0x1f]P[0xffffffe2][0x8][0xffffffa3][0xffffffc4][0xffffff81]S[0xffffffe2][0x8][0xffffffa0][0xffffffc4][0xffffff81]R[0xffffffe2][0xffffffc0](q$Qb[0xffffff8d]"E[0x9][\r]$E[0xffffff89]5[0xffffff96][0x4]%[0xe][0xffffff98][0x12]G0%[0xffffffa4]<iJ[0xffffff98].[0xffffffa5])![0xffffffd5]JR[0xffffffe2]H[0xffffffa1][0xffffffc4][0xfffffff1][0x1f]P[0xffffffa2]]a[0xffffff96]h[0x17][0xffffff8e][0xffffff89][0xffffff8f][[0xffffffe0]5[0xfffffff1][0xffffffe3]&(N|\[0xffffff9e][0xfffffff2][0xffffffc4][0xfffffff7][0xffffffa5]S@!y[0xffffffa4]DaRI[0xffffff91]B[0xffffffb2]I[0xffffff98]bIh=*[0xffffff96][0xffffff9c]f[0xffffffa9]Bk[0xffffff94]f[0xffffff85]kU[0xffffffda][0x15]Z[0xffffffb2]$,[0xffffffd6][0xffffffce][0xffffffe5]d[0xffffffb1]V[0xfffffff0][0x16]-[0xfffffffa][0x1d]F[0xffffff8b]~[0xffffffe3][0xffffffb4][0xfffffff8][0xffffffb8][0x5][0xffffff9e][0x16]?n[0xffffff82][0xffffffa2][0xffffffc5][0xffffffc7][0xffffffe5])Z|_:[0xffffff85][0x16][0xffffff92]G[0xffffff8a][0x16]&[0xffffff95][0x14]-$[0xffffff9b][0x4]-[0xffffff96][0xffffff84][0xffffffd6][0xffffffd3]b[0xffffffc9]i[0x16]-[0xffffffb4]FiZ[0xffffffb8]V[0xffffffa5]i[0xffffffa1]%K[0xffffffd2]b[0xffffffed]\[0xffffff8e][0x16]k[0x5]o[0xffffffd1]b[0xffffffb6]0Z[0xffffffcc][0xffffff86][0xffffffd3][0xffffffe2][0xffffffe3][0x16]xZ[0xfffffffc][0xffffffb8][0x9][0xffffff8a][0x16][0x1f][0xffffff97][0xffffffa7]h[0xfffffff1]}[0xffffffe9][0x14]ZH[0x1e])Z[0xffffff98]TR[0xffffffb4][0xffffff90]l[0x12][0xffffffb4]X[0x12]ZO[0xffffff8b]%[0xffffffa7]Y[0xffffffb4][0xffffffd0][0x1a][0xffffffa5]i[0xffffffe1]Z[0xffffff95][0xffffffa6][0xffffff85][0xffffff96],I[0xffffff8b][0xffffffb5]s9Z[0xffffffac][0x15][0xffffffbc]G[0xffffff8b][0xffffff9e]F[0xb][0xfffffffa],[0xffffffd1][0xffffffaf][[0x8][0xffffffa0][0x5]y[0xffffff9a][0xffffffe8][0xffffffd7][0xffffffe5]1Z[0x4][0xffffff9d]'j[0xfffffff2][0xffffff88][0xffffffd1]"[0xffffffe5]DQ[0xffffff93]M[0xffffff84][0x16][0xffffffec][0xffffff99][0xffffffa2][0xffffff92][0xffffffd3]0Z[0xffffff84][0xffffff9d]*[0xffffffea][[0x15][0xffffffa7]E[0xffffffd0][0xffffffb9][0xffffffa2][0xffffffda][0xffffffb9] -[0xfffffffe][0xfffffffe]d[0xffffffd1][0xffffffe7][0xffffffff][0xffffffbe]F[0xffffffb6][0xffffff93]"
[DEBUG] http-outgoing-1 << "hqO[0xffffff9c][0x16][0x1f][0xffffffb7][0xffffffc0][0xffffffd3][0xffffffe2][0xffffffc7]MP[0xffffffb4][0xfffffff8][0xffffffb8]<E[0xffffff8b][0xffffffef]K[0xffffffa7][0xffffffd0]B[0xfffffff2]H[0xffffffd1][0xffffffc2][0xffffffa4][0xffffff92][0xffffffa2][0xffffff85]d[0xffffff93][0xffffffa0][0xffffffc5][0xffffff92][0xffffffd0]zZ,9[0xffffffcd][0xffffffa2][0xffffff85][0xffffffd6](M[0xb][0xffffffd7][0xffffffaa]4-[0xffffffb4]dIZ[0xffffffac][0xffffff9d][0xffffffcb][0xffffffd1]b[0xffffffad][0xffffffe0]-Z<i[0xffffff9f][0xffffff84]<[0xfffffffc]7!O[0xffffffc2]G![0xf][0xfffffffb]U[0xffffffc8][0xffffffc3]}[0x16][0xfffffff2]D}[0x17]"y[0xffffffa4]haRI[0xffffffd1]B[0xffffffb2]I[0xffffffd0][0xffffffe2][0xffffffa1][0xffffffbf][\r]y[0xffffff92]?[0xe][0xffffffd1][0x1a][0xffffffa5]i[0xffffffe1]Z[0xffffff95][0xffffffa6][0xffffff85][0xffffff96],I[0xffffff8b][0xffffffb5]s9Z[0xffffffac][0x15][0xffffffbc]G[0xffffff8b][0xffffffb4]/D[0x1e][0xfffffffe][0xb][0xffffff91]'[0xffffffe1][0xb][0xffffff91][0xffffff87][0xfffffffd]B[0xffffffe4][0xffffffe1][0xffffffbe][0x10]y[0xffffffa2][0xffffffbe][0x10][0xffffff91]<b[0xffffffb4][0xffffffc8][0xfffffff9]BD[0xffffffb2][0xffffff89][0xffffffd0][0xffffff82][0xfffffffe]B[0xffffffe4]I[0xfffffffe]BDk[0x14][0xffffffa7]E[0xffffffe0][0x17]"Z[0xffffffb2](-b[0xffffffbe][0x10]Y+x[0xffffff8b][0x16][0xffffffad][0xffffffcd]0[|[0xffffffdc][0x11][0xffffff8e][0xffffff8b][0xffffffcf]{[0xffffffe0]u[0xfffffff1][0xffffffcf]]P[0xffffffbc][0xfffffff8][0xffffffbc]>[0xffffffe5][0xffffff8b][0x1f][0xffffffd7]N[0x1][0xffffff86][0xffffff86][0xffffff92][0x12][0xffffff86][0xffffff8b]&E[0xc][\r](a[0xffffff8c]5[0xffffffa6][0xfffffff5][0xffffffc8]X[0xffffffc3][0xffffff9a][0xffffffa5][0xc]S[0xffffffa8]43l[0xffffffbf][0xffffffd2][0xffffffce]0uKBC[0xffffffda][0xffffff97][0xffffff93][0xffffff86][0xffffff94][0xfffffff1][0xffffff9f]P[0xffffffe3][0xfffffffc][0xfffffffa]+G3C[0xffffffde]w[0xffffffff][0xfffffffa][0xffffffd1][0xffffffa4][0x16][0x1a]?[0xffffffef][0xffffff87]b[0xffffffc6]/w[0xffffff80]!c[0xffffffb9][0xffffff87]bb[0xfffffffc]r[0xfffffff5]b`[0xfffffffc][0xffffffef][0xffffff95]a^[0xffffffbc][0xffffff8d]b1.~[0x13][0xffffffc8]bZ[0xffffffbc][0xffffff8d]e!,[0xffffffde][0xffffff84][0xffffffb3][0xffffff8c][0x15]o"[0x1a][0xffffff81][0xffffff8a][0xfffffff7][0xffffffe5][0x9][0xffffff91][0xffffffe2]w][\n]"
[DEBUG] http-outgoing-1 << "[0xffffff81][0xffffffe2]}[0xffffffb5][0x2][0xffffff9c]x[0xffffffd7][0xffffffb4][0xffffffe5][0xffffff98]xW[0xffffffbc][0x1b][0xffffff94][0xffffffe8][0xffffff8e][0x12][0xffffffe7][0xffffffd5](Jt[0xffffff9c][0x12]=[0xffffff80][0x12]][0xfffffff3]^[0x18][0xfffffff0][0xffffff8e]Q[0xffffffa2]'QB[0xffffffa3][0xffffffc8]P[0xffffffc2][0x5][0xffffff92][0xffffffa1][0xffffff84][0xffffffc6][0xffffffb2][0xffffff9e][0x12]k8[0xffffffab])[0xffffffb1]F4[0xffffff89][0x12][0xffffffa6]<YJ[0xffffffd8].e)a[0xffffffaa][0xffffff95][0xffffffa3][0xffffff84]4-E[0x9])[0xffffffde]-J[0xffffffe8][0xffffffb7][0xffffffa6],%[0xffffffb0]OM[0x7f][0xffffffb9][0x3][0xffffff9e][0x12][0xffffffc8][0xffffff87][0xffffffa6][0xffffffbf]\[0xffffff9d][0xffffffa2]D[0xffffffc2]g[0xffffffa6]o[0xffffffa3]HQ[0x2][0xffffffff][0xffffffc8][0xfffffff4]m,[0x9]J@[0xffffff9f][0xffffff98][0xffffffbe][0xffffff89]h[0x16]%R>0[0xfffffffd]][0xffffff97][0xffffffd2][0xffffff94]H[0xfffffff8][0xffffffbc][0xfffffff4]][0xffffffd3]r[0xffffff94][0xfffffff8][0xffffff8b][0xffffff8f]K[0x7f][0xfffffffc][0xffffff8d][0xffffffe1][0xffffff9e]J[0xffffffdc][0x13][0xffffffa3][0xffffffc4][0xffffffc0][0xffffff9f]J[0xffffff8c][0xffffff80][0xffffffa7][0x12]C[0xffffffe9]\[0x18][0xfffffff0][0xffffff81]=[0xffffff95][0x18]IO%4[0xffffff8a][0xc]%\ [0x19]Jh,[0xffffffeb])[0xffffffb1][0xffffff86][0xffffffb3][0xffffff9a][0x12]kD[0xffffff93](a[0xffffffca][0xffffff93][0xffffffa5][0xffffff84][0xffffffed]R[0xffffff96][0x12][0xffffffa6]Z9JH[0xffffffd3]R[0xffffff94][0xffffff90][0xffffffe2][0xffffffdd][0xffffffa0][0xffffffc4]4[0xffffff94]x[0xfffffffa][0xffffffc4][0xffffffde][0xffffff95][0xffffff98]8%f[0x0]%[0xffffffa6][0xffffffe6][0xffffffbd]0[0xffffffe0][0x13][0xffffffa3][0xffffffc4]L[0xffffffa2][0xffffff84]F[0xffffff91][0xffffffa1][0xffffff84][0xb]$C[0x9][0xffffff8d]e=%[0xffffffd6]pVSb[0xffffff8d]h[0x12]%Ly[0xffffffb2][0xffffff94][0xffffffb0]][0xffffffca]R[0xffffffc2]T+G[0x9]iZ[0xffffff8a][0x12]R[0xffffffbc][0x1b][0xffffff94]8[0x1c]%[0xffffffe6]<)J[0x1c]8%[0xffffff8e][0x0]J[0x1c][0xffffff9a][0xfffffff7][0xffffffc2][0xffffff80][0x1f][0x18]%[0xffffff8e]$Jh[0x14][0x19]J[0xffffffb8]@2[0xffffff94][0xffffffd0]X[0xffffffd6]Sb[\r]g5%[0xffffffd6][0xffffff88]&Q[0xffffffc2][0xffffff94]'K[0x9][0xffffffdb][0xffffffa5],%L[0xffffffb5]r[0xffffff94][0xffffff90][0xffffffa6][0xffffffa5](![0xffffffc5][0xffffffbb]A[0xffffff89][0xffffffd3]Q[0xffffffe2][0xffffffee][0x17]E[0xffffff89][0x13][0xffffffa7][0xffffffc4][0x19]@[0xffffff89]S[0xfffffff3]^[0x18][0xfffffff0][0x13][0xffffffa3][0xffffffc4][0xffffff99]D[0x9][0xffffff8d]"C[0x9][0x17]H[0xffffff86][0x12][0x1a][0xffffffcb]zJ[0xffffffac][0xffffffe1][0xffffffac][0xffffffa6][0xffffffc4][0x1a][0xffffffd1]$J[0xffffff98][0xfffffff2]d)a[0xffffffbb][0xffffff94][0xffffffa5][0xffffff84][0xffffffa9]V[0xffffff8e][0x12][0xffffffd2][0xffffffb4][0x14]%[0xffffffa4]x7(q;J<'[0xfffffff6][0xffffffae][0xffffffc4][0xffffff8d]S[0xffffffe2][0xe][0xffffffa0][0xffffffc4][0xffffffad]y/[0xc][0xfffffff8][0xffffff8d]Q[0xffffffe2]N[0xffffffa2][0xffffff84]F[0xffffff91][0xffffffa1][0xffffff84][0xb]$C[0x9][0xffffff8d]e=%[0xffffffd6]pVSb[0xffffff8d]h[0x12]%Ly[0xffffffb2][0xffffff94][0xffffffb0]][0xffffffca]R[0xffffffc2]T+G[0x9]iZ[0xffffff8a][0x12]R[0xffffffbc][0x1b][0xffffff94]x[0xffffff94][0x12][0xffffffe3][0xfffffff5][0xfffffffa]Z[0xffffffb5]B([0xfffffff1][0xffffffe0][0xffffff94]x[0x2]([0xfffffff1]h[0xffffffde][0xb][0x3][0xfffffffe]`[0xffffff94]x[0xffffff92]([0xffffffa1]Qd([0xffffffe1][0x2][0xffffffc9]PBcYO[0xffffff89]5[0xffffff9c][0xffffffd5][0xffffff94]X#[0xffffff9a]D[0x9]S[0xffffff9e],%l[0xffffff97][0xffffffb2][0xffffff94]0[0xffffffd5][0xffffffca]QB[0xffffff9a][0xffffff96][0xffffffa2][0xffffff84][0x14][0xffffffef][0xffffff9f]S[0xffffffe2]|YJ[0xffffff9c]7D[0xffffff89][0xffffffcf][0xfffffffb]a)[0xfffffff1]u[0x7]0%[0xfffffffe][0xffffffbd][0x7][0xffffff84][0x12]_WG([0xfffffff1][0xffffffcf][0xffffff95]#(a[0xffffffa2][0xffffff88]P[0xffffffc2][0x6][0x12][0xffffffa1][0xffffff84][0xffffff89]e9%$[0xffffff9c][0xffffffc5][0xffffff94][0xffffff90][0xffffff88][0x6]Q[0xffffffc2][0xffffff95]'J[0x9][0xffffffdf][0xffffffa5](%\[0xffffffb5]b[0xffffff94][0xffffffd0][0xffffffa6][0xffffff85]([0xffffffa1][0xffffffc5][0xffffffbb]A[0x9][0xffffffb3]v9^[0xfffffffd][0xffffff85]Q[0x2]_[0xffffffbb]<[0x3][0xffffffd6].O3[0xffffffc9]V[0x18]pl[0xffffffed][0xfffffff2][0xffffff94][0xffffffd1]5[0xffffff92][0x12]!k[0xffffff97]6[0xffffff90][0xc]%[0x2][0xffffffd6].%[0xffffff9c][0xffffffd5][0xffffff94][0x8]^[0xffffffbb]t[0xffffffe5][0xffffffc9]R"o[0xffffffed][0xffffffd2]U+G[0xffffff89][0xffffff94][0xffffffb5]K-[0xffffffde][\r]J[0xffffff98][0xffffffb5][0xffffffcb][0xfffffff1]:n[0xffffffea][0xffffffb5][0xffffffcb][0x13]_[0xffffffbb]<[0x3][0xffffffd6].O3[0xffffffc9]V[0x18]pl[0xffffffed][0xfffffff2][0xffffff94][0xffffffd1]5[0xffffff92][0x12]!k[0xffffff97]6[0xffffff90][0xc]%[0x2][0xffffffd6].%[0xffffff9c][0xffffffd5][0xffffff94][0x8]^[0xffffffbb]t[0xffffffe5][0xffffffc9]R"o[0xffffffed][0xffffffd2]U+G[0xffffff89][0xffffff94][0xffffffb5]K-[0xffffffde][\r]J[0xffffff98][0xffffff89][0xffffffaa][0xfffffff1][0xffffffba][0x1b][0xffffffb5]+q[0xffffffe2][0x13]Ug[0xffffffc0]D[0xffffffd5]ivT[\n]"
[DEBUG] http-outgoing-1 << "[0x3][0xffffff8e]MT[0xffffff9d][0xffffffb2][0xffffff94]BR"d[0xffffffa2][0xffffffca][0x6][0xffffff92][0xffffffa1]D[0xffffffc0]D[0xffffff95][0xffffff84][0xffffffb3][0xffffff9a][0x12][0xffffffc1][0x13]U[0xffffffae]<YJ[0xffffffe4]MT[0xffffffb9]j[0xffffffe5]([0xffffff91]2Q[0xffffffa5][0xffffffc5][0xffffffbb]A[0x9]3Q5Z[0xffffff9f]/[0xffffff8a][0x12][0xfffffff8]D[0xffffffd5][0x19]0Qu[0xffffff9a][0x1d][0xffffff95][0xffffffc2][0xffffff80]c[0x13]U[0xffffffa7],[0xffffffa5][0xffffff90][0xffffff94][0x8][0xffffff99][0xffffffa8][0xffffffb2][0xffffff81]d([0x11]0Q%[0xffffffe1][0xffffffac][0xffffffa6]D[0xfffffff0]D[0xffffff95]+O[0xffffff96][0x12]y[0x13]U[0xffffffae]Z9J[0xffffffa4]LTi[0xfffffff1]nP[0xffffffc2]LT[0xffffff8d]6'[0xfffffff6][0x3][0x7]>Qu[0x6]LT[0xffffff9d]fG[0xffffffa5]0[0xffffffe0][0xffffffd8]D[0xffffffd5])K)$%B&[0xffffffaa]l [0x19]J[0x4]LTI8[0xffffffab])[0x11]<Q[0xffffffe5][0xffffffca][0xffffff93][0xffffffa5]D[0xffffffde]D[0xffffff95][0xffffffab]V[0xffffff8e][0x12])[0x13]UZ[0xffffffbc][0x1b][0xffffff94]8[0x1d]%[0xffffffae][0x7]{*q[0xffffffe2][0xffffff94]8[0x3](qj[0xffffffde][0xb][0x3]~b[0xffffff94]8[0xffffff93]([0xffffffa1]Qd([0xffffffe1][0x2][0xffffffc9]PBcYO[0xffffff89]5[0xffffff9c][0xffffffd5][0xffffff94]X#[0xffffff9a]D[0x9]S[0xffffff9e],%l[0xffffff97][0xffffffb2][0xffffff94]0[0xffffffd5][0xffffffca]QB[0xffffff9a][0xffffff96][0xffffffa2][0xffffff84][0x14][0xffffffef][0x6]%.C[0xffffff89][0xfffffffe]::E[0xffffff89][0xb][0xffffffa7][0xffffffc4][0x15]@[0xffffff89]K[0xfffffff3]^[0x18][0xfffffff0][0xb][0xffffffa3][0xffffffc4][0xffffff95]D[0x9][0xffffff8d]"C[0x9][0x17]H[0xffffff86][0x12][0x1a][0xffffffcb]zJ[0xffffffac][0xffffffe1][0xffffffac][0xffffffa6][0xffffffc4][0x1a][0xffffffd1]$J[0xffffff98][0xfffffff2]d)a[0xffffffbb][0xffffff94][0xffffffa5][0xffffff84][0xffffffa9]V[0xffffff8e][0x12][0xffffffd2][0xffffffb4][0x14]%[0xffffffa4]x[0xffffffb7]([0xffffffd1][0xffffffc3]([0x1][0x1f]2[0xfffffffe]u[0x7]<%[0xffffffc0]C[0xffffffc6][0xffffffbf][0xffffffae]NQ"[0xffffffe7][0xffffff90]q[0x13]E[0xffffff8a][0x12]![0xffffff87][0xffffff8c][0xffffff9b]X[0x12][0xffffff94]@[0xf][0x19][0xffffff97][0xffffff88]fQ"[0xffffffeb][0xffffff90]q[0xffffffdf][0xffffffa5]4%r[0xe][0x19][0xffffffd7][0xffffffa6][0xffffffe5]([0xfffffff1][0xffffffd7][0xffffff87][0xffffff8c][0xffffff9f]f8{[0xfffffff4][0xffffffb3]a[0xffffffbb][0x12][0xfffffff8]p[0xfffffff6][0x19]0[0xffffff9c]}[0xffffff9a]u[0xffffffd7][0xffffffc2][0xffffff80]c[0xffffffc3][0xffffffd9][0xffffffa7][0xffffffec][0xffffffb7][0xffffff92][0xffffff94][0x8][0x19][0xffffffce][0xffffffb6][0xffffff81]d([0x11]0[0xffffff9c]-[0xffffffe1][0xffffffac][0xffffffa6]D[0xfffffff0]p[0xffffffb6]+O[0xffffff96][0x12]y[0xffffffc3][0xffffffd9][0xffffffae]Z9J[0xffffffa4][0xc]gk[0xfffffff1]nP[0xffffffc2][\r]g[0xffffff8f][0x17][0xfffffff7][0x5][0x7]>[0xffffff9c]}[0x6][0xc]g[0xffffff9f]f[0xffffffdd][0xffffffb5]0[0xffffffe0][0xffffffd8]p[0xfffffff6])[0xfffffffb][0xffffffad]$%B[0xffffff86][0xffffffb3]m [0x19]J[0x4][0xc]gK8[0xffffffab])[0x11]<[0xffffff9c][0xffffffed][0xffffffca][0xffffff93][0xffffffa5]D[0xffffffde]p[0xffffffb6][0xffffffab]V[0xffffff8e][0x12])[0xffffffc3][0xffffffd9]Z[0xffffffbc][0x7f]N[0xffffff89][0xffffffcb][\r]g[0xffffff8f][0xffffffd6][0xffffffa9]][0xffffff89][0xb][0x1f][0xffffffce][0xffffffbe][0x2][0xffffff86][0xffffffb3]/[0xffffffb3][0xffffffee]Z[0x17][0xfffffff0][0xb][0x1b][0xffffffce][0xffffffbe]d[0xffffffbf][0x15][0xffffffa4][0xffffff84][0xffffff89]"B[0x9][0x1b]H[0xffffff84][0x12]&[0xffffff96][0xffffffe5][0xffffff94][0xffffff90]p[0x16]SB"[0x1a]D[0x9]W[0xffffff9e](%|[0xffffff97][0xffffffa2][0xffffff94]p[0xffffffd5][0xffffff8a]QB[0xffffff9b][0x16][0xffffffa2][0xffffff84][0x16][0xffffffef][0x6]%[0xffffffdc][0xffffffda][0xffffffe5][0xffffffe8][0xffffff93]zW[0xffffffe2][0xffffffc2][0xffffffd7].[0xffffffaf][0xffffff80][0xffffffb5][0xffffffcb][0xffffffcb]L[0xffffffb2][0x15][0x6][0x1c][[0xffffffbb][0xffffffbc]dt[0xffffff8d][0xffffffa4]D[0xffffffc8][0xffffffda][0xffffffa5][\r]$C[0xffffff89][0xffffff80][0xffffffb5]K[0x9]g5%[0xffffff82][0xffffffd7].]y[0xffffffb2][0xffffff94][0xffffffc8][[0xffffffbb]t[0xffffffd5][0xffffffca]Q"e[0xffffffed]R[0xffffff8b]w[0xffffff83][0x12]n[0xffffffed]r[0xffffff8c]vR[0xffffff94][0xffffffc0][0xffffffd7].[0xffffffaf][0xffffff80][0xffffffb5][0xffffffcb][0xffffffcb]L[0xffffffb2][0x15][0x6][0x1c][[0xffffffbb][0xffffffbc]dt[0xffffff8d][0xffffffa4]D[0xffffffc8][0xffffffda][0xffffffa5][\r]$C[0xffffff89][0xffffff80][0xffffffb5]K[0x9]g5%[0xffffff82][0xffffffd7].]y[0xffffffb2][0xffffff94][0xffffffc8][[0xffffffbb]t[0xffffffd5][0xffffffca]Q"e[0xffffffed]R[0xffffff8b]w[0xffffff83][0x12]n[0xffffffed]r[0xffffffcc]kR[0xffffff94][0xffffffc0][0xffffffd7].[0xffffffaf][0xffffff80][0xffffffb5][0xffffffcb][0xffffffcb]L[0xffffffb2][0x15][0x6][0x1c][[0xffffffbb][0xffffffbc]dt[0xffffff8d][0xffffffa4]D[0xffffffc8][0xffffffda][0xffffffa5][\r]$C[0xffffff89][0xffffff80][0xffffffb5]K[0x9]g5%[0xffffff82][0xffffffd7].]y[0xffffffb2][0xffffff94][0xffffffc8][[0xffffffbb]t[0xffffffd5][0xffffffca]Q"e[0xffffffed]R[0xffffff8b]w[0xffffff83][0x12]n[0xffffffed]r<[0xffffffd8][0xffffffc9][0xffffffa0][0x17][0xffffffbe]vy[0x5][0xffffffac]]^f[0xffffff92][0xffffffad]0[0xffffffe0][0xffffffd8][0xffffffda][0xffffffe5]%[0xffffffa3]k$%B[0xffffffd6].m [0x19]J[0x4][0xffffffac]]J8[0xffffffab])[0x11][0xffffffbc]v[0xffffffe9][0xffffffca][0xffffff93][0xffffffa5]D[0xffffffde][0xffffffda][0xffffffa5][0xffffffab]V[0xffffff8e][0x12])k[0xffffff97]Z[0xffffffbc][0x1b][0xffffff94]p[0x13]U[0xfffffff3]8[0xffffffa8][0xffffffe1][0xffffffec][0xb][0xffffff9f][0xffffffa8][0xffffffba][0x2]&[0xffffffaa].[0xffffffb3][0xffffffa3]R[0x18]pl[0xffffffa2][0xffffffea][0xffffff92][0xffffffa5][0x14][0xffffff92][0x12]![0x13]U6[0xffffff90][0xc]%[0x2]&[0xffffffaa]$[0xffffff9c][0xffffffd5][0xffffff94][0x8][0xffffff9e][0xffffffa8]r[0xffffffe5][0xffffffc9]R"o[0xffffffa2][0xffffffca]U+G[0xffffff89][0xffffff94][0xffffff89]*-[0xffffffde][\r]J[0xffffffb8]][0xffffff89]ya[0xffffffbb][0x12][0x17][0xffffffbe]+q[0x5][0xffffffec]J\[0xffffffe6][0xffffffe3][0xffffffe7][0xffffffc2][0xffffff80]c[0xffffffbb][0x12][0xffffff97]|[0xffffffde]LR"dW[0xffffffc2][0x6][0xffffff92][0xffffffa1]D[0xffffffc0][0xffffffae][0xffffff84][0xffffff84][0xffffffb3][0xffffff9a][0x12][0xffffffc1][0xffffffbb][0x12][0xffffffae]<YJ[0xffffffe4][0xffffffed]J[0xffffffb8]j[0xffffffe5]([0xffffff91][0xffffffb2]+[0xffffffa1][0xffffffc5][0xffffffbb]A[0x9][0xffffffb7]+q[0xfffffff4][0xffffffd7][0xffffffa0]([0xffffff81][0xffffffef]J\[0x1][0xffffffbb][0x12][0xffffff97][0xfffffff9][0xfffffff8][0xffffffb9]0[0xffffffe0][0xffffffd8][0xffffffae][0xffffffc4]%[0xffffff9f]7[0xffffff93][0xffffff94][0x8][0xffffffd9][0xffffff95][0xffffffb0][0xffffff81]d([0x11][0xffffffb0]+![0xffffffe1][0xffffffac][0xffffffa6]D[0xfffffff0][0xffffffae][0xffffff84]+O[0xffffff96][0x12]y[0xffffffbb][0x12][0xffffffae]Z9J[0xffffffa4][0xffffffec]Jh[0xfffffff1][0xfffffffe]9%n[0xffffffb7]+q|[0xfffffffc][0x1b][0xffffffa2][0xffffffc4][0xffffff8d][0xffffffef]J[0xffffffdc][0x1][0xffffffbb][0x12][0xffffffb7][0xfffffff9][0xfffffff8][0xffffffb9].[0xffffffe0]7[0xffffffb6]+q[0xffffffcb][0xffffffe7][0xffffffcd] %L[0x14][0x11]J[0xffffffd8]@"[0xffffff94]0[0xffffffb1],[0xffffffa7][0xffffff84][0xffffff84][0xffffffb3][0xffffff98][0x12][0x12][0xffffffd1] J[0xffffffb8][0xfffffff2]D)[0xffffffe1][0xffffffbb][0x14][0xffffffa5][0xffffff84][0xffffffab]V[0xffffff8c][0x12][0xffffffda][0xffffffb4][0x10]%[0xffffffb4]x7([0xffffffd1][0x1c]%[0xffffffae][0xffffff9b]zW[0xffffffe2][0xfffffff3]~`J[0xffffffb4][0x0]J4[0xffffffcd]{a[0xffffffc0][0x1b]F[0xffffff89][0xffffff96]D[0x9][0xffffff8d]"C[0x9][0x17]H[0xffffff86][0x12][0x1a][0xffffffcb]zJ[0xffffffac][0xffffffe1][0xffffffac][0xffffffa6][0xffffffc4][0x1a][0xffffffd1]$J[0xffffff98][0xfffffff2]d)a[0xffffffbb][0xffffff94][0xffffffa5][0xffffff84][0xffffffa9]V[0xffffff8e][0x12][0xffffffd2][0xffffffb4][0x14]%[0xffffffa4]x7([0xffffffe1]&[0xffffffaa][0xffffff8e][0xffffffe7]x(J[0xffffffe0][0x13]Uw[0xffffffc0]D[0xffffffd5]mvT[\n]"
[DEBUG] http-outgoing-1 << "[0x3][0xffffff8e]MT[0xffffffdd][0xffffffb2][0xffffff94]BR"d[0xffffffa2][0xffffffca][0x6][0xffffff92][0xffffffa1]D[0xffffffc0]D[0xffffff95][0xffffff84][0xffffffb3][0xffffff9a][0x12][0xffffffc1][0x13]U[0xffffffae]<YJ[0xffffffe4]MT[0xffffffb9]j[0xffffffe5]([0xffffff91]2Q[0xffffffa5][0xffffffc5][0xffffffbb]E[0xffffff89][0x1e]F[0x9][0xfffffff8]d[0xffffffd0][0xffffffaf];[0xffffffe0])[0x1][0xffffff9e][0xc][0xfffffffa]uu[0xffffff8a][0x12]9'[0xffffff83][0xffffff9a](R[0xffffff94][0x8]9[0x19][0xffffffd4][0xffffffc4][0xffffff92][0xffffffa0][0x4]z2[0xffffffa8]D4[0xffffff8b][0x12]Y'[0xffffff83][0xfffffffa].[0xffffffa5])[0xffffff91]s2[0xffffffa8]6-G[0xffffff89][0xffffffbf]>[0x19][0xfffffff4]vk[0xffffff97][0xffffffe7][0xffffffe0]~[0xffffffe0][0xffffffc0][0xffffffd7].[0xffffffef][0xffffff80][0xffffffb5][0xffffffcb][0xffffffdb]L[0xffffffb2][0x15][0x6][0x1c][[0xffffffbb][0xffffffbc]et[0xffffff8d][0xffffffa4]D[0xffffffc8][0xffffffda][0xffffffa5][\r]$C[0xffffff89][0xffffff80][0xffffffb5]K[0x9]g5%[0xffffff82][0xffffffd7].]y[0xffffffb2][0xffffff94][0xffffffc8][[0xffffffbb]t[0xffffffd5][0xffffffca]Q"e[0xffffffed]R[0xffffff8b]w[0xffffff83][0x12]n[0xffffffed][0xfffffff2][0xffffff9c][0x7][0xfffffff5]1[0xffffffe8][0xffffff8d][0xffffffaf]][0xffffffde][0x1]k[0xffffff97][0xffffffb7][0xffffff99]d+[0xc]8[0xffffffb6]vy[0xffffffcb][0xffffffe8][0x1a]I[0xffffff89][0xffffff90][0xffffffb5]K[0x1b]H[0xffffff86][0x12][0x1]k[0xffffff97][0x12][0xffffffce]jJ[0x4][0xffffffaf]][0xffffffba][0xfffffff2]d)[0xffffff91][0xffffffb7]v[0xffffffe9][0xffffffaa][0xffffff95][0xffffffa3]D[0xffffffca][0xffffffda][0xffffffa5][0x16][0xffffffef][0x6]%[0xffffffdc][0xffffffda][0xffffffe5]y4[0xffffffec][0x7][0xe]|[0xffffffed][0xfffffff2][0xe]X[0xffffffbb][0xffffffbc][0xffffffcd]$[a[0xffffffc0][0xffffffb1][0xffffffb5][0xffffffcb][F[0xffffffd7]HJ[0xffffff84][0xffffffac]][0xffffffda]@2[0xffffff94][0x8]X[0xffffffbb][0xffffff94]pVS"x[0xffffffed][0xffffffd2][0xffffff95]'K[0xffffff89][0xffffffbc][0xffffffb5]KW[0xffffffad][0x1c]%R[0xffffffd6].[0xffffffb5]x7(qZJ\[0xffffffd8][0xf][0x1c]'N[0xffffff89]3[0xffffff80][0x12][0xffffffa7][0xffffffe6][0xffffffbd]0[0xffffffe0]'F[0xffffff89]3[0xffffff89][0x12][0x1a]E[0xffffff86][0x12].[0xffffff90][0xc]%4[0xffffff96][0xfffffff5][0xffffff94]X[0xffffffc3]YM[0xffffff89]5[0xffffffa2]I[0xffffff94]0[0xffffffe5][0xffffffc9]R[0xffffffc2]v)K[0x9]S[0xffffffad][0x1c]%[0xffffffa4]i)JH[0xfffffff1]nP[0xffffffc2][\r]g[0xffffff9f][0xffffffe7]1)J[0xffffffe0][0xffffffc3][0xffffffd9]w[0xffffffc0]p[0xfffffff6]m[0xffffffd6]][0xb][0x3][0xffffff8e][\r]g[0xffffffdf][0xffffffb2][0xffffffdf]JR"d8[0xffffffdb][0x6][0xffffff92][0xffffffa1]D[0xffffffc0]p[0xffffffb6][0xffffff84][0xffffffb3][0xffffff9a][0x12][0xffffffc1][0xffffffc3][0xffffffd9][0xffffffae]<YJ[0xffffffe4][\r]g[0xffffffbb]j[0xffffffe5]([0xffffff91]2[0xffffff9c][0xffffffad][0xffffffc5][0xffffffbb]A[0x9]7[0xffffff9c]}^[0xffffffd8][0xffffffda][0xffffffe5][0xffffff8d][0xf]g[0xffffffdf][0x1][0xffffffc3][0xffffffd9][0xffffffb7]Yw-[0xc]86[0xffffff9c]}[0xffffffcb]~+I[0xffffff89][0xffffff90][0xffffffe1]l[0x1b]H[0xffffff86][0x12][0x1][0xffffffc3][0xffffffd9][0x12][0xffffffce]jJ[0x4][0xf]g[0xffffffbb][0xfffffff2]d)[0xffffff91]7[0xffffff9c][0xffffffed][0xffffffaa][0xffffff95][0xffffffa3]D[0xffffffca]p[0xffffffb6][0x16][0xffffffef][0x6]%[0xffffffdc]p[0xfffffff6][0xfffffff9][0xffffffdc][0x7]E[0x9]|8[0xfffffffb][0xe][0x18][0xffffffce][0xffffffbe][0xffffffcd][0xffffffba]ka[0xffffffc0][0xffffffb1][0xffffffe1][0xffffffec][[0xfffffff6][IJ[0xffffff84][0xc]g[0xffffffdb]@2[0xffffff94][0x8][0x18][0xffffffce][0xffffff96]pVS"x8[0xffffffdb][0xffffff95]'K[0xffffff89][0xffffffbc][0xffffffe1]lW[0xffffffad][0x1c]%R[0xffffff86][0xffffffb3][0xffffffb5]x[0xffffffff][0xffffff9c][0x12][0xffffff8f][0x1b][0xffffffce][0xffffffbe]f{A[0xffffff94]x[0xfffffff0][0xffffffe1][0xffffffec]'`8[0xfffffffb]1[0xffffffeb][0xffffffae]u[0x1][0x7f][0xffffffb0][0xffffffe1][0xffffffec]G[0xfffffff6][AJ[0xffffff98]("[0xffffff94][0xffffffb0][0xffffff81]D(abYN[0x9][0x9]g1%$[0xffffffa2]A[0xffffff94]p[0xffffffe5][0xffffff89]R[0xffffffc2]w)J[0x9]W[0xffffffad][0x18]%[0xffffffb4]i!Jh[0xfffffff1]nP[0xffffffc2][\r]g_[0xfffffff7]I=[0xffffff95]x[0xfffffff0][0xffffffe1][0xffffffec]'`8[0xfffffffb]1[0xffffffeb][0xffffffae][0xffffff85][0x1][0xffffffc7][0xffffff86][0xffffffb3][0x1f][0xffffffd9]o%)[0x11]2[0xffffff9c]m[0x3][0xffffffc9]P"`8[[0xffffffc2]YM[0xffffff89][0xffffffe0][0xffffffe1]lW[0xffffff9e],%[0xfffffff2][0xffffff86][0xffffffb3]][0xffffffb5]r[0xffffff94]H[0x19][0xffffffce][0xffffffd6][0xffffffe2][0xffffffdd][0xffffffa2][0xffffff84][0xffffffae]][0xffffffb2][0xffffff94][0xffffff80][0xffffffd7].[0xffffffbf][0xffffffee][0xffffff80][0xffffffa7][0x4][0xffffffb8]v[0xfffffff9]uu[0xffffff8a][0x12]9k[0xffffff97]&[0xffffff8a][0x14]%B[0xffffffd6].M,[0x9]J[0xffffffa0]k[0xffffff97][0x12][0xffffffd1],Jd[0xffffffad]][0xfffffffa].[0xffffffa5])[0xffffff91][0xffffffb3]v[0xffffffa9]M[0xffffffcb]Q[0xffffffe2][0xffffffaf][0xffffffd7].[0x1f]w[0x6][0xffffffc7][0xfffffffd]:[0x1a]E[0x9][0xfffffffc][0xc][0xffffff8e]'[0xffffffe0][0xc][0xffffff8e][0xffffffc7][0xc][0xffffffc5][0x17][0x6][0x1c];[0xffffff83][0xffffffe3][0xffffff91])x[0xffffff92][0x12]!gp[0xffffffd8]@2[0xffffff94][0x8]8[0xffffff83]C[0xffffffc2]YM[0xffffff89][0xffffffe0]38\y[0xffffffb2][0xffffff94][0xffffffc8];[0xffffff83][0xffffffc3]U+G[0xffffff89][0xffffff94]38[0xffffffb4]x7([0xffffffe1][0xffffff86][0xffffffb3][0xffffffef][0xffffffe3]uR[0xffffff94][0xffffffc0][0xffffff87][0xffffffb3][0xffffff9f][0xffffff80][0xffffffe1][0xffffffec][0xffffffc7][0xffffffac][0xffffffbb][0x16][0x6][0x1c][0x1b][0xffffffce]~d[0xffffffbf][0xffffff95][0xffffffa4]D[0xffffffc8]p[0xffffffb6][\r]$C[0xffffff89][0xffffff80][0xffffffe1]l[0x9]g5%[0xffffff82][0xffffff87][0xffffffb3]]y[0xffffffb2][0xffffff94][0xffffffc8][0x1b][0xffffffce]v[0xffffffd5][0xffffffca]Q"e8[[0xffffff8b]w[0xffffff83][0x12]n8[0xfffffffb]>o[0xffffffec][0xffffffa9][0x4]>[0xffffff9c][0xfffffffd][0x4][0xc]g?f[0xffffffdd][0xffffffb5]0[0xffffffe0][0xffffffd8]p[0xfffffff6]#[0xfffffffb][0xffffffad]$%B[0xffffff86][0xffffffb3]m [0x19]J[0x4][0xc]gK8[0xffffffab])[0x11]<[0xffffff9c][0xffffffed][0xffffffca][0xffffff93][0xffffffa5]D[0xffffffde]p[0xffffffb6][0xffffffab]V[0xffffff8e][0x12])[0xffffffc3][0xffffffd9]Z[0xffffffbc][0x1b][0xffffff94]p[0xffffffc3][0xffffffd9][0xffffffcf][0xffffffeb][0xffffffc0][0xffffff9e]J[0xffffffe0][0xffffffc3][0xffffffd9]O[0xffffffc0]p[0xfffffff6]c[0xffffffd6]][0xb][0x3][0xffffff8e][\r]g?[0xffffffb2][0xffffffdf]JR"d8[0xffffffdb][0x6][0xffffff92][0xffffffa1]D[0xffffffc0]p[0xffffffb6][0xffffff84][0xffffffb3][0xffffff9a][0x12][0xffffffc1][0xffffffc3][0xffffffd9][0xffffffae]<YJ[0xffffffe4][\r]g[0xffffffbb]j[0xffffffe5]([0xffffff91]2[0xffffff9c][0xffffffad][0xffffffc5][0xffffffbb]A[0xffffff89][0xffffffd3]QbL[0xffffffec][0xffffffa9][0xffffffc4][0xffffff89]S[0xffffffe2][0xc][0xffffffa0][0xffffffc4][0xffffffa9]y/[0xc][0xfffffff8][0xffffff89]Q[0xffffffe2]L[0xffffffa2][0xffffff84]F[0xffffff91][0xffffffa1][0xffffff84][0xb]$C[0x9][0xffffff8d]e=%[0xffffffd6]pVSb[0xffffff8d]h[0x12]%Ly[0xffffffb2][0xffffff94][0xffffffb0]][0xffffffca]R[0xffffffc2]T+G[0x9]iZ[0xffffff8a][0x12]R[0xffffffbc][0x1b][0xffffff94]p[0xffffffc3][0xffffffd9][0xffffffcf][0xffffffdd]1J[0xffffffe0][0xffffffc3][0xffffffd9]O[0xffffffc0]p[0xfffffff6]c[0xffffffd6]][0xb][0x3][0xffffff8e][\r]g?[0xffffffb2][0xffffffdf]JR"d8[0xffffffdb][0x6][0xffffff92][0xffffffa1]D[0xffffffc0]p[0xffffffb6][0xffffff84][0xffffffb3][0xffffff9a][0x12][0xffffffc1][0xffffffc3][0xffffffd9][0xffffffae]<YJ[0xffffffe4][\r]g[0xffffffbb]j[0xffffffe5]([0xffffff91]2[0xffffff9c][0xffffffad][0xffffffc5][0xffffffbb]A[0x9]7[0xffffff9c][0xfffffffd][0xffffffdc][0xf]5[0xffffff9c][0xfffffffd][0xffffffe0][0xffffffc3][0xffffffd9]O[0xffffffc0]p[0xfffffff6]c[0xffffffd6]][0xb][0x3][0xffffff8e][\r]g?[0xffffffb2][0xffffffdf]JR"d8[0xffffffdb][0x6][0xffffff92][0xffffffa1]D[0xffffffc0]p[0xffffffb6][0xffffff84][0xffffffb3][0xffffff9a][0x12][0xffffffc1][0xffffffc3][0xffffffd9][0xffffffae]<YJ[0xffffffe4][\r]g[0xffffffbb]j[0xffffffe5]([0xffffff91]2[0xffffff9c][0xffffffad][0xffffffc5][0xffffffbb]A[0x9]7[0xffffff9c][0xfffffffd]<[0xffffff93]:[0x19][0xfffffff4][0xffffffc1][0xffffff87][0xffffffb3][0xffffff9f][0xffffff80][0xffffffe1][0xffffffec][0xffffffc7][0xffffffac][0xffffffbb][0x16][0x6][0x1c][0x1b][0xffffffce]~d[0xffffffbf][0xffffff95][0xffffffa4]D[0xffffffc8]p[0xffffffb6][\r]$C[0xffffff89][0xffffff80][0xffffffe1]l[0x9]g5%[0xffffff82][0xffffff87][0xffffffb3]]y[0xffffffb2][0xffffff94][0xffffffc8][0x1b][0xffffffce]v[0xffffffd5][0xffffffca]Q"e8[[0xffffff8b][0xfffffff7][0xffffff8f])[0xffffffd1]^n8[0xfffffffb][0xfffffff9][0xfffffff8][0x17]C[0xffffff89][0xffffffaf][0xfffffffb]A)[0xfffffff1]}[0x7],%~[0xffffffde][0x3]A[0xffffff89][0xffffffef][0xffffffab][0x13][0xffffff94][0xfffffff8][0xfffffff7][0xffffffca][0x9][0xffffff94]pQ$([0xffffffe1][0x3]IP[0xffffffc2][0xffffffc5][0xffffffb2][0xffffff9a][0x12][0x1a][0xffffffce]ZJhDs(a[0xffffffcb][0xffffff93][0xffffffa4][0xffffffc4][0xffffff9b].%)a[0xffffffab][0xffffff95][0xffffffa2][0xffffff84]iZ[0xffffff86][0x12][0xffffffa6]x7(a[0xffffff86][0xffffffb3][0xffffffe7][0xffffffeb]uB?p|[0xffffffdd][0xf]L[0x9]~8[0xfffffffb][0xffffffe7]=0[0xffffff94][0xffffffa0][0xffffff86][0xffffffb3][0xffffffff][0xffffffbd]r[0x6]%2[0xffffff86][0xffffffb3]} [0x19]J[0xfffffff0][0xffffffc3][0xffffffd9][0x1a][0xffffffce]jJ[0xffffffe4][0xe]g[0xffffffdb][0xfffffff2]d)[0x11]7[0xffffff9c]m[0xffffffab][0xffffff95][0xffffffa3]D[0xffffffc8]p[0xffffffb6])[0xffffffde][\r]J[0xffffff98][0xffffffb5][0xffffffcb][0xfffffff9]j7F[0x9]z[0xffffffed][0xfffffff2][0xfffffffb][0xe]hJ[0xffffff90]k[0xffffff97][0xffffffdf]Wg([0x11][0xffffffb4]v[0xffffffe9][0xffffffa2][0xffffffc8]P"e[0xffffffed][0xffffffd2][0xffffffc5][0xffffffb2][0xffffff9e][0x12][0xffffffec][0xffffffda][0xffffffa5]F4[0xffffff89][0x12]ak[0xffffff97]o[0xffffffba][0xffffff94][0xffffffa5]D[0xffffffd0][0xffffffda][0xffffffa5]iZ[0xffffff8a][0x12][0x7f][0xffffffbf]v[0xffffffd9]^f[0xffffffed]r[0xffffffbe][0xffffffce][0xb]:[0x19][0xfffffff4][0xffffffeb]~`J[0xfffffff0]k[0xffffff97]?[0xffffffef][0xffffff81][0xffffffa1][0x4][0xffffffb5]v[0xfffffff9][0xffffffef][0xffffff95]3([0xffffff91][0xffffffb1]v[0xffffffe9][0x3][0xffffffc9]P[0xffffff82]_[0xffffffbb][0xffffffd4]pVS"w[0xffffffed][0xffffffd2][0xffffff96]'K[0xffffff89][0xffffffb8][0xffffffb5]K[[0xffffffad][0x1c]%B[0xffffffd6].M[0xfffffff1]nQb[0xffffff84]Qb[0xffffffe0][0xffffff94][0x18][0x1][0xffffff94][0x18](%[0x6]F[0xffffff89][0xffffff91]D[0xffffff89]5[0xffffff8a][0x14]%4[0xffffff90][0x14]%[0xffffffd6]X[0x12][0xffffff94][0x18]0%F0%[0xffffffa4]<iJ[0xffffff98].[0xffffffa5])![0xffffffd5]JRb[0xffffffa4]Pb[0xfffffffc][0x7][0xffffff94]hG[0xffffff98]%[0xffffffda][0xffffff81]c[0xffffffe2][0xffffffe3][0x16]xM[0xfffffffc][0xffffffb8][0x9][0xffffff8a][0x13][0x1f][0xffffff97][0xffffffa7]<[0xfffffff1]}[0xffffffe9][0x14]PH[0x1e])Q[0xffffff98]TR[0xffffffa4][0xffffff90]l[0x12][0xffffffa6]X[0x12]Z[0xffffff8f][0xffffff8a]%[0xffffffa7]Y[0xffffffaa][0xffffffd0][0x1a][0xffffffa5]Y[0xffffffe1]Z[0xffffff95]v[0xffffff85][0xffffff96],[0x9][0xffffff8b][0xffffffb5]s9Y[0xffffffac][0x15][0xffffffbc]G[0xffffff8b]+[0xffffff8d][0x16][0x17]O[0xffffff8b]+[0xffffff81][0x16][0x17]K[0xffffff8b][0xffffff8b][0xffffffa3][0xffffffc5][0x15]E[0xffffff8b]5[0xffffff8f][0x18]-4[0xffffff95][0x18]-[0xffffffd6]l"[0xffffffb4][0xffffffb8]hZ\[0xffffffc9][0xffffffb4][0xffffff90][0x1a][0xffffffc5]iaZ[0x15][0xffffffa7][0xffffff85][0xffffff94],J[0xffffff8b]+[0xffffff86][0x16][0xffffffd7][0x7f]@[0xffffff8b][0xffffff9e][0xfffffff6][0xffffffd4][0xffffffa2][0xfffffff3]O-z[0xffffffc2]S[0xffffff8b][0xffffffce]>[0xffffffb5][0xffffffe8][0xffffffdc]S[0xffffff8b][0x1e][0xfffffff5][0xffffffd4]B[0xfffffff2]H[0xffffffd1][0xffffffc2][0xffffffa4][0xffffff92][0xffffffa2][0xffffff85]d[0xffffff93][0xffffffa0]E[0xffffffa7][0xffffff9f]Z[0xfffffff4][0xffffffe4][0xffffffa7][0x16]Z[0xffffffa3]4-\[0xffffffab][0xffffffd2][0xffffffb4][0xffffffd0][0xffffff92]%i[0xffffffb1]v.G[0xffffff8b][0xffffffb5][0xffffff82][0xffffffb7]h1[0xffffffe2]^[0xffffffae][0x8]x[0xffffffbb]"[0xffffffe2][0xfffffff5][\n]"
[DEBUG] http-outgoing-1 << "[0xfffffff8][0xfffffffd][\n]"
[DEBUG] http-outgoing-1 << "[0xfffffff0][0x5][0xffffff8b][0xffffffac]7,b^[0xffffffb1][0x8]z[0xffffffc7]"[0xffffffe2]%[0xb][0xfffffffc]-[0xffffff8b][0xffffffe8][0xffffffd7],[0xfffffff2][0xffffffde][0xffffffb3]H|[0xffffffd1]"[0xffffffeb]M[0xffffff8b][0xffffff9c]W-[0xfffffffe][0xffffff8b]w-[0xffffffe6][0x1d]F[0xffffff8b]y[0xffffffe3][0xffffffb4][0xfffffff8][0xffffffb8][0x5][0xffffff9e][0x16]?n[0xffffff82][0xffffffa2][0xffffffc5][0xffffffc7][0xffffffe5])Z|_:[0xffffff85][0x16][0xffffff92]G[0xffffff8a][0x16]&[0xffffff95][0x14]-$[0xffffff9b][0x4]-[0xffffff96][0xffffff84][0xffffffd6][0xffffffd3]b[0xffffffc9]i[0x16]-[0xffffffb4]FiZ[0xffffffb8]V[0xffffffa5]i[0xffffffa1]%K[0xffffffd2]b[0xffffffed]\[0xffffff8e][0x16]k[0x5][0xffffffef][0xffffffd1][0xffffffe2]I[0xffffffa3][0xffffffc5][0xffffffc3][0xffffffd3][0xffffffe2]I[0xffffffa0][0xffffffc5][0xffffffc3][0xffffffd2][0xffffffe2][0xffffffe1]h[0xfffffff1]D[0xffffffd1]b[0xffffffcd]#F[0xb]M%F[0xffffff8b]5[0xffffff9b][0x8]-[0x1e][0xffffff9a][0x16]O2-[0xffffffa4]FqZ[0xffffff98]V[0xffffffc5]i!%[0xffffff8b][0xffffffd2][0xffffffe2][0xffffff89][0xffffffa1][0xffffffc5][0xffffffb3]O[0xffffff8b][0xffffffeb][0xfffffffb][0xffffff8f]L[0xffffffb3][[0xffffffd1][0xfffffffa]}[0xffffff97][0xffffffcb][0xffffffe2][0xffffffe7][0xfffffffd]P[0xffffffb0][0xfffffff8][0xffffffe5][0xe]0W,[0xfffffff7]P[0xffffffcc][0xffffff8a]_[0xffffffae]^[0xffffffac][0xffffff8a][0xffffffff][0xffffffbd]2[0xffffff8c][0xffffff8a][0xffffffb7]Q,6[0xffffffc5]o[0x2]YL[0xffffff8a][0xffffffb7][0xffffffb1],[0x14][0xffffffc5][0xffffff9b]p[0xffffff96][0xffffff81][0xffffffe2]MD#<[0xfffffff1][0xffffffbe]<!N[0xfffffffc][0xffffffae]K!M[0xffffffbc][0xffffffaf]V[0x0][0x13][0xffffffef][0xffffff9a][0xffffffb6][0xffffffdc][0x12][0xffffffef][0xffffff8a]w[0xffffff83][0x12][0xffffffa7][0xffffffa3][0xffffffc4][0xffffffd3][0xffffffea][0xffffff8f][0xb][0xfffffffb]y?0%[0xffffffce][0x0]J[0xffffff9c][0xffffff9a][0xfffffff7][0xffffffc2][0xffffff80][0xffffff9f][0x18]%[0xffffffce]$Jh[0x14][0x19]J[0xffffffb8]@2[0xffffff94][0xffffffd0]X[0xffffffd6]Sb[\r]g5%[0xffffffd6][0xffffff88]&Q[0xffffffc2][0xffffff94]'K[0x9][0xffffffdb][0xffffffa5],%L[0xffffffb5]r[0xffffff94][0xffffff90][0xffffffa6][0xffffffa5](![0xffffffc5][0xffffffbb]E[0xffffff89][0x1e]F[0xffffff89][0xffffff8e]S[0xffffffa2][0x7]P[0xffffffa2][0xffffffa3][0xffffff94][0xffffffe8][0x18]%z[0x12]%[0xffffffd6](R[0xffffff94][0xffffffd0]@R[0xffffff94]XcIP[0xffffffa2][0xffffffc3][0xffffff94][0xffffffe8][0xffffffc1][0xffffff94][0xffffff90][0xfffffff2][0xffffffa4])a[0xffffffba][0xffffff94][0xffffffa6][0xffffff84]T+I[0xffffff89][0xffffff9e]B[0xffffff89][0xfffffffe][0xffffffd7][0xffffff94][0xffffffb8][0xffffffcc]S[0xffffff89][0xffffffde]^[0xfffffff5][0xffffffaf]N[0xfffffffc][0xffffffbc][0x1f][0xffffff98][0x12]W[0xffffffc0]S[0xffffff89]K[0xffffffe9]\[0x18][0xfffffff0][0xb]{*q%=[0xffffff95][0xffffffd0](2[0xffffff94]p[0xffffff81]d([0xffffffa1][0xffffffb1][0xffffffac][0xffffffa7][0xffffffc4][0x1a][0xffffffce]jJ[0xffffffac][0x11]M[0xffffffa2][0xffffff84])O[0xffffff96][0x12][0xffffffb6]KYJ[0xffffff98]j[0xffffffe5](!MKQB[0xffffff8a]w[0xffffff83][0x12][0xffffffb7][0xffffffa3][0xffffffc4]9[0xffffffb1]w%n[0xffffff9c][0x12]w[0x0]%n[0xffffffcd]{a[0xffffffc0]o[0xffffff8c][0x12]w[0x12]%4[0xffffff8a][0xc]%\ [0x19]Jh,[0xffffffeb])[0xffffffb1][0xffffff86][0xffffffb3][0xffffff9a][0x12]kD[0xffffff93](a[0xffffffca][0xffffff93][0xffffffa5][0xffffff84][0xffffffed]R[0xffffff96][0x12][0xffffffa6]Z9JH[0xffffffd3]R[0xffffff94][0xffffff90][0xffffffe2][0xffffffdd][0xffffffa0][0xffffffc4][0xffffffe3]([0xfffffff1][0xffffffdc][0xf]E[0xffffff89][0x7][0xffffffa7][0xffffffc4][0x13]@[0xffffff89]G[0xfffffff3]^[0x18][0xfffffff0][0x7][0xffffffa3][0xffffffc4][0xffffff93]D[0x9][0xffffff8d]"C[0x9][0x17]H[0xffffff86][0x12][0x1a][0xffffffcb]zJ[0xffffffac][0xffffffe1][0xffffffac][0xffffffa6][0xffffffc4][0x1a][0xffffffd1]$J[0xffffff98][0xfffffff2]d)a[0xffffffbb][0xffffff94][0xffffffa5][0xffffff84][0xffffffa9]V[0xffffff8e][0x12][0xffffffd2][0xffffffb4][0x14]%[0xffffffa4]x[0xffffffff][0xffffff9c][0x12][0xffffffed]e(1^[0xfffffff7][0x1]Q[0xffffffe2][0xfffffff3]~XJ|[0xffffffdd][0x1]L[0xffffff89][0x7f][0xffffffef][0x1][0xffffffa1][0xffffffc4][0xffffffd7][0xffffffd5][0x11]J[0xfffffffc]s[0xffffffe5][0x8]J[0xffffff98]("[0xffffff94][0xffffffb0][0xffffff81]D(abYN[0x9][0x9]g1%$[0xffffffa2]A[0xffffff94]p[0xffffffe5][0xffffff89]R[0xffffffc2]w)J[0x9]W[0xffffffad][0x18]%[0xffffffb4]i!Jh[0xfffffff1]nP[0xffffffa2]9J[0xffffffb4]cR[0xffffff94]h8%Z[0x0]%[0xffffff9a][0xffffffe6][0xffffffbd]0[0xffffffe0][\r][0xffffffa3]DK[0xffffffa2][0xffffff84]F[0xffffff91][0xffffffa1][0xffffff84][0xb]$C[0x9][0xffffff8d]e=%[0xffffffd6]pVSb[0xffffff8d]h[0x12]%Ly[0xffffffb2][0xffffff94][0xffffffb0]][0xffffffca]R[0xffffffc2]T+G[0x9]iZ[0xffffff8a][0x12]R[0xffffffbc][0x1b][0xffffff94][0xffffffe8][0xffffff96][0x12][0xf][0xfffffff5][0x3][0xffffffc7][0xffffffe7][0xfffffffd][0xffffffc0][0xffffff94][0xffffffe8][0x1][0xffffff94][0xffffffe8][0xffffff9a][0xfffffff7][0xffffffc2][0xffffff80]w[0xffffff8c][0x12]=[0xffffff89][0x12][0x1a]E[0xffffff86][0x12].[0xffffff90][0xc]%4[0xffffff96][0xfffffff5][0xffffff94]X[0xffffffc3]YM[0xffffff89]5[0xffffffa2]I[0xffffff94]0[0xffffffe5][0xffffffc9]R[0xffffffc2]v)K[0x9]S[0xffffffad][0x1c]%[0xffffffa4]i)JH[0xfffffff1]nPb8J[0xfffffff4]yR[0xffffff94][0x18]8%F[0x0]%[0xffffff86][0xffffffe6][0xffffffbd]0[0xffffffe0][0x3][0xffffffa3][0xffffffc4]H[0xffffffa2][0xffffff84]F[0xffffff91][0xffffffa1][0xffffff84][0xb]$C[0x9][0xffffff8d]e=%[0xffffffd6]pVSb[0xffffff8d]h[0x12]%Ly[0xffffffb2][0xffffff94][0xffffffb0]][0xffffffca]R[0xffffffc2]T+G[0x9]iZ[0xffffff8a][0x12]R[0xffffffbc][0x1b][0xffffff94]pk[0xffffff97]c[0xffffffbe][0xffffffb0]w%[0xfffffff0][0xffffffb5][0xffffffcb][0x16][0xffffffb0]v[0xffffffd9][0xffffffcc]$[a[0xffffffc0][0xffffffb1][0xffffffb5][0xffffffcb]&[0xffffffa3]k$%B[0xffffffd6].m [0x19]J[0x4][0xffffffac]]J8[0xffffffab])[0x11][0xffffffbc]v[0xffffffe9][0xffffffca][0xffffff93][0xffffffa5]D[0xffffffde][0xffffffda][0xffffffa5][0xffffffab]V[0xffffff8e][0x12])k[0xffffff97]Z[0xffffffbc][0x1b][0xffffff94]8[0x1c]%[0xffffffee][0xffffffab]Q[0xffffff94]8pJ[0x1c][0x1][0xffffff94]84[0xffffffef][0xffffff85][0x1]?0J[0x1c]I[0xffffff94][0xffffffd0](2[0xffffff94]p[0xffffff81]d([0xffffffa1][0xffffffb1][0xffffffac][0xffffffa7][0xffffffc4][0x1a][0xffffffce]jJ[0xffffffac][0x11]M[0xffffffa2][0xffffff84])O[0xffffff96][0x12][0xffffffb6]KYJ[0xffffff98]j[0xffffffe5](!MKQB[0xffffff8a]w[0xffffff83][0x12]n8{[0xffffffbe][0x1e]j[0xffffffa2][0xffffffaa][0xffffffe1][0xffffffc3][0xffffffd9]-`8[0xffffffbb][0xffffff99]u[0xffffffd7][0xffffffc2][0xffffff80]c[0xffffffc3][0xffffffd9]M[0xfffffff6][IJ[0xffffff84][0xc]g[0xffffffdb]@2[0xffffff94][0x8][0x18][0xffffffce][0xffffff96]pVS"x8[0xffffffdb][0xffffff95]'K[0xffffff89][0xffffffbc][0xffffffe1]lW[0xffffffad][0x1c]%R[0xffffff86][0xffffffb3][0xffffffb5]x7(q9J[0xffffffcc][0x7]{*q[0xffffffe1][0xffffff94][0xffffffb8][0x2](qi[0xffffffde][0xb][0x3]~a[0xffffff94][0xffffffb8][0xffffff92]([0xffffffa1]Qd([0xffffffe1][0x2][0xffffffc9]PBcYO[0xffffff89]5[0xffffff9c][0xffffffd5][0xffffff94]X#[0xffffff9a]D[0x9]S[0xffffff9e],%l[0xffffff97][0xffffffb2][0xffffff94]0[0xffffffd5][0xffffffca]QB[0xffffff9a][0xffffff96][0xffffffa2][0xffffff84][0x14][0xffffffef][0x16]%z[0x18]%[0xffffffe0]38[0xffffffbe][0xffffffee][0xffffff80][0xffffffa7][0x4]x[0x6][0xffffffc7][0xffffffd7][0xffffffd5])J[0xffffffe4][0xffffff9c][0xffffffc1]a[0xffffffa2]HQ"[0xffffffe4][0xc][0xe][0x13]K[0xffffff82][0x12][0xffffffe8][0x19][0x1c][0x12][0xffffffd1],Jd[0xffffff9d][0xffffffc1][0xffffffe1][0xffffffbb][0xffffff94][0xffffffa6]D[0xffffffce][0x19][0x1c][0xffffffda][0xffffffb4][0x1c]%[0xfffffffe][0xfffffffa][0xc][0xffffff8e][0xffffffe6][0xffffff86][0xffffffb3][0xffffffe7]yQ[0xffffffc7]y5|8[0xffffffbb][0x5][0xc]g7[0xffffffb3][0xffffffee]Z[0x18]pl8[0xffffffbb][0xffffffc9]~+I[0xffffff89][0xffffff90][0xffffffe1]l[0x1b]H[0xffffff86][0x12][0x1][0xffffffc3][0xffffffd9][0x12][0xffffffce]jJ[0x4][0xf]g[0xffffffbb][0xfffffff2]d)[0xffffff91]7[0xffffff9c][0xffffffed][0xffffffaa][0xffffff95][0xffffffa3]D[0xffffffca]p[0xffffffb6][0x16][0xffffffef][0x16]%[0xffffffcc]S[0x9][0xffffff94][0x12][0xfffffff4]S[0xffffff89];[0xffffffe0][0xffffffa9][0xffffffc4][0xffffffad]t.[\r]8[0xfffffff5]T[0xffffffe2]Nz*[0xffffffa1]Q[0xffffffa4]([0xffffff91][0xfffffff2]TBcIP[0xffffff82]}*[0xffffffb1]F4[0xffffff8b][0x12]aO%l[0xffffff97][0xffffffd2][0xffffff94][0x8]z*!M[0xffffffcb]Q[0xffffffe2][0xffffffef][0xffffff9f]J[0xffffffb8]38[0xffffff8e][0xffffffd7]A[0x1d][0xffffffe7][0xffffffd5][0xfffffff0]38Z[0xffffffc0][0x19][0x1c][0xffffffcd][0xc][0xffffffc5][0x17][0x6][0x1c];[0xffffff83][0xffffffa3][0xffffffc9][0x14]<I[0xffffff89][0xffffff90]38l [0x19]J[0x4][0xffffff9c][0xffffffc1]![0xffffffe1][0xffffffac][0xffffffa6]D[0xfffffff0][0x19][0x1c][0xffffffae]<YJ[0xffffffe4][0xffffff9d][0xffffffc1][0xffffffe1][0xffffffaa][0xffffff95][0xffffffa3]D[0xffffffca][0x19][0x1c]Z[0xffffffbc][0x7f]N[0xffffff89][0xffffffee][0xffffffce][0xffffffe0]8:6[0xffffff9c][0xffffffdd][0xfffffff1]38z[0xffffffc0][0x19][0x1c][0xffffffdd][0xc][0xffffffc5][0xffffffd7][0x5][0xffffffbc]cgpt[0xffffff99][0xffffff82][0x7])a[0xffffffa2][0xffffff88]P[0xffffffc2][0x6][0x12][0xffffffa1][0xffffff84][0xffffff89]e9%$[0xffffff9c][0xffffffc5][0xffffff94][0xffffff90][0xffffff88][0x6]Q[0xffffffc2][0xffffff95]'J[0x9][0xffffffdf][0xffffffa5](%\[0xffffffb5]b[0xffffff94][0xffffffd0][0xffffffa6][0xffffff85]([0xffffffa1][0xffffffc5][0xffffffbb]A[0x9]w[0x6][0xffffffc7]q[0xe]j[0xffffffa2][0xffffffaa][0xffffffe3]gp[0xfffffff4][0xffffff80]38[0xffffffba][0x19][0xffffff8a]/[0xc]8v[0x6]G[0xffffff97])x[0xffffff92][0x12]!gp[0xffffffd8]@2[0xffffff94][0x8]8[0xffffff83]C[0xffffffc2]YM[0xffffff89][0xffffffe0]38\y[0xffffffb2][0xffffff94][0xffffffc8];[0xffffff83][0xffffffc3]U+G[0xffffff89][0xffffff94]38[0xffffffb4]x7([0xffffffe1][0xffffffce][0xffffffe0]8n[0xffffff8e][0x12][0xfffffff8][0x19][0x1c]=[0xffffffe0][0xc][0xffffff8e]n[0xffffff86][0xffffffe2][0xb][0x3][0xffffff8e][0xffffff9d][0xffffffc1][0xffffffd1]e[\n]"
[DEBUG] http-outgoing-1 << "[0xffffff9e][0xffffffa4]D[0xffffffc8][0x19][0x1c]6[0xffffff90][0xc]%[0x2][0xffffffce][0xffffffe0][0xffffff90]pVS"[0xfffffff8][0xc][0xe]W[0xffffff9e],%[0xfffffff2][0xffffffce][0xffffffe0]p[0xffffffd5][0xffffffca]Q"[0xffffffe5][0xc][0xe]-[0xffffffde][\r]J[0xffffffb8]38[0xffffffce][0xffffffd6][0xffffffa9]38:~[0x6]G[0xf]8[0xffffff83][0xffffffa3][0xffffff9b][0xffffffa1][0xfffffff8][0xffffffc2][0xffffff80]cgpt[0xffffff99][0xffffff82]')[0x11]r[0x6][0xffffff87][\r]$C[0xffffff89][0xffffff80]38$[0xffffff9c][0xffffffd5][0xffffff94][0x8]>[0xffffff83][0xffffffc3][0xffffff95]'K[0xffffff89][0xffffffbc]38\[0xffffffb5]r[0xffffff94]H9[0xffffff83]C[0xffffff8b]w[0xffffff83][0x12]n[0xffffffed][0xfffffff2]z[\r]j[0xffffffed][0xffffffb2][0xffffffe3]k[0xffffff97]=`[0xffffffed][0xffffffb2][0xffffff9b]I[0xffffffb6][0xffffffc2][0xffffff80]ck[0xffffff97]]F[0xffffffd7]HJ[0xffffff84][0xffffffac]][0xffffffda]@2[0xffffff94][0x8]X[0xffffffbb][0xffffff94]pVS"x[0xffffffed][0xffffffd2][0xffffff95]'K[0xffffff89][0xffffffbc][0xffffffb5]KW[0xffffffad][0x1c]%R[0xffffffd6].[0xffffffb5]x7(q9J[0xffffffcc][0xffffff9b]:d[0xfffffffc][0xfffffff3]~`J\[0x1][0xffffff94][0xffffffb8]4[0xffffffef][0xffffff85][0x1][0xffffffbf]0J\I[0xffffff94][0xffffffd0](2[0xffffff94]p[0xffffff81]d([0xffffffa1][0xffffffb1][0xffffffac][0xffffffa7][0xffffffc4][0x1a][0xffffffce]jJ[0xffffffac][0x11]M[0xffffffa2][0xffffff84])O[0xffffff96][0x12][0xffffffb6]KYJ[0xffffff98]j[0xffffffe5](!MKQB[0xffffff8a]w[0xffffff8b][0x12][0xffffffba]+[0xffffffc1]R[0x2][0xffffffde][0xffffff95][0xffffffe8][0x1]k[0xffffff97][0xffffffdd]L[0xffffffb2][0xffffff95][0x6][0x1c][0xffffffda][0xffffff95][0xffffffe8]2[0xffffffba][0xffffffc6]R"bW[0xffffffc2][0x6][0xffffff92][0xffffffa2][0x4][0xffffffbe]+![0xffffffe1][0xffffffac][0xffffffa7]D[0xffffffec][0xffffffae][0xffffff84]+O[0xffffff9a][0x12]i[0xffffffbb][0x12][0xffffffae]ZIJd[0xffffffec]Jh[0xfffffff1]nP[0xffffffc2][0xffffffad]]^'[0xfffffff7][0x3][0x7][0xffffffbe]v[0xffffffd9][0x3][0xffffffd6].[0xffffffbb][0xffffff99]d+[0xc]8[0xffffffb6]v[0xffffffd9]et[0xffffff8d][0xffffffa4]D[0xffffffc8][0xffffffda][0xffffffa5][\r]$C[0xffffff89][0xffffff80][0xffffffb5]K[0x9]g5%[0xffffff82][0xffffffd7].]y[0xffffffb2][0xffffff94][0xffffffc8][[0xffffffbb]t[0xffffffd5][0xffffffca]Q"e[0xffffffed]R[0xffffff8b][0xfffffff7][0xffffffcf])1[0xffffffdc][0xffffffae][0xffffffc4][0xffffffdd][0x7][0xfffffff5][0xffffffda][0xffffffe5][0xffffffc0]w%F[0xffffffc0][0xffffffae][0xffffffc4]0[0x1f]?[0xffffffd7][0x5]|`[0xffffffbb][0x12]C>o[0x6])a[0xffffffa2][0xffffff88]P[0xffffffc2][0x6][0x12][0xffffffa1][0xffffff84][0xffffff89]e9%$[0xffffff9c][0xffffffc5][0xffffff94][0xffffff90][0xffffff88][0x6]Q[0xffffffc2][0xffffff95]'J[0x9][0xffffffdf][0xffffffa5](%\[0xffffffb5]b[0xffffff94][0xffffffd0][0xffffffa6][0xffffff85]([0xffffffa1][0xffffffc5][0xffffffbb]A[0x9][0xffffffb7]+q_/[0xffffffea][0x7][0xffffff8e][0xffffff81][0xffffffef]J[0xffffff8c][0xffffff80]][0xffffff89]a>~.[0xc]8[0xffffffb6]+1[0xffffffe4][0xfffffff3]f[0xffffff92][0x12]![0xffffffbb][0x12]6[0xffffff90][0xc]%[0x2]v%$[0xffffff9c][0xffffffd5][0xffffff94][0x8][0xffffffde][0xffffff95]p[0xffffffe5][0xffffffc9]R"oW[0xffffffc2]U+G[0xffffff89][0xffffff94]][0x9]-[0xffffffde][\r]J[0xffffffb8]][0xffffff89][0xfffffffb][0xffffff9e][0xffffffd4][0xffffffc9][0xffffffa0][0x3][0xffffffdf][0xffffff95][0x18][0x1][0xffffffbb][0x12][0xffffffc3]|[0xfffffffc]\[0x18]plWb[0xffffffc8][0xffffffe7][0xffffffcd]$%Bv%l [0x19]J[0x4][0xffffffec]JH8[0xffffffab])[0x11][0xffffffbc]+[0xffffffe1][0xffffffca][0xffffff93][0xffffffa5]D[0xffffffde][0xffffffae][0xffffff84][0xffffffab]V[0xffffff8e][0x12])[0xffffffbb][0x12]Z[0xffffffbc][0x1b][0xffffff94]p[0xffffffbb][0x12][0xffffffcf][0xffffffeb][0xffffffc6]([0xffffff81][0xffffffef]J[0xffffff8c][0xffffff80]][0xffffff89]a>~.[0xc]8[0xffffffb6]+1[0xffffffe4][0xfffffff3]f[0xffffff92][0x12]![0xffffffbb][0x12]6[0xffffff90][0xc]%[0x2]v%$[0xffffff9c][0xffffffd5][0xffffff94][0x8][0xffffffde][0xffffff95]p[0xffffffe5][0xffffffc9]R"oW[0xffffffc2]U+G[0xffffff89][0xffffff94]][0x9]-[0xffffffde][\r]JLG[0xffffff89]v`[0xffffff94][0xffffff98]8%f[0x0]%[0xffffffa6][0xffffffe6][0xffffffbd]0[0xffffffe0][0x13][0xffffffa3][0xffffffc4]L[0xffffffa2][0xffffff84]F[0xffffff91][0xffffffa1][0xffffff84][0xb]$C[0x9][0xffffff8d]e=%[0xffffffd6]pVSb[0xffffff8d]h[0x12]%Ly[0xffffffb2][0xffffff94][0xffffffb0]][0xffffffca]R[0xffffffc2]T+G[0x9]iZ[0xffffff8a][0x12]R[0xffffffbc][0x1b][0xffffff94]8[0x1c]%[0xfffffffa][0xffffff8b]:[0x19][0xfffffff4][0xfffffff3]~`J[0x1c][0x1][0xffffff94]84[0xffffffef][0xffffff85][0x1]?0J[0x1c]I[0xffffff94][0xffffffd0](2[0xffffff94]p[0xffffff81]d([0xffffffa1][0xffffffb1][0xffffffac][0xffffffa7][0xffffffc4][0x1a][0xffffffce]jJ[0xffffffac][0x11]M[0xffffffa2][0xffffff84])O[0xffffff96][0x12][0xffffffb6]KYJ[0xffffff98]j[0xffffffe5](!MKQB[0xffffff8a]w[0xffffff83][0x12]n[0xffffffed][0xfffffff2][0xffffffe9][0x7]u[0x6][0xffffffc7][0xffffffc0][0xffffffd7].G[0xffffffc0][0xffffffda][0xffffffe5]0[0xffffff93]l[0xffffff85][0x1][0xffffffc7][0xffffffd6].[0xffffff87][0xffffff8c][0xffffffae][0xffffff91][0xffffff94][0x8]Y[0xffffffbb][0xffffffb4][0xffffff81]d([0x11][0xffffffb0]v)[0xffffffe1][0xffffffac][0xffffffa6]D[0xfffffff0][0xffffffda][0xffffffa5]+O[0xffffff96][0x12]yk[0xffffff97][0xffffffae]Z9J[0xffffffa4][0xffffffac]]j[0xfffffff1]nP[0xffffffe2]r[0xffffff94][0x18][\r][0xfffffffb][0x18][0xfffffff4][0xffffffc2])q[0x5]P[0xffffffe2][0xffffffd2][0xffffffbc][0x17][0x6][0xfffffffc][0xffffffc2](q%QB[0xffffffa3][0xffffffc8]P[0xffffffc2][0x5][0xffffff92][0xffffffa1][0xffffff84][0xffffffc6][0xffffffb2][0xffffff9e][0x12]k8[0xffffffab])[0xffffffb1]F4[0xffffff89][0x12][0xffffffa6]<YJ[0xffffffd8].e)a[0xffffffaa][0xffffff95][0xffffffa3][0xffffff84]4-E[0x9])[0xffffffde][\r]J[0xffffffb8][0xffffff89][0xffffffaa]g[0xe][0xffffffec]][0x9]|[0xffffffa2]j[0x4]LT[\r][0xffffffb3][0xffffffa3]R[0x18]pl[0xffffffa2]j[0xffffffc8]R[\n]"
[DEBUG] http-outgoing-1 << "I[0xffffff89][0xffffff90][0xffffff89]*[0x1b]H[0xffffff86][0x12][0x1][0x13]U[0x12][0xffffffce]jJ[0x4]OT[0xffffffb9][0xfffffff2]d)[0xffffff91]7Q[0xffffffe5][0xffffffaa][0xffffff95][0xffffffa3]D[0xffffffca]D[0xffffff95][0x16][0xffffffef][0x6]%[0x1e]G[0xffffff89][0xfffffff3][0x19][0x14]%[0x1e][0xffffff9c][0x12]O[0x0]%[0x1e][0xffffffcd]{a[0xffffffc0][0x1f][0xffffff8c][0x12]O[0x12]%4[0xffffff8a][0xc]%\ [0x19]Jh,[0xffffffeb])[0xffffffb1][0xffffff86][0xffffffb3][0xffffff9a][0x12]kD[0xffffff93](a[0xffffffca][0xffffff93][0xffffffa5][0xffffff84][0xffffffed]R[0xffffff96][0x12][0xffffffa6]Z9JH[0xffffffd3]R[0xffffff94][0xffffff90][0xffffffe2][0xfffffffd]sJ[0xffffffcc][0xfffffff6][0x7f]c[0xffffffa5][0xffffffc4][0xfffffff1]j[0xfffffff7][0xffffff84]([0xfffffff1]y?,%[0xffffffbe][0xffffffee][0x0][0xffffffa6][0xffffffc4][0xffffffbf][0xfffffff7][0xffffff80]P[0xffffffe2][0xffffffeb][0xffffffea][0x8]%[0xfffffffe][0xffffffb9]r[0x4]%L[0x14][0x11]J[0xffffffd8]@"[0xffffff94]0[0xffffffb1],[0xffffffa7][0xffffff84][0xffffff84][0xffffffb3][0xffffff98][0x12][0x12][0xffffffd1] J[0xffffffb8][0xfffffff2]D)[0xffffffe1][0xffffffbb][0x14][0xffffffa5][0xffffff84][0xffffffab]V[0xffffff8c][0x12][0xffffffda][0xffffffb4][0x10]%[0xffffffb4]x7(a&[0xffffffaa][0xffffff8e][0xffffffd7][0xffffffbc][0xffffffa8][0xffffffb5][0xffffffcb][0xffffff89]OT[0xffffffcd][0xffffff80][0xffffff89][0xffffffaa]ivT[\n]"
[DEBUG] http-outgoing-1 << "[0x3][0xffffff8e]MTMYJ!)[0x11]2Qe[0x3][0xffffffc9]P"`[0xffffffa2]J[0xffffffc2]YM[0xffffff89][0xffffffe0][0xffffff89]*W[0xffffff9e],%[0xfffffff2]&[0xffffffaa]\[0xffffffb5]r[0xffffff94]H[0xffffff99][0xffffffa8][0xffffffd2][0xffffffe2][0xffffffdd][0xffffffa0][0xffffff84][0xffffff99][0xffffffa8]:^O[0xffffffeb][0x14]%[0xfffffff0][0xffffff89][0xffffffaa][0x19]0Q5[0xffffffcd][0xffffff8e]Ja[0xffffffc0][0xffffffb1][0xffffff89][0xffffffaa])K)$%B&[0xffffffaa]l [0x19]J[0x4]LTI8[0xffffffab])[0x11]<Q[0xffffffe5][0xffffffca][0xffffff93][0xffffffa5]D[0xffffffde]D[0xffffff95][0xffffffab]V[0xffffff8e][0x12])[0x13]UZ[0xffffffbc][0x1b][0xffffff94]0[0x13]UG{[0xffffff9d][0xffffffd4][0xffffffbb][0x12][0x13][0xffffff9f][0xffffffa8][0xffffff9a][0x1][0x13]U[0xffffffd3][0xffffffec][0xffffffa8][0x14][0x6][0x1c][0xffffff9b][0xffffffa8][0xffffff9a][0xffffffb2][0xffffff94]BR"d[0xffffffa2][0xffffffca][0x6][0xffffff92][0xffffffa1]D[0xffffffc0]D[0xffffff95][0xffffff84][0xffffffb3][0xffffff9a][0x12][0xffffffc1][0x13]U[0xffffffae]<YJ[0xffffffe4]MT[0xffffffb9]j[0xffffffe5]([0xffffff91]2Q[0xffffffa5][0xffffffc5][0xffffffbb]A[0x9]3Qu[0xffffffb4][0xfffffff3][0xffffffa4]v%&>Q5[0x3]&[0xffffffaa][0xffffffa6][0xffffffd9]Q)[0xc]86Q5e)[0xffffff85][0xffffffa4]D[0xffffffc8]D[0xffffff95][\r]$C[0xffffff89][0xffffff80][0xffffff89]*[0x9]g5%[0xffffff82]'[0xffffffaa]\y[0xffffffb2][0xffffff94][0xffffffc8][0xffffff9b][0xffffffa8]r[0xffffffd5][0xffffffca]Q"e[0xffffffa2]J[0xffffff8b]w[0xffffff83][0x12]f[0xffffffa2][0xffffffea][0xffffffe8][0xffffffbd][0xffffffbd](J[0xffffffe0][0x13]U3`[0xffffffa2]j[0xffffff9a][0x1d][0xffffff95][0xffffffc2][0xffffff80]c[0x13]US[0xffffff96]RHJ[0xffffff84]LT[0xffffffd9]@2[0xffffff94][0x8][0xffffff98][0xffffffa8][0xffffff92]pVS"x[0xffffffa2][0xffffffca][0xffffff95]'K[0xffffff89][0xffffffbc][0xffffff89]*W[0xffffffad][0x1c]%R&[0xffffffaa][0xffffffb4]x7(qYJ\[0xffffff93][0xffffffa2][0xffffffc4][0xffffff85]S[0xffffffe2][\n]"
[DEBUG] http-outgoing-1 << "[0xffffffa0][0xffffffc4][0xffffffa5]y/[0xc][0xfffffff8][0xffffff85]Q[0xffffffe2]J[0xffffffa2][0xffffff84]F[0xffffff91][0xffffffa1][0xffffff84][0xb]$C[0x9][0xffffff8d]e=%[0xffffffd6]pVSb[0xffffff8d]h[0x12]%Ly[0xffffffb2][0xffffff94][0xffffffb0]][0xffffffca]R[0xffffffc2]T+G[0x9]iZ[0xffffff8a][0x12]R[0xffffffbc][0x1b][0xffffff94]0[0x13]UG[0x1f][0xffffff9d][0xffffff9a][0xffffffa8][0xffffff9a][0xfffffff8]D[0xffffffd5][0xc][0xffffff98][0xffffffa8][0xffffff9a]fG[0xffffffa5]0[0xffffffe0][0xffffffd8]D[0xffffffd5][0xffffff94][0xffffffa5][0x14][0xffffff92][0x12]![0x13]U6[0xffffff90][0xc]%[0x2]&[0xffffffaa]$[0xffffff9c][0xffffffd5][0xffffff94][0x8][0xffffff9e][0xffffffa8]r[0xffffffe5][0xffffffc9]R"o[0xffffffa2][0xffffffca]U+G[0xffffff89][0xffffff94][0xffffff89]*-[0xffffffde][\r]J[0xffffff98][0xffffff89][0xffffffaa][0xf]J[0xffffff9c][0xffffffd4]q^[0x13][0xffffff9f][0xffffffa8][0xffffff9a][0x1][0x13]U[0xffffffd3][0xffffffec][0xffffffa8][0x14][0x6][0x1c][0xffffff9b][0xffffffa8][0xffffff9a][0xffffffb2][0xffffff94]BR"d[0xffffffa2][0xffffffca][0x6][0xffffff92][0xffffffa1]D[0xffffffc0]D[0xffffff95][0xffffff84][0xffffffb3][0xffffff9a][0x12][0xffffffc1][0x13]U[0xffffffae]<YJ[0xffffffe4]MT[0xffffffb9]j[0xffffffe5]([0xffffff91]2Q[0xffffffa5][0xffffffc5][0xfffffffb][0xffffffe7][0xffffff94]8^[0xffffff8e][0x12][0xfffffff3][0xffffffbe] J|[0xffffffde][0xf]K[0xffffff89][0xffffffaf];[0xffffff80])[0xfffffff1][0xffffffef]= [0xffffff94][0xfffffff8][0xffffffba]:B[0xffffff89][0x7f][0xffffffae][0x1c]A[0x9][0x13]E[0xffffff84][0x12]6[0xffffff90][0x8]%L,[0xffffffcb])![0xffffffe1],[0xffffffa6][0xffffff84]D4[0xffffff88][0x12][0xffffffae]<QJ[0xfffffff8].E)[0xffffffe1][0xffffffaa][0x15][0xffffffa3][0xffffff84]6-D[0x9]-[0xffffffde][\r]J4C[0xffffff89][0xfffffff1][0xffffffc2][0xffffffce][0xffffffe0][0xfffffff8][0xffffffbc][0x1f][0xffffff98][0x12]-[0xffffff80][0x12]M[0xfffffff3]^[0x18][0xfffffff0][0xffffff86]Q[0xffffffa2]%QB[0xffffffa3][0xffffffc8]P[0xffffffc2][0x5][0xffffff92][0xffffffa1][0xffffff84][0xffffffc6][0xffffffb2][0xffffff9e][0x12]k8[0xffffffab])[0xffffffb1]F4[0xffffff89][0x12][0xffffffa6]<YJ[0xffffffd8].e)a[0xffffffaa][0xffffff95][0xffffffa3][0xffffff84]4-E[0x9])[0xffffffde]-J[0xffffffe8]p6K[0x9]x8[0xfffffffb][0x8][0x18][0xffffffce]>[0xffffffcc][0xffffffba]ki[0xffffffc0][0xffffffa1][0xffffffe1][0xffffffec]C[0xfffffff6][YJD[0xc]g[0xffffffdb]@R[0xffffff94][0xffffffc0][0xffffff87][0xffffffb3]%[0xffffff9c][0xfffffff5][0xffffff94][0xffffff88][0x1d][0xffffffce]v[0xffffffe5]IS"m8[0xffffffdb]U+I[0xffffff89][0xffffff8c][0xffffffe1]l-[0xffffffde]-J[0x1c]a[0xffffff94]8pJ[0x1c][0x1][0xffffff94]8PJ[0x1c][0x18]%[0xffffff8e]$J[0xffffffac]Q[0xffffffa4]([0xffffffa1][0xffffff81][0xffffffa4]([0xffffffb1][0xffffffc6][0xffffff92][0xffffffa0][0xffffffc4][0x1]S[0xffffffe2][0x8][0xffffffa6][0xffffff84][0xffffff94]'M[0x9][0xffffffd3][0xffffffa5]4%[0xffffffa4]ZIJ[0x1c])[0xffffff94]8[0xfffffff6])q[0x7f][0xffffffff][\r]w[0x6][0xffffffc7]8[0xffffffdb],[0xffffffa7][0xffffffc4][0xffffffcf][0xfffffffb][0xffffffa1]([0xfffffff1][0xffffffcb][0x1d]`[0xffffff94]X[0xffffffee][0xffffffa1][0xffffff98][0x12][0xffffffbf]\[0xffffffbd][0xffffff98][0x12][0xffffffff]{e[0xffffff98][0x12]o[0xffffffa3]XL[0xffffff89][0xffffffdf][0x4][0xffffffb2][0xffffff98][0x12]ocYH[0xffffff89]7[0xffffffe1],[0xffffffa3][0xffffffc4][0xffffff9b][0xffffff88]FP[0xffffffe2]}yB[0xffffff94][0xfffffff8]][0xffffff97]B[0xffffff94]x_[0xffffffad][0x0]%[0xffffffde]5m9%[0xffffffde][0x15][0xffffffef][0x6]%[0xffffffdc][0x19][0x1c][0xffffffe3]:[0xffffffeb][0xffffff8f][0xfffffff3][0xfffffffa]y?0%[0xffffffd0]38[0xffffff96]{`([0x1][0xffffff9c][0xffffffc1][0xfffffff1][0xffffffbf]W[0xffffffce][0xffffffa0][0x4]~[0x6][0xffffffc7]o[0x2][0xffffffc9]P[0x2]=[0xffffff83][0xffffffe3]M8[0xffffffab])[0x11]y[0x6][0xffffffc7][0xfffffffb][0xfffffff2]d)[0xffffff91]t[0x6][0xffffffc7][0xfffffffb]j[0xffffffe5]([0xffffffc1][0xffffff9f][0xffffffc1][0xfffffff1][0xffffffae]x[0x7f]K[0xffffff89][0xffffffff][0xfffffff7][0xffffffff][0xfffffffb][0x7f][0xfffffffe][0x7f][0xffffffc1]_[0xffffffc1][0xffffffd8]m!+[0x0]"
[DEBUG] ep-0000000002 releasing valid endpoint
[DEBUG] ep-0000000002 releasing endpoint
[DEBUG] ep-0000000002 connection http-outgoing-1 can be kept alive for 3 MINUTES
[DEBUG] ep-0000000002 connection released [route: {s}->https://googlechromelabs.github.io:443][total available: 2; route allocated: 1 of 5; total allocated: 2 of 25]
[INFO] Using chromedriver 134.0.6998.165 (resolved driver for Chrome 134)
[DEBUG] Storing resolution chrome=134 in cache (valid until 17:17:05 01/05/2025 IST)
[DEBUG] Storing resolution chrome134=134.0.6998.165 in cache (valid until 16:17:05 02/05/2025 IST)
[DEBUG] Driver chromedriver 134.0.6998.165 found in cache
[INFO] Exporting webdriver.chrome.driver as C:\Users\CSCSPV868\.cache\selenium\chromedriver\win64\134.0.6998.165\chromedriver.exe
[INFO ] 2025-05-01 16:17:09.898 [main] StepDef - launched chrome browser.
[INFO ] 2025-05-01 16:17:13.656 [main] StepDef - Opened url
[INFO ] 2025-05-01 16:17:13.875 [main] StepDef - EmailAddress and password entered.
[INFO ] 2025-05-01 16:17:13.958 [main] StepDef - clicked on login button.
[WARN ] 2025-05-01 16:17:21.199 [main] StepDef - Test Passed : User can view dashboard page title matched.
[INFO ] 2025-05-01 16:17:21.366 [main] StepDef - clicked on bills.
[INFO ] 2025-05-01 16:17:22.267 [main] StepDef - Clicked on view & updated bills.
[INFO ] 2025-05-01 16:17:22.343 [main] StepDef - Entered receipt number on the search page.
[INFO ] 2025-05-01 16:17:22.422 [main] StepDef - Clicked on search button.
[WARN ] 2025-05-01 16:17:24.505 [main] StepDef - Test Passed : User should found Receipt Number in the Search table.
[INFO ] 2025-05-01 16:17:25.919 [main] StepDef - browser closed.
]]></system-out>
    <system-err><![CDATA[May 01, 2025 4:17:09 PM org.openqa.selenium.devtools.CdpVersionFinder findNearestMatch
WARNING: Unable to find an exact match for CDP version 134, returning the closest version; found: 132; Please update to a Selenium version that supports CDP version 134
May 01, 2025 4:17:24 PM org.openqa.selenium.remote.http.WebSocket$Listener onError
WARNING: Connection reset
java.net.SocketException: Connection reset
	at java.base/sun.nio.ch.SocketChannelImpl.throwConnectionReset(SocketChannelImpl.java:394)
	at java.base/sun.nio.ch.SocketChannelImpl.read(SocketChannelImpl.java:426)
	at java.net.http/jdk.internal.net.http.SocketTube.readAvailable(SocketTube.java:1170)
	at java.net.http/jdk.internal.net.http.SocketTube$InternalReadPublisher$InternalReadSubscription.read(SocketTube.java:833)
	at java.net.http/jdk.internal.net.http.SocketTube$SocketFlowTask.run(SocketTube.java:181)
	at java.net.http/jdk.internal.net.http.common.SequentialScheduler$SchedulableTask.run(SequentialScheduler.java:230)
	at java.net.http/jdk.internal.net.http.common.SequentialScheduler.runOrSchedule(SequentialScheduler.java:303)
	at java.net.http/jdk.internal.net.http.common.SequentialScheduler.runOrSchedule(SequentialScheduler.java:256)
	at java.net.http/jdk.internal.net.http.SocketTube$InternalReadPublisher$InternalReadSubscription.signalReadable(SocketTube.java:774)
	at java.net.http/jdk.internal.net.http.SocketTube$InternalReadPublisher$ReadEvent.signalEvent(SocketTube.java:957)
	at java.net.http/jdk.internal.net.http.SocketTube$SocketFlowEvent.handle(SocketTube.java:253)
	at java.net.http/jdk.internal.net.http.HttpClientImpl$SelectorManager.handleEvent(HttpClientImpl.java:979)
	at java.net.http/jdk.internal.net.http.HttpClientImpl$SelectorManager.lambda$run$3(HttpClientImpl.java:934)
	at java.base/java.util.ArrayList.forEach(ArrayList.java:1511)
	at java.net.http/jdk.internal.net.http.HttpClientImpl$SelectorManager.run(HttpClientImpl.java:934)

]]></system-err>
  </testcase>
  <testcase name="runScenario[&quot;Search Bill by Department Name&quot;, &quot;Bill&quot;](2)" classname="TestRunner.Run" time="10.741">
    <system-out><![CDATA[[INFO ] 2025-05-01 16:17:25.935 [main] StepDef - Before setup method executed.
[DEBUG] Using WebDriverManager 5.9.2
[DEBUG] Resolution chrome=134 in cache (valid until 17:17:05 01/05/2025 IST)
[DEBUG] Resolution chrome134=134.0.6998.165 in cache (valid until 16:17:05 02/05/2025 IST)
[INFO] Using chromedriver 134.0.6998.165 (resolved driver for Chrome 134)
[DEBUG] Driver chromedriver 134.0.6998.165 found in cache
[INFO] Exporting webdriver.chrome.driver as C:\Users\CSCSPV868\.cache\selenium\chromedriver\win64\134.0.6998.165\chromedriver.exe
[INFO ] 2025-05-01 16:17:27.830 [main] StepDef - launched chrome browser.
[INFO ] 2025-05-01 16:17:28.690 [main] StepDef - Opened url
[INFO ] 2025-05-01 16:17:28.904 [main] StepDef - EmailAddress and password entered.
[INFO ] 2025-05-01 16:17:30.528 [main] StepDef - clicked on login button.
[WARN ] 2025-05-01 16:17:30.540 [main] StepDef - Test Passed : User can view dashboard page title matched.
[INFO ] 2025-05-01 16:17:30.682 [main] StepDef - clicked on bills.
[INFO ] 2025-05-01 16:17:31.265 [main] StepDef - Clicked on view & updated bills.
[INFO ] 2025-05-01 16:17:31.374 [main] StepDef - Selected department from dropdown as e-Mobility.
[INFO ] 2025-05-01 16:17:31.498 [main] StepDef - Selected status of bill from dropdown menu as In-Process.
[INFO ] 2025-05-01 16:17:31.584 [main] StepDef - Clicked on search button.
[WARN ] 2025-05-01 16:17:34.659 [main] StepDef - Test Passed : Department name founded in the search table as e-Mobility.
[INFO ] 2025-05-01 16:17:36.667 [main] StepDef - browser closed.
]]></system-out>
    <system-err><![CDATA[May 01, 2025 4:17:27 PM org.openqa.selenium.devtools.CdpVersionFinder findNearestMatch
WARNING: Unable to find an exact match for CDP version 134, returning the closest version; found: 132; Please update to a Selenium version that supports CDP version 134
May 01, 2025 4:17:34 PM org.openqa.selenium.remote.http.WebSocket$Listener onError
WARNING: Connection reset
java.net.SocketException: Connection reset
	at java.base/sun.nio.ch.SocketChannelImpl.throwConnectionReset(SocketChannelImpl.java:394)
	at java.base/sun.nio.ch.SocketChannelImpl.read(SocketChannelImpl.java:426)
	at java.net.http/jdk.internal.net.http.SocketTube.readAvailable(SocketTube.java:1170)
	at java.net.http/jdk.internal.net.http.SocketTube$InternalReadPublisher$InternalReadSubscription.read(SocketTube.java:833)
	at java.net.http/jdk.internal.net.http.SocketTube$SocketFlowTask.run(SocketTube.java:181)
	at java.net.http/jdk.internal.net.http.common.SequentialScheduler$SchedulableTask.run(SequentialScheduler.java:230)
	at java.net.http/jdk.internal.net.http.common.SequentialScheduler.runOrSchedule(SequentialScheduler.java:303)
	at java.net.http/jdk.internal.net.http.common.SequentialScheduler.runOrSchedule(SequentialScheduler.java:256)
	at java.net.http/jdk.internal.net.http.SocketTube$InternalReadPublisher$InternalReadSubscription.signalReadable(SocketTube.java:774)
	at java.net.http/jdk.internal.net.http.SocketTube$InternalReadPublisher$ReadEvent.signalEvent(SocketTube.java:957)
	at java.net.http/jdk.internal.net.http.SocketTube$SocketFlowEvent.handle(SocketTube.java:253)
	at java.net.http/jdk.internal.net.http.HttpClientImpl$SelectorManager.handleEvent(HttpClientImpl.java:979)
	at java.net.http/jdk.internal.net.http.HttpClientImpl$SelectorManager.lambda$run$3(HttpClientImpl.java:934)
	at java.base/java.util.ArrayList.forEach(ArrayList.java:1511)
	at java.net.http/jdk.internal.net.http.HttpClientImpl$SelectorManager.run(HttpClientImpl.java:934)

]]></system-err>
  </testcase>
  <testcase name="runScenario[&quot;Successful Login with Valid Credentials&quot;, &quot;Login&quot;](3)" classname="TestRunner.Run" time="6.266">
    <system-out><![CDATA[[INFO ] 2025-05-01 16:17:36.683 [main] StepDef - Before setup method executed.
[DEBUG] Using WebDriverManager 5.9.2
[DEBUG] Resolution chrome=134 in cache (valid until 17:17:05 01/05/2025 IST)
[DEBUG] Resolution chrome134=134.0.6998.165 in cache (valid until 16:17:05 02/05/2025 IST)
[INFO] Using chromedriver 134.0.6998.165 (resolved driver for Chrome 134)
[DEBUG] Driver chromedriver 134.0.6998.165 found in cache
[INFO] Exporting webdriver.chrome.driver as C:\Users\CSCSPV868\.cache\selenium\chromedriver\win64\134.0.6998.165\chromedriver.exe
[INFO ] 2025-05-01 16:17:38.592 [main] StepDef - launched chrome browser.
[INFO ] 2025-05-01 16:17:39.062 [main] StepDef - Opened url
[INFO ] 2025-05-01 16:17:39.244 [main] StepDef - EmailAddress and password entered.
[INFO ] 2025-05-01 16:17:40.744 [main] StepDef - clicked on login button.
[WARN ] 2025-05-01 16:17:40.757 [main] StepDef - Test Passed : Page title matched.
[INFO ] 2025-05-01 16:17:41.523 [main] StepDef - clicked on logout button.
[WARN ] 2025-05-01 16:17:41.531 [main] StepDef - Test Passed : Page title matched.
[INFO ] 2025-05-01 16:17:42.932 [main] StepDef - browser closed.
]]></system-out>
    <system-err><![CDATA[May 01, 2025 4:17:38 PM org.openqa.selenium.devtools.CdpVersionFinder findNearestMatch
WARNING: Unable to find an exact match for CDP version 134, returning the closest version; found: 132; Please update to a Selenium version that supports CDP version 134
May 01, 2025 4:17:41 PM org.openqa.selenium.remote.http.WebSocket$Listener onError
WARNING: Connection reset
java.net.SocketException: Connection reset
	at java.base/sun.nio.ch.SocketChannelImpl.throwConnectionReset(SocketChannelImpl.java:394)
	at java.base/sun.nio.ch.SocketChannelImpl.read(SocketChannelImpl.java:426)
	at java.net.http/jdk.internal.net.http.SocketTube.readAvailable(SocketTube.java:1170)
	at java.net.http/jdk.internal.net.http.SocketTube$InternalReadPublisher$InternalReadSubscription.read(SocketTube.java:833)
	at java.net.http/jdk.internal.net.http.SocketTube$SocketFlowTask.run(SocketTube.java:181)
	at java.net.http/jdk.internal.net.http.common.SequentialScheduler$SchedulableTask.run(SequentialScheduler.java:230)
	at java.net.http/jdk.internal.net.http.common.SequentialScheduler.runOrSchedule(SequentialScheduler.java:303)
	at java.net.http/jdk.internal.net.http.common.SequentialScheduler.runOrSchedule(SequentialScheduler.java:256)
	at java.net.http/jdk.internal.net.http.SocketTube$InternalReadPublisher$InternalReadSubscription.signalReadable(SocketTube.java:774)
	at java.net.http/jdk.internal.net.http.SocketTube$InternalReadPublisher$ReadEvent.signalEvent(SocketTube.java:957)
	at java.net.http/jdk.internal.net.http.SocketTube$SocketFlowEvent.handle(SocketTube.java:253)
	at java.net.http/jdk.internal.net.http.HttpClientImpl$SelectorManager.handleEvent(HttpClientImpl.java:979)
	at java.net.http/jdk.internal.net.http.HttpClientImpl$SelectorManager.lambda$run$3(HttpClientImpl.java:934)
	at java.base/java.util.ArrayList.forEach(ArrayList.java:1511)
	at java.net.http/jdk.internal.net.http.HttpClientImpl$SelectorManager.run(HttpClientImpl.java:934)

]]></system-err>
  </testcase>
</testsuite>