<?xml version="1.0" encoding="UTF-8"?>
<!-- Generated by org.testng.reporters.JUnitReportReporter -->
<testsuite hostname="RahulK-Tech" failures="0" tests="3" name="TestRunner.Run" time="40.462" errors="0" timestamp="2025-05-01T16:17:43 IST" skipped="0">
  <testcase classname="TestRunner.Run" name="runScenario" time="6.265"/>
  <system-out/>
  <testcase classname="TestRunner.Run" name="runScenario" time="10.743"/>
  <system-out/>
  <testcase classname="TestRunner.Run" name="runScenario" time="23.454"/>
  <system-out/>
</testsuite> <!-- TestRunner.Run -->
