<?xml version="1.0" encoding="UTF-8"?>
<!-- Generated by org.testng.reporters.JUnitReportReporter -->
<testsuite hostname="RahulK-Tech" failures="0" tests="3" name="TestRunner.Run" time="34.352" errors="0" timestamp="2025-04-16T15:38:41 IST" skipped="0">
  <testcase classname="TestRunner.Run" name="runScenario" time="19.487"/>
  <system-out/>
  <testcase classname="TestRunner.Run" name="runScenario" time="9.725"/>
  <system-out/>
  <testcase classname="TestRunner.Run" name="runScenario" time="5.140"/>
  <system-out/>
</testsuite> <!-- TestRunner.Run -->
